BEGIN_base-pair
    29_37, F:    31 A-U    39 F: -/- cis         XX
    47_63, F:    49 C-G    65 F: W/W cis         n/a
    49_61, F:    51 U-G    63 F: W/W cis         XXVIII
    51_59, F:    53 G-C    61 F: +/+ cis         XIX
    51_59,-
29_37_47_63_49_61_51_59_0, click this line to see above pattern
0_0,---------
    12_20, F:    13 C-G    22 F: +/+ cis         XIX
    14_46, F:    15 G-C    48 F: W/W tran        XXII
    15_57, F:    16 U-U    59 F: W/W tran        XII,XIII
    20_44, F:    22 G-G    46 F: H/W tran        VII
    25_41, F:    27 G-U    43 F: W/W cis         XXVIII
    26_40, F:    28 C-G    42 F: +/+ cis         XIX
    26_40,-
12_20_14_46_15_57_20_44_25_41_26_40_0, click this line to see above pattern
0_0,---------
     4_66, F:     5 G-C    68 F: +/+ cis         XIX
     5_65, F:     6 U-G    67 F: W/W cis         XXVIII
     6_63, F:     7 A-G    65 F: W/W cis         VIII
     6_64, F:     7 A-U    66 F: W/W cis         n/a
     7_13, F:     8 U-A    14 F: W/H tran        XXIV
     8_21, F:     9 G-C    23 F: H/H tran        n/a
     9_23, F:    10 G-C    25 F: +/+ cis         XIX
     9_23,-
4_66_5_65_6_63_6_64_7_13_8_21_9_23_0, click this line to see above pattern
0_0,---------
END_base-pair
