The backbone torsional angle for nucleic acid 

 
Note: alpha:   O3'(i-1)-P-O5'-C5'
      beta:    P-O5'-C5'-C4'
      gamma:   O5'-C5'-C4'-C3'
      delta:   C5'-C4'-C3'-O3'
      epsilon: C4'-C3'-O3'-P(i+1)
      zeta:    C3'-O3'-P(i+1)-O5'(i+1)

      chi for pyrimidines(Y): O4'-C1'-N1-C2
          chi for purines(R): O4'-C1'-N9-C4

    (The number -9999.99 means that the angle can not be calculated) 

Ch Res  Num    alpha    beta     gamma    delta  epsilon    zeta     chi
T   G    1  -9999.99  -162.36   170.19    81.71  -129.13   -70.29  -169.01
T   U    2    -62.99   172.70    50.88    80.24  -120.08  -110.30  -156.76
T   U    3    -54.91   134.06    65.48    80.68  -118.81  -107.07  -155.08
T   U    4    -58.79   132.14    69.89    81.19  -143.34   -82.07  -155.11
T   C    5    -62.92   159.42    63.10    81.65  -149.71   -79.12  -155.89
T   C    6    -61.81   164.21    61.82    81.33  -151.15   -84.89  -156.42
T   G    7    -55.03   169.76    71.58   144.72   -95.78   -43.66  -134.97
T   U    8    -84.33  -158.27    53.67    80.42  -116.50  -156.43  -157.27
T   A    9     43.62  -148.00   -76.03   147.91  -106.10   -53.86  -104.29
T   G   10   -175.89  -165.99    56.72    79.93  -139.31   -92.32  -159.35
T   U   11    -60.45   161.33    56.00    81.54  -139.55   -80.88  -155.20
T   G   12    -56.73   166.42    51.65    81.80  -134.13   -81.52  -165.79
T   U   13    122.40  -145.37  -150.32    80.18  -133.57  -100.78  -160.34
T   A   14     83.39  -131.47  -111.94    81.35  -125.14   -47.27  -171.76
T   G   15    -75.64   159.95    72.90    83.39  -111.14  -103.87  -149.55
T   U   16    -27.65   131.43    68.46    81.57  -116.06   -65.07  -156.56
T   G   17    112.81  -169.31   -76.67   146.42  -124.78    74.83  -110.58
T   G   18     51.01   137.37    43.97   144.05  -148.71  -129.20  -112.81
T   U   19   -173.03   176.97   161.99   150.82   -89.52   -47.73  -124.56
T   U   20   -120.68  -129.09    69.51    81.50  -134.58   -60.19  -158.27
T   A   21    -78.69   142.79   175.48    80.15  -175.76   -93.41  -159.31
T   U   22    168.77  -153.24   167.00    81.38  -150.43   -90.98  -159.03
T   C   23    -77.62   174.08    57.27    80.07  -144.70   -73.29  -152.87
T   A   24    -70.13   179.50    52.87    81.56  -140.16   -72.76  -172.31
T   C   25    -65.63   171.64    58.33    81.46  -132.87   -72.55  -157.05
T   G   26    -65.64   167.39    53.90    81.53  -144.72   -79.93  -165.71
T   U   27    -61.14   165.70    58.08    81.40  -131.03   -81.06  -157.37
T   U   28    -64.75   162.33    56.99    81.19  -127.91   -81.94  -158.40
T   C   29    -66.94   152.15    66.10    80.92  -146.87   -72.62  -157.59
T   G   30    -70.13   167.09    60.01    80.96  -149.12   -77.33  -162.58
T   C   31    -63.69   169.96    57.40    81.07  -118.08   -69.22  -157.56
T   C   32    -63.37   166.31    56.81    80.62  -138.77   -79.41  -155.59
T   U   33    -65.84   165.03    56.62    79.72  -139.91   -59.43  -157.34
T   A   34    166.50   147.66    51.83    82.39  -111.98   -83.31  -153.01
T   A   35    -80.52   156.43    62.70    80.81  -142.95   -52.11  -164.11
T   C   36   -177.00   162.91   172.71    80.76  -131.88  -107.35  -155.13
T   A   37    -57.82   137.47    64.03    82.49  -115.39   -81.65  -142.32
T   C   38    171.08  -148.70   158.70    81.51  -129.70   -68.39  -156.99
T   G   39    -64.72   163.16    57.31    81.59  -127.50   -72.81  -159.49
T   C   40    -61.16   160.07    58.79    80.95  -142.89   -94.62  -156.20
T   G   41    -62.76   154.68    64.11    80.95  -140.83   -73.54  -163.99
T   A   42    -67.02   163.45    62.49    81.87  -156.34   -84.37  -159.71
T   A   43    -61.50   162.19    61.76    81.45  -154.50   -82.54  -156.21
T   A   44    -61.36   169.70    53.22    80.89  -126.22   -70.51  -158.99
T   G   45    -59.69   161.20    52.51    81.70  -125.72   -77.69  -154.30
T   G   46    -54.58  -135.45    55.43   141.00   -86.89  -123.20   -53.03
T   U   47     26.60  -140.35    63.09   144.11  -110.01   -58.47  -122.21
T   C   48    -78.52   169.16   167.36   146.55  -150.82    81.73  -142.22
T   C   49     73.11   157.32    44.08    79.70  -139.33   -79.41  -157.15
T   C   50    -61.61   175.17    48.31    80.00  -149.55   -81.01  -161.26
T   C   51    -68.00   161.39    63.34    78.24  -149.68   -76.21  -155.81
T   G   52    -64.64   166.09    60.25    81.06  -143.16   -74.00  -170.58
T   G   53    -64.21   165.43    58.75    81.24  -149.19   -80.21  -169.10
T   U   54    -59.29   171.75    53.11    80.63  -123.59   -76.06  -160.18
T   U   55    -58.38   161.46    54.68    79.70  -137.10   -50.33  -154.97
T   C   56    173.16   145.67    54.93    80.13  -137.59   -70.99  -154.72
T   G   57    -64.27  -179.30    41.91    81.69  -151.00   -82.57  -168.43
T   A   58   -156.84  -163.41  -179.84   147.60   -87.00  -149.77  -115.69
T   A   59    103.49  -166.66    61.61    85.68  -110.91   -75.87  -175.00
T   A   60    -58.66   158.96    72.36   145.60  -119.70   -60.24  -112.69
T   C   61    -90.06  -177.22    35.58    79.33  -143.47   -77.12  -156.19
T   C   62    -63.52   166.34    56.40    79.75  -147.00   -74.69  -157.86
T   G   63    -68.20   173.94    50.10    79.10  -148.13   -77.35  -164.67
T   G   64    -65.67   165.15    59.24    79.46  -148.90   -75.85  -168.23
T   G   65    -64.87   166.08    60.70    80.96  -108.82  -114.42  -170.44
T   C   66     92.46  -117.65  -146.05    79.67  -134.10   -62.99  -162.75
T   G   67    -65.68   169.85    61.15    81.17  -140.07   -76.92  -172.19
T   G   68    -61.69   162.31    59.31    82.21  -146.48   -78.78  -168.35
T   A   69    -60.73   163.98    61.32    81.74  -152.87   -83.65  -159.78
T   A   70    -58.86   169.74    51.61    80.97  -123.69  -113.46  -157.21
T   A   71    118.32  -125.46  -166.66    81.00  -154.55  -101.73  -161.24
T   C   72    170.84  -144.77   160.04    81.56 -9999.99 -9999.99  -156.53
