The backbone torsional angle for nucleic acid 

 
Note: alpha:   O3'(i-1)-P-O5'-C5'
      beta:    P-O5'-C5'-C4'
      gamma:   O5'-C5'-C4'-C3'
      delta:   C5'-C4'-C3'-O3'
      epsilon: C4'-C3'-O3'-P(i+1)
      zeta:    C3'-O3'-P(i+1)-O5'(i+1)

      chi for pyrimidines(Y): O4'-C1'-N1-C2
          chi for purines(R): O4'-C1'-N9-C4

    (The number -9999.99 means that the angle can not be calculated) 

Ch Res  Num    alpha    beta     gamma    delta  epsilon    zeta     chi
F   A  901  -9999.99   135.18   179.48    86.72  -128.77   -77.77   172.64
F   G  902    -80.08  -176.98    58.37    83.23  -152.51   -70.61  -158.03
F   U  903    -67.56  -177.71    46.07    76.66  -144.50   -67.17  -161.43
F   C  904    -48.25   161.11    62.07    80.70  -153.36  -122.22  -148.08
F   C  905    138.05  -125.27   169.87    78.75  -117.65   -96.47  -175.97
F   C  906    -46.44   158.70    41.51    79.78  -149.39   -80.14  -154.46
F   G  907    -53.30   176.26    48.42    97.31   -22.00  -161.07  -152.26
F   U  908     -5.02   139.44    51.93    84.35  -132.32  -177.87  -173.06
F   G  909    166.63  -118.64   174.10   101.11   -59.78   -56.63  -124.10
F   G  910   -142.63   135.57    51.17    82.84  -134.78   -89.46   169.75
F   G  911    -59.61   174.93    47.28    83.99  -120.81  -115.11  -162.73
F   G  912    108.23  -117.36  -170.36    85.49  -131.18   -60.50   176.10
F   U  913    -59.31  -169.60    42.02    79.24  -174.79   -60.09  -152.74
F   A  914    166.88   167.74   177.53    84.67  -138.54   -63.55  -177.80
F   G  915    -48.93   163.50    44.07    77.17  -171.37   -91.12  -162.15
F   U  916    158.21  -148.95   168.62    84.29  -138.20  -124.50  -174.55
F   G  917    156.29  -111.80   -70.81    93.18  -123.37  -114.07  -144.63
F   G  918    -38.40   144.70    61.04    90.64  -169.69  -120.40  -151.68
F   U  919     20.12   124.18    63.19    87.40  -102.11    45.62  -166.63
F   A  920    162.82   163.29   170.44    87.89  -177.10   -80.85   164.60
F   A  921   -168.83  -149.04   165.15    88.29  -113.46  -147.31  -154.38
F   U  922    -53.16   162.05    47.41    86.39  -136.30  -117.66  -163.79
F   C  923    130.34  -124.84   176.99    80.96  -133.75   -78.20  -162.68
F   C  924    -63.49   164.68    52.40    77.75  -145.18   -56.04  -171.15
F   U  925    -68.39   179.05    50.91    78.74  -147.53   -70.20  -169.20
F   G  926    -67.44   178.02    54.21    81.13  -127.85  -105.33  -164.52
F   C  927    -26.96   135.00    39.70    78.93  -133.36   -86.96  -155.66
F   U  928    -68.00   166.40    56.50    82.01  -174.31   -82.75  -172.97
F   G  929    -73.19  -168.43    50.81    79.04  -136.51   -76.06  -176.75
F   G  930    -63.36   165.21    65.69    78.45  -153.97   -68.45  -169.87
F   G  931    -59.02   176.45    51.74    84.45  -146.10   -60.17  -173.31
F   C  932    -85.88  -178.77    54.92    81.70  -128.41   -68.05  -158.15
F   U  933     81.54  -133.44   -78.84    80.93  -166.94   113.18  -177.00
F   U  934    -29.06  -134.58    51.55    80.70  -168.09   146.14  -165.45
F   U  935   -157.08  -129.38   166.11    85.46   -94.45  -147.20  -152.61
F   G  936   -121.19  -114.66   178.41    89.31  -131.75   -61.90  -164.69
F   G  937    -76.13   159.88    67.98    87.83  -159.84   -52.99  -162.73
F   A  938    -82.83   176.25    58.98    83.50  -143.75   -67.29  -172.69
F   C  939    -72.55   174.14    55.27    84.68  -167.35   -57.59  -155.69
F   C  940    -75.09  -159.32    45.85    84.28  -169.51   -75.96  -137.49
F   C  941    156.60  -177.02   169.43    82.96  -105.46   -77.85  -177.77
F   G  942    -66.96   152.08    66.27    74.26  -167.22   -68.67   177.20
F   G  943    -67.31  -161.41    56.53    82.00  -159.30   -66.83  -167.78
F   C  944    -57.71   179.95    55.48    84.49  -128.27   -73.24  -167.05
F   G  945    -63.86   168.02    44.30    81.38  -163.75  -122.50  -140.48
F   A  947   -176.09  -136.91   169.09    84.84  -124.02  -111.25  -148.14
F   C  948      5.70   118.78    80.71    90.83  -141.81    61.29  -134.80
F   A  949     56.05   138.45    40.70    82.27  -147.34   -76.22   178.13
F   G  950    -65.67   174.95    49.22    80.80  -159.92   -70.89  -172.14
F   C  951    -79.12  -159.38    52.14    82.52  -177.48   -72.38  -164.24
F   G  952    160.41  -154.68   168.46    84.23  -140.87   -71.52  -176.69
F   G  953    -63.97  -177.49    41.30    82.58  -158.94   -63.13  -162.57
F   U  954    -66.30  -172.79    45.94    80.04  -147.70   -50.19  -162.94
F   U  955    -63.15  -173.58    52.23    80.86  -143.08   -57.67  -151.39
F   C  956    168.71   154.03    52.58    83.50  -134.49  -112.32  -170.19
F   G  957    143.65  -120.17   160.73    83.74  -116.09   -72.88   162.89
F   A  958    -93.90  -129.42    62.92    97.67     9.09   113.47   -91.85
F   C  959    -69.68  -163.65   163.46    90.70   -87.31  -108.41   168.95
F   U  960      1.79   113.56    45.81   100.31   -65.86   -85.39  -139.46
F   C  961    -88.22  -176.68    46.38    84.59  -157.46   -64.08  -163.94
F   C  962    -80.71  -163.85    48.44    82.50  -159.79   -65.64  -162.37
F   G  963    -74.42   176.22    58.42    80.92  -163.14   -64.86  -162.75
F   C  964    -70.31  -165.69    43.04    78.85  -171.62   -98.58  -151.41
F   U  965    143.49  -125.07   176.93    85.41  -107.54   -77.77  -179.79
F   C  966    -79.73   177.46    48.87    78.74  -155.11   -61.11  -171.22
F   G  967    -63.38  -179.65    47.37    77.62  -142.56   -81.64  -161.25
F   G  968    -77.82  -178.89    48.86    78.31  -163.48   -66.74  -164.71
F   G  969    -55.86   176.36    55.06    80.17  -163.27   -82.86  -158.02
F   A  970    -47.78   164.73    46.14    79.88  -135.25   -72.82  -177.81
F   C  971    -61.77   173.01    51.09    80.50  -155.18   -77.87  -151.40
F   U  972    -51.25   166.85    50.05    83.66  -161.35   -76.74  -151.99
F   A  973    153.58  -158.19   171.08    85.33  -108.90  -178.52  -173.91
F   C  974     48.81   175.86    56.54    82.72  -151.98   -73.27  -177.63
F   C  975    158.74  -172.45   165.66    79.73 -9999.99 -9999.99  -139.76
