The backbone torsional angle for nucleic acid 

 
Note: alpha:   O3'(i-1)-P-O5'-C5'
      beta:    P-O5'-C5'-C4'
      gamma:   O5'-C5'-C4'-C3'
      delta:   C5'-C4'-C3'-O3'
      epsilon: C4'-C3'-O3'-P(i+1)
      zeta:    C3'-O3'-P(i+1)-O5'(i+1)

      chi for pyrimidines(Y): O4'-C1'-N1-C2
          chi for purines(R): O4'-C1'-N9-C4

    (The number -9999.99 means that the angle can not be calculated) 

Ch Res  Num    alpha    beta     gamma    delta  epsilon    zeta     chi
B   G    1  -9999.99  -169.11    54.59    73.27    98.82    65.50  -177.77
B   C    2   -142.97  -177.48    52.79    80.19  -171.41   -80.47  -155.85
B   C    3    148.49  -156.75  -179.96    82.52  -127.73   -79.03  -177.89
B   C    4    -41.35   164.87    34.56    77.25  -145.83   -84.46  -163.42
B   G    5    -42.73   160.49    42.18    78.84  -169.17   -91.40  -165.14
B   G    6    163.40  -141.22   163.67    82.93  -128.61   -86.77   173.73
B   A    7    -36.63   171.21    40.27   142.04  -100.73   -51.70  -132.01
B 4SU    8    -68.06  -149.93    45.80    79.25  -142.76  -122.70  -165.53
B   A    9    -62.39  -144.79    52.65   145.84  -101.65   -71.03   -68.83
B   G   10   -160.20   141.83    47.31    85.14  -125.69   -92.38   172.81
B   C   11    -61.32   166.21    51.89    84.45  -151.11   -69.91  -163.95
B   U   12    -67.55  -177.67    49.31    82.98  -157.02   -69.98  -150.61
B   C   13    144.17  -158.95  -176.48    75.99    59.56   111.88  -164.22
B   A   14     -9.01  -128.97  -130.02    79.92  -153.43   -63.41  -169.25
B   G   15    152.05  -145.00   170.32    85.31   -65.38  -140.97  -179.17
B H2U   16    170.59   -99.32   153.74    83.78  -109.76  -176.95  -110.76
B   C   17     42.19  -115.63    39.27   146.47   -39.37  -157.68    56.55
B   G   18     68.16  -143.46    62.65   145.54  -139.97  -130.03  -107.45
B   G   19    -75.73  -160.18    59.35   148.03   -89.62    76.76   -75.86
B H2U   20     68.87   105.31    25.39    79.78  -178.82    29.52    81.57
B   A   21   -125.94  -113.85   172.07    81.40  -175.61   -94.14  -138.34
B   G   22    -49.06   172.81    58.70   141.81  -144.72  -134.63  -116.16
B   A   23     96.84  -163.50  -175.17    81.92  -143.50   -83.57  -170.29
B   G   24    -52.37   166.52    43.04    80.99  -136.06   -81.75  -166.55
B   C   25    -54.33   156.25    54.46    78.92  -139.33   -70.58  -162.29
B   A   26    -59.09   172.56    51.46    80.50  -126.62   -76.28   173.72
B   G   27    -61.86   165.65    54.20    81.49 -9999.99 -9999.99  -171.95
B   C   43  -9999.99  -172.97    55.83    80.87  -143.07   -87.60  -157.90
B   G   44    -44.38  -153.19    61.62   143.79  -103.66  -119.53   -99.32
B   U   45    134.40   143.19    27.99   146.55  -111.51   -41.42  -129.79
B   G   46    -74.89  -148.92    62.10    79.69  -168.83   104.02  -169.81
B 3AU   47    -56.35  -122.22   -28.83    77.92  -159.18   162.65   173.91
B   C   48    -57.83   147.45    35.79   145.18  -132.24    73.59  -146.36
B   C   49     55.09   164.13    51.31    83.50  -136.64   -79.01  -178.50
B   U   50    -63.56   169.15    54.52    81.21  -152.83   -68.72  -167.42
B   U   51    -62.89   175.27    55.00    78.98  -144.42   -53.74  -161.65
B   G   52   -127.23   140.11   123.83    80.75  -135.12   -81.28   178.32
B   G   53    -50.19   162.67    53.06    82.13  -148.50   -70.86  -171.96
B 5MU   54    -63.85   177.17    50.10    81.10  -138.24   -65.30  -161.57
B PSU   55    -60.91   164.95    54.31    78.77  -127.98   -77.58 -9999.99
B   C   56    165.50   175.90    47.55    84.05  -136.36   -67.90  -171.29
B   G   57    -69.59   166.58    60.24    82.00  -140.54   -71.26  -168.73
B   A   58    -65.48  -142.41    73.61   149.96   -83.20  -174.46   -80.07
B   U   59     71.72  -151.59    69.89    82.86  -145.77   -50.59  -177.01
B   U   60    -74.80   173.37    71.30   145.59   -97.31   -60.11  -128.73
B   C   61    -83.01   177.09    35.27    80.65  -151.35   -72.95  -171.58
B   C   62    -68.59  -178.19    49.78    81.03  -146.52   -74.67  -161.90
B   G   63    -59.95   169.05    54.23    77.33  -149.56   -78.67  -169.03
B   A   64    -57.52   162.08    55.51    80.89  -143.90   -75.26  -171.13
B   G   65    -58.52   162.53    57.31    80.19  -151.25   -75.73  -173.89
B   U   66    -56.72  -178.09    42.59    82.39  -160.26   -81.53  -160.23
B   C   67    154.06  -153.02   167.88    81.26  -123.09   -90.34  -177.19
B   C   68    -32.87   153.99    31.72    76.57  -149.97   -81.54  -162.95
B   G   69    -52.72   156.60    55.79    78.57  -134.30  -109.57  -171.64
B   G   70     20.44   144.77     6.21   131.00    63.17    73.35  -115.40
B   G   71    106.83   129.54   133.03    81.70  -170.39   -77.89  -155.71
B   C   72    157.02  -147.66   172.33    82.48   -98.58  -110.40  -172.22
B   A   73     87.07  -113.07  -142.61    84.34   -88.00  -120.46   156.89
B   C   74    106.36  -107.34  -165.58    84.46  -101.44  -105.56   168.55
B   C   75    -16.53   146.68    23.37   142.30   -90.44   135.80    71.64
B   A   76    -73.51  -164.93    64.64   147.72 -9999.99 -9999.99  -120.99
