PDB data file name: ./Datasets/pdb_select_tRNA_NoCopie/8qfs_B.pdb_new
uncommon residue 4SU    8  on chain B [#8] assigned to: u
uncommon residue H2U   16  on chain B [#16] assigned to: u
uncommon residue H2U   20  on chain B [#20] assigned to: u
uncommon residue 3AU   47  on chain B [#32] assigned to: u
uncommon residue 5MU   54  on chain B [#39] assigned to: u
uncommon residue PSU   55  on chain B [#40] assigned to: P
-----------------------------------------------------------
CRITERIA USED TO GENERATE BASE-PAIR: 
  3.40 --> upper H-bond length limits (ON..ON).
 26.00 --> max. distance between paired base origins.
  2.50 --> max. vertical distance between paired base origins.
 65.00 --> max. angle between paired bases [0-90].
  5.40 --> min. distance between RN9/YN1 atoms.
  8.00 --> max. distance criterion for helix break[0-12]
-----------------------------------------------------------
BASE-PAIR INSTRUCTIONS: 
Column 1 is rnaview assigned base numbers n1_n2, start from 1.
Column 2 & 3 are chain ID & residue number in input PDB file.
Column 4 is for base pair. The left & right are the bases as 
         identified by column 2 & 3 and 5 & 6.
Column 5 & 6 are residue number & chain ID in input PDB file.
Column 7 is for base pair annotation. The standard Watson-Crick
         (W.C.) pairs are annotated as -/- (AU,AT) or +/+ (GC).
         Other pairs are annotated as Leontis_Westhof Classification.
         The three edges: W(Watson-Crick); H(Hoogsteen); S(suger).
         e.g. W/H means the pair is edge of Watson-Crick & Hoogsteen.
Column 8 is glycosidic bond orientation (either cis or trans).
         e.g. 'W/H cis' means the pair is interaction on Watson-Crick
         and Hoogsteen side, glycosidic bond orientation is 'cis'.
Column 9 corresponds to Saenger Classification.

Other columns: 
        Syn sugar-base conformations are annotated as (syn).
        Stacked base pairs are annotated as (stack).
        Non-identified edges are annotated as (.) or (?)
        Tertiary interactions are marked by (!) in the line.
Reference:
Yang et al (2003) Nucleic Acids Research, Vol31,No13,p3450-3461.
-----------------------------------------------------------
BEGIN_base-pair
     1_57, B:     1 G-C    72 B: +/+ cis         XIX
     2_56, B:     2 C-G    71 B: +/+ cis         XIX
     3_55, B:     3 C-G    70 B: +/+ cis         XIX
     4_54, B:     4 C-G    69 B: +/+ cis         XIX
     5_53, B:     5 G-C    68 B: +/+ cis         XIX
     6_52, B:     6 G-C    67 B: +/+ cis         XIX
     7_51, B:     7 A-U    66 B: -/- cis         XX
     8_14, B:     8 u-A    14 B: W/H tran        XXIV
     9_23, B:     9 A-A    23 B: H/H tran   syn    II
    10_25, B:    10 G-C    25 B: +/+ cis         XIX
    10_29, B:    10 G-G    44 B: H/W cis         VI
    11_24, B:    11 C-G    24 B: +/+ cis         XIX
    12_23, B:    12 U-A    23 B: -/- cis         XX
    12_24, B:    12 U-G    24 B:      stacked
    13_22, B:    13 C-G    22 B: +/+ cis         XIX
    13_23, B:    13 C-A    23 B:      stacked
    15_33, B:    15 G-C    48 B: W/W tran        XXII
    18_40, B:    18 G-P    55 B: W/S tran        n/a
    19_41, B:    19 G-C    56 B: +/+ cis    syn    XIX
    22_31, B:    22 G-G    46 B: H/W tran        VII
    27_28, B:    27 G-C    43 B: +/+ cis         XIX
    34_50, B:    49 C-G    65 B: +/+ cis         XIX
    35_49, B:    50 U-A    64 B: -/- cis         XX
    36_48, B:    51 U-G    63 B: W/W cis         XXVIII
    37_47, B:    52 G-C    62 B: +/+ cis         XIX
    38_46, B:    53 G-C    61 B: +/+ cis         XIX
    39_43, B:    54 u-A    58 B: W/H tran     syn  XXIV
    25_29, B:    25 C-G    44 B: ./W cis         !1H(b_b)
     8_21, B:     8 u-A    21 B: S/W tran        !(b_s)
    16_17, B:    16 u-C    17 B: S/S cis      syn  !(s_s)
    20_21, B:    20 u-A    21 B: S/. tran   syn    !(s_s)
    43_45, B:    58 A-U    60 B: S/S tran   syn    !(s_s)
    45_46, B:    60 U-C    61 B: S/H cis         !(s_s)
END_base-pair

Summary of triplets and higher multiplets
BEGIN_multiplets
9_12_23_| [1 3]  B: 9 A  +  B: 12 U  +  B: 23 A
10_25_29_| [2 3]  B: 10 G  +  B: 25 C  +  B: 44 G
13_22_31_| [3 3]  B: 13 C  +  B: 22 G  +  B: 46 G
END_multiplets

  The total base pairs =  25 (from   61 bases)
------------------------------------------------
 Standard  WW--cis  WW-tran  HH--cis  HH-tran  SS--cis  SS-tran
       17        1        1        0        1        0        0
  WH--cis  WH-tran  WS--cis  WS-tran  HS--cis  HS-tran
        1        3        0        1        0        0
------------------------------------------------
