The backbone torsional angle for nucleic acid 

 
Note: alpha:   O3'(i-1)-P-O5'-C5'
      beta:    P-O5'-C5'-C4'
      gamma:   O5'-C5'-C4'-C3'
      delta:   C5'-C4'-C3'-O3'
      epsilon: C4'-C3'-O3'-P(i+1)
      zeta:    C3'-O3'-P(i+1)-O5'(i+1)

      chi for pyrimidines(Y): O4'-C1'-N1-C2
          chi for purines(R): O4'-C1'-N9-C4

    (The number -9999.99 means that the angle can not be calculated) 

Ch Res  Num    alpha    beta     gamma    delta  epsilon    zeta     chi
D   G    1  -9999.99   179.74    50.23    80.99  -139.86  -121.00  -157.77
D   C    2    125.95  -118.55  -177.09    79.77  -130.10   -67.23  -164.46
D   C    3    -61.65   179.10    52.62    78.97  -106.91  -110.58  -165.22
D   C    4     98.76  -116.31  -147.13    80.54  -129.94   -82.85  -161.55
D   G    5    -47.05   161.21    43.27    77.80  -159.07   -84.16  -158.20
D   G    6    145.30  -147.40  -172.86    82.07  -125.21   -99.80  -174.51
D   A    7    -33.19   144.08    63.42   143.69  -148.46    -1.97  -125.04
D   U    8   -125.94  -151.84    69.00    84.26  -145.85  -156.12  -155.73
D   A    9     76.54   138.72   -37.75   149.55   -96.61   -89.08   -62.09
D   G   10   -160.59   164.77    49.84    84.69  -150.46   -77.31  -177.86
D   C   11    171.56  -152.60   159.86    80.63  -108.11   -39.21  -154.16
D   U   12   -119.69    91.57   153.41    82.40  -113.39   -81.52  -163.99
D   C   13     95.12  -125.52  -130.31    79.36  -147.52   -12.28  -167.99
D   A   14   -172.07   103.51   168.82    82.13  -114.99   -74.43  -178.33
D   G   15    -51.84   152.87    49.20    78.60  -106.03  -130.39  -169.64
D   U   16    -58.07   117.30    66.93    79.60  -121.18   152.71  -145.30
D   C   17    -31.43   118.62   -37.63   144.48   -87.11  -114.71  -142.22
D   G   18     21.67    74.78   176.87    82.70  -129.56  -108.35   149.16
D   G   19   -151.03  -104.79   160.47   153.55   -89.68  -110.82   -98.93
D   U   20   -168.12  -111.50   126.78    83.02  -141.57   -35.33   105.70
D   A   21    -95.35  -179.75   154.39    86.85  -109.61  -153.40  -177.15
D   G   22    -53.86   144.84    31.14    81.03  -170.48   -91.40  -167.39
D   A   23    159.43  -146.63   172.86    80.91  -119.53   -85.62   173.44
D   G   24    -59.77   170.23    45.88    80.30  -142.86   -70.59  -166.91
D   C   25    -71.72   162.72    71.66    76.27  -145.20   -68.54  -162.09
D   A   26    -70.70   169.28    58.41    80.48  -135.47   -59.37  -175.14
D   G   27    -73.88  -168.22    51.19    79.43  -138.88   -88.90  -170.60
D   G   28    -44.15   160.31    40.90    79.07  -144.27   -84.13  -165.96
D   G   29    -51.70   165.10    46.43    78.32  -159.99  -102.77  -168.41
D   G   30    150.34  -125.86   173.98    84.88  -112.59   -87.23   169.97
D   A   31    -58.04   150.27    55.66    79.79  -126.43   -71.97  -173.50
D   U   32    -68.34   175.69    54.31    82.90  -132.53   -69.43  -160.77
D   U   33    -69.23   169.23    56.36    78.76  -125.40  -100.81  -148.73
D   G   34    151.79  -157.43    59.45    84.21  -144.02   -63.39  -152.28
D   A   35    -76.34   177.04    55.05    80.54  -156.68   -85.95  -160.59
D   A   36    144.39  -148.92  -177.32    81.63  -134.51   -72.81  -175.45
D   A   37    -62.54   167.37    55.01    80.05  -126.73   -67.81  -167.58
D   A   38    -61.92   160.85    56.86    80.33  -135.86   -61.68  -169.18
D   U   39    -69.62   167.48    69.04    77.64  -120.75  -103.30  -160.15
D   C   40    -45.71   139.54    52.76    77.37  -141.64   -75.98  -155.18
D   C   41    -57.64   164.55    59.49    77.41  -136.47   -83.94  -154.59
D   C   42    -51.25   160.40    45.67    76.85  -173.81   -89.96  -155.74
D   C   43    153.87  -138.08   176.22    81.47  -122.83   -85.69  -174.62
D   G   44    -51.15   149.16    57.03    81.92  -131.94   -66.80  -169.89
D   U   45    -62.38   166.05    56.69    78.26  -101.95  -112.42  -158.65
D   G   46     64.52   166.72   -61.14   145.80  -107.42  -125.80   -47.72
D   U   47    -68.80   158.28  -174.76   145.65  -124.15    -3.44   -81.05
D   C   48   -110.16  -156.36   154.81   149.07  -115.97    77.51  -152.07
D   C   49     86.28   123.66    42.79    80.57  -130.04   -85.82  -163.50
D   U   50    -50.76   164.42    42.72    79.16  -150.30   -73.26  -164.33
D   U   51    -69.43   166.70    59.98    76.65  -148.46   -72.91  -160.31
D   G   52    -69.68   167.88    61.50    76.46  -146.44   -71.52  -173.70
D   G   53    -67.00   169.35    66.59    77.95  -147.40   -74.77  -179.05
D   U   54    -63.24   170.71    61.83    81.13  -115.86   -80.54  -167.11
D   U   55    -48.82   149.78    55.06    79.57  -137.74   -51.02  -156.32
D   C   56   -177.14   136.28    42.10    83.80  -119.82   -79.20  -163.55
D   G   57    -56.33   155.19    53.22    79.47  -143.36  -127.45  -172.43
D   A   58     52.78   129.22    19.08   141.91   -91.47  -174.98   -93.88
D   U   59     54.55  -147.75    94.66    83.32  -121.77   -89.88  -161.36
D   U   60    -38.30   150.06    60.89   142.36  -117.41   -45.42  -131.70
D   C   61    -97.52  -176.12    40.42    79.67  -160.63   -86.81  -149.73
D   C   62    168.43  -155.25   157.21    80.48  -111.45   -90.93  -160.92
D   G   63    -59.67   153.69    53.00    79.36  -140.06   -88.33  -173.86
D   A   64    -62.45   156.16    64.10    80.40  -100.97  -123.41  -175.91
D   G   65     92.13  -100.72  -150.23    82.99  -132.68   -56.87   173.93
D   U   66    -72.65  -177.61    39.43    76.24  -142.80   -84.53  -159.70
D   C   67    -50.55   159.36    51.74    78.73  -161.06   -82.21  -161.52
D   C   68    138.57  -145.78  -162.92    82.05  -139.28   -65.27  -171.70
D   G   69    -70.35  -173.69    38.69    82.54  -170.22   -90.24  -147.14
D   G   70    149.07  -150.20   172.89    80.76  -126.93   -83.56   177.10
D   G   71    -44.62   157.47    49.68    77.65  -136.57   -79.74  -170.69
D   C   72    -57.17   160.46    59.24    75.67  -145.40   -71.92  -156.49
D   A   73    -65.46   167.24    57.37    77.93  -130.01  -177.38  -161.82
D   C   74    110.69  -131.44   -79.07    84.72  -152.41   -67.73    22.86
D   C   75    152.17  -126.07   159.19    82.41   -98.97  -152.54  -164.61
D   A   76     86.90   -87.33  -164.73   150.84 -9999.99 -9999.99  -136.96
