The backbone torsional angle for nucleic acid 

 
Note: alpha:   O3'(i-1)-P-O5'-C5'
      beta:    P-O5'-C5'-C4'
      gamma:   O5'-C5'-C4'-C3'
      delta:   C5'-C4'-C3'-O3'
      epsilon: C4'-C3'-O3'-P(i+1)
      zeta:    C3'-O3'-P(i+1)-O5'(i+1)

      chi for pyrimidines(Y): O4'-C1'-N1-C2
          chi for purines(R): O4'-C1'-N9-C4

    (The number -9999.99 means that the angle can not be calculated) 

Ch Res  Num    alpha    beta     gamma    delta  epsilon    zeta     chi
D   G  901  -9999.99  -160.68    48.53    83.21  -131.36   -95.96  -151.22
D   C  902    -66.90   158.02    59.83    86.92  -132.87  -102.88  -144.94
D   C  903    -90.13  -168.52    56.73    84.42  -150.81   -64.54  -155.61
D   A  904    -59.23   163.60    59.12    83.27  -158.39   -79.56  -168.97
D   G  905    -67.22   175.92    58.53    81.19  -172.58    -1.01  -153.60
D   G  906   -168.58   119.00   166.93    83.46  -156.87   -70.55  -173.33
D   G  907    172.26  -168.19   168.47    89.41   -52.39  -158.74   166.65
D   U  908     91.37   104.91    56.10    86.29  -119.81  -175.20  -143.30
D   G  909    128.66  -125.51   166.50    90.64   -75.60  -109.25  -134.84
D   G  910   -170.97  -144.50    52.35    84.19  -140.23   -78.88   175.96
D   C  911    -71.91   177.81    57.71    82.75  -153.26   -68.58  -159.31
D   A  912    -71.68   178.71    58.71    85.19  -145.08   -67.58  -166.45
D   G  913    -54.47   160.17    58.69    89.07  -173.79  -106.44  -135.71
D   A  914    154.14  -177.23   169.85    85.39  -124.10   -82.99   172.23
D   G  915    -47.47   152.52    57.29    88.58  -143.79   -72.32  -163.73
D   G  916    -53.92   154.16    57.42    89.70  -140.95  -135.96  -160.32
D   G  917    -60.69   140.56   168.96    77.89    58.04    75.02  -125.18
D   G  918   -146.41   175.16    75.83    86.71   156.74    54.30  -135.33
D   C  919   -170.72  -120.47    53.77    86.18  -159.23   -47.33  -146.83
D   U  920    158.10  -172.43   172.96    84.44  -126.14   -88.77  -160.48
D   U  921    -91.94   120.39  -175.69    81.14  -126.26   -49.56  -161.24
D   U  922    -66.28   167.79    58.73    85.38  -154.83   -67.55  -151.82
D   G  923    -87.61  -178.72    57.68    83.14  -165.20   -65.79  -151.22
D   C  924    -68.66   175.11    55.37    82.12  -145.67   -64.24  -160.52
D   G  925    -71.92  -174.72    52.07    83.18  -157.80   -75.68  -162.55
D   G  926    -55.45   162.44    52.80    85.23  -149.88   -72.63  -163.86
D   C  927    -61.53   173.40    50.97    84.27  -127.48   -82.70  -150.24
D   G  928    -70.39   167.30    57.21    81.71  -158.37   -68.10  -169.31
D   G  929    -70.46   175.13    58.38    81.64  -156.44   -69.92  -169.26
D   A  930    -73.02   175.15    61.19    82.60  -159.86   -62.22  -168.19
D   C  931    -72.84  -166.82    52.38    81.49  -152.45   -71.10  -166.50
D   U  932    -48.44  -130.08   171.51    86.64  -145.07  -170.00  -156.92
D   C  933     47.24  -111.93   176.62    82.40  -151.15   -79.48  -112.91
D   U  934    -98.54  -127.09    57.21    90.07     2.92   -65.77  -154.74
D   A  935   -169.98  -119.95   167.32    83.77  -178.55   -69.60  -175.38
D   G  936    177.89  -165.28   178.29    84.26  -131.74   124.66  -142.89
D   A  937     77.48  -135.82  -179.00    83.87  -154.61   -58.31   177.77
D   U  938    -69.67  -163.97    48.65    82.01  -137.08   -90.21  -156.81
D   C  939    -58.56   158.79    57.99    83.59  -153.05   -73.94  -143.10
D   C  940    -70.93   169.94    55.11    81.24  -156.15   -69.42  -160.94
D   G  941    -75.83  -178.08    55.80    80.66  -148.85   -68.35  -177.71
D   C  942    -55.84  -179.49    58.97    81.18  -159.70  -106.62   174.95
D   U  943     -2.94   154.22    66.90    83.50  -126.98   -70.08  -130.78
D   U  944    -30.87   176.20   -56.53    92.94  -125.77   -83.67  -174.18
D   U  945   -162.99  -158.48   -65.51    84.79  -129.75  -158.43  -164.79
D   A  946    111.34  -153.55   168.70    87.23  -122.13   -81.88  -176.49
D   C  947    -63.94   168.92    52.69    86.58  -118.09   142.32  -157.00
D   C  948    -80.41  -159.02    48.45    81.03  -154.02   -73.05  -167.33
D   C  949    -72.22  -166.84    49.39    83.10  -150.50   -75.01  -157.10
D   C  950    -58.80   173.01    52.21    83.16  -155.82   -75.43  -158.00
D   G  951    152.09  -165.44   172.70    83.24  -140.54   -67.61   179.79
D   G  952    -59.48   179.31    51.59    81.71  -152.93   -65.44  -172.61
D   U  953    -74.31  -175.06    49.04    80.22  -149.07   -56.15  -158.49
D   U  954    -74.01  -166.93    49.68    81.24  -151.72   -73.11  -146.67
D   C  955    166.10  -179.69    57.76    83.29  -131.78   -81.41  -151.98
D   G  956    -65.16   162.23    52.06    86.52  -153.30   -72.41  -166.67
D   A  957    -56.14  -163.66    59.48    80.18    87.43    64.69  -125.32
D   A  958    126.49   125.71    49.46    84.37  -143.67   -82.49   169.24
D   U  959    165.43  -147.46   164.83    91.73   -83.89   -71.82  -149.48
D   C  960   -113.05  -139.23    66.04    82.96  -155.51   -80.61  -154.88
D   C  961    -77.97  -176.45    61.18    84.67  -147.80   -77.36  -160.99
D   G  962    -81.96  -172.74    60.63    84.02  -167.02   -64.14  -157.05
D   G  963    -82.16  -174.72    56.09    80.47  -154.54   -71.01  -164.89
D   G  964    -61.40  -179.75    59.52    84.92  -153.75   -69.28  -165.99
D   C  965    159.77  -166.99   168.70    87.27  -151.01   -57.50  -169.86
D   C  966   -100.42  -161.82    57.47    81.72  -165.98   -73.45  -161.46
D   C  967    -74.46  -162.47    53.63    83.70  -157.50   -29.21  -156.03
D   U  968   -138.32   121.51   161.11    84.83  -156.84   -75.37  -156.95
D   G  969    -95.38  -159.58    48.36    84.59  -137.17   -45.01  -171.65
D   G  970    165.67   167.30   174.94    81.96  -147.96   -64.90  -167.56
D   C  971    -57.20  -167.18    52.99    75.10 -9999.99 -9999.99  -163.35
