The backbone torsional angle for nucleic acid 

 
Note: alpha:   O3'(i-1)-P-O5'-C5'
      beta:    P-O5'-C5'-C4'
      gamma:   O5'-C5'-C4'-C3'
      delta:   C5'-C4'-C3'-O3'
      epsilon: C4'-C3'-O3'-P(i+1)
      zeta:    C3'-O3'-P(i+1)-O5'(i+1)

      chi for pyrimidines(Y): O4'-C1'-N1-C2
          chi for purines(R): O4'-C1'-N9-C4

    (The number -9999.99 means that the angle can not be calculated) 

Ch Res  Num    alpha    beta     gamma    delta  epsilon    zeta     chi
B   G    1  -9999.99   139.52    59.43    86.14   -93.18  -138.18   172.82
B   C    2     98.31   -97.34  -172.02    88.43  -124.84   -77.05  -179.81
B   C    3    -58.99  -173.93    25.30    84.22  -161.76   -87.63  -159.36
B   C    4    149.56  -147.75   177.43    87.45  -133.45   -83.20  -171.27
B   G    5    -64.02   164.83    59.23    84.14  -154.63  -105.64  -167.43
B   G    6    155.50  -129.63   162.40    79.71  -128.64  -130.64   176.88
B   A    7     24.94   120.72    28.18   135.14   -77.09  -109.86  -127.03
B   U    8      6.71   142.71    16.15    86.94  -104.86  -151.29  -173.82
B   A    9     26.55   176.07   -35.30   148.39   -83.29   -90.80   -82.50
B   G   10   -151.61   159.23    33.19    92.08  -148.77   -85.37   175.14
B   C   11   -154.97  -160.33   120.75    83.93  -116.96   -97.30  -175.53
B   U   12    -53.36   161.39    51.95    90.54  -134.84   -90.61  -167.66
B   C   13    101.34  -131.92  -142.73    85.84  -153.92   -51.95  -164.76
B   A   14   -148.44   123.94   150.06    91.46  -107.68   -74.35   167.90
B   G   15    -64.17   173.88    52.96    88.93  -117.38   -72.22  -161.22
B   U   16   -126.19   108.10   140.28    93.59   -98.59  -145.92  -143.49
B   C   17    -95.95   115.52    16.40   147.75  -105.69  -107.01  -163.01
B   G   18      3.30   105.54   135.37   103.75  -108.01   -96.10   172.78
B   G   19   -140.68  -140.23   143.87   147.33  -106.94   -52.24  -104.65
B   U   20   -136.51  -138.49    93.48    79.21  -117.25   -65.85    67.88
B   A   21    -79.93   107.76   165.60    98.82  -171.24   -96.08  -168.54
B   G   22    -43.31  -178.70    43.96    85.90  -165.01   -80.44  -162.18
B   A   23    155.77  -177.20   170.71    91.48  -127.85  -121.83  -172.60
B   G   24     25.37   119.84     3.30    82.51  -163.35   -54.79  -155.35
B   C   25   -117.14   172.73    98.15    81.60  -137.92  -105.31  -170.02
B   A   26      5.08   131.17    20.09    85.03  -151.94   -56.20  -164.71
B   G   27   -104.91  -173.58    74.71    77.76  -160.36   -74.86  -169.70
B   G   28    -68.74  -167.34    49.88    83.34  -155.50   -68.23  -164.42
B   G   29    -64.36  -172.59    41.68    80.03  -155.62  -104.28  -158.88
B   G   30    140.53  -131.37  -178.93    83.80  -114.96  -108.56   173.38
B   A   31      1.79   136.19    19.71    79.68  -147.33   -77.61  -151.30
B   U   32    -59.34   165.97    48.34    78.56  -157.17   -53.09  -153.14
B   U   33   -127.78  -128.63    74.38    81.30  -141.02   -67.89  -130.22
B   G   34    166.98   158.71    51.47    81.16  -138.43   -69.70   173.67
B   A   35    -66.76   173.69    52.41    80.93  -170.66   -99.91  -163.76
B   A   36    155.49  -141.22   165.35    85.71  -110.87  -108.51   178.40
B   A   37    120.16  -137.24  -170.39    85.64  -101.75  -102.32   177.31
B   A   38    -16.61   134.62    31.44    83.68  -161.10   -54.71  -160.47
B   U   39   -111.79  -165.46    78.37    83.10  -156.68   -72.36  -159.35
B   C   40    -62.93  -173.84    48.50    88.36  -153.75   -72.46  -167.13
B   C   41   -125.48  -177.60   102.81    80.97  -146.83   -54.14  -160.02
B   C   42   -149.75   136.37   138.41    90.79  -113.94  -109.24  -178.63
B   C   43    123.25  -121.74  -165.57    85.78  -105.96  -137.19   178.15
B   G   44    -22.17   124.31    31.74    80.51  -136.15   -85.62  -168.98
B   U   45    -24.33   165.55    28.89    84.50  -139.30  -137.92  -144.71
B   G   46     35.70   128.00    30.40   142.84   -90.21   -91.99   -95.56
B   U   47    -70.46   135.55  -169.88   150.44  -133.16    21.91   -36.45
B   C   48    -91.71  -174.11   155.85   156.29  -151.14    91.35  -139.15
B   C   49     59.34   159.05    44.38    91.32  -139.40   -77.55  -154.44
B   U   50    -85.00   173.10    59.61    79.79  -170.46   -78.75  -169.20
B   U   51   -102.75  -177.36    85.20    81.34  -138.07   -38.98  -168.84
B   G   52   -167.86   123.85   161.71    94.32  -160.75   -74.07   179.88
B   G   53   -141.63  -137.72   101.20    81.28  -133.39   -98.45   179.60
B   U   54    -12.76   160.19    17.44    86.01  -142.14   -66.53  -157.73
B   U   55    -57.16   178.56    48.19    85.82  -149.43   -46.97  -144.76
B   C   56   -179.71   137.08    43.25    85.13  -122.75   -83.12  -160.29
B   G   57    -82.08   164.90    63.93    82.17  -148.51  -114.51  -172.58
B   A   58     57.48   156.20    15.39   155.40  -138.09  -165.37   -80.76
B   U   59    101.01  -150.48    79.62    87.97  -131.42  -112.15  -161.98
B   U   60     -1.44   131.81    37.48   139.17   -98.06   -89.80  -131.35
B   C   61    -32.38   147.66    21.58    88.28  -135.18  -108.48  -157.41
B   C   62    128.43  -150.58   172.16    85.30  -122.28  -104.52  -172.73
B   G   63    -10.26   151.91    15.20    81.47  -155.95   -63.82  -156.95
B   A   64    -81.76   175.10    75.99    80.01  -166.10   -95.84  -166.25
B   G   65    152.87  -136.22   172.30    84.07  -122.28   -85.16   176.26
B   U   66   -144.39  -167.87    98.28    78.12  -143.27   -92.49  -171.91
B   C   67    -25.08   155.60    39.58    84.39  -154.43   -95.73  -152.58
B   C   68    140.13  -138.25   177.95    84.73  -118.10  -119.43  -174.51
B   G   69    -19.99   134.00    32.20    80.79  -147.75  -112.50  -166.65
B   G   70    140.84  -129.01   173.39    81.79  -111.81  -122.55   175.57
B   G   71    -10.98   133.09    23.00    74.58  -141.74   -88.62  -160.05
B   C   72    -14.50   167.90    13.21    81.59  -147.92   -71.80  -157.21
B   A   73    -64.20   173.72    55.28    92.59  -137.21   110.32  -155.39
B   C   74     83.03  -141.74  -178.61    89.54  -102.31  -113.91   177.87
B   C   75    -19.48   157.78    29.50    89.76   -92.02  -110.91  -142.80
B   A   76     88.76   -98.02  -126.86    89.22 -9999.99 -9999.99  -154.31
