The backbone torsional angle for nucleic acid 

 
Note: alpha:   O3'(i-1)-P-O5'-C5'
      beta:    P-O5'-C5'-C4'
      gamma:   O5'-C5'-C4'-C3'
      delta:   C5'-C4'-C3'-O3'
      epsilon: C4'-C3'-O3'-P(i+1)
      zeta:    C3'-O3'-P(i+1)-O5'(i+1)

      chi for pyrimidines(Y): O4'-C1'-N1-C2
          chi for purines(R): O4'-C1'-N9-C4

    (The number -9999.99 means that the angle can not be calculated) 

Ch Res  Num    alpha    beta     gamma    delta  epsilon    zeta     chi
D   G    1  -9999.99 -9999.99    56.32    83.92  -143.60   -65.70  -178.11
D   C    2    -76.38  -179.32    56.73    75.75  -144.52   -87.89  -159.32
D   C    3    -62.13   158.25    60.07    80.18  -130.23   -96.62  -156.37
D   C    4    -47.46   146.60    53.96    76.10  -137.32   -85.32  -157.91
D   G    5    -72.03   158.70    66.61    78.15  -138.81   -89.53  -171.88
D   G    6    -55.08   162.34    56.85    83.93  -106.73  -138.14  -169.38
D   A    7     94.74  -100.04  -153.33   129.93   -84.09   -32.09  -169.78
D 4SU    8    -86.30  -173.22    80.90    98.13  -122.84   -65.18  -158.45
D   A    9    -73.69   -96.01   -37.89   150.29   -89.61  -128.75   -65.83
D   G   10    155.35  -140.97    66.04    84.96  -127.69  -103.86   176.24
D   C   11    -35.93   149.92    45.73    87.78  -137.26   -75.25  -166.95
D   U   12    -67.02   165.16    54.91    82.79  -138.75   -11.26  -158.33
D   C   13   -126.88    93.35   178.21    86.91  -151.52   -59.82  -177.46
D   A   14    174.53   147.34   168.99    88.60  -130.75   -63.04  -177.22
D   G   15    -69.42   159.06    62.12    87.86  -130.16  -155.43  -160.36
D H2U   16   -169.05  -116.65    95.74   131.34   -95.35  -140.19   175.44
D   C   17    -90.38    85.47  -142.48   147.85   -76.97   119.11   -80.13
D   G   18     -7.61   136.78   -35.61   146.86  -126.20  -162.59  -105.61
D   G   19     40.97   134.53   -29.16   151.87  -112.72    57.61   -63.86
D   U   20    138.91  -112.02   129.36   141.93   -69.57   -14.74   -89.34
D   A   21   -143.88  -105.38   161.92    89.70  -107.77  -147.65  -174.31
D   G   22    -78.97   129.77    64.68    82.43  -148.36   -99.92  -171.33
D   A   23    -43.63   154.84    51.75    78.18  -125.20   -91.21  -168.12
D   G   24    -61.53   149.44    59.50    85.09  -137.48   -79.99  -168.41
D   C   25    -62.04   158.51    59.45    80.03  -142.69   -68.42  -164.74
D   A   26    -78.97   172.62    63.02    84.07  -141.88   -66.09  -173.89
D   G   27    -68.44   177.06    51.99    79.20  -132.93   -87.86  -171.27
D   G   28    -58.45   157.30    54.17    72.65  -141.58   -81.34  -172.07
D   G   29    -57.42   162.29    63.37    81.22  -142.48   -33.79  -175.08
D   G   30   -148.11   108.31   153.58    90.82  -121.13   -80.62   175.82
D   A   31    -45.33   159.26    42.06    76.20  -135.14   -68.70  -169.05
D PSU   32    -61.75   162.63    60.05    85.51  -133.93   -88.07 -9999.99
D   U   33    -50.31   169.15    35.83    81.09  -130.63   -94.62  -158.37
D   G   34    139.85  -166.89    66.01    92.96  -124.98   -87.44  -172.65
D   A   35    -68.57   157.19    52.62    84.87  -142.79   -80.91  -158.97
D   A   36    -66.57   158.40    61.44    78.35  -131.37   -76.70  -166.14
D MIA   37    -76.67   145.82    79.97    82.41  -120.75   -85.65   177.40
D   A   38    -51.83   155.76    49.65    82.77  -132.97   -77.96  -172.09
D PSU   39    -61.30   157.64    58.19    87.27  -131.93   -94.35 -9999.99
D   C   40    -63.01   154.24    59.17    80.56  -131.65  -101.08  -167.64
D   C   41    -44.08   153.80    45.17    79.16  -140.72   -86.24  -164.48
D   C   42    -47.64   156.51    52.40    80.63  -132.11   -96.13  -169.92
D   C   43    -37.49   150.83    43.68    78.27  -131.64   -99.40  -162.59
D   G   44    -63.02   138.27    72.28    84.62  -128.08  -115.23  -167.94
D   U   45      6.37   121.61    20.30    87.91  -107.82  -159.37  -143.37
D 7MG   46    -22.09   117.07    68.47   113.36  -146.74   -42.66  -102.83
D 3AU   47   -136.48   157.41   152.46   165.27  -125.32    95.86   -56.72
D   C   48    -78.87   179.28    77.45   139.88  -144.94    78.28  -143.61
D   C   49     62.80   165.32    42.83    79.92  -143.55   -77.34  -154.81
D   U   50    -60.52   172.63    48.35    80.37  -130.11   -86.01  -162.03
D   U   51    -64.42   145.33    73.90    82.53  -152.54   -84.61  -164.49
D   G   52    -66.22   179.46    41.92    79.13  -134.88   -89.62  -170.84
D   G   53    -52.32   150.55    60.42    80.32  -139.61   -82.65  -175.69
D   U   54    -50.91   161.90    52.94    85.72  -131.30   -86.13  -168.50
D PSU   55    -47.90   157.54    45.07    85.58  -127.82   -52.81 -9999.99
D   C   56    167.82   151.54    44.69    92.04  -125.40   -77.54  -171.05
D   G   57    -80.94   152.90    71.86    82.08  -132.27  -126.02  -172.88
D   A   58     53.57   118.25    29.13   133.50   -88.40   177.90   -93.00
D   U   59     81.65  -154.99    56.61    83.65  -126.63  -118.86  -158.66
D   U   60     31.70   115.64    13.46    85.41    21.90   172.93   -53.05
D   C   61    -43.36   130.20    14.49    79.16  -156.98  -111.71  -147.70
D   C   62    140.12  -132.16   173.91    91.18  -130.27   -79.83  -178.14
D   G   63    -66.52  -176.29    45.97    83.97  -152.55   -83.86  -161.57
D   A   64    126.28  -160.47  -167.78    84.08  -129.50   -75.27  -178.26
D   G   65    -63.29   167.63    59.60    79.39  -141.77   -86.44  -176.30
D   U   66    -44.85   169.66    49.04    77.54  -134.57   -87.02  -162.95
D   C   67    -52.99   153.99    52.17    73.51  -149.64   -78.29  -158.01
D   C   68    -55.32   167.41    56.27    76.65  -145.82   -71.08  -166.75
D   G   69    -73.87   164.87    68.19    77.07  -140.59   -99.19  -171.68
D   G   70    -36.50   157.47    32.01    74.15  -141.29   -82.83  -161.22
D   G   71    -61.76   159.47    59.33    83.10  -147.27   -75.25  -166.48
D   C   72    -76.63   165.65    72.67    78.81  -136.89   -78.32  -170.30
D   A   73    -58.91   165.77    70.02    81.30  -139.72   -69.66  -174.70
D   C   74    -73.16   173.09    46.67    80.49  -115.72  -120.49  -143.89
D   C   75      3.02  -128.01    90.03   131.33  -121.51  -147.19  -137.10
D   A   76    -58.82  -164.50  -169.50   135.31 -9999.99 -9999.99  -152.70
