The backbone torsional angle for nucleic acid 

 
Note: alpha:   O3'(i-1)-P-O5'-C5'
      beta:    P-O5'-C5'-C4'
      gamma:   O5'-C5'-C4'-C3'
      delta:   C5'-C4'-C3'-O3'
      epsilon: C4'-C3'-O3'-P(i+1)
      zeta:    C3'-O3'-P(i+1)-O5'(i+1)

      chi for pyrimidines(Y): O4'-C1'-N1-C2
          chi for purines(R): O4'-C1'-N9-C4

    (The number -9999.99 means that the angle can not be calculated) 

Ch Res  Num    alpha    beta     gamma    delta  epsilon    zeta     chi
B   G    1  -9999.99  -163.02   167.07    83.19  -149.73   -67.23   172.97
B   G    2    164.51  -178.53   162.58    85.39  -154.44   -63.83  -173.37
B   G    3    -69.78  -163.64    43.22    80.85  -133.20   -83.18  -165.95
B   C    4     58.67  -136.78   -83.44    96.90  -166.52   -66.54  -157.72
B   C    5    158.39  -158.29   165.89    82.80  -122.38   -77.51  -168.14
B   C    6    -49.42   155.84    51.67    81.42  -139.21   -84.05  -156.56
B   G    7    -61.81   174.89    48.37    82.52    54.16   153.91  -125.88
B   U    8    -48.15   145.25    40.95    75.28   -92.51  -158.18  -162.37
B   A    9    130.08  -139.65   175.75    94.90   -63.07  -137.89  -135.30
B   G   10    165.42  -105.44    60.83    84.79  -174.17   -66.08  -161.01
B   C   11   -179.85  -168.18   152.30    88.96  -108.79   -84.40   171.03
B   U   12    -63.69   153.67    50.79    79.33  -164.05   -54.41  -177.48
B   U   13    179.86  -176.11   167.51    86.08  -138.99  -106.43  -174.52
B   A   14     32.72  -165.22   -64.14    98.57  -134.67   -52.92  -156.52
B   G   15    -66.54   161.30    69.60    94.82   -80.94   -49.51  -152.68
B   C   16    -94.28    97.71   163.34    87.67  -153.93    68.77  -155.95
B   C   17    138.30   156.34    44.56    88.39  -138.78   110.44   120.29
B   A   18    -36.70    77.58   151.34    81.97   171.29    92.04   -39.88
B   G   19     46.61   139.13    36.96    84.44  -171.54  -150.93  -161.19
B   G   20     64.18   104.00    46.16    79.64   160.95   147.92  -110.08
B   U   21     59.14   104.21  -168.05    85.10   -74.43  -153.88  -137.95
B   C   21   -170.42  -130.61   -68.32    83.90   169.08  -139.01  -174.81
B   A   21    -61.10   143.07    71.30    65.69    54.48   108.87  -155.68
B   G   22    -71.35  -120.16  -104.39    90.23  -144.02   -51.52  -161.46
B   A   23    -60.19   178.61    52.66    75.67  -166.56   -74.96  -166.72
B   G   24    -78.84  -169.66    50.54    84.77  -158.05   -66.20  -163.23
B   C   25    -61.12   178.21    55.59    84.02  -140.17   -65.67  -163.75
B   G   26    -72.91   157.37    72.53    79.85  -128.60   -66.22   176.92
B   C   27    -56.43   159.89    51.91    83.40  -127.19   -97.14  -167.84
B   C   28    -58.59   163.76    41.61    82.21  -163.63   -50.58  -164.11
B   C   29    -81.41  -168.77    60.05    82.61  -162.14   -81.10  -151.53
B   G   30    138.77  -155.62  -177.66    84.20  -140.59   -73.52   176.80
B   G   31    -64.48   165.74    59.78    78.20  -131.70   -92.65   175.76
B   C   32    -41.89   156.36    48.12    79.04  -137.66  -110.87  -156.91
B   U   33     28.08   142.74   -24.06    84.20  -161.87  -112.31  -160.62
B   C   34     35.01   170.76   161.51    98.12   -95.84   -52.28   177.62
B   A   35    -76.50  -159.53    56.16    69.98   104.51   105.55  -103.09
B   U   36   -123.74  -132.55    78.54   107.93   -29.45    75.11  -146.01
B   A   37   -174.03   142.22    75.03    82.91    44.80   174.03   101.20
B   A   38    -68.70   160.55    38.33    86.51    63.19  -115.95  -108.84
B   C   39    117.02   142.93    63.25    90.52  -105.24  -120.04   178.12
B   C   40     94.68  -155.21    49.26    83.67   179.37   -80.41  -137.54
B   G   41    141.76  -149.53  -172.27    80.34  -118.50  -132.18   175.10
B   G   42    131.14  -104.72   167.52    74.48  -116.42   -89.42   172.67
B   G   43    -40.63   149.62    49.89    74.99  -137.98   -97.55  -169.59
B   C   44    -46.20   150.62    52.73    77.17  -122.27   -72.42  -158.38
B   G   45    -40.16   156.75    52.43    79.38  -136.56   -80.15  -152.50
B   G   46    -55.11  -165.68    54.48    87.39  -138.05   -70.66  -115.37
B   U   47    -51.40  -172.14    66.63    84.11    61.26  -107.60  -106.62
B   C   48   -174.92  -106.26   161.31   100.16  -119.19    92.87  -178.55
B   G   49     40.63   154.88    50.99    81.98  -135.28   -94.16  -169.09
B   A   50    -37.80   156.94    43.00    82.43  -147.27   -62.83  -134.31
B   G   51    -80.42  -171.31    44.78    82.56  -158.90   -72.27  -174.05
B   G   52    -67.36   179.12    55.21    83.68  -166.45   -71.35  -166.95
B   G   53    -65.26  -175.88    48.89    80.52  -160.11   -72.43  -176.82
B   U   54    -46.54  -176.02    42.02    81.70  -117.13   -92.92  -170.40
B   U   55    -48.21   138.50    60.98    85.35  -126.40   -72.97  -134.64
B   C   56    160.77   167.06    50.72    85.28  -106.94  -127.38  -151.11
B   G   57    109.79   -97.79  -174.77    86.46   -93.79   -93.60   169.77
B   A   58    -60.52  -164.91    55.02    85.64    42.48    80.96  -107.95
B   A   59     73.35   172.38    63.45    93.72  -132.49   -50.32  -163.06
B   U   60    -56.34   162.43    72.98   101.80  -115.68   -54.20  -150.40
B   C   61    -95.25  -159.18    39.36    84.31  -154.68   -62.36  -153.79
B   C   62    -71.36  -175.73    56.96    82.30  -170.48   -57.66  -163.79
B   C   63   -107.84  -143.06    59.65    88.24  -146.12   -88.86  -171.56
B   U   64    -55.19   151.68    59.00    84.61  -171.42   -65.85  -161.65
B   C   65    -79.27  -169.10    55.92    86.14  -166.56   -72.00  -173.03
B   C   66    -58.41   174.65    48.02    76.78  -148.58   -66.34  -165.40
B   G   67    -45.73   173.66    43.66    80.40  -164.58   -65.14  -145.35
B   G   68    143.74  -172.94  -175.60    82.04  -122.68   -64.91  -170.82
B   G   69    -56.24   150.39    51.54    70.96  -153.55   -91.52  -173.86
B   C   70    -56.17   164.38    63.19    80.47  -148.41   -78.12  -167.64
B   C   71    -60.80   168.66    54.09    74.63  -154.60   -74.32  -167.07
B   C   72    -56.21   179.93    53.43    82.10  -175.03   -52.04  -159.75
B   A   73    162.88   172.59   168.77    85.30  -130.96   -74.35   178.09
B   C   74    -47.39   160.21    49.31    80.48  -146.62   -85.05  -165.17
B   C   75    -55.30   153.73    56.95    86.67  -120.68   -85.82  -151.93
B   A   76    -48.65   149.54    48.76    79.22 -9999.99 -9999.99  -136.46
