BEGIN_base-pair
     7_65, A:     7 G-C    66 A: +/+ cis         XIX
     8_14, A:     8 U-A    14 A: W/H tran        XXIV
     9_22, A:     9 g-C    23 A: H/H tran   syn    n/a
    10_24, A:    10 g-C    25 A: +/+ cis         XIX
    10_24,-
7_65_8_14_9_22_10_24_0, click this line to see above pattern
0_0,---------
    13_21, A:    13 C-G    22 A: +/+ cis         XIX
    15_47, A:    15 G-c    48 A: W/W tran        XXII
    17_54, A:    18 G-U    55 A: W/S tran        n/a
    18_55, A:    19 G-C    56 A: +/+ cis    syn    XIX
    18_55,-
13_21_15_47_17_54_18_55_0, click this line to see above pattern
0_0,---------
    18_55, A:    19 G-C    56 A: +/+ cis    syn    XIX
    19_56, A:    20 A-G    57 A: W/S tran   syn    X
    21_45, A:    22 G-g    46 A: H/W tran     syn  VII
    25_43, A:    26 g-A    44 A: W/W cis         VIII
    26_42, A:    27 C-G    43 A: +/+ cis         XIX
    26_42,-
18_55_19_56_21_45_25_43_26_42_0, click this line to see above pattern
0_0,---------
END_base-pair
