The backbone torsional angle for nucleic acid 

 
Note: alpha:   O3'(i-1)-P-O5'-C5'
      beta:    P-O5'-C5'-C4'
      gamma:   O5'-C5'-C4'-C3'
      delta:   C5'-C4'-C3'-O3'
      epsilon: C4'-C3'-O3'-P(i+1)
      zeta:    C3'-O3'-P(i+1)-O5'(i+1)

      chi for pyrimidines(Y): O4'-C1'-N1-C2
          chi for purines(R): O4'-C1'-N9-C4

    (The number -9999.99 means that the angle can not be calculated) 

Ch Res  Num    alpha    beta     gamma    delta  epsilon    zeta     chi
A   A    1  -9999.99  -179.33    46.58    89.13  -146.53   -65.21  -169.14
A   G    2    -72.00  -171.94    59.00    79.09  -170.19   -51.27  -162.27
A   C    3    -76.66  -173.19    46.64    75.95   175.95   -43.36  -162.33
A   G    4    -95.73  -175.16    63.22    75.18  -165.88   -68.75  -159.96
A   C    5   -110.34   179.05    92.40    79.09  -125.47   -91.14  -170.67
A   C    6    -39.03   146.55    57.01    74.67  -155.75   -65.04  -174.03
A   G    7    -87.52  -175.39    88.94   131.66   -84.76   -61.45  -148.37
A   U    8    -86.02  -156.74    71.89    83.04  -140.81  -134.12  -174.10
A 1MG    9    -68.17  -144.84    51.35   145.83   -78.53   -85.98   -54.17
A 2MG   10   -166.31   123.28    59.66    93.62  -102.13  -153.23   162.49
A   C   11    121.44  -104.01   173.14    77.22  -104.91  -147.57   168.64
A   G   12    131.43   -99.33   168.42    77.61   -99.50  -100.55   171.47
A   C   13    106.52  -133.00  -134.49    91.72  -135.96  -102.13  -165.08
A   A   14     69.18  -157.31  -100.47    98.53  -130.45   -35.50  -171.03
A   G   15    -70.73  -173.77    44.18    82.44  -154.17  -142.12  -156.36
A H2U   16    149.51   151.41    81.72   148.73  -105.17   -42.06  -108.31
A   G   18   -103.02  -110.25   174.58   130.32   -97.95  -171.55  -118.14
A   G   19    -27.20   172.77    23.33   149.67  -100.12    47.46   -79.14
A   A   20   -155.16  -152.86    71.73    89.60  -126.90   134.80   -87.07
A   A   21    114.31  -106.31  -162.12    77.40  -153.80  -102.43  -141.32
A   G   22    -69.94   148.75    86.85    74.71  -154.80   -77.45  -165.92
A   C   23    -73.69  -172.15    55.03    80.30  -151.87   -85.88  -159.39
A   G   24    -25.72   169.45    19.75    72.79  -178.95   -26.80  -156.03
A   C   25    -78.68  -176.73    53.44    77.61  -168.47   -56.68  -148.31
A M2G   26    176.24  -169.94   157.68    82.11  -117.40   -72.36   174.95
A   C   27    -53.50   172.98    40.96    82.46  -150.56   -63.74  -158.64
A   A   28    -60.89  -178.88    41.00    77.02  -150.03   -69.07  -145.15
A   G   29    -93.95   153.41    90.82    75.61  -172.40    31.01  -172.22
A   G   30   -155.43    64.97   152.53    83.43  -159.16   -44.50   176.40
A   G   31   -110.68  -157.30    68.73    79.14  -124.94  -142.16  -166.49
A   C   32     79.54   -82.96  -176.65    82.83  -144.26   -22.53   148.82
A   U   33   -149.10  -145.47    76.63    83.15  -165.80   -14.04  -161.08
A   C   34    132.20   109.91    86.13    89.04  -169.74   -14.64  -176.01
A   A   35    124.61   166.41   161.58    73.90    71.34    75.05  -160.59
A   U   36     40.78  -149.84  -164.36    75.33    67.73    89.79  -176.43
A T6A   37   -163.86   160.44    -5.24    87.98    67.99   112.94     7.93
A   A   38      1.39   166.62   -49.55    97.38   121.80    43.22  -165.68
A   C   39   -103.44   160.37    38.48    64.77   112.48    26.98  -166.43
A   C   40    102.59   162.20  -176.93    86.22  -114.54  -101.13   169.51
A   C   41     -7.48   137.66    22.81    83.14  -123.68   -83.72  -160.18
A   U   42    -92.29   117.95    94.64    84.03   -90.80  -154.12   179.18
A   G   43    103.79   -98.72   171.52    82.83   -98.55  -153.12   154.83
A   A   44     12.11    93.72    33.33    71.83  -122.06   -89.36  -158.89
A   U   45    -46.95   149.55    60.09    70.61  -116.40   -76.66  -158.14
A 7MG   46    -37.31  -153.55    31.03   141.71  -131.85  -162.56   -73.27
A H2U   47     69.58    77.76   152.87   110.93  -101.70   -25.45   101.35
A 5MC   48   -133.13  -111.86  -171.17   135.38  -130.03    98.40  -172.26
A 5MC   49    -79.07  -166.39   142.24    90.95   -74.38  -152.49   147.03
A   U   50     88.47  -117.27  -157.33    95.54  -105.35   -88.98   171.15
A   C   51    -45.37   167.88    47.13    81.78  -158.30   -89.88  -159.01
A   G   52    148.61  -164.82  -170.87    87.59  -127.72   -71.31   179.02
A   G   53    -69.90   173.00    71.44    73.08  -153.85   -65.68  -175.40
A   A   54    -95.77  -178.41    91.79    74.93  -110.52   -60.38  -170.92
A   U   55    -66.68   173.15    63.63    81.06  -102.26  -103.58  -169.14
A   C   56    104.97  -168.75    94.41    88.23  -112.47   -68.15   173.47
A   G   57    -78.02   157.31    83.29    77.80  -125.24   -85.46  -176.38
A 1MA   58    -73.67  -171.11   105.94    76.88  -131.02   -92.00  -127.60
A   A   59    164.82  -166.11    65.19    88.14  -157.02   -56.40  -166.73
A   A   60    -72.61  -157.20    55.24   155.80  -114.90   -71.39  -107.11
A   C   61   -140.82  -170.72    91.55    79.38  -115.06   -89.16   172.57
A   C   62    -65.56   162.13    65.99    75.41  -128.95   -73.94  -173.72
A   G   63    -75.86   166.94    73.41    77.30  -146.47 -9999.99  -173.59
A RIA   64  -9999.99 -9999.99   -65.63    86.52 -9999.99 -9999.99 -9999.99
A   G   65  -9999.99   173.93   166.47    85.16  -106.49   -94.56   174.89
A   C   66    -36.06   165.09    30.60    81.13  -160.33   -70.77  -168.63
A   G   67    -57.64   175.85    38.68    87.53  -165.17   -72.10  -163.70
A   G   68    -58.00   160.82    58.42    69.39  -143.23   -91.33  -174.37
A   C   69   -177.11  -172.38   150.65    87.21  -102.55   -92.23   175.53
A   G   70    -35.64   147.13    50.90    74.23  -159.54  -113.80  -161.61
A   C   71    151.69  -120.88   164.50    84.19  -120.50   -82.81   179.41
A   U   72    -58.16   176.72    50.31    82.09  -152.26  -160.65  -149.45
A   A   73    -71.62  -175.84    54.54    87.75  -136.86   -62.67  -157.12
A   C   74    -92.43   166.80    84.79    79.03    73.45   -57.02  -160.77
A   C   75    160.46  -173.16   156.67    87.77  -111.29   -75.71  -150.32
A   A   76    -33.48   143.70    52.94    67.08 -9999.99 -9999.99    38.41
