PDB data file name: tRNA_dataset/1yfg_chain_A.pdb_new
uncommon residue 1MG    9  on chain A [#9] assigned to: g
uncommon residue 2MG   10  on chain A [#10] assigned to: g
uncommon residue H2U   16  on chain A [#16] assigned to: u
uncommon residue M2G   26  on chain A [#25] assigned to: g
uncommon residue T6A   37  on chain A [#36] assigned to: a
uncommon residue 7MG   46  on chain A [#45] assigned to: g
uncommon residue H2U   47  on chain A [#46] assigned to: u
uncommon residue 5MC   48  on chain A [#47] assigned to: c
uncommon residue 5MC   49  on chain A [#48] assigned to: c
uncommon residue 1MA   58  on chain A [#57] assigned to: a
uncommon residue RIA   64  on chain A [#63] assigned to: a
-----------------------------------------------------------
CRITERIA USED TO GENERATE BASE-PAIR: 
  3.40 --> upper H-bond length limits (ON..ON).
 26.00 --> max. distance between paired base origins.
  2.50 --> max. vertical distance between paired base origins.
 65.00 --> max. angle between paired bases [0-90].
  5.40 --> min. distance between RN9/YN1 atoms.
  8.00 --> max. distance criterion for helix break[0-12]
-----------------------------------------------------------
BASE-PAIR INSTRUCTIONS: 
Column 1 is rnaview assigned base numbers n1_n2, start from 1.
Column 2 & 3 are chain ID & residue number in input PDB file.
Column 4 is for base pair. The left & right are the bases as 
         identified by column 2 & 3 and 5 & 6.
Column 5 & 6 are residue number & chain ID in input PDB file.
Column 7 is for base pair annotation. The standard Watson-Crick
         (W.C.) pairs are annotated as -/- (AU,AT) or +/+ (GC).
         Other pairs are annotated as Leontis_Westhof Classification.
         The three edges: W(Watson-Crick); H(Hoogsteen); S(suger).
         e.g. W/H means the pair is edge of Watson-Crick & Hoogsteen.
Column 8 is glycosidic bond orientation (either cis or trans).
         e.g. 'W/H cis' means the pair is interaction on Watson-Crick
         and Hoogsteen side, glycosidic bond orientation is 'cis'.
Column 9 corresponds to Saenger Classification.

Other columns: 
        Syn sugar-base conformations are annotated as (syn).
        Stacked base pairs are annotated as (stack).
        Non-identified edges are annotated as (.) or (?)
        Tertiary interactions are marked by (!) in the line.
Reference:
Yang et al (2003) Nucleic Acids Research, Vol31,No13,p3450-3461.
-----------------------------------------------------------
BEGIN_base-pair
     1_71, A:     1 A-U    72 A: -/- cis         XX
     2_70, A:     2 G-C    71 A: +/+ cis         XIX
      3_4, A:     3 C-G     4 A:      stacked
     3_69, A:     3 C-G    70 A: +/+ cis         XIX
     4_68, A:     4 G-C    69 A: +/+ cis         XIX
     5_67, A:     5 C-G    68 A: +/+ cis         XIX
      6_7, A:     6 C-G     7 A:      stacked
     6_66, A:     6 C-G    67 A: +/+ cis         XIX
     7_65, A:     7 G-C    66 A: +/+ cis         XIX
     8_14, A:     8 U-A    14 A: W/H tran        XXIV
     9_22, A:     9 g-C    23 A: H/H tran   syn    n/a
    10_24, A:    10 g-C    25 A: +/+ cis         XIX
    11_23, A:    11 C-G    24 A: +/+ cis         XIX
    12_22, A:    12 G-C    23 A: +/+ cis         XIX
    13_21, A:    13 C-G    22 A: +/+ cis         XIX
    15_47, A:    15 G-c    48 A: W/W tran        XXII
    17_54, A:    18 G-U    55 A: W/S tran        n/a
    18_55, A:    19 G-C    56 A: +/+ cis    syn    XIX
    19_56, A:    20 A-G    57 A: W/S tran   syn    X
    21_45, A:    22 G-g    46 A: H/W tran     syn  VII
    25_43, A:    26 g-A    44 A: W/W cis         VIII
    26_42, A:    27 C-G    43 A: +/+ cis         XIX
    27_41, A:    28 A-U    42 A: -/- cis         XX
    28_40, A:    29 G-C    41 A: +/+ cis         XIX
    29_39, A:    30 G-C    40 A: +/+ cis         XIX
    30_38, A:    31 G-C    39 A: +/+ cis         XIX
    34_35, A:    35 A-U    36 A:      stacked
    47_58, A:    48 c-A    59 A:      stacked
    48_49, A:    49 c-U    50 A:      stacked
    48_64, A:    49 c-G    65 A: +/+ cis         XIX
    49_63, A:    50 U-a    64 A: -/- cis         XX
    50_62, A:    51 C-G    63 A: +/+ cis         XIX
    51_61, A:    52 G-C    62 A: +/+ cis         XIX
    52_60, A:    53 G-C    61 A: +/+ cis         XIX
    53_57, A:    54 A-a    58 A: W/H tran        V
    31_37, A:    32 C-A    38 A: W/W cis         !1H(b_b).
     8_20, A:     8 U-A    21 A: S/W tran        !(b_s)
     9_11, A:     9 g-C    11 A: S/H cis    syn    !(b_s)
      7_8, A:     7 G-U     8 A: S/H cis         !(s_s)
    15_16, A:    15 G-u    16 A: S/H tran        !(s_s)
    16_17, A:    16 u-G    18 A: S/? tran        !(s_s)
    46_47, A:    47 u-c    48 A: S/. tran        !(s_s)
    59_60, A:    60 A-C    61 A: S/H cis         !(s_s)
END_base-pair

Summary of triplets and higher multiplets
BEGIN_multiplets
9_12_22_| [1 3]  A: 9 g  +  A: 12 G  +  A: 23 C
13_21_45_| [2 3]  A: 13 C  +  A: 22 G  +  A: 46 g
END_multiplets

  The total base pairs =  30 (from   75 bases)
------------------------------------------------
 Standard  WW--cis  WW-tran  HH--cis  HH-tran  SS--cis  SS-tran
       22        1        1        0        1        0        0
  WH--cis  WH-tran  WS--cis  WS-tran  HS--cis  HS-tran
        0        3        0        2        0        0
------------------------------------------------
