The backbone torsional angle for nucleic acid 

 
Note: alpha:   O3'(i-1)-P-O5'-C5'
      beta:    P-O5'-C5'-C4'
      gamma:   O5'-C5'-C4'-C3'
      delta:   C5'-C4'-C3'-O3'
      epsilon: C4'-C3'-O3'-P(i+1)
      zeta:    C3'-O3'-P(i+1)-O5'(i+1)

      chi for pyrimidines(Y): O4'-C1'-N1-C2
          chi for purines(R): O4'-C1'-N9-C4

    (The number -9999.99 means that the angle can not be calculated) 

Ch Res  Num    alpha    beta     gamma    delta  epsilon    zeta     chi
N   A    1  -9999.99 -9999.99    59.62    79.70  -107.91   -99.57  -155.19
N   G    2    -77.26   132.59    69.68    81.94  -131.42   -81.07  -169.64
N   C    3    -54.84   157.90    63.16    85.08  -145.06   -90.84  -166.72
N   A    4   -103.34  -169.09    59.12    77.52  -155.72   -60.34  -168.00
N   G    5    -85.29  -170.48    67.06    78.66  -159.43   -71.02  -172.78
N   A    6    -71.56   171.17    61.98    79.74  -109.86  -113.01  -176.85
N   G    7    -53.24   100.43   107.47   150.08   -78.40   -32.11  -149.49
N   U    8    -85.44  -145.70    42.94    76.53   169.82   -90.75  -147.84
N   G    9    -56.79  -133.46    41.46   142.46  -100.14   -77.72   -80.40
N   G   10    179.34   168.21    60.67    80.37  -133.51  -101.80  -162.94
N   C   11    -24.33   135.50    34.33    83.04  -142.01   -67.87  -153.50
N   G   12    -78.58   169.54    62.38    81.59  -132.40   -53.98   177.89
N   C   13    -64.89   162.90    67.50    84.24   175.02   -96.59  -165.89
N   A   14    -96.49  -169.34    78.49    76.96  -156.33   -39.92  -168.44
N   G   15    -89.52   175.58    64.29    86.92  -125.24  -168.64  -159.50
N   C   16      1.17    92.61    54.44   128.82  -115.59   179.48   -85.97
N   G   17     54.35  -146.87   -71.86   145.75   -73.91   113.67   -73.56
N   G   18      3.46    99.22    42.02   121.61  -139.52   157.47   -81.17
N   A   19    -66.27  -118.41  -176.90    75.28  -177.96   -77.78     6.69
N   A   20    162.95  -136.92   -85.52   157.58   -65.32   124.89   -95.60
N   G   21     77.10   169.71  -158.69    85.92  -144.54   -63.44  -167.57
N   C   22    -76.65   163.23    62.80    81.92   175.90   -44.71  -165.90
N   G   23   -103.43   175.10    68.21    79.32  -146.62   -68.22  -162.85
N   U   24    -72.87   169.65    57.96    82.28  -136.14   -69.61  -167.00
N   G   25   -102.89   137.01   102.19    84.76  -148.10   -40.09  -175.78
N   C   26    -87.42  -174.74    55.03    80.30   -96.55  -109.83  -156.43
N   U   27    -58.22   145.83    47.46    80.81  -161.21   -78.66  -161.91
N   G   28    -63.51   171.64    57.41    82.36  -150.58   -63.68  -168.21
N   G   29    -72.09   164.82    63.86    81.41  -160.71   -74.35  -166.56
N   G   30    -63.37   167.25    58.95    83.53  -126.92   -93.16  -167.79
N   C   31    -51.24   147.89    52.46    80.85   -92.42   -80.71  -148.52
N   C   32    -66.45   156.73    49.38    77.43  -141.65   -43.15  -156.98
N   C   33    163.97   131.38    61.06    77.75  -109.58   -80.16  -178.19
N   A   34    -69.60   164.47    57.27    77.32  -164.11   -62.05  -167.89
N   U   35   -101.64   171.04    88.02    83.42  -163.94   -39.04  -177.74
N   A   36   -104.23  -176.15    70.48    86.42  -124.81   -72.55  -171.12
N   A   37    -94.01   144.74    78.01    78.29  -149.54   -39.06  -165.34
N   C   38    -98.01  -159.03    73.79    75.78  -153.09   -64.93  -166.51
N   C   39    -71.89   174.56    50.24    79.95  -148.75   -78.49  -155.51
N   C   40    -61.38   171.06    48.36    79.11  -135.12   -94.59  -166.77
N   A   41    -63.13   137.02    69.34    80.80  -149.22   -59.14  -166.69
N   G   42    -74.68   168.84    67.49    82.38  -119.84   -84.15   174.33
N   A   43    -51.05   165.91    44.06    80.62  -150.17   -71.10  -177.63
N   G   44    -68.34   173.92    56.72    79.14  -100.74  -111.18  -154.50
N   G   45     49.47  -174.08   -59.38   148.50   -66.23  -156.49   -61.89
N   U   46    -54.82   172.06   177.16    76.32  -155.08    68.37  -100.64
N   C   47    -87.91  -114.01    84.04   145.33  -160.67    89.27  -110.67
N   G   48    -83.53   163.54   144.70    90.94  -110.50  -106.46   168.43
N   A   49     -7.22   128.78    36.10    82.84  -138.03   -78.76  -173.69
N   U   50    -55.15   162.21    46.07    77.57  -130.67   -38.97  -167.33
N   G   51   -119.28    99.30   153.28    80.79  -145.44   -73.10  -172.44
N   G   52    -65.52   163.98    61.88    82.81  -153.97   -68.53  -167.94
N   A   53    -71.68  -172.92    41.31    77.73  -143.27   -33.57  -154.68
N   U   54   -103.36  -156.69    59.44    79.53  -168.65   -96.64  -147.41
N   C   55    178.14  -177.19    60.65    80.02  -121.00   -81.14  -135.59
N   G   56    -66.15  -178.91    45.99    90.29  -155.58   -64.77  -108.13
N   A   57   -154.44   158.39  -179.80   147.81   -65.04  -162.80   -91.09
N   A   58     58.65  -150.50    70.08    77.21  -159.28   -48.46  -141.53
N   A   59   -104.14  -136.52    75.05   143.65  -108.94   -87.37   -91.21
N   C   60    -92.24  -171.04    54.36    85.15  -144.08   -57.48  -171.36
N   C   61    -77.20   169.32    58.84    83.52  -112.69   -90.65  -165.18
N   A   62    -85.57   137.79    73.04    76.90  -125.37  -105.11  -159.95
N   U   63    -53.79   126.40    68.57    78.90  -114.44  -108.37  -149.14
N   C   64    -46.90   131.02    57.53    81.37  -137.88   -68.31  -163.08
N   C   65    -75.25  -173.63    44.73    78.54  -121.24  -110.96  -168.68
N   U   66    -47.21   124.10    65.31    83.64  -101.32  -119.55  -145.61
N   C   67    -62.48   115.11    77.14    84.35  -159.73   -54.17  -169.24
N   U   68    -95.21   176.89    58.72    82.41  -134.46  -103.03  -152.15
N   G   69    160.35  -136.00   164.57    83.52  -157.75   -72.94   177.77
N   C   70    -72.80   174.74    71.07    83.02  -149.24   -79.49  -177.14
N   U   71   -103.05  -157.42    57.83    78.92  -175.96    -1.30  -145.09
N   A   72     46.38  -131.48   -90.32   152.33  -161.64   168.11  -106.93
N   C   73     26.22   133.19   -28.47   144.29    65.93   -57.77  -153.59
N   C   74    -88.72  -161.79    64.31    81.75  -171.08   149.07   -89.37
N   A   75    -58.81  -177.86    71.82   143.05 -9999.99 -9999.99   -95.44
