The backbone torsional angle for nucleic acid 

 
Note: alpha:   O3'(i-1)-P-O5'-C5'
      beta:    P-O5'-C5'-C4'
      gamma:   O5'-C5'-C4'-C3'
      delta:   C5'-C4'-C3'-O3'
      epsilon: C4'-C3'-O3'-P(i+1)
      zeta:    C3'-O3'-P(i+1)-O5'(i+1)

      chi for pyrimidines(Y): O4'-C1'-N1-C2
          chi for purines(R): O4'-C1'-N9-C4

    (The number -9999.99 means that the angle can not be calculated) 

Ch Res  Num    alpha    beta     gamma    delta  epsilon    zeta     chi
A   G    1  -9999.99   173.64    48.98    80.59  -144.96   -73.21  -169.93
A   C    2    -63.85   173.78    50.24    77.98  -158.03   -61.70  -162.34
A   G    3    -77.05  -169.87    53.18    80.06  -165.26   -70.28  -158.91
A   C    4    151.82  -162.20  -178.97    83.33  -131.19   -82.28  -168.62
A   G    5    -59.95   172.02    44.53    80.44  -163.48   -70.07  -163.98
A   G    6    137.69  -168.91  -165.29    88.48  -132.87   -75.25  -175.96
A   A    7    -59.38  -170.91    58.00   132.01   -91.37   -60.55  -127.57
A   U    8    -64.61  -153.08    47.02    77.50  -139.71  -124.40  -158.89
A   A    9    -73.75  -154.75    63.75   139.28   -91.96   -76.91   -67.89
A   G   10   -171.92   147.41    55.84    87.16  -132.07   -79.53   171.89
A   C   11    -63.80   175.21    53.20    88.63  -147.79   -65.75  -168.53
A   U   12    -70.38  -178.05    41.43    75.10   167.60    25.00  -153.89
A   C   13   -171.98    94.05   158.52    87.44  -166.76   -75.64  -167.32
A   A   14    128.81   177.42  -140.48    92.51  -119.56   -55.03  -179.86
A   G   15    -59.80   166.78    54.57    79.97  -154.67  -149.08  -159.37
A   U   16     82.62   127.20    76.76   119.29    32.58   163.04  -127.15
A   C   17    -42.87   -76.34   -55.36   101.41   177.80   130.93   -25.00
A   G   18    -26.07  -149.62   117.12   140.15  -138.28  -149.93  -123.75
A   G   19     79.96   125.74   -44.88   141.09    59.38   -78.42   -60.34
A   U   20    146.63    98.67    15.35   109.64   167.17    22.04   -41.33
A   A   21   -168.20  -126.89   176.83    80.14    52.06    86.16  -164.45
A   G   22     54.15   166.81  -179.58    77.89  -162.72   -72.48  -166.29
A   A   23    -68.85  -177.68    57.28    81.39  -155.88   -65.72  -162.62
A   G   24    -82.21  -176.89    59.18    78.86  -148.64   -63.67  -156.06
A   C   25    -73.16   168.46    60.11    77.31  -143.86   -64.60  -163.92
A   A   26    -61.93   174.88    54.97    79.16  -138.04   -64.82  -167.46
A   G   27    -61.55   173.73    49.99    81.34  -142.30   -71.41  -174.17
A   G   28    -79.60   174.10    66.89    77.56  -149.31   -70.21  -169.44
A   G   29    -75.88   174.70    59.99    77.42  -148.27   -69.23  -171.73
A   G   30    -71.38   171.35    65.59    76.88  -152.59   -70.01  -168.73
A   A   31    -68.43   176.82    57.90    81.39  -137.77   -63.17  -165.17
A   U   32    -59.68   173.00    50.90    83.61  -139.93   -61.13  -169.74
A   U   33    -64.72  -174.00    41.15    79.42  -140.39   -83.39  -150.59
A   G   34    154.00  -171.63    61.03    83.71  -140.09   -64.22   175.87
A   A   35    -70.65   173.14    50.79    83.66  -150.95   -59.50  -148.62
A   A   36    -99.41   158.84    89.63    74.66  -143.68   -78.54  -163.52
A   A   37    -65.93   161.35    65.00    80.10  -136.62   -51.41  -160.43
A   A   38    -83.48   167.33    72.79    81.71  -135.70   -68.61  -166.80
A   U   39    -67.96   165.54    56.62    81.53  -141.59   -78.89  -163.50
A   C   40    -58.77   170.65    43.01    79.97  -148.87   -75.68  -154.38
A   C   41    -62.12   170.57    53.36    77.63  -148.71   -71.80  -160.27
A   C   42    -63.41   173.09    54.19    79.93  -148.96   -70.73  -155.92
A   C   43    -66.88   176.51    54.09    81.33  -156.21   -65.36  -158.87
A   G   44    -77.64  -125.22    61.84   101.11    32.55   152.83  -106.62
A   U   45    154.19   124.38   -47.78   164.96   -84.83   -71.50  -121.73
A   G   46    -61.74  -108.32    38.10   101.78    66.42   102.28  -107.32
A   U   47     90.82   -99.36   -95.94    89.87   175.03   132.98  -142.10
A   C   48    -42.97  -172.12    70.94   136.74  -143.37    66.26  -135.06
A   C   49     54.72   152.24    43.47    81.18  -146.54   -73.46  -173.97
A   U   50    -61.22   179.82    52.28    81.77  -140.34   -69.87  -168.49
A   U   51    -60.98   167.18    53.01    78.70  -152.63  -117.99  -163.88
A   G   52    140.43  -119.67   167.35    76.82  -113.89   -85.15   173.96
A   G   53    -61.79   153.57    66.97    79.91  -137.03   -82.76  -176.65
A   U   54    -60.01   165.37    54.57    82.81  -132.26   -64.64  -158.92
A   U   55    -61.43   179.90    35.36    79.07  -148.13   -70.14  -148.67
A   C   56    163.14   173.32    60.20    80.93  -129.29   -70.37  -174.17
A   G   57    -71.71   165.66    58.15    82.01  -144.11   -66.33  -172.94
A   A   58    -55.17  -133.99    65.23   150.95  -112.31  -170.24   -77.04
A   U   59     85.57  -159.02    88.16    76.99  -128.27   -62.17  -170.54
A   U   60    -56.23   161.39    67.59   124.86   -97.98  -105.17  -122.74
A   C   61     30.90   133.92   -33.71    90.46  -175.70   -78.76  -163.42
A   C   62   -165.98  -147.19   122.92    76.48  -139.87  -126.00  -168.84
A   G   63     36.12   113.15     1.80    75.25  -157.57   -67.45  -172.15
A   A   64    -63.66   179.02    51.20    77.24  -170.26   -77.04  -164.44
A   G   65    162.04  -160.36   172.54    88.53  -134.05   -75.29   176.26
A   U   66    -56.84  -175.27    38.14    81.39  -147.78   -70.98  -166.09
A   C   67    -66.35   171.92    53.15    76.85  -157.72   -65.58  -160.99
A   C   68    -71.68  -175.25    57.26    77.40  -143.78   -71.68  -169.59
A   G   69    -69.19   165.72    64.11    77.70  -146.27   -80.88  -171.02
A   C   70    -50.46   174.80    36.93    76.70  -149.85   -71.30  -158.20
A   G   71    -64.03   178.55    52.65    81.19  -159.58   -64.92  -159.92
A   C   72    -94.08  -179.89    78.32    81.10  -103.43  -117.18  -161.88
A   A   73     -1.58   -94.53  -118.15   117.62 -9999.99 -9999.99  -135.37
