The backbone torsional angle for nucleic acid 

 
Note: alpha:   O3'(i-1)-P-O5'-C5'
      beta:    P-O5'-C5'-C4'
      gamma:   O5'-C5'-C4'-C3'
      delta:   C5'-C4'-C3'-O3'
      epsilon: C4'-C3'-O3'-P(i+1)
      zeta:    C3'-O3'-P(i+1)-O5'(i+1)

      chi for pyrimidines(Y): O4'-C1'-N1-C2
          chi for purines(R): O4'-C1'-N9-C4

    (The number -9999.99 means that the angle can not be calculated) 

Ch Res  Num    alpha    beta     gamma    delta  epsilon    zeta     chi
V   C    1  -9999.99   179.02    50.71    80.92  -149.76   -78.32  -165.17
V   G    2    -75.25   165.29    69.14    80.03  -107.05  -136.95  -177.23
V   G    3    101.63   -91.48  -169.89    82.82  -122.77  -110.16   159.73
V   C    4     37.45   118.75    -0.95   142.33  -161.95  -115.64  -115.23
V   A    5    -74.11   166.81    38.48    73.81  -161.09   -79.32  -146.52
V   C    6    -57.89   164.42    58.33    77.90  -179.26   -89.06  -155.94
V   G    7    162.09  -136.79   178.09   142.05  -107.19    -2.32  -164.46
V   U    8   -104.09  -157.94    69.14    76.81  -120.46  -131.71  -156.32
V   A    9    -76.23  -150.13    46.98   143.58   -86.17  -124.04   -65.77
V   G   10    144.71  -146.20    77.51    85.18  -145.42   -74.17  -173.69
V   C   11    -70.83   178.37    58.76    81.17  -148.97   -73.26  -160.79
V   G   12    -65.78  -178.42    45.73    81.94  -160.43   -78.86  -153.08
V   C   13    136.44  -151.75  -163.27    82.99  -151.77   -81.91  -169.76
V   A   14    155.90  -170.02  -179.07    80.78  -127.97   -56.04   178.50
V   G   15    -67.37   177.98    55.66    81.64  -106.37   -79.28  -159.26
V   C   16    -79.42   174.76    77.55   146.62 -9999.99 -9999.99  -130.82
V   G   18  -9999.99  -164.69   176.16   150.00  -122.74  -105.76  -131.73
V   G   19    -78.09  -157.33    54.63   146.73   -56.77  -140.99   -68.94
V   U   20    -29.21   119.31    53.71    78.25  -111.76   -39.46  -148.70
V   A   21    -88.70   150.90   159.55    81.18  -102.61  -141.79  -172.21
V   G   22    -62.11   134.36    62.24    77.96  -154.41   -79.99  -160.08
V   C   23    -60.48   171.13    53.74    75.17  -138.81   -85.97  -158.14
V   G   24    -61.02   166.43    48.93    79.69  -150.22   -69.95  -168.49
V   C   25    -68.18   171.04    60.09    76.64  -142.28   -58.23  -172.78
V   A   26    -75.63   171.96    70.57    80.21  -136.37   -71.09   175.63
V   C   27    -63.34   179.59    50.15    82.26  -147.57   -69.60  -169.59
V   C   28    -63.45   172.40    54.32    79.33  -142.70   -82.48  -168.18
V   G   29    -55.96   174.75    39.03    77.79  -149.00   -71.50  -172.32
V   U   30    -61.84   174.94    59.45    75.84  -161.85   -80.33  -163.60
V   C   31    159.06  -149.82   172.03    81.71  -114.43   -83.66  -175.42
V   A   32    -44.33   162.45    37.34    82.73  -119.10   -77.77   173.82
V   U   33    -54.92   171.93    42.74    78.20  -137.13   -50.26  -157.89
V   G   34    152.20   142.59    61.54    85.43  -126.82   -65.50   164.82
V   G   35    -74.37  -170.11    49.49    79.70  -152.54   -73.73  -165.28
V   G   36    -71.60   169.68    63.52    75.42  -147.62   -61.91  -174.97
V   G   37    -76.18  -179.10    65.13    77.20  -143.32   -60.27  -169.19
V   U   38    -75.12   168.53    70.51    78.40  -133.75   -55.93  -168.24
V   G   39    -72.77   171.31    63.77    81.15  -146.04   -77.39  -167.60
V   U   40    -66.69   173.07    55.96    78.05  -147.94   -68.78  -162.28
V   C   41    -73.44  -178.82    61.58    76.26  -140.10   -60.53  -162.54
V   G   42    -75.53   172.54    71.29    76.02  -179.01   -87.69  -155.04
V   G   43    164.46  -155.25   168.54    83.20  -115.48  -105.89  -172.06
V   G   44    -36.25   135.35    48.02    81.15  -144.43   -84.55  -151.25
V   G   45    -53.11   160.55    53.83    81.48   -95.60  -122.12  -154.47
V   G   46    -59.99   147.35    72.15    80.18  -121.78  -165.63  -148.39
V   U   47    176.38  -177.10    61.92    77.07  -162.11    56.09  -166.57
V   C   48   -105.51  -124.33    76.36   141.44  -147.73   115.69  -143.17
V   G   49     -5.18  -146.61    61.29    80.83  -151.28   -70.86  -179.13
V   G   50    -69.42  -169.55    51.86    86.22  -138.12   -72.25  -164.96
V   A   51    -62.58   161.49    53.57    80.57  -154.48   -82.81  -166.20
V   G   52    -50.02   164.34    68.75   140.22  -157.71  -108.53  -148.88
V   G   53    138.97   177.33   168.28    80.98  -140.24   -76.12  -172.57
V 5MU   54    -60.83   173.67    51.30    82.86  -137.36   -65.66  -162.83
V   U   55    -66.16   168.22    58.04    82.13  -133.41   -77.38  -149.98
V   C   56   -168.50   168.16    41.25    79.63  -122.69   -75.72  -165.77
V   A   57    -82.13   147.40    74.91    83.84  -143.41   -70.61  -155.80
V   A   58    -64.46  -145.00    73.25   148.52   -83.29  -171.76   -77.45
V   A   59     66.83  -154.98    73.44    85.56  -131.47   -66.60   177.42
V   U   60    -63.82   164.92    73.76   143.09  -116.03   -51.79  -138.61
V   C   61   -102.14  -164.23    39.54    79.93  -151.26   -59.84  -174.17
V   C   62    -76.83  -173.91    57.54    79.45  -152.07   -71.83  -162.94
V   U   63    -67.52   170.52    59.91    80.33  -152.55   -76.61  -160.39
V   C   64    -71.92   167.00    63.63    80.02  -146.10   -67.64  -159.06
V   U   65    -67.77   165.57    64.13    82.03  -139.18   -84.52  -154.79
V   C   66    -60.56   177.12    40.30    82.34  -176.11   -86.70  -152.70
V   G   67    158.58  -147.76   161.06    80.12  -114.44  -103.85  -177.41
V   U   68    -37.32   142.96    46.46    78.70  -138.47   -87.24  -159.19
V   G   69    -48.48   158.06    47.87    77.81  -150.26   -79.39  -170.64
V   C   70    -56.45   167.66    54.05    76.60  -138.76   -82.50  -167.48
V   C   71    -53.37   168.53    51.93    78.68  -160.41   -83.85  -161.12
V   G   72    165.77  -154.29   165.10    81.50  -146.73   -61.89  -170.44
V   A   73    130.81   171.66  -151.79    82.83   -91.89    91.68    27.03
V   C   74    164.13  -144.66   108.02    84.00  -151.35   -74.24  -161.53
V   C   75    -70.29  -166.05    46.75    84.79  -103.68   -47.46  -129.92
V   A   76   -103.52    82.98   157.34    79.25 -9999.99 -9999.99  -141.69
