The backbone torsional angle for nucleic acid 

 
Note: alpha:   O3'(i-1)-P-O5'-C5'
      beta:    P-O5'-C5'-C4'
      gamma:   O5'-C5'-C4'-C3'
      delta:   C5'-C4'-C3'-O3'
      epsilon: C4'-C3'-O3'-P(i+1)
      zeta:    C3'-O3'-P(i+1)-O5'(i+1)

      chi for pyrimidines(Y): O4'-C1'-N1-C2
          chi for purines(R): O4'-C1'-N9-C4

    (The number -9999.99 means that the angle can not be calculated) 

Ch Res  Num    alpha    beta     gamma    delta  epsilon    zeta     chi
E   G    1  -9999.99  -162.86    54.09    83.47  -152.47   -73.72  -162.37
E   C    2    -70.60   179.47    53.72    85.91  -159.65   -66.26  -153.69
E   C    3    -68.00  -179.29    48.25    80.93  -153.26   -72.23  -162.24
E   G    4    -65.57  -179.11    45.81    82.08  -151.15   -74.59  -160.23
E   G    5    -58.95   169.72    54.27    80.56  -168.75   -72.48  -164.63
E   G    6    158.92  -156.46  -179.40    81.96  -137.89   -61.66   173.24
E   G    7   -153.83   146.16   159.24   149.11   -85.36   -37.29  -157.79
E   U    8    -48.45  -169.05    55.13    81.86  -119.19   -96.40  -162.91
E   G    9    168.58   154.57   171.50    78.78    65.99   129.60    69.16
E   G   10     83.41  -121.27    65.99    79.91  -156.02   -69.71  -177.16
E   C   11    -72.10  -168.62    53.00    80.39  -152.58   -79.94  -160.13
E   G   12    -58.08   173.86    56.78    83.84  -148.44   -63.41  -154.15
E   G   13    133.13  -141.12  -165.87    83.28  -160.17   -72.15   178.06
E   A   14    164.41   175.98  -177.31    80.29  -116.93   -71.67   177.26
E   A   15    -50.00   162.44    49.80    83.85  -132.75   -76.40  -149.11
E   U   16   -170.35  -178.26   170.90    84.00   -98.49  -157.71  -143.11
E   G   17     72.20  -175.84    69.20    87.03  -172.05    81.87  -127.90
E   G   18    144.10   147.18   -62.36   135.73    78.57    78.94  -117.70
E   G   19   -150.82  -148.50    33.06   153.38   -87.45   121.97   -57.30
E   U   20    100.83   146.46   -48.44   153.32  -115.86   -54.80  -125.66
E   A   20    -58.95  -177.46   173.63    87.63  -150.00   -67.77  -168.83
E   G   21    -65.91   171.89    58.51    87.41  -167.13   152.81  -132.80
E   A   22    -57.65   141.80    47.24    86.93  -123.27   -56.19   169.21
E   C   23    -74.91   168.45    52.46    81.07  -143.63   -67.25  -159.90
E   G   24    -73.36   161.22    71.33    79.34  -150.56   -74.64  -169.65
E   C   25    -65.13   174.33    55.10    79.09  -145.77   -62.59  -162.06
E   G   26    -62.72   172.96    56.19    80.08  -142.54   -65.92  -164.83
E   C   27    -60.96   170.94    55.01    81.50  -152.56   -72.87  -160.81
E   A   28    -59.61   176.54    48.05    83.06  -148.30  -108.93  -151.97
E   U   29    143.31  -125.95   167.48    82.41  -138.65   -73.31  -162.97
E   G   30    -74.11   179.38    56.92    84.70  -160.12   -78.94  -165.26
E   A   31    168.69  -155.11   162.66    85.31  -141.28   -89.39  -164.81
E   C   32    165.42  -156.48   156.80    85.61 -9999.99 -9999.99  -140.31
E   A   38  -9999.99   158.76    57.51    84.85  -157.29   -67.54  -152.92
E   U   39    -62.61  -177.62    48.99    82.58  -168.80   -85.28  -153.35
E   C   40    168.56  -152.48   162.05    82.71  -133.33   -71.49  -160.41
E   A   41    -65.64   175.72    47.17    83.71  -144.89   -74.56  -167.93
E   U   42    -68.03   173.51    50.16    82.56  -158.90   -73.48  -151.51
E   G   43    -65.54   175.12    54.99    82.02  -145.58   -70.04  -168.59
E   U   44    -61.24   169.93    56.05    83.28  -122.50  -128.78  -151.00
E   G   45     56.16  -162.41    57.77    85.98  -144.66   -72.40  -177.87
E   C   46    -63.70   171.68    57.68    80.99  -142.85   -71.89  -163.47
E   G   47    -67.66   176.17    49.90    81.73  -129.14   -63.11  -158.80
E   C   47    163.57   147.72    50.03    84.48  -150.56   -93.95  -152.96
E   A   47    148.45  -122.48   161.88    87.10  -116.24  -138.67  -160.38
E   A   47    122.51  -107.23   164.67    86.39   -97.44   -58.16  -156.14
E   G   47    114.58  -132.98  -143.81    80.49  -148.62   -64.81  -170.99
E   C   47    -57.19   173.72    54.72    80.03  -166.83   -88.77  -166.99
E   G   47    158.93  -132.12   163.13    80.51  -111.99  -100.58   177.55
E   U   48   -138.10   135.33   169.21   147.27  -134.97    90.73  -154.25
E   G   49     81.25   141.59    39.99    81.81  -159.24   -68.43   176.28
E   C   50    -69.48  -169.77    51.00    81.40  -148.29   -79.55  -163.62
E   G   51    -59.94   172.71    45.13    79.49  -161.86   -86.47  -168.82
E   G   52    163.94  -149.70   165.18    80.19  -123.39   -73.55   173.69
E   G   53    -58.12   162.55    60.02    81.58  -162.33   -74.48  -167.33
E   U   54    -60.10  -169.77    42.33    81.80  -140.99   -60.22  -149.19
E   U   55    -56.66   177.22    43.32    82.37  -142.43   -82.91  -139.74
E   C   56    164.23  -173.63    52.15    83.89  -145.24   -61.92  -163.94
E   A   57    -71.70   172.78    59.09    84.71  -130.25   -82.53  -165.89
E   A   58    -47.51  -150.08    52.99   156.43   -81.17  -178.42   -77.37
E   G   59     81.87  -156.96    58.80    86.74  -153.74   -60.02  -141.23
E   U   60    160.17  -163.05   174.73   145.84   -88.50   -48.17  -116.69
E   C   61    -73.60  -178.46    34.42    80.28  -149.35   -77.01  -163.11
E   C   62    -46.20   178.98    36.55    82.10  -147.52   -75.47  -157.51
E   C   63    -64.01  -177.88    43.41    80.11  -146.75   -72.74  -152.03
E   G   64    -66.04   176.14    54.71    81.55  -148.75   -67.20  -165.56
E   C   65    -65.65   174.97    62.76    82.83  -175.32   -71.21  -156.43
E   C   66    -65.19  -173.86    52.15    85.87  -154.58   -70.07  -169.07
E   C   67    -65.98   171.05    53.27    84.34  -160.29   -72.10  -168.75
E   C   68    -60.03   176.17    52.91    84.98  -155.28   -70.20  -161.26
E   C   69    -66.47  -179.93    45.69    80.83  -152.12   -72.85  -153.92
E   G   70    -61.88   170.67    50.29    80.82  -156.28   -67.75  -165.01
E   G   71    -68.15  -179.80    57.85    81.80  -154.38   -61.41  -160.11
E   C   72    -63.15   174.55    51.59    80.97  -133.78  -166.30  -152.74
E   A   73     53.03  -146.08   169.01    85.15  -144.53   -67.92  -168.02
E   C   74    -65.90   177.58    48.01    82.10  -156.68   -66.48  -150.49
E   C   75    -65.45  -176.37    49.54    85.32  -145.17   -70.24  -155.99
E   A   76    -65.49   171.49    52.72    69.49 -9999.99 -9999.99  -125.46
