The backbone torsional angle for nucleic acid 

 
Note: alpha:   O3'(i-1)-P-O5'-C5'
      beta:    P-O5'-C5'-C4'
      gamma:   O5'-C5'-C4'-C3'
      delta:   C5'-C4'-C3'-O3'
      epsilon: C4'-C3'-O3'-P(i+1)
      zeta:    C3'-O3'-P(i+1)-O5'(i+1)

      chi for pyrimidines(Y): O4'-C1'-N1-C2
          chi for purines(R): O4'-C1'-N9-C4

    (The number -9999.99 means that the angle can not be calculated) 

Ch Res  Num    alpha    beta     gamma    delta  epsilon    zeta     chi
B   C    2    -74.30  -178.02    55.37    85.70  -156.95   -65.17  -162.83
B   C    3    -77.06  -175.58    53.96    84.23  -161.01   -71.74  -165.69
B   G    4    -82.49  -170.66    53.18    80.62  -153.74   -72.68  -162.48
B   G    5    -58.12   163.65    61.91    79.45  -160.95   -79.02  -168.08
B   G    6    158.28  -152.27   179.60    82.05  -124.21   -62.63   173.98
B   G    7   -127.61   120.86   146.95   151.23   -94.05   -19.05  -163.28
B   U    8    -70.27  -158.93    60.67    82.68  -125.82  -100.19  -145.03
B   G    9    -86.24  -155.71    46.99    80.03    70.33    98.72   100.21
B   G   10     95.90  -143.74    46.69    84.44  -148.41   -76.62   172.60
B   C   11    -60.36  -174.10    43.04    79.83  -169.41   -71.00  -167.93
B   G   12    -68.02  -175.30    57.36    83.20  -159.69   -58.72  -157.84
B   G   13    144.18  -144.39  -177.29    83.93  -162.42   -68.72   177.56
B   A   14   -170.61   171.31   161.61    77.75  -114.50   -71.91   172.93
B   A   15    -56.03   161.58    56.22    84.48  -128.68   -79.34  -148.00
B   U   16   -169.47  -178.88   173.12    85.00  -100.15  -154.47  -125.92
B   G   17     73.32  -176.64    65.83    86.79  -168.31    89.73  -145.86
B   G   18    140.21   137.54   -54.77   138.78    68.30    86.27  -105.36
B   G   19   -159.93  -154.11    38.35   152.88   -87.01   122.34   -55.49
B   U   20    112.83   148.74   -63.79   156.72  -118.71   -47.30  -125.06
B   A   20    -70.14  -178.25  -174.89    87.53  -141.49   -70.68  -165.69
B   G   21    -55.26   164.53    49.11    87.94  -164.20   158.86  -140.41
B   A   22    -89.34   149.59    66.89    84.73  -123.03   -50.63   174.20
B   C   23    -77.20  -177.69    43.03    83.56  -154.43   -66.83  -157.96
B   G   24    -61.97   168.00    54.76    82.15  -156.38   -74.04  -166.18
B   C   25    -50.77   170.53    46.82    80.94  -153.22   -58.89  -166.51
B   G   26    -73.40   172.89    58.61    84.03  -143.76   -71.23  -172.56
B   C   27    -57.82   167.34    57.23    84.96  -155.45   -61.40  -154.60
B   A   28    -63.99  -178.45    43.71    83.70  -162.62   -91.76  -147.60
B   U   29    150.35  -152.27   167.34    81.02  -145.82   -70.93  -173.01
B   G   30    -64.55   177.18    55.86    83.07  -155.79   -77.09  -165.99
B   A   31    162.69  -154.56   169.47    85.37  -143.48   -75.68  -160.20
B   C   32    164.42  -163.99   158.85    85.63 -9999.99 -9999.99  -142.67
B   A   38  -9999.99   134.20    61.20    85.96  -153.76   -68.56  -151.77
B   U   39    -56.12   171.82    54.02    85.72  -160.51   -89.46  -133.82
B   C   40    170.50  -154.04   154.79    83.84  -147.15   -62.60  -158.62
B   A   41    -68.04   179.34    43.92    83.31  -151.81   -73.00  -163.21
B   U   42    -75.23   178.53    52.68    81.69  -162.28   -66.67  -152.33
B   G   43    -64.26   179.51    55.76    80.35  -147.57   -67.71  -162.32
B   U   44    -65.46   179.84    51.68    86.40  -125.47  -137.43  -146.81
B   G   45     61.79  -169.81    58.31    82.90  -144.39   -74.64  -178.18
B   C   46    -61.97   177.03    52.30    84.55  -144.55   -69.43  -178.04
B   G   47    -67.23  -178.60    47.76    82.79  -135.26   -59.08  -150.95
B   C   47    167.25   153.03    43.06    84.04  -172.05   -67.11  -133.36
B   A   47    164.75  -142.27   151.79    85.97   -99.35  -140.26  -144.71
B   A   47     97.67  -102.34   178.21    85.93   -95.44   -64.66  -135.64
B   G   47    124.59  -125.23  -161.27    82.85  -142.35   -73.63  -174.00
B   C   47    -44.47   178.33    41.02    80.60  -174.06   -72.19  -151.72
B   G   47    167.75  -146.62   163.03    79.21  -117.45   -97.46   178.47
B   U   48   -139.14   142.03   170.19   144.56  -151.58    99.26  -169.06
B   G   49     51.46   149.37    55.67    81.39  -139.94   -78.50   170.59
B   C   50    -62.31  -177.19    49.63    79.23  -148.34   -73.50  -162.61
B   G   51    -54.28  -179.93    38.97    81.36  -164.43   -87.45  -160.13
B   G   52    153.59  -148.35   173.37    80.66  -120.66   -72.93   174.80
B   G   53    -59.60   163.23    62.10    79.79  -160.00   -74.61  -166.60
B   U   54    -58.07   179.98    47.11    80.23  -133.34   -64.14  -160.40
B   U   55    -61.25   179.71    46.70    84.58  -150.60   -74.52  -138.13
B   C   56    163.70   174.03    52.91    82.02  -136.17   -63.67  -171.20
B   A   57    -63.51   176.44    53.70    85.47  -140.48   -71.49  -155.38
B   A   58    -48.36  -138.71    47.61   152.38   -88.92  -177.99   -67.50
B   G   59     88.03  -154.18    55.20    85.60  -158.91   -54.04  -151.33
B   U   60    173.09  -170.31   163.43   144.64   -93.79   -47.05  -139.51
B   C   61    -84.78  -171.78    39.55    81.68  -153.66   -75.48  -165.52
B   C   62    -60.84  -171.24    44.50    83.19  -156.51   -67.83  -151.05
B   C   63    -66.83  -176.69    45.52    80.02  -153.00   -71.24  -159.62
B   G   64    -68.35   175.38    56.09    81.09  -150.60   -61.44  -166.71
B   C   65    -74.47   175.46    68.63    82.53  -165.98   -82.46  -159.20
B   C   66    -58.85   174.18    55.93    83.70  -149.04   -73.61  -166.67
B   C   67    -72.38   169.42    60.33    82.15  -154.92   -71.22  -162.40
B   C   68    -63.20  -178.87    55.05    81.78  -156.21   -69.58  -158.80
B   C   69    -68.54  -179.50    49.92    80.14  -144.80   -75.25  -154.78
B   G   70    -64.44   166.40    54.66    81.04  -150.33   -75.44  -167.55
B   G   71    -61.35   173.65    53.83    79.07  -147.05   -65.74  -166.99
B   C   72    -59.17  -177.04    46.09    82.56  -145.33  -156.21  -137.60
B   A   73     50.09  -142.72  -179.84    81.25  -136.40   -73.61  -169.16
B   C   74    -63.61   170.99    53.04    82.00  -148.93   -69.81  -156.68
B   C   75    -62.38   173.84    52.72    83.28  -135.84   -71.37  -145.31
B   A   76    -62.43   165.79    55.98    70.80 -9999.99 -9999.99  -136.02
E   G    1  -9999.99  -162.86    54.09    83.47 -9999.99 -9999.99  -162.37
E   C    3    -68.00  -179.29    48.25    80.93  -153.26   -72.23  -162.24
E   G    4    -65.57  -179.11    45.81    82.08  -151.15   -74.59  -160.23
E   G    5    -58.95   169.72    54.27    80.56  -168.75   -72.48  -164.63
E   G    6    158.92  -156.46  -179.40    81.96  -137.89   -61.66   173.24
E   G    7   -153.83   146.16   159.24   149.11   -85.36   -37.29  -157.79
E   U    8    -48.45  -169.05    55.13    81.86  -119.19   -96.40  -162.91
E   G    9    168.58   154.57   171.50    78.78    65.99   129.60    69.16
E   G   10     83.41  -121.27    65.99    79.91  -156.02   -69.71  -177.16
E   C   11    -72.10  -168.62    53.00    80.39  -152.58   -79.94  -160.13
E   G   12    -58.08   173.86    56.78    83.84  -148.44   -63.41  -154.15
E   G   13    133.13  -141.12  -165.87    83.28  -160.17   -72.15   178.06
E   A   14    164.41   175.98  -177.31    80.29  -116.93   -71.67   177.26
E   A   15    -50.00   162.44    49.80    83.85  -132.75   -76.40  -149.11
E   U   16   -170.35  -178.26   170.90    84.00   -98.49  -157.71  -143.11
E   G   17     72.20  -175.84    69.20    87.03  -172.05    81.87  -127.90
E   G   18    144.10   147.18   -62.36   135.73    78.57    78.94  -117.70
E   G   19   -150.82  -148.50    33.06   153.38   -87.45   121.97   -57.30
E   U   20    100.83   146.46   -48.44   153.32  -115.86   -54.80  -125.66
E   A   20    -58.95  -177.46   173.63    87.63  -150.00   -67.77  -168.83
E   G   21    -65.91   171.89    58.51    87.41  -167.13   152.81  -132.80
E   A   22    -57.65   141.80    47.24    86.93  -123.27   -56.19   169.21
E   C   23    -74.91   168.45    52.46    81.07  -143.63   -67.25  -159.90
E   G   24    -73.36   161.22    71.33    79.34  -150.56   -74.64  -169.65
E   C   25    -65.13   174.33    55.10    79.09  -145.77   -62.59  -162.06
E   G   26    -62.72   172.96    56.19    80.08  -142.54   -