PDB data file name: tRNA_dataset/2bte_chain_E.pdb_new
-----------------------------------------------------------
CRITERIA USED TO GENERATE BASE-PAIR: 
  3.40 --> upper H-bond length limits (ON..ON).
 26.00 --> max. distance between paired base origins.
  2.50 --> max. vertical distance between paired base origins.
 65.00 --> max. angle between paired bases [0-90].
  5.40 --> min. distance between RN9/YN1 atoms.
  8.00 --> max. distance criterion for helix break[0-12]
-----------------------------------------------------------
BASE-PAIR INSTRUCTIONS: 
Column 1 is rnaview assigned base numbers n1_n2, start from 1.
Column 2 & 3 are chain ID & residue number in input PDB file.
Column 4 is for base pair. The left & right are the bases as 
         identified by column 2 & 3 and 5 & 6.
Column 5 & 6 are residue number & chain ID in input PDB file.
Column 7 is for base pair annotation. The standard Watson-Crick
         (W.C.) pairs are annotated as -/- (AU,AT) or +/+ (GC).
         Other pairs are annotated as Leontis_Westhof Classification.
         The three edges: W(Watson-Crick); H(Hoogsteen); S(suger).
         e.g. W/H means the pair is edge of Watson-Crick & Hoogsteen.
Column 8 is glycosidic bond orientation (either cis or trans).
         e.g. 'W/H cis' means the pair is interaction on Watson-Crick
         and Hoogsteen side, glycosidic bond orientation is 'cis'.
Column 9 corresponds to Saenger Classification.

Other columns: 
        Syn sugar-base conformations are annotated as (syn).
        Stacked base pairs are annotated as (stack).
        Non-identified edges are annotated as (.) or (?)
        Tertiary interactions are marked by (!) in the line.
Reference:
Yang et al (2003) Nucleic Acids Research, Vol31,No13,p3450-3461.
-----------------------------------------------------------
BEGIN_base-pair
    29_38, E:    28 A-U    42 E: -/- cis         XX
    32_35, E:    31 A-U    39 E: -/- cis         XX
     2_73, E:     2 C-G    71 E: +/+ cis         XIX
     3_72, E:     3 C-G    70 E: +/+ cis         XIX
    11_25, E:    11 C-G    24 E: +/+ cis         XIX
    28_39, E:    27 C-G    43 E: +/+ cis         XIX
    42_47, E:    46 C-G    47 E: +/+ cis         XIX
    52_66, E:    50 C-G    64 E: +/+ cis         XIX
     1_74, E:     1 G-C    72 E: +/+ cis         XIX
     4_71, E:     4 G-C    69 E: +/+ cis         XIX
     5_70, E:     5 G-C    68 E: +/+ cis         XIX
     6_69, E:     6 G-C    67 E: +/+ cis         XIX
     7_68, E:     7 G-C    66 E: +/+ cis         XIX
    10_26, E:    10 G-C    25 E: +/+ cis         XIX
    12_24, E:    12 G-C    23 E: +/+ cis         XIX
    19_58, E:    19 G-C    56 E: +/+ cis    syn    XIX
    31_36, E:    30 G-C    40 E: +/+ cis         XIX
    41_48, E:    45 G-C    47 E: +/+ cis         XIX
    51_67, E:    49 G-C    65 E: +/+ cis         XIX
    53_65, E:    51 G-C    63 E: +/+ cis         XIX
    54_64, E:    52 G-C    62 E: +/+ cis         XIX
    55_63, E:    53 G-C    61 E: +/+ cis         XIX
    30_37, E:    29 U-A    41 E: -/- cis         XX
    33_34, E:    32 C-A    38 E: W/W cis         n/a
    27_40, E:    26 G-U    44 E: W/W cis         XXVIII
    15_50, E:    15 A-U    48 E: W/W tran        XXI
     9_12, E:     9 G-G    12 E: W/H cis    syn    VI
     8_14, E:     8 U-A    14 E: W/H tran        XXIV
    56_60, E:    54 U-A    58 E: W/H tran     syn  XXIV
    14_21, E:    14 A-A    20 E: W/S cis         n/a
    13_22, E:    13 G-G    21 E: W/S cis         n/a
    18_57, E:    18 G-U    55 E: W/S tran        n/a
    22_49, E:    21 G-G    47 E: H/S tran        n/a
    13_23, E:    13 G-A    22 E: S/H tran        XI
END_base-pair

Summary of triplets and higher multiplets
BEGIN_multiplets
8_14_21_| [1 3]  E: 8 U  +  E: 14 A  +  E: 20 A
9_12_24_| [2 3]  E: 9 G  +  E: 12 G  +  E: 23 C
13_22_23_| [3 3]  E: 13 G  +  E: 21 G  +  E: 22 A
END_multiplets

  The total base pairs =  34 (from   78 bases)
------------------------------------------------
 Standard  WW--cis  WW-tran  HH--cis  HH-tran  SS--cis  SS-tran
       23        2        1        0        0        0        0
  WH--cis  WH-tran  WS--cis  WS-tran  HS--cis  HS-tran
        1        2        2        1        0        2
------------------------------------------------
