The backbone torsional angle for nucleic acid 

 
Note: alpha:   O3'(i-1)-P-O5'-C5'
      beta:    P-O5'-C5'-C4'
      gamma:   O5'-C5'-C4'-C3'
      delta:   C5'-C4'-C3'-O3'
      epsilon: C4'-C3'-O3'-P(i+1)
      zeta:    C3'-O3'-P(i+1)-O5'(i+1)

      chi for pyrimidines(Y): O4'-C1'-N1-C2
          chi for purines(R): O4'-C1'-N9-C4

    (The number -9999.99 means that the angle can not be calculated) 

Ch Res  Num    alpha    beta     gamma    delta  epsilon    zeta     chi
B   G  902  -9999.99 -9999.99   176.69    87.45  -116.26   -76.44   162.47
B   G  903    -66.04   160.15    53.58    78.40  -163.59   -76.97  -169.89
B   G  904    -47.67   169.94    40.86    85.02  -161.12   -70.11  -167.22
B   G  905    161.59  -164.40   173.56    80.43  -132.35   -77.34  -176.74
B   U  906    -70.63   167.54    59.91    82.16  -152.37   -76.66  -165.83
B   A  907    -53.23   175.84    51.42    97.99     2.00  -174.22  -127.66
B   U  908    -41.31   160.92    52.62    85.41  -137.33  -148.37  -176.43
B   C  909   -178.36  -123.07   153.10    96.83   -73.68   -64.88  -149.68
B   G  910   -148.88   145.67    43.28    84.81  -167.25   -62.17  -179.07
B   C  911    -88.57  -147.01    52.72    86.71  -170.54   -38.08  -148.98
B   C  912   -169.17   144.98   155.70    84.78  -130.60   -60.32  -179.46
B   A  913    -63.20   170.45    54.58    86.53  -166.46   -96.31  -162.99
B   A  914    165.54  -157.87   175.45    86.62  -109.79   -89.53  -174.40
B   G  915    -27.07   136.20    45.99    87.44   177.60    -4.73  -125.35
B   C  916   -161.15   -97.56    50.91    75.76    69.21  -112.33    63.25
B   G  918     51.80   172.21    37.32    87.85   -47.03   167.36  -140.94
B   G  919    -78.13   117.43    74.46    94.99  -159.21  -166.17  -124.95
B   U  920    -46.55   122.86    67.05    92.52   -95.83   104.10  -173.93
B   A  921    141.09  -171.49  -170.45    80.47  -149.46  -131.50   165.65
B   A  922   -178.77   144.57   159.95    83.47  -102.54   -95.19  -171.98
B   G  923    -44.36   132.72    60.95    82.16  -146.64   -68.21  -175.85
B   G  924    -61.04  -179.99    55.18    76.51  -135.13   -73.21  -177.96
B   C  925    -66.32   158.10    63.36    75.97  -136.14   -70.34  -173.27
B   A  926    -65.48   169.82    59.70    75.63  -140.52   -59.01  -157.63
B   C  927    -47.06   167.46    45.64    77.90  -142.89   -90.29  -154.15
B   C  928    -55.54   165.43    48.31    83.05  -172.24   -64.40  -152.72
B   G  929    155.59   176.68   177.70    81.45  -124.34   -73.87   176.88
B   G  930    -68.18   168.11    54.77    76.76  -162.58   -63.82  -169.43
B   A  931    -62.85  -159.97    44.81    83.85  -166.85   -88.06  -157.80
B   U  932    154.39  -140.39   167.38    82.24  -126.75   -65.36  -174.08
B   U  933    -74.37   174.11    51.18    78.81  -101.52  -122.52  -177.75
B   C  934     55.18  -131.40    59.40   106.65   -63.66   131.26  -136.02
B   U  935    -13.62   134.99    51.03   103.60  -117.29   -12.48  -132.77
B   G  936    -83.31   -93.53   166.46    93.08  -160.39    58.56  -125.93
B   A  937    -93.40   177.98    46.18    85.12  -149.90   -56.26  -177.18
B   U  938    -65.44   169.60    56.70    81.26  -126.01   -67.30  -179.76
B   U  939    -62.05   174.16    51.95    86.74  -167.69   -45.34  -162.47
B   C  940    -77.53   178.29    55.12    83.49   -96.07  -150.76  -159.90
B   C  941     95.07  -107.64   173.45    85.13  -134.75   -77.75  -168.47
B   G  942    -63.22   165.53    47.89    76.43  -151.13   -75.10  -179.76
B   G  943    -61.20   172.55    50.42    80.54  -172.97  -168.08  -177.45
B   C  944    102.12    74.99    29.80    80.07  -162.05  -112.26  -124.06
B   A  945    -72.36  -179.83   112.57   114.74   175.99  -138.67  -153.21
B   G  948     88.90    92.47    88.88    50.64   127.58   177.51    74.12
B   C  949     40.11  -151.59    48.46    81.78  -171.70   -56.24  -153.51
B   G  950    -70.62  -160.70    40.80    85.18  -158.28   -70.80  -145.77
B   A  951    -50.33   166.13    49.16    81.42  -161.87   -65.62  -168.30
B   G  952    143.99  -177.93   177.70    82.63  -138.68   -81.96  -170.03
B   G  953    -49.11   162.46    44.62    82.36  -162.35   -53.90  -177.10
B   U  954    -74.06  -166.77    52.53    83.77  -156.36   -54.30  -169.82
B   U  955    -95.92  -139.46    43.42    83.81  -158.35   -72.21  -111.65
B   C  956    177.83  -177.81    49.18    87.63  -133.86   -68.86   179.42
B   G  957    -78.89   161.22    60.82    77.42  -173.69   -31.10  -173.47
B   A  958    -97.18  -100.31    65.63    97.16  -165.50  -109.39   -94.96
B   A  959    166.03   179.90    47.14    82.37  -153.70   -80.69   172.69
B   U  960    172.17  -127.87   153.30    98.41   -75.04   -49.09   168.22
B   C  961    -79.53  -164.50    48.39    82.59  -136.99   -85.92  -175.67
B   C  962    -68.21   164.74    50.17    82.53  -145.82   -74.24  -173.22
B   U  963    -72.01   175.06    55.23    80.26  -147.38   -84.54  -164.88
B   C  964    -59.80   141.29    75.70    86.66  -114.60  -103.74  -156.21
B   G  965    112.46  -133.51  -172.20    84.19  -152.78   -63.34  -173.82
B   U  966    -59.45   176.82    40.49    79.52  -142.44   -83.08  -165.20
B   A  967    -53.73   160.28    57.83    86.92  -129.38   -93.10  -165.78
B   C  968    -54.19   147.20    45.38    81.33  -167.22   -70.85  -145.89
B   C  969    -68.49  -174.41    54.95    82.04  -156.27   -59.30  -166.52
B   C  970    -76.67  -178.03    55.99    83.72  -161.49   -65.05  -142.33
B   C  971    -79.54  -172.23    49.96    80.12  -142.49   -87.47  -136.76
B   A  972    -56.16  -158.63    43.00    89.43  -148.65   119.53  -171.03
B   G  973     46.60   142.88   161.90   105.97   -95.30  -135.72    24.93
B   C  974     49.80  -132.63    69.70    93.31   153.34   139.71  -144.21
B   C  975     53.55   142.60  -174.92    82.09  -136.79   -78.39  -147.39
B   A  976    -51.67   152.80    55.18    85.56 -9999.99 -9999.99  -156.45
