PDB data file name: tRNA_dataset/1euq_chain_B.pdb_new
-----------------------------------------------------------
CRITERIA USED TO GENERATE BASE-PAIR: 
  3.40 --> upper H-bond length limits (ON..ON).
 26.00 --> max. distance between paired base origins.
  2.50 --> max. vertical distance between paired base origins.
 65.00 --> max. angle between paired bases [0-90].
  5.40 --> min. distance between RN9/YN1 atoms.
  8.00 --> max. distance criterion for helix break[0-12]
-----------------------------------------------------------
BASE-PAIR INSTRUCTIONS: 
Column 1 is rnaview assigned base numbers n1_n2, start from 1.
Column 2 & 3 are chain ID & residue number in input PDB file.
Column 4 is for base pair. The left & right are the bases as 
         identified by column 2 & 3 and 5 & 6.
Column 5 & 6 are residue number & chain ID in input PDB file.
Column 7 is for base pair annotation. The standard Watson-Crick
         (W.C.) pairs are annotated as -/- (AU,AT) or +/+ (GC).
         Other pairs are annotated as Leontis_Westhof Classification.
         The three edges: W(Watson-Crick); H(Hoogsteen); S(suger).
         e.g. W/H means the pair is edge of Watson-Crick & Hoogsteen.
Column 8 is glycosidic bond orientation (either cis or trans).
         e.g. 'W/H cis' means the pair is interaction on Watson-Crick
         and Hoogsteen side, glycosidic bond orientation is 'cis'.
Column 9 corresponds to Saenger Classification.

Other columns: 
        Syn sugar-base conformations are annotated as (syn).
        Stacked base pairs are annotated as (stack).
        Non-identified edges are annotated as (.) or (?)
        Tertiary interactions are marked by (!) in the line.
Reference:
Yang et al (2003) Nucleic Acids Research, Vol31,No13,p3450-3461.
-----------------------------------------------------------
BEGIN_base-pair
     1_67, B:   902 G-C   971 B: +/+ cis         XIX
     2_66, B:   903 G-C   970 B: +/+ cis         XIX
     3_65, B:   904 G-C   969 B: +/+ cis         XIX
     4_64, B:   905 G-C   968 B: +/+ cis         XIX
      5_6, B:   906 U-A   907 B:      stacked
     5_63, B:   906 U-A   967 B: -/- cis         XX
     6_62, B:   907 A-U   966 B: -/- cis         XX
     6_63, B:   907 A-A   967 B:      stacked
     7_12, B:   908 U-A   913 B:      stacked
     7_13, B:   908 U-A   914 B: W/H tran        XXIV
     7_43, B:   908 U-A   945 B: S/W cis         n/a
     9_23, B:   910 G-C   925 B: +/+ cis         XIX
    10_22, B:   911 C-G   924 B: +/+ cis         XIX
    11_21, B:   912 C-G   923 B: +/+ cis         XIX
    12_20, B:   913 A-A   922 B: S/H tran        n/a
    13_19, B:   914 A-A   921 B: W/S cis         n/a
    14_44, B:   915 G-G   948 B: W/H tran     syn  VII
    16_51, B:   918 G-U   955 B: W/S tran        n/a
    17_52, B:   919 G-C   956 B: +/+ cis         XIX
    24_42, B:   926 A-C   944 B: W/W cis         n/a
    25_41, B:   927 C-G   943 B: +/+ cis         XIX
    26_40, B:   928 C-G   942 B: +/+ cis         XIX
    26_41, B:   928 C-G   943 B:      stacked
    27_39, B:   929 G-C   941 B: +/+ cis         XIX
    28_38, B:   930 G-C   940 B: W/S cis         n/a
    28_39, B:   930 G-C   941 B:      stacked
    29_30, B:   931 A-U   932 B:      stacked
    29_37, B:   931 A-U   939 B: -/- cis         XX
    31_35, B:   933 U-A   937 B: S/H tran        n/a
    38_39, B:   940 C-C   941 B:      stacked
    45_61, B:   949 C-G   965 B: +/+ cis         XIX
    46_60, B:   950 G-C   964 B: W/W cis         n/a
    46_61, B:   950 G-G   965 B:      stacked
    47_48, B:   951 A-G   952 B:      stacked
    47_59, B:   951 A-U   963 B: -/- cis         XX
    47_60, B:   951 A-C   964 B:      stacked
    48_58, B:   952 G-C   962 B: +/+ cis         XIX
    48_59, B:   952 G-U   963 B:      stacked
    49_57, B:   953 G-C   961 B: +/+ cis         XIX
    49_58, B:   953 G-C   962 B:      stacked
    50_51, B:   954 U-U   955 B:      stacked
    50_54, B:   954 U-A   958 B: W/H tran        XXIV
    52_53, B:   956 C-G   957 B:      stacked
    59_60, B:   963 U-C   964 B:      stacked
    63_64, B:   967 A-C   968 B:      stacked
    65_66, B:   969 C-C   970 B:      stacked
     8_21, B:   909 C-G   923 B: H/H tran        !1H(b_b)
    30_36, B:   932 U-U   938 B: W/W cis         !1H(b_b)
     7_19, B:   908 U-A   921 B: S/W tran        !(b_s)
      6_7, B:   907 A-U   908 B: S/. cis         !(s_s)
      7_8, B:   908 U-C   909 B: S/H cis         !(s_s)
    15_16, B:   916 C-G   918 B: S/? tran   syn    !(s_s)
    17_18, B:   919 G-U   920 B: S/H cis         !(s_s)
    18_19, B:   920 U-A   921 B: S/? cis         !(s_s)
    19_20, B:   921 A-A   922 B: S/? cis         !(s_s)
    31_33, B:   933 U-U   935 B: S/? tran        !(s_s)
    34_35, B:   936 G-A   937 B: S/H tran        !(s_s)
    70_71, B:   974 C-C   975 B: S/? cis         !(s_s)
END_base-pair

Summary of triplets and higher multiplets
BEGIN_multiplets
7_13_19_| [1 3]  B: 908 U  +  B: 914 A  +  B: 921 A
7_19_43_| [2 3]  B: 908 U  +  B: 921 A  +  B: 945 A
END_multiplets

  The total base pairs =  29 (from   72 bases)
------------------------------------------------
 Standard  WW--cis  WW-tran  HH--cis  HH-tran  SS--cis  SS-tran
       18        2        0        0        0        0        0
  WH--cis  WH-tran  WS--cis  WS-tran  HS--cis  HS-tran
        0        3        3        1        0        2
------------------------------------------------
