PDB data file name: ./Datasets/pdb_select_tRNA/5mre_b.pdb_new
-----------------------------------------------------------
CRITERIA USED TO GENERATE BASE-PAIR: 
  3.40 --> upper H-bond length limits (ON..ON).
 26.00 --> max. distance between paired base origins.
  2.50 --> max. vertical distance between paired base origins.
 65.00 --> max. angle between paired bases [0-90].
  5.40 --> min. distance between RN9/YN1 atoms.
  8.00 --> max. distance criterion for helix break[0-12]
-----------------------------------------------------------
BASE-PAIR INSTRUCTIONS: 
Column 1 is rnaview assigned base numbers n1_n2, start from 1.
Column 2 & 3 are chain ID & residue number in input PDB file.
Column 4 is for base pair. The left & right are the bases as 
         identified by column 2 & 3 and 5 & 6.
Column 5 & 6 are residue number & chain ID in input PDB file.
Column 7 is for base pair annotation. The standard Watson-Crick
         (W.C.) pairs are annotated as -/- (AU,AT) or +/+ (GC).
         Other pairs are annotated as Leontis_Westhof Classification.
         The three edges: W(Watson-Crick); H(Hoogsteen); S(suger).
         e.g. W/H means the pair is edge of Watson-Crick & Hoogsteen.
Column 8 is glycosidic bond orientation (either cis or trans).
         e.g. 'W/H cis' means the pair is interaction on Watson-Crick
         and Hoogsteen side, glycosidic bond orientation is 'cis'.
Column 9 corresponds to Saenger Classification.

Other columns: 
        Syn sugar-base conformations are annotated as (syn).
        Stacked base pairs are annotated as (stack).
        Non-identified edges are annotated as (.) or (?)
        Tertiary interactions are marked by (!) in the line.
Reference:
Yang et al (2003) Nucleic Acids Research, Vol31,No13,p3450-3461.
-----------------------------------------------------------
BEGIN_base-pair
     1_72, B:     1 G-C    72 B: +/+ cis         XIX
     2_71, B:     2 G-C    71 B: +/+ cis         XIX
     3_70, B:     3 C-G    70 B: +/+ cis         XIX
      4_5, B:     4 U-A     5 B:      stacked
     4_69, B:     4 U-A    69 B: -/- cis         XX
     5_69, B:     5 A-A    69 B: W/W cis         n/a
     7_66, B:     7 G-C    66 B: +/+ cis         XIX
     8_13, B:     8 U-C    13 B:      stacked
     9_23, B:     9 A-A    23 B: H/H tran   syn    II
    11_24, B:    11 C-G    24 B: +/+ cis         XIX
    12_23, B:    12 U-A    23 B: -/- cis         XX
    13_23, B:    13 C-A    23 B: W/W cis         n/a
    14_15, B:    14 A-G    15 B:      stacked
    22_46, B:    22 G-G    46 B: H/W tran        VII
    26_44, B:    26 A-G    44 B: W/W cis         VIII
    27_44, B:    27 C-G    44 B: W/W cis         n/a
    28_29, B:    28 A-U    29 B:      stacked
    28_42, B:    28 A-U    42 B: -/- cis         XX
    29_41, B:    29 U-A    41 B: -/- cis         XX
    29_42, B:    29 U-U    42 B:      stacked
    30_31, B:    30 C-A    31 B:      stacked
    31_40, B:    31 A-G    40 B:      stacked
    38_39, B:    38 A-U    39 B:      stacked
    50_64, B:    50 C-G    64 B: +/+ cis         XIX
    52_53, B:    52 G-G    53 B:      stacked
    52_62, B:    52 G-C    62 B: +/+ cis         XIX
    53_61, B:    53 G-C    61 B: +/+ cis         XIX
    54_58, B:    54 U-A    58 B: W/H tran        XXIV
     8_46, B:     8 U-G    46 B: S/S cis         !1H(b_b)
    10_45, B:    10 G-G    45 B: H/S cis         !1H(b_b)
    18_55, B:    18 G-U    55 B: W/S tran        !1H(b_b)
     8_47, B:     8 U-U    47 B: S/? cis         !(b_s)
    49_59, B:    49 A-A    59 B: ?/S tran        !(b_s)
    17_18, B:    17 U-G    18 B: S/. tran        !(s_s)
    17_60, B:    17 U-U    60 B: ?/S cis         !(s_s)
    33_36, B:    33 U-U    36 B: W/H tran        !(s_s)
    47_48, B:    47 U-C    48 B: S/S cis         !(s_s)
    75_76, B:    75 C-A    76 B: S/S tran        !(s_s)
END_base-pair

Summary of triplets and higher multiplets
BEGIN_multiplets
9_12_23_| [1 3]  B: 9 A  +  B: 12 U  +  B: 23 A
9_13_23_| [2 3]  B: 9 A  +  B: 13 C  +  B: 23 A
END_multiplets

  The total base pairs =  19 (from   76 bases)
------------------------------------------------
 Standard  WW--cis  WW-tran  HH--cis  HH-tran  SS--cis  SS-tran
       12        4        0        0        1        0        0
  WH--cis  WH-tran  WS--cis  WS-tran  HS--cis  HS-tran
        0        2        0        0        0        0
------------------------------------------------
