The backbone torsional angle for nucleic acid 

 
Note: alpha:   O3'(i-1)-P-O5'-C5'
      beta:    P-O5'-C5'-C4'
      gamma:   O5'-C5'-C4'-C3'
      delta:   C5'-C4'-C3'-O3'
      epsilon: C4'-C3'-O3'-P(i+1)
      zeta:    C3'-O3'-P(i+1)-O5'(i+1)

      chi for pyrimidines(Y): O4'-C1'-N1-C2
          chi for purines(R): O4'-C1'-N9-C4

    (The number -9999.99 means that the angle can not be calculated) 

Ch Res  Num    alpha    beta     gamma    delta  epsilon    zeta     chi
U   G    1  -9999.99 -9999.99  -148.70   148.09  -142.84  -173.39  -105.61
U   C    2    -55.97   159.09    39.18    85.25  -163.59   -83.63  -176.50
U   C    3    159.24  -138.50   175.74   146.10  -150.13   -83.01  -160.73
U   C    4    159.62   170.00   151.50    82.44  -155.98   -84.18  -147.49
U   G    5    159.51  -153.85   157.10    81.54  -162.47   -84.84  -166.55
U   G    6    154.54  -142.72   174.23    82.21  -123.73   -88.91   179.18
U   A    7    -42.10   164.57    53.53   137.91   -89.32   -99.54  -140.43
U   U    8     72.95   109.95   -15.92    83.35  -143.53  -131.71  -105.92
U   A    9     56.48  -143.52   -79.73   148.81  -118.39   -73.54  -108.88
U   G   10   -173.12  -145.87    44.36    81.76  -142.60   -74.59   179.28
U   C   11    174.98  -166.24   155.46    78.17  -130.62   -90.54  -153.81
U   U   12    -55.83   151.50    57.06    76.52  -130.66   -72.68  -159.93
U   C   13    -58.53   166.43    56.05    76.27  -157.23   -86.38  -154.61
U   A   14    -67.69   156.29    72.99    77.37  -108.74  -130.51  -174.53
U   G   15    109.45   -96.17   177.42    81.12  -140.67   -50.60  -176.02
U   U   16    -75.93  -166.17    60.46    72.82  -107.13    95.32  -107.50
U   C   17     55.50   140.88   -63.75    80.49  -148.47    39.64  -166.27
U   G   18    167.87   176.67   -65.55   148.06   -56.62  -152.95  -107.84
U   G   19   -156.19   138.66   116.69   154.74   -67.92  -121.90   -96.79
U   U   20    161.64  -112.85   179.80    78.62  -111.62   -40.01  -146.33
U   A   21    -85.14   123.48   176.08    81.99  -149.77  -107.71  -167.31
U   G   22    -79.17   154.91    75.34    77.10  -144.53   -36.55   178.06
U   A   23   -145.23    90.36  -163.63    75.65  -133.14   -21.08   -14.80
U   G   24   -100.22  -169.41    55.40    79.98  -169.84   -91.03  -167.45
U   C   25    174.49  -140.54   151.02    79.76  -127.81   -83.72  -174.95
U   A   26    -50.48   171.30    36.36    81.18  -133.13   -73.39  -179.20
U   G   27    -59.33   173.07    55.23    82.57  -139.46   -79.29  -171.64
U   G   28    -57.40   172.87    38.61    77.56  -145.41   -89.55  -167.13
U   G   29    -44.80   156.24    54.96    79.09  -143.45  -107.27  -169.80
U   G   30    136.71  -124.81   179.79    84.00  -115.71   -92.17   169.33
U   A   31    -47.80   153.79    47.22    77.09  -138.19   -66.63  -168.80
U   U   32    -65.91  -178.21    54.39    80.51  -115.73   -87.87  -169.79
U   U   33    -51.02   155.23    57.62    79.80  -134.49   -52.05  -155.74
U   C   34   -166.06   132.37    40.22    82.58  -128.75   -86.70  -156.75
U   C   35    -47.29   159.53    34.92    77.28  -157.29   -82.22  -149.36
U   G   36    136.19  -145.06  -166.79    81.89  -136.50   -63.64   174.65
U   U   37    -70.89   179.78    57.48    77.87  -150.04   -93.36  -165.77
U   A   38    148.94  -124.78   160.75    82.69  -128.61   -59.67  -175.32
U   U   39    -67.69   169.01    61.58    78.21  -137.03   -85.40  -152.89
U   C   40    -47.09   159.67    48.70    75.71  -141.68   -79.57  -169.96
U   C   41    -55.11   162.08    57.95    76.77  -141.78   -76.13  -162.06
U   C   42    -58.67   161.20    65.00    79.02  -142.52   -90.60  -155.96
U   C   43    -42.60   155.93    41.43    73.38  -135.03   -63.16    33.60
U   G   44    -97.35   135.67   126.84    82.04  -121.74   -57.48  -168.16
U   U   45    -67.74   179.96    32.93    78.65  -101.22  -148.68    43.68
U   G   46    105.02  -114.01  -137.60   146.45   -98.17   -74.87  -115.15
U   U   47    105.29   132.94    50.28    72.52  -146.79    29.94  -136.81
U   C   48     88.78   136.30   -29.20   148.90  -153.04    78.37    48.12
U   C   49     75.10   150.50    23.25    77.20  -157.70  -108.32  -168.03
U   U   50    171.75  -133.01   149.93    78.51  -126.14   -84.35  -168.11
U   U   51    -45.77   161.54    58.97   129.81  -147.41  -101.90  -151.15
U   G   52    123.43  -161.36   173.75    76.28  -152.19   -73.91  -166.26
U   G   53    -67.03   164.43    67.99    80.82  -138.52   -79.47  -176.60
U   U   54    -54.02   164.05    49.46    79.95 -9999.99 -9999.99  -162.26
U   U   55  -9999.99   105.46    43.88    80.25  -134.00  -111.44   127.59
U   C   56   -141.16  -139.01    -0.19    79.76  -130.25   -97.48  -144.67
U   G   57   -162.05  -135.31   160.05    81.79  -149.21   -72.57  -158.58
U   A   58    -64.06  -137.81    69.83   139.39   -88.50  -147.20   -76.67
U   U   59     28.32  -128.04   103.54    79.71   155.93    38.62   173.17
U   U   60   -170.66   152.00   119.45   141.22  -130.82   -19.73  -165.30
U   C   61    120.43   171.04   162.41    80.64  -128.54   -79.12  -176.72
U   C   62    -66.44   152.48    70.47    79.85  -139.95   -59.38  -157.64
U   G   63    -75.60  -166.67    56.25   143.49  -158.40  -122.29  -112.79
U   A   64    -84.75   166.96    43.10    75.09  -155.55   -75.48  -154.46
U   G   65    -69.11   164.45    67.32    82.41  -148.41   -72.61  -165.14
U   U   66    -67.75   163.92    64.69    79.53  -144.84   -74.82  -154.46
U   C   67    -61.21   167.48    49.54    73.80  -142.59   -75.48  -162.19
U   C   68    -57.91   173.24    59.27    79.03  -176.56   -91.08  -168.27
U   G   69   -178.90  -137.11   136.63    79.37  -142.88   -75.06  -163.10
U   G   70    -66.31   167.69    58.98    81.00  -141.83   -50.09  -170.19
U   G   71   -126.90   154.77   152.98    81.55  -163.94   -86.36   166.66
U   C   72    127.78   176.18  -129.79    79.84  -126.42   -17.59  -106.57
U   A   73    167.40  -172.03   164.30   145.55  -116.89   -36.07  -170.16
U   C   74   -151.79  -103.96   161.49    82.14  -130.55   -79.93  -157.49
U   C   75    -52.31   163.85    42.72    81.43  -105.16   -42.54  -158.94
U   A   76   -114.40    80.41   151.08    83.01 -9999.99 -9999.99  -143.47
