The backbone torsional angle for nucleic acid 

 
Note: alpha:   O3'(i-1)-P-O5'-C5'
      beta:    P-O5'-C5'-C4'
      gamma:   O5'-C5'-C4'-C3'
      delta:   C5'-C4'-C3'-O3'
      epsilon: C4'-C3'-O3'-P(i+1)
      zeta:    C3'-O3'-P(i+1)-O5'(i+1)

      chi for pyrimidines(Y): O4'-C1'-N1-C2
          chi for purines(R): O4'-C1'-N9-C4

    (The number -9999.99 means that the angle can not be calculated) 

Ch Res  Num    alpha    beta     gamma    delta  epsilon    zeta     chi
B   G    2  -9999.99   157.63    67.66    83.38  -137.14   -79.71  -177.21
B   G    3    -58.39   161.67    57.16    77.35  -148.94   -77.97  -172.99
B   G    4    -48.28   169.39    45.75    79.51  -168.38   -49.22  -159.93
B   G    5    165.29   173.17   170.22    83.29  -139.54   -71.16  -174.62
B   U    6    -57.89   179.13    47.90    83.36   176.44   -73.52  -153.38
B   A    7   -171.41  -144.14   156.07   121.18   -57.33   -90.42  -152.72
B   U    8    -35.37  -174.91    47.72    85.43  -137.30  -141.90  -164.57
B   C    9   -124.18  -148.67   103.92   117.39   -66.02   -85.55  -112.22
B   G   10   -135.19   137.77    37.69    83.59  -147.33   -71.86   177.98
B   C   11    -87.40  -177.25    61.79    82.00  -137.50   -92.65  -170.08
B   C   12    116.08  -157.69  -150.59    89.28  -133.84   -52.54  -163.15
B   A   13    -60.50   177.24    52.58    81.93   178.08   -77.97  -156.72
B   A   14    172.63  -178.04   166.83    89.46  -105.44   -77.60  -177.21
B   G   15    -39.43   148.58    53.23    78.30   128.50    45.48  -134.08
B   C   16    154.91   -96.60    70.86    92.18    19.80   -51.46  -167.35
B   G   18    167.19   125.78   -45.19   102.65  -172.45  -107.66  -108.86
B   G   19    -58.23  -173.50    71.03   109.51  -171.29  -168.11  -100.29
B   U   20    -60.20   124.10    59.01    82.33    68.56  -107.80  -124.47
B   A   21   -124.78  -163.09  -164.04    88.10  -168.58  -110.95  -150.12
B   A   22    168.77   143.47   174.96    83.48  -123.75   -64.11  -176.48
B   G   23    -58.66   158.54    54.02    76.60  -144.59   -85.35  -174.97
B   G   24    -44.33   157.62    51.32    79.76  -152.38   -70.38  -174.80
B   C   25    -81.18  -178.85    60.99    81.20  -149.33   -58.36  -169.42
B   A   26    -78.18   179.07    60.52    82.00  -148.52   -62.37  -164.10
B   C   27    -60.07   177.61    47.47    80.24  -146.29   -87.22  -160.82
B   C   28    -63.67   167.31    59.68    84.62  -142.66   -22.64  -160.60
B   G   29   -139.32    80.01   159.40    89.91   -96.88  -127.44   171.95
B   G   30     -2.11   114.53    30.42    77.49  -173.32   -64.86  -173.51
B   A   31    -80.66  -150.53    48.18    82.27  -170.37   -86.22  -157.83
B   U   32    164.88  -152.45   164.22    83.44  -120.66   -66.34   179.60
B   U   33    -55.74   175.30    45.05    83.70  -111.73  -118.07  -173.20
B   C   34     62.78  -147.49    75.39   103.13  -111.89  -170.02  -153.68
B   U   35    -17.46   166.93    59.50   110.14  -119.00   -28.52  -122.86
B   G   36    -77.04   -96.61   144.06   107.20   -30.57   -81.82  -112.20
B   A   37    -34.92   177.30    55.26    81.36  -142.84   -60.09  -176.55
B   U   38    -57.34   174.81    50.79    84.82  -140.11   -63.45  -169.21
B   U   39    -65.09   174.27    48.70    83.71  -148.32   -69.75   160.45
B   C   40    -67.72  -168.69    48.65    87.61  -174.65   -53.82  -152.57
B   C   41    -68.47  -164.58    34.05    83.21  -141.81   -87.31  -156.60
B   G   42    -39.15   146.29    50.99    75.94  -159.37   -67.93  -172.90
B   G   43    -56.67  -170.45    44.89    82.79  -166.51   -69.07  -147.48
B   C   44    105.58  -174.22  -141.54    93.44   -77.95  -147.62  -156.13
B   A   45    -55.53  -170.78    53.96    79.86    52.70   137.53   -97.53
B   U   46     36.66  -135.05   -63.76    77.35  -122.18  -175.50   -80.49
B   U   47    -79.10   100.30    45.68    84.83  -172.68  -134.66   135.78
B   C   48    -30.32   145.79    58.42   106.65  -169.92   130.29  -137.74
B   C   49     33.22  -165.62    46.52    90.10  -154.16   -65.50  -163.30
B   G   50    -72.36  -170.18    47.36    82.20  -163.77   -64.97  -161.63
B   A   51    -59.25  -176.51    42.50    82.37  -169.32   -79.23  -154.56
B   G   52    157.62  -154.33   165.65    81.82  -125.72   -76.59   179.32
B   G   53    -56.48   164.43    58.18    76.15  -155.96   -75.18  -173.06
B   U   54    -63.90  -178.43    48.40    84.02  -137.86   -65.63  -155.44
B   U   55    -61.32   179.86    47.75    82.87  -140.56   -51.54  -148.90
B   C   56   -173.42   140.64    42.48    83.78  -139.66   -69.39  -179.26
B   G   57    -69.97   173.37    53.53    86.34  -143.22   -70.27  -160.45
B   A   58    -87.97  -128.91    69.37   107.07   -18.42   130.00   -92.03
B   A   59     59.01  -155.07    52.44    90.91  -172.84   -76.06  -165.88
B   U   60    165.54  -106.69   149.45    99.58   -88.36   -57.55  -168.49
B   C   61    -97.85  -161.18    48.97    86.51  -153.23  -116.93  -171.33
B   C   62     26.96   122.64     9.73    84.88  -168.96   -41.53  -156.87
B   U   63   -165.29   131.41   155.45    88.59  -117.59   -86.98  -170.39
B   C   64    -23.81   148.82    22.99    78.86  -168.74   -70.64  -159.52
B   G   65    166.28  -170.71   170.64    86.74  -134.78   -74.33   178.47
B   U   66    -53.86   163.17    46.95    81.90  -153.91   -74.95  -167.00
B   A   67    -64.16  -177.66    47.49    81.51  -155.82   -69.72  -150.49
B   C   68    -69.77   169.67    60.54    82.68  -145.24   -86.95  -159.27
B   C   69    -38.25   165.89    36.18    84.86  -155.35   -67.05  -165.38
B   C   70    -61.46  -172.65    37.25    85.82  -168.84   -62.48  -156.99
B   C   71    -90.19  -160.01    61.93    89.84  -148.83   -78.96  -141.37
B   A   72    -69.70  -158.46    48.29    87.13  -151.20   109.50  -165.95
B   G   73     47.16   131.89   167.97   113.48  -108.37  -124.07    31.80
B   C   74     40.50  -138.05    92.01   110.66  -175.83    95.31  -142.99
B   C   75     67.87   123.08   177.15    88.36  -139.57   -72.06  -163.64
B   A   76    -60.37   162.48    55.76    78.36 -9999.99 -9999.99  -149.20
