The backbone torsional angle for nucleic acid 

 
Note: alpha:   O3'(i-1)-P-O5'-C5'
      beta:    P-O5'-C5'-C4'
      gamma:   O5'-C5'-C4'-C3'
      delta:   C5'-C4'-C3'-O3'
      epsilon: C4'-C3'-O3'-P(i+1)
      zeta:    C3'-O3'-P(i+1)-O5'(i+1)

      chi for pyrimidines(Y): O4'-C1'-N1-C2
          chi for purines(R): O4'-C1'-N9-C4

    (The number -9999.99 means that the angle can not be calculated) 

Ch Res  Num    alpha    beta     gamma    delta  epsilon    zeta     chi
6   U    1  -9999.99  -145.10    49.92    81.33  -143.85   -73.88  -173.43
6   U    2    -65.75   178.30    52.25    81.49  -150.63   -74.28  -166.69
6   C    3    -63.56   171.69    54.14    81.30  -151.52   -72.09  -165.86
6   C    4    -62.03   168.19    57.30    80.19  -153.00   -72.89  -167.86
6   U    5    -61.01   173.32    53.00    81.02  -169.81   -89.55  -164.38
6   C    6    179.21  -145.05   147.28    82.21  -138.28   -81.20  -176.14
6   G    7    -51.26   172.79    61.71   148.27   -85.64   -52.98  -132.53
6   U    8    -71.12  -167.66    58.16    81.70  -113.62  -156.63  -145.55
6   G    9     41.59   178.23   -60.88   148.76   -96.15  -100.49   -82.16
6   G   10    173.50  -153.85    61.72    83.54  -135.15   -84.35   171.53
6   C   11    -66.49   177.25    54.61    83.80  -153.68   -72.99  -165.84
6   C   12    -65.61   178.71    50.84    83.87  -160.48   -74.94  -155.69
6   C   13    160.24  -147.95   163.33    80.94  -145.41   -87.51  -167.83
6   A   14    -57.49   176.62    53.17    78.90  -152.74   -73.23  -169.40
6   A   15    -58.36   161.09    74.86   145.75  -126.59   -68.81  -139.65
6   U   16    127.42   108.67    81.84    81.24  -147.25   -49.95  -154.87
6   G   17   -153.14  -142.05   -66.17   147.85  -140.05  -116.69  -100.38
6   G   18    -97.56  -150.05    55.50   146.46   -73.65   101.41   -58.90
6   U   19   -122.09  -130.64   163.51   148.79  -102.92   -88.76  -123.94
6   C   20    -36.83   176.34  -164.55    81.46  -125.68   167.99  -158.77
6   A   21     13.89   123.24   -23.61   148.68  -135.60   163.45  -109.82
6   C   22     23.83   160.21   -69.06    82.27  -166.72   -72.72  -157.39
6   G   23    151.85  -147.06   167.70    81.82  -124.03   -92.78   175.42
6   G   24    -52.80   152.24    51.96    79.21  -139.82   -74.81  -177.45
6   C   25    -56.49   166.11    57.17    77.21  -141.52   -54.10  -177.06
6   G   26    -72.85   171.33    65.50    79.32  -145.21   -68.48   177.30
6   U   27    -67.36  -177.56    52.07    80.02  -152.29   -68.59  -168.90
6   C   28    -66.22   168.99    59.59    80.34  -156.26   -70.48  -169.08
6   U   29    -62.21  -174.90    45.84    80.10  -149.90   -89.65  -162.66
6   G   30    136.71  -146.81  -177.77    80.66  -128.43   -79.94   176.76
6   G   31    -50.74   166.67    48.07    79.23  -136.60   -74.31   177.51
6   C   32    -60.62  -177.65    48.97    82.21  -146.93   -50.16  -177.73
6   U   33    -80.59  -168.54    47.16    79.32  -131.94   -60.91  -155.78
6   U   34    171.20   158.69    47.33    83.03  -140.80   -65.68  -176.06
6   C   35    -68.69  -179.74    49.72    80.96  -151.51   -76.98  -156.94
6   G   36    -58.99   164.63    57.78    81.02  -155.50   -73.82  -159.51
6   A   37    161.99  -158.31   163.08    81.32  -118.18   -70.55   166.90
6   A   38    -65.99   170.60    49.89    79.28  -139.04   -63.12  -177.17
6   C   39    -63.97   172.45    61.49    81.76  -153.89   -74.26  -175.19
6   C   40    -72.20  -176.35    54.47    82.36  -153.39   -70.40  -169.00
6   A   41    -64.83  -177.68    50.07    82.32  -157.83   -73.66  -158.99
6   G   42    140.51  -155.95  -170.58    80.52  -134.72   -85.51  -176.80
6   A   43    -47.83   166.57    49.56    80.81  -152.45   -80.27  -161.76
6   A   44    -54.39   161.40    54.57    80.64  -140.17   -83.65  -167.20
6   G   45    -47.60   157.68    50.01    81.37  -120.32   -73.07  -165.40
6   A   46    -61.17  -122.22    20.03   143.95  -116.92   150.82   -56.23
6   U   47     38.56    89.66   124.30   145.77  -113.60    70.39  -125.74
6   U   48    -89.83  -118.04    41.75   144.35  -155.75    81.43  -124.41
6   C   49     51.11   159.41    36.73    82.16  -141.19   -76.91  -171.40
6   C   50    -60.95   172.44    51.90    80.98  -149.31   -74.64  -163.88
6   A   51    -64.56   176.00    50.19    80.84  -162.32   -78.86  -163.72
6   G   52    163.09  -156.66   164.27    81.72  -135.62   -83.30  -179.01
6   G   53    -62.81   169.76    54.96    81.70  -150.71   -68.86  -175.00
6   U   54    -67.92  -170.95    47.43    81.55  -127.25   -76.60  -163.85
6   U   55    -57.57   164.31    54.54    78.30  -136.53   -53.20  -157.53
6   C   56   -174.71   143.04    45.24    82.49  -138.47   -67.48  -161.27
6   A   57    -59.54   171.84    46.28    79.91   -97.75  -164.18  -170.47
6   A   58    109.77   -91.60  -148.97   147.09   -82.85  -101.30  -130.29
6   G   59     63.21  -139.07    74.93    82.80   160.67    31.38  -179.95
6   U   60    160.91   138.91   156.64   145.07   -96.15   -32.79  -136.45
6   C   61    -90.75  -164.58    30.87    79.68  -151.33   -72.21  -165.21
6   C   62    -63.74   174.80    53.70    81.08  -151.46   -75.91  -165.16
6   U   63    -65.70  -174.22    47.16    81.93  -148.06   -77.22  -170.44
6   G   64    -61.73   165.67    55.85    81.22  -151.13   -73.93  -172.16
6   G   65    -63.64   173.59    54.55    81.79  -150.04   -72.95  -167.53
6   C   66    -60.84   171.79    51.53    81.01  -136.54   -83.12  -161.79
6   G   67    -57.98   161.98    50.35    79.31  -145.74   -72.50  -172.07
6   G   68    -60.58   177.95    50.25    78.73  -149.48   -79.62  -165.41
6   G   69    -59.28   161.99    57.84    80.55  -152.21   -77.81  -168.03
6   G   70    -58.48   166.61    55.13    80.91  -144.95   -76.80  -167.87
6   A   71    -60.92   172.05    47.04    80.78  -145.70   -75.50  -166.72
6   A   72    -61.97  -178.00    41.49    81.67  -172.87   -85.11  -161.54
6   G   73   -176.64  -136.65   135.80    81.04   -99.73   121.23  -169.71
6   C   74   -103.85   146.46    53.95    85.24  -164.13   -71.90  -158.40
6   C   75    -97.74  -146.27    52.72    89.45   -95.13   -62.02  -116.26
6   A   76    -91.59    62.40   169.73   145.86 -9999.99 -9999.99  -111.23
