PDB data file name: tRNA_dataset/1c0a_chain_B.pdb_new
uncommon residue 4SU  608  on chain B [#8] assigned to: u
uncommon residue H2U  616  on chain B [#16] assigned to: u
uncommon residue H2U  620  on chain B [#20] assigned to: u
uncommon residue H2U  620A on chain B [#21] assigned to: u
uncommon residue QUO  634  on chain B [#35] assigned to: g
uncommon residue G7M  646  on chain B [#47] assigned to: g
uncommon residue 5MU  654  on chain B [#55] assigned to: u
uncommon residue PSU  655  on chain B [#56] assigned to: P
uncommon residue PSU  665  on chain B [#66] assigned to: P
-----------------------------------------------------------
CRITERIA USED TO GENERATE BASE-PAIR: 
  3.40 --> upper H-bond length limits (ON..ON).
 26.00 --> max. distance between paired base origins.
  2.50 --> max. vertical distance between paired base origins.
 65.00 --> max. angle between paired bases [0-90].
  5.40 --> min. distance between RN9/YN1 atoms.
  8.00 --> max. distance criterion for helix break[0-12]
-----------------------------------------------------------
BASE-PAIR INSTRUCTIONS: 
Column 1 is rnaview assigned base numbers n1_n2, start from 1.
Column 2 & 3 are chain ID & residue number in input PDB file.
Column 4 is for base pair. The left & right are the bases as 
         identified by column 2 & 3 and 5 & 6.
Column 5 & 6 are residue number & chain ID in input PDB file.
Column 7 is for base pair annotation. The standard Watson-Crick
         (W.C.) pairs are annotated as -/- (AU,AT) or +/+ (GC).
         Other pairs are annotated as Leontis_Westhof Classification.
         The three edges: W(Watson-Crick); H(Hoogsteen); S(suger).
         e.g. W/H means the pair is edge of Watson-Crick & Hoogsteen.
Column 8 is glycosidic bond orientation (either cis or trans).
         e.g. 'W/H cis' means the pair is interaction on Watson-Crick
         and Hoogsteen side, glycosidic bond orientation is 'cis'.
Column 9 corresponds to Saenger Classification.

Other columns: 
        Syn sugar-base conformations are annotated as (syn).
        Stacked base pairs are annotated as (stack).
        Non-identified edges are annotated as (.) or (?)
        Tertiary interactions are marked by (!) in the line.
Reference:
Yang et al (2003) Nucleic Acids Research, Vol31,No13,p3450-3461.
-----------------------------------------------------------
BEGIN_base-pair
     3_71, B:   603 A-U   670 B: -/- cis         XX
     5_69, B:   605 C-G   668 B: +/+ cis         XIX
    13_23, B:   613 C-G   622 B: +/+ cis         XIX
    28_44, B:   627 C-G   643 B: +/+ cis         XIX
    29_43, B:   628 C-G   642 B: +/+ cis         XIX
    32_40, B:   631 C-G   639 B: +/+ cis         XIX
    51_65, B:   650 C-G   664 B: +/+ cis         XIX
     1_73, B:   601 G-C   672 B: +/+ cis         XIX
     2_72, B:   602 G-C   671 B: +/+ cis         XIX
     6_68, B:   606 G-C   667 B: +/+ cis         XIX
     7_67, B:   607 G-C   666 B: +/+ cis         XIX
    19_57, B:   619 G-C   656 B: +/+ cis    syn    XIX
    31_41, B:   630 G-C   640 B: +/+ cis         XIX
    52_64, B:   651 G-C   663 B: +/+ cis         XIX
    53_63, B:   652 G-C   662 B: +/+ cis         XIX
    54_62, B:   653 G-C   661 B: +/+ cis         XIX
    11_25, B:   611 U-A   624 B: -/- cis         XX
    12_24, B:   612 U-A   623 B: -/- cis         XX
    30_42, B:   629 U-A   641 B: -/- cis         XX
    27_45, B:   626 A-G   644 B: W/W cis         VIII
    33_39, B:   632 C-C   638 B: W/W cis         n/a
     4_70, B:   604 G-U   669 B: W/W cis         XXVIII
    10_26, B:   610 G-U   625 B: W/W cis         XXVIII
    26_46, B:   625 U-G   645 B: W/W cis         XXVIII
    15_49, B:   615 G-C   648 B: W/W tran        XXII
     9_24, B:   609 A-A   623 B: H/H tran        II
END_base-pair

Summary of triplets and higher multiplets
BEGIN_multiplets
9_12_24_| [1 3]  B: 609 A  +  B: 612 U  +  B: 623 A
10_26_46_| [2 3]  B: 610 G  +  B: 625 U  +  B: 645 G
13_23_47_| [3 3]  B: 613 C  +  B: 622 G  +  B: 646 g
19_20_57_| [4 3]  B: 619 G  +  B: 620 u  +  B: 656 C
END_multiplets

  The total base pairs =  32 (from   77 bases)
------------------------------------------------
 Standard  WW--cis  WW-tran  HH--cis  HH-tran  SS--cis  SS-tran
       19        6        1        0        1        0        0
  WH--cis  WH-tran  WS--cis  WS-tran  HS--cis  HS-tran
        0        3        0        1        1        0
------------------------------------------------
