The backbone torsional angle for nucleic acid 

 
Note: alpha:   O3'(i-1)-P-O5'-C5'
      beta:    P-O5'-C5'-C4'
      gamma:   O5'-C5'-C4'-C3'
      delta:   C5'-C4'-C3'-O3'
      epsilon: C4'-C3'-O3'-P(i+1)
      zeta:    C3'-O3'-P(i+1)-O5'(i+1)

      chi for pyrimidines(Y): O4'-C1'-N1-C2
          chi for purines(R): O4'-C1'-N9-C4

    (The number -9999.99 means that the angle can not be calculated) 

Ch Res  Num    alpha    beta     gamma    delta  epsilon    zeta     chi
B   G  601  -9999.99   161.44    50.27    82.09  -147.46   -73.40  -175.91
B   G  602    -49.35   177.42    47.21    80.14  -152.51   -76.97  -169.37
B   A  603    -63.40  -178.81    49.97    81.54  -158.72   -68.21  -164.17
B   G  604    -65.93   178.77    53.13    79.41  -144.29   -78.52  -168.44
B   C  605    -53.15   166.76    48.58    79.57  -148.89   -76.43  -166.30
B   G  606    -59.68   170.29    58.16    80.32  -154.11   -66.33  -165.14
B   G  607    -53.16   177.88    57.15   137.60   -93.87   -56.68  -139.88
B 4SU  608    -75.13  -156.72    58.59    88.95  -119.08  -128.13  -159.63
B   A  609    169.05   156.53   176.84   140.29   -83.33   -50.56  -108.81
B   G  610   -162.05   164.53    54.03    84.85  -142.78   -67.14  -178.96
B   U  611    -66.79   177.16    55.67    88.08  -144.12   -67.08  -160.07
B   U  612    -74.29   168.46    60.75    78.31  -153.09   -83.19  -162.25
B   C  613    -58.41   162.61    54.39    82.01  -156.72   -70.62  -162.83
B   A  614    -62.38   174.88    54.21    72.54  -147.29   -62.89  -167.65
B   G  615    -54.70   170.13    47.04    83.27  -172.77   164.62  -160.47
B H2U  616    -66.30   160.94    44.48   140.58   -95.19   -71.82   123.27
B   C  617    113.98   131.72    45.65   144.11   -48.13   -44.57   -95.81
B   G  618    150.33   123.16    36.53   140.14  -133.11  -131.54  -107.68
B   G  619    -61.78  -156.83    33.66   130.78    75.01  -155.71   -76.26
B H2U  620     65.32    99.64    36.89    82.55  -177.65  -151.71  -157.05
B H2U  620     67.93  -162.49    56.22   148.51  -132.83   -63.15   -89.89
B   A  621    101.94   152.14    41.94   140.84  -126.89  -141.61  -108.76
B   G  622     80.05  -164.96  -176.68    83.66  -156.73   -75.52  -156.22
B   A  623    -59.13   163.28    59.99    82.42  -152.42   -74.37  -155.80
B   A  624    -64.73   170.98    52.38    82.30  -145.04   -70.99  -157.59
B   U  625    -60.15   162.25    52.89    82.98  -151.24   -66.66  -162.30
B   A  626    -67.36   167.20    57.15    85.47  -131.35   -77.62  -166.47
B   C  627    -56.23   164.51    48.70    80.01  -141.90   -81.81  -156.71
B   C  628    -52.14   167.81    41.88    79.37  -145.91   -73.45  -158.49
B   U  629    -51.02   178.70    37.51    80.28  -159.40   -69.91  -160.33
B   G  630    -58.84   179.90    43.39    82.56  -169.00   -62.68  -165.88
B   C  631    -79.45  -167.81    53.52    84.24  -166.71   -60.70  -158.84
B   C  632    -78.23  -172.25    52.79    83.28  -135.33  -115.11  -158.40
B   U  633     57.58   173.20    61.17   141.33  -112.41   161.54  -137.29
B QUO  634   -103.91   174.41    50.04   149.23   -76.55   106.51  -119.30
B   U  635    -99.19   143.81    44.11    86.37  -151.78   -53.36  -163.04
B   C  636    -77.15   176.29    63.70    86.64  -147.58   166.18  -159.47
B   A  637     39.75  -114.83    50.83   149.80  -117.43   -71.72   -83.06
B   C  638    -74.53   151.74  -171.64    80.65  -145.90   -69.75  -148.47
B   G  639    -47.45   166.92    43.86    82.36  -148.40   -67.88  -164.41
B   C  640    -56.76  -177.05    45.90    83.54  -144.17   -79.38  -160.86
B   A  641    -68.27   161.09    60.20    83.94  -151.13   -79.10  -172.50
B   G  642    -87.87   179.16    66.11    84.46  -168.40   -67.56  -171.31
B   G  643    -62.20  -175.99    53.03    82.46  -145.57   -90.34  -166.39
B   G  644    -52.47   156.98    51.24    80.56  -156.18   -60.60  -166.86
B   G  645    -60.96  -172.17    52.06    84.80  -150.86   -84.00  -143.27
B G7M  646    -58.12  -171.49    62.11    84.27  -127.22   -65.49  -133.22
B   U  647    -51.41   173.63    64.44   150.03  -110.87    99.17  -129.91
B   C  648    -48.63   146.07    30.07   140.42  -131.69    84.25  -135.39
B   G  649     27.52  -165.35    66.65    86.69  -143.42   -67.41  -179.15
B   C  650    -57.50   179.54    40.70    81.86  -157.20   -71.07  -157.31
B   G  651    -68.68   178.48    50.60    82.95  -160.87   -58.01  -161.38
B   G  652    -70.97   179.35    57.29    78.46  -154.74   -64.97  -165.37
B   G  653    -65.27   168.46    65.10    78.69  -159.70   -74.84  -170.47
B 5MU  654    -62.06  -174.80    47.70    81.91  -134.90   -70.25  -155.91
B PSU  655    -50.96   166.55    45.10    86.13  -142.65   -72.65 -9999.99
B   C  656    154.35   166.25    59.52    85.22  -129.96   -75.38  -178.34
B   G  657    -58.63   167.01    51.39    81.77  -145.84   -63.47  -165.71
B   A  658    -59.81  -129.14    54.26   150.07   -89.88   178.59   -72.08
B   G  659     77.23  -151.97    62.35    91.38  -144.62   -57.95   176.88
B   U  660    -60.22  -179.70    56.44   136.74  -105.87   -63.68  -132.67
B   C  661    -87.69  -170.64    41.87    83.57  -151.55   -77.54  -164.83
B   C  662    -57.60   174.92    47.20    82.36  -151.20   -70.82  -163.63
B   C  663    -64.84  -175.85    47.40    82.09  -156.43   -71.52  -155.57
B   G  664    -56.48   172.79    43.89    79.98  -151.30   -66.97  -165.79
B PSU  665    -58.66   171.50    49.94    87.64  -158.20   -81.08 -9999.99
B   C  666    -62.14   175.92    49.26    80.46  -153.89   -73.85  -159.79
B   C  667    -57.38   178.16    42.34    80.00  -156.05   -75.57  -156.47
B   G  668    -57.26   175.01    48.87    80.38  -148.53   -67.31  -164.24
B   U  669    -58.56   172.17    51.53    83.50  -154.63   -81.42  -161.22
B   U  670    -65.51   173.59    47.54    81.11  -144.83   -76.72  -154.10
B   C  671    -55.86   162.08    55.32    80.59  -162.43   -71.95  -156.55
B   C  672    -69.65  -172.51    50.82    81.49  -148.58   -61.26  -163.89
B   G  673    -66.82   173.24    54.84    83.65  -128.14   -55.30  -165.76
B   C  674    -67.29   168.96    50.80    81.69  -141.88   -68.94  -160.91
B   C  675    -64.27   178.84    53.40    87.06  -170.56   176.19  -157.87
B   A  676     99.57   114.66   178.90   142.87 -9999.99 -9999.99   151.55
