PDB data file name: tRNA_dataset/3akz_chain_H.pdb_new
-----------------------------------------------------------
CRITERIA USED TO GENERATE BASE-PAIR: 
  3.40 --> upper H-bond length limits (ON..ON).
 26.00 --> max. distance between paired base origins.
  2.50 --> max. vertical distance between paired base origins.
 65.00 --> max. angle between paired bases [0-90].
  5.40 --> min. distance between RN9/YN1 atoms.
  8.00 --> max. distance criterion for helix break[0-12]
-----------------------------------------------------------
BASE-PAIR INSTRUCTIONS: 
Column 1 is rnaview assigned base numbers n1_n2, start from 1.
Column 2 & 3 are chain ID & residue number in input PDB file.
Column 4 is for base pair. The left & right are the bases as 
         identified by column 2 & 3 and 5 & 6.
Column 5 & 6 are residue number & chain ID in input PDB file.
Column 7 is for base pair annotation. The standard Watson-Crick
         (W.C.) pairs are annotated as -/- (AU,AT) or +/+ (GC).
         Other pairs are annotated as Leontis_Westhof Classification.
         The three edges: W(Watson-Crick); H(Hoogsteen); S(suger).
         e.g. W/H means the pair is edge of Watson-Crick & Hoogsteen.
Column 8 is glycosidic bond orientation (either cis or trans).
         e.g. 'W/H cis' means the pair is interaction on Watson-Crick
         and Hoogsteen side, glycosidic bond orientation is 'cis'.
Column 9 corresponds to Saenger Classification.

Other columns: 
        Syn sugar-base conformations are annotated as (syn).
        Stacked base pairs are annotated as (stack).
        Non-identified edges are annotated as (.) or (?)
        Tertiary interactions are marked by (!) in the line.
Reference:
Yang et al (2003) Nucleic Acids Research, Vol31,No13,p3450-3461.
-----------------------------------------------------------
BEGIN_base-pair
     5_66, H:     5 A-U    68 H: -/- cis         XX
    30_38, H:    31 A-U    39 H: -/- cis         XX
    49_61, H:    51 A-U    63 H: -/- cis         XX
    12_22, H:    12 C-G    23 H: +/+ cis         XIX
    27_41, H:    28 C-G    42 H: +/+ cis         XIX
     2_69, H:     2 G-C    71 H: +/+ cis         XIX
     3_68, H:     3 G-C    70 H: +/+ cis         XIX
     4_67, H:     4 G-C    69 H: +/+ cis         XIX
     6_65, H:     6 G-C    67 H: +/+ cis         XIX
     7_64, H:     7 G-C    66 H: +/+ cis         XIX
    10_24, H:    10 G-C    25 H: +/+ cis         XIX
    26_42, H:    27 G-C    43 H: +/+ cis         XIX
    28_40, H:    29 G-C    41 H: +/+ cis         XIX
    29_39, H:    30 G-C    40 H: +/+ cis         XIX
    47_63, H:    49 G-C    65 H: +/+ cis         XIX
    48_62, H:    50 G-C    64 H: +/+ cis         XIX
    50_60, H:    52 G-C    62 H: +/+ cis         XIX
    51_59, H:    53 G-C    61 H: +/+ cis         XIX
    11_23, H:    11 U-A    24 H: -/- cis         XX
    31_37, H:    32 C-A    38 H: W/W cis         n/a
     1_70, H:     1 U-A    72 H: W/W cis         n/a
    13_21, H:    13 U-G    22 H: W/W cis         XXVIII
    15_46, H:    15 A-U    48 H: W/W tran        XXI
     8_14, H:     8 U-A    14 H: W/H tran        XXIV
    52_56, H:    54 U-A    58 H: W/H tran        XXIV
    14_20, H:    14 A-A    21 H: W/S cis         n/a
    21_45, H:    22 G-G    46 H: H/W tran        VII
END_base-pair

Summary of triplets and higher multiplets
BEGIN_multiplets
8_14_20_| [1 3]  H: 8 U  +  H: 14 A  +  H: 21 A
13_21_45_| [2 3]  H: 13 U  +  H: 22 G  +  H: 46 G
END_multiplets

  The total base pairs =  28 (from   74 bases)
------------------------------------------------
 Standard  WW--cis  WW-tran  HH--cis  HH-tran  SS--cis  SS-tran
       19        3        1        0        0        1        0
  WH--cis  WH-tran  WS--cis  WS-tran  HS--cis  HS-tran
        0        3        1        0        0        0
------------------------------------------------
