The backbone torsional angle for nucleic acid 

 
Note: alpha:   O3'(i-1)-P-O5'-C5'
      beta:    P-O5'-C5'-C4'
      gamma:   O5'-C5'-C4'-C3'
      delta:   C5'-C4'-C3'-O3'
      epsilon: C4'-C3'-O3'-P(i+1)
      zeta:    C3'-O3'-P(i+1)-O5'(i+1)

      chi for pyrimidines(Y): O4'-C1'-N1-C2
          chi for purines(R): O4'-C1'-N9-C4

    (The number -9999.99 means that the angle can not be calculated) 

Ch Res  Num    alpha    beta     gamma    delta  epsilon    zeta     chi
D   G    1  -9999.99  -176.56    55.32    81.33  -148.73   -74.05  -179.65
D   G    2    -65.72  -179.50    50.68    79.44  -144.66   -67.02  -164.40
D   C    3    -67.30   170.19    61.86    77.36  -153.19   -79.16  -155.11
D   C    4    -65.37   174.54    57.85    79.52  -153.41   -75.03  -156.92
D   A    5    -60.83   167.35    56.12    79.77  -135.39  -111.59  -165.35
D   G    6    122.86  -122.90  -172.08    81.19  -136.94   -65.05   175.55
D   G    7    -59.56  -166.96    54.70   144.26  -104.95   -46.15  -128.45
D   U    8    -72.80  -156.30    43.59    79.88  -134.17  -116.78  -160.23
D   A    9    -64.53  -147.69    43.79   145.01  -113.31   -86.99   -62.11
D   G   10    166.14  -172.10    60.48    82.48  -152.72   -80.14  -178.42
D   C   11    -57.03   175.41    56.56    81.43  -130.14   -72.74  -162.64
D   U   12    -59.62   163.31    53.16    81.16  -163.90   -83.57  -158.13
D   C   13    157.50  -153.48   166.33    81.48  -162.08   -73.24  -165.83
D   A   14    175.32   170.67  -177.74    80.51  -119.66   -49.41   179.60
D   G   15    -70.22  -177.36    48.45    79.50 -9999.99 -9999.99  -161.14
D   G   18  -9999.99  -144.18  -176.53   147.63  -117.28  -153.09  -117.94
D   G   19     36.71   120.97   -34.12   146.79     9.16   -77.92   -68.50
D   U   20    131.13    85.92    91.95    78.37  -171.24    21.91  -151.76
D   A   21   -175.18  -126.54  -174.75    82.03  -157.36   -69.47  -157.03
D   G   22   -132.93   133.71   132.41    81.81  -142.44   -97.06  -176.37
D   A   23    -52.97   156.27    55.85    81.48  -141.49   -82.28  -168.28
D   G   24    -60.90   168.45    52.10    79.96  -138.33   -69.71  -159.89
D   C   25    -59.88   161.62    56.58    80.43  -137.99   -71.36  -159.74
D   A   26    -56.99   168.36    49.35    80.97  -131.21   -76.94  -177.43
D   C   27    -52.44   161.82    48.36    80.87  -141.77   -81.20  -158.78
D   U   28    -54.13   164.12    46.46    79.57  -139.70   -82.14  -160.75
D   G   29    -57.41   163.96    50.25    79.66  -144.52   -75.96  -170.15
D   G   30    -61.58   167.98    56.40    79.47  -153.19   -76.76  -171.74
D   A   31    -60.86   171.25    56.71    80.00  -134.21   -67.33  -168.89
D   C   32    -60.65   167.85    53.99    80.69  -134.04   -69.01  -162.16
D   U   33    -60.16   174.41    47.09    79.76  -133.29   -68.29  -159.66
D   G   34    163.85   157.21    54.27    81.64  -120.28   -76.98  -169.29
D   A   35    -64.86   162.22    53.60    81.43  -140.51   -79.12  -161.06
D   A   36    -63.12   159.42    58.85    81.08  -151.53   -75.49  -161.09
D   A   37    -63.07   166.64    56.33    80.16  -132.00   -67.59  -164.11
D   A   38    -60.31   160.88    61.28    81.58  -134.98   -70.40  -157.43
D   U   39    -62.21   165.68    53.93    80.59  -146.47   -75.07  -159.15
D   C   40    -63.32   168.81    52.88    79.33  -140.03   -79.36  -158.75
D   C   41    -65.86   168.95    60.01    79.59  -147.74   -73.82  -156.76
D   A   42    -64.11   173.42    59.26    80.15  -151.66   -87.64  -158.13
D   G   43    173.46  -166.06   164.60    81.21   -99.54  -149.03  -157.83
D   G   44   -177.10  -134.96   165.62   147.94   -64.23  -149.76   -84.50
D   U   45    173.52   135.81   -35.64   148.99   -96.47   -77.94  -133.59
D   G   46    -74.22  -124.98    84.72   149.58  -102.82   -83.42  -115.85
D   U   47    154.29  -124.29   -74.40    80.69  -168.99   106.97  -163.10
D   C   48   -155.76  -169.53  -177.32   147.58  -150.00    81.97  -147.53
D   G   49     54.60   166.91    54.51    82.21  -144.96   -78.60  -173.74
D   G   50    -62.15   174.27    51.72    80.89  -148.76   -78.64  -170.54
D   C   51    -61.94   176.31    51.36    80.98  -160.69   -79.17  -160.74
D   G   52    155.79  -149.47   168.48    81.34  -142.27   -75.90  -172.78
D   G   53    -58.85   169.48    53.96    81.53  -140.08   -82.88  -175.24
D   U   54    -69.33   178.74    51.94    81.34  -131.26   -66.53  -162.38
D   U   55    -64.51   162.43    59.30    80.60  -130.72   -47.85  -155.46
D   C   56   -175.62   134.05    40.96    81.91  -134.64   -74.06  -165.80
D   G   57    -56.50   162.41    51.94    80.92  -130.84   -78.80  -170.98
D   A   58    -51.57  -147.86    65.53   146.74   -87.52  -176.90   -78.53
D   U   59     85.25  -156.99    65.13    81.90  -133.87   -67.36  -163.69
D   U   60    -58.65   178.48    61.39   145.02   -98.22  -106.18  -121.78
D   C   61      9.43   137.69   -23.64    81.45  -153.32   -68.91  -158.60
D   C   62    -69.08  -172.54    50.02    80.74  -146.18   -78.02  -163.07
D   G   63    -60.49   173.69    52.18    79.95  -150.76   -76.13  -159.03
D   C   64    -57.00   168.83    51.86    79.89  -158.73   -76.54  -161.04
D   C   65    155.43  -155.37   173.98    81.36  -135.67   -77.50  -165.42
D   C   66    -55.33   178.49    41.95    79.89  -144.56   -78.47  -158.83
D   C   67    -59.57   163.22    54.05    79.25  -151.89   -73.70  -159.02
D   U   68    -60.64   178.80    47.61    78.78  -144.57   -79.60  -161.35
D   G   69    -58.27   164.09    49.92    79.23  -145.81   -73.46  -166.51
D   G   70    -61.77   166.61    58.19    78.13  -157.83   -78.80  -166.52
D   C   71    -63.47   178.90    49.29    80.10  -143.42   -77.30  -159.06
D   C   72    -55.43   171.87    56.50    80.09   -95.99  -112.93  -152.40
D   A   73     60.86  -174.64    59.62    83.19  -170.67   -93.70  -144.47
D   C   74    -94.53   177.86    69.79    79.99   174.82   -17.53  -155.20
D   C   75    -97.68   161.36    97.91   147.07 -9999.99 -9999.99  -126.39
