PDB data file name: Dataset/4yvk_C.pdb_new
-----------------------------------------------------------
CRITERIA USED TO GENERATE BASE-PAIR: 
  3.40 --> upper H-bond length limits (ON..ON).
 26.00 --> max. distance between paired base origins.
  2.50 --> max. vertical distance between paired base origins.
 65.00 --> max. angle between paired bases [0-90].
  5.40 --> min. distance between RN9/YN1 atoms.
  8.00 --> max. distance criterion for helix break[0-12]
-----------------------------------------------------------
BASE-PAIR INSTRUCTIONS: 
Column 1 is rnaview assigned base numbers n1_n2, start from 1.
Column 2 & 3 are chain ID & residue number in input PDB file.
Column 4 is for base pair. The left & right are the bases as 
         identified by column 2 & 3 and 5 & 6.
Column 5 & 6 are residue number & chain ID in input PDB file.
Column 7 is for base pair annotation. The standard Watson-Crick
         (W.C.) pairs are annotated as -/- (AU,AT) or +/+ (GC).
         Other pairs are annotated as Leontis_Westhof Classification.
         The three edges: W(Watson-Crick); H(Hoogsteen); S(suger).
         e.g. W/H means the pair is edge of Watson-Crick & Hoogsteen.
Column 8 is glycosidic bond orientation (either cis or trans).
         e.g. 'W/H cis' means the pair is interaction on Watson-Crick
         and Hoogsteen side, glycosidic bond orientation is 'cis'.
Column 9 corresponds to Saenger Classification.

Other columns: 
        Syn sugar-base conformations are annotated as (syn).
        Stacked base pairs are annotated as (stack).
        Non-identified edges are annotated as (.) or (?)
        Tertiary interactions are marked by (!) in the line.
Reference:
Yang et al (2003) Nucleic Acids Research, Vol31,No13,p3450-3461.
-----------------------------------------------------------
BEGIN_base-pair
     5_66, C:     5 A-U    68 C: -/- cis         XX
    30_38, C:    31 A-U    39 C: -/- cis         XX
    49_61, C:    51 A-U    63 C: -/- cis         XX
    12_22, C:    12 C-G    23 C: +/+ cis         XIX
    27_41, C:    28 C-G    42 C: +/+ cis         XIX
     3_68, C:     3 G-C    70 C: +/+ cis         XIX
     4_67, C:     4 G-C    69 C: +/+ cis         XIX
     6_65, C:     6 G-C    67 C: +/+ cis         XIX
     7_64, C:     7 G-C    66 C: +/+ cis         XIX
    10_24, C:    10 G-C    25 C: +/+ cis         XIX
    18_54, C:    19 G-C    56 C: +/+ cis    syn    XIX
    26_42, C:    27 G-C    43 C: +/+ cis         XIX
    28_40, C:    29 G-C    41 C: +/+ cis         XIX
    29_39, C:    30 G-C    40 C: +/+ cis         XIX
    47_63, C:    49 G-C    65 C: +/+ cis         XIX
    48_62, C:    50 G-C    64 C: +/+ cis         XIX
    50_60, C:    52 G-C    62 C: +/+ cis         XIX
    51_59, C:    53 G-C    61 C: +/+ cis         XIX
    11_23, C:    11 U-A    24 C: -/- cis         XX
    31_37, C:    32 C-A    38 C: W/W cis         n/a
     2_69, C:     2 G-C    71 C: W/W cis         n/a
    25_43, C:    26 G-U    44 C: W/W cis         XXVIII
    13_21, C:    13 U-G    22 C: W/W cis         XXVIII
    15_46, C:    15 A-U    48 C: W/W tran        XXI
     8_14, C:     8 U-A    14 C: W/H tran        XXIV
    52_56, C:    54 U-A    58 C: W/H tran     syn  XXIV
    14_20, C:    14 A-A    21 C: W/S cis         n/a
    17_53, C:    18 G-U    55 C: W/S tran        n/a
    21_45, C:    22 G-G    46 C: H/W tran        VII
     9_22, C:     9 C-G    23 C: H/H tran        n/a
END_base-pair

Summary of triplets and higher multiplets
BEGIN_multiplets
8_14_20_| [1 3]  C: 8 U  +  C: 14 A  +  C: 21 A
9_12_22_| [2 3]  C: 9 C  +  C: 12 C  +  C: 23 G
13_21_45_| [3 3]  C: 13 U  +  C: 22 G  +  C: 46 G
END_multiplets

  The total base pairs =  31 (from   71 bases)
------------------------------------------------
 Standard  WW--cis  WW-tran  HH--cis  HH-tran  SS--cis  SS-tran
       19        4        1        0        1        1        0
  WH--cis  WH-tran  WS--cis  WS-tran  HS--cis  HS-tran
        0        3        1        1        0        0
------------------------------------------------
