The backbone torsional angle for nucleic acid 

 
Note: alpha:   O3'(i-1)-P-O5'-C5'
      beta:    P-O5'-C5'-C4'
      gamma:   O5'-C5'-C4'-C3'
      delta:   C5'-C4'-C3'-O3'
      epsilon: C4'-C3'-O3'-P(i+1)
      zeta:    C3'-O3'-P(i+1)-O5'(i+1)

      chi for pyrimidines(Y): O4'-C1'-N1-C2
          chi for purines(R): O4'-C1'-N9-C4

    (The number -9999.99 means that the angle can not be calculated) 

Ch Res  Num    alpha    beta     gamma    delta  epsilon    zeta     chi
B   G  902  -9999.99 -9999.99   150.78    87.39  -140.15   -65.83   176.66
B   G  903    -68.88  -179.71    49.26    79.36  -160.55   -63.95  -161.98
B   G  904    -56.23   176.22    48.10    77.14  -164.83   -71.75  -164.00
B   G  905    158.61  -173.04   178.33    86.95  -133.62   -73.93  -174.01
B   U  906    -57.77   163.91    53.80    81.39  -177.15   -98.35  -163.80
B   A  907    167.83  -115.60   171.04   103.06   -61.71   -67.26  -174.65
B   U  908    -58.49  -147.91    60.41    80.63  -139.73  -129.59  -162.76
B   C  909   -100.35  -155.69    65.25    89.17    13.96   159.81  -121.94
B   G  910    115.54  -135.01    78.35    88.39  -152.76   -66.16  -178.19
B   C  911    -82.46  -165.57    53.29    83.25  -165.77   -63.47  -156.98
B   C  912    149.74  -177.37   178.26    84.87  -130.09   -64.41  -169.54
B   A  913    -48.84   167.25    51.90    83.78  -178.72   -80.64  -157.79
B   A  914    162.95  -173.23   178.48    84.81  -115.19   -66.00  -179.99
B   G  915    -45.73   158.15    52.05    80.66   163.95    30.37  -137.43
B   C  916   -159.40  -108.85    53.18    81.47    73.17  -130.52  -127.96
B   G  918     45.51   166.19    53.22    90.88   -79.43   173.49  -135.02
B   G  919    -59.45   112.70    64.12    86.87   178.33  -142.65  -145.47
B   U  920    -35.59   114.77    74.44    88.79   -86.09   109.36  -132.13
B   A  921    154.32  -177.46   177.81    85.12  -172.35  -107.13  -144.44
B   A  922    172.74   133.89  -178.70    83.10  -125.52   -66.40  -169.48
B   G  923    -54.61   163.09    50.18    81.36  -156.66   -72.87  -168.61
B   G  924    -55.64   177.91    48.63    84.66  -156.05   -64.38  -171.38
B   C  925    -69.11   176.17    52.99    79.08  -144.63   -62.20  -168.48
B   A  926    -69.42   177.01    53.63    80.33  -149.82   -61.60  -161.13
B   C  927    -57.12   173.45    52.18    78.35  -146.96   -80.72  -159.33
B   C  928    -53.26   171.65    45.24    82.60  -161.94   -71.50  -156.04
B   G  929    158.12  -172.82   171.11    84.30  -116.12   -85.36   179.32
B   G  930    -62.19   155.61    56.78    78.00  -161.79   -72.86  -169.04
B   A  931    -53.23  -176.43    41.82    81.26  -166.47   -74.87  -156.62
B   U  932    158.90  -160.88   172.09    85.00  -114.39   -70.94  -174.17
B   U  933    -53.00   162.40    45.70    79.87  -128.79  -116.76  -151.01
B   C  934     80.73  -163.94    63.07   100.69   -74.65   157.22  -144.25
B   U  935    -26.54   144.26    63.61   103.87  -112.95   -19.65  -157.57
B   G  936    -89.64  -102.44   164.73    96.71  -140.48    60.19  -133.10
B   A  937   -117.13  -158.52    55.56    84.45  -149.61   -56.78  -170.63
B   U  938    -62.98   169.10    57.33    84.70  -143.16   -63.08  -168.92
B   U  939    -63.64   172.44    48.41    82.91  -147.04   -69.95  -164.27
B   C  940    -51.23   166.66    50.78    84.77  -129.75  -127.03  -166.92
B   C  941    122.06  -127.52   178.27    83.23  -126.49   -69.00  -171.15
B   G  942    -63.24   173.49    48.27    78.06  -161.71   -68.99  -170.33
B   G  943    -64.32  -175.24    50.03    80.80  -147.44   -73.92  -154.37
B   C  944    -57.01   163.39    52.33    83.56  -111.27  -140.67  -153.51
B   A  945    -29.93  -177.53    55.42    84.47   167.39    38.35  -111.37
B   U  946     95.34   128.08   -73.67    81.98  -160.59  -172.72  -158.25
B   U  947   -102.73   112.27    60.84    84.37  -160.71  -121.44  -110.77
B   C  948     -4.56   129.90    56.02    95.09  -163.99   131.75  -168.78
B   C  949     31.60  -163.88    46.56    85.78  -149.57   -70.66  -169.37
B   G  950    -61.28   177.60    50.74    83.40  -156.68   -67.79  -156.42
B   A  951    -61.30  -177.56    43.19    81.21  -167.42   -78.18  -148.22
B   G  952    147.65  -158.42   175.11    83.77  -143.57   -65.84  -176.60
B   G  953    -64.68  -175.50    48.62    82.80  -160.73   -68.63  -161.98
B   U  954    -70.70  -171.78    45.69    82.66  -135.83   -75.70  -150.28
B   U  955    -46.72   162.35    51.43    85.40  -136.12   -49.42  -165.59
B   C  956    168.34   141.88    45.63    83.48  -127.01   -85.26  -176.04
B   G  957    -54.15   156.83    50.47    84.90  -149.71   -65.05  -165.90
B   A  958    -56.70  -133.57    59.81    97.14   177.82   -85.87   -91.21
B   A  959    172.32  -173.17    51.06    82.75  -167.81   -63.81  -174.63
B   U  960    165.71  -136.35   160.56    96.72   -79.90   -63.03  -173.00
B   C  961    -99.78  -148.04    55.18    85.50  -162.97   -66.14  -167.95
B   C  962    -71.03  -175.62    53.11    84.48  -164.51   -58.11  -170.63
B   U  963    -76.45  -159.19    43.92    80.60  -162.34   -75.36  -155.32
B   C  964    -54.21   165.61    48.90    79.15  -159.36   -74.44  -158.95
B   G  965    154.38  -154.70   178.42    85.05  -133.08   -75.83   175.15
B   U  966    -60.49   165.29    50.07    79.60  -151.10   -79.81  -171.73
B   A  967    -61.37  -178.85    45.71    84.53  -155.49   -70.78  -152.17
B   C  968    -58.59   163.97    53.87    80.90  -152.31   -78.57  -162.92
B   C  969    -56.12   173.64    48.66    84.67  -153.41   -73.03  -162.99
B   C  970    -70.67  -178.14    51.73    85.02  -160.20   -72.69  -158.65
B   C  971    -69.42  -173.83    50.56    88.47  -141.12   -85.13  -142.81
B   A  972    -67.04  -161.96    52.78    84.41  -149.97   108.49  -165.03
B   G  973     48.31   129.47   169.15   117.79   -97.67  -140.65    35.20
B   C  974     49.10  -144.65    78.71   114.00  -155.94    80.15  -145.17
B   C  975     76.57   107.75   179.94    81.81  -140.62   -67.35  -162.53
B   A  976    -63.82   163.31    58.20    82.13 -9999.99 -9999.99  -153.19
