PDB data file name: tRNA_dataset/2czj_chain_H.pdb_new
uncommon residue 5MU   54  on chain H [#44] assigned to: u
uncommon residue PSU   55  on chain H [#45] assigned to: P
-----------------------------------------------------------
CRITERIA USED TO GENERATE BASE-PAIR: 
  3.40 --> upper H-bond length limits (ON..ON).
 26.00 --> max. distance between paired base origins.
  2.50 --> max. vertical distance between paired base origins.
 65.00 --> max. angle between paired bases [0-90].
  5.40 --> min. distance between RN9/YN1 atoms.
  8.00 --> max. distance criterion for helix break[0-12]
-----------------------------------------------------------
BASE-PAIR INSTRUCTIONS: 
Column 1 is rnaview assigned base numbers n1_n2, start from 1.
Column 2 & 3 are chain ID & residue number in input PDB file.
Column 4 is for base pair. The left & right are the bases as 
         identified by column 2 & 3 and 5 & 6.
Column 5 & 6 are residue number & chain ID in input PDB file.
Column 7 is for base pair annotation. The standard Watson-Crick
         (W.C.) pairs are annotated as -/- (AU,AT) or +/+ (GC).
         Other pairs are annotated as Leontis_Westhof Classification.
         The three edges: W(Watson-Crick); H(Hoogsteen); S(suger).
         e.g. W/H means the pair is edge of Watson-Crick & Hoogsteen.
Column 8 is glycosidic bond orientation (either cis or trans).
         e.g. 'W/H cis' means the pair is interaction on Watson-Crick
         and Hoogsteen side, glycosidic bond orientation is 'cis'.
Column 9 corresponds to Saenger Classification.

Other columns: 
        Syn sugar-base conformations are annotated as (syn).
        Stacked base pairs are annotated as (stack).
        Non-identified edges are annotated as (.) or (?)
        Tertiary interactions are marked by (!) in the line.
Reference:
Yang et al (2003) Nucleic Acids Research, Vol31,No13,p3450-3461.
-----------------------------------------------------------
BEGIN_base-pair
    21_34, H:    21 A-U    34 H: -/- cis         XX
    20_35, H:    20 C-G    35 H: +/+ cis         XIX
     1_62, H:     1 G-C    72 H: +/+ cis         XIX
     2_61, H:     2 G-C    71 H: +/+ cis         XIX
     4_59, H:     4 G-C    69 H: +/+ cis         XIX
     5_58, H:     5 G-C    68 H: +/+ cis         XIX
     7_56, H:     7 G-C    66 H: +/+ cis         XIX
    24_31, H:    24 G-C    31 H: +/+ cis         XIX
    25_30, H:    25 G-C    30 H: +/+ cis         XIX
    39_55, H:    49 G-C    65 H: +/+ cis         XIX
    41_53, H:    51 G-C    63 H: +/+ cis         XIX
    42_52, H:    52 G-C    62 H: +/+ cis         XIX
    40_54, H:    50 U-A    64 H: -/- cis         XX
     3_60, H:     3 G-U    70 H: W/W cis         XXVIII
    22_33, H:    22 G-U    33 H: W/W cis         XXVIII
    23_32, H:    23 G-U    32 H: W/W cis         XXVIII
END_base-pair
  The total base pairs =  16 (from   62 bases)
------------------------------------------------
 Standard  WW--cis  WW-tran  HH--cis  HH-tran  SS--cis  SS-tran
       13        3        0        0        0        0        0
  WH--cis  WH-tran  WS--cis  WS-tran  HS--cis  HS-tran
        0        0        0        0        0        0
------------------------------------------------
