The backbone torsional angle for nucleic acid 

 
Note: alpha:   O3'(i-1)-P-O5'-C5'
      beta:    P-O5'-C5'-C4'
      gamma:   O5'-C5'-C4'-C3'
      delta:   C5'-C4'-C3'-O3'
      epsilon: C4'-C3'-O3'-P(i+1)
      zeta:    C3'-O3'-P(i+1)-O5'(i+1)

      chi for pyrimidines(Y): O4'-C1'-N1-C2
          chi for purines(R): O4'-C1'-N9-C4

    (The number -9999.99 means that the angle can not be calculated) 

Ch Res  Num    alpha    beta     gamma    delta  epsilon    zeta     chi
H   G    1  -9999.99  -122.55   -49.92    93.97  -168.26   -76.32  -163.46
H   G    2    159.64  -160.64   160.07    93.68  -122.85   -87.87   159.20
H   G    3    -96.07   179.76    63.80    89.01  -138.20   -83.51  -178.57
H   G    4    -79.22   166.05    72.54    82.64  -171.52   -67.64  -166.38
H   G    5    -68.10  -171.51    50.37    83.35  -155.09   -70.19  -159.34
H   U    6    -66.91  -176.36    49.50    77.35  -157.62   -57.40  -158.90
H   G    7    -65.50  -125.36    46.69   103.78  -148.90  -152.56   -92.35
H   A    8   -114.69   140.05  -176.48    94.01  -139.95   -72.24   140.49
H   A    9   -143.90   -94.23   -83.45    82.92  -127.76  -170.28   154.79
H   A   10    -60.34   111.15    68.63    86.62  -130.51   -91.50  -114.78
H   C   11     44.12  -111.23   -92.13    87.33  -111.89    72.10  -132.17
H   G   12   -145.32  -128.06   166.92    86.18   170.90   -98.97  -149.88
H   G   13   -173.31  -124.53   162.14    89.19   -64.41  -153.18  -164.24
H   U   14    -77.88   128.42  -174.60    77.20  -114.00   -35.98  -138.27
H   C   15    -63.57   175.00    48.25    98.85  -160.65   -63.45  -141.98
H   U   16   -135.85  -130.89  -145.30    75.24    70.54  -167.51  -160.80
H   C   17     55.29  -131.48    71.70    98.34  -147.61   -67.69  -150.59
H   G   18    -73.32  -175.39    54.24    86.62    80.05    95.78  -104.05
H   A   19   -147.02   168.53    60.07    79.01  -127.61   -80.38  -174.44
H   C   20    -45.04   149.59    50.51    79.81  -140.15   -92.50  -177.98
H   A   21    -51.03   163.10    52.64    84.40  -151.07   -69.02  -160.37
H   G   22    -60.16   173.39    47.55    74.64  -143.67   -78.44  -174.76
H   G   23     44.31  -164.69   -66.48    90.52  -151.02   -55.50  -162.72
H   G   24    -67.38  -174.72    52.67    77.44  -158.79   -62.76  -173.58
H   G   25    -75.35  -177.29    57.81    80.20  -143.90   -72.25  -176.90
H   U   26    -60.65   172.94    58.82    84.10  -139.59   -80.86  -175.77
H   U   27     -8.21  -114.75  -176.56    94.18   149.59    89.09  -179.71
H   C   28     95.12  -115.10   164.77    81.06   -99.25   171.10  -121.20
H   G   29     -9.30   -87.38   178.95    86.56  -111.78   -97.46  -139.14
H   C   30    118.25   -95.94  -162.88    84.63  -146.69   -78.54  -170.37
H   C   31    -61.50   178.18    38.86    82.96  -139.75   -83.48  -156.77
H   U   32    -50.71   148.23    55.71    77.13  -146.73   -84.71  -175.20
H   U   33    -70.04   178.78    50.63    80.90  -150.98   -80.40  -171.10
H   U   34    -57.92   161.58    55.23    79.35  -139.37   -81.86  -175.97
H   G   35    -38.37   161.62    48.33    86.93  -118.87  -104.19  -163.08
H   G   46    -37.98   131.55    54.69   107.99   -66.91  -113.94  -140.87
H   A   47     56.48  -171.31  -168.48    91.58   -76.41   165.42   178.36
H   C   48     66.30   -98.11  -155.73    89.20  -158.05  -133.12   177.85
H   G   49     36.51  -131.80    48.13    80.51  -162.21   -51.71  -159.93
H   U   50    -73.23  -158.55    54.06    88.21  -167.77   -81.45  -137.21
H   G   51    144.52  -160.86   171.41    83.65  -130.97  -120.17   167.99
H   G   52    159.40  -126.76   164.27    89.09  -139.34   -95.83   172.25
H   G   53    146.92  -149.27   169.82    91.10  -158.01   -49.95   167.70
H 5MU   54    -84.16  -159.24    53.43    81.93  -145.54   -69.59  -148.77
H PSU   55    -65.83   175.06    57.98    84.50  -136.87   -49.85 -9999.99
H   C   56    153.42   149.61    55.49    88.72  -139.26   -70.66  -170.34
H   G   57    172.15  -170.40   157.27    87.99  -145.21   -41.48   159.18
H   A   58    -93.22  -133.09    60.05   104.08  -166.81  -129.94  -107.76
H   C   59    178.05  -146.65    35.30    87.06  -147.41  -109.22  -173.82
H   U   60    157.19  -105.68   162.62    79.84   162.54   119.94  -147.05
H   C   61   -159.04   157.96    60.35    79.18  -172.17   -56.24  -171.10
H   C   62    159.49  -171.85   175.34    91.65  -131.57  -117.40   168.07
H   C   63     65.64   112.02   -50.25    83.74  -173.56   -87.99  -151.70
H   A   64    154.46  -130.65   170.00    95.99  -151.73   -66.60  -175.41
H   C   65    -84.19  -176.96    52.56    82.44   163.78   -53.01  -160.47
H   C   66    154.30  -161.32   177.61    87.22  -102.73  -103.00  -176.59
H   A   67    -44.31   136.31    38.31    79.98  -142.98   -91.12  -164.72
H   C   68    -54.28   158.01    53.76    86.94  -150.66   -75.87  -168.33
H   C   69    -54.01   164.34    48.82    84.85  -146.52   -79.30  -175.55
H   U   70    -56.96   158.32    66.55    81.66  -144.51   -74.55  -172.18
H   C   71    -76.64   165.70    56.83    80.14  -171.92   -81.93  -171.22
H   C   72    176.79  -152.97   160.89    74.49 -9999.99 -9999.99  -177.10
