PDB data file name: ./Datasets/pdb_select_tRNA_NoCopie/6ahu_T.pdb_new
-----------------------------------------------------------
CRITERIA USED TO GENERATE BASE-PAIR: 
  3.40 --> upper H-bond length limits (ON..ON).
 26.00 --> max. distance between paired base origins.
  2.50 --> max. vertical distance between paired base origins.
 65.00 --> max. angle between paired bases [0-90].
  5.40 --> min. distance between RN9/YN1 atoms.
  8.00 --> max. distance criterion for helix break[0-12]
-----------------------------------------------------------
BASE-PAIR INSTRUCTIONS: 
Column 1 is rnaview assigned base numbers n1_n2, start from 1.
Column 2 & 3 are chain ID & residue number in input PDB file.
Column 4 is for base pair. The left & right are the bases as 
         identified by column 2 & 3 and 5 & 6.
Column 5 & 6 are residue number & chain ID in input PDB file.
Column 7 is for base pair annotation. The standard Watson-Crick
         (W.C.) pairs are annotated as -/- (AU,AT) or +/+ (GC).
         Other pairs are annotated as Leontis_Westhof Classification.
         The three edges: W(Watson-Crick); H(Hoogsteen); S(suger).
         e.g. W/H means the pair is edge of Watson-Crick & Hoogsteen.
Column 8 is glycosidic bond orientation (either cis or trans).
         e.g. 'W/H cis' means the pair is interaction on Watson-Crick
         and Hoogsteen side, glycosidic bond orientation is 'cis'.
Column 9 corresponds to Saenger Classification.

Other columns: 
        Syn sugar-base conformations are annotated as (syn).
        Stacked base pairs are annotated as (stack).
        Non-identified edges are annotated as (.) or (?)
        Tertiary interactions are marked by (!) in the line.
Reference:
Yang et al (2003) Nucleic Acids Research, Vol31,No13,p3450-3461.
-----------------------------------------------------------
BEGIN_base-pair
     5_68, T:     5 C-G    68 T: +/+ cis         XIX
     6_67, T:     6 C-G    67 T: +/+ cis         XIX
    29_41, T:    29 C-G    41 T: +/+ cis         XIX
    31_39, T:    31 C-G    39 T: +/+ cis         XIX
    49_65, T:    49 C-G    65 T: +/+ cis         XIX
    50_64, T:    50 C-G    64 T: +/+ cis         XIX
    51_63, T:    51 C-G    63 T: +/+ cis         XIX
     1_72, T:     1 G-C    72 T: +/+ cis         XIX
     7_66, T:     7 G-C    66 T: +/+ cis         XIX
    10_25, T:    10 G-C    25 T: +/+ cis         XIX
    52_62, T:    52 G-C    62 T: +/+ cis         XIX
    53_61, T:    53 G-C    61 T: +/+ cis         XIX
    11_24, T:    11 U-A    24 T: -/- cis         XX
    28_42, T:    28 U-A    42 T: -/- cis         XX
    49_66, T:    49 C-C    66 T: W/W cis         n/a
    26_44, T:    26 G-A    44 T: W/W cis         VIII
    30_40, T:    30 G-C    40 T: W/W cis         n/a
    27_43, T:    27 U-A    43 T: W/W cis         n/a
    11_25, T:    11 U-C    25 T: W/W cis         XVIII
    13_23, T:    13 U-C    23 T: W/W cis         XVIII
    19_56, T:    19 U-C    56 T: W/W cis         XVIII
    54_58, T:    54 U-A    58 T: W/H tran        XXIV
    18_55, T:    18 G-U    55 T: W/S tran        n/a
    22_46, T:    22 U-G    46 T: H/W tran     syn  n/a
    10_45, T:    10 G-G    45 T: H/S cis         n/a
END_base-pair

Summary of triplets and higher multiplets
BEGIN_multiplets
10_25_45_| [1 3]  T: 10 G  +  T: 25 C  +  T: 45 G
11_25_45_| [2 3]  T: 11 U  +  T: 25 C  +  T: 45 G
11_24_45_| [3 3]  T: 11 U  +  T: 24 A  +  T: 45 G
END_multiplets

  The total base pairs =  25 (from   72 bases)
------------------------------------------------
 Standard  WW--cis  WW-tran  HH--cis  HH-tran  SS--cis  SS-tran
       14        7        0        0        0        0        0
  WH--cis  WH-tran  WS--cis  WS-tran  HS--cis  HS-tran
        0        2        0        1        1        0
------------------------------------------------
