BEGIN_base-pair
  101_113, E:    12 G-C    23 E: +/+ cis         XIX
  102_111, E:    13 G-G    21 E: W/S cis         n/a
  102_112, E:    13 G-A    22 E: S/H tran        XI
  103_110, E:    14 A-A    20 E: W/S cis         n/a
  104_141, E:    15 A-U    48 E: W/W tran        XXI
  107_148, E:    18 G-U    55 E: W/S tran        n/a
  108_149, E:    19 G-C    56 E: W/W cis         n/a
  116_129, E:    26 A-C    44 E: W/W cis         n/a
  117_128, E:    27 A-U    43 E: -/- cis         XX
  117_128,-
101_113_102_111_102_112_103_110_104_141_107_148_108_149_116_129_117_128_0, click this line to see above pattern
0_0,---------
    14_26, B:    12 G-C    23 B: +/+ cis         XIX
    15_24, B:    13 G-G    21 B: W/S cis         n/a
    15_25, B:    13 G-A    22 B: S/H tran        XI
    16_23, B:    14 A-A    20 B: W/S cis         n/a
    17_59, B:    15 A-U    48 B: W/W tran        XXI
    20_66, B:    18 G-U    55 B: W/S tran        n/a
    21_67, B:    19 G-C    56 B: W/W cis         n/a
    29_47, B:    26 A-C    44 B: W/W cis         n/a
    30_46, B:    27 A-U    43 B: -/- cis         XX
    30_46,-
14_26_15_24_15_25_16_23_17_59_20_66_21_67_29_47_30_46_0, click this line to see above pattern
0_0,---------
    32_44, B:    29 G-C    41 B: +/+ cis         XIX
    33_43, B:    30 G-C    40 B: W/W cis         n/a
    34_42, B:    31 A-U    39 B: W/W cis         n/a
    35_41, B:    32 U-A    38 B: -/- cis         XX
    35_41,-
32_44_33_43_34_42_35_41_0, click this line to see above pattern
0_0,---------
    64_72, B:    53 G-C    61 B: +/+ cis         XIX
    65_69, B:    54 U-A    58 B: W/H tran     syn  XXIV
   90_165, E:     1 G-U    72 E: W/W cis         XXVIII
   91_164, E:     2 C-G    71 E: +/+ cis         XIX
   91_164,-
64_72_65_69_90_165_91_164_0, click this line to see above pattern
0_0,---------
   96_159, E:     7 A-U    66 E: -/- cis         XX
   97_103, E:     8 U-A    14 E: W/H tran        XXIV
   98_101, E:     9 G-G    12 E: W/H cis    syn    VI
   99_115, E:    10 G-C    25 E: +/+ cis         XIX
   99_115,-
96_159_97_103_98_101_99_115_0, click this line to see above pattern
0_0,---------
     9_77, B:     7 A-U    66 B: -/- cis         XX
    10_16, B:     8 U-A    14 B: W/H tran        XXIV
    11_14, B:     9 G-G    12 B: W/H cis    syn    VI
    12_28, B:    10 G-C    25 B: +/+ cis         XIX
    12_28,-
9_77_10_16_11_14_12_28_0, click this line to see above pattern
0_0,---------
END_base-pair
