The backbone torsional angle for nucleic acid 

 
Note: alpha:   O3'(i-1)-P-O5'-C5'
      beta:    P-O5'-C5'-C4'
      gamma:   O5'-C5'-C4'-C3'
      delta:   C5'-C4'-C3'-O3'
      epsilon: C4'-C3'-O3'-P(i+1)
      zeta:    C3'-O3'-P(i+1)-O5'(i+1)

      chi for pyrimidines(Y): O4'-C1'-N1-C2
          chi for purines(R): O4'-C1'-N9-C4

    (The number -9999.99 means that the angle can not be calculated) 

Ch Res  Num    alpha    beta     gamma    delta  epsilon    zeta     chi
A LSS  901  -9999.99 -9999.99 -9999.99 -9999.99 -9999.99 -9999.99     0.00
A VRT  902  -9999.99 -9999.99   177.55   106.27 -9999.99 -9999.99   -96.30
B   G    1  -9999.99   173.66    59.57    87.43  -127.19   -72.01   177.00
B   C    2    -68.44   167.10    53.26    78.01  -141.99   -79.00  -164.93
B   C    3    -63.88   172.33    50.82    78.45  -152.43   -65.53  -159.28
B   C    4    -71.17  -175.38    52.19    75.50  -167.11   -76.06  -156.28
B   G    5    155.20  -163.32   174.81    87.30  -129.59   -77.49  -179.01
B   G    6    -64.50   161.58    65.26    81.51  -143.56   -85.30  -176.49
B   A    7    -57.58   170.22    71.79   140.17   -96.82   -58.11  -128.37
B   U    8    -57.52  -165.87    62.67    86.68  -114.71   -78.51  -163.80
B   G    9   -169.78   110.43   176.51   138.26   -91.22   -54.42    61.69
B   G   10    -62.23   177.24   -65.38    91.88  -157.64   -56.50   175.03
B   U   11   -109.22  -147.01    71.38    79.26  -160.56   -75.09  -163.77
B   G   12    -73.60  -179.17    59.61    73.02  -154.65   -60.45  -158.36
B   G   13    157.52  -160.37   175.04    96.19  -150.25   -72.32  -179.91
B   A   14    -73.76  -175.03    64.99    80.43  -134.14   -68.65  -175.47
B   A   15    -67.18   167.10    53.38    82.51  -148.85    73.60  -156.11
B   U   16   -158.02  -125.25    75.37   138.25   -80.40  -103.43  -127.49
B   C   17   -173.16  -144.79    50.96   126.28   -78.69  -115.18    49.24
B   G   18   -107.71   157.93   -69.60   148.07  -121.25  -156.69   -97.55
B   G   19    -52.85   162.05    53.47   138.37   -87.01  -160.94   -95.01
B   U   20    -57.32  -155.05    54.56   141.30   -93.03   -66.41  -140.55
B   A   20    -67.39   132.61  -175.04    91.37  -153.43   -62.30  -174.22
B   G   21    -82.54  -178.41    74.68    90.50  -163.15   159.84  -136.12
B   A   22    -65.11   141.56    49.11    83.40  -132.69   -49.72  -176.29
B   C   23    -74.01   177.10    50.45    78.99  -159.54   -65.18  -158.79
B   A   24    145.04  -169.58  -176.15    83.56  -142.16   -70.85  -168.36
B   C   25    -63.58   169.98    58.93    78.67  -151.01   -57.68  -164.22
B   A   26    -85.03  -179.07    63.65    78.91  -154.00   -59.97  -166.35
B   A   27    -81.88   176.47    68.40    75.73  -140.98   -77.48  -159.37
B   G   28    -68.23   166.83    60.42    76.72  -139.10   -75.83  -169.06
B   G   29    -71.53   164.56    65.45    78.80  -153.86   -65.08  -170.24
B   G   30    -84.32   178.57    72.24    77.20  -156.53   -63.57  -172.27
B   A   31    -79.40   176.23    77.60    81.95  -119.84   -96.91  -171.64
B   U   32     77.36  -141.97  -128.63    87.58  -121.64   -49.84  -169.68
B   U   33    -62.68   161.63    70.87    77.79   173.79    28.95  -148.53
B   U   34     93.77   145.73    30.79   101.61  -136.22   -87.55  -176.56
B   A   35   -172.29  -156.97   123.51    84.76  -148.97   -48.73  -160.55
B   A   36   -127.82   175.99   103.32    86.56  -138.05   -71.90  -166.47
B   A   37    -79.32   166.84    68.25    83.58  -141.33   -57.31  -161.67
B   A   38    -77.90   173.58    56.52    83.93  -156.74   -62.03  -154.86
B   U   39    -80.97   177.27    67.55    79.25  -154.95   -67.76  -141.63
B   C   40    -74.22   175.11    65.37    78.66  -162.83   -73.59  -135.63
B   C   41    152.84  -170.80   173.19    83.74  -128.64   -82.45  -168.30
B   C   42    -55.09   164.03    48.23    78.33  -140.02   -78.01  -162.01
B   U   43    -61.88   167.58    52.89    80.51  -140.86   -69.01  -152.82
B   C   44    -69.30   169.08    55.71    79.50  -155.85  -142.55  -142.66
B   G   45     54.42  -173.47    77.59    78.62  -149.08   -63.74  -173.03
B   G   46    -75.33   179.37    62.81    79.15  -151.26   -70.35  -166.41
B   C   47    -73.53   173.50    59.99    77.62  -152.68   -63.02  -151.68
B   G   47    -80.33  -178.38    65.97    80.60 -9999.99 -9999.99  -149.57
B   C   47  -9999.99   143.84    69.96   141.20  -148.90   110.47    14.30
B   G   47     66.97  -159.46    74.88   146.92   -88.12   -81.74  -108.23
B   C   47    175.98  -160.92   163.48    82.26  -140.17   -73.42  -147.81
B   G   47    -73.27   177.72    51.11    77.88  -162.59   -67.94  -154.98
B   C   47    -84.37   168.14    77.83    78.79  -153.61   -59.40  -151.65
B   U   47    -77.43   172.51    69.99    80.97  -153.24   -65.70  -159.02
B   G   47    -78.53   177.82    64.12    83.08  -146.40   -97.13  -150.67
B   U   48    -56.93  -159.61    65.86   134.53  -153.08    82.10  -132.95
B   G   49     52.18   148.95    48.52    83.71  -139.33   -72.66   176.77
B   C   50    -62.25  -178.01    46.54    76.10  -153.57   -67.66  -163.67
B   G   51    -73.34  -169.88    52.70    77.43  -166.20   -68.36  -159.82
B   G   52    146.47  -173.60  -178.18    82.92  -135.60   -64.21  -178.44
B   G   53    -64.61   175.15    62.82    76.60  -153.17   -72.62  -170.92
B   U   54    -70.53   175.77    63.21    80.70  -136.61   -63.64  -157.20
B   U   55    -74.59   174.81    59.59    79.58  -144.43   -56.03  -139.16
B   C   56   -177.62   147.78    47.35    81.92  -144.22   -59.58  -168.78
B   A   57    -77.51   179.13    58.18    80.31  -146.33   -63.84  -156.77
B   A   58    -63.82  -132.06    57.56   141.16   -98.67  -173.76   -71.49
B   G   59     66.30  -153.75    86.37    82.70  -136.10   -52.32  -166.77
B   U   60    -71.45  -179.24    66.67   133.87   -97.50   -71.35  -128.95
B   C   61    -82.60  -178.50    38.73    80.23  -149.81   -75.13  -170.84
B   C   62    -68.15  -177.70    54.37    78.59  -142.22   -78.97  -163.55
B   C   63    -59.18   175.06    44.59    77.67  -148.01   -71.11  -158.50
B   G   64    -66.82   172.85    60.52    78.03  -160.74   -66.73  -167.60
B   C   65    163.18  -172.11   175.30    87.06  -135.60   -82.40  -169.75
B   U   66    -59.66   162.34    57.26    81.39  -140.08   -74.98  -162.56
B   C   67    -64.48   160.62    56.91    78.49  -154.41   -67.43  -149.30
B   C   68    -76.66   173.79    61.60    73.79  -157.66   -67.51  -152.23
B   G   69   -102.13   169.22    96.73    75.94  -142.16   -71.70  -176.02
B   G   70    -64.53   177.66    48.03    75.68  -144.89   -69.90  -164.09
B   G   71    -69.09   170.27    63.63    76.47  -145.02   -59.54  -165.61
B   U   72    -70.42   177.99    57.50    78.38  -163.83   131.61  -151.05
B   A   73    -42.52   125.60    50.48   138.43  -147.01    71.67  -134.64
B   C   74     56.40   163.01    65.40   144.84   -76.69   113.31  -134.07
B   C   75     71.02   124.14    62.60    87.35  -120.93   -86.74  -171.47
B   A   76    -61.34   143.52    62.51    83.46 -9999.99 -9999.99  -139.46
D LSS  901  -9999.99 -9999.99 -9999.99 -9999.99 -9999.99 -9999.99  -139.46
D VRT  902  -9999.99 -9999.99  -151.24   101.95 -9999.99 -9999.99   -96.78
E   G    1  -9999.99   172.96    54.65    91.02  -124.30   -74.27   176.50
E   C    2    -64.55   164.95    51.26    80.36  -145.26   -75.68  -165.50
E   C    3    -75.14   175.17    59.27    78.74  -145.67   -71.93  -158.92
E   C    4    -68.23   175.46    56.84    78.91  -152.85   -58.08  -161.70
E   G    5   -120.76   157.28   117.67    76.41  -134.93   -81.87   177.98
E   G    6    -65.96   160.50    68.99    81.71  -143.94   -84.28  -171.91
E   A    7    -59.40   167.64    70.75   138.14   -93.72   -55.57  -131.21
E   U    8    -53.91  -164.22    60.38    84.74  -119.56   -74.79  -163.56
E   G    9   -171.99   113.59  -179.89   133.05  -108.76   -60.25    56.09
E   G   10    173.11  -155.47    45.55    79.32  -155.99   -63.39  -177.67
E   U   11    -84.06  -163.14    60.12    78.15  -153.91   -77.33  -163.92
E   G   12    -85.24   176.61    70.71    74.95  -135.04   -51.54  -164.12
E   G   13    -93.00   157.06   101.31    85.23  -165.69   -72.92  -176.73
E   A   14    -82.47  -164.98    71.27    80.85  -145.45   -60.17  -170.71
E   A   15    -80.38   178.85    60.19    85.54  -154.97    82.23  -150.80
E   U   16   -132.94  -148.62    69.65   140.66   -89.99   -76.27  -149.31
E   C   17   -155.42  -168.40    75.73    87.73  -130.50   -73.50    57.06
E   G   18    153.17  -178.71    27.10   138.29   -90.62   172.91   -90.17
E   G   19    -65.32   155.86    51.26   135.54   -82.51  -151.82  -100.78
E   U   20    -59.49  -159.12    50.21   136.02   -89.34   -68.81  -137.42
E   A   20    -66.73   133.08  -178.35    89.55  -155.61   -63.87  -174.35
E   G   21    -80.66  -177.58    74.39    87.00  -175.71   168.89  -141.35
E   A   22    -59.96   133.57    60.09    84.39  -132.50   -46.91  -178.92
E   C   23    -78.81   178.03    52.36    80.99  -159.78   -69.08  -147.61
E   A   24    137.22  -165.87  -173.94    85.01  -143.73   -67.53  -167.67
E   C   25    -64.21   176.95    52.53    78.52  -152.42   -61.43  -161.66
E   A   26    -85.14   176.61    70.37    78.92  -153.83   -57.23  -166.98
E   A   27    -83.09   178.03    67.52    78.22  -144.14   -77.38  -164.06
E   G   28    -70.14   173.01    55.73    78.12  -152.44   -63.52  -162.99
E   G   29    -78.51   178.99    66.46    77.36  -155.49   -65.01  -170.92
E   G   30    -80.37  -177.40    67.67    79.73  -168.92   -82.08  -163.80
E   A   31    170.44  -174.59   161.40    88.97 -9999.99 -9999.99  -172.85
E   A   37  -9999.99   124.18    75.56    83.50  -128.46   -63.05  -172.45
E   A   38    -77.95   165.70    66.97    83.06  -157.23   -59.31  -152.27
E   U   39   -104.71   169.84    88.48    80.87  -154.73   -59.29  -149.17
E   C   40    -81.26  -177.64    63.51    78.12  -158.66   -72.92  -155.71
E   C   41    -77.15  -179.38    58.89    77.01  -154.46   -72.02  -146.57
E   C   42    -72.36   170.19    65.41    76.79  -147.22   -69.82  -152.72
E   U   43    -70.61   175.38    59.22    80.07  -135.81   -73.79  -157.35
E   C   44    -67.21   163.04    57.07    78.22  -159.16  -139.36  -146.67
E   G   45     50.60  -179.04    86.83    77.98  -144.30   -64.28  -172.73
E   G   46    -68.09   178.94    55.13    79.51  -147.28   -72.28  -167.37
E   C   47    -69.83   171.43    57.24    77.35  -152.23   -65.18  -150.20
E   G   47    -79.07   179.68    66.91    81.92 -9999.99 -9999.99  -150.12
E   C   47  -9999.99   147.85    70.65   138.36  -167.71   128.02    13.59
E   G   47     65.97  -154.21    77.51   145.38  -146.08    69.01  -127.41
E   C   47    178.36    78.26   154.50    86.10  -103.83   -92.67  -157.11
E   G   47    -74.39   147.80    63.96    76.83  -158.62   -70.06  -150.95
E   C   47    -76.17   169.35    68.43    79.35  -150.98   -61.62  -143.73
E   U   47    -77.13   172.25    67.60    79.83  -154.34   -64.07  -157.58
E   G   47    -78.16   177.00    63.77    79.16  -161.92   -84.84  -154.07
E   U   48    -67.29  -139.72    73.49   137.43  -148.61   123.40  -129.67
E   G   49    -48.89  -129.23    90.39    81.79  -149.95   -64.29  -178.40
E   C   50    -77.64  -172.95    58.66    79.17  -152.38   -62.56  -162.18
E   G   51    -95.28   178.59    77.36    76.40  -146.51   -90.58  -164.28
E   G   52    114.99  -155.48  -158.31    84.91  -150.40   -55.97  -173.11
E   G   53    -80.03  -174.03    65.92    79.49  -153.59   -71.76  -171.75
E   U   54    -77.38  -177.87    60.32    80.44  -138.17   -56.30  -146.30
E   U   55    -73.87   179.31    61.92    79.48  -144.89   -52.37  -139.47
E   C   56    175.35   145.62    47.48    83.15  -145.38   -56.03  -167.38
E   A   57    -81.60  -178.24    58.72    80.04  -148.83   -60.16  -160.48
E   A   58    -68.91  -128.31    61.77   140.18  -100.10  -177.98   -73.45
E   G   59     65.60  -151.21    90.10    82.17  -137.53   -58.89  -170.25
E   U   60    -68.71   178.09    66.69   134.02   -95.35   -74.78  -127.29
E   C   61    -76.52  -179.09    32.82    82.98  -146.68   -74.18  -166.42
E   C   62    -68.54   177.46    57.11    78.60  -146.18   -68.04  -162.43
E   C   63    -71.35   179.81    52.78    76.15  -141.62   -76.06  -159.64
E   G   64    -88.87   156.82    86.96    77.46  -147.14   -69.18  -172.31
E   C   65    -69.68   176.24    61.26    79.27  -149.77   -71.08  -161.48
E   U   66    -74.78   178.59    57.65    80.44  -150.28   -68.45  -152.60
E   C   67    -73.73   165.94    65.32    77.65  -156.05   -65.61  -149.89
E   C   68    -72.22   175.43    64.58    76.53  -164.41   -73.80  -159.21
E   G   69    148.97  -177.72  -179.00    86.59  -132.42   -74.24  -176.05
E   G   70    -61.76   174.07    45.57    77.37  -147.15   -68.13  -165.77
E   G   71    -68.60   172.13    64.10    79.14  -148.42   -60.78  -169.59
E   U   72    -77.30   175.43    63.03    79.99  -160.79   141.75  -155.36
E   A   73    -57.86   139.28    61.63   138.08  -136.33    62.76  -130.79
E   C   74     71.67   149.10    63.08   144.79   -77.14   112.17  -125.01
E   C   75     79.82   117.05    65.49    82.54  -122.37   -84.03  -163.53
E   A   76    -63.06   147.13    60.79    82.43 -9999.99 -9999.99  -136.98
