PDB data file name: dataset/5on2.pdb_new
uncommon residue LSS  901  on chain A [#1] assigned to: g
uncommon residue VRT  902  on chain A [#2] assigned to: a
uncommon residue LSS  901  on chain D [#88] assigned to: g
uncommon residue VRT  902  on chain D [#89] assigned to: a
-----------------------------------------------------------
CRITERIA USED TO GENERATE BASE-PAIR: 
  3.40 --> upper H-bond length limits (ON..ON).
 26.00 --> max. distance between paired base origins.
  2.50 --> max. vertical distance between paired base origins.
 65.00 --> max. angle between paired bases [0-90].
  5.40 --> min. distance between RN9/YN1 atoms.
  8.00 --> max. distance criterion for helix break[0-12]
-----------------------------------------------------------
BASE-PAIR INSTRUCTIONS: 
Column 1 is rnaview assigned base numbers n1_n2, start from 1.
Column 2 & 3 are chain ID & residue number in input PDB file.
Column 4 is for base pair. The left & right are the bases as 
         identified by column 2 & 3 and 5 & 6.
Column 5 & 6 are residue number & chain ID in input PDB file.
Column 7 is for base pair annotation. The standard Watson-Crick
         (W.C.) pairs are annotated as -/- (AU,AT) or +/+ (GC).
         Other pairs are annotated as Leontis_Westhof Classification.
         The three edges: W(Watson-Crick); H(Hoogsteen); S(suger).
         e.g. W/H means the pair is edge of Watson-Crick & Hoogsteen.
Column 8 is glycosidic bond orientation (either cis or trans).
         e.g. 'W/H cis' means the pair is interaction on Watson-Crick
         and Hoogsteen side, glycosidic bond orientation is 'cis'.
Column 9 corresponds to Saenger Classification.

Other columns: 
        Syn sugar-base conformations are annotated as (syn).
        Stacked base pairs are annotated as (stack).
        Non-identified edges are annotated as (.) or (?)
        Tertiary interactions are marked by (!) in the line.
Reference:
Yang et al (2003) Nucleic Acids Research, Vol31,No13,p3450-3461.
-----------------------------------------------------------
BEGIN_base-pair
     9_77, B:     7 A-U    66 B: -/- cis         XX
    30_46, B:    27 A-U    43 B: -/- cis         XX
   96_159, E:     7 A-U    66 E: -/- cis         XX
  117_128, E:    27 A-U    43 E: -/- cis         XX
     4_82, B:     2 C-G    71 B: +/+ cis         XIX
     5_81, B:     3 C-G    70 B: +/+ cis         XIX
     6_80, B:     4 C-G    69 B: +/+ cis         XIX
    50_55, B:    47 C-G    47 B: +/+ cis         XIX
    61_75, B:    50 C-G    64 B: +/+ cis         XIX
   91_164, E:     2 C-G    71 E: +/+ cis         XIX
   92_163, E:     3 C-G    70 E: +/+ cis         XIX
   93_162, E:     4 C-G    69 E: +/+ cis         XIX
  132_137, E:    47 C-G    47 E: +/+ cis         XIX
  143_157, E:    50 C-G    64 E: +/+ cis         XIX
     7_79, B:     5 G-C    68 B: +/+ cis         XIX
     8_78, B:     6 G-C    67 B: +/+ cis         XIX
    12_28, B:    10 G-C    25 B: +/+ cis         XIX
    14_26, B:    12 G-C    23 B: +/+ cis         XIX
    31_45, B:    28 G-C    42 B: +/+ cis         XIX
    32_44, B:    29 G-C    41 B: +/+ cis         XIX
    49_56, B:    46 G-C    47 B: +/+ cis         XIX
    51_54, B:    47 G-C    47 B: +/+ cis         XIX
    60_76, B:    49 G-C    65 B: +/+ cis         XIX
    62_74, B:    51 G-C    63 B: +/+ cis         XIX
    63_73, B:    52 G-C    62 B: +/+ cis         XIX
    64_72, B:    53 G-C    61 B: +/+ cis         XIX
   94_161, E:     5 G-C    68 E: +/+ cis         XIX
   95_160, E:     6 G-C    67 E: +/+ cis         XIX
   99_115, E:    10 G-C    25 E: +/+ cis         XIX
  101_113, E:    12 G-C    23 E: +/+ cis         XIX
  118_127, E:    28 G-C    42 E: +/+ cis         XIX
  119_126, E:    29 G-C    41 E: +/+ cis         XIX
  120_125, E:    30 G-C    40 E: +/+ cis         XIX
  131_138, E:    46 G-C    47 E: +/+ cis         XIX
  133_136, E:    47 G-C    47 E: +/+ cis         XIX
  142_158, E:    49 G-C    65 E: +/+ cis         XIX
  144_156, E:    51 G-C    63 E: +/+ cis         XIX
  145_155, E:    52 G-C    62 E: +/+ cis         XIX
  146_154, E:    53 G-C    61 E: +/+ cis         XIX
    13_27, B:    11 U-A    24 B: -/- cis         XX
    35_41, B:    32 U-A    38 B: -/- cis         XX
  100_114, E:    11 U-A    24 E: -/- cis         XX
    29_47, B:    26 A-C    44 B: W/W cis         n/a
  116_129, E:    26 A-C    44 E: W/W cis         n/a
    34_42, B:    31 A-U    39 B: W/W cis         n/a
    21_67, B:    19 G-C    56 B: W/W cis         n/a
    33_43, B:    30 G-C    40 B: W/W cis         n/a
  108_149, E:    19 G-C    56 E: W/W cis         n/a
     3_83, B:     1 G-U    72 B: W/W cis         XXVIII
    48_57, B:    45 G-U    47 B: W/W cis         XXVIII
   90_165, E:     1 G-U    72 E: W/W cis         XXVIII
  130_139, E:    45 G-U    47 E: W/W cis         XXVIII
    17_59, B:    15 A-U    48 B: W/W tran        XXI
  104_141, E:    15 A-U    48 E: W/W tran        XXI
    11_14, B:     9 G-G    12 B: W/H cis    syn    VI
   98_101, E:     9 G-G    12 E: W/H cis    syn    VI
    10_16, B:     8 U-A    14 B: W/H tran        XXIV
    65_69, B:    54 U-A    58 B: W/H tran     syn  XXIV
   97_103, E:     8 U-A    14 E: W/H tran        XXIV
  147_151, E:    54 U-A    58 E: W/H tran     syn  XXIV
    16_23, B:    14 A-A    20 B: W/S cis         n/a
  103_110, E:    14 A-A    20 E: W/S cis         n/a
    15_24, B:    13 G-G    21 B: W/S cis         n/a
  102_111, E:    13 G-G    21 E: W/S cis         n/a
    20_66, B:    18 G-U    55 B: W/S tran        n/a
  107_148, E:    18 G-U    55 E: W/S tran        n/a
    15_25, B:    13 G-A    22 B: S/H tran        XI
  102_112, E:    13 G-A    22 E: S/H tran        XI
END_base-pair

Summary of triplets and higher multiplets
BEGIN_multiplets
10_16_23_| [1 3]  B: 8 U  +  B: 14 A  +  B: 20 A
11_14_26_| [2 3]  B: 9 G  +  B: 12 G  +  B: 23 C
15_24_25_| [3 3]  B: 13 G  +  B: 21 G  +  B: 22 A
97_103_110_| [4 3]  E: 8 U  +  E: 14 A  +  E: 20 A
98_101_113_| [5 3]  E: 9 G  +  E: 12 G  +  E: 23 C
102_111_112_| [6 3]  E: 13 G  +  E: 21 G  +  E: 22 A
END_multiplets

  The total base pairs =  68 (from  169 bases)
------------------------------------------------
 Standard  WW--cis  WW-tran  HH--cis  HH-tran  SS--cis  SS-tran
       42       10        2        0        0        0        0
  WH--cis  WH-tran  WS--cis  WS-tran  HS--cis  HS-tran
        2        4        4        2        0        2
------------------------------------------------
