The backbone torsional angle for nucleic acid 

 
Note: alpha:   O3'(i-1)-P-O5'-C5'
      beta:    P-O5'-C5'-C4'
      gamma:   O5'-C5'-C4'-C3'
      delta:   C5'-C4'-C3'-O3'
      epsilon: C4'-C3'-O3'-P(i+1)
      zeta:    C3'-O3'-P(i+1)-O5'(i+1)

      chi for pyrimidines(Y): O4'-C1'-N1-C2
          chi for purines(R): O4'-C1'-N9-C4

    (The number -9999.99 means that the angle can not be calculated) 

Ch Res  Num    alpha    beta     gamma    delta  epsilon    zeta     chi
B   C    2    -64.94   160.31    54.52    79.22  -141.77   -88.42  -161.51
B   C    3    -55.06   166.89    41.71    74.07  -163.11   -62.91  -162.91
B   C    4    -70.58  -174.49    58.75    76.71  -161.34   -79.35  -157.86
B   G    5    156.11  -167.80   174.16    87.59  -136.30   -70.03  -179.54
B   G    6    -59.70   166.70    57.74    89.99  -144.15   -96.30  -164.40
B   A    7    -45.37   169.90    59.25   149.74  -102.34   -53.81  -126.34
B   U    8    -71.66  -156.29    65.40    88.74  -108.31   -91.59  -159.52
B   G    9   -174.54   113.60   176.11   140.22   -98.61   -47.55    68.43
B   G   10   -104.90  -179.97   -24.81    85.04  -159.49   -64.79   176.68
B   U   11   -113.17  -153.12    87.78    73.51  -145.22   -80.27  -174.83
B   G   12    -64.09  -179.50    51.13    78.33  -151.42   -81.80  -158.98
B   G   13    144.75  -133.61  -175.62    93.85  -155.75   -61.48  -176.91
B   A   14    -78.50  -157.75    54.97    82.97  -166.85   -46.88  -165.94
B   A   15    -92.12  -177.10    56.64    87.16  -149.76    71.70  -149.53
B   U   16   -150.42  -123.18    71.36   141.90   -71.17   -97.53  -127.69
B   C   17   -155.83  -162.33    35.54   140.65  -107.86   -91.12    60.67
B   G   18   -178.17   162.00    -3.25   140.02  -112.29  -168.41  -104.57
B   G   19    -71.56  -177.20    56.50   145.58   -73.38  -170.81   -84.79
B   U   20    -68.22  -157.39    56.48   145.61  -110.34   -63.35  -132.07
B   A   20    -64.23   142.60   165.47    89.84  -138.62   -80.90  -169.15
B   G   21    -60.53   168.15    59.61    91.92  -166.58   164.41  -138.80
B   A   22    -56.96   153.24    34.32    96.76  -126.71   -60.82  -178.00
B   C   23    -71.99   170.93    50.74    79.05  -153.95   -67.72  -161.72
B   A   24    161.81  -174.06   170.80    82.14  -133.65   -82.98  -175.35
B   C   25    -44.26   178.25    41.58    89.86  -148.82   -60.76  -158.20
B   A   26    -93.16   167.73    80.64    79.29  -132.52   -81.07  -171.80
B   A   27    -33.53   153.07    37.51    77.45  -141.55  -109.00  -167.13
B   G   28     -0.94   134.02    17.17    76.04  -156.49   -64.07  -163.39
B   G   29    -80.52   169.52    66.51    76.93  -142.85   -73.10  -172.34
B   G   30    -61.19   163.48    64.08    71.66  -164.60   -56.38  -176.99
B   A   31    -83.37  -156.76    55.88    80.20 -9999.99 -9999.99  -155.21
B   U   39  -9999.99  -178.18    48.24    79.11  -172.46   -69.25  -138.06
B   C   40    -77.80  -174.33    66.30    75.22  -148.53   -80.48  -156.51
B   C   41   -165.46  -169.77   139.81    80.25  -108.96  -131.17   172.73
B   C   42      9.54   108.46    22.06    72.89  -149.06   -88.32  -165.47
B   U   43    -48.34   176.47    38.20    82.07  -148.63   -63.13  -149.42
B   C   44    -66.92   169.87    63.23    77.38  -144.14  -144.85  -155.41
B   G   45     59.21   176.56    71.73    78.99  -142.30   -76.67  -177.23
B   G   46    -63.51  -178.21    52.79    79.44  -151.22   -75.49  -163.25
B   C   47    -58.92   168.24    49.13    77.15  -144.87   -98.66  -160.31
B   G   47      0.06   134.02    26.65    79.78 -9999.99 -9999.99  -156.51
B   C   47  -9999.99   115.92    80.95   143.34  -149.26   103.87     1.50
B   G   47     88.43  -147.85    61.19   154.12   -71.91  -100.55   -97.48
B   C   47    165.15  -156.83   164.98    78.63  -138.44   -86.27  -140.07
B   G   47    -44.93   172.54    32.43    83.46  -158.82   -83.52  -155.26
B   C   47    -37.89   151.99    45.04    78.78  -150.29   -65.08  -154.39
B   U   47    -56.72   163.42    56.50    83.39  -155.46   -67.10  -160.85
B   G   47    -76.11   171.29    65.27    81.50  -134.79  -106.12  -162.84
B   U   48    -48.65  -168.54    61.82   140.05  -147.13    75.99  -130.21
B   G   49     60.65   149.07    43.95    82.84  -144.65   -70.92   177.94
B   C   50    -79.17  -172.86    59.09    75.21  -149.77   -73.41  -161.22
B   G   51    -61.03  -173.99    47.92    78.92  -165.88   -72.47  -157.35
B   G   52    162.53  -169.35   170.08    82.91  -134.85   -67.71  -172.68
B   G   53    -61.72   173.50    66.36    72.44  -156.36   -65.27  -170.40
B   U   54    -71.18  -170.86    49.82    80.66  -138.52   -72.02  -143.60
B   U   55    -43.43   168.73    36.75    83.42  -152.44   -55.81  -140.56
B   C   56    177.26   157.90    40.99    84.25  -137.68   -64.22  -172.18
B   A   57    -55.66   168.64    44.74    81.73  -152.26   -61.62  -152.61
B   A   58    -62.49  -129.97    58.64   148.66   -83.97   173.29   -72.90
B   G   59     83.65  -166.18    59.74    87.04  -133.80   -65.84  -158.11
B   U   60    -55.75   162.72    61.43   130.18   -90.29   -76.19  -126.64
B   C   61    -66.62   173.40    33.50    79.02  -159.02   -62.64  -169.43
B   C   62    -84.86  -165.07    55.67    87.96  -123.08  -100.39  -160.07
B   C   63    -51.42   156.27    42.25    74.39  -148.50   -69.24  -159.47
B   G   64    -56.35   170.48    48.22    75.23  -167.67   -34.48  -165.17
B   C   65   -160.20   150.14   149.97    79.97  -152.79   -65.02  -172.03
B   U   66    -63.90   171.64    52.07    75.51  -150.28   -63.62  -153.90
B   C   67    -70.60   166.93    60.53    86.78  -153.95   -77.10  -158.82
B   C   68    -77.65  -176.17    61.10    83.82  -146.38   -81.09  -155.73
B   G   69    -71.20   163.84    68.19    73.51  -164.94   -62.26  -169.88
B   G   70    -87.76  -172.49    62.11    77.56  -145.07   -72.34  -171.32
B   G   71    -70.40   172.19    62.81    79.50  -144.32   -71.65  -165.05
B   U   72    -50.25   165.89    44.74    78.70  -161.54   137.50  -158.12
B   A   73    -50.25   131.06    48.73   140.72  -134.48    65.16  -143.87
B   C   74     82.53   150.63    49.73   147.54   -84.13   113.41  -116.22
B   C   75     85.76   121.75    58.18    82.34  -134.94   -74.22  -156.03
B   A   76    -71.54   157.06    59.35    92.07 -9999.99 -9999.99  -143.44
E   G    1  -9999.99   151.58    15.27    86.16 -9999.99 -9999.99   176.73
E   C    3    -60.26   171.22    44.65    70.27  -163.45   -59.59  -167.33
E   C    4    -82.49  -171.30    70.31    77.64  -150.77   -66.04  -167.08
E   G    5    -67.52   175.30    61.79    73.73  -169.66   -62.05  -171.53
E   G    6    -85.18   177.49    80.42    85.62  -154.94   -74.35  -164.37
E   A    7    -68.47  -167.93    69.55   146.85   -80.28   -87.91  -109.69
E   U    8     -3.69   178.68    18.60    87.76  -124.19   -77.95  -151.67
E   G    9    176.76   113.87  -170.89   151.99  -121.81   -53.13    72.72
E   G   10    168.53  -162.06    39.72    78.13  -151.72   -69.73   168.43
E   U   11    -76.04  -159.94    51.50    79.32  -162.88   -68.03  -165.98
E   G   12    -76.89  -178.60    62.26    73.42  -137.42   -47.02  -158.98
E   G   13    -99.50   149.69   109.14    90.13  -160.70   -67.23  -172.96
E   A   14    -71.76  -161.05    53.87    80.00  -156.14   -52.90  -159.77
E   A   15    -78.96   179.45    57.72    87.68  -150.45    76.76  -145.10
E   U   16   -144.53  -120.84    61.96   150.67   -85.61   -72.27  -125.26
E   C   17   -144.20   150.96    73.83    76.02  -101.92   -89.74    42.44
E   G   18    146.81  -162.56    29.66   151.96  -113.42  -169.83   -91.63
E   G   19    -58.66  -174.17    40.91   148.28   -81.87  -169.50   -74.38
E   U   20    -74.11  -154.81    64.97   131.19   -96.25   -78.55  -126.18
E   A   20    -46.87   135.25   162.31    88.45  -144.45   -74.92  -173.13
E   G   21    -59.97   170.26    58.42    92.50  -166.07   155.56  -139.69
E   A   22    -62.48   145.55    44.81    85.24  -134.37   -52.96  -175.09
E   C   23    -79.97   165.00    59.99    77.25  -152.22   -70.45  -164.83
E   A   24    150.14  -178.59   178.62    86.00  -131.22   -70.38  -170.38
E   C   25    -62.64   179.28    57.52    79.59  -158.86   -54.91  -166.12
E   A   26    -74.92  -177.66    53.43    75.81  -160.40   -