The backbone torsional angle for nucleic acid 

 
Note: alpha:   O3'(i-1)-P-O5'-C5'
      beta:    P-O5'-C5'-C4'
      gamma:   O5'-C5'-C4'-C3'
      delta:   C5'-C4'-C3'-O3'
      epsilon: C4'-C3'-O3'-P(i+1)
      zeta:    C3'-O3'-P(i+1)-O5'(i+1)

      chi for pyrimidines(Y): O4'-C1'-N1-C2
          chi for purines(R): O4'-C1'-N9-C4

    (The number -9999.99 means that the angle can not be calculated) 

Ch Res  Num    alpha    beta     gamma    delta  epsilon    zeta     chi
A   G    1  -9999.99 -9999.99    55.10    81.97  -157.64   -80.85  -162.39
A   G    2    -60.70  -177.48    55.26    83.67  -176.78   -86.58  -156.23
A   G    3   -167.29  -137.27   126.11    82.52  -137.53   -77.48  -169.22
A   U    4    -53.00   159.49    50.88    83.41  -103.95   -45.79  -159.09
A   C    5   -127.16    94.37   146.31    83.35   174.32   -78.33  -179.33
A   G    6   -130.59  -118.67    81.93    83.59   168.24   -82.67  -174.89
A   U    7    155.44   -99.74  -175.26    81.95  -137.95    44.35  -145.87
A   U    8   -105.29  -165.59    53.32    80.05  -107.79  -146.73  -160.22
A   A    9     50.83   174.99   -54.10   148.00   -85.39   -83.99   -69.24
A   G   10    -88.06   151.10   -14.74    83.58  -146.47   -75.21  -179.63
A   C   11    -68.96  -174.06    50.46    81.93  -146.29   -77.05  -163.48
A   U   12    -60.83   170.53    54.79    80.43  -138.35   -69.19  -163.04
A   C   13    -62.26   163.06    58.97    77.43    54.09    71.55  -161.46
A   A   14     81.46   171.98   174.60    81.66  -103.86   -34.16  -175.94
A   G   15    -92.65   118.73   150.76    79.69    35.27   163.43  -157.03
A   U   16     81.98  -132.53   103.30    79.61  -112.97   -92.64  -144.00
A   U   17    -46.33   155.82  -164.67   146.12   -78.50  -129.90  -131.39
A   G   18   -114.12   170.96    50.42    81.81  -116.16   150.91   -66.21
A   G   19    156.74  -144.53   171.75    81.38  -176.72   -82.96  -171.16
A   U   20   -100.78    69.68   178.27    80.10   -99.24  -163.27  -159.76
A   A   21     70.79  -112.56  -156.84    81.32  -108.46   177.51   176.21
A   G   22    -52.59   125.13    44.79    80.31  -139.07   -83.89  -179.32
A   A   23    -63.14   174.15    46.25    80.84  -146.87   -83.56  -169.24
A   G   24    -60.68   163.41    55.44    80.10  -141.04   -76.85  -171.66
A   C   25    -65.19   162.30    63.39    79.26  -142.94   -50.94  -170.51
A   A   26    -80.33  -161.41    47.78    80.53  -136.53   -87.22   177.69
A   G   27    -64.96   166.86    57.09    81.78  -150.35   -72.36  -178.48
A   U   28    -68.79  -174.40    52.51    81.75  -149.20   -70.71  -167.25
A   U   29    -64.64   170.26    55.89    81.54  -155.10   -74.68  -166.34
A   G   30    -64.13   175.86    50.25    81.70  -147.99   -74.76  -171.27
A   A   31    -59.55   173.53    49.20    81.09  -133.25   -75.41  -168.74
A   C   32    -54.84   168.37    49.12    81.41  -105.43   -94.06  -158.27
A   U   33    -58.50   157.87    51.58    81.42  -109.90  -103.54  -159.72
A   U   34     62.01  -171.94   162.54    81.39  -109.92   -98.09  -159.73
A   U   35    159.91  -154.09   155.62    81.59  -133.86   -74.01  -157.71
A   U   36    165.10  -171.05   162.09    81.63  -149.49   -79.54  -156.35
A   A   37    -56.28   163.55    58.39    81.87  -127.27   -26.59  -157.65
A   A   38   -151.61   119.37   157.63    81.78  -109.03   -48.22  -162.38
A   U   39    -77.56  -168.12    48.10    81.72  -150.74   -77.84  -164.87
A   C   40    -61.45   168.75    55.99    81.64  -147.13   -75.43  -163.29
A   A   41    -61.06   165.53    61.45    81.61  -153.53   -72.89  -163.94
A   A   42    -66.66  -177.21    46.69    81.71  -138.50   -32.83  -158.97
A   U   43   -127.60   119.33   154.15    82.20  -139.40   -76.95   179.00
A   U   44    -63.78   172.80    53.64    82.89  -136.21   -59.33  -170.49
A   G   45    -66.42   164.17    56.21    82.68  -109.47   -72.15  -169.21
A   G   46    171.41   128.35   179.55    80.51  -116.40  -179.33  -108.12
A   U   47     53.82    87.74   159.72    80.08  -171.66   156.40  -159.38
A   C   48    -70.68   146.87    36.98    81.87  -146.13   158.68  -164.99
A   G   49    -69.01   129.69   156.00    82.84  -164.53    60.52   141.00
A   C   50    142.46   129.85   125.77    82.63   160.79    37.72  -149.27
A   A   51    168.64    79.55   164.38    83.52   168.94    31.20  -156.44
A   G   52   -168.92   111.97   144.28    82.08  -112.97   -77.01   177.41
A   G   53    -70.02  -174.79    39.39    80.07  -133.91   -73.19  -148.41
A   U   54    141.47  -127.77  -171.84    80.45    28.09   164.27  -158.27
A   U   55    168.01   132.34    58.11    81.17  -105.68   -90.95  -151.28
A   C   56   -170.85  -147.84    50.84    80.65  -150.05   -88.57  -159.85
A   G   57    167.01  -150.47   152.77    82.54  -124.07   -80.41  -176.91
A   A   58    -50.21   174.05    84.75   151.56   -39.80  -168.37  -101.85
A   A   59     46.33   176.31    73.00    83.99  -146.74   -19.34  -170.83
A   U   60   -100.39  -165.05    66.28    82.08   -99.03  -111.57    59.30
A   C   61     64.65   129.69   -40.77    82.17  -137.37   -90.01  -160.91
A   C   62    -75.93   160.05    63.92    81.09  -152.55   -72.58  -156.07
A   U   63    -63.72   166.01    64.26    81.70  -142.34   -82.15  -160.42
A   G   64    177.09  -163.58   149.23    82.23  -118.99   -69.89   176.33
A   C   65    -59.59   160.35    54.54    81.64  -134.92  -102.75  -160.70
A   A   66    175.47  -178.59   164.25    81.92  -145.26   -64.32  -161.02
A   C   67    -67.18   168.27    66.61    81.37  -149.33   -62.97  -161.06
A   G   68    167.28  -171.06   164.28    81.95  -154.96   -78.30  -154.56
A   A   69    164.77  -178.77   161.73    82.35  -148.94   -73.67   172.90
A   C   70   -174.07  -157.62   148.42    84.36  -135.71  -115.85  -174.59
A   C   71    155.40  -124.09   152.84    83.06  -146.53   -67.52  -163.09
A   C   72    172.25  -177.03   168.10    82.23   -80.34  -135.46  -157.88
A   A   73     98.51  -101.53  -179.88    81.16  -104.80   139.39  -174.09
A   C   74    -39.57   111.34   104.75    82.64  -107.85   -47.08  -168.25
A   C   75    -74.14   174.16    63.45    83.61  -130.75  -129.00  -115.06
A   A   76    -41.90   119.11    61.28    82.21 -9999.99 -9999.99  -123.93
