The backbone torsional angle for nucleic acid 

 
Note: alpha:   O3'(i-1)-P-O5'-C5'
      beta:    P-O5'-C5'-C4'
      gamma:   O5'-C5'-C4'-C3'
      delta:   C5'-C4'-C3'-O3'
      epsilon: C4'-C3'-O3'-P(i+1)
      zeta:    C3'-O3'-P(i+1)-O5'(i+1)

      chi for pyrimidines(Y): O4'-C1'-N1-C2
          chi for purines(R): O4'-C1'-N9-C4

    (The number -9999.99 means that the angle can not be calculated) 

Ch Res  Num    alpha    beta     gamma    delta  epsilon    zeta     chi
S   A    1  -9999.99  -110.75    72.31    81.57  -143.94   -72.96  -178.28
S   G    2    -71.38  -176.57    52.16    81.19  -150.61   -70.87  -170.05
S   C    3    -61.22   171.56    52.44    78.51  -153.02   -70.44  -168.28
S   G    4    -62.82   176.99    53.78    78.28  -152.77   -71.54  -168.83
S   C    5    -76.90   165.98    78.79    78.49  -131.50   -78.29  -174.54
S   C    6    -66.37   163.51    57.91    80.36  -167.35   -68.74  -168.26
S   G    7    -76.91  -170.09    77.66   145.87   -78.95   -56.10  -130.23
S   U    8    -34.03  -158.52    25.07    87.65  -117.30  -138.49  -144.46
S   G    9     93.49  -159.47  -113.79   130.42  -108.50   -60.40  -105.53
S   A   10   -177.07  -164.44    51.58    81.56  -130.55  -102.39   176.78
S   C   11     -9.54   152.73    13.08    82.75  -154.61   -72.91  -155.82
S   G   12    -57.26   175.13    43.88    78.94  -144.00   -71.73  -160.12
S   C   13    -56.59   166.80    54.61    77.98  -176.00   -70.71  -163.80
S   A   14    127.56  -178.18  -146.20    79.54  -120.94   -59.02  -179.27
S   G   15    -57.15   173.47    49.73    75.86  -126.08  -131.38  -168.48
S   U   16   -147.39   137.01    50.61   152.22   -76.26   -86.45  -168.92
S   G   18    -81.36   165.69  -170.81   147.06   -91.95  -112.62  -126.93
S   G   19   -142.55   142.52   107.92   147.17   -97.96   108.13  -104.50
S   A   20   -155.26   105.70   120.76    83.55   171.99  -100.64   -93.65
S   A   21    -90.51   170.24   136.90    82.29  -179.38   -87.59  -150.07
S   G   22    -64.76  -160.30    40.88    79.91  -157.38   -71.05  -157.46
S   C   23    -60.64   172.70    53.49    75.44  -145.87   -85.43  -156.84
S   G   24    -48.15   163.69    47.43    81.55  -149.49   -62.17  -157.61
S   C   25    -98.88   164.76    84.98    76.83  -126.67   -75.57  -171.87
S   G   26    -54.15   166.96    50.30    86.02  -127.48   -84.63   179.07
S   C   27    -25.97   166.89    25.53    79.34  -150.11   -73.53  -166.52
S   A   28    -54.95   169.45    46.14    78.90  -146.13   -75.19  -163.75
S   G   29    -52.48   173.59    40.51    74.27  -149.17   -73.64  -168.35
S   G   30    -54.41   168.80    53.50    79.06  -143.45   -72.29  -172.29
S   G   31    -54.62   171.66    46.48    77.81  -152.57   -65.55  -170.14
S   C   32    -66.42  -168.23    46.63    82.89  -141.04   -55.31  -172.85
S   U   33    -70.26   178.78    51.74    80.16  -113.90   -54.82  -162.30
S   C   34   -157.44   134.46    27.35    85.46  -142.46   -73.66  -172.53
S   A   35    -60.78  -177.04    39.36    82.67  -160.33   -64.61  -156.32
S   U   36   -103.93  -178.97    81.79    75.14  -136.81   -74.22  -162.05
S   A   37    -46.22   170.16    49.76    75.08  -126.81   -82.49  -179.91
S   A   38    -38.52   153.98    42.84    85.10  -142.31   -56.89  -165.54
S   C   39    -67.58   171.20    59.45    79.95  -130.00   -86.24  -163.44
S   C   40    -63.29   171.03    49.36    81.52  -159.95   -62.90  -168.02
S   C   41    -75.97  -171.39    60.57    84.70  -166.50   -56.85  -155.35
S   U   42    118.47  -179.54  -151.72    85.91  -145.92   -81.34  -159.18
S   G   43    -55.61   168.77    49.93    79.90  -161.77   -71.85  -150.44
S   A   44    -64.87   166.73    65.08    81.80  -147.12   -88.97  -150.62
S   U   45    -20.83   155.99    30.17    89.73  -120.40   -98.32  -137.43
S   G   46     77.79  -172.66   -93.97    99.03  -134.96  -176.22  -118.36
S   U   47     97.82   154.57  -159.57    85.14  -105.39    -7.77  -164.02
S   C   48    145.87  -172.80  -101.44   143.04  -155.60   163.38   177.98
S   C   49     83.33  -167.34   -21.23    89.76  -119.97   -81.57  -177.29
S   U   50    -66.28   168.25    54.85    79.69  -148.25   -71.67  -170.66
S   C   51    -60.18  -178.68    46.18    80.83  -143.68   -74.05  -165.53
S   G   52    -57.05   165.35    52.84    76.64  -148.67   -75.87  -171.80
S   G   53    -54.46   167.40    53.55    77.48  -151.07  -126.98  -171.08
S   A   54     31.56   105.62    19.39    77.11  -142.20   -63.82  -163.25
S   U   55    -59.71   171.67    46.70    82.31  -112.19   -59.52  -152.55
S   C   56   -157.59   132.54    35.39    82.83  -125.87   -77.78  -170.38
S   G   57   -100.11   161.09    84.00    85.27  -125.83   -96.32  -176.14
S   A   58    -61.24   179.36    80.99    81.37    46.21   135.24  -139.52
S   A   59      3.51  -125.37   100.79    83.85  -148.07   -67.50  -176.64
S   A   60    -63.77   168.38    68.53   148.58  -157.24   -21.03  -134.28
S   C   61   -154.02  -152.00    54.53    79.82  -160.54   -76.50  -165.16
S   C   62    -76.40  -173.20    56.61    80.95   157.46    30.70  -153.82
S   G   63   -177.52    81.65   156.92    91.66   159.97    93.64   174.82
S   A   64    -74.70   -79.88  -141.45    87.93  -106.00  -103.97   174.35
S   G   65    -47.27   137.86    57.27    80.49  -143.16  -123.00   178.19
S   C   66     36.32   111.20     4.95    76.72  -154.01   -75.47  -158.93
S   G   67    -59.61   160.94    66.31    79.36  -154.77   -69.52  -167.09
S   G   68    -66.62  -169.71    45.12    84.48  -164.83   -66.38  -152.88
S   C   69    128.44  -166.80  -163.33    81.32  -146.35   -73.05  -167.94
S   G   70    -55.34   169.23    52.29    79.78  -144.65   -77.14  -168.71
S   C   71    -51.62   166.70    44.80    73.54  -149.11   -64.67  -162.55
S   U   72    -62.70   177.36    66.03    73.72  -126.18   -68.83   176.40
S   A   73    -56.25   172.43    40.63    86.54   178.44   148.32  -167.29
S   C   74    -65.71   135.34    44.00    84.10  -164.45   -61.56  -157.87
S   C   75    -88.74  -155.17    49.58    86.35   -90.54  -103.42  -124.46
S   A   76     57.83  -111.84  -112.46   145.61 -9999.99 -9999.99   -87.35
