PDB data file name: Dataset/3j0p_Y.pdb_new
-----------------------------------------------------------
CRITERIA USED TO GENERATE BASE-PAIR: 
  3.40 --> upper H-bond length limits (ON..ON).
 26.00 --> max. distance between paired base origins.
  2.50 --> max. vertical distance between paired base origins.
 65.00 --> max. angle between paired bases [0-90].
  5.40 --> min. distance between RN9/YN1 atoms.
  8.00 --> max. distance criterion for helix break[0-12]
-----------------------------------------------------------
BASE-PAIR INSTRUCTIONS: 
Column 1 is rnaview assigned base numbers n1_n2, start from 1.
Column 2 & 3 are chain ID & residue number in input PDB file.
Column 4 is for base pair. The left & right are the bases as 
         identified by column 2 & 3 and 5 & 6.
Column 5 & 6 are residue number & chain ID in input PDB file.
Column 7 is for base pair annotation. The standard Watson-Crick
         (W.C.) pairs are annotated as -/- (AU,AT) or +/+ (GC).
         Other pairs are annotated as Leontis_Westhof Classification.
         The three edges: W(Watson-Crick); H(Hoogsteen); S(suger).
         e.g. W/H means the pair is edge of Watson-Crick & Hoogsteen.
Column 8 is glycosidic bond orientation (either cis or trans).
         e.g. 'W/H cis' means the pair is interaction on Watson-Crick
         and Hoogsteen side, glycosidic bond orientation is 'cis'.
Column 9 corresponds to Saenger Classification.

Other columns: 
        Syn sugar-base conformations are annotated as (syn).
        Stacked base pairs are annotated as (stack).
        Non-identified edges are annotated as (.) or (?)
        Tertiary interactions are marked by (!) in the line.
Reference:
Yang et al (2003) Nucleic Acids Research, Vol31,No13,p3450-3461.
-----------------------------------------------------------
BEGIN_base-pair
      1_2, Y:     1 G-C     2 Y:      stacked
     1_72, Y:     1 G-C    72 Y: W/W cis         n/a
     2_72, Y:     2 C-C    72 Y: W/W cis         n/a
     3_71, Y:     3 C-G    71 Y: +/+ cis         XIX
     4_69, Y:     4 C-G    69 Y: +/+ cis         XIX
     4_70, Y:     4 C-G    70 Y:      stacked
      5_6, Y:     5 G-G     6 Y:      stacked
     5_68, Y:     5 G-C    68 Y: +/+ cis         XIX
     6_67, Y:     6 G-C    67 Y: +/+ cis         XIX
     6_68, Y:     6 G-C    68 Y: W/W cis         n/a
     7_66, Y:     7 A-U    66 Y: -/- cis         XX
     8_14, Y:     8 U-A    14 Y: W/H tran        XXIV
    10_25, Y:    10 G-C    25 Y: W/W cis         n/a
    10_44, Y:    10 G-G    44 Y: H/W cis         VI
    11_24, Y:    11 C-G    24 Y: +/+ cis         XIX
    13_22, Y:    13 C-G    22 Y: +/+ cis         XIX
    13_23, Y:    13 C-A    23 Y: W/W cis         n/a
    15_48, Y:    15 G-C    48 Y: W/W tran        XXII
    15_59, Y:    15 G-U    59 Y: W/W tran        XXVII
    24_25, Y:    24 G-C    25 Y:      stacked
    27_43, Y:    27 G-C    43 Y: S/H tran        n/a
    28_42, Y:    28 G-C    42 Y: +/+ cis         XIX
    29_41, Y:    29 G-C    41 Y: +/+ cis         XIX
    30_40, Y:    30 G-C    40 Y: +/+ cis         XIX
    30_41, Y:    30 G-C    41 Y:      stacked
    31_39, Y:    31 A-U    39 Y: -/- cis         XX
    39_40, Y:    39 U-C    40 Y:      stacked
    48_59, Y:    48 C-U    59 Y:      stacked
    50_64, Y:    50 U-A    64 Y: -/- cis         XX
    50_65, Y:    50 U-G    65 Y:      stacked
    51_63, Y:    51 U-G    63 Y: W/W cis         XXVIII
    51_64, Y:    51 U-A    64 Y:      stacked
    52_53, Y:    52 G-G    53 Y:      stacked
    52_62, Y:    52 G-C    62 Y: +/+ cis         XIX
    53_61, Y:    53 G-C    61 Y: W/W cis         n/a
    67_68, Y:    67 C-C    68 Y:      stacked
     9_22, Y:     9 A-G    22 Y: H/H tran        !1H(b_b).
     9_23, Y:     9 A-A    23 Y: W/H tran        !1H(b_b).
    15_20, Y:    15 G-U    20 Y: S/W tran        !1H(b_b)
    32_38, Y:    32 U-A    38 Y: S/W cis         !1H(b_b)
    69_70, Y:    69 G-G    70 Y: S/H cis         !1H(b_b).
    10_45, Y:    10 G-U    45 Y: H/S cis         !(b_s)
    21_22, Y:    21 A-G    22 Y: S/H cis         !(s_s)
    33_35, Y:    33 U-A    35 Y: S/S tran        !(s_s)
    33_36, Y:    33 U-A    36 Y: S/H tran        !(s_s)
    48_49, Y:    48 C-C    49 Y: S/S cis         !(s_s)
    55_57, Y:    55 U-G    57 Y: S/H tran   syn    !(s_s)
    55_58, Y:    55 U-A    58 Y: H/H tran   syn    !(s_s)
END_base-pair

Summary of triplets and higher multiplets
BEGIN_multiplets
1_2_72_| [1 3]  Y: 1 G  +  Y: 2 C  +  Y: 72 C
END_multiplets

  The total base pairs =  25 (from   75 bases)
------------------------------------------------
 Standard  WW--cis  WW-tran  HH--cis  HH-tran  SS--cis  SS-tran
       13        7        2        0        0        0        0
  WH--cis  WH-tran  WS--cis  WS-tran  HS--cis  HS-tran
        1        1        0        0        0        1
------------------------------------------------
