PDB data file name: ./Datasets/pdb_select_tRNA/6hd7_A.pdb_new
-----------------------------------------------------------
CRITERIA USED TO GENERATE BASE-PAIR: 
  3.40 --> upper H-bond length limits (ON..ON).
 26.00 --> max. distance between paired base origins.
  2.50 --> max. vertical distance between paired base origins.
 65.00 --> max. angle between paired bases [0-90].
  5.40 --> min. distance between RN9/YN1 atoms.
  8.00 --> max. distance criterion for helix break[0-12]
-----------------------------------------------------------
BASE-PAIR INSTRUCTIONS: 
Column 1 is rnaview assigned base numbers n1_n2, start from 1.
Column 2 & 3 are chain ID & residue number in input PDB file.
Column 4 is for base pair. The left & right are the bases as 
         identified by column 2 & 3 and 5 & 6.
Column 5 & 6 are residue number & chain ID in input PDB file.
Column 7 is for base pair annotation. The standard Watson-Crick
         (W.C.) pairs are annotated as -/- (AU,AT) or +/+ (GC).
         Other pairs are annotated as Leontis_Westhof Classification.
         The three edges: W(Watson-Crick); H(Hoogsteen); S(suger).
         e.g. W/H means the pair is edge of Watson-Crick & Hoogsteen.
Column 8 is glycosidic bond orientation (either cis or trans).
         e.g. 'W/H cis' means the pair is interaction on Watson-Crick
         and Hoogsteen side, glycosidic bond orientation is 'cis'.
Column 9 corresponds to Saenger Classification.

Other columns: 
        Syn sugar-base conformations are annotated as (syn).
        Stacked base pairs are annotated as (stack).
        Non-identified edges are annotated as (.) or (?)
        Tertiary interactions are marked by (!) in the line.
Reference:
Yang et al (2003) Nucleic Acids Research, Vol31,No13,p3450-3461.
-----------------------------------------------------------
BEGIN_base-pair
     1_72, A:     1 G-C    72 A: +/+ cis         XIX
     2_71, A:     2 G-C    71 A: +/+ cis         XIX
     3_70, A:     3 G-C    70 A: +/+ cis         XIX
     3_71, A:     3 G-C    71 A: W/W cis         n/a
     4_69, A:     4 U-A    69 A: W/W cis         n/a
     4_70, A:     4 U-C    70 A: W/W cis         XVIII
     5_68, A:     5 C-G    68 A: +/+ cis         XIX
     5_69, A:     5 C-A    69 A:      stacked
     6_67, A:     6 G-C    67 A: +/+ cis         XIX
    10_25, A:    10 G-C    25 A: +/+ cis         XIX
    10_45, A:    10 G-G    45 A: H/S cis         n/a
    11_24, A:    11 C-G    24 A: +/+ cis         XIX
    11_25, A:    11 C-C    25 A:      stacked
    12_23, A:    12 U-A    23 A: -/- cis         XX
    12_24, A:    12 U-G    24 A:      stacked
    13_22, A:    13 C-G    22 A: W/W cis         n/a
    13_23, A:    13 C-A    23 A: W/W cis         n/a
    22_46, A:    22 G-G    46 A: H/W tran        VII
    26_44, A:    26 A-U    44 A: -/- cis         XX
    27_43, A:    27 G-U    43 A: W/W cis         XXVIII
    28_42, A:    28 U-A    42 A: -/- cis         XX
    29_41, A:    29 U-A    41 A: -/- cis         XX
    30_40, A:    30 G-C    40 A: +/+ cis         XIX
    31_39, A:    31 A-U    39 A: -/- cis         XX
    48_59, A:    48 C-A    59 A:      stacked
    50_64, A:    50 C-G    64 A: +/+ cis         XIX
    52_62, A:    52 G-C    62 A: +/+ cis         XIX
    53_54, A:    53 G-U    54 A:      stacked
    53_61, A:    53 G-C    61 A: +/+ cis         XIX
    55_57, A:    55 U-G    57 A:      stacked
    61_62, A:    61 C-C    62 A:      stacked
    67_68, A:    67 C-G    68 A:      stacked
    13_46, A:    13 C-G    46 A: W/. tran        !1H(b_b)
    16_59, A:    16 U-A    59 A: W/W tran        !1H(b_b).
    25_45, A:    25 C-G    45 A: W/W cis         !1H(b_b)
    50_65, A:    50 C-C    65 A: W/S cis         !1H(b_b).
    51_63, A:    51 A-U    63 A: W/W cis         !1H(b_b).
     8_48, A:     8 U-C    48 A: s/S cis         !(b_s)
    18_61, A:    18 G-C    61 A: S/S tran   syn    !(b_s)
    20_59, A:    20 U-A    59 A: S/H tran        !(b_s)
     9_11, A:     9 A-C    11 A: S/H cis    syn    !(s_s)
    14_15, A:    14 A-G    15 A: S/S cis         !(s_s)
    18_19, A:    18 G-G    19 A: S/? cis    syn    !(s_s)
    21_22, A:    21 A-G    22 A: S/H cis         !(s_s)
    47_48, A:    47 U-C    48 A: S/S tran        !(s_s)
    54_58, A:    54 U-A    58 A: S/S tran        !(s_s)
END_base-pair

Summary of triplets and higher multiplets
BEGIN_multiplets
10_25_45_| [1 3]  A: 10 G  +  A: 25 C  +  A: 45 G
13_22_46_| [2 3]  A: 13 C  +  A: 22 G  +  A: 46 G
END_multiplets

  The total base pairs =  24 (from   76 bases)
------------------------------------------------
 Standard  WW--cis  WW-tran  HH--cis  HH-tran  SS--cis  SS-tran
       16        6        0        0        0        0        0
  WH--cis  WH-tran  WS--cis  WS-tran  HS--cis  HS-tran
        0        1        0        0        1        0
------------------------------------------------
