BEGIN_base-pair
     7_67, B:   507 G-C   567 B: +/+ cis         XIX
     8_14, B:   508 U-A   514 B: W/H tran        XXIV
     9_24, B:   509 A-A   524 B: H/H tran        II
    10_26, B:   510 G-C   526 B: +/+ cis         XIX
    10_26,-
7_67_8_14_9_24_10_26_0, click this line to see above pattern
0_0,---------
    20_57, B:   520 G-C   557 B: +/+ cis    syn    XIX
    23_47, B:   523 G-G   547 B: H/W tran        VII
    27_45, B:   527 G-A   545 B: W/W cis         VIII
    28_44, B:   528 G-C   544 B: +/+ cis         XIX
    28_44,-
20_57_23_47_27_45_28_44_0, click this line to see above pattern
0_0,---------
    13_23, B:   513 C-G   523 B: +/+ cis         XIX
    14_22, B:   514 A-A   522 B: W/S cis         n/a
    15_49, B:   515 G-C   549 B: W/W tran        XXII
    19_56, B:   519 G-U   556 B: W/S tran        n/a
    20_57, B:   520 G-C   557 B: +/+ cis    syn    XIX
    20_57,-
13_23_14_22_15_49_19_56_20_57_0, click this line to see above pattern
0_0,---------
END_base-pair
