PDB data file name: ./Datasets/pdb_select_tRNA_NoCopie/7p3k_V.pdb_new
-----------------------------------------------------------
CRITERIA USED TO GENERATE BASE-PAIR: 
  3.40 --> upper H-bond length limits (ON..ON).
 26.00 --> max. distance between paired base origins.
  2.50 --> max. vertical distance between paired base origins.
 65.00 --> max. angle between paired bases [0-90].
  5.40 --> min. distance between RN9/YN1 atoms.
  8.00 --> max. distance criterion for helix break[0-12]
-----------------------------------------------------------
BASE-PAIR INSTRUCTIONS: 
Column 1 is rnaview assigned base numbers n1_n2, start from 1.
Column 2 & 3 are chain ID & residue number in input PDB file.
Column 4 is for base pair. The left & right are the bases as 
         identified by column 2 & 3 and 5 & 6.
Column 5 & 6 are residue number & chain ID in input PDB file.
Column 7 is for base pair annotation. The standard Watson-Crick
         (W.C.) pairs are annotated as -/- (AU,AT) or +/+ (GC).
         Other pairs are annotated as Leontis_Westhof Classification.
         The three edges: W(Watson-Crick); H(Hoogsteen); S(suger).
         e.g. W/H means the pair is edge of Watson-Crick & Hoogsteen.
Column 8 is glycosidic bond orientation (either cis or trans).
         e.g. 'W/H cis' means the pair is interaction on Watson-Crick
         and Hoogsteen side, glycosidic bond orientation is 'cis'.
Column 9 corresponds to Saenger Classification.

Other columns: 
        Syn sugar-base conformations are annotated as (syn).
        Stacked base pairs are annotated as (stack).
        Non-identified edges are annotated as (.) or (?)
        Tertiary interactions are marked by (!) in the line.
Reference:
Yang et al (2003) Nucleic Acids Research, Vol31,No13,p3450-3461.
-----------------------------------------------------------
BEGIN_base-pair
     5_67, V:     5 A-U    68 V: -/- cis         XX
     1_71, V:     1 C-G    72 V: +/+ cis         XIX
     4_68, V:     4 C-G    69 V: +/+ cis         XIX
     6_66, V:     6 C-G    67 V: +/+ cis         XIX
    11_23, V:    11 C-G    24 V: +/+ cis         XIX
    13_21, V:    13 C-G    22 V: +/+ cis         XIX
    26_42, V:    27 C-G    43 V: +/+ cis         XIX
    27_41, V:    28 C-G    42 V: +/+ cis         XIX
    30_38, V:    31 C-G    39 V: +/+ cis         XIX
     2_70, V:     2 G-C    71 V: +/+ cis         XIX
     3_69, V:     3 G-C    70 V: +/+ cis         XIX
     7_65, V:     7 G-C    66 V: +/+ cis         XIX
    10_24, V:    10 G-C    25 V: +/+ cis         XIX
    12_22, V:    12 G-C    23 V: +/+ cis         XIX
    18_55, V:    19 G-C    56 V: +/+ cis    syn    XIX
    28_40, V:    29 G-C    41 V: +/+ cis         XIX
    49_63, V:    50 G-C    64 V: +/+ cis         XIX
    51_61, V:    52 G-C    62 V: +/+ cis         XIX
    52_60, V:    53 G-C    61 V: +/+ cis         XIX
    25_43, V:    26 A-G    44 V: W/W cis         VIII
    26_43, V:    27 C-G    44 V: W/W cis         n/a
    48_64, V:    49 G-U    65 V: W/W cis         XXVIII
    15_47, V:    15 G-C    48 V: W/W tran        XXII
     8_14, V:     8 U-A    14 V: W/H tran        XXIV
    53_57, V:    54 U-A    58 V: W/H tran     syn  XXIV
    17_54, V:    18 G-U    55 V: W/S tran        n/a
    21_45, V:    22 G-G    46 V: H/W tran        VII
END_base-pair

Summary of triplets and higher multiplets
BEGIN_multiplets
13_21_45_| [1 3]  V: 13 C  +  V: 22 G  +  V: 46 G
END_multiplets

  The total base pairs =  27 (from   75 bases)
------------------------------------------------
 Standard  WW--cis  WW-tran  HH--cis  HH-tran  SS--cis  SS-tran
       19        3        1        0        0        0        0
  WH--cis  WH-tran  WS--cis  WS-tran  HS--cis  HS-tran
        0        3        0        1        0        0
------------------------------------------------
