The backbone torsional angle for nucleic acid 

 
Note: alpha:   O3'(i-1)-P-O5'-C5'
      beta:    P-O5'-C5'-C4'
      gamma:   O5'-C5'-C4'-C3'
      delta:   C5'-C4'-C3'-O3'
      epsilon: C4'-C3'-O3'-P(i+1)
      zeta:    C3'-O3'-P(i+1)-O5'(i+1)

      chi for pyrimidines(Y): O4'-C1'-N1-C2
          chi for purines(R): O4'-C1'-N9-C4

    (The number -9999.99 means that the angle can not be calculated) 

Ch Res  Num    alpha    beta     gamma    delta  epsilon    zeta     chi
V   C    1  -9999.99   179.03    50.68    80.93  -149.75   -78.33  -165.12
V   G    2    -75.32   165.29    69.18    80.01  -107.08  -136.90  -177.22
V   G    3    101.56   -91.42  -169.83    82.78  -122.77  -110.20   159.77
V   C    4     37.47   118.70    -0.97   142.33  -161.93  -115.65  -115.22
V   A    5    -74.08   166.85    38.42    73.88  -161.08   -79.31  -146.55
V   C    6    -57.89   164.47    58.28    77.93  -179.21   -89.12  -155.97
V   G    7    162.10  -136.72   178.04   142.02  -107.19    -2.32  -164.45
V   U    8   -104.07  -157.99    69.12    76.79  -120.48  -131.68  -156.34
V   A    9    -76.26  -150.13    47.01   143.55   -86.09  -124.05   -65.75
V   G   10    144.68  -146.23    77.47    85.13  -145.41   -74.05  -173.74
V   C   11    -70.88   178.36    58.77    81.18  -149.01   -73.30  -160.83
V   G   12    -65.71  -178.46    45.70    81.97  -160.37   -78.93  -153.07
V   C   13    136.48  -151.69  -163.32    82.98  -151.81   -81.89  -169.72
V   A   14    155.91  -170.03  -179.09    80.81  -127.96   -56.08   178.44
V   G   15    -67.36   178.00    55.63    81.68  -106.42   -79.25  -159.22
V   C   16    -79.39   174.70    77.56   146.62 -9999.99 -9999.99  -130.89
V   G   18  -9999.99  -164.70   176.15   149.99  -122.77  -105.67  -131.67
V   G   19    -78.11  -157.29    54.60   146.73   -56.80  -141.03   -68.93
V   U   20    -29.11   119.25    53.67    78.27  -111.83   -39.44  -148.71
V   A   21    -88.72   150.92   159.55    81.18  -102.63  -141.77  -172.27
V   G   22    -62.05   134.34    62.24    77.93  -154.43   -79.96  -160.07
V   C   23    -60.56   171.14    53.81    75.08  -138.85   -85.84  -158.16
V   G   24    -61.04   166.46    48.97    79.67  -150.23   -69.95  -168.47
V   C   25    -68.10   171.02    60.00    76.68  -142.24   -58.27  -172.72
V   A   26    -75.59   171.98    70.50    80.22  -136.34   -71.10   175.58
V   C   27    -63.42   179.64    50.21    82.24  -147.56   -69.60  -169.58
V   C   28    -63.45   172.38    54.39    79.24  -142.67   -82.46  -168.20
V   G   29    -56.01   174.79    39.09    77.75  -148.97   -71.48  -172.30
V   U   30    -61.90   174.89    59.58    75.74  -161.83   -80.27  -163.57
V   C   31    159.01  -149.86   171.96    81.76  -114.50   -83.64  -175.43
V   A   32    -44.31   162.48    37.32    82.77  -119.11   -77.80   173.78
V   U   33    -54.91   171.91    42.73    78.25  -137.19   -50.28  -157.90
V   G   34    152.10   142.64    61.54    85.43  -126.82   -65.50   164.87
V   G   35    -74.30  -170.10    49.44    79.72  -152.53   -73.74  -165.24
V   G   36    -71.63   169.70    63.51    75.41  -147.62   -61.89  -175.02
V   G   37    -76.21  -179.12    65.11    77.20  -143.34   -60.26  -169.17
V   U   38    -75.13   168.54    70.51    78.39  -133.75   -55.96  -168.22
V   G   39    -72.71   171.30    63.77    81.08  -146.00   -77.41  -167.54
V   U   40    -66.68   173.03    55.98    78.06  -147.91   -68.84  -162.32
V   C   41    -73.39  -178.84    61.59    76.24  -140.15   -60.50  -162.59
V   G   42    -75.49   172.52    71.28    75.97  -178.96   -87.70  -154.99
V   G   43    164.52  -155.25   168.49    83.23  -115.59  -105.81  -172.10
V   G   44    -36.29   135.33    48.11    81.14  -144.44   -84.57  -151.28
V   G   45    -53.09   160.58    53.84    81.46   -95.61  -122.07  -154.50
V   G   46    -60.06   147.38    72.21    80.17  -121.75  -165.59  -148.29
V   U   47    176.43  -177.12    61.89    77.05  -162.14    56.10  -166.60
V   C   48   -105.49  -124.40    76.35   141.47  -147.69   115.72  -143.13
V   G   49     -5.24  -146.58    61.32    80.84  -151.27   -70.88  -179.16
V   G   50    -69.48  -169.54    51.92    86.23  -138.15   -72.23  -164.96
V   A   51    -62.58   161.46    53.52    80.57  -154.44   -82.82  -166.21
V   G   52    -50.04   164.34    68.80   140.14  -157.71  -108.57  -148.83
V   G   53    138.94   177.41   168.32    80.96  -140.04   -73.97  -172.54
V   U   54    -63.47   169.07    55.55    78.22  -136.74   -66.18  -164.47
V   U   55    -67.83   168.27    58.06    82.15  -133.38   -77.45  -150.01
V   C   56   -168.47   168.20    41.22    79.65  -122.70   -75.70  -165.76
V   A   57    -82.08   147.40    74.87    83.80  -143.46   -70.54  -155.93
V   A   58    -64.42  -145.04    73.27   148.47   -83.23  -171.78   -77.45
V   A   59     66.82  -155.00    73.41    85.58  -131.45   -66.63   177.40
V   U   60    -63.83   164.95    73.81   143.00  -116.08   -51.74  -138.55
V   C   61   -102.12  -164.31    39.59    79.86  -151.28   -59.82  -174.14
V   C   62    -76.88  -173.95    57.56    79.41  -152.03   -71.84  -162.93
V   U   63    -67.55   170.52    59.94    80.28  -152.58   -76.57  -160.45
V   C   64    -71.98   167.04    63.64    80.00  -146.07   -67.61  -159.11
V   U   65    -67.72   165.53    64.11    82.03  -139.16   -84.56  -154.77
V   C   66    -60.47   177.08    40.21    82.38  -176.13   -86.69  -152.72
V   G   67    158.54  -147.69   161.09    80.06  -114.48  -103.82  -177.40
V   U   68    -37.30   142.97    46.46    78.62  -138.44   -87.21  -159.22
V   G   69    -48.48   158.07    47.86    77.83  -150.30   -79.37  -170.66
V   C   70    -56.46   167.69    54.04    76.65  -138.79   -82.52  -167.52
V   C   71    -53.45   168.55    52.00    78.66  -160.45   -83.86  -161.11
V   G   72    165.79  -154.25   165.10    81.44  -146.68   -61.88  -170.42
V   A   73    130.85   171.66  -151.84    82.77   -91.86    91.72    26.91
V   C   74    164.13  -144.70   108.00    84.02  -151.37   -74.24  -161.55
V   C   75    -70.33  -166.05    46.80    84.76  -103.72   -47.35  -129.96
V   A   76   -103.56    83.00   157.38    79.17 -9999.99 -9999.99  -141.66
