The backbone torsional angle for nucleic acid 

 
Note: alpha:   O3'(i-1)-P-O5'-C5'
      beta:    P-O5'-C5'-C4'
      gamma:   O5'-C5'-C4'-C3'
      delta:   C5'-C4'-C3'-O3'
      epsilon: C4'-C3'-O3'-P(i+1)
      zeta:    C3'-O3'-P(i+1)-O5'(i+1)

      chi for pyrimidines(Y): O4'-C1'-N1-C2
          chi for purines(R): O4'-C1'-N9-C4

    (The number -9999.99 means that the angle can not be calculated) 

Ch Res  Num    alpha    beta     gamma    delta  epsilon    zeta     chi
7   U    1  -9999.99   126.05    39.16    80.40  -151.93   -64.74  -172.65
7   C    2    -67.74  -160.22    36.03    79.58  -146.93   -71.67  -161.25
7   C    3    -56.96   173.75    46.22    77.16  -147.15   -75.77  -164.51
7   U    4    -51.55   165.40    54.04    79.60  -149.26   -66.78  -167.90
7   U    5    -61.82   175.15    51.00    78.88  -142.40   -76.93  -164.35
7   G    6    -65.68   171.79    50.95    77.09  -164.31   -71.14  -157.44
7   U    7    -63.40   165.53    87.11   141.38   -82.61   -42.50  -141.75
7   U    8    -63.04  -171.84    52.31    78.04  -113.66  -142.36  -141.89
7   A    9     49.60  -159.64   -79.42   146.47   -86.08  -105.46   -78.63
7   G   10    166.45  -130.34    59.62    84.71  -152.49   -74.64  -171.76
7   C   11    -69.78  -174.53    51.11    81.10  -129.57   -83.45  -163.62
7   U   12    -58.01   156.35    53.32    78.19  -142.17   -75.65  -167.55
7   C   13    -75.51   161.42    74.91    76.62  -153.00   -78.15  -176.16
7   A   14    -58.26   179.34    53.00    77.73  -148.88   -60.67   177.79
7   G   15    -62.04   176.21    78.22   139.81  -142.32   -42.60  -151.21
7   U   16    111.22   117.21    41.73   150.00  -141.15   -71.01  -161.80
7   U   17   -148.26   178.37   -60.21   148.30  -116.33  -159.22   -87.48
7   G   18     44.04   177.88   -57.77   151.91   -75.30    97.30   -53.29
7   G   19   -138.65   -99.93   170.97   148.06  -135.42  -157.39   -84.75
7   U   20     47.46    99.85   171.39    79.88  -114.24  -170.83  -159.07
7   A   21   -108.91   145.94    45.22    83.44  -102.92  -164.54  -179.55
7   G   22    -55.90   122.61    51.20    80.41  -161.30   -78.25  -171.65
7   A   23    163.04  -171.71   162.86    80.98   -87.61  -143.41   175.02
7   G   24    -34.54   120.78    39.39    78.30  -140.52   -72.64  -166.06
7   C   25    -66.47   156.26    72.94    81.18  -118.04   -84.66  -170.68
7   G   26    -44.06   160.61    38.60    80.33  -128.71   -80.68   176.10
7   U   27    -46.98   159.06    59.71   145.87  -145.53  -100.00  -136.79
7   U   28    -56.61  -165.65   -21.95    82.98  -167.26   -57.79  -143.40
7   C   29    -88.42   170.08    78.75    79.84  -157.04   -62.16  -160.80
7   G   30    -78.97  -177.76    59.51    79.76  -177.60   -73.30  -167.41
7   G   31   -169.88  -150.12   145.58    82.58  -119.38   -69.30   177.27
7   C   32    -51.67   159.95    42.62    86.25   -90.48   -74.98  -160.94
7   U   33    -23.74   -44.85  -140.43    96.91   -75.86   -58.05  -114.14
7   U   34    173.90   165.61    41.12    80.03  -127.71   -64.29   -21.93
7   U   35    -54.05  -178.84    44.27   127.88    60.04    75.42  -135.47
7   U   36   -164.80  -156.08     2.38    77.43   146.13    74.15  -125.56
7   A   37    -67.31   -71.73   -89.49   140.92    45.77    97.57  -110.16
7   A   38     48.20  -177.29   146.39    80.23  -128.81   -51.25  -117.00
7   C   39    -60.96   162.67    68.11    86.36  -123.86   -92.30  -174.20
7   C   40    -61.63   166.55    53.47    85.00  -165.84   -68.90  -161.64
7   G   41    -82.45  -157.75    56.07    84.50  -171.79   -88.40  -150.95
7   A   42    169.90  -137.49   150.90    82.77  -111.55   -95.76  -167.11
7   A   43     67.98  -146.94  -105.68    84.10  -141.29   -71.12  -164.17
7   A   44    -64.14   168.18    53.60    83.23  -103.73   -59.81  -151.62
7   U   45    -87.84   100.00   145.43    82.03   161.65   150.72  -170.14
7   G   46    -56.18   -94.88  -163.98    75.74    49.72   166.42  -111.35
7   U   47    109.60  -143.45   -65.83    83.31   -96.15   120.71  -151.49
7   C   48     98.04   108.67  -102.98   145.38  -176.02   101.05  -130.80
7   A   49     53.42  -177.42    36.70    79.09  -159.92   -60.07  -175.58
7   G   50    -78.33  -161.59    47.55    80.90  -154.45   -70.74  -157.91
7   G   51    -61.73   174.76    52.41    79.19  -171.48   -67.97  -162.72
7   G   52    165.13  -168.36   164.89    82.07  -123.13   -75.81   174.25
7   G   53    -69.07   169.69    61.24    79.85  -166.37   -64.64  -168.61
7   U   54    -79.48  -168.16    57.60    80.74  -136.04   -73.45  -159.70
7   U   55    -67.40   159.90    64.16    80.75  -112.21  -104.92  -164.88
7   C   56    169.10  -167.83    35.58    83.21  -117.78   -88.90  -179.58
7   G   57    -50.98   156.53    62.75    82.18  -126.92   -81.06  -139.83
7   A   58   -142.26   172.56   161.23   146.64   -77.39  -144.53  -106.34
7   G   59     87.32  -159.32    66.39    82.62  -134.86   -33.83  -167.43
7   C   60    -80.87  -177.80    69.63   143.25  -105.36   -70.58  -106.02
7   C   61    -93.63   179.13    42.62    80.56  -146.42   -77.94  -172.49
7   C   62    -77.44  -167.62    49.95    82.47  -162.60   -62.25  -172.74
7   C   63    -76.17  -159.60    48.37    79.98  -158.28   -63.55  -157.08
7   C   64    -67.75   175.97    56.53    78.08  -147.81   -87.17  -158.92
7   U   65    -46.69   159.79    54.41    79.19  -141.55   -75.09  -157.17
7   A   66    -50.39   167.68    42.00    77.89  -149.40   -67.86  -161.22
7   U   67    -58.19   169.42    48.92    76.95  -124.86   -98.49  -153.89
7   G   68    -52.54   149.60    53.79    75.27  -149.24   -71.78  -175.00
7   A   69    -58.89  -179.76    43.14    77.87  -147.50   -77.84  -163.73
7   G   70    -51.79   173.26    38.20    74.74  -148.68   -80.14  -162.69
7   G   71    -50.17   164.86    49.14    78.90  -176.07   -68.45  -163.82
7   A   72    179.33  -155.21   151.10    84.56   -77.02  -116.50   177.88
7   G   73     73.35  -104.81  -151.06    80.61  -138.28   -77.14  -175.93
7   C   74    -46.06   173.77    59.77   143.71   -91.72  -110.06  -122.99
7   C   75     64.18   165.95    53.05    81.28  -128.41   -80.86  -151.12
7   A   76    -57.54   136.08   154.68    85.92 -9999.99 -9999.99   177.87
