PDB data file name: ./Datasets/pdb_select_tRNA/4w29_C(FC).pdb_new
-----------------------------------------------------------
CRITERIA USED TO GENERATE BASE-PAIR: 
  3.40 --> upper H-bond length limits (ON..ON).
 26.00 --> max. distance between paired base origins.
  2.50 --> max. vertical distance between paired base origins.
 65.00 --> max. angle between paired bases [0-90].
  5.40 --> min. distance between RN9/YN1 atoms.
  8.00 --> max. distance criterion for helix break[0-12]
-----------------------------------------------------------
BASE-PAIR INSTRUCTIONS: 
Column 1 is rnaview assigned base numbers n1_n2, start from 1.
Column 2 & 3 are chain ID & residue number in input PDB file.
Column 4 is for base pair. The left & right are the bases as 
         identified by column 2 & 3 and 5 & 6.
Column 5 & 6 are residue number & chain ID in input PDB file.
Column 7 is for base pair annotation. The standard Watson-Crick
         (W.C.) pairs are annotated as -/- (AU,AT) or +/+ (GC).
         Other pairs are annotated as Leontis_Westhof Classification.
         The three edges: W(Watson-Crick); H(Hoogsteen); S(suger).
         e.g. W/H means the pair is edge of Watson-Crick & Hoogsteen.
Column 8 is glycosidic bond orientation (either cis or trans).
         e.g. 'W/H cis' means the pair is interaction on Watson-Crick
         and Hoogsteen side, glycosidic bond orientation is 'cis'.
Column 9 corresponds to Saenger Classification.

Other columns: 
        Syn sugar-base conformations are annotated as (syn).
        Stacked base pairs are annotated as (stack).
        Non-identified edges are annotated as (.) or (?)
        Tertiary interactions are marked by (!) in the line.
Reference:
Yang et al (2003) Nucleic Acids Research, Vol31,No13,p3450-3461.
-----------------------------------------------------------
BEGIN_base-pair
     1_74, C:     1 G-A    73 C: S/W cis         n/a
      2_3, C:     2 G-C     3 C:      stacked
     2_72, C:     2 G-C    71 C: +/+ cis         XIX
     2_73, C:     2 G-C    72 C: W/W cis         n/a
     3_71, C:     3 C-G    70 C: +/+ cis         XIX
     4_70, C:     4 U-A    69 C: -/- cis         XX
     5_69, C:     5 A-U    68 C: -/- cis         XX
     6_68, C:     6 C-G    67 C: +/+ cis         XIX
     7_67, C:     7 G-C    66 C: +/+ cis         XIX
     8_14, C:     8 U-A    14 C: W/H tran        XXIV
     8_47, C:     8 U-G    46 C: s/S cis         n/a
     9_23, C:     9 A-G    22 C: W/H cis    syn    IX
     9_24, C:     9 A-A    23 C: H/H tran   syn    II
     9_47, C:     9 A-G    46 C: syn    stacked
    10_26, C:    10 G-C    25 C: +/+ cis         XIX
    11_25, C:    11 C-G    24 C: +/+ cis         XIX
    12_13, C:    12 U-C    13 C:      stacked
    12_24, C:    12 U-A    23 C: -/- cis         XX
    15_49, C:    15 G-C    48 C: W/S tran        n/a
    23_47, C:    22 G-G    46 C: H/W tran        VII
    26_46, C:    25 C-G    45 C: W/W cis         n/a
    27_45, C:    26 A-G    44 C: W/W cis         VIII
    28_44, C:    27 C-G    43 C: +/+ cis         XIX
    29_43, C:    28 A-U    42 C: -/- cis         XX
    30_42, C:    29 U-A    41 C: -/- cis         XX
    31_41, C:    30 C-G    40 C: +/+ cis         XIX
    32_40, C:    31 A-U    39 C: -/- cis         XX
    33_39, C:    32 C-A    38 C: W/W tran        XXVI
    50_51, C:    49 A-C    50 C:      stacked
    51_65, C:    50 C-G    64 C: W/W cis         n/a
    51_66, C:    50 C-U    65 C:      stacked
    53_63, C:    52 G-C    62 C: +/+ cis         XIX
    54_62, C:    53 G-C    61 C: +/+ cis         XIX
    55_59, C:    54 U-A    58 C: W/H tran     syn  XXIV
    72_73, C:    71 C-C    72 C:      stacked
    10_46, C:    10 G-G    45 C: H/S cis         !1H(b_b).
    14_49, C:    14 A-C    48 C: H/S cis         !1H(b_b)
    20_60, C:    20 U-A    59 C: W/H cis         !1H(b_b).
     9_13, C:     9 A-C    13 C: H/W tran   syn    !(s_s)
    13_24, C:    13 C-A    23 C: W/W cis         !(s_s)
    17_18, C:    17 U-G    18 C: S/S tran        !(s_s)
    34_37, C:    33 U-U    36 C: W/H tran        !(s_s)
    48_49, C:    47 U-C    48 C: S/? cis         !(s_s)
    52_53, C:    51 A-G    52 C: S/H cis    syn    !(s_s)
    75_76, C:    74 C-C    75 C: S/S cis         !(s_s)
END_base-pair

Summary of triplets and higher multiplets
BEGIN_multiplets
9_12_24_| [1 3]  C: 9 A  +  C: 12 U  +  C: 23 A
10_26_46_| [2 3]  C: 10 G  +  C: 25 C  +  C: 45 G
END_multiplets

  The total base pairs =  29 (from   77 bases)
------------------------------------------------
 Standard  WW--cis  WW-tran  HH--cis  HH-tran  SS--cis  SS-tran
       16        4        1        0        1        1        0
  WH--cis  WH-tran  WS--cis  WS-tran  HS--cis  HS-tran
        1        3        1        1        0        0
------------------------------------------------
