The backbone torsional angle for nucleic acid 

 
Note: alpha:   O3'(i-1)-P-O5'-C5'
      beta:    P-O5'-C5'-C4'
      gamma:   O5'-C5'-C4'-C3'
      delta:   C5'-C4'-C3'-O3'
      epsilon: C4'-C3'-O3'-P(i+1)
      zeta:    C3'-O3'-P(i+1)-O5'(i+1)

      chi for pyrimidines(Y): O4'-C1'-N1-C2
          chi for purines(R): O4'-C1'-N9-C4

    (The number -9999.99 means that the angle can not be calculated) 

Ch Res  Num    alpha    beta     gamma    delta  epsilon    zeta     chi
C   G    1  -9999.99 -9999.99    64.26   145.95   -70.32  -137.15  -111.99
C   G    2   -169.10   131.84    65.73    81.41  -136.88  -126.79   173.75
C   C    3    169.89  -133.17   151.66    83.33  -162.33   -67.77  -163.34
C   U    4    159.84  -143.85   159.57    83.15   -78.77  -138.00  -177.01
C   A    5    -43.71   118.56    45.44    83.79  -151.89   -94.47  -147.04
C   C    6    144.31  -163.93   170.44    79.45  -140.43   -72.83  -178.37
C   G    7    -55.78  -169.49    49.87    77.68    34.56   164.24  -150.48
C   U    8    -40.07   165.04    62.28    78.51  -138.81  -111.36  -138.33
C   A    9    -62.29  -161.29    53.77   147.82   -98.28   -42.86   -70.18
C   G   10   -127.52    93.67    38.70    77.73  -160.66  -100.81   175.70
C   C   11    -54.50   158.55    65.56    80.80  -136.94   -64.86   173.00
C   U   12   -162.51  -131.26   124.85    78.90  -126.01  -116.71  -152.44
C   C   13    108.23  -116.50  -178.26    81.36  -179.11   -87.40  -156.53
C   A   14    115.86  -151.03  -103.67    85.46  -144.08    35.58   168.22
C   G   15   -137.31    84.79   152.28    81.03  -165.99    63.68   174.79
C   U   16   -104.24   175.67    53.12    86.29  -123.20   -67.47  -136.28
C   U   17    167.64   155.92   151.10    80.65   -90.77    92.76  -131.62
C   G   18   -168.63   139.14   179.44   146.66  -151.66   -63.66   172.40
C   G   19    125.26  -162.69  -174.36    76.93  -169.46   129.35  -165.66
C   U   20     -7.17   127.71   -74.21   144.59   -93.79   141.38   118.02
C   U   20    128.72  -126.25    64.82    78.72  -137.92   -33.14  -155.48
C   A   21    -79.08  -153.97  -146.20    88.17   163.58    63.18  -101.88
C   G   22    100.65    81.12    84.56    85.59   179.90   -71.37  -137.23
C   A   23    131.78  -142.79  -157.06    84.24  -167.78   -71.16   176.21
C   G   24   -137.53  -106.73    69.50    83.60   178.60    40.43  -172.15
C   C   25   -160.24    89.62   169.90    81.48  -133.78   -76.41   178.62
C   A   26   -119.09  -157.73    57.09    75.44   108.99    61.52   173.16
C   C   27   -148.31  -169.43    56.20    79.02  -164.09   -73.73  -158.58
C   A   28    158.00  -174.35   161.56    81.91   -83.79  -141.82   166.46
C   U   29    -49.57   151.91    30.05    84.08  -147.61  -116.96  -167.00
C   C   30    136.81  -122.87  -176.49    81.76  -111.80   -77.99   166.97
C   A   31    -34.54   156.83    46.62    85.58   -94.72   -98.19  -178.56
C   C   32   -102.91  -173.75    50.71    85.47  -103.16  -123.80   -98.72
C   U   33    -43.73   112.02    70.77    80.74  -111.73  -123.82  -163.99
C   C   34    154.95  -155.08    48.72    80.66   -99.38  -117.18  -173.77
C   A   35    -67.59   130.23    71.71    78.25  -145.71   -70.73   177.91
C   U   36    -57.27   172.59    60.17    79.67  -125.08   -41.53  -176.54
C   A   37   -124.48   142.31   150.59    82.82  -102.15  -127.31  -164.63
C   A   38    113.24  -126.35   178.15    82.25  -117.59   -51.66  -141.10
C   U   39    -79.88   166.87    75.04    82.42  -154.10   -62.72  -168.07
C   G   40    -71.63   176.94    53.80    75.84  -148.47   -56.03  -173.31
C   A   41    -66.42  -150.63    46.63   141.85  -164.87  -135.66  -107.39
C   U   42    134.55  -156.84   173.86    80.58  -117.17   -28.55  -166.28
C   G   43   -135.33    90.01   165.69    81.42  -104.15   -66.06  -161.41
C   G   44    -74.45    91.26   151.01    80.42   167.62    42.87   173.47
C   G   45   -171.07  -163.02    54.38    82.04  -139.93   -54.42  -113.57
C   G   46   -105.25   102.77   170.28   143.14  -104.33   -30.56  -149.41
C   U   47    -76.60   124.68   149.92   150.81  -120.00    59.31  -177.79
C   C   48     78.69   140.17   -23.66   145.72  -152.48    66.68  -113.74
C   A   49     58.91   122.35    75.64    79.93   175.50    28.32   161.93
C   C   50    161.21    72.52  -175.71    86.56  -137.69   -48.96  -161.68
C   A   51    143.83  -149.97   163.60    79.91  -157.83   -23.22    17.79
C   G   52   -170.41   106.66   157.25    79.70  -141.02  -115.54  -171.98
C   G   53    160.97  -143.62   167.09    83.29  -139.65   -61.89  -158.90
C   U   54    -64.99   172.63    56.84    82.49  -107.59   -76.67  -173.95
C   U   55    -90.89  -167.89    46.21    83.69  -118.51   -76.70  -153.47
C   C   56    -80.31  -154.48   -72.79    80.79  -150.43    -3.69  -149.76
C   G   57   -114.22  -151.39    65.66    85.65  -154.65   -70.35  -177.33
C   A   58    130.87   132.47   -76.64   147.25  -143.53  -116.27   -86.81
C   A   59    129.19   121.99    67.50    85.29  -159.35    56.96   119.03
C   U   60    125.51   133.98   148.25   149.04   -92.45   -86.40  -170.81
C   C   61    129.37  -170.94   161.23    82.23  -157.80   -74.59   163.62
C   C   62   -114.49  -129.62    76.45    81.44  -158.15    -5.77  -164.46
C   C   63   -116.34   159.46   171.31    84.70  -120.78   -20.51  -171.68
C   G   64    167.86   118.91    74.10    85.36  -157.27   -87.62   172.78
C   U   65    -62.91   168.18    64.77    81.59  -149.97   -65.50  -171.98
C   C   66    -62.92  -167.85    53.31    78.02  -135.33   -61.22  -174.86
C   G   67    -62.00   164.18    68.25    76.64  -138.44   -51.81   172.33
C   U   68    -79.78  -163.24    47.91    84.16  -143.23  -113.66  -150.55
C   A   69    130.93  -136.51  -175.03    81.96  -155.98   -62.61  -163.31
C   G   70    -69.42  -175.16    41.19    80.52  -130.81   -89.45  -150.86
C   C   71    -56.28   141.16    58.77    73.24  -144.79  -109.20  -156.77
C   C   72    -59.95   146.44    46.75    71.65  -127.52   -31.28  -146.79
C   A   73    -72.94  -173.40    76.19    71.29  -139.18   -65.14  -173.45
C   C   74     89.93   158.70  -116.06    72.78  -133.89  -145.09  -148.62
C   C   75    -52.15   117.70    59.43    79.48  -124.33  -173.78  -121.15
C   A   76    -54.59   154.33    42.58    76.74 -9999.99 -9999.99   -32.42
