The backbone torsional angle for nucleic acid 

 
Note: alpha:   O3'(i-1)-P-O5'-C5'
      beta:    P-O5'-C5'-C4'
      gamma:   O5'-C5'-C4'-C3'
      delta:   C5'-C4'-C3'-O3'
      epsilon: C4'-C3'-O3'-P(i+1)
      zeta:    C3'-O3'-P(i+1)-O5'(i+1)

      chi for pyrimidines(Y): O4'-C1'-N1-C2
          chi for purines(R): O4'-C1'-N9-C4

    (The number -9999.99 means that the angle can not be calculated) 

Ch Res  Num    alpha    beta     gamma    delta  epsilon    zeta     chi
T   G    1  -9999.99  -116.77    79.49    84.67  -154.51   -70.07  -171.10
T   C    2    -74.53   175.61    61.93    81.15  -161.47   -72.60  -168.04
T   C    3    -82.24  -178.22    54.73    84.11  -152.20   -74.30  -158.89
T   G    4    -71.19   178.82    55.52    81.38  -169.99   -61.07  -164.26
T   A    5    -74.53  -167.19    57.29    84.34  -159.98   -85.47  -157.57
T   G    6    152.31  -140.34   178.14    82.30  -159.11  -116.02   176.10
T   G    7    168.27  -107.16   158.90   102.38   -37.51   -74.34  -179.25
T   U    8    -42.99  -172.08    51.39    80.63  -124.28  -153.18  -162.73
T   A    9    165.56  -140.89   169.21    95.41   -70.70   -90.57  -143.53
T   G   10   -170.86  -162.32    59.11    91.18  -161.60   -61.98  -177.31
T   C   11    -84.05  -164.22    54.61    90.66  -164.32   -58.48  -160.27
T   U   12    -87.27  -176.65    65.33    79.39  -154.67   -24.14  -162.43
T   C   13   -142.68   119.85   153.48    84.19  -152.87   -71.54  -166.79
T   A   14    -73.58  -179.54    62.17    75.98  -161.67   -52.92  -170.04
T   G   15    -76.78  -169.08    57.06    84.63  -163.76   -76.38  -153.86
T   U   16    -63.90   174.99    57.77    88.32  -104.54   -62.55  -148.34
T   U   17    119.57   100.12    54.24    81.84  -126.19    75.36  -117.67
T   G   18    -90.41  -112.67   158.47    94.72  -174.50   -69.49  -129.86
T   G   19    -95.84  -137.18    84.38   112.30  -172.45   143.00   -82.91
T   U   20    -35.66   170.05    39.48    76.12  -156.41   172.72  -113.29
T   A   21    -55.86   152.00    44.61    82.88  -154.47  -114.21  -134.16
T   G   22    134.66  -159.89   177.99    75.28    81.96    72.46  -161.41
T   A   23   -157.34   173.70    57.23    81.43  -164.05   -70.35  -146.64
T   G   24    -78.98  -178.86    55.31    84.17  -155.42   -65.47  -149.54
T   C   25    -84.88   172.00    64.20    83.56  -144.93   -59.25  -150.11
T   A   26    -83.98  -179.37    64.69    81.56  -162.01   -52.06   178.10
T   U   27    -85.25  -157.74    59.43    84.04  -155.66   -70.03  -156.81
T   G   28    -72.19  -173.70    48.78    83.55  -160.90   -68.99  -161.62
T   C   29    -81.50  -177.70    58.55    80.49  -165.72   -55.98  -164.29
T   G   30    -77.69  -162.29    47.88    79.50  -154.11   -70.78  -165.87
T   A   31    -57.26   174.29    49.16    82.80  -134.69   -70.66  -167.36
T   C   32    -63.35   167.78    50.28    81.24  -137.42   -66.58  -162.26
T   U   33    -69.01  -172.15    47.59    84.55  -142.56   -66.95  -158.80
T   G   34    169.39   171.67    45.68    80.43  -138.38   -64.92  -168.75
T   A   35    -56.45   170.82    44.87    81.07  -166.34   -22.83  -171.76
T   A   36    176.46   139.81   172.15    83.66  -137.36   -68.27  -170.86
T   A   37    -48.01   168.77    42.21    83.06  -141.24   -65.68  -166.39
T   A   38    -70.98   168.46    55.03    82.29  -150.42   -54.10  -179.25
T   U   39    -63.71  -177.02    47.67    83.04  -136.67   -86.63  -161.19
T   C   40    -54.45   158.75    50.02    81.01  -157.86   -64.05  -166.01
T   G   41    -79.50  -169.08    52.96    80.06  -164.35   -60.82  -159.42
T   C   42    -73.75  -178.80    56.61    77.37  -161.72   -57.63  -160.90
T   A   43    -67.21  -171.90    53.50    78.01  -165.61   -80.94  -154.20
T   G   44    -50.81   169.29    49.04    77.73  -141.96   -99.73  -162.14
T   U   45    -29.82   137.77    50.48    81.95  -109.43  -148.70  -163.33
T   G   46     -3.07   104.94    78.82    94.33   168.83    42.51  -135.02
T   U   47     67.64   170.27   -56.06    79.96    96.67  -159.42   159.88
T   C   48    -42.60  -144.72    64.74    81.54   113.17  -166.58  -149.19
T   G   49     38.00  -163.31    61.32    86.10  -150.88   -81.66  -170.91
T   G   50    -77.11   179.67    56.60    83.75  -148.76   -69.64  -167.89
T   C   51    -61.86  -176.07    50.18    83.20  -162.83   -77.05  -164.70
T   G   52    146.32  -165.58   175.81    84.73  -159.51   -49.55  -175.37
T   G   53    -76.84  -161.62    48.16    82.53  -165.47   -69.99  -164.91
T   U   54    -69.37  -173.25    52.67    79.47  -139.57   -56.33  -162.65
T   U   55    -74.96   175.86    60.84    83.53  -129.12   -71.93  -166.03
T   C   56    162.53   172.16    53.17    87.30  -134.69   -70.46  -163.24
T   G   57    -55.21   160.20    48.62    79.19  -152.71   -59.55  -165.13
T   A   58    -71.77  -134.11    68.60    92.87   168.60   -95.85   -85.69
T   U   59    169.69  -169.16    52.43    84.08  -155.10  -109.09   178.88
T   U   60    157.69  -106.13   162.16   101.54   -77.20   -56.38   177.89
T   C   61    -95.97  -160.75    46.06    80.49  -154.88   -71.71   174.20
T   U   62    -56.82   178.83    53.69    83.36  -159.89   -61.79  -158.72
T   G   63    -92.99  -169.61    56.33    79.01  -154.98   -72.75  -167.18
T   C   64    -67.27   172.72    58.73    76.90  -152.15   -76.43  -162.78
T   U   65    -55.55   165.89    60.31    85.69  -151.78   -72.27  -164.80
T   C   66    -68.96   176.76    50.21    78.96  -155.83   -60.27  -170.15
T   C   67    -70.42  -174.85    51.31    80.16  -164.83   -71.14  -151.86
T   U   68    -58.55   170.61    55.50    81.21  -146.44   -72.32  -171.06
T   C   69    -65.77   170.00    54.03    75.15  -144.95   -72.67  -157.38
T   G   70    -54.16   165.15    56.33    76.95  -159.22   -69.58  -162.94
T   G   71    -80.24   176.80    55.69    77.68  -153.46   -68.53  -162.02
T   C   72    -61.53  -173.32    56.12    80.25  -152.99   -54.99  -148.95
T   A   73    -64.51   157.96    70.40    74.06  -170.29   -56.64  -176.02
T   C   74    -72.63  -143.20    33.37    69.92 -9999.99 -9999.99    58.50
