PDB data file name: tRNA_dataset/3tup_chain_T.pdb_new
-----------------------------------------------------------
CRITERIA USED TO GENERATE BASE-PAIR: 
  3.40 --> upper H-bond length limits (ON..ON).
 26.00 --> max. distance between paired base origins.
  2.50 --> max. vertical distance between paired base origins.
 65.00 --> max. angle between paired bases [0-90].
  5.40 --> min. distance between RN9/YN1 atoms.
  8.00 --> max. distance criterion for helix break[0-12]
-----------------------------------------------------------
BASE-PAIR INSTRUCTIONS: 
Column 1 is rnaview assigned base numbers n1_n2, start from 1.
Column 2 & 3 are chain ID & residue number in input PDB file.
Column 4 is for base pair. The left & right are the bases as 
         identified by column 2 & 3 and 5 & 6.
Column 5 & 6 are residue number & chain ID in input PDB file.
Column 7 is for base pair annotation. The standard Watson-Crick
         (W.C.) pairs are annotated as -/- (AU,AT) or +/+ (GC).
         Other pairs are annotated as Leontis_Westhof Classification.
         The three edges: W(Watson-Crick); H(Hoogsteen); S(suger).
         e.g. W/H means the pair is edge of Watson-Crick & Hoogsteen.
Column 8 is glycosidic bond orientation (either cis or trans).
         e.g. 'W/H cis' means the pair is interaction on Watson-Crick
         and Hoogsteen side, glycosidic bond orientation is 'cis'.
Column 9 corresponds to Saenger Classification.

Other columns: 
        Syn sugar-base conformations are annotated as (syn).
        Stacked base pairs are annotated as (stack).
        Non-identified edges are annotated as (.) or (?)
        Tertiary interactions are marked by (!) in the line.
Reference:
Yang et al (2003) Nucleic Acids Research, Vol31,No13,p3450-3461.
-----------------------------------------------------------
BEGIN_base-pair
     1_72, T:     1 G-C    72 T: +/+ cis         XIX
     2_71, T:     2 C-G    71 T: +/+ cis         XIX
     2_72, T:     2 C-C    72 T:      stacked
     3_70, T:     3 C-G    70 T: +/+ cis         XIX
     4_69, T:     4 G-C    69 T: +/+ cis         XIX
     5_68, T:     5 A-U    68 T: -/- cis         XX
     6_67, T:     6 G-C    67 T: +/+ cis         XIX
     7_66, T:     7 G-C    66 T: +/+ cis         XIX
     8_14, T:     8 U-A    14 T: W/H tran        XXIV
     9_22, T:     9 A-G    22 T:      stacked
     9_23, T:     9 A-A    23 T: H/H tran        II
    10_25, T:    10 G-C    25 T: +/+ cis         XIX
    11_24, T:    11 C-G    24 T: +/+ cis         XIX
    12_13, T:    12 U-C    13 T:      stacked
    12_23, T:    12 U-A    23 T: -/- cis         XX
    13_22, T:    13 C-G    22 T: +/+ cis         XIX
    15_48, T:    15 G-C    48 T: W/W tran        XXII
    16_59, T:    16 U-U    59 T: W/W tran        XII,XIII
    18_55, T:    18 G-U    55 T: W/S tran        n/a
    19_56, T:    19 G-C    56 T: +/+ cis    syn    XIX
    22_46, T:    22 G-G    46 T: H/W tran        VII
    27_43, T:    27 U-A    43 T: -/- cis         XX
    28_42, T:    28 G-C    42 T: +/+ cis         XIX
    29_41, T:    29 C-G    41 T: +/+ cis         XIX
    30_40, T:    30 G-C    40 T: +/+ cis         XIX
    31_39, T:    31 A-U    39 T: -/- cis         XX
    49_65, T:    49 G-U    65 T: W/W cis         XXVIII
    50_64, T:    50 G-C    64 T: +/+ cis         XIX
    51_52, T:    51 C-G    52 T:      stacked
    51_63, T:    51 C-G    63 T: +/+ cis         XIX
    52_62, T:    52 G-U    62 T: W/W cis         XXVIII
    53_61, T:    53 G-C    61 T: +/+ cis         XIX
    61_62, T:    61 C-U    62 T:      stacked
    66_67, T:    66 C-C    67 T:      stacked
    68_69, T:    68 U-C    69 T:      stacked
    71_72, T:    71 G-C    72 T:      stacked
    32_38, T:    32 C-A    38 T: W/W tran        !1H(b_b)
     8_21, T:     8 U-A    21 T: S/W tran        !(b_s)
    33_35, T:    33 U-A    35 T: S/S tran        !(s_s)
    33_36, T:    33 U-A    36 T: W/H tran        !(s_s)
    48_49, T:    48 C-G    49 T: S/? cis         !(s_s)
    55_57, T:    55 U-G    57 T: S/H tran        !(s_s)
    60_61, T:    60 U-C    61 T: S/H cis         !(s_s)
END_base-pair

Summary of triplets and higher multiplets
BEGIN_multiplets
9_12_23_| [1 3]  T: 9 A  +  T: 12 U  +  T: 23 A
13_22_46_| [2 3]  T: 13 C  +  T: 22 G  +  T: 46 G
END_multiplets

  The total base pairs =  28 (from   74 bases)
------------------------------------------------
 Standard  WW--cis  WW-tran  HH--cis  HH-tran  SS--cis  SS-tran
       20        2        2        0        1        0        0
  WH--cis  WH-tran  WS--cis  WS-tran  HS--cis  HS-tran
        0        2        0        1        0        0
------------------------------------------------
