The backbone torsional angle for nucleic acid 

 
Note: alpha:   O3'(i-1)-P-O5'-C5'
      beta:    P-O5'-C5'-C4'
      gamma:   O5'-C5'-C4'-C3'
      delta:   C5'-C4'-C3'-O3'
      epsilon: C4'-C3'-O3'-P(i+1)
      zeta:    C3'-O3'-P(i+1)-O5'(i+1)

      chi for pyrimidines(Y): O4'-C1'-N1-C2
          chi for purines(R): O4'-C1'-N9-C4

    (The number -9999.99 means that the angle can not be calculated) 

Ch Res  Num    alpha    beta     gamma    delta  epsilon    zeta     chi
D   C    3  -9999.99   146.15    55.03    83.47  -125.96   -25.04  -145.56
D   C    4   -124.78    80.06   173.57    80.11  -144.00   -85.03  -168.59
D   C    5    143.92  -149.29  -176.84    81.71  -121.42   -89.50  -163.30
D   C    6    -26.67   145.01    41.35    80.93  -151.07   -81.23  -166.48
D   U    7    -48.72   168.17    47.27    88.72    61.83   121.88  -153.38
D   U    8    105.02  -112.88   169.17    81.31   -91.62   -92.68   176.80
D   C    9   -140.06   122.67   158.96    96.66   -59.85   -74.91  -158.68
D   G   10   -164.92  -171.48    56.67    88.39  -153.91   -62.76   179.53
D   U   11    -70.83  -173.32    48.85    85.08  -135.77   -88.81  -166.08
D   C   12    -56.68   154.42    52.36    76.12  -159.85   -60.75  -175.02
D   U   13    156.09  -159.81  -177.07    84.14  -152.66   -84.58  -170.56
D   A   14    -68.01  -176.90    55.54    81.98  -129.14   -80.63  -164.10
D   G   15    -52.31   142.27    72.37    78.70   107.31  -179.47  -157.47
D   A   16    -83.08    25.75   169.51    81.54  -126.54   169.71   100.20
D   G   17     75.98  -136.62   -46.77    89.91   161.18  -105.18  -133.34
D   G   18   -160.53   -96.28   163.71    90.99   178.19    45.75  -132.27
D   C   19   -174.72  -138.85    54.78    85.64   179.03   126.55  -156.99
D   C   20    -37.03  -126.44   147.59    98.05   -10.49    77.72  -159.61
D   C   20     54.15   134.70    56.51    82.39  -147.15   114.18  -143.55
D   A   21    -95.55  -173.61    48.13    90.18  -124.49  -148.98  -164.33
D   G   22    -60.52   144.83    48.48    82.36  -151.55   -74.91  -169.57
D   G   23    -60.68  -178.65    49.48    83.69  -163.75   -61.40  -156.98
D   A   24    -69.84  -177.37    49.86    86.15  -144.90   -82.77  -156.03
D   C   25    -65.89   159.12    54.77    79.24  -141.38   -75.43  -174.43
D   A   26    -50.17   160.43    57.89    85.78  -139.71   -68.78  -172.96
D   C   27    -61.16   163.83    50.34    82.67  -148.57   -77.01  -163.11
D   C   28    -70.25   174.69    49.66    79.58  -149.15   -74.47  -159.74
D   G   29    -57.86   172.33    51.57    80.41  -155.03   -73.52  -159.64
D   C   30    -56.60   168.27    52.53    80.61  -145.30   -70.56  -154.75
D   C   31    -63.05   164.03    61.14    79.04  -159.34   -55.15  -164.94
D   C   32    -80.65  -164.28    51.09    84.31  -142.17   -56.65  -146.91
D   U   33    -63.66  -173.01    48.17    84.46  -159.78   -89.55  -145.32
D   U   34    156.22  -145.64   -62.19   102.57    66.70   109.96    95.47
D   U   35   -119.30  -152.05    52.51    83.62  -157.07   -68.60  -156.97
D   C   36    -70.48  -173.57    48.41    83.66  -163.37   -48.49  -151.33
D   A   37    153.95  -166.20  -178.77    82.73  -136.95   -67.00   178.78
D   C   38    -46.72   176.83    45.11    79.28  -153.64   -49.37    44.69
D   G   39    -76.44  -177.16    61.71    86.87  -166.92   -65.92  -162.41
D   G   40    -74.53  -172.30    52.62    81.43  -148.89   -67.74  -161.07
D   C   41    -56.52   172.50    50.84    78.31  -144.88   -73.28  -150.43
D   G   42    -60.46   161.60    60.59    76.46  -158.76   -70.08  -167.02
D   G   43    -61.52   176.39    50.65    81.59  -160.57   -82.03  -161.51
D   U   44    -59.30   178.37    52.21    85.74  -128.88   -95.11  -157.71
D   A   45    -40.26   137.22    55.40    82.81  -135.42   -87.83  -139.81
D   A   46    -65.88  -157.91    54.14    83.62   167.70   -75.66  -130.67
D   C   47    178.07  -121.85  -164.32    97.40  -149.37    91.44  -159.04
D   A   49     35.98   158.25    51.43    88.07  -148.69   -64.49   175.47
D   G   50    -81.99  -166.63    50.73    83.99  -159.01   -69.93  -156.64
D   G   51    -66.29   171.50    54.39    83.65  -138.21   -79.44  -165.04
D   G   52     55.25  -144.13   -84.22    88.95  -167.56   -54.70  -161.47
D   G   53    152.32  -167.01   172.57    81.89  -131.55   -77.87  -175.29
D   U   54    -45.20   168.11    43.75    78.98  -150.02   -61.32  -156.89
D   U   55    150.42  -174.64   177.62    84.38  -104.05   -89.87  -168.49
D   C   56    144.69  -157.81    56.44    77.53   150.72    57.10  -157.12
D   G   57    -66.52   -99.99   -71.70   108.67  -150.79   -43.70  -161.72
D   A   58    -81.16  -133.11    69.94    98.25   164.81  -100.04   -90.62
D   A   59    169.05  -173.92    54.45    86.54  -134.47   -70.53   176.58
D   U   60    -54.48   153.13    61.86   100.54   -76.49   -85.11  -162.62
D   C   61    -84.62  -176.11    57.86    86.60  -137.58   -88.42  -176.44
D   C   62    -62.39   164.14    52.68    86.29  -158.27   -65.08  -166.94
D   C   63    -74.10  -173.55    54.02    81.02  -130.91  -145.35  -158.78
D   C   64    121.25  -106.52   167.05    74.54  -114.63   -80.16  -176.86
D   U   65    -37.46   162.84    44.38    81.15  -121.33  -121.06  -163.52
D   A   66     97.40  -113.94  -164.70    87.32   -89.96  -130.64  -174.18
D   G   67    106.73  -109.43   176.62    81.49  -106.18  -119.10   177.33
D   G   68    139.19  -126.83   172.84    86.08  -150.76   -72.39  -172.86
D   G   69    -66.46   174.74    49.34    81.54  -133.13   -27.35   173.12
D   G   70    -60.51  -126.10  -179.51    85.52   156.52   -93.23  -149.35
D   A   71    164.61  -109.49   168.50    89.95   171.80   -75.51  -115.73
D   C   72    144.63  -172.94   174.42    84.29   173.63   176.70  -156.44
D   G   73   -173.91  -126.76    55.96    84.47 -9999.99 -9999.99   -77.91
