PDB data file name: ./Datasets/pdb_select_tRNA/5d8b_F(DD).pdb_new
-----------------------------------------------------------
CRITERIA USED TO GENERATE BASE-PAIR: 
  3.40 --> upper H-bond length limits (ON..ON).
 26.00 --> max. distance between paired base origins.
  2.50 --> max. vertical distance between paired base origins.
 65.00 --> max. angle between paired bases [0-90].
  5.40 --> min. distance between RN9/YN1 atoms.
  8.00 --> max. distance criterion for helix break[0-12]
-----------------------------------------------------------
BASE-PAIR INSTRUCTIONS: 
Column 1 is rnaview assigned base numbers n1_n2, start from 1.
Column 2 & 3 are chain ID & residue number in input PDB file.
Column 4 is for base pair. The left & right are the bases as 
         identified by column 2 & 3 and 5 & 6.
Column 5 & 6 are residue number & chain ID in input PDB file.
Column 7 is for base pair annotation. The standard Watson-Crick
         (W.C.) pairs are annotated as -/- (AU,AT) or +/+ (GC).
         Other pairs are annotated as Leontis_Westhof Classification.
         The three edges: W(Watson-Crick); H(Hoogsteen); S(suger).
         e.g. W/H means the pair is edge of Watson-Crick & Hoogsteen.
Column 8 is glycosidic bond orientation (either cis or trans).
         e.g. 'W/H cis' means the pair is interaction on Watson-Crick
         and Hoogsteen side, glycosidic bond orientation is 'cis'.
Column 9 corresponds to Saenger Classification.

Other columns: 
        Syn sugar-base conformations are annotated as (syn).
        Stacked base pairs are annotated as (stack).
        Non-identified edges are annotated as (.) or (?)
        Tertiary interactions are marked by (!) in the line.
Reference:
Yang et al (2003) Nucleic Acids Research, Vol31,No13,p3450-3461.
-----------------------------------------------------------
BEGIN_base-pair
    11_25, F:    11 A-U    24 F: -/- cis         XX
     3_71, F:     3 C-G    70 F: +/+ cis         XIX
    13_23, F:    13 C-G    22 F: +/+ cis         XIX
    29_43, F:    28 C-G    42 F: +/+ cis         XIX
    52_64, F:    51 C-G    63 F: +/+ cis         XIX
     2_72, F:     2 G-C    71 F: +/+ cis         XIX
     4_70, F:     4 G-C    69 F: +/+ cis         XIX
     5_69, F:     5 G-C    68 F: +/+ cis         XIX
     6_68, F:     6 G-C    67 F: +/+ cis         XIX
     7_67, F:     7 G-C    66 F: +/+ cis         XIX
    10_26, F:    10 G-C    25 F: +/+ cis         XIX
    12_24, F:    12 G-C    23 F: +/+ cis         XIX
    30_42, F:    29 G-C    41 F: +/+ cis         XIX
    31_41, F:    30 G-C    40 F: +/+ cis         XIX
    32_40, F:    31 G-C    39 F: +/+ cis         XIX
    50_66, F:    49 G-C    65 F: +/+ cis         XIX
    53_63, F:    52 G-C    62 F: +/+ cis         XIX
    54_62, F:    53 G-C    61 F: +/+ cis         XIX
    28_44, F:    27 U-A    43 F: -/- cis         XX
     1_74, F:     1 C-A    73 F: W/W cis         n/a
    20_57, F:    19 G-C    56 F: W/W cis         n/a
    51_65, F:    50 U-G    64 F: W/W cis         XXVIII
    15_49, F:    15 G-C    48 F: W/W tran        XXII
     8_14, F:     8 U-A    14 F: W/H tran        XXIV
    55_59, F:    54 U-A    58 F: W/H tran        XXIV
    19_56, F:    18 G-U    55 F: W/S tran        n/a
    23_47, F:    22 G-G    46 F: H/W tran        VII
END_base-pair

Summary of triplets and higher multiplets
BEGIN_multiplets
13_23_47_| [1 3]  F: 13 C  +  F: 22 G  +  F: 46 G
END_multiplets

  The total base pairs =  27 (from   77 bases)
------------------------------------------------
 Standard  WW--cis  WW-tran  HH--cis  HH-tran  SS--cis  SS-tran
       19        3        1        0        0        0        0
  WH--cis  WH-tran  WS--cis  WS-tran  HS--cis  HS-tran
        0        3        0        1        0        0
------------------------------------------------
