The backbone torsional angle for nucleic acid 

 
Note: alpha:   O3'(i-1)-P-O5'-C5'
      beta:    P-O5'-C5'-C4'
      gamma:   O5'-C5'-C4'-C3'
      delta:   C5'-C4'-C3'-O3'
      epsilon: C4'-C3'-O3'-P(i+1)
      zeta:    C3'-O3'-P(i+1)-O5'(i+1)

      chi for pyrimidines(Y): O4'-C1'-N1-C2
          chi for purines(R): O4'-C1'-N9-C4

    (The number -9999.99 means that the angle can not be calculated) 

Ch Res  Num    alpha    beta     gamma    delta  epsilon    zeta     chi
D   G    1  -9999.99  -176.18    68.87    85.37  -155.24   -73.56  -168.41
D   G    2    -82.49  -170.40    53.83    83.99  -156.18   -71.59  -169.35
D   C    3    -70.41  -177.39    54.86    83.03  -163.64   -49.43  -162.46
D   G    4    174.85   147.84  -176.84    80.20  -127.90   -53.16     2.21
D   G    5    -58.60   165.17    58.19    78.95  -161.00   -74.10  -166.53
D   C    6    -54.94   166.65    58.91    82.77  -145.42   -79.10  -152.28
D   G    7    -82.46   178.36    58.78    88.19    10.13  -159.58  -164.24
D   U    8    -33.04   151.45    45.47    79.44  -130.90  -174.43  -165.45
D   A    9    171.01  -127.36   161.48    85.89   -62.26  -145.43  -120.75
D   G   10    172.89  -112.38    73.78    87.10  -153.23   -64.06  -175.96
D   C   11    -69.44  -172.46    52.79    83.22  -162.69   -66.18  -159.80
D   U   12    -75.09  -166.96    45.17    85.30  -167.20   -20.06  -147.73
D   C   13   -145.38   128.75   153.58    83.25  -152.63   -91.56  -176.12
D   A   14     52.43   178.31   -62.88    93.15  -159.37   -69.08  -160.39
D   G   15    149.06  -137.45   159.50    82.76  -114.81   138.19   174.49
D   C   16    164.44   150.28   165.55    89.66  -102.57   -67.04  -161.81
D   U   17    109.08   167.25   172.46    86.55  -106.75   -35.63  -149.44
D   G   18   -117.13   -76.31  -178.69    80.42   136.94    29.88  -161.12
D   G   19   -144.35  -115.91    60.08    94.33   -78.67  -103.26  -100.21
D   U   20    -57.85   -80.84   -78.51    80.84   161.04   -83.76  -123.87
D   C   21   -129.56   116.96    30.07    77.84   152.05  -122.11   179.99
D   A   21     66.68   -73.25   -79.03    90.67  -172.55   -98.37  -150.77
D   G   22    165.04  -164.42   167.03    81.72  -145.12   -80.89  -177.90
D   A   23    -64.89  -177.76    50.09    83.62  -154.44   -78.04  -145.69
D   G   24    -66.94   160.30    54.97    84.51  -159.58   -60.32  -156.93
D   C   25    -63.82   178.85    45.56    75.81  -145.46   -69.00  -159.02
D   G   26    -69.45   166.58    60.74    82.23  -141.01   -63.70  -175.08
D   G   27    -95.49  -161.51    59.54    79.70  -159.52   -65.55  -157.83
D   G   28    -73.51  -173.25    57.59    86.04  -153.56   -70.52  -172.05
D   G   29    -77.21   175.99    62.60    81.88  -173.90   -58.13  -167.91
D   A   30    -76.83  -167.79    52.50    87.33  -145.81   -84.34  -159.66
D   U   31    -49.92   148.19    56.67    85.76  -149.44  -112.27  -170.97
D   C   32    -50.29   155.92    49.47    84.37  -119.62  -101.31  -172.30
D   U   33    -26.06   129.71    61.00    92.96   149.52  -106.67  -149.78
D   C   34   -123.25  -176.47    55.92    81.41  -141.92   -75.74  -142.52
D   A   35    -57.07   168.53    56.37    90.40  -149.44   -83.83  -138.67
D   U   36    171.84  -176.74    51.85    75.17    55.85   114.11  -142.57
D   A   37     31.59   146.55    53.15    92.34  -142.72   115.13  -126.89
D   A   38     60.48  -146.77  -177.98    83.65  -141.30   -67.20  -109.12
D   G   39    -63.21   176.92    59.33    85.32  -138.48   -61.84  -175.72
D   U   40    -73.85  -172.51    52.39    83.78  -154.33   -80.31  -154.71
D   C   41    -65.49   165.17    53.48    85.36  -147.41   -85.57  -152.00
D   C   42    -68.96   172.64    53.66    86.45  -147.31   -84.12  -175.49
D   C   43    -50.61   167.72    57.18    87.20  -167.45   -15.90   174.50
D   A   44    -99.40  -128.13    57.21    84.42  -105.67  -136.24  -112.79
D   G   45    137.32   -67.48  -146.83    84.86  -138.56  -162.25  -128.02
D   G   46    -80.79   152.85    48.17    87.29  -126.94   -67.92  -133.31
D   U   47     72.90   129.37    44.15    78.30  -158.76   158.52  -155.19
D   C   48    -93.99   170.10    57.90    91.83  -131.02    83.35  -172.89
D   G   49     43.83   131.45    45.36    81.57  -139.14   -79.27   169.53
D   G   50    -60.34  -165.73    48.72    82.83  -151.22   -65.59  -167.07
D   A   51    -58.81   168.77    51.23    79.29  -164.32   -58.14  -150.87
D   G   52    -71.34  -176.37    44.82    75.98   178.94   -66.70  -161.79
D   G   53    164.46  -163.95   176.55    84.36  -132.24   -70.09   175.18
D   U   54    -45.51   179.47    34.38    79.24  -144.57   -83.60  -153.31
D   U   55    128.39  -142.78  -172.36    82.89  -101.21  -103.27  -164.08
D   C   56    146.76  -149.00    57.12    88.41  -145.62   -68.98  -161.74
D   G   57    -68.23   173.15    51.18    87.09  -155.43   -67.95  -155.12
D   A   58    -71.05  -133.20    52.84    81.27    52.39    69.95   -92.41
D   G   59   -156.34  -164.84   -70.99    86.51  -175.66    17.54     7.24
D   U   60   -124.67   175.74    78.87   103.62   -64.27   -90.11  -173.00
D   C   61    -81.50   173.80    54.96    83.38  -155.81   -70.71   179.00
D   C   62    -68.86  -167.19    43.91    83.15  -153.45   -71.91  -153.32
D   U   63    -55.71   178.57    40.22    80.82  -150.42   -80.75  -166.89
D   C   64    -51.24   163.98    45.63    81.19  -170.11   -64.87  -140.71
D   C   65    166.15   178.48   175.14    85.90  -125.90   -75.71   179.61
D   C   66    -43.79   164.37    38.29    80.01  -143.65   -79.71  -162.25
D   G   67    -52.68   167.75    42.26    79.24  -165.82   -91.33  -158.85
D   C   68    148.26  -148.63   176.17    82.99  -134.04   -72.57  -175.41
D   C   69    -52.46  -177.65    42.99    81.25  -161.65   -74.96  -161.41
D   G   70    -72.49  -178.74    50.88    81.43  -156.26   -65.12  -161.63
D   C   71    -71.92  -175.46    53.30    86.57  -154.94   -79.46  -154.52
D   C   72    -55.28   163.24    55.50    86.51  -155.43   -63.37  -169.76
D   A   73    -77.87   177.98    58.80    83.50  -142.60   -92.90  -164.59
D   C   74    -47.23   141.08    59.93    83.39 -9999.99 -9999.99  -158.03
