PDB data file name: tRNA_dataset/2csx_chain_D.pdb_new
-----------------------------------------------------------
CRITERIA USED TO GENERATE BASE-PAIR: 
  3.40 --> upper H-bond length limits (ON..ON).
 26.00 --> max. distance between paired base origins.
  2.50 --> max. vertical distance between paired base origins.
 65.00 --> max. angle between paired bases [0-90].
  5.40 --> min. distance between RN9/YN1 atoms.
  8.00 --> max. distance criterion for helix break[0-12]
-----------------------------------------------------------
BASE-PAIR INSTRUCTIONS: 
Column 1 is rnaview assigned base numbers n1_n2, start from 1.
Column 2 & 3 are chain ID & residue number in input PDB file.
Column 4 is for base pair. The left & right are the bases as 
         identified by column 2 & 3 and 5 & 6.
Column 5 & 6 are residue number & chain ID in input PDB file.
Column 7 is for base pair annotation. The standard Watson-Crick
         (W.C.) pairs are annotated as -/- (AU,AT) or +/+ (GC).
         Other pairs are annotated as Leontis_Westhof Classification.
         The three edges: W(Watson-Crick); H(Hoogsteen); S(suger).
         e.g. W/H means the pair is edge of Watson-Crick & Hoogsteen.
Column 8 is glycosidic bond orientation (either cis or trans).
         e.g. 'W/H cis' means the pair is interaction on Watson-Crick
         and Hoogsteen side, glycosidic bond orientation is 'cis'.
Column 9 corresponds to Saenger Classification.

Other columns: 
        Syn sugar-base conformations are annotated as (syn).
        Stacked base pairs are annotated as (stack).
        Non-identified edges are annotated as (.) or (?)
        Tertiary interactions are marked by (!) in the line.
Reference:
Yang et al (2003) Nucleic Acids Research, Vol31,No13,p3450-3461.
-----------------------------------------------------------
BEGIN_base-pair
     1_73, D:     1 G-C    72 D: +/+ cis         XIX
     2_72, D:     2 G-C    71 D: +/+ cis         XIX
     4_70, D:     4 G-C    69 D: H/W cis    syn    n/a
     5_69, D:     5 G-C    68 D: +/+ cis         XIX
     6_68, D:     6 C-G    67 D: +/+ cis         XIX
     7_67, D:     7 G-C    66 D: +/+ cis         XIX
     8_14, D:     8 U-A    14 D: W/H tran        XXIV
     9_24, D:     9 A-A    23 D: H/H tran        II
     9_45, D:     9 A-A    44 D:      stacked
    10_26, D:    10 G-C    25 D: +/+ cis         XIX
    11_25, D:    11 C-G    24 D: +/+ cis         XIX
    12_24, D:    12 U-A    23 D: -/- cis         XX
    13_23, D:    13 C-G    22 D: +/+ cis         XIX
    15_49, D:    15 G-C    48 D: W/W tran        XXII
    18_56, D:    18 G-U    55 D: W/S tran        n/a
    19_57, D:    19 G-C    56 D: W/W cis         n/a
    23_47, D:    22 G-G    46 D: H/W tran        VII
    28_44, D:    27 G-C    43 D: +/+ cis         XIX
    29_43, D:    28 G-C    42 D: +/+ cis         XIX
    30_42, D:    29 G-C    41 D: +/+ cis         XIX
    30_43, D:    29 G-C    42 D:      stacked
    31_41, D:    30 A-U    40 D: -/- cis         XX
    32_33, D:    31 U-C    32 D:      stacked
    32_40, D:    31 U-G    39 D: W/W cis         XXVIII
    41_42, D:    40 U-C    41 D:      stacked
    49_60, D:    48 C-G    59 D:   syn  stacked
    50_66, D:    49 G-C    65 D: +/+ cis         XIX
    51_65, D:    50 G-C    64 D: +/+ cis         XIX
    52_64, D:    51 A-U    63 D: -/- cis         XX
    52_65, D:    51 A-C    64 D: W/W cis         n/a
    53_63, D:    52 G-C    62 D: +/+ cis         XIX
    54_62, D:    53 G-C    61 D: +/+ cis         XIX
    55_56, D:    54 U-U    55 D:      stacked
    55_59, D:    54 U-A    58 D: W/H tran        XXIV
    64_65, D:    63 U-C    64 D:      stacked
    70_71, D:    69 C-G    70 D:      stacked
     9_11, D:     9 A-C    11 D: H/H cis         !1H(b_b).
    34_39, D:    33 U-A    38 D: W/W cis         !1H(b_b)
     8_22, D:     8 U-A    21 D: S/W tran        !(b_s)
    18_21, D:    18 G-C    21 D: S/W tran        !(b_s)
    45_46, D:    44 A-G    45 D: S/? cis         !(s_s)
    48_49, D:    47 U-C    48 D: S/. tran        !(s_s)
END_base-pair

Summary of triplets and higher multiplets
BEGIN_multiplets
9_12_24_| [1 3]  D: 9 A  +  D: 12 U  +  D: 23 A
13_23_47_| [2 3]  D: 13 C  +  D: 22 G  +  D: 46 G
END_multiplets

  The total base pairs =  28 (from   75 bases)
------------------------------------------------
 Standard  WW--cis  WW-tran  HH--cis  HH-tran  SS--cis  SS-tran
       18        3        1        0        1        0        0
  WH--cis  WH-tran  WS--cis  WS-tran  HS--cis  HS-tran
        1        3        0        1        0        0
------------------------------------------------
