The backbone torsional angle for nucleic acid 

 
Note: alpha:   O3'(i-1)-P-O5'-C5'
      beta:    P-O5'-C5'-C4'
      gamma:   O5'-C5'-C4'-C3'
      delta:   C5'-C4'-C3'-O3'
      epsilon: C4'-C3'-O3'-P(i+1)
      zeta:    C3'-O3'-P(i+1)-O5'(i+1)

      chi for pyrimidines(Y): O4'-C1'-N1-C2
          chi for purines(R): O4'-C1'-N9-C4

    (The number -9999.99 means that the angle can not be calculated) 

Ch Res  Num    alpha    beta     gamma    delta  epsilon    zeta     chi
P   G    1  -9999.99  -170.01    46.62    86.78  -136.10   -85.83  -177.08
P   G    2    -54.74   159.56    53.95    84.86  -141.90   -71.41  -173.24
P   G    3    -69.66   162.75    74.04    81.23  -132.02   -87.69  -173.74
P   U    4    -62.02   153.64    56.47    80.90  -147.76   -75.14  -160.47
P   C    5    -73.18   163.85    68.51    79.09  -143.67   -59.32  -162.06
P   G    6   -102.10   137.29   136.35    90.06  -121.41   -79.87   168.60
P   U    7    -61.36   161.00    52.96   126.20  -116.07   -48.44  -128.63
P   U    8   -113.91  -117.71    67.70    92.78  -158.26  -104.69  -133.15
P   A    9    173.29   134.59  -171.54   129.05   -88.35   -56.84    56.45
P   G   10   -164.33   174.44    62.62    83.49  -133.83   -83.47   179.98
P   C   11    -61.33   166.70    49.17    85.39  -138.58   -87.39  -159.84
P   U   12    -62.78   155.95    58.83    81.50  -147.76   -46.16  -161.38
P   C   13   -134.47   150.09   134.79    84.23  -156.79   -85.56  -175.56
P   A   14    -53.88  -159.25    36.16    76.80  -135.27   -21.23    28.83
P   G   15   -114.57   102.45   161.03   100.86  -110.86  -153.46  -176.71
P H2U   16    171.85  -138.86   127.11    85.99  -135.29   -76.61    26.83
P H2U   17   -157.08   106.43    45.37    99.07  -157.68   131.61   -92.81
P   G   18   -123.29  -115.02    55.30   135.10   -94.75   176.47  -105.55
P   G   19     -4.67   141.94     1.57   148.04   -68.48  -149.71   -72.89
P H2U   20   -157.24  -114.95    67.53   120.36  -141.01   -82.60   -89.42
P   A   21    139.40   145.61    -3.53    86.80  -162.41  -103.52  -119.36
P   G   22    -66.13   164.02    63.18   131.80  -162.55  -120.18  -119.61
P   A   23    -79.01   165.75    53.43    79.95  -151.69   -82.48  -159.11
P   G   24    -68.24   166.11    53.38    76.87  -141.72   -69.86  -161.55
P   C   25    -77.72   158.53    72.55    82.02  -143.46   -67.15  -167.01
P   A   26    -76.42   172.78    59.36    81.90  -147.17   -66.38  -170.76
P   G   27    -69.82   175.92    52.84    83.34  -130.69   -81.07  -172.92
P   U   28    -50.92   159.19    47.91    81.85  -134.80   -90.26  -164.41
P   U   29    -50.31   151.73    55.26    80.09  -146.36   -75.63  -165.83
P   G   30    -82.87   160.24    78.66    78.84  -142.63   -73.74  -178.58
P   A   31    -77.08   166.56    69.44    79.37  -126.33  -104.56  -174.66
P   C   32    -12.77   138.93    29.02    83.37  -128.43   -65.72  -159.34
P   U   33    -67.63   166.03    55.71    77.70  -128.67   -82.49  -158.44
P U8U   34    156.05  -178.79    55.52    91.94  -132.10   -86.53  -163.12
P   U   35    -54.28   158.03    44.95    81.01  -151.96   -33.75  -156.11
P   U   36   -136.95   125.34   149.57    77.92  -154.09   -72.90  -176.53
P T6A   37   -161.82  -144.75   115.93    78.54  -120.87   -79.91   176.95
P   A   38    -63.90   154.10    61.39    84.00  -129.63   -74.12  -171.60
P PSU   39    -59.48   156.79    59.32    81.37  -141.04   -79.48 -9999.99
P   C   40    -57.13   165.39    53.07    83.17  -139.64   -86.09  -161.08
P   A   41    -67.40   157.13    59.88    79.36  -143.94   -82.42  -166.46
P   A   42    -66.92   157.02    69.78    79.80  -135.56   -78.27  -173.16
P   U   43    -62.90   160.65    61.07    85.85  -146.22  -133.60  -165.13
P   U   44    -23.73   133.87    46.47    85.10  -137.09   -58.89  -169.86
P   G   45    -74.53   157.10    81.61    97.21  -117.81  -103.67  -157.18
P G7M   46    -57.82   163.86    65.41   146.25   -97.78   -76.65  -104.65
P 3AU   47    -65.48   173.39   177.40   107.94  -108.46   -41.26   -74.31
P   C   48     99.33   118.38    50.05   131.52  -141.90    57.42  -130.57
P   G   49     63.35   145.95    33.35    79.52  -136.02   -72.17   169.80
P   C   50    -94.01  -163.75    71.91    81.54  -153.67   -79.56  -168.65
P   A   51    -79.40   162.90    77.88    82.34  -139.24   -82.87  -178.05
P   G   52    -57.80   156.56    61.35    88.14  -145.90   -44.53  -167.80
P   G   53   -143.93   127.31   138.11    86.43  -131.48   -82.07   177.74
P 5MU   54    -64.11   162.12    65.75    87.44  -135.75     8.49  -169.12
P PSU   55   -134.85    71.53   173.49    88.31  -127.96   -44.10 -9999.99
P   C   56    142.64   157.27    52.25    93.82  -127.68   -69.31  -174.28
P   G   57    -85.29   155.69    75.18    84.09  -128.46  -128.28  -176.40
P   A   58     41.81   129.82    21.49   139.16   -90.68   179.53   -99.05
P   A   59     94.17  -155.11    69.04    87.49  -143.72   -63.31  -174.16
P   U   60    -75.39   168.43    76.50   128.90  -123.70   -71.32  -144.86
P   C   61   -158.20  -132.71    81.23    81.26  -139.48   -92.79  -158.53
P   C   62    176.03  -177.63   170.56   155.34  -137.24   -82.75   175.47
P   U   63    135.27   167.46   160.92    84.80  -157.52   -77.57  -154.28
P   G   64   -107.06   168.24    82.34    78.52  -135.00   -91.73  -168.41
P   C   65    -47.02   147.00    61.88    82.70  -136.18  -115.98  -169.42
P   A   66     -9.25   130.77    31.76    87.32  -128.18   -73.15  -155.90
P   C   67    -61.30   151.42    53.02    71.99  -144.47   -83.21  -150.34
P   G   68    -49.10   157.65    46.95    73.01  -156.97   -81.45  -166.03
P   A   69    -62.05   171.30    57.49    80.11  -128.21   -96.40  -167.68
P   C   70    -44.16   143.82    53.96    80.69  -152.18   -77.07  -161.93
P   C   71    -79.32   165.91    69.30    79.44  -132.70  -103.59  -168.31
P   C   72    -41.73   143.26    53.99    81.08  -136.02   -93.41  -167.76
P   A   73    -37.71   150.43    44.38    84.15  -155.59   115.09  -166.72
P   C   74   -139.20  -148.64    77.91    82.13  -141.83   -85.20  -164.96
P   C   75    -52.23   173.80    42.62    86.51   -85.20  -142.58  -146.48
P   A   76     87.62   -88.76  -159.23    95.51 -9999.99 -9999.99  -140.44
