
Number of the total bases = 78

=====Table of overall statistics =====
Distributions from total number of pairs (24):
The Standard W.C pairs =    17(70.8%)

    WW--cis    WW-tran    HH--cis    HH-tran    SS--cis    SS-tran
   2( 8.3%)   1( 4.2%)   0( 0.0%)   1( 4.2%)   0( 0.0%)   0( 0.0%)

    WH--cis    WH-tran    WS--cis    WS-tran    HS--cis    HS-tran
   0( 0.0%)   2( 8.3%)   1( 4.2%)   0( 0.0%)   0( 0.0%)   0( 0.0%)

std -> the standard W.C. base pairs


=====Table of the pair and edge type statistics =====
     A-A  A-C  C-A  A-G  G-A  A-U  U-A  C-C  C-G  G-C  C-U  U-C  G-G  G-U  U-G  U-U  SUM    %
std    0    0    0    0    0    0    1    0    7    9    0    0    0    0    0    0   17 70.8
WWc    0    0    0    0    0    0    0    0    0    1    0    0    0    0    1    0    2  8.3
WHc    0    0    0    0    0    0    0    0    0    0    0    0    0    0    0    0    0  0.0
HWc    0    0    0    0    0    0    0    0    0    0    0    0    0    0    0    0    0  0.0
WSc    1    0    0    0    0    0    0    0    0    0    0    0    0    0    0    0    1  4.2
SWc    0    0    0    0    0    0    0    0    0    0    0    0    0    0    0    0    0  0.0
HHc    0    0    0    0    0    0    0    0    0    0    0    0    0    0    0    0    0  0.0
HSc    0    0    0    0    0    0    0    0    0    0    0    0    0    0    0    0    0  0.0
SHc    0    0    0    0    0    0    0    0    0    0    0    0    0    0    0    0    0  0.0
SSc    0    0    0    0    0    0    0    0    0    0    0    0    0    0    0    0    0  0.0
WWt    0    0    0    0    0    0    0    0    0    1    0    0    0    0    0    0    1  4.2
WHt    0    0    0    0    0    0    1    0    0    0    0    0    0    0    0    0    1  4.2
HWt    0    0    0    0    0    0    0    0    0    0    0    0    1    0    0    0    1  4.2
WSt    0    0    0    0    0    0    0    0    0    0    0    0    0    0    0    0    0  0.0
SWt    0    0    0    0    0    0    0    0    0    0    0    0    0    0    0    0    0  0.0
HHt    1    0    0    0    0    0    0    0    0    0    0    0    0    0    0    0    1  4.2
HSt    0    0    0    0    0    0    0    0    0    0    0    0    0    0    0    0    0  0.0
SHt    0    0    0    0    0    0    0    0    0    0    0    0    0    0    0    0    0  0.0
SSt    0    0    0    0    0    0    0    0    0    0    0    0    0    0    0    0    0  0.0
W.c    0    0    0    0    0    0    0    0    0    0    0    0    0    0    0    0    0  0.0
.Wc    0    0    0    0    0    0    0    0    0    0    0    0    0    0    0    0    0  0.0
H.c    0    0    0    0    0    0    0    0    0    0    0    0    0    0    0    0    0  0.0
.Hc    0    0    0    0    0    0    0    0    0    0    0    0    0    0    0    0    0  0.0
S.c    0    0    0    0    0    0    0    0    0    0    0    0    0    0    0    0    0  0.0
.Sc    0    0    0    0    0    0    0    0    0    0    0    0    0    0    0    0    0  0.0
..c    0    0    0    0    0    0    0    0    0    0    0    0    0    0    0    0    0  0.0
W.t    0    0    0    0    0    0    0    0    0    0    0    0    0    0    0    0    0  0.0
.Wt    0    0    0    0    0    0    0    0    0    0    0    0    0    0    0    0    0  0.0
H.t    0    0    0    0    0    0    0    0    0    0    0    0    0    0    0    0    0  0.0
.Ht    0    0    0    0    0    0    0    0    0    0    0    0    0    0    0    0    0  0.0
S.t    0    0    0    0    0    0    0    0    0    0    0    0    0    0    0    0    0  0.0
.St    0    0    0    0    0    0    0    0    0    0    0    0    0    0    0    0    0  0.0
..t    0    0    0    0    0    0    0    0    0    0    0    0    0    0    0    0    0  0.0
SUM    2    0    0    0    0    0    2    0    7   11    0    0    1    0    1    0
  %  8.3  0.0  0.0  0.0  0.0  0.0  8.3  0.0 29.2 45.8  0.0  0.0  4.2  0.0  4.2  0.0


NEW Table! (combine standard with W edge)

     A-A  A-C  C-A  A-G  G-A  A-U  U-A  C-C  C-G  G-C  C-U  U-C  G-G  G-U  U-G  U-U  SUM    %
WWc    0    0    0    0    0    0    1    0    7   10    0    0    0    0    1    0   19 79.2
     0.0  0.0  0.0  0.0  0.0  0.0  4.2  0.0 29.2 41.7  0.0  0.0  0.0  0.0  4.2  0.0
WHc    0    0    0    0    0    0    0    0    0    0    0    0    0    0    0    0    0  0.0
     0.0  0.0  0.0  0.0  0.0  0.0  0.0  0.0  0.0  0.0  0.0  0.0  0.0  0.0  0.0  0.0
HWc    0    0    0    0    0    0    0    0    0    0    0    0    0    0    0    0    0  0.0
     0.0  0.0  0.0  0.0  0.0  0.0  0.0  0.0  0.0  0.0  0.0  0.0  0.0  0.0  0.0  0.0
WSc    1    0    0    0    0    0    0    0    0    0    0    0    0    0    0    0    1  4.2
     4.2  0.0  0.0  0.0  0.0  0.0  0.0  0.0  0.0  0.0  0.0  0.0  0.0  0.0  0.0  0.0
SWc    0    0    0    0    0    0    0    0    0    0    0    0    0    0    0    0    0  0.0
     0.0  0.0  0.0  0.0  0.0  0.0  0.0  0.0  0.0  0.0  0.0  0.0  0.0  0.0  0.0  0.0
HHc    0    0    0    0    0    0    0    0    0    0    0    0    0    0    0    0    0  0.0
     0.0  0.0  0.0  0.0  0.0  0.0  0.0  0.0  0.0  0.0  0.0  0.0  0.0  0.0  0.0  0.0
HSc    0    0    0    0    0    0    0    0    0    0    0    0    0    0    0    0    0  0.0
     0.0  0.0  0.0  0.0  0.0  0.0  0.0  0.0  0.0  0.0  0.0  0.0  0.0  0.0  0.0  0.0
SHc    0    0    0    0    0    0    0    0    0    0    0    0    0    0    0    0    0  0.0
     0.0  0.0  0.0  0.0  0.0  0.0  0.0  0.0  0.0  0.0  0.0  0.0  0.0  0.0  0.0  0.0
SSc    0    0    0    0    0    0    0    0    0    0    0    0    0    0    0    0    0  0.0
     0.0  0.0  0.0  0.0  0.0  0.0  0.0  0.0  0.0  0.0  0.0  0.0  0.0  0.0  0.0  0.0
WWt    0    0    0    0    0    0    0    0    0    1    0    0    0    0    0    0    1  4.2
     0.0  0.0  0.0  0.0  0.0  0.0  0.0  0.0  0.0  4.2  0.0  0.0  0.0  0.0  0.0  0.0
WHt    0    0    0    0    0    0    1    0    0    0    0    0    0    0    0    0    1  4.2
     0.0  0.0  0.0  0.0  0.0  0.0  4.2  0.0  0.0  0.0  0.0  0.0  0.0  0.0  0.0  0.0
HWt    0    0    0    0    0    0    0    0    0    0    0    0    1    0    0    0    1  4.2
     0.0  0.0  0.0  0.0  0.0  0.0  0.0  0.0  0.0  0.0  0.0  0.0  4.2  0.0  0.0  0.0
WSt    0    0    0    0    0    0    0    0    0    0    0    0    0    0    0    0    0  0.0
     0.0  0.0  0.0  0.0  0.0  0.0  0.0  0.0  0.0  0.0  0.0  0.0  0.0  0.0  0.0  0.0
SWt    0    0    0    0    0    0    0    0    0    0    0    0    0    0    0    0    0  0.0
     0.0  0.0  0.0  0.0  0.0  0.0  0.0  0.0  0.0  0.0  0.0  0.0  0.0  0.0  0.0  0.0
HHt    1    0    0    0    0    0    0    0    0    0    0    0    0    0    0    0    1  4.2
     4.2  0.0  0.0  0.0  0.0  0.0  0.0  0.0  0.0  0.0  0.0  0.0  0.0  0.0  0.0  0.0
HSt    0    0    0    0    0    0    0    0    0    0    0    0    0    0    0    0    0  0.0
     0.0  0.0  0.0  0.0  0.0  0.0  0.0  0.0  0.0  0.0  0.0  0.0  0.0  0.0  0.0  0.0
SHt    0    0    0    0    0    0    0    0    0    0    0    0    0    0    0    0    0  0.0
     0.0  0.0  0.0  0.0  0.0  0.0  0.0  0.0  0.0  0.0  0.0  0.0  0.0  0.0  0.0  0.0
SSt    0    0    0    0    0    0    0    0    0    0    0    0    0    0    0    0    0  0.0
     0.0  0.0  0.0  0.0  0.0  0.0  0.0  0.0  0.0  0.0  0.0  0.0  0.0  0.0  0.0  0.0
W.c    0    0    0    0    0    0    0    0    0    0    0    0    0    0    0    0    0  0.0
     0.0  0.0  0.0  0.0  0.0  0.0  0.0  0.0  0.0  0.0  0.0  0.0  0.0  0.0  0.0  0.0
.Wc    0    0    0    0    0    0    0    0    0    0    0    0    0    0    0    0    0  0.0
     0.0  0.0  0.0  0.0  0.0  0.0  0.0  0.0  0.0  0.0  0.0  0.0  0.0  0.0  0.0  0.0
H.c    0    0    0    0    0    0    0    0    0    0    0    0    0    0    0    0    0  0.0
     0.0  0.0  0.0  0.0  0.0  0.0  0.0  0.0  0.0  0.0  0.0  0.0  0.0  0.0  0.0  0.0
.Hc    0    0    0    0    0    0    0    0    0    0    0    0    0    0    0    0    0  0.0
     0.0  0.0  0.0  0.0  0.0  0.0  0.0  0.0  0.0  0.0  0.0  0.0  0.0  0.0  0.0  0.0
S.c    0    0    0    0    0    0    0    0    0    0    0    0    0    0    0    0    0  0.0
     0.0  0.0  0.0  0.0  0.0  0.0  0.0  0.0  0.0  0.0  0.0  0.0  0.0  0.0  0.0  0.0
.Sc    0    0    0    0    0    0    0    0    0    0    0    0    0    0    0    0    0  0.0
     0.0  0.0  0.0  0.0  0.0  0.0  0.0  0.0  0.0  0.0  0.0  0.0  0.0  0.0  0.0  0.0
..c    0    0    0    0    0    0    0    0    0    0    0    0    0    0    0    0    0  0.0
     0.0  0.0  0.0  0.0  0.0  0.0  0.0  0.0  0.0  0.0  0.0  0.0  0.0  0.0  0.0  0.0
W.t    0    0    0    0    0    0    0    0    0    0    0    0    0    0    0    0    0  0.0
     0.0  0.0  0.0  0.0  0.0  0.0  0.0  0.0  0.0  0.0  0.0  0.0  0.0  0.0  0.0  0.0
.Wt    0    0    0    0    0    0    0    0    0    0    0    0    0    0    0    0    0  0.0
     0.0  0.0  0.0  0.0  0.0  0.0  0.0  0.0  0.0  0.0  0.0  0.0  0.0  0.0  0.0  0.0
H.t    0    0    0    0    0    0    0    0    0    0    0    0    0    0    0    0    0  0.0
     0.0  0.0  0.0  0.0  0.0  0.0  0.0  0.0  0.0  0.0  0.0  0.0  0.0  0.0  0.0  0.0
.Ht    0    0    0    0    0    0    0    0    0    0    0    0    0    0    0    0    0  0.0
     0.0  0.0  0.0  0.0  0.0  0.0  0.0  0.0  0.0  0.0  0.0  0.0  0.0  0.0  0.0  0.0
S.t    0    0    0    0    0    0    0    0    0    0    0    0    0    0    0    0    0  0.0
     0.0  0.0  0.0  0.0  0.0  0.0  0.0  0.0  0.0  0.0  0.0  0.0  0.0  0.0  0.0  0.0
.St    0    0    0    0    0    0    0    0    0    0    0    0    0    0    0    0    0  0.0
     0.0  0.0  0.0  0.0  0.0  0.0  0.0  0.0  0.0  0.0  0.0  0.0  0.0  0.0  0.0  0.0
..t    0    0    0    0    0    0    0    0    0    0    0    0    0    0    0    0    0  0.0
     0.0  0.0  0.0  0.0  0.0  0.0  0.0  0.0  0.0  0.0  0.0  0.0  0.0  0.0  0.0  0.0
SUM    2    0    0    0    0    0    2    0    7   11    0    0    1    0    1    0
  %  8.3  0.0  0.0  0.0  0.0  0.0  8.3  0.0 29.2 45.8  0.0  0.0  4.2  0.0  4.2  0.0


=======The table of 12 base pair family=======
    WWc      A          C          G          U
     A     0( 0.0)    0( 0.0)    0( 0.0)    0( 0.0)
     C     0( 0.0)    0( 0.0)    7(29.2)    0( 0.0)
     G     0( 0.0)   10(41.7)    0( 0.0)    0( 0.0)
     U     1( 4.2)    0( 0.0)    1( 4.2)    0( 0.0)

 WHc+HWc      A          C          G          U
     A     0( 0.0)    0( 0.0)    0( 0.0)    0( 0.0)
     C     0( 0.0)    0( 0.0)    0( 0.0)    0( 0.0)
     G     0( 0.0)    0( 0.0)    0( 0.0)    0( 0.0)
     U     0( 0.0)    0( 0.0)    0( 0.0)    0( 0.0)

 WSc+SWc      A          C          G          U
     A     1( 4.2)    0( 0.0)    0( 0.0)    0( 0.0)
     C     0( 0.0)    0( 0.0)    0( 0.0)    0( 0.0)
     G     0( 0.0)    0( 0.0)    0( 0.0)    0( 0.0)
     U     0( 0.0)    0( 0.0)    0( 0.0)    0( 0.0)

    HHc      A          C          G          U
     A     0( 0.0)    0( 0.0)    0( 0.0)    0( 0.0)
     C     0( 0.0)    0( 0.0)    0( 0.0)    0( 0.0)
     G     0( 0.0)    0( 0.0)    0( 0.0)    0( 0.0)
     U     0( 0.0)    0( 0.0)    0( 0.0)    0( 0.0)

 HSc+SHc      A          C          G          U
     A     0( 0.0)    0( 0.0)    0( 0.0)    0( 0.0)
     C     0( 0.0)    0( 0.0)    0( 0.0)    0( 0.0)
     G     0( 0.0)    0( 0.0)    0( 0.0)    0( 0.0)
     U     0( 0.0)    0( 0.0)    0( 0.0)    0( 0.0)

    SSc      A          C          G          U
     A     0( 0.0)    0( 0.0)    0( 0.0)    0( 0.0)
     C     0( 0.0)    0( 0.0)    0( 0.0)    0( 0.0)
     G     0( 0.0)    0( 0.0)    0( 0.0)    0( 0.0)
     U     0( 0.0)    0( 0.0)    0( 0.0)    0( 0.0)

    WWt      A          C          G          U
     A     0( 0.0)    0( 0.0)    0( 0.0)    0( 0.0)
     C     0( 0.0)    0( 0.0)    0( 0.0)    0( 0.0)
     G     0( 0.0)    1( 4.2)    0( 0.0)    0( 0.0)
     U     0( 0.0)    0( 0.0)    0( 0.0)    0( 0.0)

 WHt+HWt      A          C          G          U
     A     0( 0.0)    0( 0.0)    0( 0.0)    0( 0.0)
     C     0( 0.0)    0( 0.0)    0( 0.0)    0( 0.0)
     G     0( 0.0)    0( 0.0)    1( 4.2)    0( 0.0)
     U     1( 4.2)    0( 0.0)    0( 0.0)    0( 0.0)

 WSt+SWt      A          C          G          U
     A     0( 0.0)    0( 0.0)    0( 0.0)    0( 0.0)
     C     0( 0.0)    0( 0.0)    0( 0.0)    0( 0.0)
     G     0( 0.0)    0( 0.0)    0( 0.0)    0( 0.0)
     U     0( 0.0)    0( 0.0)    0( 0.0)    0( 0.0)

    HHt      A          C          G          U
     A     1( 4.2)    0( 0.0)    0( 0.0)    0( 0.0)
     C     0( 0.0)    0( 0.0)    0( 0.0)    0( 0.0)
     G     0( 0.0)    0( 0.0)    0( 0.0)    0( 0.0)
     U     0( 0.0)    0( 0.0)    0( 0.0)    0( 0.0)

 HSt+SHt      A          C          G          U
     A     0( 0.0)    0( 0.0)    0( 0.0)    0( 0.0)
     C     0( 0.0)    0( 0.0)    0( 0.0)    0( 0.0)
     G     0( 0.0)    0( 0.0)    0( 0.0)    0( 0.0)
     U     0( 0.0)    0( 0.0)    0( 0.0)    0( 0.0)

    SSt      A          C          G          U
     A     0( 0.0)    0( 0.0)    0( 0.0)    0( 0.0)
     C     0( 0.0)    0( 0.0)    0( 0.0)    0( 0.0)
     G     0( 0.0)    0( 0.0)    0( 0.0)    0( 0.0)
     U     0( 0.0)    0( 0.0)    0( 0.0)    0( 0.0)


=====Table of the three edge statistics =====

Statistics for each edge(total(A+U+G+C+T+P+I)=48.0)
Percentage (in parentheses) is with respect to total edge.
base    edge(W.C.)    edge(Hoog)    edge(Sugar) 
   A       2(  4.2)     3(  6.2)     1(  2.1)
   G      20( 41.7)     1(  2.1)     0(  0.0)
   U       3(  6.2)     0(  0.0)     0(  0.0)
   C      18( 37.5)     0(  0.0)     0(  0.0)
   T       0(  0.0)     0(  0.0)     0(  0.0)
   P       0(  0.0)     0(  0.0)     0(  0.0)
   T       0(  0.0)     0(  0.0)     0(  0.0)

   R      22( 45.8)     4(  8.3)     1(  2.1)
   Y      21( 43.8)     0(  0.0)     0(  0.0)

Statistics for each edge for (A, G, C U)(total 48.0)
Percentage (in parentheses) is with respect to three edges.
base    edge(W.C.)    edge(Hoog)    edge(Sugar) 
   A       2( 33.3)     3( 50.0)     1( 16.7)
   G      20( 95.2)     1(  4.8)     0(  0.0)
   U       3(100.0)     0(  0.0)     0(  0.0)
   C      18(100.0)     0(  0.0)     0(  0.0)

   R      22( 81.5)     4( 14.8)     1(  3.7)
   Y      21(100.0)     0(  0.0)     0(  0.0)
