The backbone torsional angle for nucleic acid 

 
Note: alpha:   O3'(i-1)-P-O5'-C5'
      beta:    P-O5'-C5'-C4'
      gamma:   O5'-C5'-C4'-C3'
      delta:   C5'-C4'-C3'-O3'
      epsilon: C4'-C3'-O3'-P(i+1)
      zeta:    C3'-O3'-P(i+1)-O5'(i+1)

      chi for pyrimidines(Y): O4'-C1'-N1-C2
          chi for purines(R): O4'-C1'-N9-C4

    (The number -9999.99 means that the angle can not be calculated) 

Ch Res  Num    alpha    beta     gamma    delta  epsilon    zeta     chi
D   G    1  -9999.99  -169.59    33.12    76.49  -139.77   -73.32  -158.55
D   G    2    -29.31   160.13    59.73    82.21  -167.88   -62.56  -174.03
D   A    3   -107.13  -162.49    72.81    84.00  -164.81   -83.12  -169.19
D   G    4    -50.55   168.83    46.75    83.80  -126.26   -88.79  -166.87
D   C    5    -41.16   142.55    48.45    79.17  -158.49   -65.66  -160.68
D   G    6    -58.31  -165.96    47.11    82.57  -173.57   -48.00  -163.54
D   G    7    -75.72  -161.71    62.56   138.95   -97.92   -63.38  -129.77
D 4SU    8    -70.50  -150.38    48.55    82.04  -156.78  -110.32  -175.35
D   A    9    167.03   135.36  -133.67   157.97  -104.54   -74.21   -97.98
D   G   10   -163.17  -169.46    47.38    85.22  -169.70   -52.70  -172.00
D   U   11    -99.85  -158.77    64.46    87.25  -157.82   -69.49  -152.56
D   U   12    -70.08  -174.65    45.31    82.02  -135.54   -62.62  -159.24
D   C   13    -72.74   147.88    88.54    81.81  -162.84   -75.63  -161.67
D   A   14    -62.95  -173.64    43.94    80.32  -157.58   -55.46  -163.47
D   G   15    -82.78   172.74    67.70    89.02  -137.77    97.21  -177.76
D H2U   16    -71.63   164.14    46.39   142.99  -123.37   -42.83    51.98
D   C   17     94.94   131.62    74.91   150.00   -47.66   -55.12   -80.93
D   G   18    157.79   126.67    15.47   143.15  -124.07  -164.03   -97.95
D   G   19    -52.96   177.80    48.54   151.30   -96.60  -129.85   -73.19
D H2U   20     52.85    98.25    30.80    77.71   163.65    57.06   -57.77
D H2U   20     40.54   143.63    57.75   129.32   -97.14   -90.39   -97.56
D   A   21     97.26   169.12    61.42    77.75  -127.59  -155.36  -150.49
D   G   22     77.87  -118.34  -164.99    84.71  -176.96   -73.78  -162.89
D   A   23    -71.57  -171.46    56.55    84.64  -147.42   -65.86  -159.30
D   A   24    -66.18   170.53    51.90    82.42  -135.60   -79.64  -150.26
D   U   25    -47.47   152.45    49.10    79.13  -157.54   -64.70  -150.49
D   A   26    -73.02  -178.00    47.91    79.91  -147.69   -69.26  -162.85
D   C   27    -53.38   179.65    43.34    84.43  -149.99   -68.81  -163.89
D   C   28    -61.97  -166.81    36.18    86.61  -166.91   -64.05  -162.02
D   U   29    -69.24  -174.69    53.68    84.92  -167.63   -66.86  -162.99
D   G   30    -85.58  -161.17    50.31    86.69  -177.48   -61.57  -156.93
D   C   31    -84.72  -166.57    59.57    84.44  -142.03   -67.88  -161.99
D   C   32    -51.62   168.33    43.56    79.29  -134.91  -109.01  -151.94
D   U   33     40.36   164.55    69.02   144.43  -137.53   170.85  -157.11
D QUO   34    -81.24  -178.10    50.60   151.76   -82.62    85.17  -113.89
D   U   35    -68.11   153.34    39.69    81.93  -154.49   -46.04  -160.71
D   C   36    -83.50  -172.66    58.69    86.33  -173.29  -176.79  -151.61
D 2MA   37     50.82  -115.66    54.53   149.52  -119.58   -67.58   -92.59
D   C   38    -72.63   159.04  -177.03    83.84  -140.58   -64.60  -168.82
D   G   39    -50.94   172.39    43.97    80.67  -151.81   -68.35  -148.83
D   C   40    -65.17   178.22    43.35    79.03  -165.96   -62.85  -160.56
D   A   41    -77.99  -175.95    53.96    77.35  -129.60   -96.06  -171.93
D   G   42    -47.75   139.33    64.30    80.54  -144.13   -86.85   179.79
D   G   43    -46.04   169.73    47.56    87.82  -168.79   -71.43  -168.43
D   G   44    -78.81  -167.15    57.08    90.51  -155.44   -56.64  -160.30
D   G   45    -65.57   175.64    51.22    83.09  -130.40   -89.49  -148.25
D G7M   46    -66.58  -142.45    52.65    85.13    46.68   127.90   -68.06
D   U   47    -22.95  -123.33    43.16   133.02    83.04   124.86   -82.70
D   C   48    -55.31   153.45    50.03    86.61    43.40  -117.94  -148.68
D   G   49    105.29  -179.98    54.48    85.63  -153.99   -67.82  -178.80
D   C   50    -64.04  -177.34    45.98    82.97  -150.43   -59.56  -171.91
D   G   51    -74.65  -173.55    51.02    80.94  -169.52   -57.62  -159.07
D   G   52    -76.48  -175.79    44.85    80.41  -169.26   -62.78  -159.35
D   G   53    -76.29   164.41    84.76    81.04  -121.11   -84.02   176.76
D 5MU   54    -46.45   169.58    40.77    82.57  -136.94   -79.01  -173.07
D PSU   55    -42.16   165.43    42.30    84.98  -132.91   -86.42 -9999.99
D   C   56    140.83  -178.01    69.61    86.85  -123.64   -83.22  -175.61
D   G   57    -44.09   157.95    44.82    82.45  -143.51   -58.23  -162.09
D   A   58    -60.32  -123.83    52.81   148.94  -114.87  -170.62   -66.50
D   G   59     92.07  -153.05    64.71    88.30  -147.89   -51.87  -176.00
D   U   60    -62.79  -168.78    54.08   142.53  -109.59   -67.61  -113.61
D   C   61   -108.35  -166.69    59.35    85.30  -142.02   -77.72  -175.16
D   C   62    -54.69   178.41    39.97    84.72  -153.75   -75.35  -159.21
D   C   63    -77.11   179.73    53.60    83.92  -164.61   -74.63  -149.63
D   G   64    -54.85   177.64    43.00    79.16  -132.78   -79.01  -159.24
D PSU   65    -70.04   165.09    63.35    89.40  -158.42   -87.00 -9999.99
D   C   66    -47.28   162.13    51.26    84.86  -128.26   -90.81  -169.82
D   C   67    -41.75   148.11    45.39    85.96  -164.41   -53.30  -172.24
D   G   68    -89.59  -169.86    62.12    77.42  -146.07   -96.76  -163.44
D   U   69    -50.02   140.88    61.11    85.24  -127.83  -110.19   178.08
D   U   70    -54.56   145.39    35.94    73.37  -153.67  -111.96  -158.31
D   C   71    -24.95   156.58    39.46    86.17  -127.82   -54.92  -162.18
D   C   72    -57.55   169.80    53.80    82.36 -9999.99 -9999.99  -155.78
