BEGIN_base-pair
     7_66, I:     7 G-C    67 I: +/+ cis         XIX
     8_14, I:     8 U-A    14 I: W/H tran        XXIV
    10_24, I:    10 G-A    25 I: W/W cis         VIII
    10_25, I:    10 G-C    26 I: +/+ cis         XIX
    10_25,-
7_66_8_14_10_24_10_25_0, click this line to see above pattern
0_0,---------
    10_25, I:    10 G-C    26 I: +/+ cis         XIX
    11_24, I:    11 U-A    25 I: W/W cis         n/a
    12_21, I:    12 G-A    22 I: W/W cis         VIII
    13_21, I:    13 U-A    22 I: W/W cis         n/a
    15_48, I:    15 G-C    49 I: W/W tran        XXII
    16_59, I:    16 C-A    60 I: W/W tran        XXVI
    17_55, I:    18 G-U    56 I: W/S tran        n/a
    26_44, I:    27 G-A    45 I: W/W cis         VIII
    27_43, I:    28 U-A    44 I: -/- cis         XX
    27_43,-
10_25_11_24_12_21_13_21_15_48_16_59_17_55_26_44_27_43_0, click this line to see above pattern
0_0,---------
END_base-pair
