The backbone torsional angle for nucleic acid 

 
Note: alpha:   O3'(i-1)-P-O5'-C5'
      beta:    P-O5'-C5'-C4'
      gamma:   O5'-C5'-C4'-C3'
      delta:   C5'-C4'-C3'-O3'
      epsilon: C4'-C3'-O3'-P(i+1)
      zeta:    C3'-O3'-P(i+1)-O5'(i+1)

      chi for pyrimidines(Y): O4'-C1'-N1-C2
          chi for purines(R): O4'-C1'-N9-C4

    (The number -9999.99 means that the angle can not be calculated) 

Ch Res  Num    alpha    beta     gamma    delta  epsilon    zeta     chi
I   G    1  -9999.99 -9999.99   -84.84    94.53  -140.59   -62.51  -176.26
I   U    2    -72.70   178.82    61.01    77.18  -150.70   -65.07  -170.17
I   C    3    -70.39   179.73    52.89    77.06  -147.91   -80.41  -157.74
I   U    4    -67.78   162.00    63.92    75.62  -149.96   -70.43  -155.23
I   C    5    -72.81   178.87    56.20    80.27  -157.40   -65.80  -156.05
I   C    6    -78.25   170.86    77.47    78.88  -159.66   -68.68  -160.47
I   G    7    -80.71  -164.83    68.34   110.02    67.42   134.15  -124.23
I   U    8    -46.41   146.00     2.43    80.70  -159.61  -100.34  -153.49
I   A    9    -55.52  -136.11    37.33   139.52   -80.82  -141.62   -58.13
I   G   10    143.84  -122.13    71.35    84.69  -164.06   -64.29   179.68
I   U   11   -121.46  -169.02   104.05    80.03  -161.66   -59.14  -172.01
I   G   12    142.53   178.88  -175.50    88.00  -102.07   -98.77  -176.97
I   U   13     88.34  -122.86  -138.70    82.77  -150.63   -57.01  -173.95
I   A   14    -75.50  -174.38    62.13    78.34  -154.40   -58.06  -161.75
I   G   15    -87.46   169.72    73.34    82.92  -104.44  -141.46  -148.56
I   C   16    -61.04   117.83    64.45    88.26 -9999.99 -9999.99  -116.41
I   G   18  -9999.99    70.41   158.71   148.35  -135.10  -126.62  -124.07
I   G   19   -170.03  -170.13   164.11   155.49  -112.02    56.80  -126.91
I   U   20    158.38   106.74    72.84    87.36  -155.36  -142.19    79.15
I   U   21     90.86  -171.32    88.74    81.80  -149.19  -169.80  -113.74
I   A   22     70.88  -130.86  -164.62    83.43  -146.99   -62.63  -152.03
I   U   23    -71.88   174.22    56.31    73.06  -161.16   -71.72  -155.75
I   C   24    -68.08   173.22    58.07    72.39  -137.97   -68.43  -152.19
I   A   25    -68.89   157.36    63.63    76.37  -104.21   -97.07  -164.93
I   C   26    -67.37   106.19   104.43    77.15  -139.98   -53.81  -171.17
I   G   27    -70.20   170.26    51.33    73.24  -144.80   -56.88  -165.07
I   U   28    -66.91  -179.04    49.36    70.38  -147.61   -74.40  -158.55
I   U   29    -57.56   164.95    53.86    75.08  -149.42   -75.65  -151.04
I   C   30    -65.20   159.57    63.01    77.40  -102.02  -103.93  -149.70
I   G   31     62.46  -122.68  -127.02    95.99  -118.59   -74.68   175.05
I   C   32    -62.03   162.58    54.76    81.66  -141.93   -48.79  -165.55
I   C   33    -81.74  -167.09    44.95    78.83  -143.75   -70.44  -140.84
I   U   34    -68.97   170.08    58.05    77.80  -140.01   -59.36  -150.71
I   A   35   -168.07   149.37    36.02    84.59  -130.10   -76.87  -164.43
I   A   36    -69.51   159.31    58.16    76.72  -154.36   -43.63  -161.51
I   C   37   -150.68   142.17   147.58    84.29  -128.14   -72.43  -169.05
I   A   38    -65.97   172.84    53.52    84.25  -137.55   -60.92  -169.28
I   C   39    -65.06   168.65    55.37    77.25  -136.97   -64.69  -157.70
I   G   40    -62.84   166.17    56.75    79.10  -141.88   -74.24  -167.40
I   C   41    -58.30   164.59    49.75    73.63  -142.57   -69.42  -152.72
I   G   42    -61.70   174.35    50.23    75.73  -166.81   -77.69  -161.07
I   A   43    136.85  -164.64  -166.69    85.64  -143.96   -68.13  -179.96
I   A   44    -60.39   176.35    73.13   139.09  -148.35   -60.30  -138.31
I   A   45   -135.41    83.51   151.93    83.71  -110.73   -85.18  -161.87
I   G   46    -65.90   126.93    92.76    88.44  -119.24   -93.28  -166.14
I   G   47     70.95   127.27   -58.90   142.82   -85.15  -116.77   -52.00
I   U   48     43.26  -155.27    40.27   132.47  -154.72    54.82  -136.48
I   C   49    -98.74  -119.01    79.42   128.09  -142.36    80.80  -121.70
I   C   50     61.66   154.66    27.54    87.62  -137.56   -71.77  -170.98
I   U   51    -63.48   174.16    47.36    78.95  -141.95   -77.11  -159.64
I   C   52    -60.65   169.58    48.34    73.87  -156.13   -61.67  -158.14
I   G   53   -110.70   167.33    98.61    73.78  -149.38   -78.90  -176.31
I   G   54    -54.66   162.91    67.70    81.34  -141.72   -64.34  -175.65
I   U   55    -62.83   179.39    40.81    73.70  -125.18   -54.65  -159.65
I   U   56    -60.01   165.61    55.84    64.75  -107.68   -66.16  -159.53
I   C   57   -174.32   112.07    54.81    79.24  -110.52   -67.06   147.13
I   G   58    169.43   165.91   178.29    86.82  -140.77   -64.72  -153.32
I   A   59     92.36   158.42   -74.54   146.54   -82.75  -149.29   -92.90
I   A   60     50.79  -132.03    94.70    84.36  -170.61   -67.90  -151.99
I   A   61    176.36  -143.19   144.13    85.48   171.49    80.44  -155.82
I   C   62   -135.13  -169.14     8.49    83.64  -154.31   -62.53  -164.19
I   C   63    -74.94   175.54    66.72    76.96  -148.38   -69.89  -168.59
I   G   64    -67.65   178.13    53.67    78.48  -148.08   -70.09  -163.87
I   G   65    -99.51   154.29   100.72    75.83  -129.03   -66.28  -178.01
I   G   66    -78.11   163.38    73.33    76.16  -149.51   -69.95  -175.31
I   C   67    -68.08   171.55    59.44    73.69  -128.69   -83.72  -162.03
I   G   68    -61.48   151.17    58.46    76.38  -152.83   -68.39  -162.30
I   G   69    -71.94   173.19    64.64    78.00  -154.42   -62.41  -164.31
I   A   70    -77.14  -167.40    46.34    76.29  -157.20   -84.23  -151.91
I   A   71    146.17  -161.84   178.30    85.64  -134.23   -70.50  -174.26
I   A   72    -62.56   169.42    55.13    80.49  -148.23   -67.94  -169.48
I   C   73    -70.18  -178.74    58.40    78.14  -166.50   -72.14  -151.10
I   A   74    147.83  -164.09  -173.70    87.24  -137.91   -65.83  -175.92
I   C   75    -69.53   173.75    56.81    86.26   -87.60  -139.31  -157.25
I   C   76    -36.94   166.31    71.54   145.69  -149.05   126.41     7.98
I   A   77     14.81   159.78    24.85   140.83 -9999.99 -9999.99   -68.25
