The backbone torsional angle for nucleic acid 

 
Note: alpha:   O3'(i-1)-P-O5'-C5'
      beta:    P-O5'-C5'-C4'
      gamma:   O5'-C5'-C4'-C3'
      delta:   C5'-C4'-C3'-O3'
      epsilon: C4'-C3'-O3'-P(i+1)
      zeta:    C3'-O3'-P(i+1)-O5'(i+1)

      chi for pyrimidines(Y): O4'-C1'-N1-C2
          chi for purines(R): O4'-C1'-N9-C4

    (The number -9999.99 means that the angle can not be calculated) 

Ch Res  Num    alpha    beta     gamma    delta  epsilon    zeta     chi
B   G    1  -9999.99 -9999.99   -66.49   101.63  -149.69   -56.08   176.97
B   G    2    164.92   162.90   162.43    94.16  -143.58   -57.86   178.03
B   C    3    -71.71  -166.21    44.69    74.35  -151.73   -47.60  -159.23
B   U    4   -124.38   127.53   153.41    88.07   -94.29  -106.95  -175.20
B   A    5    -49.09   134.66    46.85    84.24  -167.85   -74.78  -149.42
B   C    6    177.50  -171.46   152.43    85.73  -158.29   -66.78  -170.75
B   G    7   -120.78  -143.64    76.22    71.35    41.79   175.83  -167.65
B   U    8     -4.50   176.22    17.61    80.34  -149.83   -74.89  -143.99
B   A    9    -71.19  -142.72    28.33   144.80   -94.01   -79.55   -76.47
B   G   10   -155.23   131.77    37.77    79.50  -140.53   -71.62   178.57
B   C   11    -65.44  -172.25    49.38    80.64  -151.42   -61.59  -173.96
B   U   12    -79.19  -174.70    55.84    81.64  -175.30   -65.32  -155.81
B   C   13    164.86  -146.27   153.72    88.55  -113.60  -101.35  -170.38
B   A   14     44.98  -101.57   -83.19    84.23  -172.90    52.95  -175.16
B   G   15   -146.30    90.48   148.75    81.43  -171.97    48.58  -174.32
B   U   16   -100.72   164.38    65.68    80.15  -121.46   -43.41  -138.12
B   U   17   -177.42   119.53   179.07    90.11  -101.47    89.69  -130.99
B   G   18   -166.78   164.57  -173.32   144.72  -145.81   -65.05   176.20
B   G   19    109.35   176.39  -112.80    77.21   -58.25  -166.57  -149.48
B   U   20    -68.72   178.63   167.93   148.46  -149.11  -154.24    48.24
B   A   21    129.02   -71.65  -107.74    78.83   139.43    44.05   -83.91
B   G   22    133.66    62.15   124.94    85.57   164.35   -27.13  -171.41
B   A   23    154.33   118.96  -158.06   111.16   -88.13   -91.64  -166.35
B   G   24    -81.89    89.17   117.28   112.90  -147.30   -54.06  -172.83
B   C   25    121.39   178.32  -157.98    85.93   -97.19   -97.65  -171.99
B   A   26   -106.56   141.91    84.60    97.71  -145.44   -61.21  -172.37
B   C   27    -85.10   177.22    74.76    81.03  -141.24   -89.01  -168.86
B   A   28   -161.57  -161.13   112.75    82.21  -162.07   -67.21  -165.59
B   U   29    -79.72  -163.51    56.45    79.00  -172.72   -83.60  -150.09
B   C   30    165.67  -146.99   158.80    72.82  -148.57   -47.64  -168.53
B   A   31    -78.19  -168.60    68.81   107.62  -124.86  -105.10  -149.51
B   C   32    148.95  -165.35   148.83   108.32  -134.92   -65.08   176.47
B   U   33    -83.27   175.42    67.14    66.53  -140.56  -109.48  -157.38
B   C   34     56.38   142.58  -155.47   104.45  -109.37   -62.26   170.04
B   A   35    -97.51   169.69    79.41    75.37  -144.31   -78.07  -141.91
B   U   36    -48.55   171.90    35.21    68.69  -154.52   -74.34  -151.34
B   A   37    -74.82   160.44    91.74   100.56  -161.01   -74.09  -165.15
B   A   38    169.92  -158.93   154.33    85.29  -144.56   -46.13  -162.58
B   U   39    168.12  -167.41   144.79    82.59  -139.15   -73.81  -157.28
B   G   40    -79.08   177.75    64.56    73.99  -151.17   -59.28  -170.51
B   A   41    -77.01  -157.38    64.66   139.16   172.24   -98.03  -131.96
B   U   42    156.34   161.70   177.16    96.03   -81.96   -34.06  -164.81
B   G   43   -111.56    68.72   148.20    82.28  -151.14   -68.64  -164.64
B   G   44    -72.04   168.86    70.20    90.22   -76.35  -139.52  -162.02
B   G   45    -35.52   126.14    50.37    96.90  -141.17   -37.48  -122.02
B   G   46   -133.12    94.22  -172.31   145.71  -154.84    30.25  -147.80
B   U   47   -164.97   141.53  -176.67   143.52  -127.68    66.69  -131.24
B   C   48     64.56  -177.61   -53.93   144.33  -143.76    95.77  -116.14
B   A   49     43.95   135.79    73.18    88.57  -140.84   -68.74   174.35
B   C   50    168.10   160.84   168.80    89.39  -132.28   -56.89  -174.80
B   A   51    159.61  -142.39   163.62    83.82  -147.63   -46.38    37.38
B   G   52   -151.35    90.31   153.05    88.49  -145.51   -68.70   176.70
B   G   53    176.99   174.44   161.77    93.68  -141.19   -73.16  -172.43
B   U   54    -87.01   177.47    64.22    79.83  -145.96   -67.89  -164.24
B   U   55   -128.19  -157.18    92.94    78.90  -127.44   -49.66  -154.04
B   C   56    -99.89  -136.85   -82.46    86.82  -116.73   -34.86  -161.91
B   G   57    -74.94   175.54    75.21   126.63  -140.00   -48.26  -176.36
B   A   58    163.69   108.35  -147.20   143.92   -98.46   -83.95  -119.56
B   A   59    -35.72  -117.74   167.29    78.83  -175.18    30.94   116.31
B   U   60     84.05   162.11  -170.21   146.25   -94.94   -77.10  -155.03
B   C   61    147.49  -179.15   153.11    92.19  -113.76  -106.52   178.06
B   C   62    -36.63   146.82    38.55    83.81  -132.99   -29.70  -164.75
B   C   63   -126.72   162.48   158.59    83.48  -103.56   -83.35  -165.74
B   G   64   -166.51   138.58    80.38    87.72  -116.01  -112.65   165.92
B   U   65    -52.43   124.01    80.07    88.70  -157.92   -54.51   177.32
B   C   66   -114.51  -168.97   100.21    98.80  -149.42   -41.83  -174.17
B   G   67   -149.23   149.27   109.71    80.12  -125.43  -120.02  -172.02
B   U   68    -24.28   129.76    41.11   108.05  -139.00   -98.57  -163.53
B   A   69     76.66  -148.10  -124.61   104.52  -165.56   -99.88  -130.15
B   G   70    110.36  -162.41  -147.34    94.19  -127.85   -62.18  -179.33
B   C   71    -64.79   172.15    56.09    74.77  -143.23   -71.03  -168.87
B   C   72    -92.03   155.71    90.20    74.22  -119.82   -86.93  -176.60
B   A   73    -58.24   139.33    72.75    75.97  -111.02   -81.61   177.85
B   C   74    -69.73   159.99    61.29    74.11  -122.32   -61.59  -155.17
B   C   75    -61.63   158.05    66.46    81.97  -146.88   120.09  -157.26
B   A   76    -84.00   150.61    45.18   135.97 -9999.99 -9999.99  -136.92
