The backbone torsional angle for nucleic acid 

 
Note: alpha:   O3'(i-1)-P-O5'-C5'
      beta:    P-O5'-C5'-C4'
      gamma:   O5'-C5'-C4'-C3'
      delta:   C5'-C4'-C3'-O3'
      epsilon: C4'-C3'-O3'-P(i+1)
      zeta:    C3'-O3'-P(i+1)-O5'(i+1)

      chi for pyrimidines(Y): O4'-C1'-N1-C2
          chi for purines(R): O4'-C1'-N9-C4

    (The number -9999.99 means that the angle can not be calculated) 

Ch Res  Num    alpha    beta     gamma    delta  epsilon    zeta     chi
C   U    1  -9999.99   128.32    -7.21    81.90  -154.82   -75.41  -165.39
C   C    2    -66.91   179.68    53.29    80.44  -146.94   -77.92  -159.36
C   C    3    -59.44   165.39    54.36    78.25  -139.94   -81.13  -158.00
C   G    4    -53.93   162.75    47.27    78.93  -147.33   -79.01  -163.66
C   A    5    -59.16   163.19    56.09    78.58  -147.12   -79.71  -166.67
C   U    6    -56.30   164.57    55.59    78.18  -135.09   -98.62  -164.86
C   A    7    -41.63   149.51    65.45   142.83   -91.67   -45.97  -139.82
C   U    8    -88.13  -162.55    64.13    80.52  -120.96  -136.93  -143.60
C   A    9     61.55  -174.92   -74.19   148.24   -99.67   -95.08   -82.44
C   G   10    173.56  -143.76    50.37    81.75  -121.13  -118.17  -167.00
C   C   11    -17.05   131.95    34.30    77.95  -131.72   -88.33  -155.18
C   G   12    -56.66   153.66    57.71    80.60  -143.34   -71.94  -167.08
C   U   13    -62.85   165.17    59.45    81.44  -155.64   -86.51  -164.26
C   A   14    -55.93   172.01    47.46    78.20  -141.94   -81.00  -178.63
C   A   15    -53.49   155.69    80.09   144.83  -146.14   -13.12  -152.55
C   C   16    139.80   107.52    27.73   146.13  -124.46  -137.16  -153.00
C   G   17     12.01   119.71  -157.23   146.34  -141.36  -105.90  -113.16
C   G   18   -118.10  -135.83    65.76   145.53  -101.38    99.71   -59.76
C   C   19    -94.45  -113.94   163.92   147.51  -145.44  -176.61   -86.22
C   U   20     38.54    96.98  -172.68    82.23  -147.60  -155.49  -151.03
C   A   21    -82.69   142.68    19.88    83.90  -118.08  -172.30   173.48
C   U   22    -43.23   126.15    45.75    83.88  -173.14   -86.95  -151.13
C   C   23    172.28  -129.91   142.57    80.36   -93.35  -118.68  -160.81
C   A   24    -53.58   147.12    33.95    83.25  -153.78   -80.25  -147.16
C   C   25    -62.92   162.53    60.71    81.32  -139.23   -80.88  -148.52
C   A   26    -56.00   165.16    52.91    82.37  -144.60   -54.56   167.02
C   U   27    -85.32  -158.69    60.72   145.93  -159.42  -102.98  -120.09
C   C   28   -101.02  -166.93    37.85    77.85  -154.49   -72.27  -160.19
C   A   29    -74.73   169.98    64.62    82.07  -152.95   -74.82  -166.76
C   C   30    -67.70   178.52    54.22    84.21  -173.32   -94.46  -150.14
C   G   31    171.48  -134.47   143.91    80.23   -98.61  -119.43  -161.74
C   C   32    101.44   -81.33  -150.30    77.49  -152.44    96.06  -159.06
C   U   33    -81.65  -101.36   179.15    84.62  -143.44   -59.24  -155.58
C   U   34    178.57   167.53    47.35    81.12  -129.69   -98.76    44.94
C   U   35    -74.79   166.76    65.04   129.73    62.42    78.86  -104.21
C   C   36   -142.01  -163.25   -16.35    78.84  -164.46    59.65  -159.09
C   A   37    -98.81   -89.75   -67.07   151.92   -65.22  -165.51   -48.14
C   C   38    -20.84   -73.02  -150.92    82.57  -137.10   -19.60  -151.73
C   C   39   -100.18  -156.96    60.44    80.16  -152.60   -75.53  -165.60
C   G   40    -67.90   162.48    71.54    80.91  -155.43   -73.66  -162.91
C   U   41    -65.85   167.82    63.34    80.29  -161.90   -90.62  -157.42
C   G   42    158.11  -143.43   159.55    81.44  -122.87   -63.50  -176.52
C   G   43    179.92   156.29   150.77    83.05  -150.86   -82.19  -156.47
C   A   44    -56.80   164.84    53.12    84.22  -103.28   -43.04  -148.50
C   G   45   -102.74    77.97   171.31    79.66   170.99   150.79  -162.21
C   A   46    -54.98   -92.50  -153.30    81.79  -148.10   -64.95  -119.44
C   C   47    -99.64   128.52   168.21   146.08  -163.97   110.17  -126.75
C   C   48    146.58   130.21   -45.77    79.10  -155.55   -82.95  -158.70
C   G   49    -56.89   166.89    56.19    80.80  -141.92   -82.12  -169.13
C   G   50    -54.03   165.44    46.92    80.49  -161.40   -87.78  -167.47
C   G   51    171.46  -151.67   152.51    82.80  -121.92   -89.00   175.77
C   G   52    -59.17   157.19    54.56    81.92  -149.12   -72.96  -172.45
C   U   53    -69.10   178.83    53.97    84.49  -106.25  -103.92  -156.77
C   U   54    -53.66   129.11    62.47    82.22  -104.71  -126.44  -146.48
C   C   55    156.54  -145.42    44.91    82.80  -141.13   -50.42  -173.81
C   G   56    -83.07   171.64    66.73    81.95  -110.88  -127.27  -172.21
C   A   57    -40.53   164.56    79.55   148.20   -92.97  -170.79   -84.97
C   C   58    121.19  -162.34    41.75    81.46  -128.60   -45.18  -164.92
C   U   59    -80.58   167.83    88.69   141.90  -102.43   -59.41  -117.39
C   C   60    -84.47  -174.05    32.91    80.63  -151.10   -71.55  -164.71
C   C   61   -102.95   168.18    92.45    84.06  -150.97   -69.87  -167.57
C   C   62    -93.76  -165.39    60.07    84.36  -149.24   -71.66  -159.02
C   C   63    -70.17   168.64    58.52    79.72  -144.31   -80.36  -156.36
C   G   64    -59.13   160.84    60.13    79.58  -147.57   -83.05  -166.69
C   U   65    -50.23   162.28    51.14    79.19  -115.31   -95.58  -158.36
C   A   66    -44.58   149.27    39.38    77.57  -150.31   -84.94  -163.95
C   U   67    -52.03   162.53    53.67    79.01  -146.85   -84.82  -159.25
C   C   68    -51.72   160.71    51.69    77.17  -136.77   -91.83  -157.01
C   G   69    -41.55   157.23    37.72    78.10  -140.80   -91.12  -163.17
C   G   70    -44.54   154.54    45.99    78.97  -165.11   -86.75  -159.88
C   A   71    150.69  -139.54   173.76    84.72   -98.58  -106.17   175.75
C   G   72     84.57  -125.09  -132.17    84.69  -107.23  -105.74   174.25
C   C   73    -14.17   134.24    43.01   137.47   -76.52  -130.52  -122.09
C   C   74     34.67  -172.06    51.67    69.12   100.84    70.66  -145.51
C   A   75   -139.81   148.13   163.82    85.73 -9999.99 -9999.99   174.88
