PDB data file name: dataset/5on3.pdb_new
uncommon residue LSS  901  on chain A [#1] assigned to: g
uncommon residue 9YN  902  on chain A [#2] assigned to: a
uncommon residue LSS  901  on chain D [#81] assigned to: g
uncommon residue 9YN  902  on chain D [#82] assigned to: a
-----------------------------------------------------------
CRITERIA USED TO GENERATE BASE-PAIR: 
  3.40 --> upper H-bond length limits (ON..ON).
 26.00 --> max. distance between paired base origins.
  2.50 --> max. vertical distance between paired base origins.
 65.00 --> max. angle between paired bases [0-90].
  5.40 --> min. distance between RN9/YN1 atoms.
  8.00 --> max. distance criterion for helix break[0-12]
-----------------------------------------------------------
BASE-PAIR INSTRUCTIONS: 
Column 1 is rnaview assigned base numbers n1_n2, start from 1.
Column 2 & 3 are chain ID & residue number in input PDB file.
Column 4 is for base pair. The left & right are the bases as 
         identified by column 2 & 3 and 5 & 6.
Column 5 & 6 are residue number & chain ID in input PDB file.
Column 7 is for base pair annotation. The standard Watson-Crick
         (W.C.) pairs are annotated as -/- (AU,AT) or +/+ (GC).
         Other pairs are annotated as Leontis_Westhof Classification.
         The three edges: W(Watson-Crick); H(Hoogsteen); S(suger).
         e.g. W/H means the pair is edge of Watson-Crick & Hoogsteen.
Column 8 is glycosidic bond orientation (either cis or trans).
         e.g. 'W/H cis' means the pair is interaction on Watson-Crick
         and Hoogsteen side, glycosidic bond orientation is 'cis'.
Column 9 corresponds to Saenger Classification.

Other columns: 
        Syn sugar-base conformations are annotated as (syn).
        Stacked base pairs are annotated as (stack).
        Non-identified edges are annotated as (.) or (?)
        Tertiary interactions are marked by (!) in the line.
Reference:
Yang et al (2003) Nucleic Acids Research, Vol31,No13,p3450-3461.
-----------------------------------------------------------
BEGIN_base-pair
     3_76, B:     1 G-U    72 B: W/W cis         XXVIII
     4_75, B:     2 C-G    71 B: +/+ cis         XIX
     5_74, B:     3 C-G    70 B: +/+ cis         XIX
     5_75, B:     3 C-G    71 B:      stacked
     6_73, B:     4 C-G    69 B: +/+ cis         XIX
     7_72, B:     5 G-C    68 B: +/+ cis         XIX
     8_71, B:     6 G-C    67 B: +/+ cis         XIX
     9_70, B:     7 A-U    66 B: -/- cis         XX
    10_16, B:     8 U-A    14 B: W/H tran        XXIV
    11_14, B:     9 G-G    12 B: W/H cis    syn    VI
    12_28, B:    10 G-C    25 B: +/+ cis         XIX
    13_27, B:    11 U-A    24 B: -/- cis         XX
    14_26, B:    12 G-C    23 B: +/+ cis         XIX
    15_24, B:    13 G-G    21 B: W/S cis         n/a
    15_25, B:    13 G-A    22 B: S/H tran        XI
    16_23, B:    14 A-A    20 B: W/S cis         n/a
    17_52, B:    15 A-U    48 B: W/W tran        XXI
    20_59, B:    18 G-U    55 B: W/S tran        n/a
    21_60, B:    19 G-C    56 B: +/+ cis         XIX
    30_39, B:    27 A-U    43 B: -/- cis         XX
    31_38, B:    28 G-C    42 B: +/+ cis         XIX
    32_37, B:    29 G-C    41 B: +/+ cis         XIX
    33_36, B:    30 G-C    40 B: W/W cis         n/a
    34_35, B:    31 A-U    39 B: W/W cis         n/a
    41_50, B:    45 G-U    47 B: W/W cis         XXVIII
    42_49, B:    46 G-C    47 B: +/+ cis         XIX
    43_48, B:    47 C-G    47 B: +/+ cis         XIX
    44_47, B:    47 G-C    47 B: +/+ cis         XIX
    53_69, B:    49 G-C    65 B: +/+ cis         XIX
    54_68, B:    50 C-G    64 B: +/+ cis         XIX
    55_67, B:    51 G-C    63 B: +/+ cis         XIX
    56_66, B:    52 G-C    62 B: +/+ cis         XIX
    56_67, B:    52 G-C    63 B:      stacked
    57_65, B:    53 G-C    61 B: +/+ cis         XIX
    58_62, B:    54 U-A    58 B: W/H tran     syn  XXIV
   83_156, E:     1 G-U    72 E: W/W cis         XXVIII
   84_155, E:     2 C-G    71 E: +/+ cis         XIX
   85_154, E:     3 C-G    70 E: +/+ cis         XIX
   85_155, E:     3 C-G    71 E:      stacked
   86_153, E:     4 C-G    69 E: +/+ cis         XIX
   87_152, E:     5 G-C    68 E: +/+ cis         XIX
   88_151, E:     6 G-C    67 E: +/+ cis         XIX
   89_150, E:     7 A-U    66 E: -/- cis         XX
    90_96, E:     8 U-A    14 E: W/H tran        XXIV
    91_94, E:     9 G-G    12 E: W/H cis    syn    VI
   92_108, E:    10 G-C    25 E: +/+ cis         XIX
   93_107, E:    11 U-A    24 E: -/- cis         XX
   94_106, E:    12 G-C    23 E: +/+ cis         XIX
   95_104, E:    13 G-G    21 E: W/S cis         n/a
   95_105, E:    13 G-A    22 E: S/H tran        XI
   96_103, E:    14 A-A    20 E: W/S cis         n/a
   97_132, E:    15 A-U    48 E: W/W tran        XXI
  100_139, E:    18 G-U    55 E: W/S tran        n/a
  101_140, E:    19 G-C    56 E: +/+ cis    syn    XIX
  109_120, E:    26 A-C    44 E: W/W cis         n/a
  110_119, E:    27 A-U    43 E: -/- cis         XX
  111_118, E:    28 G-C    42 E: +/+ cis         XIX
  113_116, E:    30 G-C    40 E: +/+ cis         XIX
  113_117, E:    30 G-C    41 E:      stacked
  114_115, E:    31 A-U    39 E: -/- cis         XX
  121_130, E:    45 G-U    47 E: W/W cis         XXVIII
  122_129, E:    46 G-C    47 E: +/+ cis         XIX
  123_128, E:    47 C-G    47 E: +/+ cis         XIX
  124_127, E:    47 G-C    47 E: +/+ cis         XIX
  133_149, E:    49 G-C    65 E: +/+ cis         XIX
  134_148, E:    50 C-G    64 E: +/+ cis         XIX
  135_147, E:    51 G-C    63 E: +/+ cis         XIX
  136_146, E:    52 G-C    62 E: +/+ cis         XIX
  136_147, E:    52 G-C    63 E:      stacked
  137_145, E:    53 G-C    61 E: +/+ cis         XIX
  138_142, E:    54 U-A    58 E: W/H tran     syn  XXIV
  159_160, E:    75 C-A    76 E:      stacked
    11_26, B:     9 G-C    23 B: W/W cis    syn    !1H(b_b)
    24_51, B:    21 G-G    47 B: H/W tran        !1H(b_b).
   91_106, E:     9 G-C    23 E: W/W cis    syn    !1H(b_b)
  104_131, E:    21 G-G    47 E: H/W tran        !1H(b_b).
    10_23, B:     8 U-A    20 B: S/W tran        !(b_s)
   90_103, E:     8 U-A    20 E: S/W tran        !(b_s)
    21_22, B:    19 G-U    20 B: S/? cis         !(s_s)
    24_25, B:    21 G-A    22 B: S/S cis         !(s_s)
    78_79, B:    74 C-C    75 B: S/? cis         !(s_s)
  101_102, E:    19 G-U    20 E: S/. cis    syn    !(s_s)
  104_105, E:    21 G-A    22 E: S/S tran        !(s_s)
  158_159, E:    74 C-C    75 E: S/? cis         !(s_s)
END_base-pair

Summary of triplets and higher multiplets
BEGIN_multiplets
10_16_23_| [1 3]  B: 8 U  +  B: 14 A  +  B: 20 A
11_14_26_| [2 3]  B: 9 G  +  B: 12 G  +  B: 23 C
15_24_25_| [3 3]  B: 13 G  +  B: 21 G  +  B: 22 A
90_96_103_| [4 3]  E: 8 U  +  E: 14 A  +  E: 20 A
91_94_106_| [5 3]  E: 9 G  +  E: 12 G  +  E: 23 C
95_104_105_| [6 3]  E: 13 G  +  E: 21 G  +  E: 22 A
END_multiplets

  The total base pairs =  66 (from  160 bases)
------------------------------------------------
 Standard  WW--cis  WW-tran  HH--cis  HH-tran  SS--cis  SS-tran
       43        7        2        0        0        0        0
  WH--cis  WH-tran  WS--cis  WS-tran  HS--cis  HS-tran
        2        4        4        2        0        2
------------------------------------------------
