BEGIN_base-pair
   94_106, E:    12 G-C    23 E: +/+ cis         XIX
   95_104, E:    13 G-G    21 E: W/S cis         n/a
   95_105, E:    13 G-A    22 E: S/H tran        XI
   96_103, E:    14 A-A    20 E: W/S cis         n/a
   97_132, E:    15 A-U    48 E: W/W tran        XXI
  100_139, E:    18 G-U    55 E: W/S tran        n/a
  101_140, E:    19 G-C    56 E: +/+ cis    syn    XIX
  101_140,-
94_106_95_104_95_105_96_103_97_132_100_139_101_140_0, click this line to see above pattern
0_0,---------
    14_26, B:    12 G-C    23 B: +/+ cis         XIX
    15_24, B:    13 G-G    21 B: W/S cis         n/a
    15_25, B:    13 G-A    22 B: S/H tran        XI
    16_23, B:    14 A-A    20 B: W/S cis         n/a
    17_52, B:    15 A-U    48 B: W/W tran        XXI
    20_59, B:    18 G-U    55 B: W/S tran        n/a
    21_60, B:    19 G-C    56 B: +/+ cis         XIX
    21_60,-
14_26_15_24_15_25_16_23_17_52_20_59_21_60_0, click this line to see above pattern
0_0,---------
    57_65, B:    53 G-C    61 B: +/+ cis         XIX
    58_62, B:    54 U-A    58 B: W/H tran     syn  XXIV
   83_156, E:     1 G-U    72 E: W/W cis         XXVIII
   84_155, E:     2 C-G    71 E: +/+ cis         XIX
   84_155,-
57_65_58_62_83_156_84_155_0, click this line to see above pattern
0_0,---------
   89_150, E:     7 A-U    66 E: -/- cis         XX
    90_96, E:     8 U-A    14 E: W/H tran        XXIV
    91_94, E:     9 G-G    12 E: W/H cis    syn    VI
   92_108, E:    10 G-C    25 E: +/+ cis         XIX
   92_108,-
89_150_90_96_91_94_92_108_0, click this line to see above pattern
0_0,---------
    32_37, B:    29 G-C    41 B: +/+ cis         XIX
    33_36, B:    30 G-C    40 B: W/W cis         n/a
    34_35, B:    31 A-U    39 B: W/W cis         n/a
    41_50, B:    45 G-U    47 B: W/W cis         XXVIII
    42_49, B:    46 G-C    47 B: +/+ cis         XIX
    42_49,-
32_37_33_36_34_35_41_50_42_49_0, click this line to see above pattern
0_0,---------
     9_70, B:     7 A-U    66 B: -/- cis         XX
    10_16, B:     8 U-A    14 B: W/H tran        XXIV
    11_14, B:     9 G-G    12 B: W/H cis    syn    VI
    12_28, B:    10 G-C    25 B: +/+ cis         XIX
    12_28,-
9_70_10_16_11_14_12_28_0, click this line to see above pattern
0_0,---------
END_base-pair
