The backbone torsional angle for nucleic acid 

 
Note: alpha:   O3'(i-1)-P-O5'-C5'
      beta:    P-O5'-C5'-C4'
      gamma:   O5'-C5'-C4'-C3'
      delta:   C5'-C4'-C3'-O3'
      epsilon: C4'-C3'-O3'-P(i+1)
      zeta:    C3'-O3'-P(i+1)-O5'(i+1)

      chi for pyrimidines(Y): O4'-C1'-N1-C2
          chi for purines(R): O4'-C1'-N9-C4

    (The number -9999.99 means that the angle can not be calculated) 

Ch Res  Num    alpha    beta     gamma    delta  epsilon    zeta     chi
D   G    1  -9999.99   169.44   -59.63    82.03  -141.22  -134.41   -84.19
D   U    2    -88.33   166.06    53.99    78.59  -121.51   111.13  -169.03
D   C    3    153.24  -138.95    67.09    83.07  -126.21   175.65   -85.48
D   C    4    -54.24  -103.22  -168.69    79.14  -179.08   -63.96  -164.58
D   C    5    160.57  -170.25   176.17    78.94  -126.47   -17.18  -164.41
D   C    6   -147.46   117.45   175.87    80.08  -118.84   -72.58  -175.45
D   U    7    -53.67   168.90    61.46    87.64   106.47    74.68  -163.56
D   U    8    118.27  -133.12   174.98    78.39   -95.19  -108.54   156.36
D   C    9   -175.79   172.35   165.69    93.77   -75.21   -54.00  -131.40
D   G   10   -148.80   157.79    53.59    81.75  -132.17   -75.80   178.89
D   U   11    -62.26   156.36    56.93    77.45  -162.40   -61.89  -175.65
D   C   12    -95.43  -156.62    48.96    77.52  -165.28   -56.32  -165.15
D   U   13    153.54  -158.94  -176.14    80.65  -164.33   -63.12  -171.54
D   A   14    -71.93  -163.51    54.78    80.02  -143.50   -42.03  -168.44
D   G   15    -81.79   178.77    57.43    78.42    79.79  -173.03  -141.00
D   A   16   -108.52    57.37   166.33    80.69  -133.00   152.60   152.30
D   G   17    107.15  -163.53   -63.20    85.28   162.50   -85.30  -116.03
D   G   18   -172.51  -118.66   173.40    93.84  -113.92   -25.13  -147.92
D   C   19   -131.99  -132.79    70.11    79.62  -168.79    87.22  -131.44
D   C   20     95.13   167.12    62.57    96.33   -12.48    70.20  -143.75
D   C   20     61.64   131.04    52.59    71.59  -173.00   126.39  -153.72
D   A   21    -69.29   152.34    51.47    82.72  -100.22  -156.10   168.49
D   G   22    -64.56   132.02    47.73    75.48  -137.65   -78.68   178.87
D   G   23    -59.60   167.70    60.16    77.61  -163.49   -52.82  -160.02
D   A   24    -74.14  -174.19    51.78    79.34  -156.42   -59.63  -146.28
D   C   25    -85.16   170.68    58.82    77.92  -157.22   -55.60  -159.82
D   A   26    -64.79   173.12    59.58    78.32  -153.67   -49.89  -179.25
D   C   27    -84.58   174.43    60.83    74.85  -147.86   -60.41  -170.02
D   C   28    -79.41  -175.94    53.35    76.55  -155.01   -64.71  -154.45
D   G   29    -64.98   178.61    53.40    79.56  -161.70   -63.53  -166.81
D   C   30    -74.25   175.74    59.21    78.51  -164.19   -49.64  -168.34
D   C   31    -83.39  -173.15    56.84    77.11  -160.64   -48.63  -168.70
D   C   32    -79.34  -178.55    60.33    82.01  -125.95   -64.30  -175.22
D   U   33    -83.86   169.87    69.57    82.74  -119.96   -99.81  -160.27
D   U   34    -30.26   138.93   178.79    76.15    94.27    67.45   -97.42
D   U   35     32.03   150.50   -55.01    94.38  -159.38   -45.25  -165.72
D   C   36    -85.64  -168.19    45.03    79.49   166.97     2.39  -148.88
D   A   37    160.36   155.21   159.56    81.98  -140.58   -66.76  -179.33
D   C   38    -44.18   174.14    44.04    75.98  -160.87   -36.44    33.87
D   G   39    -86.51  -177.09    64.14    78.77  -159.32   -55.70   180.00
D   G   40    -71.20  -169.13    49.29    80.76  -160.62   -49.38  -164.26
D   C   41    -78.75  -178.08    56.97    76.79  -150.16   -65.01  -155.79
D   G   42    -76.43   160.28    68.75    77.31  -169.48   -64.37  -168.45
D   G   43    -76.51  -176.64    63.62    81.48  -163.58   -59.99  -169.08
D   U   44    -76.83  -168.36    55.74    78.67  -150.96   -53.99  -178.55
D   A   45    -65.90   174.18    57.74    84.15  -148.14   -87.37  -143.76
D   A   46    -66.05  -168.92    56.47    83.83  -159.81   -60.74  -122.98
D   C   47   -112.95   159.43   163.19    85.03   176.06   162.93  -143.31
D   A   49     13.26  -142.72    52.33    85.10  -149.98   -62.92  -165.09
D   G   50    -83.07  -179.40    59.52    82.09  -163.47   -58.60  -167.54
D   G   51    -87.92  -165.58    50.67    79.40   175.13   -72.43  -165.09
D   G   52    168.88  -144.97   161.33    77.10  -139.19   -85.85   177.84
D   G   53    127.78  -149.44  -163.76    80.94  -134.45   -65.60   178.21
D   U   54    -48.91   175.62    39.16    79.43  -138.51   -86.21  -158.67
D   U   55    140.39  -151.02   175.05    84.11  -105.21   -68.36  -149.78
D   C   56    158.71   174.49    53.61    78.96  -138.73   -66.61  -163.47
D   G   57    -66.12   176.35    59.43    87.47  -143.06  -125.85  -162.84
D   A   58     42.22   103.59    60.08    82.56  -165.05   -55.21  -127.72
D   A   59    161.28   125.24    53.73    79.04  -114.42   -76.58  -171.10
D   U   60    -52.69   146.32    75.72    81.09   169.79    59.27  -143.50
D   C   61   -169.10  -161.43    60.32    77.26  -151.00   -74.58  -175.25
D   C   62    -70.02   177.21    51.73    75.81  -158.95   -59.18  -159.09
D   C   63    -65.66   179.50    52.61    75.76  -145.82  -103.70  -159.56
D   C   64    129.73  -133.19   176.71    80.42   -95.18  -135.48  -170.50
D   U   65    138.32  -135.69   163.30    86.87  -129.70  -104.86  -126.21
D   A   66    165.10  -156.20   144.01    87.27  -151.20  -161.86   100.96
D   G   67   -142.78   -77.98   154.82    83.84  -149.91   -84.05   153.86
D   G   68    176.51  -150.05   162.16    80.41  -155.79   -39.74   170.05
D   G   69    158.37   153.52   178.81    79.77  -148.67   -94.01  -150.02
D   G   70    160.76  -150.22   162.49    82.60  -117.99   178.28  -144.46
D   A   71    -58.07  -123.10   -71.23    77.30  -167.37  -165.06  -150.65
D   C   72     73.39  -136.83    62.91    80.80  -169.48   -73.08  -175.04
D   G   73    150.12  -139.04   -68.29    76.42  -150.69  -111.39  -168.70
D   C   74   -132.71   173.35   -68.66    74.34 -9999.99 -9999.99  -157.92
D AMP  134  -9999.99  -178.75   108.65    84.52 -9999.99 -9999.99   177.63
