BEGIN_base-pair
     7_65, Q:     7 A-U    65 Q: -/- cis         XX
     9_23, Q:     9 A-U    23 Q: H/H tran   syn    n/a
    10_25, Q:    10 G-U    25 Q: W/W cis         XXVIII
    11_24, Q:    11 U-A    24 Q: -/- cis         XX
    11_24,-
7_65_9_23_10_25_11_24_0, click this line to see above pattern
0_0,---------
    29_41, Q:    29 U-A    41 Q: -/- cis         XX
    31_39, Q:    31 G-C    39 Q: W/W cis         n/a
    34_35, Q:    34 G-U    35 Q: S/H cis         n/a
    48_64, Q:    48 C-G    64 Q: +/+ cis         XIX
    48_64,-
29_41_31_39_34_35_48_64_0, click this line to see above pattern
0_0,---------
    11_24, Q:    11 U-A    24 Q: -/- cis         XX
    13_22, Q:    13 U-U    22 Q: W/W cis         XVI
    16_58, Q:    16 U-U    58 Q: W/W tran        XII,XIII
    17_54, Q:    17 G-U    54 Q: W/S tran        n/a
    18_55, Q:    18 G-C    55 Q: W/W cis    syn    n/a
    26_44, Q:    26 A-A    44 Q: W/W cis         n/a
    28_42, Q:    28 A-U    42 Q: -/- cis         XX
    28_42,-
11_24_13_22_16_58_17_54_18_55_26_44_28_42_0, click this line to see above pattern
0_0,---------
END_base-pair
