PDB data file name: tRNA_dataset/3wc1_chain_Q.pdb_new
-----------------------------------------------------------
CRITERIA USED TO GENERATE BASE-PAIR: 
  3.40 --> upper H-bond length limits (ON..ON).
 26.00 --> max. distance between paired base origins.
  2.50 --> max. vertical distance between paired base origins.
 65.00 --> max. angle between paired bases [0-90].
  5.40 --> min. distance between RN9/YN1 atoms.
  8.00 --> max. distance criterion for helix break[0-12]
-----------------------------------------------------------
BASE-PAIR INSTRUCTIONS: 
Column 1 is rnaview assigned base numbers n1_n2, start from 1.
Column 2 & 3 are chain ID & residue number in input PDB file.
Column 4 is for base pair. The left & right are the bases as 
         identified by column 2 & 3 and 5 & 6.
Column 5 & 6 are residue number & chain ID in input PDB file.
Column 7 is for base pair annotation. The standard Watson-Crick
         (W.C.) pairs are annotated as -/- (AU,AT) or +/+ (GC).
         Other pairs are annotated as Leontis_Westhof Classification.
         The three edges: W(Watson-Crick); H(Hoogsteen); S(suger).
         e.g. W/H means the pair is edge of Watson-Crick & Hoogsteen.
Column 8 is glycosidic bond orientation (either cis or trans).
         e.g. 'W/H cis' means the pair is interaction on Watson-Crick
         and Hoogsteen side, glycosidic bond orientation is 'cis'.
Column 9 corresponds to Saenger Classification.

Other columns: 
        Syn sugar-base conformations are annotated as (syn).
        Stacked base pairs are annotated as (stack).
        Non-identified edges are annotated as (.) or (?)
        Tertiary interactions are marked by (!) in the line.
Reference:
Yang et al (2003) Nucleic Acids Research, Vol31,No13,p3450-3461.
-----------------------------------------------------------
BEGIN_base-pair
     2_70, Q:     2 C-G    70 Q: W/W cis         n/a
     3_69, Q:     3 C-G    69 Q: +/+ cis         XIX
     4_68, Q:     4 A-U    68 Q: -/- cis         XX
     6_66, Q:     6 C-G    66 Q: +/+ cis         XIX
     6_67, Q:     6 C-A    67 Q:      stacked
     7_65, Q:     7 A-U    65 Q: -/- cis         XX
     9_23, Q:     9 A-U    23 Q: H/H tran   syn    n/a
    10_25, Q:    10 G-U    25 Q: W/W cis         XXVIII
    11_24, Q:    11 U-A    24 Q: -/- cis         XX
    13_22, Q:    13 U-U    22 Q: W/W cis         XVI
    16_58, Q:    16 U-U    58 Q: W/W tran        XII,XIII
    17_54, Q:    17 G-U    54 Q: W/S tran        n/a
    18_55, Q:    18 G-C    55 Q: W/W cis    syn    n/a
    26_44, Q:    26 A-A    44 Q: W/W cis         n/a
    28_42, Q:    28 A-U    42 Q: -/- cis         XX
    29_41, Q:    29 U-A    41 Q: -/- cis         XX
    31_32, Q:    31 G-U    32 Q:      stacked
    31_39, Q:    31 G-C    39 Q: W/W cis         n/a
    31_40, Q:    31 G-G    40 Q:      stacked
    34_35, Q:    34 G-U    35 Q: S/H cis         n/a
    47_58, Q:    47 C-U    58 Q:      stacked
    48_64, Q:    48 C-G    64 Q: +/+ cis         XIX
    49_50, Q:    49 C-A    50 Q:      stacked
    49_63, Q:    49 C-G    63 Q: +/+ cis         XIX
    50_62, Q:    50 A-U    62 Q: -/- cis         XX
    51_61, Q:    51 A-U    61 Q: -/- cis         XX
    51_62, Q:    51 A-U    62 Q:      stacked
    52_60, Q:    52 G-C    60 Q: +/+ cis         XIX
    52_61, Q:    52 G-U    61 Q:      stacked
    53_57, Q:    53 U-A    57 Q: W/H tran     syn  XXIV
    72_73, Q:    72 A-C    73 Q:      stacked
     9_12, Q:     9 A-A    12 Q: H/W cis    syn    !1H(b_b).
    16_18, Q:    16 U-G    18 Q: S/? tran     syn  !(b_s)
    54_56, Q:    54 U-G    56 Q: S/H tran        !(b_s)
      7_8, Q:     7 A-U     8 Q: S/H cis         !(s_s)
     8_46, Q:     8 U-A    46 Q: s/S cis         !(s_s)
    15_21, Q:    15 G-A    21 Q: W/S cis         !(s_s)
    18_19, Q:    18 G-U    19 Q: S/? cis    syn    !(s_s)
    20_21, Q:    20 C-A    21 Q: S/S tran   syn    !(s_s)
    22_46, Q:    22 U-A    46 Q: H/W tran        !(s_s)
    33_34, Q:    33 U-G    34 Q: S/S tran        !(s_s)
END_base-pair
  The total base pairs =  23 (from   73 bases)
------------------------------------------------
 Standard  WW--cis  WW-tran  HH--cis  HH-tran  SS--cis  SS-tran
       12        6        1        0        1        0        0
  WH--cis  WH-tran  WS--cis  WS-tran  HS--cis  HS-tran
        0        1        0        1        1        0
------------------------------------------------
