The backbone torsional angle for nucleic acid 

 
Note: alpha:   O3'(i-1)-P-O5'-C5'
      beta:    P-O5'-C5'-C4'
      gamma:   O5'-C5'-C4'-C3'
      delta:   C5'-C4'-C3'-O3'
      epsilon: C4'-C3'-O3'-P(i+1)
      zeta:    C3'-O3'-P(i+1)-O5'(i+1)

      chi for pyrimidines(Y): O4'-C1'-N1-C2
          chi for purines(R): O4'-C1'-N9-C4

    (The number -9999.99 means that the angle can not be calculated) 

Ch Res  Num    alpha    beta     gamma    delta  epsilon    zeta     chi
Q   G    1  -9999.99   174.05   -76.91    79.50  -168.70   -60.13  -165.44
Q   C    2    -88.54  -164.72    59.33    82.54  -154.37   -71.96  -148.28
Q   C    3    -66.34   174.08    52.21    77.32  -157.40   -73.38  -166.67
Q   A    4    -60.32   173.75    51.39    79.31  -141.97   -71.69  -169.88
Q   U    5    -61.45   167.47    54.99    81.31  -146.77   -72.89  -166.19
Q   C    6    -62.50   168.47    62.04    79.88  -155.00   -75.20  -166.46
Q   A    7    -66.02   167.87    87.31   138.55   -81.90   -70.07  -151.74
Q   U    8    -59.86  -148.75    50.09    84.33  -168.00   -90.91  -166.98
Q   A    9    -56.86  -154.95    51.28   137.83   -90.52   -73.63   -82.44
Q   G   10   -166.34   170.49    43.16    80.46  -147.77   -69.45  -176.89
Q   U   11    -63.24   173.16    58.99    80.45  -149.52   -63.84  -163.56
Q   A   12    -64.50   171.12    52.41    78.76  -164.69   -79.61  -167.17
Q   U   13    161.49  -139.64   172.62    80.19  -147.33   -81.64  -173.31
Q   A   14    161.19   167.56   170.01    81.18  -132.64   -74.08  -177.81
Q   G   15    -60.95   166.14    55.60    82.21  -156.02   -85.70  -160.57
Q   U   16    -64.93   175.92    56.63    78.93  -155.66   -74.12  -162.56
Q   G   17   -174.37   175.28   -70.74   131.85   -82.73  -164.60  -126.72
Q   G   18    -75.51   176.36    39.39   142.48  -150.78  -152.58   -80.54
Q   U   19    -76.49  -177.40   135.15   150.30   -92.36   -76.36  -156.78
Q   C   20    -57.06   165.67   -66.11   142.89  -117.27   -92.30   -84.33
Q   A   21     67.43   157.97    49.64    77.25  -164.92   -83.13  -171.21
Q   U   22   -152.03   155.28   178.28    80.81  -129.30   -69.40  -178.75
Q   U   23    -64.88   168.76    50.07    79.88  -150.93   -73.08  -158.57
Q   A   24    -58.95   169.98    54.82    79.09  -158.66   -77.89  -165.62
Q   U   25    155.38  -157.97   166.82    82.10  -136.21   -68.25  -170.77
Q   A   26    -63.71   172.34    48.25    78.84  -140.00   -70.75  -167.07
Q   A   27    -64.71   176.25    53.20    83.30  -148.64   -78.20  -164.02
Q   A   28    -65.49  -178.91    49.24    83.95  -140.80   -80.77  -167.32
Q   U   29    -67.47   171.53    58.01    79.11  -152.09   -70.25  -153.81
Q   C   30    -63.84   170.25    55.34    74.49  -148.07   -67.96  -160.69
Q   G   31    -61.62   177.00    51.37    79.51  -148.80   -76.26  -165.61
Q   U   32    -62.13   171.03    54.93    77.07  -140.58   -65.76  -162.10
Q   U   33    -56.55   171.31    74.02   144.27  -164.92   -89.35  -156.53
Q   G   34    179.42   163.88    32.28   154.07  -125.24   -88.24  -120.27
Q   U   35   -158.52   111.96    95.55    81.86  -162.57   -69.42  -153.76
Q   G   36    174.64   175.65    47.88   138.22   -98.92   -79.91  -144.39
Q   G   37    -69.65  -156.44    47.81    87.64  -139.98   -77.62   177.36
Q   C   38    -66.60   179.83    54.42    82.70  -139.28   -65.00  -164.47
Q   C   39    -67.11   177.11    49.96    81.09  -153.99   -76.75  -165.97
Q   G   40    -63.54   178.88    50.36    81.96  -141.67   -76.48  -165.70
Q   A   41    -63.96   167.52    60.62    82.48  -148.57   -76.37  -158.46
Q   U   42    -67.81   169.09    56.16    76.88  -150.04   -70.54  -163.91
Q   U   43    -60.00   170.52    56.22    76.02  -156.36   -76.57  -171.33
Q   A   44    -55.41   170.65    56.75    82.15  -133.92   -77.71  -171.76
Q   G   45    -60.77   171.69    54.94    83.29  -137.23   -91.37  -144.15
Q   A   46    -62.15   174.12    64.92    82.50  -156.76   -71.14  -150.96
Q   C   47    -72.96   155.49   130.68    85.33  -161.08   118.00  -161.68
Q   C   48     47.09   159.55    46.44    79.57  -144.76   -70.63  -163.75
Q   C   49    -66.05   172.32    55.08    78.83  -157.74   -70.21  -160.77
Q   A   50    154.18   178.37   171.80    81.19  -143.54   -73.63  -165.94
Q   A   51    -62.70   166.47    59.78    80.34  -153.47   -68.71  -157.47
Q   G   52    -63.74   169.82    52.26    80.21  -146.72   -68.17  -171.38
Q   U   53    -61.11   174.82    52.62    77.50  -126.21   -68.65  -164.52
Q   U   54    -61.46   169.64    45.34    75.69  -141.10   -78.78  -154.33
Q   C   55   -176.97   170.36    51.03    84.21  -139.44   -72.04  -163.08
Q   G   56    -63.58   165.27    50.21    78.85  -141.80   -61.64  -161.74
Q   A   57    -57.02  -133.76    54.95   143.93  -150.20   174.00   -84.69
Q   U   58    147.66  -143.95    47.26    79.39  -142.49   -74.33  -162.39
Q   U   59    -54.82   173.84    67.57   140.79  -108.38   -71.78  -141.44
Q   C   60    -69.70   171.04    40.70    78.10  -136.19   -76.78  -167.29
Q   U   61    -66.46   176.96    41.49    74.81  -147.43   -74.44  -164.58
Q   U   62    -57.53   173.09    52.29    78.40  -145.08   -77.28  -163.54
Q   G   63    -61.69   167.03    55.10    80.37  -151.52   -76.63  -167.81
Q   G   64    -60.80   173.03    50.21    80.23  -146.57   -72.14  -168.55
Q   U   65    -62.96   172.66    56.78    76.69  -144.37   -70.14  -164.85
Q   G   66    -63.36   173.38    56.10    82.29  -151.99   -74.43  -165.11
Q   A   67    -61.19   173.15    52.23    77.03  -156.31   -78.68  -169.01
Q   U   68    -58.98   167.24    59.65    77.15  -150.90   -71.85  -162.03
Q   G   69    -60.96   171.20    49.70    75.10  -147.17   -66.05  -173.17
Q   G   70   -107.15   165.30    99.37    75.84  -123.25   -80.68  -176.72
Q   C   71    -59.08   171.26    44.26    76.84  -146.09   -75.12  -162.19
Q   A   72    -61.01   169.59    66.68    84.51  -144.79   -75.02  -166.32
Q   C   73    161.64   173.35   167.81    83.05 -9999.99 -9999.99  -136.25
