The backbone torsional angle for nucleic acid 

 
Note: alpha:   O3'(i-1)-P-O5'-C5'
      beta:    P-O5'-C5'-C4'
      gamma:   O5'-C5'-C4'-C3'
      delta:   C5'-C4'-C3'-O3'
      epsilon: C4'-C3'-O3'-P(i+1)
      zeta:    C3'-O3'-P(i+1)-O5'(i+1)

      chi for pyrimidines(Y): O4'-C1'-N1-C2
          chi for purines(R): O4'-C1'-N9-C4

    (The number -9999.99 means that the angle can not be calculated) 

Ch Res  Num    alpha    beta     gamma    delta  epsilon    zeta     chi
E   U    1  -9999.99   171.90    31.34    85.71  -168.88   -95.73  -134.79
E   G    2    163.92  -129.22   151.75    76.57  -107.92  -103.99  -176.36
E   G    3    -46.83   144.70    45.97    75.48  -141.06   -77.31  -162.75
E   G    4    -48.96   162.85    53.52    77.45  -140.69   -90.86   178.53
E   A    5    -32.43   151.52    48.28    79.69  -156.48   -91.75  -151.38
E   G    6    135.32  -150.59  -170.99    79.12  -148.74   -54.32  -178.83
E   G    7    -50.20  -145.32    36.94   144.77  -140.23  -173.01  -119.02
E   U    8     99.78   126.79    33.11    73.95  -154.94   -95.35  -140.19
E   C    9   -176.04   138.78  -177.19   144.27   -89.05   -46.71  -129.99
E   G   10    176.07   176.26    64.54    88.14  -144.79   -62.93   176.76
E   U   11    -79.61  -168.70    52.56    83.08  -151.15   -97.87  -153.42
E   C   12    143.90  -150.38   174.88    77.58  -148.39   -53.31   179.78
E   U   13    -78.99  -170.08    61.51    86.88  -165.05   -57.25  -150.82
E   A   14   -158.51   150.08   151.83    81.87  -127.50   -76.05   173.81
E   A   15    -72.85   172.30    58.35    83.78   -75.72  -147.24  -170.00
E   C   16    -94.58  -126.32   -67.30    90.65  -159.11    43.95   172.58
E   G   18   -176.47   170.84   -55.60   145.95   -76.25  -177.91   -89.83
E   G   19    -97.80   163.59    57.23   144.54  -101.54  -177.94   -89.27
E   U   20    -52.98  -127.07    56.52   145.16  -117.07   -63.24  -113.62
E   A   21    -67.69  -179.89   164.96    87.62  -136.73  -152.07  -148.93
E   G   22     95.82  -123.03  -166.49    83.93  -146.97   -63.92  -177.29
E   G   23    -81.10  -175.84    60.26    76.99  -156.83   -66.73  -160.43
E   A   24    -68.75   178.08    52.21    84.34  -139.03   -75.34  -163.77
E   C   25    -78.93   162.33    59.52    71.70  -131.22  -105.29  -171.67
E   G   26     -2.90   135.16    36.86    77.99  -142.80   -57.18  -169.42
E   G   27    -71.36   174.47    57.11    80.62  -141.56   -72.18  -172.87
E   C   28    -59.14   177.84    37.79    75.89  -159.28   -55.76  -155.93
E   G   29    -62.97  -167.13    39.59    79.69  -174.40   -73.85  -158.12
E   G   30    167.07  -149.21   167.93    78.52  -146.88   -65.99  -176.25
E   A   31    -60.02   179.48    48.14    78.64  -149.66   -74.18  -154.76
E   C   32    -56.80   156.97    62.36    79.35  -160.30    62.63  -161.88
E   U   33     66.28   152.91   -48.58    92.93  -163.73   170.19  -131.87
E   C   34     77.45   165.53    65.96    85.45  -166.50  -100.51  -126.72
E   U   35    -56.92   156.12    61.01    83.00  -120.47   -95.58  -168.20
E   G   36     -6.83   145.12    33.61   143.61  -117.65   178.30  -108.44
E   G   37     88.09  -124.70    75.62   143.49   -97.55  -104.45  -132.48
E   A   38    -72.94  -171.19    58.26    84.63  -149.47   -59.50  -174.04
E   U   39    -80.98   172.35    63.15    79.02  -142.48   -81.61  -162.65
E   C   40    -62.94   164.57    58.27    84.14  -148.58   -74.58  -169.61
E   C   41    -67.07   172.57    59.67    82.20  -144.87   -83.11  -161.83
E   G   42    -73.42   165.53    60.49    77.19  -154.06   -69.12  -163.89
E   C   43    -61.24   170.94    58.50    80.87  -158.10   -67.99  -157.91
E   U   44    -55.59   167.11    57.82    91.20  -137.58   -61.62  -149.78
E   G   45    -77.44   162.80    61.39    83.37  -141.04   -93.60  -140.09
E   G   46    -70.42  -173.61    59.45    84.18  -155.03   -70.42  -130.43
E   U   48   -110.04   123.77   168.14   145.16  -139.93    55.65  -128.79
E   G   49     53.01   152.21    49.17    84.89  -152.22   -61.50  -173.76
E   G   50    -63.63  -171.03    46.73    84.30  -152.22   -70.60  -163.49
E   A   51    -65.78   173.44    48.85    75.18  -152.75   -90.78  -164.57
E   G   52    145.30  -144.24   175.89    87.91  -139.76   -71.03  -179.19
E   G   53    -53.08  -172.65    38.08    82.62  -155.89   -61.95  -167.20
E   U   54    -59.36  -175.51    43.76    82.55  -151.67   -77.36  -158.98
E   U   55    151.29  -146.72   167.67    76.43  -121.14   -55.91  -178.43
E   C   56    170.27   141.03    52.06    82.81  -121.46   -83.81  -175.61
E   G   57    -39.21   157.65    41.03    74.79  -137.01  -110.63  -163.96
E   A   58     44.85   147.21    17.90   145.28   -99.86  -172.91   -80.33
E   G   59    104.93  -147.27    52.82    83.49  -172.90    -6.98  -156.18
E   U   60   -161.01   135.09   154.35   144.57  -107.25   -39.55  -152.23
E   C   61   -112.42  -164.99    59.31    77.54  -136.44   -78.12   157.55
E   C   62    -66.93  -173.18    50.96    82.67  -142.23   -80.78  -158.72
E   U   63    -57.86   176.31    43.04    77.88  -142.14   -82.98  -149.74
E   C   64    -56.41   160.17    58.08    84.25  -151.48   -67.15  -167.76
E   C   65    -69.90   176.27    61.12    81.26  -152.09   -71.42  -162.00
E   C   66    -58.26   179.13    42.80    86.44  -156.78   -78.00  -177.47
E   C   67    -70.25  -173.37    48.95    89.59  -153.76   -81.85  -169.58
E   U   68    -52.16   162.93    53.06    80.98  -137.77   -93.30  -177.68
E   C   69    -48.50   149.59    53.78    81.55  -155.76   -68.94  -175.47
E   C   70    -79.59  -167.28    63.44    87.53  -159.31   -68.75  -129.61
E   C   71    -75.79  -179.81    49.37    80.48  -147.96   -64.65  -156.88
E   A   72    -51.42   167.42    54.19    73.38  -158.80    87.09  -145.51
E   G   73     55.67   144.52   163.36   145.28    -3.43   174.33  -140.75
E   C   74     35.78  -148.61    27.71   144.75  -151.44    92.44   -91.28
E   C   75   -114.03  -126.61   -70.36    77.09  -148.12   -70.44  -150.36
E   A   76    -59.51   168.20    49.05    72.83 -9999.99 -9999.99  -143.30
