The backbone torsional angle for nucleic acid 

 
Note: alpha:   O3'(i-1)-P-O5'-C5'
      beta:    P-O5'-C5'-C4'
      gamma:   O5'-C5'-C4'-C3'
      delta:   C5'-C4'-C3'-O3'
      epsilon: C4'-C3'-O3'-P(i+1)
      zeta:    C3'-O3'-P(i+1)-O5'(i+1)

      chi for pyrimidines(Y): O4'-C1'-N1-C2
          chi for purines(R): O4'-C1'-N9-C4

    (The number -9999.99 means that the angle can not be calculated) 

Ch Res  Num    alpha    beta     gamma    delta  epsilon    zeta     chi
2   G    1  -9999.99 -9999.99    53.95    80.96  -164.63   -76.52  -173.51
2   U    2   -160.18  -141.44   121.29    79.24  -139.82   -79.41  -160.68
2   U    3    -53.31   169.84    44.19    78.66  -162.53   -82.73  -154.83
2   U    4    146.30  -154.38  -176.43    80.94  -129.74   -79.39  -172.51
2   C    5    -45.98   164.70    43.88    77.04  -135.60   -65.27  -160.74
2   C    6   -110.16   127.79   126.63    81.59  -127.01   -91.43  -175.96
2   G    7    -54.05   150.88    72.52   148.35  -138.18     6.96  -145.54
2   U    8   -117.13  -144.32    50.73    80.59  -120.13  -124.89  -161.65
2   A    9    -34.61  -164.79     5.00   142.94   -86.90   -80.43   -73.58
2   G   10   -137.18   141.48    37.46    82.40  -121.34   -85.22   168.72
2   U   11    -62.72   165.75    50.08    79.20  -150.27   -83.75  -163.82
2   G   12    -57.69   170.53    47.16    84.79  -158.63   -77.95  -152.17
2   U   13    137.95  -140.82  -169.45    80.88  -146.42   -37.34   178.37
2   A   14   -143.53   102.50   169.30    85.53  -105.22   -67.12   160.26
2   G   15    -46.19   167.23    37.08    77.46  -141.66  -125.96  -142.88
2   U   16    -36.54   134.23    48.89    75.45  -107.56   -94.83  -152.29
2   G   17   -137.79   129.90    47.78   139.67  -137.22   -78.06   -95.81
2   G   18     90.63   176.56    67.41   152.32  -135.10   177.53   -73.93
2   U   19    154.52  -137.52  -178.52   153.69   -47.57   -31.38  -101.15
2   U   20   -109.25    93.86   162.61    79.00  -115.21   -34.06  -144.02
2   A   21    -69.72   178.09   108.93    86.09  -117.16  -117.05  -168.58
2   U   22     36.95   -96.76   -96.66    89.57  -127.42   -92.55   171.89
2   C   23    132.62  -145.86   174.82    78.54  -108.64   -99.29  -168.51
2   A   24    -43.54   141.27    44.39    76.64  -134.96   -82.68  -166.60
2   C   25    -52.25   151.58    60.17    78.25  -138.98   -74.04  -161.38
2   G   26    -51.34   159.91    55.05    81.73  -128.86   -72.85   176.71
2   U   27    -51.96   162.72    53.78    77.77  -143.22   -78.49  -159.83
2   U   28    -60.77   165.88    48.60    74.23  -148.56   -68.80  -163.74
2   C   29    -55.06  -178.09    44.13    74.58  -153.67   -92.49  -164.08
2   G   30    116.24  -142.63  -156.78    83.87  -121.71   -68.98   169.89
2   C   31    -41.98   177.94    41.09    78.13  -147.08  -102.36  -151.51
2   C   32    127.02  -133.24  -178.23    82.57   -93.46  -102.74  -174.96
2   U   33     19.03   133.95    -1.58    76.87  -138.55   -70.21  -140.78
2   A   34    162.00   168.13    51.87    85.18  -125.65   -82.69  -164.13
2   A   35    -50.32   166.37    41.11    81.05  -158.00   -91.59  -154.24
2   C   36    147.93  -139.15  -177.87    81.35  -119.82   -24.37  -165.00
2   A   37   -134.82   104.25   153.03    80.45  -108.64   -63.23   175.68
2   C   38    -58.20   163.74    50.89    77.64  -139.40   -66.08  -162.68
2   G   39    -62.33   162.59    59.38    78.23  -136.90   -82.01  -176.86
2   C   40    -41.18   173.60    38.62    78.01  -162.34   -93.58  -144.06
2   G   41    154.85  -134.67   164.81    80.71   -96.06  -103.03   179.16
2   A   42     71.83  -130.60  -125.94    85.46  -144.18   -92.86  -162.50
2   A   43    145.49  -126.94   173.39    82.63   -90.22  -127.07   166.80
2   A   44    -47.00   130.10    50.12    84.41  -138.45   -80.86  -162.51
2   G   45    -55.19   161.79    55.96    84.93  -102.84  -166.43  -152.32
2   G   46    107.69   -89.66  -157.72   150.79 -9999.99 -9999.99  -139.96
2   U   47  -9999.99   149.00    -6.28   144.88  -133.20   -20.64  -154.23
2   C   48    -84.77  -121.69   144.41   145.49  -139.75    72.72  -145.93
2   C   49     67.18   144.88    42.50    81.33  -139.12   -86.85  -162.16
2   C   50    -48.04   163.85    42.59    78.81  -134.07   -82.09  -162.92
2   C   51     91.44  -143.24  -118.75    88.39  -124.92  -113.18  -178.86
2   G   52    149.79  -131.96   150.90    81.10  -137.42   -77.51   178.08
2   G   53    -61.62   169.75    61.44    83.45  -146.81   -76.63  -176.06
2   U   54    -58.75   168.67    53.50    81.42  -119.53   -72.63  -171.55
2   U   55    -60.35   151.35    71.57    79.12  -134.60   -55.97  -148.60
2   C   56    162.48   163.20    48.30   131.11  -147.68   -94.29  -160.91
2   G   57    126.84  -152.41   172.75    82.46  -139.01   -53.47  -149.97
2   A   58    -67.08  -114.98    48.85   143.35  -103.91  -175.27   -59.52
2   A   59     50.87  -139.43   102.62    81.30  -128.83   -71.39  -160.88
2   A   60    -69.75   153.96    77.73    95.12  -153.07    -7.00  -160.19
2   C   61   -150.90  -112.75    50.21    78.95  -171.47   -75.22  -167.91
2   C   62    166.42  -162.05   164.58    80.62  -125.13   -79.05  -173.70
2   G   63    -64.33   172.45    44.08    78.80  -146.77   -80.23  -171.99
2   G   64    -54.61   169.11    52.01    79.28  -145.40   -74.56  -168.62
2   G   65    -60.39   157.68    70.52    78.66  -142.60   -73.92  -178.18
2   C   66    -65.39   172.61    52.54    76.17  -145.66   -75.01  -159.19
2   G   67    -63.87   175.13    49.50    79.35  -151.31   -80.36  -160.85
2   G   68    -54.57   164.05    57.51    81.80  -124.52   -90.79  -165.84
2   A   69     81.59  -138.70  -120.44    87.91  -152.49   -84.74  -178.57
2   A   70    170.97  -142.59   152.04    83.09  -134.96   -71.39   174.89
2   A   71    -61.71  -175.33    44.28    82.43  -164.01   -92.75  -152.18
2   C   72    137.50  -144.42  -170.92    82.82  -108.30   -84.81  -160.82
2   A   73     85.28  -151.08  -121.83    84.60  -105.43   149.74    26.29
2   C   74   -134.47   152.76    73.59    85.35  -156.88  -114.65  -178.70
2   C   75     66.25   111.72   -14.96    88.61  -124.45   -42.34  -123.99
2   A   76   -121.73    94.36   148.11    81.86 -9999.99 -9999.99  -120.25
