The backbone torsional angle for nucleic acid 

 
Note: alpha:   O3'(i-1)-P-O5'-C5'
      beta:    P-O5'-C5'-C4'
      gamma:   O5'-C5'-C4'-C3'
      delta:   C5'-C4'-C3'-O3'
      epsilon: C4'-C3'-O3'-P(i+1)
      zeta:    C3'-O3'-P(i+1)-O5'(i+1)

      chi for pyrimidines(Y): O4'-C1'-N1-C2
          chi for purines(R): O4'-C1'-N9-C4

    (The number -9999.99 means that the angle can not be calculated) 

Ch Res  Num    alpha    beta     gamma    delta  epsilon    zeta     chi
C   G  501  -9999.99   168.65    43.17    91.96  -145.90   -81.17  -172.51
C   G  502    -75.96  -178.45    53.57    84.87  -144.69   -70.25  -161.36
C   C  503    -63.11   171.30    49.17    83.55  -152.04   -71.09  -159.44
C   C  504    -65.66   171.72    54.71    80.13  -155.19   -77.07  -165.96
C   C  505    -57.30   171.92    50.15    81.76  -156.28   -67.84  -155.44
C   C  506    -66.99   174.38    61.56    86.47  -159.42   -72.03  -166.24
C   A  507    -53.40  -167.27    46.91   116.04    23.30   162.76  -118.35
C   U  508    -52.48   176.56    39.22    82.99  -139.49   -78.76  -149.09
C   C  509   -164.77   121.22   177.73   131.95   -76.86   -70.11  -105.28
C   G  510   -178.90  -179.16    57.51    89.44  -146.89   -67.95  -177.13
C   U  511    -68.93  -174.74    48.81    84.07  -157.17   -71.21  -164.92
C   C  512    -66.67  -170.63    43.88    80.88  -153.91   -57.18  -158.55
C   U  513    155.42  -169.16  -174.84    83.26  -152.35   -80.41  -173.13
C   A  514    -56.04  -178.27    46.70    79.99  -140.60   -60.40  -167.38
C   G  515    -52.17   166.40    60.78   129.01  -134.40   -59.45  -119.96
C   C  516   -177.91  -151.14   177.48    83.51  -121.46   127.28  -159.18
C   G  518     74.78  -179.23   -43.37   111.41    54.90    62.77   -95.56
C   G  519   -141.25  -121.30    51.65   116.18    80.33   131.83   -61.82
C   U  520    -49.46   140.77    37.14    83.32  -127.83   -71.79  -120.50
C   U  520    155.07   169.42    57.40    88.11  -123.44   -81.07  -158.27
C   A  521     88.92   135.13    82.79    78.81  -129.53  -157.72  -168.18
C   G  522    -66.18   141.99    46.08    78.25  -145.41   -86.57  -170.99
C   G  523    -42.21   165.05    48.09    81.52  -150.81   -70.18  -165.59
C   A  524    -65.34   175.10    51.24    82.56  -154.66   -75.16  -166.81
C   C  525    -64.49   178.92    52.12    85.10  -147.40   -60.89  -165.32
C   G  526    -68.60   170.92    50.15    82.41  -149.15   -65.76  -164.24
C   C  527    -65.99  -177.84    48.13    80.42  -141.37   -77.10  -157.41
C   G  528    -57.90   171.10    47.22    77.59  -153.13   -73.19  -168.53
C   G  529    -65.87   174.26    52.95    81.33  -152.66   -71.90  -170.70
C   C  530    -67.18   173.66    59.30    84.04  -154.25   -70.09  -163.92
C   C  531    -68.81   174.23    57.29    81.38  -141.66   -70.06  -162.49
C   C  532    -61.49   172.51    52.67    87.51  -120.94   -71.67  -160.38
C   U  533    -69.62   157.15    59.53    86.37  -159.24   -91.65  -145.05
C   C  534    164.06   168.22    44.92    86.49  -153.23   -99.09  -161.64
C   U  535    -62.06   169.82    59.86    83.75  -136.87   -70.62  -171.14
C   C  536    -63.28   169.85    52.52    81.69  -161.01   -71.50  -153.65
C   A  537    142.12  -157.27  -175.74    84.72  -138.68   -65.12  -176.04
C   A  538    -57.96   171.65    44.66    85.84  -147.17   -57.87  -166.01
C   G  539    -71.83   176.93    54.73    81.95  -153.36   -73.53  -165.36
C   G  540    -64.70   177.94    50.96    82.48  -148.27   -74.08  -162.91
C   C  541    -60.18   171.10    52.89    81.21  -151.29   -70.95  -162.69
C   C  542    -68.32   171.91    57.49    79.77  -152.75   -69.62  -165.36
C   G  543    -55.89   169.01    55.03    79.26  -152.38   -85.95  -165.84
C   A  544    -58.24   169.50    47.71    81.99  -137.45   -65.61  -154.40
C   A  545    -60.37   171.82    47.83    79.62  -126.85  -114.68  -150.33
C   A  546    -56.24   174.02    62.17    85.55  -132.86   -72.96  -126.60
C   C  548    -80.52   101.49   173.54   130.84  -143.88    60.27  -127.60
C   G  549     55.00   144.49    40.93    83.79  -149.16   -70.47  -179.10
C   G  550    -60.40  -174.47    44.84    80.61  -158.11   -68.80  -160.42
C   G  551    -61.87   177.22    46.87    81.41  -166.36   -85.95  -162.12
C   G  552    164.66  -152.28   161.84    84.02  -107.33   -85.28   179.70
C   G  553    -71.16   134.65    84.99    79.13  -131.91   -84.79   168.55
C   U  554    -46.90   166.55    38.90    80.49  -118.30   -75.99  -168.16
C   U  555    -54.44   157.43    53.31    79.22  -142.05   -66.03  -150.88
C   C  556    163.92   163.00    53.56    82.15  -133.13   -69.71  -159.79
C   G  557    -66.91   172.16    49.35    82.48  -141.09  -161.43  -165.21
C   A  558    146.70   -99.43  -166.38   104.92    86.21    84.30  -125.07
C   U  559     70.83   174.93    51.57    88.75  -150.82   -55.46  -169.71
C   U  560    -71.77   176.89    64.90   133.04   -93.17   -77.92  -126.20
C   C  561    -92.99  -173.26    42.53    81.60  -153.63   -72.26   172.13
C   C  562    -69.39  -170.09    49.53    84.65  -161.39   -69.62  -156.91
C   C  563    -70.09  -172.21    48.58    84.06  -158.61   -75.45  -160.62
C   C  564    -58.71   165.07    52.47    81.16  -145.27   -75.60  -165.13
C   C  565    -53.73   164.40    54.69    81.61  -153.33   -63.88  -163.15
C   U  566    -69.36   175.49    53.48    82.03  -154.61   -63.65  -153.81
C   G  567    -59.31   172.14    46.07    76.55  -149.25   -72.85  -167.64
C   G  568    -61.27   174.36    50.65    79.72  -149.41   -76.14  -168.34
C   G  569    -51.39   164.29    51.17    82.75  -156.66   -74.84  -174.76
C   G  570    -55.97   173.33    51.45    84.89  -153.63   -69.92  -169.60
C   U  571    -56.34   167.61    48.75    84.40  -172.11   -82.92  -163.81
C   C  572   -176.75  -151.79   138.12    81.04  -126.39   152.40  -160.23
C   A  573    -91.80  -125.42  -152.31   115.44    67.02   115.08  -145.67
C   C  574     16.64  -154.66    30.07   110.79   107.24  -164.42  -109.57
C   C  575    -32.47  -170.28   -80.68    71.97   177.98   -74.73  -136.19
C   A  576    170.01  -140.87   140.46    73.74 -9999.99 -9999.99  -158.10
