The backbone torsional angle for nucleic acid 

 
Note: alpha:   O3'(i-1)-P-O5'-C5'
      beta:    P-O5'-C5'-C4'
      gamma:   O5'-C5'-C4'-C3'
      delta:   C5'-C4'-C3'-O3'
      epsilon: C4'-C3'-O3'-P(i+1)
      zeta:    C3'-O3'-P(i+1)-O5'(i+1)

      chi for pyrimidines(Y): O4'-C1'-N1-C2
          chi for purines(R): O4'-C1'-N9-C4

    (The number -9999.99 means that the angle can not be calculated) 

Ch Res  Num    alpha    beta     gamma    delta  epsilon    zeta     chi
V   U    1  -9999.99  -127.01    34.75    83.67  -156.10   -94.71  -151.36
V   G    2    145.86  -135.52   172.86    85.97  -153.00  -110.22  -172.28
V   C    3    163.90  -137.04   172.58    84.35  -134.43   -49.51   176.26
V   C    4    -78.15  -162.77    46.38    81.75  -160.70   -89.09  -143.24
V   C    5    134.24  -154.68  -165.16    81.05  -122.08   -84.25  -170.72
V   G    6    -58.40   159.49    55.69    84.17  -150.15   -74.92  -165.83
V   G    7    -62.97  -177.71    65.71   143.40   -54.91  -146.73  -115.24
V   U    8    136.62  -113.16  -179.54    82.51  -131.38  -112.70  -162.80
V   A    9    -38.82  -157.71    59.33   140.71  -121.38   -72.18   -83.16
V   G   10    179.95  -164.10    44.77    82.81   175.14   -52.77   177.44
V   C   11   -140.54  -113.39    69.60    78.25  -140.05  -137.90  -147.37
V   C   12    114.56  -100.88  -175.68    86.08  -140.06   -35.45  -171.25
V   C   13   -153.34   154.29   142.52    86.10  -131.64  -102.25  -173.81
V   C   14    -56.97   174.36    55.83    82.35  -138.83   -74.38  -157.70
V   G   15    121.20  -134.91  -146.05    85.81   -89.47  -128.07  -163.23
V   A   16     10.84   106.29   -57.24   141.55   -65.46    97.69  -170.90
V   A   17   -123.43   175.19    33.38   128.02    46.50    43.32   168.99
V   G   18    124.03  -140.19  -124.05   128.51  -130.99  -151.27  -127.16
V   G   19    149.35  -105.93  -170.42   139.30  -142.68    82.63  -117.17
V   U   20    157.49    72.04   170.66    85.16   179.19    22.16  -166.24
V   A   21   -138.24   144.06  -176.10    91.94   158.75  -106.32  -163.39
V   G   22   -161.13   -80.44    95.13   121.87  -152.80  -136.81  -131.38
V   A   23     89.55  -164.27  -140.69    77.22  -119.52   -77.94    10.54
V   G   24    -53.15   146.78    67.11    80.70  -146.03   -68.69   178.30
V   C   25    -71.67  -175.65    57.85    78.41  -132.87   -73.70  -173.51
V   A   26    -61.98   162.20    59.52    78.34  -132.72   -73.97   178.48
V   G   27    -59.42   166.09    61.78    78.83  -128.01   -98.33  -176.60
V   G   28    -30.25   152.35    35.26    81.29  -160.43   -90.32  -162.46
V   G   29    154.93  -144.56   173.23    81.66  -111.70  -121.05   177.39
V   G   30    109.41  -118.28  -164.63    84.83  -116.93   -74.58   168.56
V   A   31    -60.74   169.42    53.77    78.64  -136.47   -78.45  -167.26
V   U   32    -57.41   161.09    59.95    81.20  -113.53   -81.29  -159.90
V   U   33    -55.81   167.32    46.69    79.38  -122.69   -64.94  -163.16
V   C   34   -158.28   151.56    32.57    79.00  -129.38   -79.15  -171.28
V   C   35    -55.32   161.85    50.94    80.41  -162.95   -85.25  -162.35
V   G   36    171.54  -155.05   158.68    81.83  -120.89   -71.92   174.42
V   A   37    -61.36   167.95    55.47    76.79  -126.18   -75.77  -172.42
V   A   38    -75.33   148.24    81.62    80.88  -126.27   -61.72   175.34
V   U   39    -70.91   171.70    66.26    80.95  -142.71   -77.68  -171.38
V   C   40    -63.95   174.40    55.49    79.43  -137.93   -96.60  -168.79
V   C   41    -34.46   151.62    48.70    77.20  -152.67   -71.53  -162.58
V   C   42    -68.43   177.75    70.09    80.27  -162.01   -86.37  -165.82
V   C   43    164.70  -143.13   162.32    79.03  -103.22  -120.09  -174.35
V   G   44    -20.06   122.32    36.88    78.19  -131.27   -83.74  -162.87
V   U   45    -42.52   152.70    60.89    76.18  -102.83  -112.99  -153.63
V   G   46     61.80   138.38   -42.56   134.61  -112.23  -121.99   -48.52
V   U   47   -146.25   146.13   -67.72    84.64  -133.96  -101.35  -117.99
V   C   48     86.50   106.20   138.27   137.86   -52.22  -151.34  -142.50
V   C   49   -146.74  -126.58    30.95    81.28  -158.39   -70.91  -161.69
V   U   50   -102.50  -127.88    65.75   134.46    66.74    75.65   -97.38
V   U   51    139.46    89.42   139.00    83.01  -143.15   -68.35  -166.36
V   G   52    146.66  -170.66  -166.59    85.51  -138.41   -72.05   165.90
V   G   53    -68.15   179.55    62.96    85.26  -125.89  -138.45  -165.40
V   U   54    111.48  -129.08  -171.24    82.33  -143.29   -61.07  -177.47
V   U   55   -171.65  -149.86   127.44    87.04  -122.17   -40.69  -173.03
V   C   56   -152.74   139.04    20.52   138.54  -121.82   165.57  -136.01
V   G   57     98.87  -103.09  -179.47    91.30  -178.48    34.04  -133.47
V   A   58    167.17   148.39   145.31    88.07  -150.03   -99.98   -80.64
V   U   59    160.57   153.71    67.95    83.11  -143.36   -54.31   170.72
V   U   60    -84.43  -172.36    76.27   141.23  -155.15   -54.55  -150.32
V   C   61    116.77  -178.25  -175.75    87.89   -91.47   -12.50   134.42
V   C   62   -166.31   105.79   142.04    86.72   -99.16  -125.34  -169.56
V   G   63    -58.93   121.74    65.65    81.95  -157.83   -92.86  -160.28
V   A   64    155.67  -157.77   170.90    80.81  -100.36  -113.03   171.34
V   G   65    -37.94   142.64    39.57    80.77  -143.16   -71.10  -174.62
V   U   66    -71.41   172.60    66.37    82.17  -120.16   -93.38  -164.20
V   C   67    -74.93   146.25    73.90    83.76  -109.44  -145.51  -152.69
V   C   68    111.34   -94.67  -174.81    84.54  -106.11   -38.15  -158.38
V   G   69   -159.41   112.35   140.10    86.29  -132.45  -110.82  -163.04
V   G   70    127.69  -128.18  -175.94    88.52  -175.71    52.42   177.42
V   G   71    154.51    85.12   141.27   145.35   -78.96  -128.56   116.19
V   C   72    116.78  -144.22   171.27   139.87  -175.80  -112.04  -118.27
V   A   73    133.35  -162.46  -175.17    83.83  -120.66   -99.06  -174.97
V   C   74    -33.77   153.36    48.05   131.81   -91.52  -120.44  -122.87
V   C   75     19.61  -129.89    74.08   133.03  -155.43  -108.78  -104.81
V   A   76    -54.52   135.46   168.26   121.39 -9999.99 -9999.99  -171.87
