The backbone torsional angle for nucleic acid 

 
Note: alpha:   O3'(i-1)-P-O5'-C5'
      beta:    P-O5'-C5'-C4'
      gamma:   O5'-C5'-C4'-C3'
      delta:   C5'-C4'-C3'-O3'
      epsilon: C4'-C3'-O3'-P(i+1)
      zeta:    C3'-O3'-P(i+1)-O5'(i+1)

      chi for pyrimidines(Y): O4'-C1'-N1-C2
          chi for purines(R): O4'-C1'-N9-C4

    (The number -9999.99 means that the angle can not be calculated) 

Ch Res  Num    alpha    beta     gamma    delta  epsilon    zeta     chi
D   A    2  -9999.99   101.80    81.37    80.82   172.53   -95.03    57.05
D   G    3    157.75  -134.56   -91.09    80.78  -148.41   -69.59  -170.52
D   G    4    -69.64   169.28    69.09    79.19  -151.69   -71.90  -172.71
D   G    5    -65.28   172.07    61.79    79.78  -143.36   -70.37  -170.60
D   U    6    -64.46   163.96    65.90    81.59  -147.06   -88.63  -160.27
D   A    7    -52.99   169.18    63.48   147.16   -84.98   -64.59  -122.03
D   U    8    -53.95  -160.88    32.92    84.80  -147.80  -159.11  -159.29
D   A    9     61.96   132.21   -21.97   150.19   -96.16   -80.11   -79.22
D   G   10   -170.28   143.58    55.96    85.68  -131.31   -81.85   175.35
D   C   11    -59.51   169.11    51.57    81.33  -145.10   -68.56  -164.59
D   U   12    -61.75   176.88    48.39    79.21  -153.46   -71.80  -155.63
D   C   13    135.74  -156.03  -162.64    79.91  -175.24   -79.75  -157.78
D   A   14    161.40  -170.20   179.19    81.22  -116.48   -66.01  -178.57
D   G   15    -49.80   154.09    63.91    80.85  -115.67  -105.76  -155.64
D   G   16    -38.33   135.62    47.71    81.59   178.00   -88.61  -138.11
D   G   18    168.28   174.78   -63.76   145.74   -91.67  -163.41  -103.30
D   G   19    -73.17   164.34    52.92   148.62   -62.24  -131.67   -82.16
D   U   20     31.34   142.92   -84.36   148.01  -103.53  -103.30  -117.81
D   A   21     57.73  -173.48    37.70   144.56  -129.34  -174.88   -93.87
D   G   22     65.29  -154.09  -158.32    81.68  -156.16   -82.81  -170.48
D   A   23    -63.94   174.96    56.17    81.95  -150.67   -71.99  -160.80
D   G   24    -72.69   178.03    53.51    81.58  -143.52   -67.92  -164.82
D   C   25    -70.91   166.58    64.14    79.67  -145.44   -68.49  -156.96
D   A   26    -66.08   166.42    61.10    80.51  -132.57   -70.05  -168.92
D   U   27    -62.72   168.20    56.84    79.78  -144.39   -73.88  -154.01
D   U   28    -63.46   179.35    48.02    80.45  -148.12   -77.90  -160.19
D   U   29    -56.10   165.55    51.06    79.34  -146.61   -76.28  -161.07
D   G   30    -62.49   168.17    53.56    79.32  -151.84   -72.74  -172.69
D   A   31    -69.11   166.57    68.99    79.02  -149.67   -67.17  -175.46
D   C   32    -68.38   176.05    56.68    82.70  -156.45   -82.89  -163.97
D   U   33   -176.97  -153.15   138.16    81.68 -9999.99 -9999.99  -169.99
D   A   36  -9999.99  -144.42   166.69    81.89  -133.70   -80.80  -142.43
D   G   37    -49.34   168.15    64.12   147.71   -79.28  -127.20  -114.85
D   A   38     48.35  -164.78    66.01   146.92  -100.72   -73.37  -113.68
D   U   39    -57.60  -151.01    52.45    81.94  -148.21   -80.90  -168.88
D   C   40    -63.37   173.79    53.66    81.02  -152.76   -70.00  -166.66
D   A   41    -66.58   167.84    63.31    78.22  -147.76   -81.72  -168.59
D   A   42    -51.75   162.51    53.21    80.33  -158.77   -88.30  -165.05
D   G   43    155.53  -156.33   173.21    92.24  -133.68   -83.45   179.19
D   A   44    -51.16   157.27    50.53    81.10  -128.32  -108.03  -148.86
D   G   45     47.96   135.60   -27.82   144.08  -105.96  -158.19   107.96
D   G   46    -38.81   151.91     9.87    80.67  -130.22  -152.61   -99.83
D   U   47     24.78   108.88  -173.25   147.16  -152.85    47.75   -44.02
D   C   48    -97.86  -120.21    94.94   143.03  -147.48    61.30  -133.29
D   C   49     52.10   145.99    40.67    80.45  -151.62   -69.64  -165.78
D   C   50    -71.90  -172.21    53.14    80.65  -145.94   -67.43  -162.44
D   U   51    -68.04   168.71    61.68    78.89  -143.26   -77.00  -159.43
D   G   52    -73.10   158.43    66.88    79.79  -154.59   -72.21  -171.66
D   G   53    -65.02   178.86    53.84    80.27  -143.57   -80.35  -172.14
D   U   54    -55.59   169.66    51.02    80.94  -124.68   -65.27  -162.85
D   U   55    -58.13   167.62    53.97    78.76  -139.34   -66.85  -153.27
D   C   56    176.98   162.50    45.12    81.91  -136.28   -66.37  -168.27
D   A   57    -64.80   166.73    54.57    79.95  -136.07   -74.42  -164.62
D   A   58    -47.96  -149.38    62.16   145.38  -125.16  -133.54   -81.42
D   A   59   -137.03   120.66    -1.49    84.69  -145.07   -72.50  -162.06
D   U   60    -63.60   175.39    65.12   144.67   -99.20   -71.53  -107.41
D   C   61    -94.85   177.77    46.57    79.80  -146.34   -71.40  -166.38
D   C   62    -65.17   177.04    55.85    79.65  -145.04   -78.83  -159.97
D   A   63    -68.61   172.77    53.88    80.22  -147.98   -76.82  -164.54
D   G   64    -66.74   163.71    60.94    79.97  -149.78   -70.55  -169.46
D   G   65    -60.80   172.12    54.79    79.92  -129.11   -87.40  -170.96
D   U   66    -55.03   153.10    55.40    79.25  -144.78   -84.11  -164.01
D   G   67    -58.68   163.94    52.33    79.40  -140.79   -77.03  -165.96
D   C   68    -64.00   171.49    51.65    79.31  -152.25   -67.13  -157.09
D   C   69    -81.31   171.33    77.68    77.11  -145.76   -72.19  -166.47
D   C   70    -60.63  -176.14    43.84    79.25  -136.05   133.03  -160.57
D   U   71    -98.91  -168.66    37.78   142.15   -77.67  -129.76  -139.64
D   C   72     84.87   -90.01  -127.93    90.81  -132.66   168.57   105.21
D   U   73    -60.50   111.20   155.51   149.80  -136.27   -88.57  -152.97
D   C   74   -118.30  -145.95    24.13   144.65  -108.59   144.59  -136.05
D   C   75    -75.54  -161.76    54.17   146.31  -141.26   109.84  -133.10
D   A   76     13.69  -143.95  -139.40   145.31 -9999.99 -9999.99    78.58
