The backbone torsional angle for nucleic acid 

 
Note: alpha:   O3'(i-1)-P-O5'-C5'
      beta:    P-O5'-C5'-C4'
      gamma:   O5'-C5'-C4'-C3'
      delta:   C5'-C4'-C3'-O3'
      epsilon: C4'-C3'-O3'-P(i+1)
      zeta:    C3'-O3'-P(i+1)-O5'(i+1)

      chi for pyrimidines(Y): O4'-C1'-N1-C2
          chi for purines(R): O4'-C1'-N9-C4

    (The number -9999.99 means that the angle can not be calculated) 

Ch Res  Num    alpha    beta     gamma    delta  epsilon    zeta     chi
8   G    1  -9999.99   138.76    44.89    80.73  -125.25   -68.68   174.02
8   C    2    -71.27   172.69    57.88    80.60  -144.02   -74.28  -165.44
8   C    3    -55.53   173.95    43.68    77.25  -153.98   -69.34  -154.41
8   C    4    -75.66  -179.96    54.14    78.63  -158.97   -68.32  -153.09
8   G    5    -75.94   163.94    79.51    80.30  -153.74   -56.34  -178.15
8   G    6   -100.64  -177.32    78.29    80.95  -155.10   -81.43  -169.32
8   A    7    -56.97  -176.55    66.72   147.74   -90.46   -59.72  -106.92
8   U    8    -69.26  -176.77    68.97    81.10  -129.38  -104.06  -148.18
8   A    9    -67.80  -134.42    26.58   142.48   -91.31   -91.57   -64.57
8   G   10    173.50   158.32    62.74    86.22  -125.16   -79.61   165.52
8   C   11    -69.76   177.72    57.99    79.68  -148.09   -67.80  -169.55
8   U   12    -75.25  -178.38    58.08    81.01  -160.29   -70.71  -160.05
8   C   13    154.71  -156.58   173.42    79.08  -149.79   -75.24  -153.48
8   A   14    -58.77   179.46    53.96    75.91  -147.61   -63.32  -172.00
8   G   15    -68.99   168.51    68.47    84.48  -101.40  -143.40  -164.13
8   U   16    -36.71   109.10    63.14    82.70  -104.47   -65.32  -143.21
8   C   17    -73.95  -106.08  -175.48    78.91  -154.82    54.07  -165.40
8   G   18     61.89   144.63    66.23   147.03  -151.49  -175.53  -114.07
8   G   19    172.98  -123.71   152.31   137.77  -127.27    70.21  -165.67
8   U   20    124.22   158.07    91.43    78.41    60.91    91.52   166.17
8   A   21      7.77  -153.04    -8.56    96.95  -176.75   -83.17   -43.25
8   G   22    164.22   176.43   149.62    82.10  -160.11   -78.17  -163.37
8   A   23    -63.24   169.12    62.17    82.01  -134.31   -85.32  -177.20
8   G   24    -58.15   165.66    47.36    81.13  -147.95   -65.89  -172.73
8   C   25    -69.75   170.12    66.55    76.40  -147.69   -60.97  -167.21
8   A   26    -76.24   167.07    66.12    82.37  -149.42   -58.61  -178.25
8   G   27    -73.75  -174.56    55.52    81.14  -140.78   -74.99   175.88
8   G   28    -55.13   177.05    46.86    80.25  -150.30   -71.21  -162.58
8   G   29    -63.33  -175.11    34.93    78.96  -171.79   -80.48  -159.77
8   G   30    154.90  -146.19   176.83    84.25  -130.63   -67.51   172.07
8   A   31    -60.77   179.69    39.09    78.40  -140.89   -77.14  -165.83
8   U   32    -62.43   160.99    66.15    84.60  -109.49   -78.49  -176.01
8   U   33    -70.53   169.76    48.95    81.73  -138.76   -85.27  -175.26
8   G   34    158.20   177.11    60.49    88.29  -111.03  -108.47   171.53
8   A   35    -51.26   147.83    44.23    82.12  -165.47   -78.89  -161.30
8   A   36    145.38  -151.14  -177.13    81.66   -97.31  -119.66   168.48
8   A   37    114.08  -126.73  -165.99    80.36  -137.43   -41.07  -172.00
8   A   38    -83.76  -174.47    55.16    81.37  -122.77   -75.88  -152.11
8   U   39    -65.96   146.19    74.01    82.03  -141.69   -72.43  -149.22
8   C   40    -59.59  -178.46    39.33    80.56  -155.19   -69.36  -168.98
8   C   41    -64.42  -178.26    48.37    79.74  -142.17   -87.65  -154.42
8   C   42    -45.35   157.34    47.88    77.11  -152.15  -101.61  -153.28
8   C   43    128.89  -122.27  -162.52    81.16  -159.07   -52.55  -170.74
8   G   44   -125.42  -115.27    75.13   155.33   -75.13   179.02  -102.60
8   U   45    -17.04   113.84   -48.43   134.57    76.81   -63.48   -66.50
8   G   46   -126.66  -117.12   144.17   145.01  -117.71   -34.90  -111.46
8   U   47    -83.74   133.78   156.49    84.05  -166.93   140.96  -179.27
8   C   48    -52.39   155.95    63.11   143.08  -139.45    78.44  -145.82
8   C   49     52.22   144.99    57.91    78.89  -135.40   -81.24  -164.53
8   U   50    -44.03   167.64    36.69    77.48  -131.54   -40.56  -175.92
8   U   51   -131.40   125.83   158.42    80.66  -152.73   -70.52  -153.08
8   G   52    120.24  -167.86  -157.39    80.40  -134.63   -51.40  -172.24
8   G   53    -92.15   175.04    76.33    78.62  -161.89   -73.54  -163.99
8   U   54    -75.89  -173.89    53.43    78.62  -118.78   -87.59  -160.51
8   U   55    -37.35   143.63    54.72    81.99  -124.18   -47.69  -162.15
8   C   56    175.15   134.22    47.79    81.93  -142.93   -55.70  -172.52
8   G   57    -93.84  -166.65    54.53    80.38  -148.29   -79.05  -167.42
8   A   58    -48.63  -163.71    80.65   146.79   -89.91  -179.85  -118.60
8   U   59    110.99  -150.06    50.20    83.29  -153.95   -81.88  -156.20
8   U   60    174.77  -147.05   161.07   147.48  -123.42   -32.79   -84.74
8   C   61   -103.72  -163.52    34.12    81.11  -151.59   -73.66  -147.45
8   C   62    -67.97  -178.92    45.35    80.41  -154.05   -70.77  -161.41
8   G   63    -63.41   169.47    56.82    77.68  -143.03   -82.97  -175.87
8   A   64    -53.72   157.29    51.20    78.31  -129.98   -89.58  -178.53
8   G   65    -67.23   160.15    56.89    80.38  -129.61   -99.78  -179.90
8   U   66    -51.21   150.00    61.41    82.39  -118.58   -90.30  -163.30
8   C   67    -62.70   161.23    50.69    83.02  -161.41   -77.24  -170.19
8   C   68    -61.95   164.68    63.22    80.31  -137.48   -80.25  -151.59
8   G   69    -53.19   161.55    44.90    77.29  -116.12  -110.10  -172.58
8   G   70    -64.94   153.39    47.97    78.06  -149.09   -83.23  -175.59
8   G   71    -48.15   159.00    61.64    82.55  -143.88   -85.04  -174.06
8   C   72    -56.32   168.49    48.31    80.60  -133.62   -60.50  -162.33
8   A   73    -65.95   173.21    49.39    78.81  -130.96    92.40  -164.59
8   C   74    111.21  -129.06   155.71    81.73  -143.36   -78.36  -168.70
8   C   75   -113.17  -134.83    53.57    86.01  -110.11  -105.29  -171.42
8   A   76     25.24   136.81   -59.59   147.64 -9999.99 -9999.99   155.13
