BEGIN_base-pair
     7_68, B:   907 G-C   966 B: +/+ cis         XIX
     8_14, B:   908 U-A   914 B: W/H tran        XXIV
     9_25, B:   909 A-G   923 B: H/H tran        n/a
    10_27, B:   910 G-C   925 B: +/+ cis         XIX
    10_27,-
7_68_8_14_9_25_10_27_0, click this line to see above pattern
0_0,---------
    12_25, B:   912 C-G   923 B: +/+ cis         XIX
    13_24, B:   913 U-G   922 B: W/W cis         XXVIII
    14_23, B:   914 A-A   921 B: W/S cis         n/a
    15_50, B:   915 G-C   948 B: W/W tran        XXII
    19_57, B:   918 G-U   955 B: W/S tran        n/a
    20_58, B:   919 G-C   956 B: W/W cis         n/a
    28_46, B:   926 G-A   944 B: W/W cis         VIII
    29_45, B:   927 G-C   943 B: +/+ cis         XIX
    29_45,-
12_25_13_24_14_23_15_50_19_57_20_58_28_46_29_45_0, click this line to see above pattern
0_0,---------
END_base-pair
