The backbone torsional angle for nucleic acid 

 
Note: alpha:   O3'(i-1)-P-O5'-C5'
      beta:    P-O5'-C5'-C4'
      gamma:   O5'-C5'-C4'-C3'
      delta:   C5'-C4'-C3'-O3'
      epsilon: C4'-C3'-O3'-P(i+1)
      zeta:    C3'-O3'-P(i+1)-O5'(i+1)

      chi for pyrimidines(Y): O4'-C1'-N1-C2
          chi for purines(R): O4'-C1'-N9-C4

    (The number -9999.99 means that the angle can not be calculated) 

Ch Res  Num    alpha    beta     gamma    delta  epsilon    zeta     chi
B   G  901  -9999.99   173.44    56.43    86.04  -158.00   -73.43  -174.53
B   G  902    163.56  -160.54   167.50    85.02  -125.41   -77.56   178.44
B   A  903    -63.40   165.57    51.00    78.81  -161.96   -78.36  -165.82
B   C  904    -56.74   171.92    52.41    80.21  -153.55   -74.14  -164.54
B   C  905    -63.23   177.15    46.86    79.99  -168.89   -83.73  -160.08
B   G  906    170.00  -154.29   158.62    86.34  -114.05   -87.79   176.03
B   G  907    -49.59   156.01    51.72    90.09    -0.67  -163.03  -161.43
B   U  908    -19.15   133.56    48.80    83.88   -86.99  -154.41  -151.14
B   A  909    140.41  -177.06   166.15   127.76   -83.12  -100.91  -113.14
B   G  910   -170.27  -150.41    47.89    86.13  -141.39   -72.81  -178.88
B   C  911    -60.98   175.20    52.23    81.68  -154.04   -66.38  -166.00
B   C  912    -74.56   176.97    57.52    78.57  -152.94   -68.13  -168.61
B   U  913    -65.39   167.11    64.44    81.41  -167.72   -75.09  -169.65
B   A  914    -65.08  -168.43    54.31    81.38  -148.59   -63.19  -161.10
B   G  915    -66.98   168.53    55.53    90.32  -119.48   -94.14  -152.03
B   C  916     47.71   158.92   -36.23   148.71  -103.39   -79.06  -119.93
B   C  917    -60.24  -168.43    40.28    89.52   176.78   112.82  -143.29
B   A  917    -50.16  -103.85   170.01    98.72   -56.14  -110.49  -165.88
B   G  918     85.23   169.11    47.76   128.62  -166.04   -84.52  -111.30
B   G  919   -155.72   178.20   158.58    95.15  -119.23  -105.21  -146.08
B   A  920    -38.55   179.38    51.99    82.84    81.66  -169.13  -141.66
B   C  920     -9.36  -118.90   168.62    83.97   175.45    93.35  -142.25
B   A  921    -80.66  -117.71    67.55    86.98  -128.78  -167.31  -149.08
B   G  922    109.50  -130.61   176.01    85.22  -115.83   -87.26   176.98
B   G  923     56.00  -147.28   -94.49    98.67  -141.11   -65.64  -170.83
B   G  924    -58.99   169.30    54.52    80.94  -159.97   -66.06  -171.45
B   C  925    -72.05  -177.82    55.94    81.88  -144.81   -63.71  -168.50
B   G  926    -63.45   171.88    47.30    79.21  -143.73   -65.66  -166.86
B   G  927    -62.37  -172.59    43.36    80.15  -152.11   -70.14  -165.17
B   C  928    -64.89   177.51    47.32    77.91  -148.88   -75.96  -158.10
B   G  929    -46.82   171.81    39.86    77.04  -170.10   -67.62  -165.14
B   G  930    167.79  -174.47   171.86    85.74  -131.71   -70.70   178.42
B   C  931    -55.68   174.44    47.65    78.06  -143.48   -69.90  -161.34
B   C  932    172.98   149.96  -164.27    91.74   -91.16   177.74    62.38
B   U  933     13.04   114.57   176.24    89.90  -168.93    47.35  -134.86
B   C  934   -141.67  -148.48    57.22    83.81  -156.74  -113.57  -179.35
B   C  935    -86.12  -161.98    46.59    72.73   171.90    48.23   -92.58
B   U  936     64.15   125.70    73.89   100.69  -154.45  -113.65  -135.21
B   A  937    108.02  -178.00    49.05   139.69   -84.09    97.81  -131.18
B   A  938     61.51   135.68    59.15   138.84   -98.95   -36.65   -98.02
B   G  939    -64.45  -175.96    57.70    86.44  -152.04   -72.52  -168.75
B   C  940    -59.02   172.59    51.27    81.67  -147.80   -79.12  -165.65
B   C  941    -56.55   170.28    48.09    78.89  -147.52   -75.17  -164.84
B   G  942    -62.64   171.74    54.05    79.93  -157.46   -68.24  -169.30
B   C  943    -63.44   176.82    55.49    82.66  -148.59   -72.33  -164.86
B   A  944    -66.77   176.97    51.45    82.23  -139.05   -68.21  -154.82
B   G  945    -71.64   170.07    55.71    83.14  -135.53   -85.29  -161.91
B   G  946    -31.12  -147.73    42.97   121.67  -146.35   -82.72   -86.34
B   U  947    -49.15  -140.46  -176.43    85.09   163.13    84.13  -133.84
B   C  948    -48.03   177.27    82.54   133.51  -148.31    66.69  -125.51
B   C  949     58.77   157.72    40.42    82.06  -151.82   -76.18  -169.43
B   G  950    -61.89   179.12    49.57    80.70  -147.16   -74.26  -166.66
B   G  951    -48.12   170.93    40.81    76.87  -167.63   -76.00  -159.58
B   G  952    159.48  -165.43   169.80    80.98  -134.48   -72.92  -179.10
B   G  953    -42.00   171.96    44.13    80.43  -152.08   -65.70  -163.42
B   U  954    -61.79   178.17    49.34    81.15  -133.17   -71.37  -152.68
B   U  955    -56.64   165.29    49.57    80.80  -141.65   -71.05  -149.64
B   C  956    162.08   168.73    51.08    83.74  -136.21   -68.39  -173.09
B   A  957    -69.43   175.74    56.73    86.00  -144.85   -74.86  -164.12
B   A  958    -61.24  -144.08    67.30   141.21   -83.16   175.65   -75.94
B   A  959     73.34  -145.93    65.72    88.62  -152.47   -52.25  -169.89
B   U  960    -65.99  -179.29    60.88   136.84   -89.34   -83.63  -123.43
B   C  961    -73.53   169.29    38.37    81.52  -142.86   -83.00  -172.30
B   C  962    -60.17   174.79    48.12    81.50  -144.76   -76.03  -164.00
B   C  963    -58.62   173.28    48.73    81.48  -159.71   -71.80  -162.58
B   C  964    -63.08  -179.42    50.86    84.09  -163.56   -62.70  -157.10
B   G  965    151.41  -170.12   178.81    84.02  -148.74   -76.00  -178.19
B   C  966    -54.54   178.08    43.57    80.12  -159.53   -79.02  -158.36
B   C  967    150.29  -164.46   172.41    84.96  -109.22   -94.68  -170.91
B   G  968    -41.76   148.62    41.64    76.33  -150.08   -73.46  -165.24
B   G  969    -64.46   174.64    49.85    78.96  -156.35   -65.91  -163.29
B   U  970    -59.58   176.02    55.42    78.26  -156.58   -78.80  -163.38
B   C  971    -64.13   169.16    55.97    82.74  -155.98   -72.35  -161.80
B   C  972    -65.57   178.82    52.61    82.59  -147.61   -66.07  -159.96
B   G  973    -77.26  -172.37    52.71    77.38 -9999.99 -9999.99  -151.96
B   C  974  -9999.99  -109.53   172.85    79.93 -9999.99 -9999.99  -163.25
