The backbone torsional angle for nucleic acid 

 
Note: alpha:   O3'(i-1)-P-O5'-C5'
      beta:    P-O5'-C5'-C4'
      gamma:   O5'-C5'-C4'-C3'
      delta:   C5'-C4'-C3'-O3'
      epsilon: C4'-C3'-O3'-P(i+1)
      zeta:    C3'-O3'-P(i+1)-O5'(i+1)

      chi for pyrimidines(Y): O4'-C1'-N1-C2
          chi for purines(R): O4'-C1'-N9-C4

    (The number -9999.99 means that the angle can not be calculated) 

Ch Res  Num    alpha    beta     gamma    delta  epsilon    zeta     chi
A   C    1  -9999.99   153.70     2.52   102.45   -94.19   -52.31   171.03
A   G    2    -84.85   168.27  -165.94   105.43  -151.96   -80.36  -171.82
A   C    3    123.86  -172.80  -152.98    98.07  -140.63   -36.85  -175.27
A   G    4   -155.38   136.10   159.97    87.39  -139.46   -71.10  -177.33
A   G    5    -64.32   168.72    53.49    73.33  -147.80   -74.30  -177.18
A   G    6    -80.52   161.78    76.99    75.17  -148.26   -76.26   177.97
A   G    7    -61.77   171.37    75.19   124.10   -95.09   -54.12  -152.69
A 4SU    8   -116.40  -152.40    79.17    83.13   -80.23  -130.48   172.72
A   G    9    -66.73   -70.88  -102.17   172.92  -112.92   -53.76  -108.67
A   G   10   -177.82  -160.36    52.29    90.42  -162.79   -69.78  -174.65
A   A   11    -81.15  -164.35    53.95    87.02  -141.62   -73.60  -172.46
A   G   12    -68.73   164.25    69.51    81.00  -159.44   -20.91  -169.40
A   C   13   -161.93   112.39   159.50   104.56  -166.82   -51.68  -167.12
A   A   14    155.28   135.96  -178.03   105.00  -143.61   -53.09  -179.33
A   G   15    -72.65   171.27    57.95    87.94  -121.97   -68.43  -159.54
A   C   16    -91.61  -161.67    84.84   145.29  -107.73   -62.60  -140.83
A   C   17    -58.07   177.45    57.44    83.11  -160.67    53.30    25.02
A   U   17    163.31   147.83    48.26   148.67   -82.91   -81.15  -129.97
A   G   18    -62.08  -141.77   107.97   142.57  -129.89   -94.69  -132.91
A   G   19    -88.87  -158.23    43.37   127.46   -29.35  -152.81   -77.95
A H2U   20   -140.13   -21.50  -115.64   155.05   176.73    48.06    -4.41
A   A   21    104.16   178.14   -40.30   150.43  -156.12  -168.81   -91.63
A   G   22    114.02  -167.90   173.83    93.93  -166.22   -64.12  -167.30
A   C   23    -62.24   176.02    44.19    85.94  -142.11   -77.24  -154.83
A   U   24    -65.38   177.13    51.11    95.13  -157.44   -90.18  -165.15
A   C   25    133.94  -159.41  -165.40    93.70  -122.44   -71.18  -175.88
A   G   26    -61.27   158.15    55.24    79.03  -133.82   -82.25  -176.55
A   U   27    -55.36   174.60    47.71    82.54  -150.97   -82.05  -161.70
A   C   28    -52.81   168.87    46.26    85.45  -141.36   -83.47  -169.91
A   G   29    -66.56   168.90    54.50    82.08  -141.74   -66.35  -170.52
A   G   30    -88.89   158.77    81.81    73.89  -142.65  -124.57   175.78
A   G   31     15.70   114.60    30.39    75.62  -155.02   -68.91  -179.47
A OMC   32    -56.89   174.82    50.18    80.78  -157.27   -79.43  -159.45
A   U   33    168.27  -139.00   148.52    76.02  -105.79   -57.67  -179.35
A   C   34   -153.45   136.73    23.70    84.13  -134.72   -66.33  -149.14
A   A   35    -76.49   162.98    69.55    88.46  -127.94   -43.11  -179.98
A   U   36   -118.32    73.07   165.71   103.40   -77.83   -32.03   178.16
A   A   37   -133.06   109.76   -67.12   169.69   178.46   145.68   -54.48
A   A   38     36.04  -174.26  -172.62   103.75  -112.16   -71.81   167.60
A   C   39    -54.01   159.07    44.17    81.76  -143.70   -75.62  -156.95
A   C   40    -65.11   170.10    57.17    79.41  -144.99   -81.58  -155.59
A   C   41    -65.38   171.04    53.08    78.88  -142.55   -68.56  -166.71
A   G   42    -73.64   162.26    70.87    71.02  -138.18   -77.32  -179.24
A   A   43    -72.93   162.88    79.21    79.14  -150.93   -80.81  -172.48
A   A   44    -64.89   172.19    57.79    95.80  -134.06   -79.84  -160.53
A   G   45    -63.11   158.35    52.52    90.35  -134.89   -92.05  -149.72
A   A   46    -92.94  -157.25    72.27    80.70  -138.66   -71.41  -119.65
A   U   47    164.33   132.33   -16.52    77.49   165.59   163.63   -97.97
A   C   48   -102.52  -154.92    69.28   141.47  -142.88   116.71  -136.59
A   G   49    -63.45  -121.84    92.56    78.39  -159.83   -56.30   174.99
A   U   50    -86.95  -168.08    59.52    81.09  -156.55   -72.19  -161.83
A   C   51    -71.62   176.38    54.73    82.49  -153.46   -44.61  -153.06
A   G   52   -129.97   138.75   123.83    83.87  -131.58   -82.46   173.71
A   G   53    -59.37   156.58    62.59    74.09  -139.62   -79.34  -178.46
A 5MU   54    -59.90   171.07    55.53    81.23  -124.16   -70.70  -167.39
A PSU   55    -76.39   161.90    76.17    72.81  -128.43   -42.85 -9999.99
A   C   56   -165.46   113.86    52.01    74.28  -121.82   -79.96   164.92
A   A   57    -50.41   162.89    46.34    82.81  -146.34   -60.53  -165.36
A   A   58    -57.83  -133.08    56.16   149.11  -133.15  -129.05   -73.45
A   A   59   -165.98   163.65    -9.65    98.90  -158.64   -41.08  -170.72
A   U   60    -91.52  -173.69    79.76   139.36   -93.49   -66.85  -132.85
A   C   61    -69.82  -173.51    17.58    93.66  -162.87   -73.49  -166.29
A   C   62    -81.43  -170.48    58.63    81.66  -148.72   -73.84  -173.08
A   G   63    -64.69   167.01    64.09    77.42  -140.70   -83.55  -175.24
A   G   64    -59.03   161.29    50.34    72.10  -156.53   -53.27  -175.09
A   C   65    -97.17   166.72    86.56    80.60  -146.08   -78.43  -178.60
A   C   66    -62.24   177.13    52.15    81.23  -148.93   -75.20  -168.98
A   C   67    -67.36   168.61    56.57    79.66  -149.47   -77.43  -170.84
A   C   68    -57.47   174.78    43.88    81.96  -153.36   -72.42  -160.19
A   C   69    -81.20   167.71    76.15    82.29  -142.34   -89.83   176.78
A   G   70    -45.76   158.69    54.81    75.50  -155.10   -90.75  -171.46
A   C   71    148.14  -149.90   178.50    83.97  -123.24   -88.24  -177.11
A   A   72    -49.21   158.03    54.78    79.74  -142.53   -74.48  -177.49
A   A   73    -65.52   161.63    53.75    83.90  -152.92   -62.22  -167.90
A   C   74    -81.14   170.07    79.84    72.02  -142.38   -69.09  -170.64
A   C   75    -61.39   168.66    56.80    83.79  -133.10    48.76  -159.80
A   A   76   -164.81   113.02    46.46    64.69 -9999.99 -9999.99     2.52
