The backbone torsional angle for nucleic acid 

 
Note: alpha:   O3'(i-1)-P-O5'-C5'
      beta:    P-O5'-C5'-C4'
      gamma:   O5'-C5'-C4'-C3'
      delta:   C5'-C4'-C3'-O3'
      epsilon: C4'-C3'-O3'-P(i+1)
      zeta:    C3'-O3'-P(i+1)-O5'(i+1)

      chi for pyrimidines(Y): O4'-C1'-N1-C2
          chi for purines(R): O4'-C1'-N9-C4

    (The number -9999.99 means that the angle can not be calculated) 

Ch Res  Num    alpha    beta     gamma    delta  epsilon    zeta     chi
D   C    1  -9999.99 -9999.99  -172.54    77.90  -138.40   -70.84  -156.39
D   G    2    -70.48   167.35    64.69    77.18  -154.58   -74.27  -177.12
D   C    3   -174.67  -168.71   150.55    82.39  -148.48   -59.11  -175.57
D   G    4    168.13  -171.04   163.67    78.65  -133.49   -46.86   172.44
D   G    5    -79.51  -134.48    41.11   142.79  -168.19  -150.71  -105.85
D   G    6    111.85  -103.33  -150.51    76.52  -158.70   -75.79   -90.74
D   G    7    -57.13  -174.28    23.80   136.42  -112.16    45.74  -109.70
D 4SU    8    175.99    70.70  -170.39    84.11  -112.89  -142.04  -141.38
D   G    9    -29.34   159.20    49.73   144.28   -95.28   -62.51  -103.10
D   G   10     88.21  -174.31   139.59    78.00  -146.07   -59.50   178.19
D   A   11    -95.25  -158.63    63.61    80.15  -153.25   -23.51  -170.99
D   G   12   -163.66   107.88   164.14    81.04  -130.53   -81.60  -179.29
D   C   13    175.11  -140.76   152.69    83.80  -161.74   -90.16  -174.36
D   A   14    -71.65   167.94    66.86    80.99  -176.20    16.60   177.68
D   G   15    172.09   139.66  -179.13    80.17  -147.14    95.78  -147.92
D   C   16    -47.40   -77.01  -119.13   144.71  -110.90   -83.37   -97.74
D   C   17    171.78   179.61  -177.08    78.61  -154.30    85.17  -139.48
D   U   17     32.53  -166.08   141.72   143.23   -91.82  -104.08  -140.02
D   G   18    125.08   149.37    35.52   140.42  -164.34  -116.76   -53.67
D   G   19    146.98  -155.74  -166.97   148.70  -169.79    50.62   -92.83
D   U   20    171.12  -137.39    49.24    79.46  -125.14  -119.18  -156.67
D   A   21     98.63  -175.89    70.62    82.82  -114.33  -153.69   -98.70
D   G   22    140.07   109.14   136.82    79.26  -166.18   -94.79   175.06
D   C   23   -167.54  -148.19   146.16    82.39  -133.57   -90.95  -169.23
D   U   24    174.60  -163.57   143.30    78.36  -127.70   -84.44  -170.20
D   C   25    -44.88   157.70    48.52    81.66  -118.40  -109.83  -166.18
D   G   26     20.55   124.23    12.31    83.82  -138.50   -70.83  -155.48
D   U   27    -64.77   174.67    43.71    79.60  -136.85  -109.63  -172.12
D   C   28    -46.78   140.58    60.72    79.48  -119.87   -87.65  -162.54
D   G   29    -68.05   156.25    61.66    79.69  -145.90   -68.16  -177.10
D   G   30    -67.83   172.32    59.73    79.99  -136.89   -99.54  -173.20
D   G   31    -60.09   166.82    49.41    80.58  -131.99   -67.68  -156.72
D 5MC   32    -58.68   162.74    60.94    74.91  -144.85   -70.31  -150.72
D   U   33    -54.96   172.37    59.42    85.48   -96.98   -74.40  -142.91
D   C   34     68.75  -150.10    99.89    89.99   161.59    44.28  -167.11
D   A   35   -175.42   105.24   141.22    80.30   -98.48  -109.21  -145.49
D   U   36    -64.65   143.21    48.62    76.24  -149.11   -28.19  -163.15
D   A   37    159.29   177.83  -177.75    82.11  -119.15   -90.88  -170.44
D   A   38    -84.00   150.99    67.93    81.89  -132.04   -72.44  -158.14
D   C   39    -47.87   165.73    45.71    75.19  -117.53  -105.47  -151.46
D   C   40    -23.92   133.97    42.72    78.68  -118.29  -119.17  -161.55
D   C   41    -58.10   139.28    56.19    79.36  -134.30   -80.55  -148.28
D   G   42    -92.63   179.32    63.96    82.74  -146.18   -87.10   176.82
D   A   43    -42.67   148.92    70.28    82.73  -121.65  -114.90  -146.10
D   A   44    -62.19   153.17    55.15    87.54  -136.71   -52.08  -158.04
D   G   45    -74.29  -166.37    45.62    81.34  -132.98  -106.72  -136.33
D   G   46    -68.73  -168.41    54.23    80.74  -147.51  -169.21   -85.44
D   U   47     97.16  -133.21    86.87    81.05  -106.29   -83.38  -167.57
D   C   48   -107.41  -141.74   152.62   149.90  -112.98    70.95  -143.43
D   G   49     56.22   168.45    47.66    81.98  -138.56   -85.66  -173.79
D   U   50    -58.29   156.68    70.77    81.88  -150.32   -60.61  -146.86
D   C   51    -75.65   169.64    58.17    76.15  -137.68   -70.67  -157.08
D   G   52    -75.45   168.37    50.48    75.24  -146.43   -63.83  -171.38
D   G   53    -94.39   141.85   126.73    82.04  -153.22   -50.21  -177.93
D 5MU   54    -91.36  -150.48    52.22    80.54  -117.95   -31.97  -145.27
D PSU   55   -133.37    98.02   166.67    83.00  -147.43   -51.94 -9999.99
D   C   56    167.88  -165.37    46.45    79.68  -157.25   -94.29  -162.30
D   A   57    162.04  -171.42   164.82    80.27  -113.34   -42.71   178.68
D   A   58    -99.34   110.42   172.56    79.32  -126.40   -68.93  -174.39
D   A   59   -173.71  -174.29    53.28    79.44  -152.94   -92.97  -110.65
D   U   60    172.62   175.80   159.71   147.75   -95.57   -37.96  -149.30
D   C   61   -122.43  -150.51    54.56    81.45  -162.50  -110.35  -161.02
D   C   62    171.54  -117.55   166.74    79.13  -120.46   -90.05  -158.68
D   G   63    -78.48   176.67    34.39    77.39  -124.09  -101.76   174.39
D   G   64    -16.21   121.08    69.18    83.24  -162.19  -100.30  -133.59
D   C   65    -47.75   145.58    57.63    80.86  -158.05   -55.39  -139.45
D   C   66    177.42  -131.21   132.92    81.76   -89.62  -111.91  -155.57
D   C   67    -49.11   106.46    76.67    86.22  -174.11  -119.62  -135.79
D   C   68    -80.96   158.85    55.79    78.62  -157.79   -73.95  -122.82
D   C   69    -58.23   172.46    43.17    74.39  -136.38   -82.36  -156.91
D   G   70    -39.59   161.46    42.09    74.32  -123.08  -123.12   176.84
D   C   71    -12.95   132.06    37.33    79.83  -146.85   -73.82  -154.50
D   A   72    -56.12   164.53    52.29    80.33  -119.58  -115.35  -177.36
D   A   73    -35.15   128.66    50.65    75.08  -150.65   -81.29  -157.30
D   C   74    -66.92   169.77    61.34    81.56  -139.03   -83.11  -160.33
D   C   75    -52.14   156.88    58.14    83.15  -105.62   159.32  -114.59
D   A   76    -90.94   145.67    37.83    80.16 -9999.99 -9999.99  -176.14
