The backbone torsional angle for nucleic acid 

 
Note: alpha:   O3'(i-1)-P-O5'-C5'
      beta:    P-O5'-C5'-C4'
      gamma:   O5'-C5'-C4'-C3'
      delta:   C5'-C4'-C3'-O3'
      epsilon: C4'-C3'-O3'-P(i+1)
      zeta:    C3'-O3'-P(i+1)-O5'(i+1)

      chi for pyrimidines(Y): O4'-C1'-N1-C2
          chi for purines(R): O4'-C1'-N9-C4

    (The number -9999.99 means that the angle can not be calculated) 

Ch Res  Num    alpha    beta     gamma    delta  epsilon    zeta     chi
A   A    1  -9999.99  -148.28    64.30   131.89    35.00   -77.85  -143.15
A   G    2    179.29  -147.47   128.39    80.16  -134.57   140.23    64.74
A   C    3    -75.44   160.62    44.91    84.07  -140.21   -80.02  -170.27
A   U    4    -55.67   170.58    45.13    78.65  -150.84   -70.78  -159.55
A   C    5    -65.27   165.08    59.49    75.74  -153.43   -79.45  -157.56
A   G    6    -54.23   167.95    50.93    81.72  -148.93   -74.64  -159.63
A   C    7    -63.88   167.80    58.18    80.08  -152.96   -75.67  -158.78
A   C    8    -60.26   171.64    58.00    76.34  -152.36   -58.97  -153.08
A   A    9    173.01   177.48   -69.07   151.66  -105.45  -133.40    56.43
A   G   10    -46.94   142.30    50.20   148.06  -146.60   131.21   -94.71
A   U   11    -60.91   155.28    40.24   152.05   -73.79   119.41  -145.26
A   U   12    -96.10   124.75    85.62   103.77  -103.78   146.44   -95.95
A   A   13    -60.87  -145.92    62.54   157.67  -131.42   104.93   -98.45
A   G   14    -77.77   155.62    38.16    82.20  -147.30   -76.45  -170.19
A   C   15    -56.59   172.41    43.95    79.14  -157.17   -68.88  -159.80
A   G   16    -60.35   173.93    51.05    76.57  -157.90   -67.33  -163.76
A   A   17    -65.94   176.43    53.06    78.54  -147.30   -67.98  -159.57
A   G   18    -73.88   164.74    63.42    78.93  -149.36   -71.54  -173.21
A   G   19    -52.57   173.78    43.35    80.75  -150.41   -65.77  -165.09
A   U   20    -61.05   168.67    53.66    82.22  -146.60   -78.16  -158.76
A   C   21    -65.36   166.64    55.53    81.93  -141.25   -79.24  -164.01
A   U   22    -51.96   165.17    41.52    79.45  -143.29   -80.23  -162.37
A   G   23    -60.32   160.63    58.69    77.08  -156.07   -70.69  -168.14
A   U   24    -61.94   173.29    56.94    80.74  -151.90   -72.39  -161.97
A   C   25    -61.87   174.29    50.46    81.78  -157.29    58.04  -150.63
A   U   26    176.85   146.34    36.68   150.36   -91.08    86.30  -129.57
A   C   27     66.38  -157.66  -162.72   148.51  -100.30   -66.37   -76.00
A   G   28    173.15   173.66    42.32    85.29  -144.08   -71.21  -173.29
A   A   29    -68.79   168.06    55.60    82.89  -161.52   -70.25  -163.62
A   C   30   -100.22   179.30    85.80    72.19  -152.39   -79.87  -166.23
A   A   31    -50.64   165.06    50.81    77.75  -140.14   -69.65  -171.90
A   C   32    -59.56   170.16    62.89    75.60  -141.97   -63.09  -173.88
A   G   33    -58.83   162.99    55.01    78.48  -146.63   -82.41  -168.44
A   A   34    -49.39   162.66    46.18    80.64  -147.64   -71.21  -162.53
A   C   35    -55.53   167.36    51.32    77.91  -149.86   -72.64  -159.29
A   A   36    -62.81   171.65    54.75    77.08  -151.17   -78.38  -159.39
A   G   37    -54.00   169.72    47.18    75.80  -155.37   -62.51  -159.77
A   A   38    -68.96   176.35    54.45    79.38  -147.63   -69.89  -162.77
A   U   39    -63.72   170.96    60.48    83.86  -132.00   143.72  -153.25
A   A   40    -55.65   177.23    53.07    80.85  -139.27   -71.87  -164.39
A   A   41    -51.96   163.05    52.87    85.75  -155.25   -76.61  -158.91
A   U   42    -52.85   166.71    67.27   151.79  -136.49  -173.61  -128.95
A   C   43    -75.23  -147.91    32.39    76.35  -157.88   -72.83  -173.36
A   G   44    -64.32  -179.83    51.84    80.57  -150.77   -65.09  -163.55
A   G   45    -71.69   173.72    60.77    79.18  -152.51   -75.69  -166.32
A   G   46    -49.26   164.68    56.58    78.57  -149.28   -68.56  -166.04
A   U   47    -66.76   176.25    52.23    80.86  -123.00   -73.54  -153.27
A   G   48    -63.32   159.75    51.21    85.80  -146.10   -65.91  -151.74
A   C   49    167.07   151.76    60.20    80.86  -129.41   -76.75  -168.22
A   A   50    -51.16   166.35    49.87    88.30  -141.85   -63.92  -145.26
A   A   51    -63.35  -152.32    55.73   140.60   -96.41   178.51   -83.67
A   C   52     93.00  -158.14    62.46    80.68  -145.69   -53.15  -174.00
A   U   53    -64.90   178.50    60.27   143.73   -93.43   -71.51  -121.95
A   C   54    -89.28   176.21    39.64    78.66  -152.04   -77.39  -171.55
A   C   55    -63.51   179.82    49.68    80.59  -147.73   -80.00  -161.73
A   C   56    -48.74   171.33    42.98    80.40  -154.77   -70.62  -162.67
A   G   57    -60.55   173.59    53.34    83.27  -151.88   -73.95  -163.93
A   C   58    -56.33   172.37    47.55    82.34  -149.92   -74.13  -158.98
A   C   59    -52.34   159.67    51.86    82.57  -150.31   -72.52  -160.36
A   C   60    -62.84   173.96    51.64    81.74  -129.69   -72.28  -156.40
A   C   61    -63.35  -174.81    50.27    79.53  -142.34   -67.88  -159.09
A   U   62    -62.45  -174.86    56.16   145.54   -98.07  -101.23  -125.60
A   C   63     77.21  -160.07    52.52   153.68   -96.90   -89.39  -156.02
A   U   64    -76.78   161.63    48.44   147.03  -121.11  -162.80   -93.36
A   U   65     55.35  -132.74  -153.48    84.00  -139.97   -75.35  -159.75
A   C   66    -58.97   169.04    45.17    77.60  -157.20   -62.04  -160.32
A   C   67    -73.87  -179.35    52.50    78.84  -149.25   -69.22  -157.98
A   G   68    -56.47   172.39    49.33    76.15  -146.70   -77.69  -160.85
A   A   69    -61.01   161.09    57.55    81.55  -155.99   -60.09  -162.07
A   G   70    -81.34   166.13    80.64    70.73  -140.81   -83.29  -178.23
A   G   71    -52.77   158.92    55.57    85.21  -154.39   -76.02  -173.29
A   G   72    -62.29  -176.39    66.00   151.10   -98.14   147.73  -127.48
A   U   73    -70.32   166.26    33.55   145.49  -115.41    68.87  -131.49
A   C   74     85.64  -176.52    64.52   147.26   -96.69   -67.74  -132.45
A   A   75    -58.41  -163.58    51.28    90.07  -111.33   -72.40  -136.59
A   U   76    -65.24   -76.53   -74.34   160.40  -152.34  -108.39   -96.25
A   C   77   -100.87   121.24    92.69    65.63  -152.64   -84.20  -160.04
A   G   78    -42.70   167.76    38.34    75.28  -155.34   -69.42  -157.80
A   G   79    -75.33   168.96    65.43    77.68  -155.04   -69.43  -162.67
A   A   80    -56.39   171.59    51.02    81.14  -149.78   -62.04  -155.16
A   A   81    -82.91   160.14    89.24    83.96  -123.99   -53.27  -159.28
A   C   82    -70.35   148.31    58.47    82.58  -137.29   -63.47  -155.75
A   C   83    172.55   165.23    54.33    85.77  -132.97   -95.96  -166.45
A A23   84     80.86  -157.08  -102.74  -177.75 -9999.99 -9999.99  -138.65
