PDB data file name: tRNA_dataset/4p5j_chain_A.pdb_new
uncommon residue A23   84  on chain A [#84] assigned to: a
-----------------------------------------------------------
CRITERIA USED TO GENERATE BASE-PAIR: 
  3.40 --> upper H-bond length limits (ON..ON).
 26.00 --> max. distance between paired base origins.
  2.50 --> max. vertical distance between paired base origins.
 65.00 --> max. angle between paired bases [0-90].
  5.40 --> min. distance between RN9/YN1 atoms.
  8.00 --> max. distance criterion for helix break[0-12]
-----------------------------------------------------------
BASE-PAIR INSTRUCTIONS: 
Column 1 is rnaview assigned base numbers n1_n2, start from 1.
Column 2 & 3 are chain ID & residue number in input PDB file.
Column 4 is for base pair. The left & right are the bases as 
         identified by column 2 & 3 and 5 & 6.
Column 5 & 6 are residue number & chain ID in input PDB file.
Column 7 is for base pair annotation. The standard Watson-Crick
         (W.C.) pairs are annotated as -/- (AU,AT) or +/+ (GC).
         Other pairs are annotated as Leontis_Westhof Classification.
         The three edges: W(Watson-Crick); H(Hoogsteen); S(suger).
         e.g. W/H means the pair is edge of Watson-Crick & Hoogsteen.
Column 8 is glycosidic bond orientation (either cis or trans).
         e.g. 'W/H cis' means the pair is interaction on Watson-Crick
         and Hoogsteen side, glycosidic bond orientation is 'cis'.
Column 9 corresponds to Saenger Classification.

Other columns: 
        Syn sugar-base conformations are annotated as (syn).
        Stacked base pairs are annotated as (stack).
        Non-identified edges are annotated as (.) or (?)
        Tertiary interactions are marked by (!) in the line.
Reference:
Yang et al (2003) Nucleic Acids Research, Vol31,No13,p3450-3461.
-----------------------------------------------------------
BEGIN_base-pair
     2_74, A:     2 G-C    74 A: +/+ cis    syn    XIX
     3_18, A:     3 C-G    18 A: +/+ cis         XIX
     4_17, A:     4 U-A    17 A: -/- cis         XX
     5_16, A:     5 C-G    16 A: +/+ cis         XIX
     6_15, A:     6 G-C    15 A: +/+ cis         XIX
     7_14, A:     7 C-G    14 A: +/+ cis         XIX
     8_52, A:     8 C-C    52 A: W/W tran        XIV,XV
     9_48, A:     9 A-G    48 A: H/S tran   syn    XI
    10_11, A:    10 G-U    11 A: S/H cis         n/a
    10_49, A:    10 G-C    49 A: +/+ cis         XIX
    11_12, A:    11 U-U    12 A:      stacked
    14_52, A:    14 G-C    52 A:      stacked
    19_39, A:    19 G-U    39 A: W/W cis         XXVIII
    20_38, A:    20 U-A    38 A: -/- cis         XX
    21_37, A:    21 C-G    37 A: +/+ cis         XIX
    22_36, A:    22 U-A    36 A: -/- cis         XX
    23_35, A:    23 G-C    35 A: +/+ cis         XIX
    24_34, A:    24 U-A    34 A: -/- cis         XX
    25_33, A:    25 C-G    33 A: +/+ cis         XIX
    43_57, A:    43 C-G    57 A: +/+ cis         XIX
    44_56, A:    44 G-C    56 A: +/+ cis         XIX
    45_55, A:    45 G-C    55 A: +/+ cis         XIX
    46_54, A:    46 G-C    54 A: +/+ cis         XIX
    47_51, A:    47 U-A    51 A: W/H tran     syn  XXIV
    58_72, A:    58 C-G    72 A: +/+ cis         XIX
    59_71, A:    59 C-G    71 A: +/+ cis         XIX
    60_70, A:    60 C-G    70 A: +/+ cis         XIX
    63_83, A:    63 C-C    83 A: W/W tran        XIV,XV
    64_81, A:    64 U-A    81 A: -/- cis         XX
    65_80, A:    65 U-A    80 A: -/- cis         XX
    66_79, A:    66 C-G    79 A: +/+ cis         XIX
    67_78, A:    67 C-G    78 A: +/+ cis         XIX
    68_77, A:    68 G-C    77 A: +/+ cis         XIX
    69_76, A:    69 A-U    76 A: -/- cis         XX
    71_75, A:    71 G-A    75 A: S/s cis         n/a
    72_73, A:    72 G-U    73 A: S/H cis         n/a
    81_82, A:    81 A-C    82 A:      stacked
    26_32, A:    26 U-C    32 A: W/W cis         !1H(b_b)
    61_77, A:    61 C-C    77 A: S/H cis         !1H(b_b).
    59_75, A:    59 C-A    75 A: S/W tran        !(b_s)
      2_3, A:     2 G-C     3 A: S/S cis    syn    !(s_s)
     2_39, A:     2 G-U    39 A: S/S cis    syn    !(s_s)
    12_50, A:    12 U-A    50 A: W/S tran        !(s_s)
    13_14, A:    13 A-G    14 A: S/H cis         !(s_s)
    42_72, A:    42 U-G    72 A: S/S cis         !(s_s)
    51_53, A:    51 A-U    53 A: S/S tran   syn    !(s_s)
    53_54, A:    53 U-C    54 A: S/H cis         !(s_s)
    82_84, A:    82 C-a    84 A: S/S tran        !(s_s)
END_base-pair

Summary of triplets and higher multiplets
BEGIN_multiplets
10_11_49_| [1 3]  A: 10 G  +  A: 11 U  +  A: 49 C
58_72_73_| [2 3]  A: 58 C  +  A: 72 G  +  A: 73 U
59_71_75_| [3 3]  A: 59 C  +  A: 71 G  +  A: 75 A
END_multiplets

  The total base pairs =  34 (from   84 bases)
------------------------------------------------
 Standard  WW--cis  WW-tran  HH--cis  HH-tran  SS--cis  SS-tran
       26        1        2        0        0        1        0
  WH--cis  WH-tran  WS--cis  WS-tran  HS--cis  HS-tran
        0        1        0        0        2        1
------------------------------------------------
