PDB data file name: ./Datasets/pdb_select_tRNA/2d6f_E.pdb_new
-----------------------------------------------------------
CRITERIA USED TO GENERATE BASE-PAIR: 
  3.40 --> upper H-bond length limits (ON..ON).
 26.00 --> max. distance between paired base origins.
  2.50 --> max. vertical distance between paired base origins.
 65.00 --> max. angle between paired bases [0-90].
  5.40 --> min. distance between RN9/YN1 atoms.
  8.00 --> max. distance criterion for helix break[0-12]
-----------------------------------------------------------
BASE-PAIR INSTRUCTIONS: 
Column 1 is rnaview assigned base numbers n1_n2, start from 1.
Column 2 & 3 are chain ID & residue number in input PDB file.
Column 4 is for base pair. The left & right are the bases as 
         identified by column 2 & 3 and 5 & 6.
Column 5 & 6 are residue number & chain ID in input PDB file.
Column 7 is for base pair annotation. The standard Watson-Crick
         (W.C.) pairs are annotated as -/- (AU,AT) or +/+ (GC).
         Other pairs are annotated as Leontis_Westhof Classification.
         The three edges: W(Watson-Crick); H(Hoogsteen); S(suger).
         e.g. W/H means the pair is edge of Watson-Crick & Hoogsteen.
Column 8 is glycosidic bond orientation (either cis or trans).
         e.g. 'W/H cis' means the pair is interaction on Watson-Crick
         and Hoogsteen side, glycosidic bond orientation is 'cis'.
Column 9 corresponds to Saenger Classification.

Other columns: 
        Syn sugar-base conformations are annotated as (syn).
        Stacked base pairs are annotated as (stack).
        Non-identified edges are annotated as (.) or (?)
        Tertiary interactions are marked by (!) in the line.
Reference:
Yang et al (2003) Nucleic Acids Research, Vol31,No13,p3450-3461.
-----------------------------------------------------------
BEGIN_base-pair
     1_71, E:   901 A-U   972 E: -/- cis         XX
    48_64, E:   949 A-U   965 E: -/- cis         XX
     4_68, E:   904 C-G   969 E: +/+ cis         XIX
     5_67, E:   905 C-G   968 E: +/+ cis         XIX
     6_66, E:   906 C-G   967 E: +/+ cis         XIX
    27_43, E:   927 C-G   943 E: +/+ cis         XIX
    50_62, E:   951 C-G   963 E: +/+ cis         XIX
     2_70, E:   902 G-C   971 E: +/+ cis         XIX
    11_24, E:   911 G-C   924 E: +/+ cis         XIX
    18_55, E:   918 G-C   956 E: +/+ cis         XIX
    29_41, E:   929 G-C   941 E: +/+ cis         XIX
    30_40, E:   930 G-C   940 E: +/+ cis         XIX
    31_39, E:   931 G-C   939 E: +/+ cis         XIX
    49_63, E:   950 G-C   964 E: +/+ cis         XIX
    51_61, E:   952 G-C   962 E: +/+ cis         XIX
    52_60, E:   953 G-C   961 E: +/+ cis         XIX
     3_69, E:   903 U-A   970 E: -/- cis         XX
    48_65, E:   949 A-C   966 E: W/W cis         n/a
    20_59, E:   920 A-U   960 E: W/W cis         n/a
     7_65, E:   907 G-C   966 E: W/W cis         n/a
    10_25, E:   910 G-U   925 E: W/W cis         XXVIII
    28_42, E:   928 U-G   942 E: W/W cis         XXVIII
    15_47, E:   915 G-C   948 E: W/W tran        XXII
     8_21, E:   908 U-A   921 E: W/W tran        XXI
    16_58, E:   916 U-C   959 E: W/W tran        XVII
     8_14, E:   908 U-A   914 E: W/H tran        XXIV
    53_57, E:   954 U-A   958 E: W/H tran        XXIV
    17_54, E:   917 G-U   955 E: W/S tran        n/a
    22_46, E:   922 U-A   947 E: H/W tran        XXIV
     9_23, E:   909 G-C   923 E: H/H tran        n/a
END_base-pair

Summary of triplets and higher multiplets
BEGIN_multiplets
7_48_65_| [1 3]  E: 907 G  +  E: 949 A  +  E: 966 C
8_14_21_| [2 3]  E: 908 U  +  E: 914 A  +  E: 921 A
END_multiplets

  The total base pairs =  30 (from   72 bases)
------------------------------------------------
 Standard  WW--cis  WW-tran  HH--cis  HH-tran  SS--cis  SS-tran
       17        5        3        0        1        0        0
  WH--cis  WH-tran  WS--cis  WS-tran  HS--cis  HS-tran
        0        3        0        1        0        0
------------------------------------------------
