PDB data file name: ./Datasets/pdb_select_tRNA_NoCopie/8p2f_D.pdb_new
-----------------------------------------------------------
CRITERIA USED TO GENERATE BASE-PAIR: 
  3.40 --> upper H-bond length limits (ON..ON).
 26.00 --> max. distance between paired base origins.
  2.50 --> max. vertical distance between paired base origins.
 65.00 --> max. angle between paired bases [0-90].
  5.40 --> min. distance between RN9/YN1 atoms.
  8.00 --> max. distance criterion for helix break[0-12]
-----------------------------------------------------------
BASE-PAIR INSTRUCTIONS: 
Column 1 is rnaview assigned base numbers n1_n2, start from 1.
Column 2 & 3 are chain ID & residue number in input PDB file.
Column 4 is for base pair. The left & right are the bases as 
         identified by column 2 & 3 and 5 & 6.
Column 5 & 6 are residue number & chain ID in input PDB file.
Column 7 is for base pair annotation. The standard Watson-Crick
         (W.C.) pairs are annotated as -/- (AU,AT) or +/+ (GC).
         Other pairs are annotated as Leontis_Westhof Classification.
         The three edges: W(Watson-Crick); H(Hoogsteen); S(suger).
         e.g. W/H means the pair is edge of Watson-Crick & Hoogsteen.
Column 8 is glycosidic bond orientation (either cis or trans).
         e.g. 'W/H cis' means the pair is interaction on Watson-Crick
         and Hoogsteen side, glycosidic bond orientation is 'cis'.
Column 9 corresponds to Saenger Classification.

Other columns: 
        Syn sugar-base conformations are annotated as (syn).
        Stacked base pairs are annotated as (stack).
        Non-identified edges are annotated as (.) or (?)
        Tertiary interactions are marked by (!) in the line.
Reference:
Yang et al (2003) Nucleic Acids Research, Vol31,No13,p3450-3461.
-----------------------------------------------------------
BEGIN_base-pair
     1_73, D:     1 C-A    72 D: W/W cis         n/a
     2_72, D:     2 G-C    71 D: +/+ cis         XIX
     3_71, D:     3 C-G    70 D: +/+ cis         XIX
     4_70, D:     4 G-C    69 D: +/+ cis         XIX
     5_69, D:     5 G-C    68 D: +/+ cis         XIX
     6_68, D:     6 G-C    67 D: +/+ cis         XIX
     6_69, D:     6 G-C    68 D:      stacked
     7_67, D:     7 G-C    66 D: +/+ cis         XIX
     8_14, D:     8 U-A    14 D: W/H tran        XXIV
    10_26, D:    10 G-C    25 D: +/+ cis         XIX
    11_25, D:    11 A-U    24 D: -/- cis         XX
    11_26, D:    11 A-C    25 D:      stacked
    12_24, D:    12 G-C    23 D: +/+ cis         XIX
    13_23, D:    13 C-G    22 D: +/+ cis         XIX
    15_49, D:    15 G-C    48 D: W/W tran        XXII
    27_45, D:    26 G-A    44 D: W/W cis         VIII
    28_44, D:    27 U-A    43 D: -/- cis         XX
    29_43, D:    28 C-G    42 D: +/+ cis         XIX
    30_42, D:    29 G-C    41 D: +/+ cis         XIX
    31_41, D:    30 G-C    40 D: +/+ cis         XIX
    32_40, D:    31 G-C    39 D: +/+ cis         XIX
    50_66, D:    49 G-C    65 D: +/+ cis         XIX
    51_65, D:    50 U-G    64 D: W/W cis         XXVIII
    52_64, D:    51 C-G    63 D: +/+ cis         XIX
    52_65, D:    51 C-G    64 D:      stacked
    53_63, D:    52 G-C    62 D: +/+ cis         XIX
    54_62, D:    53 G-C    61 D: +/+ cis         XIX
    63_64, D:    62 C-G    63 D:      stacked
    10_46, D:    10 G-G    45 D: H/S cis         !1H(b_b)
    23_47, D:    22 G-G    46 D: H/W tran        !1H(b_b)
    17_61, D:    17 C-U    60 D: ?/S cis         !(s_s)
    18_19, D:    17 U-G    18 D: S/? tran        !(s_s)
    21_60, D:    20 U-A    59 D: ?/. cis         !(s_s)
    21_61, D:    20 U-U    60 D: ?/W tran        !(s_s)
    34_37, D:    33 U-U    36 D: S/H tran        !(s_s)
    48_49, D:    47 U-C    48 D: S/H cis         !(s_s)
    56_58, D:    55 U-A    57 D: S/H tran   syn    !(s_s)
    61_62, D:    60 U-C    61 D: S/H cis         !(s_s)
    76_77, D:    75 C-A    76 D: S/? tran        !(s_s)
END_base-pair
  The total base pairs =  24 (from   77 bases)
------------------------------------------------
 Standard  WW--cis  WW-tran  HH--cis  HH-tran  SS--cis  SS-tran
       19        3        1        0        0        0        0
  WH--cis  WH-tran  WS--cis  WS-tran  HS--cis  HS-tran
        0        1        0        0        0        0
------------------------------------------------
