PDB data file name: ./Datasets/pdb_select_tRNA/6y2l_B.pdb_new
-----------------------------------------------------------
CRITERIA USED TO GENERATE BASE-PAIR: 
  3.40 --> upper H-bond length limits (ON..ON).
 26.00 --> max. distance between paired base origins.
  2.50 --> max. vertical distance between paired base origins.
 65.00 --> max. angle between paired bases [0-90].
  5.40 --> min. distance between RN9/YN1 atoms.
  8.00 --> max. distance criterion for helix break[0-12]
-----------------------------------------------------------
BASE-PAIR INSTRUCTIONS: 
Column 1 is rnaview assigned base numbers n1_n2, start from 1.
Column 2 & 3 are chain ID & residue number in input PDB file.
Column 4 is for base pair. The left & right are the bases as 
         identified by column 2 & 3 and 5 & 6.
Column 5 & 6 are residue number & chain ID in input PDB file.
Column 7 is for base pair annotation. The standard Watson-Crick
         (W.C.) pairs are annotated as -/- (AU,AT) or +/+ (GC).
         Other pairs are annotated as Leontis_Westhof Classification.
         The three edges: W(Watson-Crick); H(Hoogsteen); S(suger).
         e.g. W/H means the pair is edge of Watson-Crick & Hoogsteen.
Column 8 is glycosidic bond orientation (either cis or trans).
         e.g. 'W/H cis' means the pair is interaction on Watson-Crick
         and Hoogsteen side, glycosidic bond orientation is 'cis'.
Column 9 corresponds to Saenger Classification.

Other columns: 
        Syn sugar-base conformations are annotated as (syn).
        Stacked base pairs are annotated as (stack).
        Non-identified edges are annotated as (.) or (?)
        Tertiary interactions are marked by (!) in the line.
Reference:
Yang et al (2003) Nucleic Acids Research, Vol31,No13,p3450-3461.
-----------------------------------------------------------
BEGIN_base-pair
     1_72, B:     1 G-C    72 B: H/W cis    syn    n/a
     1_73, B:     1 G-A    73 B: syn    stacked
     2_71, B:     2 C-G    71 B: +/+ cis         XIX
      3_4, B:     3 C-C     4 B:      stacked
     3_70, B:     3 C-G    70 B: +/+ cis         XIX
     4_69, B:     4 C-G    69 B: +/+ cis         XIX
     5_68, B:     5 G-C    68 B: +/+ cis         XIX
     6_67, B:     6 G-C    67 B: +/+ cis         XIX
     7_66, B:     7 A-U    66 B: -/- cis         XX
     8_14, B:     8 U-A    14 B: W/H tran        XXIV
     9_23, B:     9 A-A    23 B: H/H tran   syn    II
    10_25, B:    10 G-C    25 B: W/W cis         n/a
    11_24, B:    11 C-G    24 B: +/+ cis         XIX
    12_23, B:    12 U-A    23 B: -/- cis         XX
    13_22, B:    13 C-G    22 B: +/+ cis         XIX
    15_16, B:    15 G-U    16 B:      stacked
    15_48, B:    15 G-C    48 B: W/W tran        XXII
    16_59, B:    16 U-U    59 B: W/S tran        n/a
    19_56, B:    19 G-C    56 B: +/+ cis         XIX
    22_46, B:    22 G-G    46 B: H/W tran     syn  VII
    26_44, B:    26 A-G    44 B: W/W cis         VIII
    27_43, B:    27 G-C    43 B: +/+ cis         XIX
    28_42, B:    28 G-C    42 B: +/+ cis         XIX
    29_41, B:    29 G-C    41 B: +/+ cis         XIX
    30_40, B:    30 G-C    40 B: +/+ cis         XIX
    31_39, B:    31 A-U    39 B: -/- cis         XX
    32_38, B:    32 U-A    38 B: W/W cis         n/a
    48_59, B:    48 C-U    59 B:      stacked
    49_65, B:    49 C-G    65 B: +/+ cis         XIX
    49_66, B:    49 C-U    66 B:      stacked
    50_51, B:    50 U-U    51 B:      stacked
    50_64, B:    50 U-A    64 B: -/- cis         XX
    51_52, B:    51 U-G    52 B:      stacked
    51_63, B:    51 U-G    63 B: W/W cis         XXVIII
    52_62, B:    52 G-C    62 B: +/+ cis         XIX
    53_61, B:    53 G-C    61 B: +/+ cis         XIX
    54_58, B:    54 U-A    58 B: W/H tran     syn  XXIV
    67_68, B:    67 C-C    68 B:      stacked
    72_73, B:    72 C-A    73 B:      stacked
    75_76, B:    75 C-A    76 B:      stacked
    15_59, B:    15 G-U    59 B: W/S tran        !1H(b_b)
    18_55, B:    18 G-U    55 B: W/S tran        !1H(b_b)
     8_21, B:     8 U-A    21 B: S/W tran        !(b_s)
     9_11, B:     9 A-C    11 B: S/H cis    syn    !(b_s)
    33_36, B:    33 U-A    36 B: W/H tran        !(s_s)
    47_48, B:    47 U-C    48 B: S/. tran        !(s_s)
    55_57, B:    55 U-G    57 B: S/S tran        !(s_s)
END_base-pair

Summary of triplets and higher multiplets
BEGIN_multiplets
9_12_23_| [1 3]  B: 9 A  +  B: 12 U  +  B: 23 A
13_22_46_| [2 3]  B: 13 C  +  B: 22 G  +  B: 46 G
END_multiplets

  The total base pairs =  30 (from   76 bases)
------------------------------------------------
 Standard  WW--cis  WW-tran  HH--cis  HH-tran  SS--cis  SS-tran
       19        4        1        0        1        0        0
  WH--cis  WH-tran  WS--cis  WS-tran  HS--cis  HS-tran
        1        3        0        1        0        0
------------------------------------------------
