The backbone torsional angle for nucleic acid 

 
Note: alpha:   O3'(i-1)-P-O5'-C5'
      beta:    P-O5'-C5'-C4'
      gamma:   O5'-C5'-C4'-C3'
      delta:   C5'-C4'-C3'-O3'
      epsilon: C4'-C3'-O3'-P(i+1)
      zeta:    C3'-O3'-P(i+1)-O5'(i+1)

      chi for pyrimidines(Y): O4'-C1'-N1-C2
          chi for purines(R): O4'-C1'-N9-C4

    (The number -9999.99 means that the angle can not be calculated) 

Ch Res  Num    alpha    beta     gamma    delta  epsilon    zeta     chi
D   G    1  -9999.99 -9999.99    62.52    85.85  -149.68   -61.14  -172.04
D   C    2    -65.44   173.73    57.94    83.23  -147.22   -72.44  -157.07
D   C    3    -67.41   164.14    62.51    85.10  -155.65   -69.12  -159.91
D   C    4    -82.38  -179.69    59.12    78.77  -155.74   -65.04  -148.38
D   G    5    -68.98  -179.52    52.38    78.06  -155.18   -81.14  -140.51
D   G    6    -69.51   167.71    57.86    82.47  -154.15   -83.57  -172.01
D   A    7    -32.41   145.20    71.48    90.06  -168.87    63.00  -170.54
D   U    8   -144.16  -142.29    47.21    78.46  -153.95  -157.78  -157.53
D   A    9     51.56   131.96    -8.34    80.27    63.47   123.73   -94.63
D   G   10    104.28  -144.56    64.48    90.43  -155.79   -66.88  -179.04
D   C   11    -78.92  -171.14    55.08    86.30  -152.69   -70.55  -164.76
D   U   12    -74.09   169.41    57.19    82.09  -145.52   -58.22  -158.00
D   C   13    -81.80   170.24    74.91    75.26  -178.54   -89.01  -163.27
D   A   14    166.81  -167.36   174.69    83.39  -137.14   -50.66   177.27
D   G   15    -75.90  -175.21    63.14    85.54  -155.78   -88.17  -163.70
D   U   16    -49.44   157.61    57.74    85.53   -77.87  -124.65  -164.06
D   C   17     74.70    87.60   122.46    87.34  -119.24    64.80    59.41
D   G   18     61.32   138.60    62.21    94.11  -158.80   -78.59  -137.72
D   G   19    -84.95  -138.93    63.97    93.17    62.98  -113.83   -93.59
D   U   20    141.14   163.50   -66.28    84.55  -143.86   -96.95  -151.05
D   A   21   -122.08    78.78   150.11    88.74  -118.61  -135.56  -177.70
D   G   22    155.17  -132.47   162.25    86.54  -150.94   -79.19  -160.73
D   A   23    -91.37  -179.72    50.65    77.54  -165.08   -77.52  -148.52
D   G   24    -67.62   166.01    59.57    83.60  -148.60   -66.64  -157.07
D   C   25    -80.79   171.30    62.69    82.55  -158.41   -57.46  -159.94
D   A   26    -81.45  -171.35    52.90    82.07  -148.39   -64.28  -168.18
D   G   27    -63.99   173.66    50.51    81.47  -143.42   -81.92  -177.40
D   G   28    -53.08   166.98    53.74    81.82  -143.75   -76.43  -177.57
D   G   29    -69.30   176.42    53.85    80.66  -153.68   -66.90  -172.73
D   G   30    -61.57   179.60    57.50    79.69  -156.45   -68.72  -164.95
D   A   31    -69.86   163.76    75.61    83.33  -135.25   -64.26  -171.63
D   U   32    -61.80   169.33    56.51    97.06    56.33   142.01  -126.56
D   U   33    -60.02   156.59    43.90    96.62  -172.40   179.12  -146.78
D   G   34     18.66   152.33    19.56    94.67   171.37  -143.88    22.83
D   A   35    -14.08  -136.07   140.15   117.94  -145.25   -63.56  -101.47
D   A   36   -125.15  -135.99    73.87    92.57    68.42   -41.21  -154.07
D   A   37   -179.29   110.27    46.13   126.79   -66.68   -90.53  -128.10
D   A   38    -22.34   147.06    48.63    83.52  -131.52   -69.43  -174.72
D   U   39    -61.34   167.26    52.29    77.61  -165.94   -64.20  -158.88
D   C   40    165.08  -178.24   170.56    85.06  -135.29   -96.18  -174.47
D   C   41     -7.35   163.86     4.61    88.07  -160.66   -65.39  -151.19
D   C   42    -78.24   175.42    63.53    83.92  -149.85   -72.97  -167.81
D   C   43    -63.70   176.34    56.40    82.92  -145.21   -81.64  -159.83
D   G   44     87.08   169.24   -59.21    84.79    77.54    72.66  -129.77
D   U   45   -171.05  -110.39   156.00    88.31  -152.85  -163.42  -125.80
D   G   46    -88.20   117.94    47.49    87.01  -107.44  -146.32  -119.94
D   U   47     59.87    85.47   168.32    84.66  -171.26    63.27  -132.65
D   C   48     31.02   118.79    55.47    90.72  -167.17   135.46  -159.17
D   C   49     -0.82  -165.76    61.10    88.10  -142.73   -84.48  -144.17
D   U   50    -69.27   172.70    52.83    90.01  -148.64   -62.56  -152.12
D   U   51    -60.62   174.69    48.83    80.91  -157.24   -79.39  -161.91
D   G   52    -70.67   173.58    53.13    80.66  -162.64   -66.91  -170.67
D   G   53    -63.57  -170.71    47.97    80.63  -153.23   -69.66  -163.08
D   U   54    -52.63   169.76    47.80    80.13  -129.09   -70.93  -161.43
D   U   55    -61.82   169.41    51.16    81.73  -140.76   -75.74  -155.41
D   C   56    168.87   177.64    50.25    85.97  -146.07   -64.90  -163.82
D   G   57    -65.73   176.04    49.30    82.10  -150.67   -66.55  -163.40
D   A   58    -54.06  -145.66    56.11    89.10   176.84   -88.52  -110.31
D   U   59    169.97  -169.89    55.14    87.13  -168.75   -69.42  -163.81
D   U   60    171.88  -144.75   159.48    98.28   -74.85   -68.81  -174.49
D   C   61    -96.48  -156.15    55.00    83.56  -147.31   -67.21  -164.38
D   C   62    -68.96   174.41    56.71    80.98  -161.79   -61.52  -155.63
D   G   63    -83.98  -161.75    53.88    81.70  -155.92   -69.60  -164.12
D   A   64    -75.75   172.48    65.71    82.70  -161.73   -68.89  -162.71
D   G   65    -72.38   178.24    57.17    82.69  -150.60   -70.16  -172.48
D   U   66    -61.10   173.41    56.32    83.57  -151.55   -64.48  -158.05
D   C   67    -76.59  -177.91    56.52    82.06  -158.57   -76.55  -146.76
D   C   68    151.06   175.08   168.95    87.11  -129.58   -95.39  -169.24
D   G   69   -177.93  -172.27   169.38    79.15 -9999.99 -9999.99  -163.88
