The backbone torsional angle for nucleic acid 

 
Note: alpha:   O3'(i-1)-P-O5'-C5'
      beta:    P-O5'-C5'-C4'
      gamma:   O5'-C5'-C4'-C3'
      delta:   C5'-C4'-C3'-O3'
      epsilon: C4'-C3'-O3'-P(i+1)
      zeta:    C3'-O3'-P(i+1)-O5'(i+1)

      chi for pyrimidines(Y): O4'-C1'-N1-C2
          chi for purines(R): O4'-C1'-N9-C4

    (The number -9999.99 means that the angle can not be calculated) 

Ch Res  Num    alpha    beta     gamma    delta  epsilon    zeta     chi
C   G    1  -9999.99   167.62    67.23    89.98  -107.86  -158.64   169.51
C   U    2   -101.41   115.26    68.78    84.35   168.89   114.32  -130.16
C   C    3   -115.49   147.23    52.58    91.31   -99.56   162.70  -145.19
C   C    4     37.56  -144.99   172.91    85.94  -161.11   -65.52  -172.24
C   C    5    -78.57  -167.52    51.64    80.70   177.57   -75.52  -157.26
C   C    6    165.94  -163.21   174.47    83.80  -146.61   -46.58   136.67
C   U    7    -72.20  -154.78    48.99    82.85    64.29   108.53  -121.61
C   U    8    116.50  -117.68   168.57    80.34   -92.71   -91.37   175.55
C   C    9   -141.26   119.83   160.28    98.79   -57.64   -75.27  -152.91
C   G   10   -162.99  -175.55    56.62    87.71  -150.74   -65.79  -179.97
C   U   11    -74.02  -174.80    52.42    85.11  -135.34   -90.79  -168.96
C   C   12    -56.59   155.08    52.58    78.72  -158.41   -59.68  -168.53
C   U   13    154.70  -159.83  -174.64    83.51  -152.73   -84.05  -173.87
C   A   14    -66.47  -174.32    50.40    81.60  -134.51   -81.61  -159.84
C   G   15    -47.12   142.02    66.41    79.47   111.28   179.10  -157.03
C   A   16    -84.41    24.09   170.34    81.66  -125.02   168.80    97.49
C   G   17     73.36  -137.95   -43.03    90.17   162.62  -108.57  -135.40
C   G   18   -163.98   -98.51   167.01    89.27  -179.75    43.16  -135.20
C   C   19   -172.83  -133.07    52.95    87.40  -179.81   127.94  -158.61
C   C   20    -42.64  -124.37   149.13    96.89    -8.01    78.55  -164.91
C   C   20     54.85   133.74    54.50    80.62  -148.56   117.19  -139.26
C   A   21    -92.77   179.47    47.98    88.04  -119.44  -151.92  -165.55
C   G   22    -59.25   139.61    47.50    80.70  -148.59   -76.49  -173.96
C   G   23    -63.86   177.85    54.16    81.88  -161.07   -62.83  -158.45
C   A   24    -69.19  -178.23    52.61    85.70  -145.39   -79.81  -151.11
C   C   25    -67.32   160.64    54.28    76.49  -146.16   -68.25  -167.91
C   A   26    -60.45   170.17    62.42    84.74  -137.67   -69.70  -171.01
C   C   27    -62.17   162.89    53.39    82.64  -146.04   -78.45  -164.30
C   C   28    -68.25   173.84    48.77    78.99  -148.25   -75.23  -159.45
C   G   29    -56.63   174.23    51.53    80.74  -152.44   -74.71  -158.89
C   C   30    -54.34   163.24    54.34    80.50  -143.10   -72.35  -157.73
C   C   31    -62.76   163.33    60.06    79.07  -154.91   -60.20  -169.11
C   C   32    -73.63  -169.69    48.91    84.25  -140.33   -57.25  -150.11
C   U   33    -65.49  -171.55    48.53    87.11  -163.37   -87.42  -141.13
C   U   34    161.17  -150.04   -63.32   106.98    61.12   115.28    96.39
C   U   35   -127.70  -158.85    58.66    80.39  -155.96   -70.03  -155.41
C   C   36    -66.74   179.67    47.88    80.19  -155.97   -56.99  -155.71
C   A   37    146.54  -159.16  -171.65    82.37  -137.64   -64.44  -174.95
C   C   38    -46.37   176.66    44.85    80.22  -152.67   -50.07    39.89
C   G   39    -70.61  -179.09    56.80    87.96  -166.32   -64.79  -162.45
C   G   40    -75.13  -170.57    49.66    81.64  -152.20   -69.03  -162.03
C   C   41    -59.44   173.30    55.22    80.41  -143.81   -71.93  -151.56
C   G   42    -59.26   160.61    59.97    75.94  -160.54   -68.37  -169.75
C   G   43    -65.31   178.55    51.53    80.63  -161.41   -81.58  -163.23
C   U   44    -58.16   177.14    51.91    85.71  -126.86   -95.81  -160.42
C   A   45    -39.76   138.39    53.44    81.82  -138.80   -88.99  -138.86
C   A   46    -61.90  -158.57    53.76    84.37   167.95   -72.76  -128.48
C   C   47   -174.17  -125.05  -168.96    98.00  -145.86    84.39  -153.54
C   A   49     38.98   152.94    50.92    88.93  -149.51   -64.05   174.87
C   G   50    -83.02  -167.43    51.30    83.89  -157.87   -70.34  -155.74
C   G   51    -65.32   169.65    54.40    80.57  -138.64   -78.92  -166.08
C   G   52     56.06  -145.57   -83.53    87.18  -167.12   -54.52  -159.49
C   G   53    149.76  -164.27   175.56    80.97  -130.58   -75.79  -174.32
C   U   54    -45.65   169.65    42.16    79.96  -151.80   -61.64  -152.79
C   U   55    151.27  -176.01   175.18    84.32  -104.29   -91.54  -161.94
C   C   56    148.23  -158.57    57.74    79.12   156.10    51.59  -152.63
C   G   57    -66.42   -97.48   -70.20   107.70  -148.49   -46.19  -161.37
C   A   58    -71.15  -143.74    66.40    95.88   168.47   -97.81   -95.02
C   A   59    167.72  -172.24    56.11    86.29  -131.26   -71.92  -179.54
C   U   60    -56.37   151.02    69.30    99.29   -77.21   -78.65  -156.94
C   C   61    -84.10  -176.06    55.19    83.80  -140.41   -88.06  -174.39
C   C   62    -63.48   164.98    53.10    87.33  -156.22   -66.17  -167.04
C   C   63    -68.37  -176.30    50.75    80.61  -128.86  -144.56  -156.16
C   C   64    120.70  -107.25   167.33    80.96  -155.71   -56.41  -173.67
C   U   65    -93.09  -136.61    45.00    81.03  -166.11   -78.76  -157.39
C   A   66    163.84  -164.82   167.59    90.70  -120.96  -106.24   166.60
C   G   67    173.08  -142.73   140.48    92.86  -140.91  -121.57   161.82
C   G   68   -178.42  -134.41   140.85    87.11  -142.18  -124.77   149.02
C   G   69    178.25  -133.31   163.24    86.83   165.18    31.23   172.78
C   G   70    147.05   129.75   169.29    82.87  -140.57   -44.41  -137.96
C   A   71   -151.56   -62.32  -164.34    83.15  -160.25  -126.50  -143.24
C   C   72    135.39   116.26    63.78    85.60  -168.39   -98.01  -132.54
C   G   73    150.36  -111.20   172.95    87.03   -87.03    82.37   179.04
C   C   74     47.18   154.84   177.15    75.81 -9999.99 -9999.99  -137.60
