The backbone torsional angle for nucleic acid 

 
Note: alpha:   O3'(i-1)-P-O5'-C5'
      beta:    P-O5'-C5'-C4'
      gamma:   O5'-C5'-C4'-C3'
      delta:   C5'-C4'-C3'-O3'
      epsilon: C4'-C3'-O3'-P(i+1)
      zeta:    C3'-O3'-P(i+1)-O5'(i+1)

      chi for pyrimidines(Y): O4'-C1'-N1-C2
          chi for purines(R): O4'-C1'-N9-C4

    (The number -9999.99 means that the angle can not be calculated) 

Ch Res  Num    alpha    beta     gamma    delta  epsilon    zeta     chi
B   C    2    -71.06   172.83    54.11    76.19  -144.07   -77.03  -153.85
B   C    3    -67.30   171.25    53.34    73.01  -147.98   -69.00  -163.05
B   C    4    -59.79  -178.13    50.51    76.92  -159.01   -83.85  -157.99
B   G    5    141.45  -155.78  -171.60    82.88  -124.14   -75.96  -178.52
B   G    6    -59.65   157.69    65.52    78.51  -149.57   -80.31  -167.10
B   A    7    -52.01   174.46    64.86   147.40  -107.66   -45.94  -125.04
B   U    8    -65.61  -153.75    57.34    88.82  -124.85   -78.91  -155.35
B   G    9   -177.49   113.42   175.75   145.58   -91.68   -52.23    70.71
B   G   10    -97.52   171.72   -31.50    88.64  -155.85   -61.52  -179.88
B   U   11    -83.77  -161.34    59.56    80.24  -156.67   -73.36  -167.60
B   G   12    -70.51   177.86    55.28    72.05  -157.85   -64.03  -160.30
B   G   13    147.76  -153.59   177.55   100.49  -158.00   -65.97   177.87
B   A   14    -84.97  -162.76    61.23    83.58  -142.30   -71.58  -171.05
B   A   15    -58.35   167.46    45.57    83.37  -156.19    85.20  -148.99
B   U   16   -154.53  -128.69    68.49   138.09   -68.66  -125.70  -124.99
B   C   17    173.86  -129.44    59.35   123.97   -76.46  -110.18    59.83
B   G   18   -117.74   130.24   -43.39   138.36  -144.01  -172.98   -98.08
B   G   19     13.38   158.33    11.03   154.71   -80.94  -164.73   -78.64
B   U   20    -57.93  -163.70    48.99   146.90   -95.94   -70.24  -128.89
B   A   20    -67.83   133.63   176.20    90.15  -147.89   -73.17  -174.03
B   G   21    -62.66   169.63    58.86    88.38  -171.38   165.57  -138.61
B   A   22    -57.61   138.12    47.95    85.75  -126.48   -60.02  -176.72
B   C   23    -60.05   171.05    39.12    80.95  -158.46   -68.42  -158.88
B   A   24    140.23  -164.87  -174.41    85.76  -141.89   -72.44  -174.99
B   C   25    -65.02   174.21    56.64    81.35  -142.88   -69.91  -165.43
B   A   26    -65.63   168.09    55.07    79.47  -150.25   -62.97  -166.01
B   A   27    -71.59   172.88    60.28    75.98  -139.32   -79.45  -166.40
B   G   28    -63.62   163.76    58.55    79.42  -145.54   -71.24  -168.48
B   G   29    -74.48   171.12    65.86    75.86  -144.37   -72.85  -172.71
B   G   30    -74.40   162.76    70.33    73.82  -148.41   -73.06  -174.63
B   A   31    -55.69   173.23    53.72    75.13  -154.43   -81.80  -163.41
B   U   32    163.10  -158.15   161.01    83.88  -109.64   -73.71  -174.05
B   U   33    -54.62   154.79    69.94    79.78 -9999.99 -9999.99  -157.44
B   A   36  -9999.99   127.77    79.58    86.45  -138.75   -69.90  -171.28
B   A   37    -87.31   170.12    70.39    81.76  -141.47   -59.70  -162.46
B   A   38    -76.22   174.20    55.28    81.89  -158.24   -62.63  -155.37
B   U   39    -73.12   174.79    61.91    74.50  -142.75   -78.43  -151.27
B   C   40    -48.10   166.15    42.81    73.47  -170.27   -76.16  -146.13
B   C   41    173.20  -165.49   153.71    80.93  -123.24   -84.21  -168.84
B   C   42    -41.84   163.72    36.20    77.10  -139.92   -77.30  -167.47
B   U   43    -52.92   168.95    47.93    79.48  -141.65   -71.21  -163.43
B   C   44    -61.78   165.23    56.13    76.86  -146.46  -145.33  -156.76
B   G   45     61.00   179.17    69.59    76.41  -142.71   -74.77   178.77
B   G   46    -71.90   172.19    64.63    79.44  -142.31   -80.25  -168.41
B   C   47    -60.31   165.84    53.92    78.91  -141.12   -69.08  -158.63
B   G   47    -89.01   165.75    84.45    77.96 -9999.99 -9999.99  -161.86
B   C   47  -9999.99   126.87    78.27   141.38  -144.50   101.59    -4.27
B   G   47     79.99  -162.03    66.97   153.26   -85.11   -53.38  -106.25
B   C   47   -176.99   152.44   157.81    89.10  -138.85   -70.71  -164.12
B   G   47    -64.59   172.46    45.94    75.68  -154.91   -72.53  -159.05
B   C   47    -68.00   161.97    64.16    75.50  -152.59   -59.60  -156.82
B   U   47    -70.42   173.65    62.21    79.29  -156.61   -62.58  -157.43
B   G   47    -77.44  -179.30    62.35    84.72  -147.96  -100.25  -157.14
B   U   48    -57.47  -157.34    65.79   140.34  -137.99    69.21  -133.86
B   G   49     70.83   135.55    36.62    75.87  -147.81   -69.38   178.80
B   C   50    -68.09  -165.05    49.81    76.78  -156.61   -65.69  -159.44
B   G   51    -69.25  -169.96    50.40    72.32  -164.10   -69.62  -158.61
B   G   52    173.61  -168.18   161.90    80.28  -122.99   -70.22  -179.37
B   G   53    -61.34   160.14    71.84    72.11  -156.72   -67.82  -174.44
B   U   54    -76.46  -171.04    60.45    79.74  -136.79   -68.06  -158.86
B   U   55    -74.21   169.57    63.79    77.22  -137.17   -76.75  -148.08
B   C   56    163.70   174.27    54.71    84.22  -133.93   -70.11  -173.52
B   A   57    -61.51   169.85    49.39    82.61  -155.09   -59.81  -156.60
B   A   58    -71.94  -125.10    63.78   145.67   -89.12  -179.20   -75.07
B   G   59     69.81  -156.16    73.40    89.13  -129.68   -67.29  -163.18
B   U   60    -53.95   163.35    61.41   133.52   -97.17   -69.53  -122.54
B   C   61    -78.10   179.00    36.11    80.05  -148.66   -75.03  -171.75
B   C   62    -67.73   179.87    56.36    81.08  -135.89   -84.76  -170.86
B   C   63    -64.59   170.41    51.54    75.33  -143.73   -74.73  -163.44
B   G   64    -58.77   166.30    58.26    71.54  -156.14   -61.53  -165.91
B   C   65    169.50  -176.35   175.59    83.10  -144.12   -74.55  -174.41
B   U   66    -62.35   179.01    48.83    82.48  -151.69   -64.73  -157.38
B   C   67    -80.42   165.31    71.16    79.12  -150.39   -69.18  -160.86
B   C   68    -69.12   173.30    58.43    75.43  -155.67   -62.21  -159.11
B   G   69   -107.18   172.85    92.91    68.33  -155.74   -60.39  -167.63
B   G   70    -75.52  -169.72    53.08    74.97  -158.31   -59.13  -159.83
B   G   71    -99.25  -175.40    82.24    73.54  -140.76   -62.89  -161.33
B   U   72    -63.74   172.42    55.33    79.01  -148.91   130.91  -160.31
B   A   73    -55.92   130.33    51.50   142.29  -139.17    63.72  -139.97
B   C   74     66.93   158.90    60.63   147.87   -79.30   109.69  -123.70
B   C   75     73.51   129.93    62.49    93.52  -128.36   -85.34  -153.84
B   A   76    -64.48   144.22    66.65    87.45 -9999.99 -9999.99  -142.18
E   G    1  -9999.99   165.15    42.43    86.25 -9999.99 -9999.99  -177.67
E   C    3    -61.02   163.71    50.19    74.75  -141.49   -75.02  -164.56
E   C    4    -61.83   178.35    52.15    76.98  -153.46   -65.60  -164.54
E   G    5    -68.04   170.60    68.85    73.63  -158.93   -68.00  -173.94
E   G    6    -76.07   176.67    68.18    82.71  -154.35   -76.63  -169.28
E   A    7    -69.11   178.03    77.63   140.92   -93.10   -57.73  -131.50
E   U    8    -49.36  -162.97    57.05    86.20  -125.96   -82.92  -152.08
E   G    9    178.94   128.25  -176.88   135.42  -111.99   -51.63    62.12
E   G   10   -179.45  -167.46    38.51    80.18  -154.92   -64.10   179.70
E   U   11    -78.10  -162.11    52.76    79.32  -155.02   -77.18  -167.37
E   G   12    -87.93   175.43    74.56    75.62  -123.76   -66.34  -166.84
E   G   13    -68.58   147.52    89.52    85.57  -163.17   -73.75  -172.50
E   A   14    -81.00  -169.11    71.40    79.32  -144.25   -63.74  -171.09
E   A   15    -77.62   177.73    57.19    84.88  -152.82    73.88  -147.32
E   U   16   -151.05  -129.70    79.25   140.87  -105.29   -85.88  -140.62
E   C   17   -166.41  -127.54    62.59    82.51  -160.99   -79.64    49.37
E   G   18   -168.98  -144.74   -26.00   150.30   -93.98   168.11   -85.22
E   G   19    -54.58   155.96    44.80   145.05   -87.60  -157.52   -88.71
E   U   20    -71.00  -160.86    66.36   135.25   -90.30   -70.55  -131.66
E   A   20    -60.01   136.70   175.50    89.87  -142.21   -75.40  -168.10
E   G   21    -65.35   161.83    68.96    87.08  -149.41   1