The backbone torsional angle for nucleic acid 

 
Note: alpha:   O3'(i-1)-P-O5'-C5'
      beta:    P-O5'-C5'-C4'
      gamma:   O5'-C5'-C4'-C3'
      delta:   C5'-C4'-C3'-O3'
      epsilon: C4'-C3'-O3'-P(i+1)
      zeta:    C3'-O3'-P(i+1)-O5'(i+1)

      chi for pyrimidines(Y): O4'-C1'-N1-C2
          chi for purines(R): O4'-C1'-N9-C4

    (The number -9999.99 means that the angle can not be calculated) 

Ch Res  Num    alpha    beta     gamma    delta  epsilon    zeta     chi
D   G    1  -9999.99   156.04    52.86    79.92  -148.16   -82.19  -168.77
D   G    2    -55.91   168.69    50.10    78.85  -146.65   -71.66  -162.12
D   C    3    -67.50   166.69    61.04    85.08  -144.30   -65.62  -162.86
D   C    4    -66.41   164.51    65.93    73.26  -165.30   -78.69  -164.73
D   G    5    -57.13   169.76    58.14    79.68  -160.88   -70.90  -164.95
D   C    5    -59.67   179.68    48.49    82.03  -155.55   -74.90  -160.24
D   C    5    -60.95   174.84    45.98    76.74  -154.82   -70.89  -164.90
D   G    6    -62.90  -172.90    49.84    83.42  -146.23   -80.71  -157.19
D   C    7    -56.67   165.93    51.07    85.60  -122.95   119.55  -153.17
D   C    8    -82.27   170.07   168.35   152.16   -66.45   104.26  -142.47
D   A    9    147.89  -149.49    65.04   147.94  -131.95    88.75   169.76
D   C   10     61.45   169.71    37.58    85.61  -150.66   -76.45  -175.59
D   C   11    -59.95  -179.98    47.68    85.63  -149.34   -72.72  -158.67
D   G   12    -69.24   175.63    50.25    83.42  -158.93   -67.84  -163.77
D   G   13    -69.27  -176.79    51.76    83.41  -162.12   -61.64  -160.92
D   G   14    -78.59  -178.03    62.27    80.52  -161.08   -64.14  -162.73
D   G   15    -62.19   177.90    54.44    80.11  -160.68   -66.47  -162.58
D   U   16    -73.60  -179.80    56.55    84.73  -171.05   -63.72  -146.29
D   G   18    175.67   161.46   -68.47   148.96   -88.84  -174.71  -100.43
D   G   19    -72.23  -164.65    35.90   129.36    70.09   -64.28   -72.71
D   U   20    -79.40  -122.22    54.72   145.17  -102.59    58.54  -129.46
D   C   20   -145.02   116.29   176.04    82.77  -157.28   -72.24  -168.01
D   C   21    -76.37  -169.99    49.99    85.81  -167.39   -70.09  -160.81
D   C   22    -63.03  -178.71    51.05    85.34  -156.69   -67.42  -156.08
D   C   23    -70.82  -176.88    45.74    81.52  -151.92   -74.98  -157.42
D   G   24    -60.81   170.42    46.26    79.52  -151.60   -73.29  -169.35
D   G   25    -63.01   176.76    51.06    82.34  -154.88   -71.32  -170.59
D   G   26    -56.72   174.54    53.13    85.12  -155.31   -69.75  -165.95
D   C   27    -67.68   170.80    57.10    82.49  -152.67   -85.11  -166.05
D   C   28    -60.30   170.07    51.19    82.22  -145.03   -73.47  -167.02
D   G   29    -65.39   170.24    50.12    77.50  -151.88   -72.32  -173.29
D   G   30    -70.55   177.70    59.02    80.34  -147.92   -81.13  -172.99
D   A   31    -55.44   175.65    49.28    83.61  -145.21    34.65  -151.32
D   C   32    177.12   125.41    58.42    98.79   -68.02   122.47  -162.15
D   U   33     -8.04  -117.38  -158.08    86.78   166.05    64.19    95.85
D   U   34   -157.64  -104.15   -64.32    87.80  -131.45   -48.15   175.83
D   C   35    -76.40   168.27    51.65    84.26  -142.17   -79.84  -156.04
D   A   36    -62.42   149.77    62.47    81.91  -164.26   -56.45  -165.55
D   G   37    -78.78  -168.24    54.89    84.65  -163.31   -71.94  -147.19
D   A   38    -60.04   174.67    47.14    82.13  -142.08   -71.93  -156.46
D   U   39    -57.20   167.56    48.20    79.43  -148.96   -76.41  -161.76
D   C   40    -51.46   166.10    48.31    79.06  -163.76   -65.09  -163.35
D   C   41    -66.84   179.48    50.66    79.14  -147.59   -74.22  -164.05
D   G   42    -62.53   174.73    50.19    82.82  -148.71   -63.22  -166.81
D   G   43    -76.51   166.79    74.16    80.04  -166.47   -76.83  -171.53
D   C   44    -52.71  -177.96    63.41   140.78   -93.35  -112.24  -135.69
D   G   45    -55.07  -179.96    50.25    81.79  -154.05   -73.24  -174.52
D   C   46    -62.55   179.30    49.07    83.30  -159.57   -72.20  -162.28
D   G   47    -61.56   178.73    50.85    81.26  -143.95   -78.41  -163.21
D   C   47    -70.33   165.62    57.47    81.48  -148.46   -76.60  -158.26
D   C   47    -60.57   163.60    58.50    81.39  -159.84   -78.60  -167.68
D   C   47    -70.56  -174.57    49.07    83.42  -156.84   -70.91  -166.83
D   C   47    -60.78   173.26    47.87    79.33  -151.56   -64.14  -169.42
D   G   47    -64.09   178.42    57.84    84.71  -156.77   -25.70  -166.91
D   A   47   -136.97   142.49   141.33    92.44    -8.74   135.66  -172.75
D   G   47    -40.10   178.23   171.88    83.19  -142.54   -79.37  -154.60
D   U   47     62.97   177.89   172.45   135.50   -54.55   -69.37  -133.68
D   G   47    -95.93   174.61   115.92    87.00  -131.91   -84.80   178.85
D   G   47    -63.29   168.11    57.05    79.57  -161.79   -65.81  -164.19
D   G   47    -64.27   173.79    58.48    80.75  -158.51   -70.74  -168.45
D   G   47    -70.81   179.68    55.64    79.98  -146.94   -82.35  -165.58
D   C   47    -70.93   168.64    53.49    80.02  -145.39   -75.82  -165.03
D   G   47    -52.37   170.83    50.90    79.94  -156.28   -70.07  -159.86
D   C   48    -51.39   178.72    58.32   141.67  -125.05    88.69  -126.01
D   G   50     63.15   146.29    46.13    82.38  -144.17   -82.03  -172.34
D   G   51    -62.77   171.96    50.48    80.56  -145.55   -70.06  -168.36
D   G   52    -63.06   173.96    51.80    75.77  -156.52   -68.94  -165.49
D   G   53    -54.03   174.86    50.10    80.21  -162.41   -65.49  -162.43
D   U   54    -70.97  -174.27    50.84    83.81  -126.06   -52.32  -153.34
D   U   55    -65.96   178.07    49.04    72.74  -165.75   -75.40  -145.49
D   C   56    172.39   173.23    52.25    80.32  -137.16   -64.00  -168.91
D   A   57    -59.78   170.99    49.39    81.05  -138.10   -65.40  -159.40
D   A   58    -46.97  -134.07    46.84   146.77  -124.92   175.56   -76.90
D   U   59    110.59  -139.08    59.82    85.65  -164.93   -52.70  -169.90
D   U   60    -60.59  -180.00    58.38   145.05  -113.55   -69.83  -122.20
D   C   61    -94.62  -175.81    41.06    80.65  -145.64   -82.98  -170.32
D   C   62    -59.59   169.57    48.80    80.92  -152.13   -74.87  -168.16
D   C   63    -71.10  -171.76    45.91    82.68  -144.52   -79.58  -163.13
D   C   64    -59.87   160.39    58.08    81.03  -160.17   -63.04  -167.00
D   G   66    -69.42  -172.39    54.82    85.11  -151.43   -73.26  -163.34
D   C   67    -66.13   169.20    52.84    77.48  -140.71   -74.95  -166.46
D   G   67    -58.38   163.09    59.83    76.65  -146.58   -80.72  -174.72
D   G   67    -63.32   169.67    55.64    77.72  -138.45   -67.18  -166.97
D   C   68    -70.24   165.62    69.37    72.55  -164.65   -84.68  -168.60
D   G   69    -51.14   161.68    63.69    81.10  -164.67   -69.64  -171.67
D   G   70    -65.54  -172.99    53.18    80.91  -148.76   -79.99  -164.22
D   C   71    -62.26   166.81    56.23    83.74  -141.43   -71.79  -162.70
D   C   72    -66.02   162.45    54.12    79.01  -150.70   -77.83  -167.16
D   G   73    -47.11   170.85    43.22    79.41   163.72    77.94  -161.70
D   C   74   -174.98  -153.35    46.00   151.67   -87.11   117.13  -116.89
D   C   75     42.95   156.61    53.28    83.06  -103.18   -46.00  -140.86
D   A   76    171.06  -158.38    52.90    80.43 -9999.99 -9999.99  -167.31
