The backbone torsional angle for nucleic acid 

 
Note: alpha:   O3'(i-1)-P-O5'-C5'
      beta:    P-O5'-C5'-C4'
      gamma:   O5'-C5'-C4'-C3'
      delta:   C5'-C4'-C3'-O3'
      epsilon: C4'-C3'-O3'-P(i+1)
      zeta:    C3'-O3'-P(i+1)-O5'(i+1)

      chi for pyrimidines(Y): O4'-C1'-N1-C2
          chi for purines(R): O4'-C1'-N9-C4

    (The number -9999.99 means that the angle can not be calculated) 

Ch Res  Num    alpha    beta     gamma    delta  epsilon    zeta     chi
V   C    1  -9999.99   166.80   173.00    81.30  -127.91    71.73  -162.52
V   G    2     77.60   170.95    89.25   146.18  -102.21   146.69   128.35
V   C    3    -72.26   144.82    45.05    81.56  -135.68   -72.99  -156.75
V   G    4    -55.52  -174.41    51.03    81.21  -144.12   -78.15  -167.99
V   G    5    -55.31   156.82    58.30    82.01  -170.80   -66.37  -157.93
V   G    6    164.99  -166.69   166.21    81.80  -157.96   -66.25  -173.01
V   G    7    -56.54  -168.04    59.93   147.80   -91.85  -106.63  -113.62
V 4SU    8     59.65   132.87   -49.96    62.66    71.69    41.96    32.41
V   G    9   -137.07  -114.97    48.01   146.17  -106.57  -100.35   -74.83
V   G   10   -179.61  -170.01    59.55    81.20  -133.39   -78.88  -173.79
V   A   11    -68.39   174.68    49.07    80.79  -146.15   -76.65  -166.91
V   G   12    -62.27   165.89    55.85    81.17  -165.55   -51.52  -165.97
V   C   13    173.54   174.84   174.00    80.79  -151.12   -67.03  -157.57
V   A   14    -65.46  -176.87    44.76    81.02  -149.81   -68.01  -170.05
V   G   15    -52.94   163.34    57.09    81.57  -142.82    29.01  -158.82
V   C   16   -107.74  -130.64    48.77    81.03  -156.67  -111.14  -159.15
V   C   17     56.65   159.03   -65.36   147.49  -141.13    10.44  -130.82
V   U   17    164.71  -163.59    47.57    80.30   -94.17  -148.51  -157.37
V   G   18     64.35   170.74    58.53    81.78  -170.14  -118.37  -152.66
V   G   19     37.40   157.07    43.78   109.20  -177.37  -149.44  -143.63
V H2U   20    102.43   177.09   -70.47   109.60    -4.40  -157.54    54.08
V   A   21     53.12  -141.68    80.23   111.30   -99.45  -169.94   -97.19
V   G   22     70.16  -135.90  -170.75   111.80   178.42   -91.86  -129.17
V   C   23    -51.58   173.50    34.02   111.89  -164.92   -95.43  -160.09
V   U   24    148.41  -178.12   172.84    83.19  -148.90   -76.41  -169.90
V   C   25    -62.23   175.91    47.65    80.86  -160.43   -68.07  -164.51
V   G   26    164.13  -155.24   162.93    81.55  -134.77   -51.82   174.53
V   U   27    -62.25  -164.14    35.09    80.23  -143.05   -71.23  -166.56
V   C   28    -59.19   172.05    48.69    80.35  -170.24   -60.53  -155.78
V   G   29    160.17  -174.15   169.86    81.11  -136.33   -75.04  -176.91
V   G   30    -62.61   166.83    53.11    80.89  -145.80   -75.79  -173.43
V   G   31    -59.58   168.19    57.57    81.50  -140.13   -74.97  -177.87
V   C   32    -64.18   172.55    54.83    81.54  -130.00   -66.66  -155.23
V   U   33    -65.44  -176.34    47.53    81.07  -136.52   -68.62  -160.07
V   C   34    169.82   172.76    44.67    81.37  -131.09   -71.48  -166.68
V   A   35    -65.37   167.24    54.10    81.09  -149.77   -75.55  -169.99
V   U   36    -66.90   174.96    53.91    81.04  -156.75   -68.26  -158.80
V   A   37    -59.75   171.58    53.35    80.90  -131.68   -61.02  -170.87
V   A   38    -67.11   169.51    55.02    81.72  -142.95   -67.16  -173.33
V   C   39    -61.04   163.55    59.33    82.21  -144.07   -75.93  -163.04
V   C   40    -69.00   173.54    57.07    80.87  -153.42   -76.39  -154.99
V   C   41    -61.85  -178.81    55.26    81.10  -133.60   -64.80  -160.40
V   G   42     66.59  -149.57   -80.94    81.01  -168.83   -65.70  -156.68
V   A   43    161.87  -162.60   167.61    81.15  -160.42   -60.38  -161.71
V   A   44    163.45  -168.51   168.85    81.33  -112.44   -61.20   179.36
V   G   45    -61.90   162.90    51.46    81.18  -114.11  -111.65  -159.37
V   A   46    -57.26  -169.66    61.02   146.58  -117.82  -122.90   -70.55
V   U   47     52.31  -179.57    54.94    80.84   -95.04   -98.94  -160.69
V   C   48    152.75   138.09    53.80   146.29  -128.07    33.00  -118.90
V   G   49     59.25   142.65    49.63    81.62  -136.71   -70.80  -159.56
V   U   50    -57.94   161.54    54.91    81.16  -150.84   -64.46  -161.04
V   C   51    167.98   175.91   164.67    81.89  -144.40   -82.55  -162.43
V   G   52    -56.44   153.01    56.39    81.82  -165.79   -75.45  -162.36
V   G   53    160.45  -138.95   177.57   109.90  -169.80   -38.70  -158.91
V 5MU   54    134.28  -171.40   176.70   110.14  -157.00   -77.04    56.90
V PSU   55    124.33   177.29  -177.95   108.55   172.25   -57.26 -9999.99
V   C   56    133.58   123.82    77.62   107.01  -122.54   -77.29  -153.16
V   A   57    -43.27   166.06    18.41   108.16  -170.64   -48.92  -143.97
V   A   58    138.65   151.95  -134.80   121.69  -119.48  -157.29  -136.56
V   A   59    161.73  -170.33    51.45    81.08  -128.12   -68.02  -163.16
V   U   60    -58.40   153.48    59.02    82.34  -100.20   -52.56  -164.43
V   C   61    -56.36  -164.40    59.04    81.36  -121.93   -61.80  -158.08
V   C   62    163.91   159.81   162.85    81.68  -149.97   -68.79  -165.67
V   G   63    -60.64   163.03    57.83    80.98  -168.05   -65.35  -156.20
V   G   64    166.83  -176.11   166.17    81.55  -136.55   -72.39  -163.84
V   C   65    -60.92   171.56    46.31    81.22  -138.62   -59.15  -164.69
V   C   66    -59.25   175.59    47.80    80.25  -161.71   -78.20  -156.22
V   C   67    -61.24   170.36    52.16    80.44  -152.16   -85.16  -159.63
V   C   68    -63.45   165.39    53.47    81.15  -134.41   -90.17  -155.69
V   C   69    -59.97   147.35    61.92    81.85  -150.18  -104.54  -159.62
V   G   70     24.89   135.76    10.33   106.48  -111.91  -115.39  -166.43
V   C   71     98.94  -130.12  -172.96   101.38  -149.52   -56.69  -153.69
V   A   72    -57.69   177.48    68.66    97.68  -119.51   -78.96  -169.11
V   A   73    -41.40   145.66    36.84   106.97   178.78  -102.97  -129.83
V   C   74    134.21  -153.60  -165.71   103.96  -143.18   -40.29  -169.24
V   C   75    -60.20  -172.42    27.97    94.31  -122.25   143.26  -145.59
V   A   76     48.45   146.75   -45.00   149.05 -9999.99 -9999.99  -155.40
