The backbone torsional angle for nucleic acid 

 
Note: alpha:   O3'(i-1)-P-O5'-C5'
      beta:    P-O5'-C5'-C4'
      gamma:   O5'-C5'-C4'-C3'
      delta:   C5'-C4'-C3'-O3'
      epsilon: C4'-C3'-O3'-P(i+1)
      zeta:    C3'-O3'-P(i+1)-O5'(i+1)

      chi for pyrimidines(Y): O4'-C1'-N1-C2
          chi for purines(R): O4'-C1'-N9-C4

    (The number -9999.99 means that the angle can not be calculated) 

Ch Res  Num    alpha    beta     gamma    delta  epsilon    zeta     chi
X   G    1  -9999.99  -143.43    23.10    83.60  -170.22   -93.74  -167.94
X   C    2    176.24  -138.52   145.45    78.87  -144.93   -74.06  -174.35
X   G    3    -66.11   157.27    77.89    92.73  -110.33   -43.22  -169.44
X   G    4   -125.29    84.15   131.49    80.79  -125.33  -105.39  -179.08
X   A    5    -19.84   139.59    32.96    82.99  -139.75   -74.31  -169.63
X   U    6    -94.22   150.88    98.60    87.44  -144.56   -62.43  -167.89
X   U    7   -119.59   143.62   128.36   142.51  -143.72     3.27  -152.13
X   U    8    171.19  -145.15   114.56    76.45  -127.26   141.77  -148.37
X   A    9     36.60   110.35    37.66    82.47  -155.70    67.00  -107.07
X   C   10    -93.75  -103.29  -160.64    99.53  -113.27   -78.85   -69.00
X   U   11    -37.69   152.41    43.88    81.95  -123.39   -11.53  -160.21
X   C   12   -117.85    88.69  -168.04    87.47  -137.76  -104.16  -168.50
X   A   13    130.42  -128.83   175.81    83.15  -132.55   -74.17   177.51
X   G   14    124.28  -151.69  -148.82    95.15  -119.20  -108.55   177.36
X   A   15    126.98  -121.33   170.50    89.08  -129.34   -81.58   174.15
X   A   16     82.83   134.46   -47.94   159.22  -105.03    19.10   -85.26
X   G   17    159.34  -131.04  -126.77   159.77  -115.40  -137.82  -101.99
X   G   18      2.91   166.51   -17.36   157.08   -89.84   -29.92   -69.96
X   G   19    -73.56  -125.42    45.87    68.52  -146.19   -81.65  -173.23
X   A   20    121.72  -124.43  -104.40   139.87  -128.50   166.39  -147.46
X   G   21    159.62  -134.26   124.48    84.61  -131.41   -42.03  -162.81
X   A   22   -131.46   101.66   144.34    76.74  -122.26   -96.08  -177.44
X   G   23    -62.08   131.07    85.68    96.05  -162.43    31.32   175.02
X   C   24   -158.51   101.49   142.43    88.36  -120.76  -154.10  -178.84
X   A   25     11.10   124.33    -9.78    86.79  -128.20    -3.75  -152.13
X   C   26   -128.83    98.04   174.16    85.41  -116.53   -81.16  -173.67
X   C   27    -54.87   147.53    56.77    80.08  -129.84  -128.46  -168.69
X   A   28      3.82   118.56    21.60    81.00  -139.68   -71.68  -157.83
X   G   29   -120.82   121.04   117.59    89.01  -126.38   -62.72  -177.89
X   A   30   -105.75   152.50    96.82    83.27  -132.71   -58.60   168.15
X   A   31    -77.02  -157.08    42.62    85.89  -121.06   -92.07  -171.39
X   U   32    -44.55   146.95    50.44    84.82  -123.22   -57.53  -165.40
X   A   33   -167.51   153.90    18.10    96.09  -139.05   -69.91  -160.66
X   U   34    -78.70   163.28    64.88    84.04  -142.57   -41.39  -160.28
X   C   35   -134.85   127.88   135.42    74.94  -120.97   -92.94  -170.90
X   A   36    -22.84   140.09    41.44    78.33  -125.91   -67.58  -178.68
X   A   37   -105.36   156.74    85.81    78.54  -113.97   -96.89   179.72
X   A   38    -44.53   142.16    57.60    86.89  -124.49   -86.20  -176.53
X   A   39    -86.24   146.91    82.86    85.60  -115.80  -120.86   175.41
X   U   40      6.96   121.20    18.34    76.69  -142.76   -65.77  -160.95
X   G   41   -121.47   121.17   127.27    93.92  -150.08   -81.23   170.33
X   G   42   -145.34  -145.02   106.43    84.10  -114.47   -96.98  -172.97
X   A   43    -54.28   133.78    67.68    89.65  -126.24  -146.93  -165.22
X   G   44     10.96   112.55    17.18   113.50  -138.17   -87.51  -122.40
X   U   45    -83.49  -169.10    57.19   123.97   -96.09   178.97   -80.43
X   C   46     56.99  -125.71  -120.84   147.61  -158.68   120.45  -123.80
X   C   47    -39.30  -132.09    89.27    79.17  -144.66   -78.28  -169.68
X   U   48    -83.03   165.48    82.53    88.50  -145.47   -73.09  -171.40
X   G   49    -94.69   174.21    66.91    74.53  -144.53   -89.34  -168.22
X   U   50    136.96  -155.15  -164.26    84.40  -130.31   -71.08  -174.45
X   G   51    -69.88   157.16    71.75    81.60  -144.58   -74.28  -178.13
X   U   52    -71.94  -176.78    50.27    85.43  -134.07   -68.58  -161.16
X   U   53    -72.02   156.07    68.32    82.68  -103.07  -108.04  -153.93
X   C   54     89.69  -140.18   101.18    87.23  -133.33   -69.63  -168.04
X   G   55   -134.33   156.46   100.60    84.14  -129.44  -129.03  -178.93
X   A   56    159.08  -122.22  -150.42   149.97   -88.43  -101.72  -115.86
X   U   57   -140.69   101.82    11.51    91.11  -140.13   -50.39  -176.11
X   C   58   -123.52   137.55   126.63   133.61   -97.54   -24.87  -145.63
X   C   59   -159.66   132.07   116.23    75.79  -127.44  -104.25  -171.14
X   A   60    -28.31   146.29    38.29    88.39  -125.29   -40.45  -166.10
X   C   61   -121.28   116.89   147.06    86.38  -114.12   -41.24  -172.47
X   A   62   -161.04   102.65   129.76    88.65  -111.23   -88.52   175.61
X   G   63    -56.43   141.64    63.74    87.70  -139.44  -133.31  -176.49
X   A   64     21.83   111.36    18.17    83.53  -130.21   -34.53  -155.97
X   A   65   -124.33    93.78   156.31    83.31  -118.19   -87.19  -174.07
X   U   66     99.17  -142.06  -145.18    85.00  -148.55   -85.38  -171.75
X   U   67   -152.72  -154.62   110.50    83.13  -121.70   -46.79  -151.87
X   C   68    -96.42    58.50  -148.55    80.13  -110.67   -41.00  -135.05
X   G   69    109.14  -145.02  -159.22    81.60  -113.50  -101.07   179.83
X   C   70    -50.26   139.78    65.18    88.06  -137.49   -21.75  -168.17
X   A   71   -145.27    97.87   149.47    85.74  -158.75   167.57   176.72
X   C   72   -172.77  -110.64   -93.16    85.21  -142.33   -44.54  -167.43
X   C   73    -96.78   169.05    68.32    82.82  -169.97   -99.48  -139.03
X   A   74    154.29  -133.69   160.53    87.18 -9999.99 -9999.99  -152.43
