The backbone torsional angle for nucleic acid 

 
Note: alpha:   O3'(i-1)-P-O5'-C5'
      beta:    P-O5'-C5'-C4'
      gamma:   O5'-C5'-C4'-C3'
      delta:   C5'-C4'-C3'-O3'
      epsilon: C4'-C3'-O3'-P(i+1)
      zeta:    C3'-O3'-P(i+1)-O5'(i+1)

      chi for pyrimidines(Y): O4'-C1'-N1-C2
          chi for purines(R): O4'-C1'-N9-C4

    (The number -9999.99 means that the angle can not be calculated) 

Ch Res  Num    alpha    beta     gamma    delta  epsilon    zeta     chi
T   U    1  -9999.99  -167.86    59.06    82.04  -136.16   -78.63  -156.39
T   C    2    -57.92   161.24    54.58    81.05  -144.32   -85.15  -159.76
T   C    3    -63.28   175.65    49.21    79.57  -150.03   -76.30  -157.98
T   G    4    -61.91   169.84    50.94    80.05  -142.42   -77.84  -163.61
T   C    5    -58.61   165.38    51.46    80.16  -140.32   -77.34  -158.66
T   G    6    -61.73   164.48    55.27    78.24  -156.88   -82.89  -168.08
T   A    7    -52.12  -175.43    59.45   143.22   -98.93   -55.54  -127.97
T   U    8    -75.27  -167.49    45.90    78.33  -128.57  -161.32  -160.09
T   A    9    177.41  -160.98   179.82   143.30   -99.82   -50.95  -112.73
T   G   10    170.72   174.08    62.12    84.63  -131.66   -85.26  -177.28
T   C   11    -60.88   159.14    58.91    83.23  -139.96   -76.35  -158.19
T   U   12    -70.73   172.27    55.26    81.24  -143.05   -67.29  -162.76
T   C   13    -71.81   163.45    65.55    80.63  -167.66   -86.63  -159.30
T   A   14    -61.05   167.22    65.10    78.97  -141.25   -64.13  -170.81
T   G   15    -67.49   170.51    64.73    79.58  -165.87   163.79  -157.12
T   U   16    -76.60   178.49    61.58   147.77  -140.41   -69.38  -152.63
T   C   17    144.33   165.18    42.00   144.31  -148.22   107.00  -142.63
T   G   18   -114.20  -134.22    70.60    81.53  -168.78  -126.42  -123.30
T   G   19   -174.59  -132.54   178.02   146.90  -120.73  -151.63  -128.45
T   U   20    164.71    77.19  -115.40    92.99  -161.01  -124.93  -167.23
T   A   21    -15.91   172.65   -75.21    78.42  -128.75  -158.30  -153.49
T   G   22     65.26  -105.04  -152.46    81.07  -138.30   -74.58  -167.79
T   A   23    -60.98   170.11    50.78    79.99  -147.24   -82.59  -160.33
T   G   24    -61.43   166.62    51.63    81.40  -134.17   -71.71  -161.49
T   C   25    -61.11   163.76    54.56    80.87  -139.44   -70.72  -158.72
T   A   26    -61.47   165.37    56.56    80.44  -141.78   -71.68  -170.13
T   A   27    -60.77   171.57    52.54    80.32  -137.83   -78.12  -172.51
T   A   28    -61.70   170.92    47.76    80.69  -143.38   -80.18  -166.83
T   U   29    -64.37   167.41    54.60    80.08  -144.41   -73.55  -158.53
T   G   30    -65.31   167.78    55.50    80.74  -153.23   -78.07  -163.73
T   A   31    -62.46   169.24    59.07    81.24  -124.71   -85.13  -158.20
T   C   32    -65.61   149.44    66.85    80.26  -138.90   -92.27  -159.61
T   U   33     87.74   154.79    22.23   144.48  -129.40   173.21  -133.14
T   G   34    -88.86   169.93    46.45   146.21   -99.96   118.09  -130.72
T   U   35    -88.62   127.16    65.05    79.22  -133.51   -55.54  -163.54
T   U   36    -68.16   163.82    63.93    81.27  -149.12   161.95  -157.11
T   A   37     44.31  -131.92    50.58   144.82  -100.27   -75.20  -124.63
T   A   38    -81.88   155.56  -174.59    81.42  -138.92   -70.84  -173.69
T   U   39    -61.82   165.96    62.27    80.77  -144.46   -73.47  -158.48
T   C   40    -63.34   167.52    53.41    79.75  -148.83   -77.98  -158.22
T   A   41    -65.56   171.73    52.49    79.38  -145.46   -76.71  -166.57
T   U   42    -63.09   162.62    61.46    80.87  -148.87   -76.95  -161.38
T   U   43    -64.85   166.28    64.42    80.08  -149.60   -75.12  -158.87
T   G   44    -67.17   173.36    54.72    82.64  -139.91   -77.92  -157.92
T   G   45    -63.33   159.11    61.62    84.38  -123.63  -107.96  -152.86
T   G   46    -33.62   160.71    65.69    81.34  -123.77   -68.53  -125.46
T   U   47    141.60   115.12    69.44   113.03  -168.24    24.07  -131.81
T   C   48   -109.65  -156.39   118.44   142.03  -150.04    73.83  -137.28
T   C   49     45.47   168.15    56.74    82.02  -150.32   -78.25  -163.44
T   C   50    -65.32  -177.13    52.26    80.53  -147.90   -71.39  -164.77
T   U   51    -65.76   172.96    55.16    79.36  -144.78   -74.62  -159.29
T   G   52    -66.75   162.47    60.73    80.36  -147.91   -72.01  -170.16
T   G   53    -65.71   162.85    67.60    79.43  -150.26   -66.77  -174.86
T   U   54    -65.24  -178.13    54.51    79.08  -137.00   -69.57  -159.98
T   U   55    -66.08   171.80    52.32    81.25  -139.35   -69.99  -153.81
T   C   56    166.80   175.70    54.70    81.81  -136.87   -70.30  -164.24
T   G   57    -67.99   170.52    52.41    81.99  -139.06   -99.62  -166.64
T   A   58    -29.51   151.90    84.62   149.38  -151.24   -85.61  -122.69
T   G   59    153.36   140.29    48.78    82.05  -134.46   -62.62  -176.45
T   U   60    -63.84   174.06    67.82   146.62   -98.30   -67.92  -129.57
T   C   61    -79.95   171.10    35.75    79.60  -151.68   -77.38  -163.35
T   C   62    -60.20  -178.40    52.29    81.38  -137.57   -78.66  -158.70
T   A   63    -63.33   170.09    50.68    79.62  -151.15   -72.65  -162.80
T   G   64    -62.32   167.94    54.73    79.46  -164.23   -78.09  -166.95
T   G   65    157.25  -160.22   176.67    82.08  -131.67   -77.77   174.04
T   U   66    -54.53   178.11    43.30    79.34  -142.39   -74.81  -162.12
T   C   67    -63.30   168.71    54.31    78.94  -151.63   -82.67  -157.20
T   G   68    -67.50   177.22    48.97    80.96  -146.06   -79.39  -165.70
T   C   69    -64.12   173.46    56.20    79.03  -142.99   -77.94  -158.18
T   G   70    -70.69   160.50    64.92    80.29  -151.35   -72.83  -170.42
T   G   71    -72.11   173.01    60.47    79.74  -151.22   -72.76  -170.42
T   A   72    -66.57   171.60    62.10    80.88  -140.73   -71.32  -172.01
T   G   73    -62.89   167.84    60.29    82.21  -136.57   -76.95  -154.30
T   C   74    -62.57   164.19    58.40    81.48  -134.70   -69.05  -158.14
T   C   75    -63.76   165.57    58.96    80.63  -138.62   108.03  -156.63
T   A   76     64.50  -158.57   -64.20    81.55 -9999.99 -9999.99    47.53
