The backbone torsional angle for nucleic acid 

 
Note: alpha:   O3'(i-1)-P-O5'-C5'
      beta:    P-O5'-C5'-C4'
      gamma:   O5'-C5'-C4'-C3'
      delta:   C5'-C4'-C3'-O3'
      epsilon: C4'-C3'-O3'-P(i+1)
      zeta:    C3'-O3'-P(i+1)-O5'(i+1)

      chi for pyrimidines(Y): O4'-C1'-N1-C2
          chi for purines(R): O4'-C1'-N9-C4

    (The number -9999.99 means that the angle can not be calculated) 

Ch Res  Num    alpha    beta     gamma    delta  epsilon    zeta     chi
B PSU  901  -9999.99   179.88    63.43    89.22  -146.03   -79.60 -9999.99
B   U  902    -74.52   175.55    54.87    84.53  -155.87   -71.93  -156.82
B   C  903    -70.38   173.62    55.41    83.57  -161.15   -71.31  -153.80
B   C  904    -64.85  -179.61    50.55    83.04  -154.97   -67.05  -163.65
B   U  905    -62.39   174.53    52.19    84.45  -148.65   -82.14  -160.20
B   C  906    -65.54   165.98    56.97    83.83  -156.11   -74.44  -154.91
B   G  907    -54.34   175.28    62.05   146.41   -89.57   -60.42  -133.10
B   U  908    -58.74  -175.35    57.77    82.50  -119.69  -133.62  -162.74
B 1MG  909    -77.75  -159.71    53.72   146.62   -95.44   -70.41   -72.55
B 2MG  910    176.53   152.59    53.21    89.57  -129.34   -84.74   171.44
B   C  911    -66.42   176.31    47.48    81.68  -148.02   -77.43  -167.70
B   C  912    -58.53  -179.78    46.28    81.09  -143.67   -69.98  -162.32
B   C  913    -61.97   160.91    62.96    82.21  -170.81   -81.17  -167.66
B   A  914    -61.29  -171.20    55.69    83.22  -146.98   -72.46  -168.03
B   A  915    -54.19   173.20    58.15   147.89   -95.74   -63.07  -128.49
B H2U  916    -66.81  -152.26   160.93   152.68   -91.66   -47.90  -112.78
B   G  917    -86.49   156.70   -84.14   142.86  -146.48  -101.79  -110.25
B   G  918    -71.40  -156.11    40.24   143.70   -81.75   148.22   -74.16
B H2U  919    -63.56  -175.33    56.26   147.06   -95.60   -50.96  -107.54
B   C  920    -61.73  -129.33   176.48    87.70  -150.01   172.70  -123.04
B   A  921    -63.21   149.86    41.73    84.53  -153.06  -133.70  -164.03
B   C  922    -52.41   175.63    42.60    80.37  -152.79   -73.47  -151.94
B   G  923    127.28  -163.53  -165.83    84.83  -142.23   -74.90  -174.22
B   G  924    -57.07   168.25    53.42    81.88  -151.13   -67.85  -174.42
B   C  925    -58.55  -178.24    49.21    81.30  -144.63   -64.74  -168.90
B M2G  926    -58.98   176.15    44.80    80.76  -143.16   -64.51  -162.63
B PSU  927    -65.12   178.66    48.96    85.60  -148.33   -78.11 -9999.99
B   C  928    -64.17  -178.99    48.81    81.68  -154.65   -67.51  -156.93
B   U  929    -57.87  -173.96    40.89    81.17  -164.46   -71.15  -154.25
B   G  930    146.92  -173.69   179.86    82.81  -137.90   -76.67  -173.87
B   G  931    -49.03   172.24    45.99    80.87  -142.03   -75.83  -159.76
B   C  932    178.56   162.50  -173.39    84.98  -136.64  -158.00  -151.35
B   U  933     58.03  -137.33    54.59   144.53   -97.50   164.35  -119.92
B   I  934    -58.83  -163.62    59.13    85.07  -145.99   -85.22  -164.53
B   C  935    -57.62  -153.72    46.95    79.13   179.30    47.99  -109.93
B   G  936     72.97   136.24    57.99   144.99  -114.83  -165.92   -98.38
B   A  937     62.40  -166.52    50.63   145.54   -99.32   118.08  -131.75
B   A  938     54.10   163.33    55.97   146.52   -96.67   -38.94  -108.94
B   C  939    -51.91   177.75    57.49    85.88  -153.73   -74.48  -173.90
B   C  940    -58.29   169.48    59.17    82.90  -155.96   -73.69  -166.92
B   A  941    -70.84  -175.36    50.87    82.44  -144.17   -66.80  -163.22
B   G  942    -60.66   170.86    53.28    76.56  -161.00   -68.50  -164.67
B   A  943    -57.13   179.47    53.32    81.55  -149.90   -71.36  -160.57
B   A  944    -53.64   168.77    45.29    82.86  -146.52   -78.66  -151.98
B   G  945    -59.57   163.73    54.37    80.74  -134.32   -66.20  -151.37
B   A  946    -58.23  -127.78    45.91   140.98   -89.19  -150.32   -56.51
B H2U  947     60.82  -165.52    43.28   138.96  -108.05   -62.03  -131.12
B   U  948    -78.71  -178.42   168.87   144.92  -144.70    76.75  -140.30
B 5MC  949     64.18   152.33    40.10    81.91  -152.69   -69.62  -168.32
B   C  950    -64.74  -174.63    48.97    82.27  -151.87   -76.12  -161.84
B   A  951    -57.34  -177.11    42.06    82.55  -160.17   -77.58  -146.92
B   G  952    141.54  -159.47   177.66    83.26  -143.50   -71.66  -173.05
B   G  953    -55.79   167.87    60.14    83.56  -151.30   -68.15  -177.99
B 5MU  954    -72.10  -170.43    51.17    81.39  -138.31   -68.15  -155.86
B PSU  955    -59.02   172.32    47.56    85.62  -140.61   -71.06 -9999.99
B   C  956    165.65   167.48    50.24    86.38  -139.92   -65.16  -170.33
B   A  957    -70.21   175.93    55.39    84.83  -147.33   -65.47  -160.19
B 1MA  958    -63.62  -132.37    59.86   151.90   -95.77  -178.91   -71.40
B   G  959     81.49  -153.70    67.27    89.64  -142.65   -59.26  -175.69
B   U  960    -61.00   177.01    57.47   140.93  -101.86   -69.40  -124.98
B   C  961    -83.19  -179.00    39.05    82.19  -153.65   -72.98  -170.62
B   C  962    -67.14  -171.13    50.59    82.81  -149.29   -77.13  -164.41
B   U  963    -60.05   177.63    44.04    80.07  -148.10   -72.26  -155.48
B   G  964    -63.17   167.03    55.57    79.60  -159.23   -69.74  -166.05
B   G  965    -59.98   179.89    51.05    80.48  -146.55   -72.75  -164.97
B   C  966    -56.12   168.84    48.52    79.71  -146.04   -76.74  -156.81
B   G  967    -66.87   170.72    50.14    79.32  -154.75   -74.84  -166.43
B   G  968    -62.37  -179.09    47.87    79.54  -147.92   -71.92  -169.07
B   G  969    -54.95   171.73    48.26    80.78  -154.33   -72.02  -166.39
B   G  970    -57.17   172.95    53.33    80.03  -154.19   -73.43  -165.10
B   A  971    -59.19   170.86    57.06    83.40  -154.63   -69.45  -160.18
B   A  972    -64.68   170.44    55.35    82.41  -152.09  -173.59  -157.19
B   G  973    -70.01  -145.11    57.05    86.81  -146.23   173.47    81.13
B   C  974    111.48   -99.70  -177.86    90.73   -90.41   103.83   170.26
B   C  975     61.40   119.47   175.08    84.87  -149.58   -65.65  -160.70
B   A  976    -68.88   169.50    57.98    73.66 -9999.99 -9999.99  -147.82
