PDB data file name: tRNA_dataset/1eiy_chain_C.pdb_new
-----------------------------------------------------------
CRITERIA USED TO GENERATE BASE-PAIR: 
  3.40 --> upper H-bond length limits (ON..ON).
 26.00 --> max. distance between paired base origins.
  2.50 --> max. vertical distance between paired base origins.
 65.00 --> max. angle between paired bases [0-90].
  5.40 --> min. distance between RN9/YN1 atoms.
  8.00 --> max. distance criterion for helix break[0-12]
-----------------------------------------------------------
BASE-PAIR INSTRUCTIONS: 
Column 1 is rnaview assigned base numbers n1_n2, start from 1.
Column 2 & 3 are chain ID & residue number in input PDB file.
Column 4 is for base pair. The left & right are the bases as 
         identified by column 2 & 3 and 5 & 6.
Column 5 & 6 are residue number & chain ID in input PDB file.
Column 7 is for base pair annotation. The standard Watson-Crick
         (W.C.) pairs are annotated as -/- (AU,AT) or +/+ (GC).
         Other pairs are annotated as Leontis_Westhof Classification.
         The three edges: W(Watson-Crick); H(Hoogsteen); S(suger).
         e.g. W/H means the pair is edge of Watson-Crick & Hoogsteen.
Column 8 is glycosidic bond orientation (either cis or trans).
         e.g. 'W/H cis' means the pair is interaction on Watson-Crick
         and Hoogsteen side, glycosidic bond orientation is 'cis'.
Column 9 corresponds to Saenger Classification.

Other columns: 
        Syn sugar-base conformations are annotated as (syn).
        Stacked base pairs are annotated as (stack).
        Non-identified edges are annotated as (.) or (?)
        Tertiary interactions are marked by (!) in the line.
Reference:
Yang et al (2003) Nucleic Acids Research, Vol31,No13,p3450-3461.
-----------------------------------------------------------
BEGIN_base-pair
     5_68, C:     5 A-U    68 C: -/- cis         XX
    31_39, C:    31 A-U    39 C: -/- cis         XX
     2_71, C:     2 C-G    71 C: +/+ cis         XIX
     3_70, C:     3 C-G    70 C: +/+ cis         XIX
    11_24, C:    11 C-G    24 C: +/+ cis         XIX
    13_22, C:    13 C-G    22 C: +/+ cis         XIX
    29_41, C:    29 C-G    41 C: +/+ cis         XIX
    49_65, C:    49 C-G    65 C: +/+ cis         XIX
    51_63, C:    51 C-G    63 C: +/+ cis         XIX
     1_72, C:     1 G-C    72 C: +/+ cis         XIX
     4_69, C:     4 G-C    69 C: +/+ cis         XIX
     6_67, C:     6 G-C    67 C: +/+ cis         XIX
     7_66, C:     7 G-C    66 C: +/+ cis         XIX
    10_25, C:    10 G-C    25 C: +/+ cis         XIX
    19_56, C:    19 G-C    56 C: +/+ cis         XIX
    28_42, C:    28 G-C    42 C: +/+ cis         XIX
    30_40, C:    30 G-C    40 C: +/+ cis         XIX
    50_64, C:    50 G-C    64 C: +/+ cis         XIX
    52_62, C:    52 G-C    62 C: +/+ cis         XIX
    53_61, C:    53 G-C    61 C: +/+ cis         XIX
    12_23, C:    12 U-A    23 C: -/- cis         XX
    27_43, C:    27 U-A    43 C: -/- cis         XX
    26_44, C:    26 A-G    44 C: W/W cis         VIII
    15_48, C:    15 G-C    48 C: W/W tran        XXII
     8_14, C:     8 U-A    14 C: W/H tran        XXIV
    18_55, C:    18 G-U    55 C: W/S tran        n/a
    22_46, C:    22 G-G    46 C: H/W tran        VII
     9_23, C:     9 A-A    23 C: H/H tran        II
END_base-pair

Summary of triplets and higher multiplets
BEGIN_multiplets
9_12_23_| [1 3]  C: 9 A  +  C: 12 U  +  C: 23 A
13_22_46_| [2 3]  C: 13 C  +  C: 22 G  +  C: 46 G
END_multiplets

  The total base pairs =  28 (from   76 bases)
------------------------------------------------
 Standard  WW--cis  WW-tran  HH--cis  HH-tran  SS--cis  SS-tran
       22        1        1        0        1        0        0
  WH--cis  WH-tran  WS--cis  WS-tran  HS--cis  HS-tran
        0        2        0        1        0        0
------------------------------------------------
