The backbone torsional angle for nucleic acid 

 
Note: alpha:   O3'(i-1)-P-O5'-C5'
      beta:    P-O5'-C5'-C4'
      gamma:   O5'-C5'-C4'-C3'
      delta:   C5'-C4'-C3'-O3'
      epsilon: C4'-C3'-O3'-P(i+1)
      zeta:    C3'-O3'-P(i+1)-O5'(i+1)

      chi for pyrimidines(Y): O4'-C1'-N1-C2
          chi for purines(R): O4'-C1'-N9-C4

    (The number -9999.99 means that the angle can not be calculated) 

Ch Res  Num    alpha    beta     gamma    delta  epsilon    zeta     chi
C   G    1  -9999.99  -155.25    62.44    82.70  -142.49   -62.67  -163.71
C   C    2    -79.58   173.05    92.49    84.45  -112.04  -102.10  -171.40
C   C    3    -79.00   151.22    56.43    75.60  -113.97   -95.59  -149.05
C   G    4    -79.24   149.02    74.41    90.42  -168.89   -64.24  -152.62
C   A    5    -88.56  -160.85    66.23    77.33  -165.08   -65.01  -143.20
C   G    6    -68.63   178.55    63.59    85.55   178.99   -46.58  -162.57
C   G    7   -120.14  -142.61    63.16    76.82    40.47   175.29  -137.65
C   U    8    -44.29   145.61    43.67    80.65   -93.78  -137.03  -152.65
C   A    9    -88.55  -176.62    44.12    82.92    56.20    89.75   -93.43
C   G   10    103.77  -141.76    49.17    81.98  -131.12  -113.61   161.43
C   C   11    -79.70   174.24    80.09   103.29  -169.35   -41.52  -173.24
C   U   12   -103.88  -166.34    49.18    77.70  -162.91   -62.47  -147.97
C   C   13    -83.23   167.91    78.39    82.14   174.75   -98.97  -160.76
C   A   14    -60.26   173.97    55.39    83.52  -135.64   -50.71  -173.23
C   G   15    -48.41   165.41    57.58    81.88  -138.71  -159.75  -161.39
C   U   16    -41.54   125.45    58.80    87.30  -127.93  -127.29  -157.68
C   U   17     52.82  -145.97   159.34    78.02  -154.44    30.06  -153.17
C   G   18   -112.54  -107.86   120.33    77.96   -89.99  -150.28  -140.23
C   G   19    -57.73   127.45    62.31    84.10   137.42   -72.60  -128.57
C   U   20     -4.79   172.43   172.91    96.42    89.20   119.13   -75.84
C   A   21     16.82  -146.30    22.82    69.84  -158.22  -117.51  -170.86
C   G   22    -76.44   112.65   136.17    87.40  -128.80   -79.05  -169.16
C   A   23    -77.99   163.03    49.24    73.96  -166.41   -67.39  -151.47
C   G   24    -69.27  -171.38    38.04    77.10  -125.00   -80.02  -157.14
C   C   25    -41.70   137.51    72.76    74.49  -124.71   -76.53  -175.97
C   A   26    -57.54   143.48    57.44    70.02  -158.37   -67.29   172.98
C   U   27    -65.18  -157.73    51.68    77.00  -147.78   -84.32  -170.18
C   G   28    -55.86   163.71    55.63    84.79  -147.45   -76.04  -175.65
C   C   29    -82.68   177.20    67.16    87.15  -144.97   -84.40  -169.20
C   G   30    -87.12   173.01    58.82    79.12  -153.62   -73.07  -179.90
C   A   31    -80.85  -147.45    49.96    78.37  -157.67   -59.86  -146.93
C   C   32    -49.86  -175.10    41.79    79.64  -149.05   -17.50  -133.41
C   U   33    -97.21  -141.55    60.06    78.94  -129.12  -102.59  -147.18
C   G   34    142.80  -168.02    54.48    80.99  -135.31   -42.96   179.17
C   A   35   -116.17  -167.97    72.27    80.62  -150.44   -78.10  -179.12
C   A   36    -71.42   166.99    70.12    77.27  -164.92   -54.96  -173.28
C   A   37    -84.85  -160.59    54.24    76.78  -156.49   -60.95  -172.67
C   A   38    -72.60  -168.57    57.50    74.29  -151.16   -48.18  -174.78
C   U   39    -70.80  -166.85    37.31    73.03  -149.45   -72.63  -158.80
C   C   40    -21.72   173.65    37.37    84.84  -131.00   -84.73  -149.66
C   G   41    -38.21   149.79    32.95    72.24  -155.34   -68.99  -162.56
C   C   42    -44.05  -171.92    39.09    83.89  -151.01   -71.35  -142.42
C   A   43    -91.61   161.18    81.67    75.05  -170.87   -71.30  -158.68
C   G   44    -54.06   170.15    66.56    83.46  -152.33  -115.79  -171.76
C   U   45    -31.80   138.90    59.91    85.84  -174.70   -11.63   175.00
C   G   46     65.32   128.71   -85.72    87.39  -154.53   -99.22  -130.91
C   U   47     96.83    87.57   141.88   106.14   -70.11   -54.27   172.75
C   C   48    -18.78  -163.79   127.19    88.84   172.33  -162.97  -170.10
C   C   49     24.17  -138.10    40.23    86.89  -134.95   -97.01  -159.15
C   G   50    -28.96   152.93    23.05    76.53  -133.51   -80.08  -152.41
C   C   51    -77.65   137.14    92.41    77.04  -141.04   -71.09  -167.79
C   G   52    -95.59  -137.19    44.65    74.86  -139.49   -83.28  -147.56
C   G   53    -63.57   165.88    55.20    80.19  -148.25  -110.40  -159.67
C   U   54    -23.03   131.38    50.78    85.45  -107.39   -92.02  -179.22
C   U   55    -76.20   179.68    55.75    76.31  -135.61   -31.69  -144.40
C   C   56    162.74   122.89    84.53   110.61  -131.36   -87.73   177.68
C   G   57   -104.73  -178.99    65.77   106.92  -122.32   -42.59  -129.61
C   A   58   -138.59   152.26   152.18    88.19    25.34   112.50  -131.30
C   U   59     69.10   164.47    64.23    85.48  -164.42   -61.29  -171.26
C   U   60    149.00   162.94   -96.93    84.51  -167.98    32.32  -170.85
C   C   61   -145.44  -131.76    68.91    81.40  -159.49   -67.74  -113.05
C   C   62    -83.19   163.87    57.95    76.86  -163.16   -76.65  -173.06
C   G   63    -87.58  -142.26    70.21    86.83  -151.14   -83.16  -147.73
C   C   64    -64.79   161.05    51.76    76.99  -139.20   -78.53  -164.95
C   G   65    -70.35   165.12    55.62    73.59  -157.95   -69.50  -169.29
C   C   66    -37.76  -172.03    38.93    77.34  -147.47  -103.55  -168.24
C   C   67     -2.61   144.18    17.28    79.20  -146.58   -70.96  -164.75
C   U   68    -89.74  -161.40    51.40    74.46  -150.27   -95.59  -166.93
C   C   69     -3.60   159.20    42.58    84.04  -165.32   -73.66  -139.48
C   G   70    -89.02  -161.12    54.00    87.47  -146.87   -76.84  -167.36
C   G   71    -94.07  -170.35    62.65    79.93  -160.17   -71.06  -158.49
C   C   72    -95.99  -159.14    87.15    93.57   -79.96   -89.61  -160.25
C   A   73   -126.84   159.44   119.43    93.69  -171.50   -51.96  -143.85
C   C   74   -142.16   121.71   122.11    67.46  -140.07   -96.81  -176.46
C   C   75    157.59  -159.83  -159.25    81.19  -131.80  -124.58   165.26
C   A   76     72.00   102.52  -170.38    79.17 -9999.99 -9999.99  -119.67
