The backbone torsional angle for nucleic acid 

 
Note: alpha:   O3'(i-1)-P-O5'-C5'
      beta:    P-O5'-C5'-C4'
      gamma:   O5'-C5'-C4'-C3'
      delta:   C5'-C4'-C3'-O3'
      epsilon: C4'-C3'-O3'-P(i+1)
      zeta:    C3'-O3'-P(i+1)-O5'(i+1)

      chi for pyrimidines(Y): O4'-C1'-N1-C2
          chi for purines(R): O4'-C1'-N9-C4

    (The number -9999.99 means that the angle can not be calculated) 

Ch Res  Num    alpha    beta     gamma    delta  epsilon    zeta     chi
D   C    4  -9999.99  -156.03   126.11    77.53  -148.46   -54.50  -159.25
D   G    5   -112.25   163.04   111.49    83.84  -113.48  -100.89   174.88
D   G    6    -64.83   151.19    58.61    83.30  -146.06   -73.36  -176.88
D   A    7    -62.93  -173.12    68.54   145.36   -85.72   -89.68  -125.52
D   U    8     81.45   161.62   -87.02    96.50  -135.99  -108.83  -178.90
D   A    9    -71.19  -147.90    58.22   140.97   -89.93   -91.25   -74.72
D   G   10    179.12   167.15    49.03    90.27  -149.45   -67.48   175.11
D   C   11   -102.07  -172.02    76.89    80.34  -140.05   -79.18  -173.15
D   U   12    -67.26   172.76    51.64    81.27  -143.94   -78.89  -153.67
D   C   13    132.32  -144.26  -157.67    82.32  -149.10   -66.79  -168.04
D   A   14    -86.66   172.96    76.00    68.09  -148.84   -57.08  -171.08
D   G   15    -64.37   170.80    63.28    74.80  -165.77   -79.17  -163.26
D   U   16    165.71  -168.09   168.72   102.59   -81.84   -35.96  -162.79
D   C   17    121.78   112.13    21.72    84.92  -160.07    57.50  -109.37
D   G   18     70.43   150.37    51.34   150.20   -99.37  -159.00  -103.43
D   G   19    -84.22  -176.42    52.62   153.56  -113.98    77.03   -75.57
D   U   20    -95.76  -138.44    55.35   109.38  -141.67   117.22   -34.98
D   A   21    133.07  -120.41   143.13    87.25   -95.16   -78.39  -162.24
D   G   22    -90.33    14.37  -171.61   156.37  -147.04   -94.31  -153.46
D   A   23    112.60  -178.26   175.50    78.83  -144.13   -80.20  -158.52
D   G   24    -56.38   163.91    44.67    79.00  -140.64   -68.01  -158.28
D   C   25    -68.66   171.36    55.56    73.73  -143.08   -61.86  -162.20
D   A   26    -64.48   176.13    49.72    77.68  -148.96   -53.79  -171.76
D   G   27    -76.66  -176.02    55.51    81.73  -147.26   -75.11  -173.26
D   G   28    -76.84  -178.89    63.31    79.89  -152.69   -67.84  -175.13
D   G   29    -84.33  -170.65    58.75    74.44  -150.42   -78.66  -171.29
D   G   30    -39.92   161.39    50.32    76.30  -163.00   -63.08  -169.37
D   A   31    -81.75   178.46    78.28    81.39  -156.63   -41.59  -159.98
D   U   32    -90.01   179.98    79.99   139.66   -92.50   -75.32  -109.45
D   U   33    -49.96  -125.38    42.30   151.98  -152.26   167.47  -122.06
D   G   34    -69.81  -144.01    47.53   143.82  -154.12   123.25    51.20
D   A   35     52.72   167.10    82.64   147.72  -110.84   -94.63   -90.99
D   A   36    -98.76  -170.15    63.39   149.39   -94.60    88.39  -146.14
D   A   37     88.60   172.14    50.10   156.03   -85.39   -62.32  -104.51
D   A   38    -53.11   174.87    54.68    87.73  -136.69   -64.88  -166.35
D   U   39    -60.16   170.93    48.76    75.77  -161.36   -74.09  -151.56
D   C   40    141.63  -160.58  -170.76    83.32  -144.52   -73.24  -163.71
D   C   41    -70.95   172.01    60.41    74.68  -150.71   -65.20  -170.54
D   C   42    -82.50   172.16    64.29    78.76  -148.40   -72.14  -166.86
D   C   43    -68.80   179.75    54.00    83.03  -121.45  -151.95  -163.87
D   G   44    103.51   -82.18  -173.66    71.04  -146.69   -61.92   -12.46
D   U   45   -103.14   147.70   121.89   109.41   -84.28   -54.20   166.64
D   G   46    132.84   179.24  -137.91   158.57  -117.72   -99.63   -77.78
D   U   47    120.89  -178.91   -37.21   161.69   -83.44   -45.70  -178.70
D   C   48    -50.42  -131.67    88.34    93.99    82.00  -141.91  -147.31
D   C   49     34.20  -154.53    79.16    81.32  -140.61   -76.13  -172.43
D   U   50    -61.46   177.31    49.76    83.92  -153.21   -60.59  -162.65
D   U   51    -78.62   171.24    64.89    75.58  -161.81  -108.77  -142.99
D   G   52    153.10  -116.55   153.88    71.07  -128.20   -75.96   177.13
D   G   53    -64.53   171.53    61.12    78.06  -136.45   -70.85  -163.90
D   U   54    -65.87   166.61    51.45    80.29  -132.60   -65.96  -158.46
D   U   55    -65.14   169.90    54.70    76.37  -140.14   -78.53  -140.39
D   C   56    162.96  -178.64    45.42    85.24  -133.47   -65.76  -175.28
D   G   57    -75.02   168.74    66.97    79.93  -138.15  -113.67  -171.79
D   A   58     58.56   120.31    13.11   121.45  -107.07  -174.40   -90.05
D   U   59     72.42  -142.57    90.21    84.93  -140.50   -68.83  -173.99
D   U   60    -63.19   168.31    68.52   135.44  -102.06   -58.45  -131.91
D   C   61   -107.32   179.02    52.46    78.21  -138.69  -109.32  -174.77
D   C   62     14.23   129.28     7.66    78.28  -157.52   -87.80  -160.12
D   G   63     97.92  -161.81  -129.11    98.10  -129.62   -57.18  -172.74
D   A   64    -61.91   168.39    54.42    63.70  -169.47   -75.96    20.71
D   G   65    162.39  -152.07   163.44    83.45  -103.83   -82.03   174.22
D   U   66    -63.42   157.17    61.88    76.05  -153.72   -65.62  -164.23
D   C   67    -74.33   175.50    55.88    77.29  -176.32   -75.82  -142.39
D   C   68    171.20  -150.40   151.96    78.60  -105.24  -151.98  -176.72
D   G   69     12.41    83.72    41.09    67.96  -166.57  -106.06  -171.86
D   G   70    148.51  -111.83   174.06    70.39  -125.69   -60.53   165.60
D   G   71   -155.34   146.96   134.74    88.03  -148.03   -58.11  -178.39
D   C   72   -114.59  -130.75    69.02   102.19 -9999.99 -9999.99   -34.05
