PDB data file name: tRNA_dataset/4rqe_chain_D.pdb_new
-----------------------------------------------------------
CRITERIA USED TO GENERATE BASE-PAIR: 
  3.40 --> upper H-bond length limits (ON..ON).
 26.00 --> max. distance between paired base origins.
  2.50 --> max. vertical distance between paired base origins.
 65.00 --> max. angle between paired bases [0-90].
  5.40 --> min. distance between RN9/YN1 atoms.
  8.00 --> max. distance criterion for helix break[0-12]
-----------------------------------------------------------
BASE-PAIR INSTRUCTIONS: 
Column 1 is rnaview assigned base numbers n1_n2, start from 1.
Column 2 & 3 are chain ID & residue number in input PDB file.
Column 4 is for base pair. The left & right are the bases as 
         identified by column 2 & 3 and 5 & 6.
Column 5 & 6 are residue number & chain ID in input PDB file.
Column 7 is for base pair annotation. The standard Watson-Crick
         (W.C.) pairs are annotated as -/- (AU,AT) or +/+ (GC).
         Other pairs are annotated as Leontis_Westhof Classification.
         The three edges: W(Watson-Crick); H(Hoogsteen); S(suger).
         e.g. W/H means the pair is edge of Watson-Crick & Hoogsteen.
Column 8 is glycosidic bond orientation (either cis or trans).
         e.g. 'W/H cis' means the pair is interaction on Watson-Crick
         and Hoogsteen side, glycosidic bond orientation is 'cis'.
Column 9 corresponds to Saenger Classification.

Other columns: 
        Syn sugar-base conformations are annotated as (syn).
        Stacked base pairs are annotated as (stack).
        Non-identified edges are annotated as (.) or (?)
        Tertiary interactions are marked by (!) in the line.
Reference:
Yang et al (2003) Nucleic Acids Research, Vol31,No13,p3450-3461.
-----------------------------------------------------------
BEGIN_base-pair
      1_2, D:     1 G-G     2 D:      stacked
      2_3, D:     2 G-C     3 D:      stacked
     3_83, D:     3 C-G    71 D: W/W cis         n/a
     6_79, D:     5 G-U    67 D: W/W cis         XXVIII
     6_80, D:     5 G-C    68 D:      stacked
      7_8, D:     5 A-U     6 D:      stacked
     7_78, D:     5 A-U    67 D: -/- cis         XX
     8_77, D:     6 U-U    67 D: W/W cis         XVI
     9_76, D:     7 G-C    66 D: +/+ cis    syn    XIX
    12_28, D:    10 C-U    26 D: W/W cis         XVIII
    12_44, D:    10 C-A    44 D:      stacked
    13_26, D:    11 C-G    24 D: +/+ cis         XIX
    14_15, D:    12 U-C    13 D:      stacked
    14_25, D:    12 U-G    23 D: W/W cis         XXVIII
    14_26, D:    12 U-G    24 D:      stacked
    15_24, D:    13 C-G    22 D: +/+ cis         XIX
    15_25, D:    13 C-G    23 D:      stacked
    16_23, D:    14 A-U    21 D: -/- cis         XX
    17_18, D:    15 G-U    16 D:      stacked
    17_22, D:    15 G-C    20 D: +/+ cis         XIX
    18_70, D:    16 U-U    59 D: W/W tran        XII,XIII
    19_66, D:    18 G-U    55 D: W/S tran        n/a
    20_67, D:    19 G-C    56 D: +/+ cis    syn    XIX
    27_28, D:    25 G-U    26 D:      stacked
    29_44, D:    27 G-A    44 D: W/W cis         VIII
    30_42, D:    28 C-G    42 D: +/+ cis         XIX
    32_40, D:    30 G-C    40 D: +/+ cis         XIX
    45_60, D:    45 G-A    48 D: W/W cis         VIII
    46_59, D:    46 C-G    47 D: +/+ cis         XIX
    47_58, D:    47 U-A    47 D: -/- cis         XX
    48_57, D:    47 G-C    47 D: +/+ cis         XIX
    49_56, D:    47 U-A    47 D: -/- cis         XX
    50_55, D:    47 C-G    47 D: +/+ cis         XIX
    61_75, D:    50 G-C    64 D: +/+ cis         XIX
    62_74, D:    51 U-A    63 D: -/- cis         XX
    63_64, D:    52 G-G    53 D:      stacked
    64_72, D:    53 G-C    61 D: W/W cis         n/a
    64_73, D:    53 G-C    62 D: W/W cis         n/a
    65_69, D:    54 U-A    58 D: W/H tran     syn  XXIV
    70_71, D:    59 U-U    60 D:      stacked
     2_83, D:     2 G-G    71 D: W/W cis         !1H(b_b)
    28_44, D:    26 U-A    44 D: W/W cis         !1H(b_b)
    51_54, D:    47 U-C    47 D: W/H tran        !1H(b_b).
    10_59, D:     8 A-G    47 D: W/S tran        !(b_s)
    20_21, D:    19 G-U    20 D: S/H cis    syn    !(s_s)
    44_45, D:    44 A-G    45 D: S/H cis         !(s_s)
    51_53, D:    47 U-G    47 D: S/H tran        !(s_s)
    66_68, D:    55 U-A    57 D: S/S tran        !(s_s)
END_base-pair
  The total base pairs =  28 (from   83 bases)
------------------------------------------------
 Standard  WW--cis  WW-tran  HH--cis  HH-tran  SS--cis  SS-tran
       16        9        1        0        0        0        0
  WH--cis  WH-tran  WS--cis  WS-tran  HS--cis  HS-tran
        0        1        0        1        0        0
------------------------------------------------
