The backbone torsional angle for nucleic acid 

 
Note: alpha:   O3'(i-1)-P-O5'-C5'
      beta:    P-O5'-C5'-C4'
      gamma:   O5'-C5'-C4'-C3'
      delta:   C5'-C4'-C3'-O3'
      epsilon: C4'-C3'-O3'-P(i+1)
      zeta:    C3'-O3'-P(i+1)-O5'(i+1)

      chi for pyrimidines(Y): O4'-C1'-N1-C2
          chi for purines(R): O4'-C1'-N9-C4

    (The number -9999.99 means that the angle can not be calculated) 

Ch Res  Num    alpha    beta     gamma    delta  epsilon    zeta     chi
D   G    1  -9999.99  -123.57    56.20    79.28  -127.72  -101.92  -163.89
D   G    2    -54.09   131.06    68.45    81.18  -157.43   -33.30  -164.07
D   C    3   -152.07   118.24   159.50    81.68  -136.16   -84.51  -169.88
D   C    4   -133.99  -146.29    86.15    80.22  -155.91   -36.86  -167.55
D   G    5   -175.97   149.89   161.75    79.13   152.82    38.59   169.17
D   G    5   -127.74  -143.94    27.57    77.80  -169.87   -65.37  -155.48
D   A    5    -94.80   164.50    84.07    81.32  -155.70   -65.19  -163.17
D   U    6    -76.02  -177.01    62.70   118.51   -13.67   177.78  -141.24
D   G    7    -74.52   119.10    32.83   139.80   -79.28   -40.13   -72.89
D   A    8   -135.10   112.06    24.88   144.46  -145.59   165.48   -93.11
D   U    9    -49.42   152.58    64.71   143.23  -145.68    33.61  -130.92
D   C   10     73.36   112.50    61.64    80.87  -142.53   -53.11  -166.46
D   C   11    -69.37  -141.35    22.70    77.58  -160.07   -59.90  -162.89
D   U   12    -76.46   166.63    70.63    76.91  -153.29   -76.94  -160.73
D   C   13    -57.84   169.93    43.04    76.76  -112.69   -95.71  -154.14
D   A   14    -66.11   126.13    77.14    76.84  -147.63   -89.83  -175.14
D   G   15    -43.63   151.30    56.47    81.60  -107.96  -103.98  -177.61
D   U   16    -41.72   127.74    62.12    82.48  -148.03   -62.84  -148.59
D   G   18   -171.24   148.03   -70.04   149.10  -121.93  -134.74  -103.91
D   G   19    -84.63  -166.68    44.91   140.91    13.54   -73.95   -79.15
D   U   20   -127.57  -130.06   136.62   145.13   -84.70    92.57  -119.64
D   C   20   -144.83   103.97   178.21    82.53  -141.42   -67.93  -174.58
D   U   21    -65.67  -176.81    49.71    79.54  -144.53   -91.24  -159.07
D   G   22    -50.92   151.44    53.34    80.86  -153.90   -83.22  -160.05
D   G   23    -69.14  -177.02    47.33    81.87  -126.75   -87.17  -172.13
D   G   24    -65.86   147.14    66.35    80.24  -142.86   -89.06  -177.94
D   G   25    -68.31   166.35    64.69    82.96  -154.57   -83.18   174.08
D   U   26   -177.67   178.55   165.51    83.29  -139.42   -73.88  -166.66
D   G   27   -139.68  -135.15    80.23    81.92  -160.20   -77.86   178.73
D   C   28    -62.74   178.86    63.98    78.51  -147.27   -59.73  -164.97
D   A   29    -68.22   175.08    57.58    78.92  -143.13   -75.08  -168.12
D   G   30    -58.29   167.38    50.48    77.24  -155.49   -72.45  -165.06
D   G   31    -64.59   176.32    57.97    78.09  -148.95   -73.59  -163.40
D   C   32    -63.04   171.28    53.19    78.67  -134.42   -67.09  -158.56
D   U   33    -58.68   157.80    64.54    81.75 -9999.99 -9999.99  -164.03
D   A   36  -9999.99  -110.38    93.81    85.72  -119.27   -75.32   174.18
D   A   37    -73.91   151.78    69.31    82.22  -150.92   -66.14  -170.07
D   A   38    -69.16   172.01    60.64    81.51  -139.65   -72.80  -165.54
D   C   39    -52.26   159.94    49.29    80.04  -141.70   -86.13  -162.69
D   C   40    -42.06   162.98    39.73    78.19  -127.84   -93.68  -158.17
D   U   41    -50.61   162.37    42.44    77.38  -156.03   -79.30  -165.48
D   G   42    -60.72   174.82    50.63    78.92  -148.71   -74.37  -169.10
D   U   43    -60.74   164.80    64.18    82.15  -145.75   -83.39  -162.55
D   A   44    -58.20   158.27    74.43   149.70   -91.47  -147.19  -135.13
D   G   45     28.95   123.90    -6.26    80.20  -144.34   -78.16  -172.52
D   C   46    -64.46   163.85    65.01    79.03  -152.99   -69.08  -166.79
D   U   47    -64.96   179.58    58.28    79.33  -147.97   -72.36  -168.34
D   G   47    -67.58   176.51    52.34    83.16  -151.21   -82.52  -165.06
D   U   47    -57.37   161.39    57.62    79.79  -148.70   -74.94  -160.55
D   C   47    -61.71   167.04    53.71    80.99  -163.17   -75.81  -156.53
D   U   47   -124.44  -132.54    64.60    78.36  -138.80   -44.21  -155.60
D   A   47    174.96   128.11    62.01    83.88  -162.90   -66.50  -178.45
D   G   47   -150.85  -140.84   100.06    82.97  -151.29   -75.08  -177.40
D   C   47    -63.80  -179.47    58.88    84.43  -111.02   -63.09  -159.59
D   G   47    -56.30   140.72    81.68    80.78  -152.02   -77.09  -165.09
D   A   47    -59.13   166.68    58.94    83.31  -151.45   -73.09  -159.46
D   C   47    -64.06   170.51    53.23    79.33  -152.49   -72.92  -162.81
D   A   47    -59.00   169.66    51.46    79.79  -135.29   -80.77  -172.98
D   G   47    -52.14   176.15    44.30    78.59  -139.64   -84.51  -151.69
D   A   48    -74.34  -174.13    76.52   152.36  -112.73   127.33  -102.78
D   G   50    -42.42  -127.69    76.18    81.84  -147.82   -99.33  -165.95
D   U   51    -36.45   147.79    59.29    84.81  -153.35   -54.64  -163.11
D   G   52    135.00  -174.89  -172.21    80.20  -147.08   -68.78  -176.07
D   G   53   -178.79   167.79   155.17    82.47  -139.89   -66.93  -175.12
D   U   54    -69.20  -167.41    42.27    80.91  -127.16   -68.06  -159.91
D   U   55    -62.53  -178.91    47.64    79.77  -128.82   -54.42  -163.02
D   C   56   -176.09   136.23    51.76    81.86  -138.07   -64.62  -167.38
D   A   57    -63.26   173.89    48.27    80.86  -130.94   -65.36  -165.34
D   A   58    -63.85  -128.76    54.58   144.70   -98.36   145.52   -68.78
D   U   59    151.26  -152.59    24.65    82.45  -128.75   -30.37  -177.30
D   U   60   -119.17   111.69   150.65   147.82  -117.92   -20.10  -149.30
D   C   61    -92.17  -169.69    30.56    80.16  -159.60   -79.15  -157.64
D   C   62    160.93  -172.79   159.53    81.98  -136.67   -71.48  -172.54
D   A   63    -68.49  -176.69    55.86    81.42  -134.40   -80.76  -176.47
D   C   64    -61.36   166.00    56.45    82.21  -146.23   -85.04  -158.23
D   C   66    -54.21   167.65    52.66    81.73  -109.14  -103.10  -164.00
D   U   67    -66.12   130.58    71.10    80.90  -115.58  -107.65  -158.94
D   U   67    -49.00   129.18    60.58    80.61  -116.28  -108.68  -159.54
D   U   67    -47.53   128.21    57.21    79.53  -141.80   -85.65  -156.28
D   C   68    -67.11   158.51    70.00    78.73  -161.71   -69.45  -172.55
D   G   69    -85.02  -143.76    51.40    79.94  -152.61   -84.50  -155.93
D   G   70    -64.39   160.56    59.86    76.59  -118.95   -37.28  -158.86
D   G   71   -108.32    91.39   172.27    79.80 -9999.99 -9999.99  -169.63
