The backbone torsional angle for nucleic acid 

 
Note: alpha:   O3'(i-1)-P-O5'-C5'
      beta:    P-O5'-C5'-C4'
      gamma:   O5'-C5'-C4'-C3'
      delta:   C5'-C4'-C3'-O3'
      epsilon: C4'-C3'-O3'-P(i+1)
      zeta:    C3'-O3'-P(i+1)-O5'(i+1)

      chi for pyrimidines(Y): O4'-C1'-N1-C2
          chi for purines(R): O4'-C1'-N9-C4

    (The number -9999.99 means that the angle can not be calculated) 

Ch Res  Num    alpha    beta     gamma    delta  epsilon    zeta     chi
A   G    1  -9999.99 -9999.99    50.98    85.15  -155.62   -70.72  -174.45
A   C    2    -59.00   167.14    61.13    80.29  -137.66   -75.28  -165.56
A   G    3    -81.16   166.71    60.53    76.17  -156.40   -76.70  -161.84
A   G    4    -57.91   170.41    52.83    75.29  -150.43   -76.77  -163.28
A   A    5    -56.16   163.78    54.65    84.47  -141.62   -73.12  -174.17
A   U    6    -61.52   159.73    61.08    78.09  -131.41   -92.67  -172.82
A   U    7    -52.50   164.80    60.99   136.32   -82.83   -62.90  -130.89
A   U    8    -65.54  -153.71    50.54    79.03  -146.07  -112.19  -161.70
A   A    9    -71.67  -141.12    54.09   144.23   -99.34   -69.30   -72.16
A   G   10   -162.71   126.56    52.89    85.48  -116.27  -101.60   161.91
A   C   11    -48.34   162.34    44.78    85.99  -159.30   -60.87  -157.22
A   U   12    -74.55  -177.27    54.10    77.37  -149.57   -75.28  -151.13
A   C   13    169.28  -156.07   173.63    84.44  -154.85   -80.28  -171.86
A   A   14    -70.09   177.07    61.55    73.60  -145.14   -61.52  -172.37
A   G   15    -72.81   173.48    52.59    83.60  -157.40  -169.02  -165.78
A   U   16   -128.26   148.88   -39.59   148.17   -80.75    99.36    72.14
A   U   17   -125.31  -172.45   163.90   140.05   -82.57   -80.66  -158.05
A   G   18     80.88  -142.51    60.94   143.18   -98.59  -172.93  -109.00
A   G   19    -58.41   169.00    55.45   149.25  -104.11   -66.56   -87.58
A   G   20    -83.99  -146.68    53.78    85.47  -132.65   -66.47  -177.12
A   A   21    127.47  -142.39   -69.03    98.49   170.00   -79.50  -136.63
A   G   22    164.74   165.29   171.36    83.72  -158.90   -73.35  -176.38
A   A   23    -68.48  -173.36    55.64    85.92  -150.64   -66.77  -155.75
A   G   24    -74.50   172.16    51.98    79.61  -140.45   -77.74  -161.46
A   C   25    -50.25   157.80    54.27    77.82  -129.85   -72.06  -166.82
A   G   26    -52.80   156.34    56.95    77.86  -151.62   -64.29  -169.83
A   C   27    -71.88  -175.01    51.72    83.89  -147.33   -79.76  -173.26
A   C   28    -77.61   179.54    58.91    83.07  -144.82   -66.06  -159.69
A   A   29    -65.13   167.26    56.76    77.23  -158.16   -73.54  -169.63
A   G   30    -57.80   166.94    58.79    80.90  -142.76   -66.30  -173.83
A   A   31    -74.52   175.03    54.92    85.14  -138.49   -73.36  -160.08
A   C   32    -60.49   162.95    55.46    84.63  -139.39   -73.47  -157.99
A   U   33    -70.18   174.93    54.33    76.06  -138.07   -55.07  -152.62
A   G   34    176.33   141.07    48.41    84.94  -126.83   -71.25  -174.07
A   A   35    -63.00   163.41    56.39    79.54  -137.35   -65.19  -160.24
A   A   36    -75.66   158.04    64.27    75.00  -173.99   -77.29  -170.31
A  YG   37    -58.55  -178.70    53.29    81.48  -131.17   -68.36  -160.46
A   A   38    -67.98   168.30    72.15    78.60 -9999.99 -9999.99  -170.46
A   C   40  -9999.99  -172.47   156.38    85.38  -120.44   -82.37  -156.84
A   U   41    -60.16   163.60    58.06    70.76  -125.79   -90.88  -171.39
A   G   42    -51.81   145.92    67.88    77.56  -148.28   -68.53  -173.94
A   G   43    -64.69   175.30    51.59    79.29  -156.39   -75.31  -165.28
A   A   44    -62.85   165.70    66.77    80.86  -138.27   -71.27  -166.97
A   G   45    -55.73   166.27    44.87    79.32  -123.07   -94.79  -158.81
A   G   46    -39.01  -158.28    48.46   139.04  -110.78  -100.30   -68.89
A   U   47   -157.85   133.55   -58.14   157.28   -97.92   -86.75  -103.96
A   C   48    -77.42   179.06   169.57   145.78  -144.12    82.48  -142.63
A   C   49     49.55   175.66    43.31    86.24  -151.02   -79.94  -170.26
A   U   50    -61.34   174.07    54.22    77.33  -148.65   -67.78  -164.60
A   G   51    -59.65  -174.33    48.46    79.50  -150.43   -74.35  -155.52
A   U   52    -50.86   163.21    51.28    80.42  -156.29   -67.10  -158.97
A   G   53    -70.39   167.92    65.75    82.03  -153.56   -70.08  -169.52
A 5MU   54    -60.22   178.74    43.27    78.30  -144.52   -51.64  -159.70
A   U   55    -87.03  -170.60    73.38    67.61  -128.44   -73.80    23.23
A   C   56    163.03   175.66    54.93    85.08  -130.26   -67.92  -164.56
A   G   57    -65.87   161.18    62.73    78.62  -143.91   -61.17  -165.68
A   A   58    -62.82  -144.34    62.75   148.84   -73.27  -176.28   -79.83
A   U   59     66.23  -152.92    65.82    86.40  -150.21   -50.19  -163.67
A   C   60    -69.57  -173.21    60.18   147.69  -115.80   -66.31  -112.67
A   C   61   -122.86  -158.44    61.23    85.31  -143.56   -82.36   178.77
A   A   62    -58.09   170.22    50.58    82.38  -137.47   -87.49  -168.45
A   C   63    -53.50   160.62    45.85    78.96  -145.33   -77.96  -151.39
A   A   64    -44.56   171.42    37.79    78.62  -140.30   -70.67  -160.15
A   G   65    -66.66   157.65    68.45    79.30  -157.28   -77.69  -172.47
A   A   66    -65.15   177.43    53.02    84.07  -149.04   -74.65  -163.84
A   A   67    -60.34   173.29    49.17    81.50  -153.88   -71.62  -162.66
A   U   68    -56.32   179.30    39.39    85.27  -168.63   -60.99  -152.11
A   U   69    -64.92   172.01    54.61    76.62  -145.14   -80.86  -166.42
A   C   70    -58.91   163.01    56.92    80.71  -157.32   -65.93  -156.53
A   G   71    -87.52   165.08    73.19    78.66  -153.63   -90.16  -171.11
A   C   72    159.31  -154.73   166.77    78.80  -120.37   -76.91  -175.08
A   A   73    -51.48   165.46    51.20    81.10  -144.29   -66.22  -164.46
A   C   74    -53.31   174.29    43.36    77.86  -130.72   -78.20  -166.77
A   C   75    -31.25   156.41    50.42    89.54  -129.79   113.07  -146.19
A   A   76    141.48    66.95   178.43   156.93 -9999.99 -9999.99   -38.71
