PDB data file name: tRNA_dataset/1i9v_chain_A.pdb_new
uncommon residue  YG   37  on chain A [#37] assigned to: g
uncommon residue 5MU   54  on chain A [#53] assigned to: u
-----------------------------------------------------------
CRITERIA USED TO GENERATE BASE-PAIR: 
  3.40 --> upper H-bond length limits (ON..ON).
 26.00 --> max. distance between paired base origins.
  2.50 --> max. vertical distance between paired base origins.
 65.00 --> max. angle between paired bases [0-90].
  5.40 --> min. distance between RN9/YN1 atoms.
  8.00 --> max. distance criterion for helix break[0-12]
-----------------------------------------------------------
BASE-PAIR INSTRUCTIONS: 
Column 1 is rnaview assigned base numbers n1_n2, start from 1.
Column 2 & 3 are chain ID & residue number in input PDB file.
Column 4 is for base pair. The left & right are the bases as 
         identified by column 2 & 3 and 5 & 6.
Column 5 & 6 are residue number & chain ID in input PDB file.
Column 7 is for base pair annotation. The standard Watson-Crick
         (W.C.) pairs are annotated as -/- (AU,AT) or +/+ (GC).
         Other pairs are annotated as Leontis_Westhof Classification.
         The three edges: W(Watson-Crick); H(Hoogsteen); S(suger).
         e.g. W/H means the pair is edge of Watson-Crick & Hoogsteen.
Column 8 is glycosidic bond orientation (either cis or trans).
         e.g. 'W/H cis' means the pair is interaction on Watson-Crick
         and Hoogsteen side, glycosidic bond orientation is 'cis'.
Column 9 corresponds to Saenger Classification.

Other columns: 
        Syn sugar-base conformations are annotated as (syn).
        Stacked base pairs are annotated as (stack).
        Non-identified edges are annotated as (.) or (?)
        Tertiary interactions are marked by (!) in the line.
Reference:
Yang et al (2003) Nucleic Acids Research, Vol31,No13,p3450-3461.
-----------------------------------------------------------
BEGIN_base-pair
     1_71, A:     1 G-C    72 A: +/+ cis         XIX
     2_70, A:     2 C-G    71 A: +/+ cis         XIX
     3_69, A:     3 G-C    70 A: +/+ cis         XIX
     4_68, A:     4 G-U    69 A: W/W cis         XXVIII
     5_67, A:     5 A-U    68 A: -/- cis         XX
      6_7, A:     6 U-U     7 A:      stacked
     6_66, A:     6 U-A    67 A: -/- cis         XX
     7_65, A:     7 U-A    66 A: -/- cis         XX
     8_14, A:     8 U-A    14 A: W/H tran        XXIV
     9_23, A:     9 A-A    23 A: H/H tran   syn    II
    10_25, A:    10 G-C    25 A: +/+ cis         XIX
    11_24, A:    11 C-G    24 A: +/+ cis         XIX
    12_23, A:    12 U-A    23 A: -/- cis         XX
    13_22, A:    13 C-G    22 A: +/+ cis         XIX
    15_47, A:    15 G-C    48 A: W/W tran        XXII
    19_55, A:    19 G-C    56 A: +/+ cis    syn    XIX
    22_45, A:    22 G-G    46 A: H/W tran     syn  VII
    26_43, A:    26 G-A    44 A: W/W cis         VIII
    27_42, A:    27 C-G    43 A: +/+ cis         XIX
    28_41, A:    28 C-G    42 A: +/+ cis         XIX
    29_40, A:    29 A-U    41 A: -/- cis         XX
    30_39, A:    30 G-C    40 A: +/+ cis         XIX
    48_64, A:    49 C-G    65 A: +/+ cis         XIX
    49_63, A:    50 U-A    64 A: -/- cis         XX
    50_62, A:    51 G-C    63 A: +/+ cis         XIX
    51_61, A:    52 U-A    62 A: -/- cis         XX
    52_60, A:    53 G-C    61 A: +/+ cis         XIX
    53_57, A:    54 u-A    58 A: W/H tran     syn  XXIV
    68_69, A:    69 U-C    70 A:      stacked
    10_44, A:    10 G-G    45 A: H/S cis         !1H(b_b)
     8_21, A:     8 U-A    21 A: S/W tran        !(b_s)
    57_59, A:    58 A-C    60 A: S/S tran   syn    !(b_s)
    19_20, A:    19 G-G    20 A: S/H cis    syn    !(s_s)
    33_36, A:    33 U-A    36 A: S/H tran        !(s_s)
    59_60, A:    60 C-C    61 A: S/H cis         !(s_s)
END_base-pair

Summary of triplets and higher multiplets
BEGIN_multiplets
9_12_23_| [1 3]  A: 9 A  +  A: 12 U  +  A: 23 A
13_22_45_| [2 3]  A: 13 C  +  A: 22 G  +  A: 46 G
END_multiplets

  The total base pairs =  27 (from   75 bases)
------------------------------------------------
 Standard  WW--cis  WW-tran  HH--cis  HH-tran  SS--cis  SS-tran
       20        2        1        0        1        0        0
  WH--cis  WH-tran  WS--cis  WS-tran  HS--cis  HS-tran
        0        3        0        0        0        0
------------------------------------------------
