The backbone torsional angle for nucleic acid 

 
Note: alpha:   O3'(i-1)-P-O5'-C5'
      beta:    P-O5'-C5'-C4'
      gamma:   O5'-C5'-C4'-C3'
      delta:   C5'-C4'-C3'-O3'
      epsilon: C4'-C3'-O3'-P(i+1)
      zeta:    C3'-O3'-P(i+1)-O5'(i+1)

      chi for pyrimidines(Y): O4'-C1'-N1-C2
          chi for purines(R): O4'-C1'-N9-C4

    (The number -9999.99 means that the angle can not be calculated) 

Ch Res  Num    alpha    beta     gamma    delta  epsilon    zeta     chi
T   G    1  -9999.99 -9999.99    65.31    85.39  -147.14   -75.75   178.77
T   G    2    -77.25  -174.10    57.45    83.32  -148.75   -84.72  -167.55
T   G    3    -66.74   175.01    50.93    81.27  -137.96   -81.63  -160.76
T   C    4    -53.92   159.81    46.54    77.95  -151.91   -71.28  -152.93
T   U    5    -50.32   170.20    53.89    81.88  -157.36   -80.61  -163.46
T   U    6    -74.27  -177.74    60.28    82.80  -153.17   -84.96  -162.49
T   G    7    -56.69   161.66    69.84   113.60   -71.29   -85.12  -154.50
T   U    8    -43.11  -159.57    57.48    84.64  -126.90  -148.74  -159.84
T   A    9    156.62  -136.53   175.88    92.81   -55.42   -85.01  -145.64
T   G   10   -155.81   159.25    49.84    87.23  -137.00   -77.08   170.67
T   C   11    -65.49  -179.90    47.16    81.64  -146.48   -79.05  -166.43
T   U   12    -57.35   172.54    47.93    83.98  -158.88   -69.22  -153.65
T   C   13    144.43  -158.77  -171.36    91.31  -141.99   -82.13  -173.44
T   A   14     32.70  -161.70   -66.53    92.62  -162.91   -58.96  -160.58
T   G   15    160.03  -150.96   161.64    88.13  -127.39   152.77  -178.23
T   G   16    167.27   118.49  -176.00    82.94   -96.91   -90.74   -38.86
T   U   17    136.34  -157.97   173.16    83.50  -110.24    47.89  -166.68
T   G   18   -103.96  -122.14   137.85    83.47   121.60    48.47  -152.35
T   G   19   -163.55  -135.58    56.91    94.10    51.21   168.85   -89.90
T   U   20    163.34    60.45  -173.31    83.23  -179.04    63.17  -154.76
T   U   21    145.18   150.89    74.00    88.47   -89.68   -92.78  -167.88
T   A   21    115.09   130.81    46.67    84.67  -100.42  -151.37  -154.38
T   G   22     88.32  -138.20  -175.21    84.02  -148.62   -84.82  -174.34
T   A   23    -43.62   170.92    39.00    83.41  -141.93   -88.64  -161.91
T   G   24    -60.42   160.99    47.39    82.20  -147.95   -78.02  -160.88
T   C   25    -49.46   157.97    56.65    80.79  -142.25   -64.00  -165.71
T   G   26    -62.62   173.24    52.36    84.95  -150.56   -61.14  -163.54
T   C   27    -65.47   177.87    48.44    84.36  -153.93   -70.88  -159.25
T   A   28    -72.90  -175.87    53.62    86.31  -143.74   -73.18  -155.35
T   C   29    -70.90   164.60    55.11    80.73  -152.15   -75.50  -155.63
T   C   30    -64.55   164.97    59.59    81.25  -150.77   -75.76  -162.25
T   C   31    -61.35   176.06    56.30    83.95  -153.36   -67.51  -161.04
T   C   32    -61.05   173.70    54.83    88.58  -142.58   -76.70  -162.70
T   U   33    -68.16   163.11    67.14   114.95   -34.75    63.96  -145.93
T   G   34     92.17   104.86    66.73   117.80   -98.75   111.15   145.07
T   A   35     45.38   144.66    36.18    86.88    68.36   147.21  -142.12
T   U   36    -82.93   126.22    56.46   114.06   -68.36    97.14  -150.79
T   A   37     37.38   141.82    45.95    82.81    63.47  -120.45  -163.03
T   A   38   -102.89   109.60   144.53    82.74  -132.92   -60.47   176.38
T   G   39    -58.03   179.58    42.74    79.92  -159.14   -71.87  -177.67
T   G   40    -66.70  -174.97    55.51    82.54  -149.02   -72.28  -174.41
T   G   41    -58.24   173.49    53.88    82.00  -146.95   -85.41  -168.81
T   U   42    -59.61   159.20    62.30    83.93  -154.71   -61.91  -166.54
T   G   43    -66.91   176.36    56.52    84.21  -165.74   -81.65  -159.77
T   A   44    -47.38   171.88    46.31    83.92  -165.96   -58.18  -145.13
T   G   45    149.32  -166.43  -170.07    81.76  -100.13   -92.81     4.53
T   G   46     56.52  -165.83   -68.77    98.45  -155.87   -32.32  -112.01
T   U   47    -71.62  -142.67    71.86    85.99    90.88  -145.22  -149.87
T   C   48     35.64    98.86    49.16    98.86  -147.80   103.48  -157.54
T   G   49     33.01  -172.45    44.46    81.63  -149.93   -66.44   179.04
T   G   50    -64.86  -177.92    53.31    82.98  -145.89   -76.38  -172.87
T   U   51    -59.74   173.51    49.03    80.91  -153.07   -72.68  -162.58
T   G   52    -45.08   166.78    45.18    82.28  -171.71   -70.08  -157.03
T   G   53    152.42  -163.75  -179.37    85.57  -145.14   -65.60   179.63
T   U   54    -70.25  -174.70    45.33    82.83  -131.60   -63.28  -161.38
T   U   55    -69.17   170.68    52.61    81.65  -136.54   -79.17  -151.96
T   C   56    157.60  -178.86    53.68    85.95  -144.82   -63.17  -169.86
T   A   57    -66.78   177.14    52.34    83.58  -152.73   -70.82  -164.09
T   A   58    -71.40  -141.93    63.54    82.72    67.79    73.51  -106.45
T   G   59    116.46   151.58    31.96    83.34  -140.28   -53.91  -173.73
T   U   60    -73.89  -172.95    48.53    80.52    51.14   157.87  -133.94
T   C   61    -71.48   137.59    17.45    82.90  -150.69   -78.53  -170.98
T   C   62    -58.52   176.29    49.15    83.29  -153.16   -70.84  -163.94
T   A   63    -66.09   177.42    50.26    83.58  -150.27   -81.96  -159.32
T   C   64    -55.72   157.55    51.92    84.63  -159.18   -65.69  -162.41
T   U   65    -57.89   172.85    51.82    81.25  -156.57   -79.42  -161.72
T   C   66    -59.61   179.56    48.24    84.40  -158.37   -64.51  -155.30
T   A   67    -66.36   175.71    47.55    81.09  -171.29   -65.31  -155.17
T   G   68    153.42  -173.84  -174.95    82.04  -128.38   -69.56   178.19
T   G   69    -49.24  -178.15    29.60    82.72  -167.20   -72.86  -156.58
T   C   70    -71.02  -178.78    50.74    82.21  -152.78   -66.97  -156.78
T   C   71    -64.03   169.61    56.88    81.08  -161.82   -76.41  -160.55
T   C   72    153.17  -165.28   178.53    84.84  -141.69   -68.96  -169.70
T   A   73    -65.28   167.95    54.55    84.98  -143.71   -23.95  -170.39
T   C   74    -69.67  -178.69    63.59    73.06 -9999.99 -9999.99  -145.61
