The backbone torsional angle for nucleic acid 

 
Note: alpha:   O3'(i-1)-P-O5'-C5'
      beta:    P-O5'-C5'-C4'
      gamma:   O5'-C5'-C4'-C3'
      delta:   C5'-C4'-C3'-O3'
      epsilon: C4'-C3'-O3'-P(i+1)
      zeta:    C3'-O3'-P(i+1)-O5'(i+1)

      chi for pyrimidines(Y): O4'-C1'-N1-C2
          chi for purines(R): O4'-C1'-N9-C4

    (The number -9999.99 means that the angle can not be calculated) 

Ch Res  Num    alpha    beta     gamma    delta  epsilon    zeta     chi
A   G    1  -9999.99  -146.21    64.85    86.37  -161.24   -58.40  -162.93
A   C    2    -88.15  -165.71    56.66    82.82  -155.21   -68.11  -154.32
A   C    3    -63.12   172.98    57.80    82.34  -154.91   -64.82  -166.35
A   C    4    -83.78  -176.25    55.82    81.24  -162.75   -75.14  -162.75
A   G    5    -72.82   177.61    55.14    80.85  -142.57   -77.07  -171.38
A   G    5    -73.34   167.11    64.77    77.84  -151.40   -69.85  -177.83
A   A    5    -65.50  -178.08    48.94    83.40  -159.56   -55.03  -168.90
A   U    6    -70.26  -168.60    43.60    70.05    82.57    64.54  -151.92
A   G    7   -147.00  -166.33    57.44   139.17   -95.18   -81.22  -103.76
A   A    8    170.97   174.94    53.04   147.27  -135.57   178.91  -121.30
A   U    9    -49.44   171.29    57.52   137.74  -142.33    61.75  -144.01
A   C   10     65.11   146.61    35.83    86.58  -150.65   -67.80   177.94
A   C   11    -74.72  -173.68    53.64    86.46  -163.26   -54.39  -164.57
A   U   12    -76.66  -177.11    52.08    83.27  -149.75   -84.51  -157.05
A   C   13    -74.81   167.01    56.50    81.99  -161.42   -68.34  -160.19
A   A   14    -57.49   165.20    52.66    79.17  -160.53   -68.84  -170.91
A   G   15    -62.72  -176.98    47.59    82.37  -155.73   -67.63  -163.03
A   U   16    -61.53   175.37    46.45    84.25  -169.70  -120.12  -163.89
A   G   18    157.18   -96.98   -72.95   136.91  -143.02   -98.90  -143.18
A   G   19    -78.75  -133.94    51.45   140.12    77.73   -88.44   -65.59
A   U   20    -45.50  -150.79    59.68   143.45  -102.41    76.79  -137.47
A   C   20   -140.14   100.50   179.76    81.68  -158.46   -65.97   179.19
A   U   21    -67.34  -165.76    42.66    80.43  -149.43   -83.19  -163.19
A   G   22    -43.75   154.16    50.97    80.37  -141.33   -89.79  -172.94
A   G   23    -61.12   162.29    54.18    82.06  -152.46   -65.07  -175.82
A   G   24    -78.24  -175.37    48.89    81.78  -161.82   -70.28  -162.67
A   G   25    -59.27   171.23    55.80    83.35  -145.27   -70.25  -169.12
A   U   26    -71.79   175.11    52.95    78.82  -162.43   -67.81  -167.01
A   G   27    -59.42  -178.96    46.53    76.66  -150.67   -77.61  -173.79
A   C   28    -52.99   162.29    50.53    82.70  -140.96   -77.86  -172.14
A   A   29    -72.34   171.50    56.39    74.74  -145.54   -83.04  -163.91
A   G   30    -64.21   162.73    64.59    81.32  -155.87   -80.65  -170.99
A   G   31    -39.66   159.38    57.84    87.94  -173.89    58.71  -157.80
A   C   32    -88.74   -61.96  -131.96    88.67  -163.61   -74.44  -164.14
A   U   33    142.54   -98.82   172.09    86.10  -176.59   -82.37  -145.14
A   U   34    144.91  -100.10   176.69    83.62   175.22  -121.72  -132.32
A   C   35   -147.33   170.15    50.73    82.25   157.81  -127.35  -108.21
A   A   36    -85.80   145.97   -11.94    87.48  -149.05   -55.22  -167.65
A   A   37    -78.43  -163.26    46.45    87.33  -148.82   -68.42  -129.41
A   A   38    -61.86   175.47    44.67    83.26  -135.93   -49.75  -115.69
A   C   39    -79.32  -141.84    48.41    85.54  -174.78   -64.00  -165.15
A   C   40    -91.16  -162.02    52.48    84.21  -164.74   -60.76  -166.14
A   U   41    -76.94  -167.89    51.24    84.35  -161.82   -64.18  -159.15
A   G   42    -64.13   174.30    54.77    78.67  -145.24   -74.56  -168.30
A   U   43    -53.61   157.45    56.06    83.66  -164.39   -83.92  -162.76
A   A   44    -45.59   178.90    56.12   147.49   -71.50  -135.64  -131.42
A   G   45    -77.98   160.05    48.25    83.45  -151.40   -64.75  -173.07
A   C   46    -59.22  -172.44    46.96    81.67  -164.49   -56.30  -163.70
A   U   47    -71.77  -165.43    46.89    81.47  -155.08   -67.76  -160.43
A   G   47    -64.53   167.87    57.48    81.15  -163.02   -76.14  -167.45
A   U   47    -74.16   178.68    60.58    82.75  -144.04   -72.29  -163.58
A   C   47    -71.52   155.02    68.81    84.15  -139.85   -67.64  -174.21
A   U   47    -80.04  -174.37    48.43    77.96  -142.11   -76.89  -155.01
A   A   47    159.12   167.13    57.45    87.58  -138.05   -80.34  -167.29
A   G   47    -61.60   154.11    57.67    91.04  -156.80   -55.04  -161.59
A   C   47    -84.60  -171.42    59.92    82.06  -142.41   -50.02  -158.24
A   G   47    -58.75   149.16    74.54    87.22  -167.04   -69.25  -163.84
A   A   47    -69.97  -178.22    55.22    85.47  -151.87   -62.58  -160.64
A   C   47    -82.54   168.47    69.66    76.21  -145.27   -84.83  -172.87
A   A   47    -56.64   164.98    52.46    82.53  -150.34   -74.92  -167.45
A   G   47    -61.38   173.14    57.21    81.68  -125.49   -91.97  -160.47
A   A   48    -59.17   159.08    68.27   141.58  -107.48   139.76  -125.49
A   G   50    -38.45  -130.73    81.47    90.48  -149.38   -74.60   168.10
A   U   51    -70.95  -176.98    55.74    85.07  -137.88   -63.42  -163.50
A   G   52    -80.10   157.80    76.81    77.00  -170.58   -68.32  -169.34
A   G   53    -86.42   177.35    81.82    83.29  -149.15   -70.65  -161.18
A   U   54    -63.42   173.10    51.43    75.08  -126.36   -65.74  -149.83
A   U   55    -61.50   156.86    58.56    75.60  -127.63   -86.43  -154.95
A   C   56    162.19  -172.93    56.44    82.26  -141.02   -46.61  -176.64
A   A   57    -80.71   167.78    74.41    79.30  -136.97   -74.25  -174.33
A   A   58    -50.61  -152.35    55.80   142.86  -129.80   171.97   -83.80
A   U   59    125.42  -130.59    47.01    89.36  -173.58   -46.86  -164.72
A   U   60    -79.09  -164.84    57.62   148.92  -128.14   -58.19  -117.91
A   C   61   -109.93  -159.55    50.71    79.47  -152.37   -65.50  -165.55
A   C   62    -78.12   174.79    64.94    81.13  -150.17   -76.59  -172.71
A   A   63    -77.92  -175.53    50.54    83.20  -160.06   -65.15  -152.05
A   C   64    -70.79   174.56    62.64    83.18  -155.69   -73.98  -159.09
A   C   66    -64.15  -175.06    45.21    83.45  -165.35   -54.41  -163.48
A   U   67    -76.88  -159.29    49.98    84.91  -160.78   -60.08  -160.03
A   U   67    -80.42  -176.84    48.21    84.49  -157.05   -68.84  -160.07
A   U   67    -65.51   172.39    55.30    85.66  -157.48   -78.83  -162.66
A   C   68    -75.99   179.45    49.46    80.27  -162.68   -69.48  -164.16
A   G   69    -61.35   170.96    52.06    80.82  -144.07   -84.81  -175.97
A   G   70    -57.05   165.15    55.73    90.10  -158.60   -69.43  -174.90
A   G   71    -87.21  -172.53    65.82    86.81  -165.50   -66.26  -166.77
A   C   72    -98.86   173.81    87.58    80.81 -9999.99 -9999.99  -166.76
