The backbone torsional angle for nucleic acid 

 
Note: alpha:   O3'(i-1)-P-O5'-C5'
      beta:    P-O5'-C5'-C4'
      gamma:   O5'-C5'-C4'-C3'
      delta:   C5'-C4'-C3'-O3'
      epsilon: C4'-C3'-O3'-P(i+1)
      zeta:    C3'-O3'-P(i+1)-O5'(i+1)

      chi for pyrimidines(Y): O4'-C1'-N1-C2
          chi for purines(R): O4'-C1'-N9-C4

    (The number -9999.99 means that the angle can not be calculated) 

Ch Res  Num    alpha    beta     gamma    delta  epsilon    zeta     chi
B   G    1  -9999.99   150.08    62.60    81.91  -152.05   -76.67  -176.33
B   G    2    -76.69  -169.64    52.95    80.82  -147.68   -68.84  -164.58
B   C    3    -65.68   169.11    60.55    78.12  -154.74   -80.50  -159.10
B   C    4    -55.75   163.64    61.82    79.06  -124.34   -35.10  -162.83
B   A    5   -115.34    86.54   169.89    81.29  -127.59   -68.37  -179.12
B   G    6    136.49  -152.09   177.46    80.28  -124.26   -62.76   179.40
B   G    7    -57.17  -161.47    43.97   143.68   -84.41   -70.93  -110.72
B   U    8    -72.01  -165.98    42.75    79.30  -110.02  -177.21  -150.40
B   A    9    -47.02   139.75    56.99   143.17  -117.88   -17.42  -100.44
B   G   10    170.06   136.73    52.80    85.04  -144.23   -75.43  -177.77
B   C   11    -66.28   173.23    58.85    82.60  -145.95   -71.20  -164.25
B   U   12    -71.63   168.53    62.09    80.40  -166.36     0.81  -162.15
B   C   13    175.58   114.17   164.46    81.42  -163.23   -84.48  -161.59
B   A   14    174.66  -171.93   166.32    81.56  -130.50   -56.01  -170.54
B   G   15    -69.24   176.94    61.69    81.48  -133.73  -136.40  -172.61
B   U   16     71.87   137.23    63.06   147.56   -81.49  -159.40  -128.81
B   U   17     71.43   -88.61   -57.69    81.39  -162.57   114.49  -161.76
B   G   18    -59.23  -169.42   174.60   147.70  -102.19  -143.36  -123.32
B   G   19     35.41   120.24   -50.36   145.88    13.11   -78.87   -66.14
B   U   20    127.54   100.18    31.07   143.50  -108.22   -95.47  -113.36
B   A   21   -165.70   -87.15  -163.29    81.81   170.65    30.66  -152.14
B   G   22    164.57    71.22   158.57    82.23  -151.24   -84.01  -171.81
B   A   23    -63.50  -176.58    57.24    81.44  -144.18   -76.90  -157.67
B   G   24    -66.42   175.75    50.82    81.99  -144.19   -93.06  -159.94
B   C   25    168.18  -143.59   149.28    81.73  -147.93   -89.47  -160.25
B   A   26    164.70  -156.52   169.71    80.88  -175.09     6.48    21.66
B   C   27   -124.04  -133.77    33.74    78.87  -158.07   -85.67  -158.04
B   U   28    -58.31   161.25    58.07    80.72  -135.25   -76.65  -150.10
B   G   29    -63.76   169.41    52.40    80.86  -144.53   -84.44  -162.73
B   G   30    -60.58   156.17    60.58    80.75  -152.98   -74.69  -161.35
B   A   31    -63.75   176.01    49.08    79.66  -128.11   -59.51  -169.00
B   C   32    -65.69   177.85    49.32    80.07  -126.56   -78.44  -157.15
B   U   33    -60.13   174.03    52.19    80.58  -144.38   -59.24  -159.81
B   G   34    178.89   141.46    44.41    81.94  -125.71   -78.28  -175.27
B   A   35    -72.66   164.80    60.81    80.95  -141.30   -68.13  -167.92
B   A   36    -68.14   165.96    63.40    81.00  -147.25   -74.72  -163.12
B   A   37    -67.49   162.76    66.02    80.99  -147.26   -70.71  -164.05
B   A   38    -64.18   164.98    60.68    82.54  -132.42   -68.31  -163.62
B   U   39    -60.86   161.46    56.69    80.60  -153.06   -78.44  -158.47
B   C   40    -61.39   175.29    47.57    79.46  -147.23   -79.03  -156.38
B   C   41    -56.19   165.76    53.06    80.36  -104.99  -107.71  -158.77
B   A   42     94.35   -94.55  -141.83    82.70   -94.65   -59.09  -162.29
B   G   43   -102.98    99.53   123.35    81.32  -128.42  -108.33  -176.63
B   G   44     54.36   174.26   -76.86    80.39  -104.62   -25.47  -161.55
B   U   45    -91.88   105.52  -159.98   139.44   -86.12   -85.03  -145.76
B   G   46    149.31  -146.98   176.99   146.32  -112.50  -106.88   -80.37
B   U   47    139.07  -130.45   -78.73    80.89  -158.46   113.56  -158.65
B   C   48   -177.11  -141.34   161.84    83.50   -95.07   109.99  -166.07
B   G   49     20.08   154.16    45.04    81.72  -145.07   -68.25  -178.86
B   G   50    -70.26  -177.50    48.64    80.05  -146.01   -72.66  -167.24
B   C   51    -63.20   168.30    61.52    79.15  -160.84   -75.58  -156.28
B   G   52    156.47  -165.57   170.18    81.33  -140.20   -72.60  -170.54
B   G   53    -61.31   167.07    55.65    81.22  -144.96   -77.31  -167.92
B   U   54    -62.92   174.36    50.92    81.17  -132.77   -67.90  -162.03
B   U   55    -61.26   168.50    51.58    80.25  -129.84   -64.80  -158.17
B   C   56    166.08   163.32    48.20    81.14  -130.74   -72.52  -157.95
B   G   57    -61.81   161.52    59.27    81.51  -130.93   -71.05  -167.18
B   A   58    -56.78  -145.11    67.35   146.76   -84.71  -169.50   -79.85
B   U   59     69.64  -159.54    76.30    81.05  -124.33   -66.07  -157.91
B   U   60    -59.59   179.04    64.98   146.01  -101.37  -113.65  -119.81
B   C   61     28.71   124.65   -33.64    82.54  -145.74   -72.41  -160.06
B   C   62    -62.29   166.59    61.61    80.21  -151.72   -74.14  -159.50
B   G   63    -63.73   172.79    50.98    80.11  -147.31   -79.01  -165.95
B   C   64    -58.42   163.54    56.38    80.59  -155.52   -77.22  -159.04
B   C   65    165.29  -157.26   160.89    81.29  -149.71   -76.29  -165.45
B   C   66    -60.95  -178.31    47.59    79.75  -139.46   -78.41  -162.03
B   C   67    -58.45   162.96    55.83    80.80  -139.23   -83.90  -159.57
B   U   68    -63.24   165.68    54.37    81.05  -151.43   -77.64  -161.77
B   G   69    -67.40   169.22    55.15    79.50  -153.42   -74.82  -162.95
B   G   70    -62.94   165.28    60.41    80.83  -169.21   -89.59  -160.96
B   C   71   -178.55  -147.35   144.80    82.59   -95.26   -95.29  -164.41
B   C   72     73.58  -111.83  -108.09   143.92  -143.60   -91.36  -140.97
B   A   73    111.62  -174.90   169.18    77.72  -154.16   -42.97  -156.03
B   C   74    130.25  -153.19  -142.12    80.19  -149.50   109.45  -163.45
B   C   75      0.50    90.56  -157.78    82.88 -9999.99 -9999.99  -116.19
