BEGIN_base-pair
     7_66, 8:     7 A-U    66 8: -/- cis         XX
     8_14, 8:     8 U-A    14 8: W/H tran        XXIV
     9_23, 8:     9 A-A    23 8: H/H tran   syn    II
    10_25, 8:    10 G-C    25 8: +/+ cis         XIX
    10_25,-
7_66_8_14_9_23_10_25_0, click this line to see above pattern
0_0,---------
    13_22, 8:    13 C-G    22 8: +/+ cis         XIX
    15_48, 8:    15 G-C    48 8: W/W tran        XXII
    16_59, 8:    16 U-U    59 8: W/W tran        XII,XIII
    18_55, 8:    18 G-U    55 8: W/S tran        n/a
    19_56, 8:    19 G-C    56 8: W/W cis         n/a
    22_46, 8:    22 G-G    46 8: H/W tran        VII
    26_44, 8:    26 A-G    44 8: W/W cis         VIII
    27_43, 8:    27 G-C    43 8: +/+ cis         XIX
    27_43,-
13_22_15_48_16_59_18_55_19_56_22_46_26_44_27_43_0, click this line to see above pattern
0_0,---------
END_base-pair
