The backbone torsional angle for nucleic acid 

 
Note: alpha:   O3'(i-1)-P-O5'-C5'
      beta:    P-O5'-C5'-C4'
      gamma:   O5'-C5'-C4'-C3'
      delta:   C5'-C4'-C3'-O3'
      epsilon: C4'-C3'-O3'-P(i+1)
      zeta:    C3'-O3'-P(i+1)-O5'(i+1)

      chi for pyrimidines(Y): O4'-C1'-N1-C2
          chi for purines(R): O4'-C1'-N9-C4

    (The number -9999.99 means that the angle can not be calculated) 

Ch Res  Num    alpha    beta     gamma    delta  epsilon    zeta     chi
3   G    1  -9999.99 -9999.99    37.91    83.66  -139.93   -73.38   179.21
3   C    2    -63.05  -179.15    46.89    78.44  -145.80   -72.79  -164.13
3   C    3    -65.90   168.98    56.51    75.64  -151.08   -69.02  -159.86
3   C    4    -64.82   174.07    51.77    75.06  -174.18   -84.96  -153.87
3   G    5    171.75  -152.36   155.38    84.63  -127.52   -75.09  -171.72
3   G    6    -53.20  -172.22    42.69   141.42  -161.29   -91.71  -134.50
3   A    7    -58.88  -172.36    36.47   135.77   -98.47   -61.97  -102.11
3   U    8    -60.14  -171.16    43.15    83.12  -111.93  -155.78    47.25
3   A    9     39.46   144.83   -53.62   145.29   -92.08   -94.19   -58.38
3   G   10   -167.24   174.93    52.71    87.89  -144.90   -64.24   179.12
3   C   11    -77.00  -176.62    60.99    79.50  -158.06   -66.11  -160.02
3   U   12    -83.15   174.96    68.48    77.58   173.53    27.92  -150.13
3   C   13   -175.78    92.08   159.92    85.94  -168.17   -70.61  -167.24
3   A   14    129.42   172.77  -144.29    89.44  -129.13   -47.90   179.44
3   G   15    -74.21   173.60    60.13    80.13  -121.45  -157.99  -158.66
3   C   16    125.71  -173.03    58.53    83.31 -9999.99 -9999.99    -5.51
3   U   18  -9999.99   172.90   179.39   145.21  -139.15   -93.39  -129.67
3   G   19    -73.14  -151.38    42.11   139.56 -9999.99 -9999.99   -71.76
3   U   20  -9999.99  -163.73    50.14   137.62  -159.59    28.93   -61.43
3   A   21    -99.12  -109.96    74.50    84.52  -121.76  -155.68  -177.52
3   G   22    -66.17   140.63    57.08    81.64  -149.61   -72.55  -173.38
3   A   23    -71.01   177.64    57.83    79.19  -128.09   -84.60  -158.04
3   G   24    -70.64   152.71    67.73    79.12  -155.63   -61.08  -158.93
3   C   25   -119.09   160.40   108.87    79.08  -137.90   -59.98  -165.80
3   A   26    -86.21   174.00    69.56    81.61  -149.49   -56.42  -174.42
3   U   27    -81.50  -170.60    59.07    80.39  -147.56   -64.25  -164.50
3   C   28   -109.10   167.58    98.10    80.56  -159.94   -60.92  -166.86
3   A   29   -139.23  -176.65   113.89    83.32  -163.43   -63.59  -166.40
3   G   30    146.65   173.85  -177.04    88.93  -156.16   -63.53  -167.15
3   A   31    153.99  -175.05   171.40    86.44  -115.02   -67.09  -176.53
3   C   32    -67.69   160.56    63.74    83.70  -110.65   -88.61  -160.95
3   U   33    -66.95   135.83    68.47    80.90  -121.01   -56.28  -136.20
3   U   34    138.05   169.19    58.35   138.46  -145.93   -66.90  -156.97
3   U   35    140.27   171.67   164.65    85.17  -168.11   -62.54  -148.22
3   U   36    -96.61   166.37    95.05    87.27  -155.25   -53.98  -154.76
3   A   37    135.93  -169.43   167.62    86.59  -135.57   -55.13  -164.11
3   A   38    -68.57   177.99    45.99    76.76  -140.43   -53.29  -165.22
3   U   39    -70.37   176.64    63.97    75.12  -160.99   -69.95  -162.71
3   C   40   -157.69  -175.29   127.05    80.56  -142.16   -71.01  -167.50
3   U   41    -66.48   170.06    59.57    81.07  -113.75   -69.16  -163.28
3   G   42   -106.69    95.16   133.61    87.84  -138.19   -59.86   179.28
3   A   43    -79.30   179.24    60.19    82.91  -147.81   -72.05  -167.24
3   G   44    -77.95   170.80    70.83    82.91  -153.06   -58.08  -161.04
3   G   45    -87.40   177.29    70.25    84.27  -101.35  -111.51  -149.07
3   G   46     76.68  -133.74   -91.01   145.72  -105.93   -69.42  -108.11
3   U   47    113.59  -179.86    -1.21   147.02   -97.72   -59.10  -127.91
3   C   48    -64.05   175.73   159.21   147.15  -154.49   136.21  -138.11
3   C   49    -50.27  -122.95    98.55    78.76  -149.64   -68.22  -174.15
3   A   50    -75.86  -169.47    48.66    78.64  -154.89   -67.49  -157.88
3   G   51    -91.97   170.08    80.86    76.61  -153.98   -63.58  -165.92
3   G   52    -98.23   176.56    82.72    78.06  -156.83   -62.65  -171.31
3   G   53    -90.73   174.17    85.91    78.00  -155.46   -67.33  -174.22
3   U   54    -80.79  -178.82    63.01    79.03  -128.38   -60.68  -157.79
3   U   55    -71.50   173.35    56.15    78.38  -141.87   -67.14  -140.95
3   C   56    160.30   167.53    53.36    90.47  -137.65   -64.99  -173.68
3   A   57    -86.04   172.40    71.36    81.27  -148.86   -97.45  -160.26
3   A   58     78.18   139.58   -30.58   151.45   -94.68  -175.34   -83.38
3   G   59     84.38  -151.82    78.35    86.09  -150.64   -52.27  -176.37
3   U   60    -99.45  -178.56    89.32   132.04  -141.45   -45.54  -137.25
3   C   61   -142.04  -138.96    57.89    79.22  -147.59   -73.70  -169.39
3   C   62    -73.63   170.92    70.34    83.53   -91.13  -126.97  -167.58
3   C   63     76.75  -106.28  -159.45    82.85  -138.91   -61.60  -160.89
3   U   64    -68.54   179.26    55.66    82.21  -150.92   -74.85  -164.41
3   G   65    123.77  -166.46  -165.67    86.58  -147.62   -67.98  -173.99
3   U   66    -71.79   177.25    60.36    80.48  -137.33   -93.05  -160.62
3   U   67    128.04  -128.17  -165.96    83.53  -125.47   -65.60  -173.27
3   C   68    -66.55   161.11    54.79    80.90  -111.49   -66.19  -158.66
3   G   69   -102.77    85.83   146.37    88.52  -152.89   -66.87  -171.19
3   G   70    144.76   169.33   161.94    79.89  -106.80   -84.56  -165.79
3   G   71    -75.62   131.60    89.32    77.25  -111.33  -126.75  -174.95
3   C   72    108.43  -111.96  -173.58    87.66  -122.87   -59.06  -169.91
3   G   73    -60.71  -178.95    40.11    78.71  -138.43   -86.56  -166.35
3   C   74    -47.37   151.07    73.23   122.47   -78.65  -120.50    50.83
3   C   75     41.59  -165.62    57.87    86.78   176.99   -75.48   -61.53
3   A   76    155.73  -113.83  -110.37   153.87 -9999.99 -9999.99  -163.18
