The backbone torsional angle for nucleic acid 

 
Note: alpha:   O3'(i-1)-P-O5'-C5'
      beta:    P-O5'-C5'-C4'
      gamma:   O5'-C5'-C4'-C3'
      delta:   C5'-C4'-C3'-O3'
      epsilon: C4'-C3'-O3'-P(i+1)
      zeta:    C3'-O3'-P(i+1)-O5'(i+1)

      chi for pyrimidines(Y): O4'-C1'-N1-C2
          chi for purines(R): O4'-C1'-N9-C4

    (The number -9999.99 means that the angle can not be calculated) 

Ch Res  Num    alpha    beta     gamma    delta  epsilon    zeta     chi
U   G    1  -9999.99 -9999.99   141.19   151.48  -148.87   177.46  -100.55
U   C    2    -54.53   146.29    45.95    89.23  -167.41   -85.28  -174.78
U   C    3    169.54  -140.47   162.27   147.63  -142.08   -80.44  -139.22
U   C    4    160.17   169.83   140.72    79.29  -148.33  -108.75  -156.02
U   G    5    146.20  -121.33   164.96    80.50  -169.84   -86.73  -171.83
U   G    6    162.97  -133.43   163.91    82.60  -126.93   -38.75   174.80
U   A    7   -145.41   110.67   167.62   148.00   -86.00  -100.79  -148.10
U   U    8     63.67   101.76    17.26    78.15  -141.07  -127.66   -83.19
U   A    9     55.73  -146.89   -72.13   145.37  -112.67   -61.27  -114.13
U   G   10   -158.68  -169.63    48.10    82.82  -113.65   -99.03  -175.42
U   C   11     97.47  -138.89  -150.30    82.01  -117.04   -97.84  -171.72
U   U   12    -31.73   141.93    41.02    80.08  -144.23   -74.68  -158.82
U   C   13    -66.31   166.03    60.47    77.78  -161.28   -83.36  -161.62
U   A   14    -60.32   163.28    65.19    76.52  -136.67  -105.41  -175.80
U   G   15    135.58  -125.98   163.11    77.20  -127.66   -53.18   170.61
U   U   16    -66.63  -161.36    66.21    71.16  -109.11    94.31  -103.25
U   C   17     57.78   140.91   -66.89    80.60  -146.40    36.95  -169.37
U   G   18    172.61   173.35   -66.32   148.20   -59.42  -146.46  -106.52
U   G   19   -146.42   141.77   104.69   144.95   -57.99  -146.00  -105.75
U   U   20    173.33  -111.57   160.51    78.83  -164.98     8.18  -143.78
U   A   21   -129.68   142.66  -171.37    83.93   -97.16  -138.95  -172.52
U   G   22    -82.48   126.93    75.72    78.60   161.20    36.47  -171.41
U   A   23   -171.68    76.72  -168.08    73.53  -122.41   -41.99   -28.08
U   G   24    124.57  -173.73  -178.11    80.43  -158.99   -87.72  -173.84
U   C   25   -172.16  -148.21   139.78    85.19  -117.67   -75.41  -169.92
U   A   26    -61.26   170.13    45.64    82.11  -128.40   -83.88  -174.71
U   G   27    -71.22   148.62    73.77    77.71  -144.61   -60.45   178.76
U   G   28    -74.50  -172.90    56.23    76.95  -139.36   -80.12  -172.03
U   G   29    -55.69   163.85    52.26    78.02  -154.82  -102.06  -158.93
U   G   30    142.64  -131.53   179.64    82.08  -118.56   -99.81   179.86
U   A   31    -38.09   141.62    47.38    82.16  -131.56   -77.62  -158.32
U   U   32    -55.16   161.88    50.66    79.96  -115.34   -86.26  -159.80
U   U   33    -54.04   158.39    53.05    78.18  -131.02   -63.57  -158.11
U   C   34   -166.02   152.10    34.79    83.72  -138.34   -73.26  -162.94
U   C   35    -59.33   168.81    46.29    77.64  -156.29   -85.96  -152.70
U   G   36    136.25  -141.53  -167.18    85.72  -148.72   -78.21  -173.50
U   U   37    140.99  -153.84  -177.09    82.16   -90.55  -118.17  -172.52
U   A   38    106.28  -106.23  -176.69    82.04  -115.97   -68.29  -172.85
U   U   39    -53.92   153.14    61.46    73.26  -130.75   -95.61  -167.57
U   C   40    -30.90   148.19    41.67    76.89  -132.21   -91.12  -164.94
U   C   41    -41.19   150.29    50.35    78.46  -147.15   -82.48  -157.49
U   C   42    -55.50   158.81    57.67    79.81  -146.36   -74.32  -154.93
U   C   43    -62.54   160.01    69.62    72.53  -131.65   -73.59    32.77
U   G   44    -74.26   149.82    86.09    79.22  -118.48   -66.98  -166.22
U   U   45    -77.95   177.54    44.05    81.52  -112.14  -155.12    41.74
U   G   46     97.71  -110.49  -138.18   145.16  -103.16   -76.61  -121.29
U   U   47     96.17   129.46    61.11    73.02  -140.34    31.88  -158.06
U   C   48     83.87   116.29   -19.17   145.13  -152.67    68.22    36.11
U   C   49     63.29   152.97    37.02    79.56  -154.20   -70.53  -158.60
U   U   50    -70.57  -171.20    45.76    82.51  -151.02   -73.52  -158.28
U   U   51    -69.56   164.38    82.07   138.09  -154.84   -97.86  -150.68
U   G   52    135.33  -168.82   162.35    74.60  -152.52   -76.84  -164.87
U   G   53    -63.89   167.63    59.04    80.20  -143.72   -82.68  -169.12
U   U   54    -53.02   165.36    51.49    79.05 -9999.99 -9999.99  -164.63
U   U   55  -9999.99   107.33    52.05    83.76  -109.63  -110.25   105.61
U   C   56   -137.76  -138.47   -17.99    83.58  -131.16   -88.33  -165.81
U   G   57   -172.28  -129.56   166.65    82.27  -134.98   -72.59  -163.93
U   A   58    -58.50  -130.58    57.82   140.95   -86.88  -158.67   -73.01
U   U   59     37.36  -135.28    95.39    77.35   153.58    38.28   174.96
U   U   60   -153.31   162.18    99.44   140.96  -129.62   -25.83  -157.25
U   C   61    123.20   167.39   154.39    79.81  -128.16  -104.33  -170.08
U   C   62    -16.97   137.76    36.49    82.14  -119.56   -90.34  -158.99
U   G   63    -39.63   158.96    45.99   146.02  -160.36   -85.64  -125.34
U   A   64   -158.74   118.10   131.27    79.08  -119.73   -99.59   179.94
U   G   65    -31.70   147.23    39.37    81.29  -144.27   -77.92  -169.90
U   U   66    -62.45   162.79    58.25    77.72  -136.53   -73.92  -166.74
U   C   67    -55.96   163.37    57.05    74.28  -150.80   -81.02  -165.91
U   C   68    -58.05   163.08    55.75    78.36  -134.38  -127.48  -158.17
U   G   69    133.05  -111.54   164.07    82.95  -125.58   -93.26  -176.82
U   G   70    -58.34   142.67    71.82    86.28  -152.74   -23.18  -179.88
U   G   71    170.49   152.25  -173.52    82.76  -153.71   -98.13   177.92
U   C   72     99.76  -160.30  -114.40    72.64  -117.37   -41.92  -125.98
U   A   73    179.11  -145.96   160.85   149.20  -111.64   -60.87  -118.79
U   C   74   -154.48   -99.17   171.43    83.47  -151.60   -72.88  -165.48
U   C   75   -103.83  -160.83    73.97    88.75   -96.66   -35.25  -150.90
U   A   76   -106.69    81.78   164.59    80.77 -9999.99 -9999.99  -143.29
