The backbone torsional angle for nucleic acid 

 
Note: alpha:   O3'(i-1)-P-O5'-C5'
      beta:    P-O5'-C5'-C4'
      gamma:   O5'-C5'-C4'-C3'
      delta:   C5'-C4'-C3'-O3'
      epsilon: C4'-C3'-O3'-P(i+1)
      zeta:    C3'-O3'-P(i+1)-O5'(i+1)

      chi for pyrimidines(Y): O4'-C1'-N1-C2
          chi for purines(R): O4'-C1'-N9-C4

    (The number -9999.99 means that the angle can not be calculated) 

Ch Res  Num    alpha    beta     gamma    delta  epsilon    zeta     chi
A   C    1  -9999.99  -147.30    30.29   103.72   -99.97   -52.53   175.22
A   G    2    -81.60   173.81  -167.63   103.23  -156.34   -79.00  -168.34
A   C    3    129.88  -168.81  -163.00    95.11  -138.29   -31.85  -176.18
A   G    4   -141.02   119.89   150.89    80.65  -137.62   -74.46   177.34
A   G    5    -63.31   163.90    60.73    74.03  -134.17   -83.73   176.02
A   G    6    -74.58   147.04    81.79    72.47  -149.77   -73.98   174.79
A   G    7    -60.08   169.55    74.56   121.13  -105.36   -42.04  -153.66
A 4SU    8   -116.42  -150.27    75.64    82.14   -66.99  -133.90   168.00
A   G    9    -77.71   -57.54  -111.98   172.28  -109.07   -46.50  -116.24
A   G   10   -169.23  -168.43    48.60    90.30  -161.03   -68.20  -174.33
A   A   11    -79.67  -173.18    56.44    83.78  -135.84   -71.18  -175.23
A   G   12    -72.35   160.14    70.28    80.64  -155.28   -22.52  -173.14
A   C   13   -159.69    99.80   166.39   110.70  -173.26   -33.55  -174.06
A   A   14    166.36   116.88   178.20   100.19  -140.36   -53.81  -174.13
A   G   15    -68.92   172.64    59.25    89.37  -117.53   -76.15  -160.74
A   C   16   -110.65   178.93   111.00   143.89  -114.76   -45.62  -148.05
A   C   17    -83.78  -158.56    65.46    82.86  -171.48    50.69    29.77
A   U   17    149.86   158.52    55.44   142.33   -63.99  -106.41  -138.10
A   G   18    -25.20  -168.25    96.14   138.28  -145.03   -87.16  -123.66
A   G   19    -92.07  -147.56    47.49   136.46   -46.14  -141.52   -76.01
A H2U   20   -159.61     5.58  -140.92   149.68   179.65    43.83   -28.47
A   A   21     74.19   168.89     5.11   144.71  -135.49   175.51   -86.48
A   G   22     78.43  -170.55  -167.47   102.18  -155.99   -70.92  -161.08
A   C   23    -54.49   167.74    49.78    83.97  -144.62   -75.21  -151.29
A   U   24    -66.28  -179.94    50.70    89.73  -155.53   -89.61  -163.75
A   C   25    143.00  -158.72  -171.83    92.12  -116.55   -71.96  -176.89
A   G   26    -62.01   154.67    56.28    83.18  -133.03   -80.42  -175.43
A   U   27    -56.54   171.17    47.75    82.13  -144.41   -81.57  -164.36
A   C   28    -58.97   168.01    51.18    83.40  -132.97   -85.38  -172.48
A   G   29    -69.13   158.68    64.53    79.45  -134.81   -75.10  -175.05
A   G   30    -74.72   149.95    73.59    74.44  -137.66  -118.63   175.02
A   G   31      2.43   122.80    33.63    76.45  -151.48   -71.41  -177.46
A OMC   32    -53.15   169.36    52.76    81.26  -157.29   -74.93  -160.48
A   U   33    165.28  -148.38   150.78    79.07  -112.79   -54.14  -173.93
A   C   34   -152.48   138.71    22.85    88.53  -135.48   -69.42  -149.82
A   A   35    -69.48   157.21    69.81    86.62  -129.98   -38.62  -179.64
A   U   36   -117.88    73.90   165.92    99.31   -81.14   -32.03   173.15
A   A   37   -136.13   109.66   -68.99   172.37  -171.84   136.88   -55.73
A   A   38     71.70  -164.13   143.78    90.57  -116.70   -77.41   165.08
A   C   39    -52.51   157.66    47.75    82.00  -140.97   -77.50  -159.84
A   C   40    -62.37   165.43    55.51    79.46  -145.98   -78.99  -158.69
A   C   41    -72.97   167.01    64.18    78.17  -133.55   -67.58  -165.35
A   G   42    -90.50   148.97    88.39    67.90  -119.28   -94.83   175.17
A   A   43    -56.20   141.29    76.71    76.79  -140.61   -99.19   178.06
A   A   44    -28.55   155.89    39.28    91.70  -142.76   -72.01  -159.56
A   G   45    -75.68   169.24    61.00    92.81  -130.46   -89.41  -151.05
A   A   46    -77.06  -166.34    78.37    98.07  -144.76     0.47  -118.77
A   U   47    -71.54  -103.99    83.45    61.69  -176.05   150.51  -126.02
A   C   48    -76.40  -166.71    59.11   134.19  -145.13   112.38  -134.77
A   G   49    -63.27  -135.89   104.80    75.50  -137.93   -67.33   169.54
A   U   50    -70.91  -175.43    54.24    83.72  -150.34   -76.24  -162.36
A   C   51    -68.18   172.10    54.42    83.81  -149.62   -34.58  -145.74
A   G   52   -136.96   113.75   147.38    87.03  -123.24   -74.32   168.99
A   G   53    -79.73   162.19    80.70    74.59  -126.64   -89.14   179.21
A 5MU   54    -64.41   157.41    64.88    80.38  -114.26   -77.12  -171.83
A PSU   55    -68.41   163.95    71.51    69.64  -120.29   -44.01 -9999.99
A   C   56   -141.57    98.36    55.07    69.41  -129.76   -73.23   160.15
A   A   57    -62.61   165.49    53.57    79.83  -138.01   -71.18  -162.70
A   A   58    -51.79  -144.26    54.04   153.18  -110.40  -148.78   -69.01
A   A   59    171.13   167.24     7.49    98.96  -160.74   -42.46  -166.67
A   U   60    -94.61  -174.42    85.84   132.73   -99.52   -67.69  -145.78
A   C   61    -90.15  -175.80    43.63    89.35  -151.67   -84.29  -171.29
A   C   62    -65.66  -175.88    50.14    82.89  -155.79   -68.88   178.65
A   G   63    -68.93   178.44    62.53    79.83  -149.95   -75.75  -173.42
A   G   64    -74.03   170.84    59.95    70.31  -163.19   -53.17  -175.89
A   C   65    -92.48   176.60    72.27    80.07  -157.10   -73.24  -172.04
A   C   66    -64.73   178.63    52.51    81.39  -147.91   -75.54  -172.99
A   C   67    -73.33   175.20    57.95    82.55  -153.55   -74.97  -168.94
A   C   68    -58.64   172.27    47.00    77.94  -148.47   -77.38  -162.70
A   C   69    -67.12   166.95    64.89    75.80  -148.86   -80.08  -174.47
A   G   70    -50.74   168.44    57.67    76.62  -161.01   -81.54  -168.59
A   C   71    147.15  -163.93  -178.41    93.33  -125.21   -85.11  -178.33
A   A   72    -45.65   162.79    46.78    82.18  -146.98   -74.49  -167.05
A   A   73    -70.94   158.18    63.61    82.45  -145.60   -65.55  -163.11
A   C   74    -74.56   178.38    73.36    72.47  -150.42   -61.46  -156.90
A   C   75    -69.45   166.29    69.42    80.53  -133.27    44.33  -156.26
A   A   76   -168.19   131.57    33.85    73.79 -9999.99 -9999.99    26.89
