PDB data file name: tRNA_dataset/3cw6_chain_A.pdb_new
uncommon residue 4SU    8  on chain A [#8] assigned to: u
uncommon residue H2U   20  on chain A [#21] assigned to: u
uncommon residue OMC   32  on chain A [#33] assigned to: c
uncommon residue 5MU   54  on chain A [#55] assigned to: u
uncommon residue PSU   55  on chain A [#56] assigned to: P
-----------------------------------------------------------
CRITERIA USED TO GENERATE BASE-PAIR: 
  3.40 --> upper H-bond length limits (ON..ON).
 26.00 --> max. distance between paired base origins.
  2.50 --> max. vertical distance between paired base origins.
 65.00 --> max. angle between paired bases [0-90].
  5.40 --> min. distance between RN9/YN1 atoms.
  8.00 --> max. distance criterion for helix break[0-12]
-----------------------------------------------------------
BASE-PAIR INSTRUCTIONS: 
Column 1 is rnaview assigned base numbers n1_n2, start from 1.
Column 2 & 3 are chain ID & residue number in input PDB file.
Column 4 is for base pair. The left & right are the bases as 
         identified by column 2 & 3 and 5 & 6.
Column 5 & 6 are residue number & chain ID in input PDB file.
Column 7 is for base pair annotation. The standard Watson-Crick
         (W.C.) pairs are annotated as -/- (AU,AT) or +/+ (GC).
         Other pairs are annotated as Leontis_Westhof Classification.
         The three edges: W(Watson-Crick); H(Hoogsteen); S(suger).
         e.g. W/H means the pair is edge of Watson-Crick & Hoogsteen.
Column 8 is glycosidic bond orientation (either cis or trans).
         e.g. 'W/H cis' means the pair is interaction on Watson-Crick
         and Hoogsteen side, glycosidic bond orientation is 'cis'.
Column 9 corresponds to Saenger Classification.

Other columns: 
        Syn sugar-base conformations are annotated as (syn).
        Stacked base pairs are annotated as (stack).
        Non-identified edges are annotated as (.) or (?)
        Tertiary interactions are marked by (!) in the line.
Reference:
Yang et al (2003) Nucleic Acids Research, Vol31,No13,p3450-3461.
-----------------------------------------------------------
BEGIN_base-pair
    11_25, A:    11 A-U    24 A: -/- cis         XX
     3_71, A:     3 C-G    70 A: +/+ cis         XIX
    13_23, A:    13 C-G    22 A: +/+ cis         XIX
    29_43, A:    28 C-G    42 A: +/+ cis         XIX
    52_64, A:    51 C-G    63 A: +/+ cis         XIX
     2_72, A:     2 G-C    71 A: +/+ cis         XIX
     4_70, A:     4 G-C    69 A: +/+ cis         XIX
     5_69, A:     5 G-C    68 A: +/+ cis         XIX
     6_68, A:     6 G-C    67 A: +/+ cis         XIX
     7_67, A:     7 G-C    66 A: +/+ cis         XIX
    10_26, A:    10 G-C    25 A: +/+ cis         XIX
    12_24, A:    12 G-C    23 A: +/+ cis         XIX
    20_57, A:    19 G-C    56 A: +/+ cis    syn    XIX
    30_42, A:    29 G-C    41 A: +/+ cis         XIX
    31_41, A:    30 G-C    40 A: +/+ cis         XIX
    32_40, A:    31 G-C    39 A: +/+ cis         XIX
    50_66, A:    49 G-C    65 A: +/+ cis         XIX
    53_63, A:    52 G-C    62 A: +/+ cis         XIX
    54_62, A:    53 G-C    61 A: +/+ cis         XIX
    28_44, A:    27 U-A    43 A: -/- cis         XX
    27_45, A:    26 G-A    44 A: W/W cis         VIII
    51_65, A:    50 U-G    64 A: W/W cis         XXVIII
    15_49, A:    15 G-C    48 A: W/W tran        XXII
    23_47, A:    22 G-A    46 A: H/W tran        n/a
    30_38, A:    29 G-A    37 A: H/W tran     syn  n/a
END_base-pair

Summary of triplets and higher multiplets
BEGIN_multiplets
13_23_47_| [1 3]  A: 13 C  +  A: 22 G  +  A: 46 A
30_38_42_| [2 3]  A: 29 G  +  A: 37 A  +  A: 41 C
END_multiplets

  The total base pairs =  29 (from   77 bases)
------------------------------------------------
 Standard  WW--cis  WW-tran  HH--cis  HH-tran  SS--cis  SS-tran
       20        3        1        0        0        0        0
  WH--cis  WH-tran  WS--cis  WS-tran  HS--cis  HS-tran
        0        4        0        1        0        0
------------------------------------------------
