PDB data file name: tRNA_dataset/1h3e_chain_B.pdb_new
uncommon residue PSU   35  on chain B [#35] assigned to: P
uncommon residue 5MU   54  on chain B [#62] assigned to: u
uncommon residue PSU   55  on chain B [#63] assigned to: P
uncommon residue 1MA   58  on chain B [#66] assigned to: a
-----------------------------------------------------------
CRITERIA USED TO GENERATE BASE-PAIR: 
  3.40 --> upper H-bond length limits (ON..ON).
 26.00 --> max. distance between paired base origins.
  2.50 --> max. vertical distance between paired base origins.
 65.00 --> max. angle between paired bases [0-90].
  5.40 --> min. distance between RN9/YN1 atoms.
  8.00 --> max. distance criterion for helix break[0-12]
-----------------------------------------------------------
BASE-PAIR INSTRUCTIONS: 
Column 1 is rnaview assigned base numbers n1_n2, start from 1.
Column 2 & 3 are chain ID & residue number in input PDB file.
Column 4 is for base pair. The left & right are the bases as 
         identified by column 2 & 3 and 5 & 6.
Column 5 & 6 are residue number & chain ID in input PDB file.
Column 7 is for base pair annotation. The standard Watson-Crick
         (W.C.) pairs are annotated as -/- (AU,AT) or +/+ (GC).
         Other pairs are annotated as Leontis_Westhof Classification.
         The three edges: W(Watson-Crick); H(Hoogsteen); S(suger).
         e.g. W/H means the pair is edge of Watson-Crick & Hoogsteen.
Column 8 is glycosidic bond orientation (either cis or trans).
         e.g. 'W/H cis' means the pair is interaction on Watson-Crick
         and Hoogsteen side, glycosidic bond orientation is 'cis'.
Column 9 corresponds to Saenger Classification.

Other columns: 
        Syn sugar-base conformations are annotated as (syn).
        Stacked base pairs are annotated as (stack).
        Non-identified edges are annotated as (.) or (?)
        Tertiary interactions are marked by (!) in the line.
Reference:
Yang et al (2003) Nucleic Acids Research, Vol31,No13,p3450-3461.
-----------------------------------------------------------
BEGIN_base-pair
     1_80, B:     1 G-C    72 B: +/+ cis         XIX
     2_79, B:     2 G-C    71 B: +/+ cis         XIX
      3_4, B:     3 G-C     4 B:      stacked
     3_78, B:     3 G-C    70 B: +/+ cis         XIX
     3_79, B:     3 G-C    71 B:      stacked
     4_77, B:     4 C-G    69 B: +/+ cis         XIX
     5_76, B:     5 A-U    68 B: -/- cis         XX
     6_75, B:     6 G-C    67 B: +/+ cis         XIX
     7_74, B:     7 G-C    66 B: +/+ cis         XIX
     8_13, B:     8 U-G    13 B:      stacked
     8_14, B:     8 U-A    14 B: W/H tran        XXIV
     9_13, B:     9 U-G    13 B: H/W tran        n/a
    10_25, B:    10 C-G    25 B: +/+ cis         XIX
    11_24, B:    11 C-G    24 B: +/+ cis         XIX
    12_23, B:    12 C-G    23 B: +/+ cis         XIX
    13_22, B:    13 G-A    22 B: S/H tran        XI
    14_21, B:    14 A-A    21 B: W/S cis         n/a
    15_19, B:    15 G-C    20 B: S/W tran        n/a
    15_56, B:    15 G-C    48 B: W/W tran        XXII
    16_63, B:    18 G-P    55 B: W/W tran        n/a
    17_64, B:    19 G-C    56 B: +/+ cis    syn    XIX
    20_54, B:    20 A-U    47 B: H/W tran        XXIV
    26_44, B:    26 G-U    44 B: W/W cis         XXVIII
    27_43, B:    27 A-U    43 B: -/- cis         XX
    28_42, B:    28 C-G    42 B: +/+ cis         XIX
    29_41, B:    29 G-C    41 B: +/+ cis         XIX
    30_40, B:    30 G-C    40 B: +/+ cis         XIX
    31_39, B:    31 U-A    39 B: -/- cis         XX
    39_40, B:    39 A-C    40 B:      stacked
    43_44, B:    43 U-U    44 B:      stacked
    45_53, B:    45 G-C    47 B: +/+ cis         XIX
    46_52, B:    46 G-C    47 B: +/+ cis         XIX
    46_53, B:    46 G-C    47 B:      stacked
    47_51, B:    47 C-G    47 B: +/+ cis         XIX
    48_49, B:    47 G-U    47 B:   syn  stacked
    57_73, B:    49 G-C    65 B: +/+ cis         XIX
    58_72, B:    50 C-G    64 B: +/+ cis         XIX
    59_71, B:    51 U-A    63 B: -/- cis         XX
    60_70, B:    52 G-C    62 B: +/+ cis         XIX
    61_69, B:    53 G-C    61 B: +/+ cis         XIX
    62_66, B:    54 u-a    58 B: W/H tran     syn  XXIV
    19_56, B:    20 C-C    48 B: W/W tran        !1H(b_b)
    21_55, B:    21 A-U    47 B: H/S tran        !1H(b_b)
    32_38, B:    32 C-A    38 B: W/W cis         !1H(b_b).
     8_21, B:     8 U-A    21 B: S/W tran        !(b_s)
      8_9, B:     8 U-U     9 B: S/S cis         !(s_s)
     9_22, B:     9 U-A    22 B: W/H tran        !(s_s)
    21_22, B:    21 A-A    22 B: S/H cis         !(s_s)
    33_36, B:    33 U-A    36 B: S/H tran        !(s_s)
END_base-pair

Summary of triplets and higher multiplets
BEGIN_multiplets
8_14_21_| [1 3]  B: 8 U  +  B: 14 A  +  B: 21 A
9_13_22_| [2 3]  B: 9 U  +  B: 13 G  +  B: 22 A
15_19_56_| [3 3]  B: 15 G  +  B: 20 C  +  B: 48 C
END_multiplets

  The total base pairs =  34 (from   81 bases)
------------------------------------------------
 Standard  WW--cis  WW-tran  HH--cis  HH-tran  SS--cis  SS-tran
       24        1        2        0        0        0        0
  WH--cis  WH-tran  WS--cis  WS-tran  HS--cis  HS-tran
        0        4        1        1        0        1
------------------------------------------------
