BEGIN_base-pair
     7_74, B:     7 G-C    66 B: +/+ cis         XIX
     8_14, B:     8 U-A    14 B: W/H tran        XXIV
     9_13, B:     9 U-G    13 B: H/W tran        n/a
    10_25, B:    10 C-G    25 B: +/+ cis         XIX
    10_25,-
7_74_8_14_9_13_10_25_0, click this line to see above pattern
0_0,---------
    17_64, B:    19 G-C    56 B: +/+ cis    syn    XIX
    20_54, B:    20 A-U    47 B: H/W tran        XXIV
    26_44, B:    26 G-U    44 B: W/W cis         XXVIII
    27_43, B:    27 A-U    43 B: -/- cis         XX
    27_43,-
17_64_20_54_26_44_27_43_0, click this line to see above pattern
0_0,---------
    12_23, B:    12 C-G    23 B: +/+ cis         XIX
    13_22, B:    13 G-A    22 B: S/H tran        XI
    14_21, B:    14 A-A    21 B: W/S cis         n/a
    15_19, B:    15 G-C    20 B: S/W tran        n/a
    15_56, B:    15 G-C    48 B: W/W tran        XXII
    16_63, B:    18 G-P    55 B: W/W tran        n/a
    17_64, B:    19 G-C    56 B: +/+ cis    syn    XIX
    17_64,-
12_23_13_22_14_21_15_19_15_56_16_63_17_64_0, click this line to see above pattern
0_0,---------
END_base-pair
