The backbone torsional angle for nucleic acid 

 
Note: alpha:   O3'(i-1)-P-O5'-C5'
      beta:    P-O5'-C5'-C4'
      gamma:   O5'-C5'-C4'-C3'
      delta:   C5'-C4'-C3'-O3'
      epsilon: C4'-C3'-O3'-P(i+1)
      zeta:    C3'-O3'-P(i+1)-O5'(i+1)

      chi for pyrimidines(Y): O4'-C1'-N1-C2
          chi for purines(R): O4'-C1'-N9-C4

    (The number -9999.99 means that the angle can not be calculated) 

Ch Res  Num    alpha    beta     gamma    delta  epsilon    zeta     chi
B   G    1  -9999.99   177.31    54.91    82.55  -144.14   -75.89  -169.33
B   G    2    -63.02   175.74    48.58    78.02  -149.16   -81.86  -173.80
B   G    3    -63.42   177.75    52.02    79.34  -140.88   -85.81  -167.61
B   C    4    -44.61   158.49    49.02    82.47  -151.12   -70.91  -156.99
B   A    5    -63.31  -177.77    49.29    82.90  -168.23   -54.14  -152.53
B   G    6    159.75   177.60   174.05    83.62  -145.28   -69.71  -174.41
B   G    7    -49.50  -174.64    51.48   149.90  -100.46   -56.66  -130.65
B   U    8    -70.32  -164.68    52.12    87.02  -120.79  -129.20  -170.73
B   U    9    -60.32   172.55    34.30   148.67   -93.67   -82.27   -97.23
B   C   10    168.94  -175.21    50.23    84.25  -149.67   -71.95  -164.02
B   C   11    -74.03  -173.89    50.49    83.80  -151.33   -72.42  -159.29
B   C   12    -58.21   172.14    47.97    80.74  -175.36   -56.02  -159.41
B   G   13    177.27  -142.97   144.34    83.59  -138.88   -94.24  -174.64
B   A   14    -61.49  -179.51    37.43    83.83  -166.09   -44.71  -146.75
B   G   15    -76.98  -172.84    51.26    82.71 -9999.99 -9999.99  -145.01
B   G   18  -9999.99   143.89  -171.82   149.79  -153.02   -91.77  -118.61
B   G   19    -70.54  -142.45    32.66   149.95  -103.70   -77.37   -71.28
B   C   20    -82.98  -163.79    31.65    95.41  -158.61    80.35  -143.15
B   C   20     77.72   158.65    75.00   140.91   -65.90    88.19  -142.92
B   A   20     73.20  -148.25   -76.16   159.40   -57.02    84.21  -113.27
B   A   21   -166.53  -156.01    48.13    85.09  -168.75  -150.13  -159.10
B   A   22    -41.75   167.37    45.49    84.80  -139.18   -68.90   179.46
B   G   23    -60.69   167.54    51.63    84.24  -152.40   -71.97  -173.53
B   G   24    -68.55   175.27    53.03    83.20  -150.70   -69.98  -174.13
B   G   25    -57.99   174.42    52.26    82.27  -150.05   -65.20  -164.20
B   G   26    -65.86   169.61    57.96    85.11  -147.15   -62.30  -158.99
B   A   27    -77.74   164.21    66.66    82.87  -141.73   -79.20  -164.60
B   C   28    -68.60   162.29    67.17    85.97  -146.57   -87.17  -160.97
B   G   29    138.31  -161.15   174.57    77.21  -126.54   -79.52  -179.07
B   G   30    -36.86   165.11    37.48    81.19  -153.62   -80.72  -162.56
B   U   31    -49.54   174.66    42.71    84.15  -154.48   -56.54  -154.23
B   C   32    -69.03  -173.52    46.64    86.07  -154.87   -51.70  -167.56
B   U   33    164.43  -177.24   169.10    83.69  -138.69   -67.29  -178.16
B   G   34   -167.64   177.95    42.93   154.49  -102.72  -115.34  -120.10
B PSU   35     76.15  -171.65    51.28   149.62   -84.60   -77.15 -9999.99
B   A   36    -42.06  -160.15    46.36    84.56  -161.81   -58.16  -170.03
B   A   37    -72.72  -174.10    55.31    88.58  -147.84   -69.06  -169.73
B   A   38    -58.13   174.22    43.84    87.36  -160.27   -56.12  -165.96
B   A   39    -72.20  -178.52    49.88    86.45  -151.64   -70.69  -156.38
B   C   40    -58.19   173.43    45.97    83.87  -163.44   -70.57  -132.31
B   C   41    -63.75  -175.24    42.43    82.11  -167.04   -78.63  -168.48
B   G   42    167.62  -158.75   163.67    83.90  -139.84   -72.35   179.63
B   U   43    -48.92   174.65    41.34    80.99  -146.89   -67.61  -163.37
B   U   44    -68.29   166.56    64.85    86.37  -140.50   170.91  -145.81
B   G   45    -50.11   164.95   172.02    84.54  -142.51   -78.85  -173.67
B   G   46    -59.07   170.79    49.56    84.16  -164.67   -63.05  -156.90
B   C   47    -70.40  -169.47    49.66    85.22  -152.94   -87.99  -163.71
B   G   47     99.54   137.53    50.90    81.23    58.10   -43.49  -137.86
B   U   47    151.29  -167.02   175.10    88.03  -179.49   111.30   -87.73
B   A   47     92.38   -94.71   163.67    86.92 -9999.99 -9999.99  -100.47
B   G   47  -9999.99   -99.45    80.41    85.34  -165.08   -71.38  -162.59
B   C   47    -72.74   178.43    59.46    84.34  -162.15   -76.18  -163.54
B   C   47    -60.71   168.71    55.62    85.48  -154.25   -77.41  -153.48
B   U   47    -65.86   175.06    54.90    86.59  -159.50   -57.13   170.88
B   U   47    -77.41  -164.98    53.14    82.89  -149.77   -34.29  -152.39
B   C   48   -165.90    88.52   178.52   149.59  -142.28    74.89  -140.26
B   G   49     40.31   162.28    55.52    86.88  -148.03   -75.69   173.38
B   C   50    -70.33  -174.90    56.34    84.66  -151.26   -71.08  -161.31
B   U   51    -57.19   176.47    46.33    84.29  -171.83   -69.42  -142.05
B   G   52    147.00  -164.92   177.83    84.38  -139.89   -70.63  -174.29
B   G   53    -70.38   165.04    65.21    82.79  -165.55   -69.15  -169.77
B 5MU   54    -69.52  -162.67    50.69    85.21  -139.77   -72.26  -148.62
B PSU   55    -63.35   167.29    50.94    84.30  -149.92   -30.82 -9999.99
B   C   56    159.16   130.22    61.65    88.29  -141.54   -54.72  -173.31
B   G   57    -89.92   179.12    58.40    85.67  -153.77   -73.70  -162.44
B 1MA   58    -76.88  -109.05    60.16   154.14   -93.96   156.07   -58.43
B   A   59     71.16  -151.72    76.35    85.87  -148.71   -63.39  -170.68
B   U   60    -48.79  -166.42    46.92   150.71  -137.97   -48.69  -100.38
B   C   61   -105.34  -155.92    42.24    84.38  -167.73   -64.50  -152.66
B   C   62    -78.93  -170.26    50.54    85.16  -164.66   -62.02  -157.49
B   A   63    -73.07  -171.63    47.88    82.83  -150.78   -80.93  -157.33
B   G   64    -75.22   169.23    58.04    81.94  -151.99   -71.64  -164.78
B   C   65    -57.02   169.59    55.01    80.61  -154.55   -71.87  -164.57
B   C   66    -57.57  -176.43    47.42    81.91  -147.24   -74.77  -159.58
B   C   67    -61.29   172.68    50.30    82.28  -152.44   -82.62  -169.24
B   U   68    -65.17   171.52    61.66    81.29  -154.62   -73.00  -173.66
B   G   69    -71.77  -173.97    49.96    85.47  -156.34   -70.64  -156.60
B   C   70    -65.15   174.31    53.31    84.12  -157.37   -62.49  -158.70
B   C   71    -68.64  -172.12    44.40    81.17  -163.36   -32.21  -141.19
B   C   72   -140.46   134.44   151.08    82.35  -114.14   -76.88   172.21
B   A   73    -59.23   166.62    48.55    83.83 -9999.99 -9999.99  -152.12
