The backbone torsional angle for nucleic acid 

 
Note: alpha:   O3'(i-1)-P-O5'-C5'
      beta:    P-O5'-C5'-C4'
      gamma:   O5'-C5'-C4'-C3'
      delta:   C5'-C4'-C3'-O3'
      epsilon: C4'-C3'-O3'-P(i+1)
      zeta:    C3'-O3'-P(i+1)-O5'(i+1)

      chi for pyrimidines(Y): O4'-C1'-N1-C2
          chi for purines(R): O4'-C1'-N9-C4

    (The number -9999.99 means that the angle can not be calculated) 

Ch Res  Num    alpha    beta     gamma    delta  epsilon    zeta     chi
C   U    1  -9999.99  -177.01    39.23    85.59   -77.73  -174.52  -165.76
C   G    2   -122.10  -170.67    80.59   147.05  -156.66   -85.13   179.54
C   G    3    159.88   170.12   148.62    86.59  -157.68   -78.80  -165.04
C   G    4    153.30  -161.70   169.09    84.68  -124.66   -82.03   175.77
C   A    5    -52.12   168.46    47.74    80.67  -152.58   -67.90  -157.21
C   G    6    -52.69   170.08    53.91    77.85   174.38   -75.71  -156.91
C   G    7   -179.31  -161.62   176.69   145.95   -91.15   -50.52  -153.35
C   U    8    -50.51  -152.76    55.52    83.66  -134.93   -72.53  -162.60
C   C    9   -150.70    85.28  -171.20   144.61   -90.19   -37.06  -123.52
C   G   10    179.65   170.45    57.96    88.00  -144.01   -75.88  -175.34
C   U   11    -69.97   175.23    53.99    85.07  -149.33   -66.46  -171.89
C   C   12    -77.41  -166.12    48.97    82.28  -151.54   -71.15  -149.51
C   U   13    -39.14   166.36    38.99    83.19  -177.57   -63.13  -146.16
C   A   14    163.03   168.77   178.94    83.23  -142.45   -55.53   173.12
C   A   15    -81.36  -161.75    46.33    80.89  -166.71  -154.27  -151.87
C   C   16   -107.78  -120.42    32.26   145.67  -149.83   -54.60  -154.89
C   G   18   -139.97   174.69   -61.48   145.62  -123.67  -142.23  -111.52
C   G   19    -92.80  -160.74    62.11   145.37   -50.76   105.26   -80.23
C   U   20   -133.51  -110.13    87.51   145.43   168.66     9.81  -147.69
C   A   21    178.07  -134.29   166.10    85.86   -84.43  -108.36  -176.32
C   G   22   -127.25    99.27   108.12    78.26  -155.97   -62.60  -169.47
C   G   23    -65.45  -171.68    48.96    80.80  -153.80   -72.38  -152.56
C   A   24    -71.77   168.42    57.62    84.34  -124.74   -82.45  -175.29
C   C   25    -66.25   163.91    57.66    83.11  -147.26   -60.48  -160.03
C   G   26    -57.61   167.57    56.52    84.71  -143.97   -70.18  -159.64
C   G   27    -72.93   172.05    53.44    83.16  -153.66   -69.19  -163.32
C   C   28    -73.82   177.30    55.54    80.35  -164.50   -63.32  -161.29
C   G   29    -67.46  -173.51    50.70    81.84  -148.11  -106.29  -165.57
C   G   30    141.90  -132.41   175.90    83.68  -133.24  -114.53   179.53
C   A   31    142.77  -122.59   174.37    83.25  -130.72   -60.17  -165.27
C   C   32    -62.33   167.99    51.02    83.80  -103.88  -129.92  -157.53
C   U   33    104.47   130.59    42.18    87.22  -136.80  -170.16   161.40
C   C   34      8.81  -139.07    80.97    83.61  -166.73   -84.33   -76.35
C   U   35    -69.41  -170.59   159.59   149.95   -54.08    82.67  -154.44
C   G   36     74.44   168.73   173.86    84.56   174.07    69.02    73.75
C   G   37   -113.34  -100.59    56.30   143.74   -88.15    55.96  -122.39
C   A   38   -169.69    84.66  -152.22    84.14  -147.25   -69.03  -168.96
C   U   39    -64.51   171.48    51.23    81.58  -155.17   -67.50  -149.69
C   C   40    -69.43  -178.48    52.63    81.55  -157.34   -71.22  -162.89
C   C   41    -60.61   173.98    54.94    79.81  -168.76   -61.47  -153.91
C   G   42    158.64  -179.99   172.75    84.04  -154.11   -66.32  -176.47
C   C   43    -64.39  -179.16    50.51    83.66  -161.53   -61.76  -168.92
C   U   44    -66.48  -171.02    58.23    87.58  -129.01   -74.45  -156.94
C   G   45    -59.50   161.38    53.46    83.33  -148.84   -96.02  -134.41
C   G   46    -53.42  -175.41    53.72    81.48  -161.61   -64.52  -118.98
C   U   48   -118.71   135.29   171.91   144.08  -148.35   104.90  -129.18
C   G   49    -38.42  -137.39    89.02    86.59  -147.48   -64.48  -171.85
C   G   50    -65.68  -173.01    47.56    79.86  -163.43  -100.21  -158.27
C   A   51    155.99  -137.54   168.93    84.19  -143.86   -43.99  -166.41
C   G   52   -161.43   145.85   145.60    82.85  -114.19   -83.71   171.00
C   G   53    -57.68   161.95    55.16    76.65  -155.09   -70.50  -166.60
C   U   54    -56.97   175.31    48.98    81.23  -133.74   -67.45  -165.16
C   U   55    -62.21   174.19    46.00    83.86  -126.49   -90.67  -148.16
C   C   56    155.85   179.81    64.25    84.31  -134.22  -101.03  -179.69
C   G   57    146.28  -133.49   173.54    83.89  -107.77   -78.90  -173.43
C   A   58    -41.71  -151.37    50.05   146.20   -78.84   175.67   -85.64
C   G   59     84.90  -152.03    57.55    84.76  -147.36   -66.76  -162.67
C   U   60    -45.40   171.78    55.97   144.26  -133.78   -51.47  -113.09
C   C   61   -122.19  -151.52    49.49    83.73  -156.46   -68.88  -166.15
C   C   62    -81.07  -162.13    50.54    84.13  -159.17   -72.04  -165.45
C   U   63    -65.79  -173.27    47.57    81.76  -154.59   -72.97  -155.51
C   C   64    -58.09   166.40    50.60    81.27  -158.59   -65.47  -161.28
C   C   65    -68.59  -178.79    52.30    81.88  -156.23   -67.59  -160.14
C   C   66    -59.87   176.71    51.38    83.06  -154.29   -69.06  -162.69
C   C   67    -62.69   170.68    53.39    82.87  -157.23   -72.60  -157.72
C   U   68    -71.11   179.57    54.61    81.82  -154.47   -78.16  -164.89
C   C   69    -66.27   173.95    51.98    80.92  -157.71   -71.66  -155.30
C   C   70    -65.42   173.00    54.40    83.92  -142.30   -78.19  -168.45
C   C   71    -78.90   177.82    57.94    83.03  -146.10  -105.46  -163.40
C   A   72    177.06   -48.65   -76.04   144.58   176.33   -92.33  -164.97
C   G   73    -60.36   157.21   175.30    86.28 -9999.99 -9999.99    31.99
