The backbone torsional angle for nucleic acid 

 
Note: alpha:   O3'(i-1)-P-O5'-C5'
      beta:    P-O5'-C5'-C4'
      gamma:   O5'-C5'-C4'-C3'
      delta:   C5'-C4'-C3'-O3'
      epsilon: C4'-C3'-O3'-P(i+1)
      zeta:    C3'-O3'-P(i+1)-O5'(i+1)

      chi for pyrimidines(Y): O4'-C1'-N1-C2
          chi for purines(R): O4'-C1'-N9-C4

    (The number -9999.99 means that the angle can not be calculated) 

Ch Res  Num    alpha    beta     gamma    delta  epsilon    zeta     chi
C   G    1  -9999.99   169.47   -59.95    82.30  -141.06  -134.48   -84.32
C   U    2    -88.43   165.72    54.27    78.54  -121.46   110.76  -169.62
C   C    3    153.85  -138.92    66.83    83.30  -126.07   175.53   -85.56
C   C    4    -54.29  -103.42  -168.68    79.26  -178.96   -64.13  -164.67
C   C    5    160.78  -170.06   176.09    78.73  -126.79   -16.82  -164.14
C   C    6   -147.78   117.72   176.34    80.25  -119.01   -72.19  -175.59
C   U    7    -55.22   168.09    63.53    86.44   108.06    74.08  -164.80
C   U    8    118.94  -133.33   174.18    78.45   -96.20  -108.32   156.89
C   C    9   -175.96   172.83   165.21    93.99   -74.42   -55.66  -130.82
C   G   10   -147.91   159.16    52.82    82.58  -133.53   -75.23  -179.86
C   U   11    -63.03   157.29    56.68    77.36  -163.57   -61.01  -174.93
C   C   12    -94.69  -157.38    48.41    77.37  -165.29   -56.31  -165.65
C   U   13    154.57  -158.96  -177.45    80.82  -164.01   -63.50  -171.12
C   A   14    -70.29  -164.29    53.39    80.47  -143.53   -42.27  -168.68
C   G   15    -82.47   179.25    58.25    78.26    78.52  -173.06  -141.33
C   A   16   -107.91    57.13   166.67    80.97  -132.75   153.09   152.40
C   G   17    106.36  -164.08   -62.54    84.94   162.41   -84.78  -115.48
C   G   18   -172.59  -118.78   173.12    93.46  -114.91   -23.78  -146.30
C   C   19   -133.37  -131.71    69.80    79.54  -169.00    87.31  -130.02
C   C   20     95.30   166.23    62.61    95.90   -11.20    69.16  -145.17
C   C   20     61.50   131.14    52.71    71.52  -172.97   127.30  -154.29
C   A   21    -69.41   152.12    51.93    82.50  -100.42  -154.94   168.32
C   G   22    -66.32   133.44    48.48    76.25  -137.98   -79.81   178.92
C   G   23    -56.65   166.68    57.81    77.08  -163.23   -53.16  -160.02
C   A   24    -75.06  -174.01    52.81    79.73  -157.98   -58.82  -147.17
C   C   25    -86.46   169.79    59.54    77.65  -156.45   -55.59  -161.28
C   A   26    -66.44   171.68    61.90    78.18  -153.51   -49.38   178.91
C   C   27    -84.51   175.07    59.60    75.12  -147.05   -61.61  -167.48
C   C   28    -79.21  -175.83    53.32    76.71  -155.26   -64.31  -153.69
C   G   29    -64.94   179.07    53.53    79.55  -161.74   -62.92  -166.25
C   C   30    -75.60   175.13    60.85    78.34  -163.62   -49.24  -168.85
C   C   31    -84.43  -173.79    57.28    77.09  -160.31   -48.35  -168.12
C   C   32    -79.62  -177.72    59.68    82.59  -126.88   -64.94  -174.39
C   U   33    -84.04   169.12    69.93    82.31  -122.09   -97.45  -161.29
C   U   34    -31.07   139.91   178.66    75.73    96.15    65.04   -98.59
C   U   35     31.61   150.25   -52.96    94.20  -159.33   -45.69  -167.71
C   C   36    -85.90  -168.97    46.08    79.51   168.96     0.79  -150.89
C   A   37    164.11   153.17   158.46    82.14  -140.75   -65.34  -178.53
C   C   38    -46.15   174.31    46.34    75.89  -159.42   -36.54    31.91
C   G   39    -86.55  -177.41    63.62    78.79  -158.87   -56.26  -179.91
C   G   40    -71.00  -168.72    49.22    81.13  -161.11   -49.07  -163.60
C   C   41    -78.27  -178.04    56.04    77.08  -150.89   -64.54  -155.16
C   G   42    -77.72   160.18    69.89    77.06  -169.34   -64.24  -168.83
C   G   43    -76.38  -177.21    63.47    81.39  -162.39   -61.10  -169.04
C   U   44    -74.08  -170.51    54.26    78.05  -151.09   -53.89   179.54
C   A   45    -66.23   174.66    58.17    85.18  -149.19   -86.87  -142.74
C   A   46    -68.94  -167.69    58.02    84.29  -160.35   -61.15  -123.08
C   C   47   -113.38   158.44   164.11    85.61   175.77   162.51  -143.74
C   A   49     13.81  -143.19    52.35    84.49  -149.43   -62.97  -165.11
C   G   50    -81.96   179.99    59.52    82.03  -162.52   -58.39  -166.95
C   G   51    -87.37  -165.80    49.91    78.79   175.09   -71.98  -164.79
C   G   52    169.01  -145.78   161.95    77.50  -139.47   -85.26   177.85
C   G   53    129.23  -150.02  -164.91    81.55  -134.92   -66.04   178.23
C   U   54    -48.76   174.69    39.21    78.78  -138.64   -86.34  -160.03
C   U   55    138.98  -150.42   176.22    84.00  -105.67   -67.64  -150.05
C   C   56    156.39   174.20    55.76    79.85  -139.24   -66.19  -162.91
C   G   57    -67.96   176.28    60.17    86.38  -143.11  -124.87  -162.10
C   A   58     40.78   104.87    59.17    83.14  -164.69   -55.61  -126.37
C   A   59    161.92   126.34    53.32    79.31  -115.20   -75.00  -169.72
C   U   60    -53.49   147.33    76.68    80.93   170.32    58.62  -145.07
C   C   61   -168.37  -161.32    59.63    77.28  -151.24   -74.78  -176.00
C   C   62    -70.18   177.83    51.99    75.97  -159.13   -59.36  -160.95
C   C   63    -65.77   179.20    52.73    75.72  -146.16  -104.22  -161.23
C   C   64    129.95  -132.51   176.53    80.29   -95.01  -135.36  -170.89
C   U   65    138.11  -135.67   163.20    86.75  -129.58  -104.90  -126.22
C   A   66    164.76  -155.59   144.08    86.83  -151.03  -161.45   101.32
C   G   67   -143.35   -77.93   154.68    83.95  -149.59   -84.47   154.18
C   G   68    175.82  -149.39   162.61    79.98  -155.75   -39.79   170.01
C   G   69    158.02   153.44   179.34    80.00  -148.45   -94.36  -150.26
C   G   70    160.62  -149.85   162.43    82.49  -117.98   178.15  -144.37
C   A   71    -57.56  -123.24   -71.40    77.33  -167.21  -165.35  -150.71
C   C   72     73.32  -136.99    63.20    81.02  -169.50   -73.15  -174.99
C   G   73    149.66  -138.85   -68.06    76.14  -150.78  -111.04  -168.97
C   C   74   -132.39   172.92   -68.84    74.51 -9999.99 -9999.99  -157.53
C AMP  134  -9999.99  -178.76   110.68    85.37 -9999.99 -9999.99   178.65
