The backbone torsional angle for nucleic acid 

 
Note: alpha:   O3'(i-1)-P-O5'-C5'
      beta:    P-O5'-C5'-C4'
      gamma:   O5'-C5'-C4'-C3'
      delta:   C5'-C4'-C3'-O3'
      epsilon: C4'-C3'-O3'-P(i+1)
      zeta:    C3'-O3'-P(i+1)-O5'(i+1)

      chi for pyrimidines(Y): O4'-C1'-N1-C2
          chi for purines(R): O4'-C1'-N9-C4

    (The number -9999.99 means that the angle can not be calculated) 

Ch Res  Num    alpha    beta     gamma    delta  epsilon    zeta     chi
B   G    1  -9999.99  -124.82  -119.09   115.32   -79.57   -71.67   153.63
B   C    2   -125.46   113.02   116.74    99.58  -146.80  -122.69  -160.14
B   C    3     40.42    98.77    -1.38    72.05  -129.50  -134.27   169.54
B   C    4    118.90   -99.15  -172.44    78.42  -100.59  -100.37  -175.08
B   G    5     60.19  -109.82  -128.84   105.27   -85.34   -92.46   171.17
B   G    6     80.77  -124.34  -134.90    95.60  -131.11   -87.92  -178.65
B   A    7    -35.18   163.50    52.29   135.81   -98.67   -56.66  -134.55
B   U    8    -73.14  -163.57    69.84    82.93  -109.68   -69.39  -164.59
B   G    9   -172.75   100.08   165.53   148.74  -111.36   -70.27    73.98
B   G   10    143.95  -156.88    67.89    70.56  -155.41   -72.13   167.14
B   U   11    -69.01  -169.48    50.34    83.66  -162.79   -64.60  -159.46
B   G   12    -78.89  -172.99    60.17    87.82  -153.36   -44.62  -162.95
B   G   13    -88.22   162.90    70.91    74.49   172.75   -80.26  -164.69
B   A   14    117.35   172.85  -116.57    99.90  -136.49   -59.63  -163.47
B   A   15    -55.66   174.17    31.12    79.81  -173.08   178.31  -154.82
B   U   16   -148.60   149.06    61.21    88.30  -140.53   158.05  -143.62
B   C   17    -25.07   165.47    60.36   101.14  -166.95    81.26   133.78
B   G   18     73.98   137.83    34.94   139.25  -132.78  -101.83  -125.19
B   G   19    -63.24  -160.89    26.10   144.28  -100.83   177.39   -76.87
B   U   20    -75.03  -130.59    70.87   142.92   -93.10   -74.24  -118.83
B   A   20    -53.56   150.06   170.07    97.75  -138.51   -79.62  -165.91
B   G   21    -54.55   165.74    55.56    87.21  -152.09   140.33  -139.12
B   A   22    -68.74   142.10    44.27    88.15  -116.90   -66.19  -179.39
B   C   23    -71.53   171.10    53.76    77.50  -145.13   -69.22  -161.35
B   A   24    -77.63   168.34    71.63    78.01  -158.18   -75.61  -166.44
B   C   25    -56.10   169.65    50.69    79.89  -154.80   -67.90  -161.40
B   A   26    -62.86   171.84    54.44    88.95  -137.10   -75.05  -160.08
B   A   27    -30.17   152.48    39.10    72.01  -141.81   -82.78  -152.21
B   G   28    -45.11   154.42    35.01    71.33  -168.36   -51.41  -153.78
B   G   29    -92.51   170.49    77.97    75.72  -146.12   -80.49  -176.03
B   G   30    -62.77   176.16    50.58    77.26  -145.75   -76.01  -161.29
B   G   31    -56.92   163.88    66.36    81.48 -9999.99 -9999.99  -163.49
B   A   37  -9999.99   126.36    61.40    82.70  -118.15   -79.92  -173.27
B   A   38    -75.61   156.88    64.94    79.17  -142.00   -81.72  -162.97
B   U   39    -72.84   167.66    62.10    85.73  -129.94  -112.17  -168.32
B   C   40    -47.15   139.99    55.97    84.46  -178.47   -96.03  -158.11
B   C   41   -166.77  -110.83   108.66    67.46  -115.50   -48.58  -178.52
B   C   42    -96.60    85.72   177.55    76.48  -132.37   -43.56   167.53
B   U   43    -80.52  -161.68    37.28    76.12   165.81   -71.06  -145.79
B   C   44   -177.86  -101.02   106.90    71.36  -156.23  -139.79  -151.94
B   G   45     61.30   178.89    68.52    74.84  -148.91   -65.75  -174.63
B   G   46    -71.35  -173.69    52.41    82.60  -146.31   -75.11  -164.75
B   C   47    -65.44   175.23    41.78    79.26  -154.78   -68.82  -160.97
B   G   47    -63.97   171.19    46.50    75.15  -161.11   -60.90  -166.78
B   U   47    -82.48  -174.94    68.37    78.55  -169.54   -95.93  -163.48
B   U   47   -149.09   146.07    56.35   128.05   -89.26   -65.98  -128.71
B   C   47    -77.20  -160.51    58.76   157.30  -108.46    88.55  -119.32
B   G   47     61.41  -160.65   167.72    81.75  -143.09   -87.21    64.65
B   C   47    139.86  -111.03  -175.43    90.93  -149.85   -80.55  -164.55
B   G   47    -70.01   176.70    48.52    87.70  -143.12   -86.56  -165.81
B   C   47    -57.58   159.09    54.08    82.54  -146.46   -77.48  -158.33
B   U   47    -51.60   161.60    50.16    83.98  -148.35   -75.73  -163.39
B   G   47    -70.52   169.79    66.92    80.40  -150.24   -96.86  -158.10
B   U   48    -43.18  -156.42    48.15   146.31  -141.85    70.23  -127.98
B   G   49     73.34   149.92    26.14    93.82  -167.19  -100.49   178.58
B   C   50   -169.91  -121.94   124.61    80.37  -137.30   -74.68  -175.03
B   G   51    -67.61   169.76    57.52    70.74  -149.49   -63.77  -171.20
B   G   52    -87.20   166.64    76.43    69.99  -161.22   -70.36  -169.94
B   G   53    -65.22   178.26    58.12    79.39  -148.92   -92.31  -167.67
B   U   54     -9.63   149.93    28.15    79.19  -149.35   -55.04  -151.58
B   U   55    -99.12  -177.75    67.87    76.40  -147.13   -64.50  -148.74
B   C   56    163.64   164.85    47.66    87.95  -138.87   -72.82  -174.66
B   A   57    -56.52   168.44    42.51    87.84  -154.18   -93.44  -159.89
B   A   58     98.78   149.75   -54.74   175.83   -89.32  -176.78   -72.11
B   G   59     73.20  -166.00    72.03    85.88  -140.15   -60.04  -171.55
B   U   60    -57.28   167.76    57.45   130.11   -91.80   -72.14  -133.94
B   C   61    -75.23  -174.61    25.23    83.76  -165.99   -62.50  -160.87
B   C   62    -81.37  -166.07    49.93    78.30   169.45   -59.43  -158.88
B   C   63   -140.16  -134.66    93.80    76.28  -144.93   -82.96  -156.39
B   G   64    -42.72   165.22    35.22    76.42  -178.56   -73.74  -158.27
B   C   65    151.68  -172.17  -179.30    98.18  -111.05  -102.17   179.22
B   U   66    -29.73   145.04    32.65    75.64  -153.01   -75.60  -162.24
B   C   67    -63.03   163.29    64.22    82.74  -150.17   -72.72  -161.15
B   C   68    -63.83   173.97    58.14    76.34  -175.15   -76.41  -158.01
B   G   69    -95.04  -170.40    68.12    88.92  -143.19  -110.22  -163.28
B   G   70    -10.02   132.70    29.45    80.93  -148.12  -117.65  -151.93
B   G   71    124.85  -126.76  -168.85    81.97  -104.65   -81.25   170.19
B   U   72    -47.60   140.25    47.17    70.26  -151.10  -135.70  -178.70
B   A   73     11.70   130.90    25.69    77.45  -140.41   -87.65  -177.85
B   C   74    -65.41   121.29   175.39   167.23   -86.34   -53.96   -77.98
B   C   75    -49.07  -162.94    24.90   155.55  -113.02    55.00  -112.01
B 574   76    107.80   173.84   177.62   116.49 -9999.99 -9999.99   -98.66
