PDB data file name: ./Datasets/pdb_select_tRNA/6om0_v.pdb_new
-----------------------------------------------------------
CRITERIA USED TO GENERATE BASE-PAIR: 
  3.40 --> upper H-bond length limits (ON..ON).
 26.00 --> max. distance between paired base origins.
  2.50 --> max. vertical distance between paired base origins.
 65.00 --> max. angle between paired bases [0-90].
  5.40 --> min. distance between RN9/YN1 atoms.
  8.00 --> max. distance criterion for helix break[0-12]
-----------------------------------------------------------
BASE-PAIR INSTRUCTIONS: 
Column 1 is rnaview assigned base numbers n1_n2, start from 1.
Column 2 & 3 are chain ID & residue number in input PDB file.
Column 4 is for base pair. The left & right are the bases as 
         identified by column 2 & 3 and 5 & 6.
Column 5 & 6 are residue number & chain ID in input PDB file.
Column 7 is for base pair annotation. The standard Watson-Crick
         (W.C.) pairs are annotated as -/- (AU,AT) or +/+ (GC).
         Other pairs are annotated as Leontis_Westhof Classification.
         The three edges: W(Watson-Crick); H(Hoogsteen); S(suger).
         e.g. W/H means the pair is edge of Watson-Crick & Hoogsteen.
Column 8 is glycosidic bond orientation (either cis or trans).
         e.g. 'W/H cis' means the pair is interaction on Watson-Crick
         and Hoogsteen side, glycosidic bond orientation is 'cis'.
Column 9 corresponds to Saenger Classification.

Other columns: 
        Syn sugar-base conformations are annotated as (syn).
        Stacked base pairs are annotated as (stack).
        Non-identified edges are annotated as (.) or (?)
        Tertiary interactions are marked by (!) in the line.
Reference:
Yang et al (2003) Nucleic Acids Research, Vol31,No13,p3450-3461.
-----------------------------------------------------------
BEGIN_base-pair
      1_2, V:     1 U-G     2 V:      stacked
     1_72, V:     1 U-C    72 V: W/W cis         XVIII
     2_72, V:     2 G-C    72 V: W/W cis         n/a
      4_5, V:     4 C-C     5 V:      stacked
     4_70, V:     4 C-G    70 V: +/+ cis         XIX
     5_69, V:     5 C-G    69 V: +/+ cis         XIX
     5_70, V:     5 C-G    70 V:      stacked
     6_68, V:     6 G-C    68 V: +/+ cis         XIX
     7_67, V:     7 G-C    67 V: +/+ cis         XIX
    10_25, V:    10 G-C    25 V: +/+ cis         XIX
    13_22, V:    13 C-G    22 V: W/W cis         n/a
    14_15, V:    14 C-G    15 V:      stacked
    15_48, V:    15 G-C    48 V: W/W tran        XXII
    16_59, V:    16 A-U    59 V: W/W cis         n/a
    17_60, V:    17 A-U    60 V: W/W cis         n/a
    18_54, V:    18 G-U    54 V: W/W tran        XXVII
    18_58, V:    18 G-A    58 V: W/S cis      syn  n/a
    19_56, V:    19 G-C    56 V: W/W cis         n/a
    22_46, V:    22 G-G    46 V: H/W tran     syn  VII
    26_44, V:    26 A-G    44 V: W/W cis         VIII
    27_43, V:    27 G-C    43 V: +/+ cis         XIX
    28_42, V:    28 G-C    42 V: +/+ cis         XIX
    29_41, V:    29 G-C    41 V: +/+ cis         XIX
    30_40, V:    30 G-C    40 V: +/+ cis         XIX
    31_39, V:    31 A-U    39 V: -/- cis         XX
    48_59, V:    48 C-U    59 V:      stacked
    50_65, V:    50 U-G    65 V: W/W cis         XXVIII
    51_64, V:    51 U-A    64 V: -/- cis         XX
    52_62, V:    52 G-C    62 V: +/+ cis         XIX
    53_54, V:    53 G-U    54 V:      stacked
    53_61, V:    53 G-C    61 V: +/+ cis         XIX
    53_62, V:    53 G-C    62 V:      stacked
    55_58, V:    55 U-A    58 V: W/W cis      syn  n/a
    73_74, V:    73 A-C    74 V:      stacked
     1_71, V:     1 U-G    71 V: W/S tran        !1H(b_b)
     8_21, V:     8 U-A    21 V: S/W tran        !1H(b_b).
    12_23, V:    12 C-A    23 V: W/W cis      syn  !1H(b_b).
    13_23, V:    13 C-A    23 V: S/H cis      syn  !1H(b_b)
    32_38, V:    32 U-A    38 V: W/W cis         !1H(b_b)
    12_24, V:    12 C-G    24 V: S/W cis         !(s_s)
    21_22, V:    21 A-G    22 V: S/H cis         !(s_s)
    33_36, V:    33 U-G    36 V: W/H tran        !(s_s)
    49_67, V:    49 C-C    67 V: S/W cis         !(s_s)
    55_57, V:    55 U-G    57 V: S/H tran        !(s_s)
END_base-pair

Summary of triplets and higher multiplets
BEGIN_multiplets
13_22_46_| [1 3]  V: 13 C  +  V: 22 G  +  V: 46 G
END_multiplets

  The total base pairs =  26 (from   76 bases)
------------------------------------------------
 Standard  WW--cis  WW-tran  HH--cis  HH-tran  SS--cis  SS-tran
       13        9        2        0        0        0        0
  WH--cis  WH-tran  WS--cis  WS-tran  HS--cis  HS-tran
        0        1        1        0        0        0
------------------------------------------------
