
Number of the total bases = 76

=====Table of overall statistics =====
Distributions from total number of pairs (26):
The Standard W.C pairs =    13(50.0%)

    WW--cis    WW-tran    HH--cis    HH-tran    SS--cis    SS-tran
   9(34.6%)   2( 7.7%)   0( 0.0%)   0( 0.0%)   0( 0.0%)   0( 0.0%)

    WH--cis    WH-tran    WS--cis    WS-tran    HS--cis    HS-tran
   0( 0.0%)   1( 3.8%)   1( 3.8%)   0( 0.0%)   0( 0.0%)   0( 0.0%)

std -> the standard W.C. base pairs


=====Table of the pair and edge type statistics =====
     A-A  A-C  C-A  A-G  G-A  A-U  U-A  C-C  C-G  G-C  C-U  U-C  G-G  G-U  U-G  U-U  SUM    %
std    0    0    0    0    0    1    1    0    2    9    0    0    0    0    0    0   13 50.0
WWc    0    0    0    1    0    2    1    0    1    2    0    1    0    0    1    0    9 34.6
WHc    0    0    0    0    0    0    0    0    0    0    0    0    0    0    0    0    0  0.0
HWc    0    0    0    0    0    0    0    0    0    0    0    0    0    0    0    0    0  0.0
WSc    0    0    0    0    1    0    0    0    0    0    0    0    0    0    0    0    1  3.8
SWc    0    0    0    0    0    0    0    0    0    0    0    0    0    0    0    0    0  0.0
HHc    0    0    0    0    0    0    0    0    0    0    0    0    0    0    0    0    0  0.0
HSc    0    0    0    0    0    0    0    0    0    0    0    0    0    0    0    0    0  0.0
SHc    0    0    0    0    0    0    0    0    0    0    0    0    0    0    0    0    0  0.0
SSc    0    0    0    0    0    0    0    0    0    0    0    0    0    0    0    0    0  0.0
WWt    0    0    0    0    0    0    0    0    0    1    0    0    0    1    0    0    2  7.7
WHt    0    0    0    0    0    0    0    0    0    0    0    0    0    0    0    0    0  0.0
HWt    0    0    0    0    0    0    0    0    0    0    0    0    1    0    0    0    1  3.8
WSt    0    0    0    0    0    0    0    0    0    0    0    0    0    0    0    0    0  0.0
SWt    0    0    0    0    0    0    0    0    0    0    0    0    0    0    0    0    0  0.0
HHt    0    0    0    0    0    0    0    0    0    0    0    0    0    0    0    0    0  0.0
HSt    0    0    0    0    0    0    0    0    0    0    0    0    0    0    0    0    0  0.0
SHt    0    0    0    0    0    0    0    0    0    0    0    0    0    0    0    0    0  0.0
SSt    0    0    0    0    0    0    0    0    0    0    0    0    0    0    0    0    0  0.0
W.c    0    0    0    0    0    0    0    0    0    0    0    0    0    0    0    0    0  0.0
.Wc    0    0    0    0    0    0    0    0    0    0    0    0    0    0    0    0    0  0.0
H.c    0    0    0    0    0    0    0    0    0    0    0    0    0    0    0    0    0  0.0
.Hc    0    0    0    0    0    0    0    0    0    0    0    0    0    0    0    0    0  0.0
S.c    0    0    0    0    0    0    0    0    0    0    0    0    0    0    0    0    0  0.0
.Sc    0    0    0    0    0    0    0    0    0    0    0    0    0    0    0    0    0  0.0
..c    0    0    0    0    0    0    0    0    0    0    0    0    0    0    0    0    0  0.0
W.t    0    0    0    0    0    0    0    0    0    0    0    0    0    0    0    0    0  0.0
.Wt    0    0    0    0    0    0    0    0    0    0    0    0    0    0    0    0    0  0.0
H.t    0    0    0    0    0    0    0    0    0    0    0    0    0    0    0    0    0  0.0
.Ht    0    0    0    0    0    0    0    0    0    0    0    0    0    0    0    0    0  0.0
S.t    0    0    0    0    0    0    0    0    0    0    0    0    0    0    0    0    0  0.0
.St    0    0    0    0    0    0    0    0    0    0    0    0    0    0    0    0    0  0.0
..t    0    0    0    0    0    0    0    0    0    0    0    0    0    0    0    0    0  0.0
SUM    0    0    0    1    1    3    2    0    3   12    0    1    1    1    1    0
  %  0.0  0.0  0.0  3.8  3.8 11.5  7.7  0.0 11.5 46.2  0.0  3.8  3.8  3.8  3.8  0.0


NEW Table! (combine standard with W edge)

     A-A  A-C  C-A  A-G  G-A  A-U  U-A  C-C  C-G  G-C  C-U  U-C  G-G  G-U  U-G  U-U  SUM    %
WWc    0    0    0    1    0    3    2    0    3   11    0    1    0    0    1    0   22 84.6
     0.0  0.0  0.0  3.8  0.0 11.5  7.7  0.0 11.5 42.3  0.0  3.8  0.0  0.0  3.8  0.0
WHc    0    0    0    0    0    0    0    0    0    0    0    0    0    0    0    0    0  0.0
     0.0  0.0  0.0  0.0  0.0  0.0  0.0  0.0  0.0  0.0  0.0  0.0  0.0  0.0  0.0  0.0
HWc    0    0    0    0    0    0    0    0    0    0    0    0    0    0    0    0    0  0.0
     0.0  0.0  0.0  0.0  0.0  0.0  0.0  0.0  0.0  0.0  0.0  0.0  0.0  0.0  0.0  0.0
WSc    0    0    0    0    1    0    0    0    0    0    0    0    0    0    0    0    1  3.8
     0.0  0.0  0.0  0.0  3.8  0.0  0.0  0.0  0.0  0.0  0.0  0.0  0.0  0.0  0.0  0.0
SWc    0    0    0    0    0    0    0    0    0    0    0    0    0    0    0    0    0  0.0
     0.0  0.0  0.0  0.0  0.0  0.0  0.0  0.0  0.0  0.0  0.0  0.0  0.0  0.0  0.0  0.0
HHc    0    0    0    0    0    0    0    0    0    0    0    0    0    0    0    0    0  0.0
     0.0  0.0  0.0  0.0  0.0  0.0  0.0  0.0  0.0  0.0  0.0  0.0  0.0  0.0  0.0  0.0
HSc    0    0    0    0    0    0    0    0    0    0    0    0    0    0    0    0    0  0.0
     0.0  0.0  0.0  0.0  0.0  0.0  0.0  0.0  0.0  0.0  0.0  0.0  0.0  0.0  0.0  0.0
SHc    0    0    0    0    0    0    0    0    0    0    0    0    0    0    0    0    0  0.0
     0.0  0.0  0.0  0.0  0.0  0.0  0.0  0.0  0.0  0.0  0.0  0.0  0.0  0.0  0.0  0.0
SSc    0    0    0    0    0    0    0    0    0    0    0    0    0    0    0    0    0  0.0
     0.0  0.0  0.0  0.0  0.0  0.0  0.0  0.0  0.0  0.0  0.0  0.0  0.0  0.0  0.0  0.0
WWt    0    0    0    0    0    0    0    0    0    1    0    0    0    1    0    0    2  7.7
     0.0  0.0  0.0  0.0  0.0  0.0  0.0  0.0  0.0  3.8  0.0  0.0  0.0  3.8  0.0  0.0
WHt    0    0    0    0    0    0    0    0    0    0    0    0    0    0    0    0    0  0.0
     0.0  0.0  0.0  0.0  0.0  0.0  0.0  0.0  0.0  0.0  0.0  0.0  0.0  0.0  0.0  0.0
HWt    0    0    0    0    0    0    0    0    0    0    0    0    1    0    0    0    1  3.8
     0.0  0.0  0.0  0.0  0.0  0.0  0.0  0.0  0.0  0.0  0.0  0.0  3.8  0.0  0.0  0.0
WSt    0    0    0    0    0    0    0    0    0    0    0    0    0    0    0    0    0  0.0
     0.0  0.0  0.0  0.0  0.0  0.0  0.0  0.0  0.0  0.0  0.0  0.0  0.0  0.0  0.0  0.0
SWt    0    0    0    0    0    0    0    0    0    0    0    0    0    0    0    0    0  0.0
     0.0  0.0  0.0  0.0  0.0  0.0  0.0  0.0  0.0  0.0  0.0  0.0  0.0  0.0  0.0  0.0
HHt    0    0    0    0    0    0    0    0    0    0    0    0    0    0    0    0    0  0.0
     0.0  0.0  0.0  0.0  0.0  0.0  0.0  0.0  0.0  0.0  0.0  0.0  0.0  0.0  0.0  0.0
HSt    0    0    0    0    0    0    0    0    0    0    0    0    0    0    0    0    0  0.0
     0.0  0.0  0.0  0.0  0.0  0.0  0.0  0.0  0.0  0.0  0.0  0.0  0.0  0.0  0.0  0.0
SHt    0    0    0    0    0    0    0    0    0    0    0    0    0    0    0    0    0  0.0
     0.0  0.0  0.0  0.0  0.0  0.0  0.0  0.0  0.0  0.0  0.0  0.0  0.0  0.0  0.0  0.0
SSt    0    0    0    0    0    0    0    0    0    0    0    0    0    0    0    0    0  0.0
     0.0  0.0  0.0  0.0  0.0  0.0  0.0  0.0  0.0  0.0  0.0  0.0  0.0  0.0  0.0  0.0
W.c    0    0    0    0    0    0    0    0    0    0    0    0    0    0    0    0    0  0.0
     0.0  0.0  0.0  0.0  0.0  0.0  0.0  0.0  0.0  0.0  0.0  0.0  0.0  0.0  0.0  0.0
.Wc    0    0    0    0    0    0    0    0    0    0    0    0    0    0    0    0    0  0.0
     0.0  0.0  0.0  0.0  0.0  0.0  0.0  0.0  0.0  0.0  0.0  0.0  0.0  0.0  0.0  0.0
H.c    0    0    0    0    0    0    0    0    0    0    0    0    0    0    0    0    0  0.0
     0.0  0.0  0.0  0.0  0.0  0.0  0.0  0.0  0.0  0.0  0.0  0.0  0.0  0.0  0.0  0.0
.Hc    0    0    0    0    0    0    0    0    0    0    0    0    0    0    0    0    0  0.0
     0.0  0.0  0.0  0.0  0.0  0.0  0.0  0.0  0.0  0.0  0.0  0.0  0.0  0.0  0.0  0.0
S.c    0    0    0    0    0    0    0    0    0    0    0    0    0    0    0    0    0  0.0
     0.0  0.0  0.0  0.0  0.0  0.0  0.0  0.0  0.0  0.0  0.0  0.0  0.0  0.0  0.0  0.0
.Sc    0    0    0    0    0    0    0    0    0    0    0    0    0    0    0    0    0  0.0
     0.0  0.0  0.0  0.0  0.0  0.0  0.0  0.0  0.0  0.0  0.0  0.0  0.0  0.0  0.0  0.0
..c    0    0    0    0    0    0    0    0    0    0    0    0    0    0    0    0    0  0.0
     0.0  0.0  0.0  0.0  0.0  0.0  0.0  0.0  0.0  0.0  0.0  0.0  0.0  0.0  0.0  0.0
W.t    0    0    0    0    0    0    0    0    0    0    0    0    0    0    0    0    0  0.0
     0.0  0.0  0.0  0.0  0.0  0.0  0.0  0.0  0.0  0.0  0.0  0.0  0.0  0.0  0.0  0.0
.Wt    0    0    0    0    0    0    0    0    0    0    0    0    0    0    0    0    0  0.0
     0.0  0.0  0.0  0.0  0.0  0.0  0.0  0.0  0.0  0.0  0.0  0.0  0.0  0.0  0.0  0.0
H.t    0    0    0    0    0    0    0    0    0    0    0    0    0    0    0    0    0  0.0
     0.0  0.0  0.0  0.0  0.0  0.0  0.0  0.0  0.0  0.0  0.0  0.0  0.0  0.0  0.0  0.0
.Ht    0    0    0    0    0    0    0    0    0    0    0    0    0    0    0    0    0  0.0
     0.0  0.0  0.0  0.0  0.0  0.0  0.0  0.0  0.0  0.0  0.0  0.0  0.0  0.0  0.0  0.0
S.t    0    0    0    0    0    0    0    0    0    0    0    0    0    0    0    0    0  0.0
     0.0  0.0  0.0  0.0  0.0  0.0  0.0  0.0  0.0  0.0  0.0  0.0  0.0  0.0  0.0  0.0
.St    0    0    0    0    0    0    0    0    0    0    0    0    0    0    0    0    0  0.0
     0.0  0.0  0.0  0.0  0.0  0.0  0.0  0.0  0.0  0.0  0.0  0.0  0.0  0.0  0.0  0.0
..t    0    0    0    0    0    0    0    0    0    0    0    0    0    0    0    0    0  0.0
     0.0  0.0  0.0  0.0  0.0  0.0  0.0  0.0  0.0  0.0  0.0  0.0  0.0  0.0  0.0  0.0
SUM    0    0    0    1    1    3    2    0    3   12    0    1    1    1    1    0
  %  0.0  0.0  0.0  3.8  3.8 11.5  7.7  0.0 11.5 46.2  0.0  3.8  3.8  3.8  3.8  0.0


=======The table of 12 base pair family=======
    WWc      A          C          G          U
     A     0( 0.0)    0( 0.0)    1( 3.8)    3(11.5)
     C     0( 0.0)    0( 0.0)    3(11.5)    0( 0.0)
     G     0( 0.0)   11(42.3)    0( 0.0)    0( 0.0)
     U     2( 7.7)    1( 3.8)    1( 3.8)    0( 0.0)

 WHc+HWc      A          C          G          U
     A     0( 0.0)    0( 0.0)    0( 0.0)    0( 0.0)
     C     0( 0.0)    0( 0.0)    0( 0.0)    0( 0.0)
     G     0( 0.0)    0( 0.0)    0( 0.0)    0( 0.0)
     U     0( 0.0)    0( 0.0)    0( 0.0)    0( 0.0)

 WSc+SWc      A          C          G          U
     A     0( 0.0)    0( 0.0)    0( 0.0)    0( 0.0)
     C     0( 0.0)    0( 0.0)    0( 0.0)    0( 0.0)
     G     1( 3.8)    0( 0.0)    0( 0.0)    0( 0.0)
     U     0( 0.0)    0( 0.0)    0( 0.0)    0( 0.0)

    HHc      A          C          G          U
     A     0( 0.0)    0( 0.0)    0( 0.0)    0( 0.0)
     C     0( 0.0)    0( 0.0)    0( 0.0)    0( 0.0)
     G     0( 0.0)    0( 0.0)    0( 0.0)    0( 0.0)
     U     0( 0.0)    0( 0.0)    0( 0.0)    0( 0.0)

 HSc+SHc      A          C          G          U
     A     0( 0.0)    0( 0.0)    0( 0.0)    0( 0.0)
     C     0( 0.0)    0( 0.0)    0( 0.0)    0( 0.0)
     G     0( 0.0)    0( 0.0)    0( 0.0)    0( 0.0)
     U     0( 0.0)    0( 0.0)    0( 0.0)    0( 0.0)

    SSc      A          C          G          U
     A     0( 0.0)    0( 0.0)    0( 0.0)    0( 0.0)
     C     0( 0.0)    0( 0.0)    0( 0.0)    0( 0.0)
     G     0( 0.0)    0( 0.0)    0( 0.0)    0( 0.0)
     U     0( 0.0)    0( 0.0)    0( 0.0)    0( 0.0)

    WWt      A          C          G          U
     A     0( 0.0)    0( 0.0)    0( 0.0)    0( 0.0)
     C     0( 0.0)    0( 0.0)    0( 0.0)    0( 0.0)
     G     0( 0.0)    1( 3.8)    0( 0.0)    1( 3.8)
     U     0( 0.0)    0( 0.0)    0( 0.0)    0( 0.0)

 WHt+HWt      A          C          G          U
     A     0( 0.0)    0( 0.0)    0( 0.0)    0( 0.0)
     C     0( 0.0)    0( 0.0)    0( 0.0)    0( 0.0)
     G     0( 0.0)    0( 0.0)    1( 3.8)    0( 0.0)
     U     0( 0.0)    0( 0.0)    0( 0.0)    0( 0.0)

 WSt+SWt      A          C          G          U
     A     0( 0.0)    0( 0.0)    0( 0.0)    0( 0.0)
     C     0( 0.0)    0( 0.0)    0( 0.0)    0( 0.0)
     G     0( 0.0)    0( 0.0)    0( 0.0)    0( 0.0)
     U     0( 0.0)    0( 0.0)    0( 0.0)    0( 0.0)

    HHt      A          C          G          U
     A     0( 0.0)    0( 0.0)    0( 0.0)    0( 0.0)
     C     0( 0.0)    0( 0.0)    0( 0.0)    0( 0.0)
     G     0( 0.0)    0( 0.0)    0( 0.0)    0( 0.0)
     U     0( 0.0)    0( 0.0)    0( 0.0)    0( 0.0)

 HSt+SHt      A          C          G          U
     A     0( 0.0)    0( 0.0)    0( 0.0)    0( 0.0)
     C     0( 0.0)    0( 0.0)    0( 0.0)    0( 0.0)
     G     0( 0.0)    0( 0.0)    0( 0.0)    0( 0.0)
     U     0( 0.0)    0( 0.0)    0( 0.0)    0( 0.0)

    SSt      A          C          G          U
     A     0( 0.0)    0( 0.0)    0( 0.0)    0( 0.0)
     C     0( 0.0)    0( 0.0)    0( 0.0)    0( 0.0)
     G     0( 0.0)    0( 0.0)    0( 0.0)    0( 0.0)
     U     0( 0.0)    0( 0.0)    0( 0.0)    0( 0.0)


=====Table of the three edge statistics =====

Statistics for each edge(total(A+U+G+C+T+P+I)=52.0)
Percentage (in parentheses) is with respect to total edge.
base    edge(W.C.)    edge(Hoog)    edge(Sugar) 
   A       6( 11.5)     0(  0.0)     1(  1.9)
   G      20( 38.5)     1(  1.9)     0(  0.0)
   U       8( 15.4)     0(  0.0)     0(  0.0)
   C      16( 30.8)     0(  0.0)     0(  0.0)
   T       0(  0.0)     0(  0.0)     0(  0.0)
   P       0(  0.0)     0(  0.0)     0(  0.0)
   T       0(  0.0)     0(  0.0)     0(  0.0)

   R      26( 50.0)     1(  1.9)     1(  1.9)
   Y      24( 46.2)     0(  0.0)     0(  0.0)

Statistics for each edge for (A, G, C U)(total 52.0)
Percentage (in parentheses) is with respect to three edges.
base    edge(W.C.)    edge(Hoog)    edge(Sugar) 
   A       6( 85.7)     0(  0.0)     1( 14.3)
   G      20( 95.2)     1(  4.8)     0(  0.0)
   U       8(100.0)     0(  0.0)     0(  0.0)
   C      16(100.0)     0(  0.0)     0(  0.0)

   R      26( 92.9)     1(  3.6)     1(  3.6)
   Y      24(100.0)     0(  0.0)     0(  0.0)
