The backbone torsional angle for nucleic acid 

 
Note: alpha:   O3'(i-1)-P-O5'-C5'
      beta:    P-O5'-C5'-C4'
      gamma:   O5'-C5'-C4'-C3'
      delta:   C5'-C4'-C3'-O3'
      epsilon: C4'-C3'-O3'-P(i+1)
      zeta:    C3'-O3'-P(i+1)-O5'(i+1)

      chi for pyrimidines(Y): O4'-C1'-N1-C2
          chi for purines(R): O4'-C1'-N9-C4

    (The number -9999.99 means that the angle can not be calculated) 

Ch Res  Num    alpha    beta     gamma    delta  epsilon    zeta     chi
C   G    1  -9999.99   172.43    44.44    83.62  -150.99   -72.98  -167.13
C   U    2    -65.61   178.06    48.35    84.09  -153.15   -71.40  -154.23
C   U    3    -72.22   178.34    51.04    79.83  -148.75   -70.99  -154.22
C   A    4    -60.12   167.98    52.56    80.36  -146.69   -76.44  -158.58
C   U    5    -50.74   164.16    50.06    80.75  -160.66   -85.81  -156.06
C   A    6    143.83  -146.74  -173.53    84.28  -143.06   -79.66  -168.49
C   U    7    -50.46   171.57    56.95   142.03   -95.80   -57.69  -122.26
C   U    8    -58.42  -170.99    63.14    79.99   -99.64  -130.88  -170.42
C   A    9    -80.05  -162.18    42.62   143.56   -95.18   -74.82   -73.31
C   G   10    174.55   161.56    54.94    88.52  -142.00   -75.21   175.15
C   C   11    -66.93   175.79    53.06    82.02  -148.37   -71.30  -169.14
C   U   12    -61.05   174.18    52.56    79.96  -145.16   -47.03  -158.93
C   U   13   -108.38   154.34   117.75    71.84  -152.27   -78.94  -171.83
C   A   14    -64.36  -177.95    49.82    73.59  -146.93   -69.03  -169.25
C   A   15    -63.97   171.42    56.39    80.88  -132.97   167.07  -162.63
C   U   16    -87.06  -166.93   -38.62   139.75 -9999.99 -9999.99  -103.37
C   G   18  -9999.99  -179.02  -105.03   154.18  -133.49  -109.16  -122.37
C   G   19    -78.79  -160.68    49.25   144.51   -96.92   135.76   -77.27
C   U   20     79.90   119.01     6.46   146.35   -99.34   -90.09  -115.45
C   A   21    -60.54   135.30   172.65    86.54   -94.84  -138.61  -162.37
C   G   22    -73.97   140.79    36.69    70.13   174.67   -75.02  -154.51
C   A   23    160.60  -159.07   175.49    85.88  -132.47   -84.77  -174.17
C   G   24    -49.10   165.04    41.03    78.54  -157.14   -61.97  -162.04
C   C   25    -82.16  -178.57    62.26    81.18  -145.76   -65.24  -159.18
C   A   26    -70.38   171.83    56.47    78.91  -147.97   -59.03  -171.74
C   U   27    -71.23  -172.41    55.58    83.71  -143.00   -75.10  -166.57
C   U   28    -70.29   177.56    50.43    80.49  -144.63   -75.41  -158.89
C   C   29    -65.72   167.31    54.41    76.34  -153.57   -68.99  -163.96
C   G   30    -70.09   171.92    62.30    77.91  -146.42   -58.28  -167.23
C   U   31    -74.19   176.84    60.57    81.28  -151.68   -64.86  -164.81
C   U   32    -72.02  -178.41    51.93    81.18  -139.83   -70.36  -156.12
C   U   33    -63.85  -163.53    56.98   145.87   -97.05   107.86  -133.68
C   U   34     45.57  -138.28  -152.07   136.75  -100.53   -65.86   -92.97
C   G   35    -57.75  -153.01    57.30   148.10  -138.66   145.78  -110.69
C   U   36    -78.91   156.76    58.22   145.40  -102.22    94.25  -133.77
C   A   37     60.25   131.18    13.69   149.90  -141.11   112.47  -114.50
C   A   38     30.59   135.00   -13.44   145.66   -47.25  -137.65   -92.18
C   U   39    -65.74  -165.41  -165.16    83.01  -123.82   -82.77  -166.80
C   C   40    -58.26   150.67    57.19    76.35  -144.85   -76.11  -157.82
C   G   41    -60.93   164.58    58.85    73.56  -147.73   -80.67  -164.40
C   A   42    -55.38   161.04    59.35    78.81  -161.39   -64.08  -163.69
C   A   43    -73.98   172.97    64.44    81.84  -142.83   -75.51  -161.91
C   A   44    -52.32   158.46    53.06    80.60  -149.67   -65.99  -158.19
C   G   45    -65.45   174.62    52.70    79.93  -119.77   -75.30  -156.27
C   G   46    -54.59  -146.46    42.67   143.92 -9999.99 -9999.99   -64.49
C   U   48  -9999.99   151.14    42.51   144.19  -145.81    83.27  -136.86
C   U   49     50.71   172.54    41.39    81.90  -146.56   -74.37  -174.96
C   G   50    -61.23  -177.83    49.20    78.49  -144.35   -74.21  -170.95
C   G   51    -49.99   173.30    44.06    78.02  -153.32   -85.46  -163.91
C   G   52    109.72  -157.42  -137.45    92.38  -135.56   -82.93  -171.22
C   G   53    129.05  -147.37  -161.10    86.39  -137.36   -66.48   179.31
C   U   54    -65.33  -173.88    45.22    80.06  -136.23   -70.52  -159.07
C   U   55    -58.39   165.81    50.37    80.02  -134.60   -79.62  -152.26
C   C   56    172.69  -178.44    48.59    83.31  -151.20   -77.06  -165.64
C   A   57    121.39  -162.68  -156.65    98.05  -119.34   -69.38  -170.86
C   A   58    -58.53  -142.54    59.60   149.82   -86.75  -169.94   -80.46
C   A   59     66.74  -153.95    74.87    85.33  -139.07   -59.15  -168.59
C   U   60    -61.68   176.48    60.77   140.69  -107.35   -63.03  -126.35
C   C   61   -100.83  -171.31    49.99    79.31  -149.36   -73.83  -173.26
C   C   62    -69.92  -176.78    52.98    82.18  -147.76   -78.05  -163.92
C   C   63    -63.21   174.43    48.67    79.36  -152.06   -64.58  -162.59
C   U   64    -69.61   175.69    59.43    77.26  -146.05   -86.23  -159.71
C   A   65    -53.10   161.98    47.54    78.99  -156.35   -69.25  -166.91
C   A   66    -54.41   174.75    49.79    78.12  -150.11   -95.17  -158.43
C   U   67    123.88  -151.27  -163.55    94.92  -133.83   -79.01  -166.40
C   A   68    -48.15   166.21    45.79    83.67  -144.81   -75.44  -157.96
C   U   69    -61.06   171.78    46.04    80.21  -147.83   -72.61  -157.47
C   A   70    -49.50   171.84    34.47    76.48  -176.36   -88.37  -150.98
C   A   71    162.42  -136.41   158.89    82.23  -119.82  -107.23  -168.86
C   C   72    109.88  -128.74  -161.46    87.45  -118.53   -68.03   177.25
C   A   73    -48.88   166.99    52.84    72.76  -140.76   -54.21    15.74
C   C   74    -70.36   162.83    64.68    79.85 -9999.99 -9999.99  -166.45
