The backbone torsional angle for nucleic acid 

 
Note: alpha:   O3'(i-1)-P-O5'-C5'
      beta:    P-O5'-C5'-C4'
      gamma:   O5'-C5'-C4'-C3'
      delta:   C5'-C4'-C3'-O3'
      epsilon: C4'-C3'-O3'-P(i+1)
      zeta:    C3'-O3'-P(i+1)-O5'(i+1)

      chi for pyrimidines(Y): O4'-C1'-N1-C2
          chi for purines(R): O4'-C1'-N9-C4

    (The number -9999.99 means that the angle can not be calculated) 

Ch Res  Num    alpha    beta     gamma    delta  epsilon    zeta     chi
B   G    2  -9999.99   128.73    67.56    77.79  -149.54   -76.68  -171.12
B   G    3    -59.96   159.68    59.20    77.54  -155.83   -79.74  -167.82
B   G    4    -70.24   172.50    64.42    88.25  -145.75   -79.58  -164.26
B   G    5    171.80  -172.08   172.42    81.18  -131.19   -73.70  -176.53
B   U    6    -73.02   178.18    62.65    83.43  -175.95   -81.86  -154.10
B   A    7    171.06  -167.89  -179.24   159.09   -88.39   -56.39  -136.84
B   U    8    -59.16  -162.51    56.92    84.51  -140.11  -133.10  -151.88
B   C    9    -73.98  -173.40    62.24   140.02   -82.84   -84.16   -77.84
B   G   10   -173.24   138.28    57.55    86.14  -135.94   -83.07   174.33
B   C   11    -83.85  -170.81    63.13    80.38  -148.41   -66.70  -158.40
B   C   12    -65.04   155.82    66.43    73.36  -166.61   -55.52  -166.35
B   A   13    -69.94   175.33    59.25    82.80   165.73   -64.28  -157.94
B   A   14    -66.25   158.63    63.08    78.58  -150.12   -75.83  -169.77
B   G   15    -36.53   123.72    52.07    76.92    59.80   112.46  -150.47
B   C   16    138.43  -104.46    93.26    90.97    37.96   -83.92   178.27
B   G   18    177.71   168.14   -62.80   153.43  -130.95  -151.01  -101.36
B   G   19    -83.20  -145.59    58.73   159.63  -109.13    99.46   -70.76
B   U   20   -145.91  -160.34    72.55   155.03   -23.79   -53.32   -89.92
B   A   21    -91.88  -168.32   176.75    90.94  -169.32   -77.84  -136.28
B   A   22   -152.81    82.18   171.08    89.80  -126.88   -60.92  -173.98
B   G   23    -65.60   162.19    54.97    80.47  -163.74   -78.60  -165.49
B   G   24    -56.08   151.81    58.59    79.44  -151.61   -64.79  -172.06
B   C   25    -74.08   173.22    57.88    81.16  -154.06   -65.89  -160.42
B   A   26    -64.57   161.39    58.07    78.17  -152.15   -64.14  -165.64
B   C   27    -59.79   164.48    59.67    75.92  -161.21   -77.25  -163.41
B   C   28    -53.23   156.38    59.37    85.10  -149.95   -30.37  -161.58
B   G   29   -124.32    77.78   145.78    88.00  -116.51  -145.28   174.67
B   G   30     50.53    63.07    44.43    70.50   180.00   -79.45  -170.41
B   A   31    -76.83  -175.84    54.14    77.41  -168.45  -107.40  -166.54
B   U   32    172.74   -67.26    92.62    66.44  -166.64   -76.61  -157.96
B   U   33    -52.56   152.86    61.52    84.66   -96.48  -124.20  -157.63
B   C   34     69.03  -130.06    47.19   145.56   -91.52   178.23  -122.38
B   U   35    -71.22  -137.76    60.18   152.81  -111.42   -69.66  -107.31
B   G   36    -68.11  -157.38   168.61   166.76   -84.76   -27.54   -90.99
B   A   37    -67.94   176.06    61.02    77.92  -140.75   -68.25  -177.52
B   U   38    -65.50   169.40    60.95    81.36  -151.87   -56.36  -165.34
B   U   39    -71.66   162.88    59.71    80.45  -145.47   -72.54  -168.39
B   C   40    -70.34   172.66    55.99    84.38  -168.58  -110.01  -169.48
B   C   41    172.89   -76.61    96.05    70.05  -138.41   -88.72  -162.52
B   G   42    -50.98   134.59    65.12    73.51  -155.61   -79.90  -173.33
B   G   43    -67.82   167.89    60.55    76.05  -142.80   -89.45  -163.53
B   C   44     50.82   -57.76  -166.80    89.35    -0.25   171.47  -178.61
B   A   45   -161.35  -115.07    72.12    81.38    42.56   137.29   -89.91
B   U   46     67.71  -166.49   -68.16    69.23  -107.43   179.32   -48.58
B   U   47    -55.92    62.56    51.10   129.09  -165.80   172.28   175.93
B   C   48    -83.81  -167.03    64.74   152.39  -149.41    79.42  -125.88
B   C   49     45.36   165.41    49.07    82.05  -144.12   -80.61  -164.62
B   G   50    -63.15   176.55    55.20    79.41  -158.99   -74.83  -156.82
B   A   51    -61.81   155.63    61.64    80.50  -158.97  -119.24  -163.17
B   G   52    159.83  -100.95   151.51    71.83  -145.79   -76.57  -179.94
B   G   53    -63.26   145.93    67.62    75.40  -157.97   -71.40  -175.45
B   U   54    -65.06   170.02    57.48    83.61  -124.82   -77.30  -156.02
B   U   55    -62.22   162.86    60.13    77.05  -135.00   -59.16  -153.20
B   C   56   -177.90   137.41    56.76    82.29  -129.13   -73.91  -174.01
B   G   57    -70.09   159.32    57.15    77.58  -134.78   -77.28  -169.57
B   A   58    -68.24  -130.23    69.34   146.14   -84.55  -178.17   -74.62
B   A   59     80.58  -157.78    60.08    85.12  -174.51   -59.85  -169.70
B   U   60    166.13  -141.84   159.84   136.16   -84.75   -64.35  -146.09
B   C   61    -98.98  -168.51    55.17    78.92   179.28  -127.04  -168.97
B   C   62     55.90    86.67    40.17    80.38  -145.97   -46.48  -167.75
B   U   63   -118.75    76.84   148.91    98.58   -84.25   -94.61   175.36
B   C   64    -66.19   143.04    58.21    76.71  -146.89  -102.83  -162.79
B   G   65    159.64  -155.03   172.05    91.61  -117.05   -81.80   175.96
B   U   66    -70.10   167.72    63.60    82.66  -151.53   -83.80  -166.55
B   A   67    -81.19  -178.34    64.68    84.33  -147.11   -78.53  -156.50
B   C   68    -74.25   171.94    63.86    83.13  -162.59   -76.11  -153.61
B   C   69    -67.97   166.83    58.22    82.37  -147.22   -75.70  -169.41
B   C   70    -84.37  -175.50    60.79    81.96  -158.60   -80.27  -162.20
B   C   71    -88.93  -152.16    62.00    80.53   178.41   -57.72  -134.95
B   A   72    -83.80  -153.12    57.02    85.90  -166.27    96.80  -162.35
B   G   73     68.35    69.84  -179.33   158.91   -90.81  -158.05    58.06
B   C   74     68.78  -159.75    59.58   141.87  -154.07    63.67  -127.54
B   C   75     91.53    98.30   172.02    85.53  -141.08   -71.65  -161.67
B   A   76    -72.21   162.93    65.93    87.71 -9999.99 -9999.99  -149.92
