
Number of the total bases = 74

=====Table of overall statistics =====
Distributions from total number of pairs (28):
The Standard W.C pairs =    20(71.4%)

    WW--cis    WW-tran    HH--cis    HH-tran    SS--cis    SS-tran
   0( 0.0%)   2( 7.1%)   0( 0.0%)   1( 3.6%)   0( 0.0%)   0( 0.0%)

    WH--cis    WH-tran    WS--cis    WS-tran    HS--cis    HS-tran
   0( 0.0%)   2( 7.1%)   1( 3.6%)   1( 3.6%)   0( 0.0%)   1( 3.6%)

std -> the standard W.C. base pairs


=====Table of the pair and edge type statistics =====
     A-A  A-C  C-A  A-G  G-A  A-U  U-A  C-C  C-G  G-C  C-U  U-C  G-G  G-U  U-G  U-U  SUM    %
std    0    0    0    0    0    3    1    0    5   11    0    0    0    0    0    0   20 71.4
WWc    0    0    0    0    0    0    0    0    0    0    0    0    0    0    0    0    0  0.0
WHc    0    0    0    0    0    0    0    0    0    0    0    0    0    0    0    0    0  0.0
HWc    0    0    0    0    0    0    0    0    0    0    0    0    0    0    0    0    0  0.0
WSc    1    0    0    0    0    0    0    0    0    0    0    0    0    0    0    0    1  3.6
SWc    0    0    0    0    0    0    0    0    0    0    0    0    0    0    0    0    0  0.0
HHc    0    0    0    0    0    0    0    0    0    0    0    0    0    0    0    0    0  0.0
HSc    0    0    0    0    0    0    0    0    0    0    0    0    0    0    0    0    0  0.0
SHc    0    0    0    0    0    0    0    0    0    0    0    0    0    0    0    0    0  0.0
SSc    0    0    0    0    0    0    0    0    0    0    0    0    0    0    0    0    0  0.0
WWt    1    0    0    0    0    0    0    0    0    1    0    0    0    0    0    0    2  7.1
WHt    0    0    0    0    0    0    2    0    0    0    0    0    0    0    0    0    2  7.1
HWt    0    0    0    0    0    0    0    0    0    0    0    0    0    0    0    0    0  0.0
WSt    0    0    0    0    0    0    0    0    0    0    0    0    0    1    0    0    1  3.6
SWt    0    0    0    0    0    0    0    0    0    0    0    0    0    0    0    0    0  0.0
HHt    0    0    0    0    0    0    0    0    1    0    0    0    0    0    0    0    1  3.6
HSt    0    0    0    0    0    0    0    0    0    0    0    0    0    0    0    0    0  0.0
SHt    1    0    0    0    0    0    0    0    0    0    0    0    0    0    0    0    1  3.6
SSt    0    0    0    0    0    0    0    0    0    0    0    0    0    0    0    0    0  0.0
W.c    0    0    0    0    0    0    0    0    0    0    0    0    0    0    0    0    0  0.0
.Wc    0    0    0    0    0    0    0    0    0    0    0    0    0    0    0    0    0  0.0
H.c    0    0    0    0    0    0    0    0    0    0    0    0    0    0    0    0    0  0.0
.Hc    0    0    0    0    0    0    0    0    0    0    0    0    0    0    0    0    0  0.0
S.c    0    0    0    0    0    0    0    0    0    0    0    0    0    0    0    0    0  0.0
.Sc    0    0    0    0    0    0    0    0    0    0    0    0    0    0    0    0    0  0.0
..c    0    0    0    0    0    0    0    0    0    0    0    0    0    0    0    0    0  0.0
W.t    0    0    0    0    0    0    0    0    0    0    0    0    0    0    0    0    0  0.0
.Wt    0    0    0    0    0    0    0    0    0    0    0    0    0    0    0    0    0  0.0
H.t    0    0    0    0    0    0    0    0    0    0    0    0    0    0    0    0    0  0.0
.Ht    0    0    0    0    0    0    0    0    0    0    0    0    0    0    0    0    0  0.0
S.t    0    0    0    0    0    0    0    0    0    0    0    0    0    0    0    0    0  0.0
.St    0    0    0    0    0    0    0    0    0    0    0    0    0    0    0    0    0  0.0
..t    0    0    0    0    0    0    0    0    0    0    0    0    0    0    0    0    0  0.0
SUM    3    0    0    0    0    3    3    0    6   12    0    0    0    1    0    0
  % 10.7  0.0  0.0  0.0  0.0 10.7 10.7  0.0 21.4 42.9  0.0  0.0  0.0  3.6  0.0  0.0


NEW Table! (combine standard with W edge)

     A-A  A-C  C-A  A-G  G-A  A-U  U-A  C-C  C-G  G-C  C-U  U-C  G-G  G-U  U-G  U-U  SUM    %
WWc    0    0    0    0    0    3    1    0    5   11    0    0    0    0    0    0   20 71.4
     0.0  0.0  0.0  0.0  0.0 10.7  3.6  0.0 17.9 39.3  0.0  0.0  0.0  0.0  0.0  0.0
WHc    0    0    0    0    0    0    0    0    0    0    0    0    0    0    0    0    0  0.0
     0.0  0.0  0.0  0.0  0.0  0.0  0.0  0.0  0.0  0.0  0.0  0.0  0.0  0.0  0.0  0.0
HWc    0    0    0    0    0    0    0    0    0    0    0    0    0    0    0    0    0  0.0
     0.0  0.0  0.0  0.0  0.0  0.0  0.0  0.0  0.0  0.0  0.0  0.0  0.0  0.0  0.0  0.0
WSc    1    0    0    0    0    0    0    0    0    0    0    0    0    0    0    0    1  3.6
     3.6  0.0  0.0  0.0  0.0  0.0  0.0  0.0  0.0  0.0  0.0  0.0  0.0  0.0  0.0  0.0
SWc    0    0    0    0    0    0    0    0    0    0    0    0    0    0    0    0    0  0.0
     0.0  0.0  0.0  0.0  0.0  0.0  0.0  0.0  0.0  0.0  0.0  0.0  0.0  0.0  0.0  0.0
HHc    0    0    0    0    0    0    0    0    0    0    0    0    0    0    0    0    0  0.0
     0.0  0.0  0.0  0.0  0.0  0.0  0.0  0.0  0.0  0.0  0.0  0.0  0.0  0.0  0.0  0.0
HSc    0    0    0    0    0    0    0    0    0    0    0    0    0    0    0    0    0  0.0
     0.0  0.0  0.0  0.0  0.0  0.0  0.0  0.0  0.0  0.0  0.0  0.0  0.0  0.0  0.0  0.0
SHc    0    0    0    0    0    0    0    0    0    0    0    0    0    0    0    0    0  0.0
     0.0  0.0  0.0  0.0  0.0  0.0  0.0  0.0  0.0  0.0  0.0  0.0  0.0  0.0  0.0  0.0
SSc    0    0    0    0    0    0    0    0    0    0    0    0    0    0    0    0    0  0.0
     0.0  0.0  0.0  0.0  0.0  0.0  0.0  0.0  0.0  0.0  0.0  0.0  0.0  0.0  0.0  0.0
WWt    1    0    0    0    0    0    0    0    0    1    0    0    0    0    0    0    2  7.1
     3.6  0.0  0.0  0.0  0.0  0.0  0.0  0.0  0.0  3.6  0.0  0.0  0.0  0.0  0.0  0.0
WHt    0    0    0    0    0    0    2    0    0    0    0    0    0    0    0    0    2  7.1
     0.0  0.0  0.0  0.0  0.0  0.0  7.1  0.0  0.0  0.0  0.0  0.0  0.0  0.0  0.0  0.0
HWt    0    0    0    0    0    0    0    0    0    0    0    0    0    0    0    0    0  0.0
     0.0  0.0  0.0  0.0  0.0  0.0  0.0  0.0  0.0  0.0  0.0  0.0  0.0  0.0  0.0  0.0
WSt    0    0    0    0    0    0    0    0    0    0    0    0    0    1    0    0    1  3.6
     0.0  0.0  0.0  0.0  0.0  0.0  0.0  0.0  0.0  0.0  0.0  0.0  0.0  3.6  0.0  0.0
SWt    0    0    0    0    0    0    0    0    0    0    0    0    0    0    0    0    0  0.0
     0.0  0.0  0.0  0.0  0.0  0.0  0.0  0.0  0.0  0.0  0.0  0.0  0.0  0.0  0.0  0.0
HHt    0    0    0    0    0    0    0    0    1    0    0    0    0    0    0    0    1  3.6
     0.0  0.0  0.0  0.0  0.0  0.0  0.0  0.0  3.6  0.0  0.0  0.0  0.0  0.0  0.0  0.0
HSt    0    0    0    0    0    0    0    0    0    0    0    0    0    0    0    0    0  0.0
     0.0  0.0  0.0  0.0  0.0  0.0  0.0  0.0  0.0  0.0  0.0  0.0  0.0  0.0  0.0  0.0
SHt    1    0    0    0    0    0    0    0    0    0    0    0    0    0    0    0    1  3.6
     3.6  0.0  0.0  0.0  0.0  0.0  0.0  0.0  0.0  0.0  0.0  0.0  0.0  0.0  0.0  0.0
SSt    0    0    0    0    0    0    0    0    0    0    0    0    0    0    0    0    0  0.0
     0.0  0.0  0.0  0.0  0.0  0.0  0.0  0.0  0.0  0.0  0.0  0.0  0.0  0.0  0.0  0.0
W.c    0    0    0    0    0    0    0    0    0    0    0    0    0    0    0    0    0  0.0
     0.0  0.0  0.0  0.0  0.0  0.0  0.0  0.0  0.0  0.0  0.0  0.0  0.0  0.0  0.0  0.0
.Wc    0    0    0    0    0    0    0    0    0    0    0    0    0    0    0    0    0  0.0
     0.0  0.0  0.0  0.0  0.0  0.0  0.0  0.0  0.0  0.0  0.0  0.0  0.0  0.0  0.0  0.0
H.c    0    0    0    0    0    0    0    0    0    0    0    0    0    0    0    0    0  0.0
     0.0  0.0  0.0  0.0  0.0  0.0  0.0  0.0  0.0  0.0  0.0  0.0  0.0  0.0  0.0  0.0
.Hc    0    0    0    0    0    0    0    0    0    0    0    0    0    0    0    0    0  0.0
     0.0  0.0  0.0  0.0  0.0  0.0  0.0  0.0  0.0  0.0  0.0  0.0  0.0  0.0  0.0  0.0
S.c    0    0    0    0    0    0    0    0    0    0    0    0    0    0    0    0    0  0.0
     0.0  0.0  0.0  0.0  0.0  0.0  0.0  0.0  0.0  0.0  0.0  0.0  0.0  0.0  0.0  0.0
.Sc    0    0    0    0    0    0    0    0    0    0    0    0    0    0    0    0    0  0.0
     0.0  0.0  0.0  0.0  0.0  0.0  0.0  0.0  0.0  0.0  0.0  0.0  0.0  0.0  0.0  0.0
..c    0    0    0    0    0    0    0    0    0    0    0    0    0    0    0    0    0  0.0
     0.0  0.0  0.0  0.0  0.0  0.0  0.0  0.0  0.0  0.0  0.0  0.0  0.0  0.0  0.0  0.0
W.t    0    0    0    0    0    0    0    0    0    0    0    0    0    0    0    0    0  0.0
     0.0  0.0  0.0  0.0  0.0  0.0  0.0  0.0  0.0  0.0  0.0  0.0  0.0  0.0  0.0  0.0
.Wt    0    0    0    0    0    0    0    0    0    0    0    0    0    0    0    0    0  0.0
     0.0  0.0  0.0  0.0  0.0  0.0  0.0  0.0  0.0  0.0  0.0  0.0  0.0  0.0  0.0  0.0
H.t    0    0    0    0    0    0    0    0    0    0    0    0    0    0    0    0    0  0.0
     0.0  0.0  0.0  0.0  0.0  0.0  0.0  0.0  0.0  0.0  0.0  0.0  0.0  0.0  0.0  0.0
.Ht    0    0    0    0    0    0    0    0    0    0    0    0    0    0    0    0    0  0.0
     0.0  0.0  0.0  0.0  0.0  0.0  0.0  0.0  0.0  0.0  0.0  0.0  0.0  0.0  0.0  0.0
S.t    0    0    0    0    0    0    0    0    0    0    0    0    0    0    0    0    0  0.0
     0.0  0.0  0.0  0.0  0.0  0.0  0.0  0.0  0.0  0.0  0.0  0.0  0.0  0.0  0.0  0.0
.St    0    0    0    0    0    0    0    0    0    0    0    0    0    0    0    0    0  0.0
     0.0  0.0  0.0  0.0  0.0  0.0  0.0  0.0  0.0  0.0  0.0  0.0  0.0  0.0  0.0  0.0
..t    0    0    0    0    0    0    0    0    0    0    0    0    0    0    0    0    0  0.0
     0.0  0.0  0.0  0.0  0.0  0.0  0.0  0.0  0.0  0.0  0.0  0.0  0.0  0.0  0.0  0.0
SUM    3    0    0    0    0    3    3    0    6   12    0    0    0    1    0    0
  % 10.7  0.0  0.0  0.0  0.0 10.7 10.7  0.0 21.4 42.9  0.0  0.0  0.0  3.6  0.0  0.0


=======The table of 12 base pair family=======
    WWc      A          C          G          U
     A     0( 0.0)    0( 0.0)    0( 0.0)    3(10.7)
     C     0( 0.0)    0( 0.0)    5(17.9)    0( 0.0)
     G     0( 0.0)   11(39.3)    0( 0.0)    0( 0.0)
     U     1( 3.6)    0( 0.0)    0( 0.0)    0( 0.0)

 WHc+HWc      A          C          G          U
     A     0( 0.0)    0( 0.0)    0( 0.0)    0( 0.0)
     C     0( 0.0)    0( 0.0)    0( 0.0)    0( 0.0)
     G     0( 0.0)    0( 0.0)    0( 0.0)    0( 0.0)
     U     0( 0.0)    0( 0.0)    0( 0.0)    0( 0.0)

 WSc+SWc      A          C          G          U
     A     1( 3.6)    0( 0.0)    0( 0.0)    0( 0.0)
     C     0( 0.0)    0( 0.0)    0( 0.0)    0( 0.0)
     G     0( 0.0)    0( 0.0)    0( 0.0)    0( 0.0)
     U     0( 0.0)    0( 0.0)    0( 0.0)    0( 0.0)

    HHc      A          C          G          U
     A     0( 0.0)    0( 0.0)    0( 0.0)    0( 0.0)
     C     0( 0.0)    0( 0.0)    0( 0.0)    0( 0.0)
     G     0( 0.0)    0( 0.0)    0( 0.0)    0( 0.0)
     U     0( 0.0)    0( 0.0)    0( 0.0)    0( 0.0)

 HSc+SHc      A          C          G          U
     A     0( 0.0)    0( 0.0)    0( 0.0)    0( 0.0)
     C     0( 0.0)    0( 0.0)    0( 0.0)    0( 0.0)
     G     0( 0.0)    0( 0.0)    0( 0.0)    0( 0.0)
     U     0( 0.0)    0( 0.0)    0( 0.0)    0( 0.0)

    SSc      A          C          G          U
     A     0( 0.0)    0( 0.0)    0( 0.0)    0( 0.0)
     C     0( 0.0)    0( 0.0)    0( 0.0)    0( 0.0)
     G     0( 0.0)    0( 0.0)    0( 0.0)    0( 0.0)
     U     0( 0.0)    0( 0.0)    0( 0.0)    0( 0.0)

    WWt      A          C          G          U
     A     1( 3.6)    0( 0.0)    0( 0.0)    0( 0.0)
     C     0( 0.0)    0( 0.0)    0( 0.0)    0( 0.0)
     G     0( 0.0)    1( 3.6)    0( 0.0)    0( 0.0)
     U     0( 0.0)    0( 0.0)    0( 0.0)    0( 0.0)

 WHt+HWt      A          C          G          U
     A     0( 0.0)    0( 0.0)    0( 0.0)    0( 0.0)
     C     0( 0.0)    0( 0.0)    0( 0.0)    0( 0.0)
     G     0( 0.0)    0( 0.0)    0( 0.0)    0( 0.0)
     U     2( 7.1)    0( 0.0)    0( 0.0)    0( 0.0)

 WSt+SWt      A          C          G          U
     A     0( 0.0)    0( 0.0)    0( 0.0)    0( 0.0)
     C     0( 0.0)    0( 0.0)    0( 0.0)    0( 0.0)
     G     0( 0.0)    0( 0.0)    0( 0.0)    1( 3.6)
     U     0( 0.0)    0( 0.0)    0( 0.0)    0( 0.0)

    HHt      A          C          G          U
     A     0( 0.0)    0( 0.0)    0( 0.0)    0( 0.0)
     C     0( 0.0)    0( 0.0)    1( 3.6)    0( 0.0)
     G     0( 0.0)    0( 0.0)    0( 0.0)    0( 0.0)
     U     0( 0.0)    0( 0.0)    0( 0.0)    0( 0.0)

 HSt+SHt      A          C          G          U
     A     1( 3.6)    0( 0.0)    0( 0.0)    0( 0.0)
     C     0( 0.0)    0( 0.0)    0( 0.0)    0( 0.0)
     G     0( 0.0)    0( 0.0)    0( 0.0)    0( 0.0)
     U     0( 0.0)    0( 0.0)    0( 0.0)    0( 0.0)

    SSt      A          C          G          U
     A     0( 0.0)    0( 0.0)    0( 0.0)    0( 0.0)
     C     0( 0.0)    0( 0.0)    0( 0.0)    0( 0.0)
     G     0( 0.0)    0( 0.0)    0( 0.0)    0( 0.0)
     U     0( 0.0)    0( 0.0)    0( 0.0)    0( 0.0)


=====Table of the three edge statistics =====

Statistics for each edge(total(A+U+G+C+T+P+I)=56.0)
Percentage (in parentheses) is with respect to total edge.
base    edge(W.C.)    edge(Hoog)    edge(Sugar) 
   A       7( 12.5)     3(  5.4)     2(  3.6)
   G      18( 32.1)     1(  1.8)     0(  0.0)
   U       6( 10.7)     0(  0.0)     1(  1.8)
   C      17( 30.4)     1(  1.8)     0(  0.0)
   T       0(  0.0)     0(  0.0)     0(  0.0)
   P       0(  0.0)     0(  0.0)     0(  0.0)
   T       0(  0.0)     0(  0.0)     0(  0.0)

   R      25( 44.6)     4(  7.1)     2(  3.6)
   Y      23( 41.1)     1(  1.8)     1(  1.8)

Statistics for each edge for (A, G, C U)(total 56.0)
Percentage (in parentheses) is with respect to three edges.
base    edge(W.C.)    edge(Hoog)    edge(Sugar) 
   A       7( 58.3)     3( 25.0)     2( 16.7)
   G      18( 94.7)     1(  5.3)     0(  0.0)
   U       6( 85.7)     0(  0.0)     1( 14.3)
   C      17( 94.4)     1(  5.6)     0(  0.0)

   R      25( 80.6)     4( 12.9)     2(  6.5)
   Y      23( 92.0)     1(  4.0)     1(  4.0)
