
Number of the total bases = 3171

=====Table of overall statistics =====
Distributions from total number of pairs (954):
The Standard W.C pairs =   576(60.4%)

    WW--cis    WW-tran    HH--cis    HH-tran    SS--cis    SS-tran
 194(20.3%)  22( 2.3%)   1( 0.1%)  10( 1.0%)   7( 0.7%)  14( 1.5%)

    WH--cis    WH-tran    WS--cis    WS-tran    HS--cis    HS-tran
  13( 1.4%)  35( 3.7%)  21( 2.2%)  14( 1.5%)  20( 2.1%)  27( 2.8%)

std -> the standard W.C. base pairs


=====Table of the pair and edge type statistics =====
     A-A  A-C  C-A  A-G  G-A  A-U  U-A  C-C  C-G  G-C  C-U  U-C  G-G  G-U  U-G  U-U  SUM    %
std    0    0    0    0    0   62   66    0  208  240    0    0    0    0    0    0  576 60.4
WWc    3    2   10    5    9    6    9    3   20   22    0    1    6   47   43    8  194 20.3
WHc    0    1    0    0    2    0    4    0    1    1    0    0    0    0    0    0    9  0.9
HWc    0    0    0    0    1    2    0    0    1    0    0    0    0    0    0    0    4  0.4
WSc    2    1    0    0    1    1    0    0    0    2    0    0    1    2    0    0   10  1.0
SWc    2    0    1    0    1    0    0    1    0    2    1    0    1    1    0    1   11  1.2
HHc    0    1    0    0    0    0    0    0    0    0    0    0    0    0    0    0    1  0.1
HSc    0    1    0    0    0    0    0    1    0    0    0    0    0    0    0    0    2  0.2
SHc    0    1    0    0    3    0    0    2    1    2    0    1    1    7    0    0   18  1.9
SSc    0    0    0    1    1    0    0    0    2    1    0    0    2    0    0    0    7  0.7
WWt    4    1    0    1    0    4    1    0    2    1    0    0    1    2    3    2   22  2.3
WHt    1    0    3    0    5    0   12    0    0    0    0    2    3    0    0    1   27  2.8
HWt    0    0    0    3    0    4    0    0    0    0    0    0    1    0    0    0    8  0.8
WSt    0    1    0    3    0    0    0    0    0    0    0    0    0    1    0    0    5  0.5
SWt    0    0    0    1    3    1    0    0    2    1    0    0    0    0    1    0    9  0.9
HHt    9    1    0    0    0    0    0    0    0    0    0    0    0    0    0    0   10  1.0
HSt    1    0    0   12    0    0    0    0    0    0    0    0    1    0    0    0   14  1.5
SHt    1    0    0    0   10    0    1    0    0    0    0    0    1    0    0    0   13  1.4
SSt    0    0    0    3    5    0    0    0    0    0    0    0    5    0    1    0   14  1.5
W.c    0    0    0    0    0    0    0    0    0    0    0    0    0    0    0    0    0  0.0
.Wc    0    0    0    0    0    0    0    0    0    0    0    0    0    0    0    0    0  0.0
H.c    0    0    0    0    0    0    0    0    0    0    0    0    0    0    0    0    0  0.0
.Hc    0    0    0    0    0    0    0    0    0    0    0    0    0    0    0    0    0  0.0
S.c    0    0    0    0    0    0    0    0    0    0    0    0    0    0    0    0    0  0.0
.Sc    0    0    0    0    0    0    0    0    0    0    0    0    0    0    0    0    0  0.0
..c    0    0    0    0    0    0    0    0    0    0    0    0    0    0    0    0    0  0.0
W.t    0    0    0    0    0    0    0    0    0    0    0    0    0    0    0    0    0  0.0
.Wt    0    0    0    0    0    0    0    0    0    0    0    0    0    0    0    0    0  0.0
H.t    0    0    0    0    0    0    0    0    0    0    0    0    0    0    0    0    0  0.0
.Ht    0    0    0    0    0    0    0    0    0    0    0    0    0    0    0    0    0  0.0
S.t    0    0    0    0    0    0    0    0    0    0    0    0    0    0    0    0    0  0.0
.St    0    0    0    0    0    0    0    0    0    0    0    0    0    0    0    0    0  0.0
..t    0    0    0    0    0    0    0    0    0    0    0    0    0    0    0    0    0  0.0
SUM   23   10   14   29   41   80   93    7  237  272    1    4   23   60   48   12
  %  2.4  1.0  1.5  3.0  4.3  8.4  9.7  0.7 24.8 28.5  0.1  0.4  2.4  6.3  5.0  1.3


NEW Table! (combine standard with W edge)

     A-A  A-C  C-A  A-G  G-A  A-U  U-A  C-C  C-G  G-C  C-U  U-C  G-G  G-U  U-G  U-U  SUM    %
WWc    3    2   10    5    9   68   75    3  228  262    0    1    6   47   43    8  770 80.7
     0.3  0.2  1.0  0.5  0.9  7.1  7.9  0.3 23.9 27.5  0.0  0.1  0.6  4.9  4.5  0.8
WHc    0    1    0    0    2    0    4    0    1    1    0    0    0    0    0    0    9  0.9
     0.0  0.1  0.0  0.0  0.2  0.0  0.4  0.0  0.1  0.1  0.0  0.0  0.0  0.0  0.0  0.0
HWc    0    0    0    0    1    2    0    0    1    0    0    0    0    0    0    0    4  0.4
     0.0  0.0  0.0  0.0  0.1  0.2  0.0  0.0  0.1  0.0  0.0  0.0  0.0  0.0  0.0  0.0
WSc    2    1    0    0    1    1    0    0    0    2    0    0    1    2    0    0   10  1.0
     0.2  0.1  0.0  0.0  0.1  0.1  0.0  0.0  0.0  0.2  0.0  0.0  0.1  0.2  0.0  0.0
SWc    2    0    1    0    1    0    0    1    0    2    1    0    1    1    0    1   11  1.2
     0.2  0.0  0.1  0.0  0.1  0.0  0.0  0.1  0.0  0.2  0.1  0.0  0.1  0.1  0.0  0.1
HHc    0    1    0    0    0    0    0    0    0    0    0    0    0    0    0    0    1  0.1
     0.0  0.1  0.0  0.0  0.0  0.0  0.0  0.0  0.0  0.0  0.0  0.0  0.0  0.0  0.0  0.0
HSc    0    1    0    0    0    0    0    1    0    0    0    0    0    0    0    0    2  0.2
     0.0  0.1  0.0  0.0  0.0  0.0  0.0  0.1  0.0  0.0  0.0  0.0  0.0  0.0  0.0  0.0
SHc    0    1    0    0    3    0    0    2    1    2    0    1    1    7    0    0   18  1.9
     0.0  0.1  0.0  0.0  0.3  0.0  0.0  0.2  0.1  0.2  0.0  0.1  0.1  0.7  0.0  0.0
SSc    0    0    0    1    1    0    0    0    2    1    0    0    2    0    0    0    7  0.7
     0.0  0.0  0.0  0.1  0.1  0.0  0.0  0.0  0.2  0.1  0.0  0.0  0.2  0.0  0.0  0.0
WWt    4    1    0    1    0    4    1    0    2    1    0    0    1    2    3    2   22  2.3
     0.4  0.1  0.0  0.1  0.0  0.4  0.1  0.0  0.2  0.1  0.0  0.0  0.1  0.2  0.3  0.2
WHt    1    0    3    0    5    0   12    0    0    0    0    2    3    0    0    1   27  2.8
     0.1  0.0  0.3  0.0  0.5  0.0  1.3  0.0  0.0  0.0  0.0  0.2  0.3  0.0  0.0  0.1
HWt    0    0    0    3    0    4    0    0    0    0    0    0    1    0    0    0    8  0.8
     0.0  0.0  0.0  0.3  0.0  0.4  0.0  0.0  0.0  0.0  0.0  0.0  0.1  0.0  0.0  0.0
WSt    0    1    0    3    0    0    0    0    0    0    0    0    0    1    0    0    5  0.5
     0.0  0.1  0.0  0.3  0.0  0.0  0.0  0.0  0.0  0.0  0.0  0.0  0.0  0.1  0.0  0.0
SWt    0    0    0    1    3    1    0    0    2    1    0    0    0    0    1    0    9  0.9
     0.0  0.0  0.0  0.1  0.3  0.1  0.0  0.0  0.2  0.1  0.0  0.0  0.0  0.0  0.1  0.0
HHt    9    1    0    0    0    0    0    0    0    0    0    0    0    0    0    0   10  1.0
     0.9  0.1  0.0  0.0  0.0  0.0  0.0  0.0  0.0  0.0  0.0  0.0  0.0  0.0  0.0  0.0
HSt    1    0    0   12    0    0    0    0    0    0    0    0    1    0    0    0   14  1.5
     0.1  0.0  0.0  1.3  0.0  0.0  0.0  0.0  0.0  0.0  0.0  0.0  0.1  0.0  0.0  0.0
SHt    1    0    0    0   10    0    1    0    0    0    0    0    1    0    0    0   13  1.4
     0.1  0.0  0.0  0.0  1.0  0.0  0.1  0.0  0.0  0.0  0.0  0.0  0.1  0.0  0.0  0.0
SSt    0    0    0    3    5    0    0    0    0    0    0    0    5    0    1    0   14  1.5
     0.0  0.0  0.0  0.3  0.5  0.0  0.0  0.0  0.0  0.0  0.0  0.0  0.5  0.0  0.1  0.0
W.c    0    0    0    0    0    0    0    0    0    0    0    0    0    0    0    0    0  0.0
     0.0  0.0  0.0  0.0  0.0  0.0  0.0  0.0  0.0  0.0  0.0  0.0  0.0  0.0  0.0  0.0
.Wc    0    0    0    0    0    0    0    0    0    0    0    0    0    0    0    0    0  0.0
     0.0  0.0  0.0  0.0  0.0  0.0  0.0  0.0  0.0  0.0  0.0  0.0  0.0  0.0  0.0  0.0
H.c    0    0    0    0    0    0    0    0    0    0    0    0    0    0    0    0    0  0.0
     0.0  0.0  0.0  0.0  0.0  0.0  0.0  0.0  0.0  0.0  0.0  0.0  0.0  0.0  0.0  0.0
.Hc    0    0    0    0    0    0    0    0    0    0    0    0    0    0    0    0    0  0.0
     0.0  0.0  0.0  0.0  0.0  0.0  0.0  0.0  0.0  0.0  0.0  0.0  0.0  0.0  0.0  0.0
S.c    0    0    0    0    0    0    0    0    0    0    0    0    0    0    0    0    0  0.0
     0.0  0.0  0.0  0.0  0.0  0.0  0.0  0.0  0.0  0.0  0.0  0.0  0.0  0.0  0.0  0.0
.Sc    0    0    0    0    0    0    0    0    0    0    0    0    0    0    0    0    0  0.0
     0.0  0.0  0.0  0.0  0.0  0.0  0.0  0.0  0.0  0.0  0.0  0.0  0.0  0.0  0.0  0.0
..c    0    0    0    0    0    0    0    0    0    0    0    0    0    0    0    0    0  0.0
     0.0  0.0  0.0  0.0  0.0  0.0  0.0  0.0  0.0  0.0  0.0  0.0  0.0  0.0  0.0  0.0
W.t    0    0    0    0    0    0    0    0    0    0    0    0    0    0    0    0    0  0.0
     0.0  0.0  0.0  0.0  0.0  0.0  0.0  0.0  0.0  0.0  0.0  0.0  0.0  0.0  0.0  0.0
.Wt    0    0    0    0    0    0    0    0    0    0    0    0    0    0    0    0    0  0.0
     0.0  0.0  0.0  0.0  0.0  0.0  0.0  0.0  0.0  0.0  0.0  0.0  0.0  0.0  0.0  0.0
H.t    0    0    0    0    0    0    0    0    0    0    0    0    0    0    0    0    0  0.0
     0.0  0.0  0.0  0.0  0.0  0.0  0.0  0.0  0.0  0.0  0.0  0.0  0.0  0.0  0.0  0.0
.Ht    0    0    0    0    0    0    0    0    0    0    0    0    0    0    0    0    0  0.0
     0.0  0.0  0.0  0.0  0.0  0.0  0.0  0.0  0.0  0.0  0.0  0.0  0.0  0.0  0.0  0.0
S.t    0    0    0    0    0    0    0    0    0    0    0    0    0    0    0    0    0  0.0
     0.0  0.0  0.0  0.0  0.0  0.0  0.0  0.0  0.0  0.0  0.0  0.0  0.0  0.0  0.0  0.0
.St    0    0    0    0    0    0    0    0    0    0    0    0    0    0    0    0    0  0.0
     0.0  0.0  0.0  0.0  0.0  0.0  0.0  0.0  0.0  0.0  0.0  0.0  0.0  0.0  0.0  0.0
..t    0    0    0    0    0    0    0    0    0    0    0    0    0    0    0    0    0  0.0
     0.0  0.0  0.0  0.0  0.0  0.0  0.0  0.0  0.0  0.0  0.0  0.0  0.0  0.0  0.0  0.0
SUM   23   10   14   29   41   80   93    7  237  272    1    4   23   60   48   12
  %  2.4  1.0  1.5  3.0  4.3  8.4  9.7  0.7 24.8 28.5  0.1  0.4  2.4  6.3  5.0  1.3


=======The table of 12 base pair family=======
    WWc      A          C          G          U
     A     3( 0.3)    2( 0.2)    5( 0.5)   68( 7.1)
     C    10( 1.0)    3( 0.3)  228(23.9)    0( 0.0)
     G     9( 0.9)  262(27.5)    6( 0.6)   47( 4.9)
     U    75( 7.9)    1( 0.1)   43( 4.5)    8( 0.8)

 WHc+HWc      A          C          G          U
     A     0( 0.0)    1( 0.1)    0( 0.0)    2( 0.2)
     C     0( 0.0)    0( 0.0)    2( 0.2)    0( 0.0)
     G     3( 0.3)    1( 0.1)    0( 0.0)    0( 0.0)
     U     4( 0.4)    0( 0.0)    0( 0.0)    0( 0.0)

 WSc+SWc      A          C          G          U
     A     4( 0.4)    1( 0.1)    0( 0.0)    1( 0.1)
     C     1( 0.1)    1( 0.1)    0( 0.0)    1( 0.1)
     G     2( 0.2)    4( 0.4)    2( 0.2)    3( 0.3)
     U     0( 0.0)    0( 0.0)    0( 0.0)    1( 0.1)

    HHc      A          C          G          U
     A     0( 0.0)    1( 0.1)    0( 0.0)    0( 0.0)
     C     0( 0.0)    0( 0.0)    0( 0.0)    0( 0.0)
     G     0( 0.0)    0( 0.0)    0( 0.0)    0( 0.0)
     U     0( 0.0)    0( 0.0)    0( 0.0)    0( 0.0)

 HSc+SHc      A          C          G          U
     A     0( 0.0)    2( 0.2)    0( 0.0)    0( 0.0)
     C     0( 0.0)    3( 0.3)    1( 0.1)    0( 0.0)
     G     3( 0.3)    2( 0.2)    1( 0.1)    7( 0.7)
     U     0( 0.0)    1( 0.1)    0( 0.0)    0( 0.0)

    SSc      A          C          G          U
     A     0( 0.0)    0( 0.0)    1( 0.1)    0( 0.0)
     C     0( 0.0)    0( 0.0)    2( 0.2)    0( 0.0)
     G     1( 0.1)    1( 0.1)    2( 0.2)    0( 0.0)
     U     0( 0.0)    0( 0.0)    0( 0.0)    0( 0.0)

    WWt      A          C          G          U
     A     4( 0.4)    1( 0.1)    1( 0.1)    4( 0.4)
     C     0( 0.0)    0( 0.0)    2( 0.2)    0( 0.0)
     G     0( 0.0)    1( 0.1)    1( 0.1)    2( 0.2)
     U     1( 0.1)    0( 0.0)    3( 0.3)    2( 0.2)

 WHt+HWt      A          C          G          U
     A     1( 0.1)    0( 0.0)    3( 0.3)    4( 0.4)
     C     3( 0.3)    0( 0.0)    0( 0.0)    0( 0.0)
     G     5( 0.5)    0( 0.0)    4( 0.4)    0( 0.0)
     U    12( 1.3)    2( 0.2)    0( 0.0)    1( 0.1)

 WSt+SWt      A          C          G          U
     A     0( 0.0)    1( 0.1)    4( 0.4)    1( 0.1)
     C     0( 0.0)    0( 0.0)    2( 0.2)    0( 0.0)
     G     3( 0.3)    1( 0.1)    0( 0.0)    1( 0.1)
     U     0( 0.0)    0( 0.0)    1( 0.1)    0( 0.0)

    HHt      A          C          G          U
     A     9( 0.9)    1( 0.1)    0( 0.0)    0( 0.0)
     C     0( 0.0)    0( 0.0)    0( 0.0)    0( 0.0)
     G     0( 0.0)    0( 0.0)    0( 0.0)    0( 0.0)
     U     0( 0.0)    0( 0.0)    0( 0.0)    0( 0.0)

 HSt+SHt      A          C          G          U
     A     2( 0.2)    0( 0.0)   12( 1.3)    0( 0.0)
     C     0( 0.0)    0( 0.0)    0( 0.0)    0( 0.0)
     G    10( 1.0)    0( 0.0)    2( 0.2)    0( 0.0)
     U     1( 0.1)    0( 0.0)    0( 0.0)    0( 0.0)

    SSt      A          C          G          U
     A     0( 0.0)    0( 0.0)    3( 0.3)    0( 0.0)
     C     0( 0.0)    0( 0.0)    0( 0.0)    0( 0.0)
     G     5( 0.5)    0( 0.0)    5( 0.5)    0( 0.0)
     U     0( 0.0)    0( 0.0)    1( 0.1)    0( 0.0)


=====Table of the three edge statistics =====

Statistics for each edge(total(A+U+G+C+T+P+I)=1905.0)
Percentage (in parentheses) is with respect to total edge.
base    edge(W.C.)    edge(Hoog)    edge(Sugar) 
   A     208( 10.9)    85(  4.5)    20(  1.0)
   G     645( 33.9)    10(  0.5)    77(  4.0)
   U     293( 15.4)     8(  0.4)     9(  0.5)
   C     521( 27.3)    14(  0.7)    15(  0.8)
   T       0(  0.0)     0(  0.0)     0(  0.0)
   P       0(  0.0)     0(  0.0)     0(  0.0)
   T       0(  0.0)     0(  0.0)     0(  0.0)

   R     853( 44.8)    95(  5.0)    97(  5.1)
   Y     814( 42.7)    22(  1.2)    24(  1.3)

Statistics for each edge for (A, G, C U)(total 1905.0)
Percentage (in parentheses) is with respect to three edges.
base    edge(W.C.)    edge(Hoog)    edge(Sugar) 
   A     208( 66.5)    85( 27.2)    20(  6.4)
   G     645( 88.1)    10(  1.4)    77( 10.5)
   U     293( 94.5)     8(  2.6)     9(  2.9)
   C     521( 94.7)    14(  2.5)    15(  2.7)

   R     853( 81.6)    95(  9.1)    97(  9.3)
   Y     814( 94.7)    22(  2.6)    24(  2.8)
