BEGIN_base-pair
     6_66, D:   906 G-C   966 D: +/+ cis         XIX
     7_65, D:   907 C-G   965 D: W/W cis         n/a
     8_14, D:   908 U-A   914 D: W/H tran        XXIV
     9_22, D:   909 A-A   922 D: H/H tran   syn    II
    10_24, D:   910 G-C   924 D: +/+ cis         XIX
    10_24,-
6_66_7_65_8_14_9_22_10_24_0, click this line to see above pattern
0_0,---------
    13_21, D:   913 C-G   921 D: +/+ cis         XIX
    15_47, D:   915 G-C   947 D: W/W tran        XXII
    17_54, D:   917 G-U   954 D: W/W tran        XXVII
    18_55, D:   918 G-C   955 D: W/W cis         n/a
    21_45, D:   921 G-G   945 D: H/W tran     syn  VII
    25_43, D:   925 G-A   943 D: W/W cis         VIII
    26_42, D:   926 C-G   942 D: +/+ cis         XIX
    26_42,-
13_21_15_47_17_54_18_55_21_45_25_43_26_42_0, click this line to see above pattern
0_0,---------
END_base-pair
