The backbone torsional angle for nucleic acid 

 
Note: alpha:   O3'(i-1)-P-O5'-C5'
      beta:    P-O5'-C5'-C4'
      gamma:   O5'-C5'-C4'-C3'
      delta:   C5'-C4'-C3'-O3'
      epsilon: C4'-C3'-O3'-P(i+1)
      zeta:    C3'-O3'-P(i+1)-O5'(i+1)

      chi for pyrimidines(Y): O4'-C1'-N1-C2
          chi for purines(R): O4'-C1'-N9-C4

    (The number -9999.99 means that the angle can not be calculated) 

Ch Res  Num    alpha    beta     gamma    delta  epsilon    zeta     chi
7   G    1  -9999.99 -9999.99    53.72    86.18  -155.61   -77.67   174.51
7   G    2    -89.98   175.06    87.81    76.69  -128.50   -78.63  -173.06
7   G    3    -69.21   159.37    63.68    78.54  -147.93   -70.71  -173.72
7   U    4    -64.25   176.49    55.26    76.73  -151.56   -72.06  -161.61
7   A    5    -68.89   164.91    63.94    79.62  -141.94   -77.16  -147.17
7   A    6    -79.88   153.86    73.30    75.29  -148.84   -75.00  -158.73
7   U    7    -58.95  -175.55    74.61   130.94  -133.25   -27.92  -142.78
7   U    8   -118.07  -138.83    64.89    77.86  -132.70  -111.64  -163.62
7   G    9    -48.03  -159.02    32.14   104.66  -105.59  -104.58   -98.69
7   G   10   -147.34  -159.44    45.04    90.95  -128.81   -77.06   167.35
7   C   11    -67.22   170.49    62.61    80.62  -150.06   -62.17  -166.83
7   G   12   -142.01   177.83   110.84    79.68  -157.39   -57.47  -173.88
7   C   13   -161.89   169.00   147.90    90.54  -172.40   -69.56  -165.86
7   A   14    -92.16  -169.83    72.52    80.01  -155.19   -55.90  -171.81
7   G   15   -105.79  -173.74    74.03    82.93  -134.93  -143.22  -139.04
7   U   16     57.93   103.21    38.88   139.13   -90.26   169.24   -53.07
7   U   17    -43.19   -88.83   -29.02   162.11   -88.04   169.98   -81.30
7   G   18    -60.48   129.85    76.94   132.42   -85.06   -66.31  -155.72
7   G   19    -79.96  -145.60    62.84    80.68  -134.01   -67.75   -88.99
7   U   20    141.93  -133.85   -64.57   124.05  -157.14  -122.92  -134.78
7   U   21    -89.48  -177.24    57.88    77.62  -178.95   -75.83  -143.07
7   A   22   -132.31   177.18   101.17    73.20  -149.72   -76.25  -166.23
7   G   23    -67.19   167.76    64.40    78.85  -134.97   -78.09  -168.86
7   C   24    -54.85   155.46    53.37    78.86  -139.05   -61.82  -163.74
7   G   25    -72.37   171.53    63.55    79.04  -154.01   -60.19  -170.60
7   C   26    -75.80  -178.35    62.68    73.17  -138.15   -70.29  -167.27
7   G   27    -69.14   170.39    56.98    76.13  -152.60   -63.89  -169.94
7   C   28    -73.54   179.42    66.52    73.26  -153.32   -68.36  -154.06
7   G   29   -118.75   154.24   108.45    78.30  -150.37   -61.73  -167.60
7   G   30    -79.39  -175.78    63.76    80.18  -152.31   -64.16  -172.61
7   G   31   -133.35   162.11   120.65    84.94   174.65    37.23  -180.00
7   U   32    159.54  -110.70  -138.34    79.26  -156.64  -157.57   167.19
7   C   33     78.62   103.09    78.45    81.05  -109.13   -87.57   -33.60
7   U   34    140.88  -122.83   158.33    89.62  -174.86   -74.35  -134.64
7   C   35    147.82  -166.98   171.53    80.35  -145.24   -56.55  -156.72
7   A   36    -69.89  -173.05    41.92    71.15  -144.98   -31.58  -154.74
7   U   37    -96.41  -166.46    67.05    79.12  -129.58   -86.00  -175.49
7   A   38    -68.36   155.68    66.72    78.37  -142.87   -66.48  -171.91
7   A   39    -81.56   175.10    69.82    78.80  -145.74   -80.63  -173.13
7   U   40    -62.11   158.09    63.66    78.07  -151.44   -69.29  -156.36
7   C   41    -72.16   174.02    63.59    79.50  -159.88   -67.93  -161.47
7   C   42    -80.59   168.30    76.99    81.17  -152.37   -45.61  -155.13
7   C   43    -98.43  -175.74    69.43    84.02  -104.73  -141.42  -138.03
7   G   44     42.49   150.21   -19.27   159.80   -63.52  -153.36   -54.55
7   A   45    -62.78   136.00   168.13    87.05  -165.38    98.60  -166.69
7   G   46    -48.93  -166.17    70.47   139.67  -152.76    73.55  -153.36
7   G   47     56.42   153.99    50.41    80.15  -133.07   -67.32   167.52
7   U   48    -70.86  -173.30    62.09    77.51  -166.60   -55.59  -147.62
7   C   49   -130.75   167.56   114.81    75.67  -136.94   -73.95  -159.82
7   G   50    -94.80   149.84    92.93    75.50  -152.92   -61.85  -170.36
7   U   51    -87.35   169.66    88.49    76.68  -121.08   -83.03  -172.28
7   G   52    -81.68   163.50    71.46    87.40  -152.88   -51.44  -179.84
7   A   53   -153.78  -169.93   112.89    83.59  -156.50   -64.03  -159.58
7   G   54    161.28   146.29    70.97    81.67  -147.51   -65.96   168.87
7   U   55   -143.22  -158.87   104.97    76.62  -138.79  -138.00  -153.62
7   U   56    160.87  -108.09  -158.83   132.06   -74.24  -135.27  -120.53
7   C   57     59.94  -146.25    92.40    87.66  -164.83   -27.06  -177.04
7   G   58   -107.99  -170.50    78.39   130.76  -106.42   -73.01  -112.23
7   A   59    -67.58   175.46    25.67    79.02  -132.07   -75.64  -169.54
7   U   60    -55.52   166.88    43.99    79.19  -148.37   -74.38  -157.84
7   C   61    -69.75   170.50    61.39    77.96  -154.43   -59.39  -157.10
7   C   62    -84.51   173.17    72.09    76.00  -125.33   -89.23  -156.11
7   U   63    -60.75   147.57    62.88    77.78  -161.20   -73.81  -165.90
7   C   64    -72.81   170.24    68.97    75.87  -127.14   -83.54  -155.16
7   A   65    -60.79   152.05    54.09    79.08  -143.37   -71.23  -154.71
7   C   66    -61.95  -176.68    45.10    76.91  -159.10   -70.20  -167.45
7   A   67    -73.38   169.27    69.83    76.15  -153.20   -69.90  -168.29
7   U   68    -70.05   169.88    66.36    73.15  -136.31   -68.11  -167.58
7   U   69    -98.91   143.86   102.22    71.34  -111.00   -94.55  -178.30
7   A   70    -78.37   137.32    80.67    80.62  -140.48   -67.81   175.77
7   C   71    -61.34   171.22    65.76    79.46  -153.15   -40.96  -159.27
7   C   72   -125.16   106.57   173.84   140.39   -93.03   -77.42  -118.55
7   C   73     74.92   150.97    55.89    79.94  -135.14   -90.70    58.61
7   A   74     95.98  -168.84   -29.43    90.17 -9999.99 -9999.99  -136.94
