PDB data file name: ./Datasets/pdb_select_tRNA_NoCopie/3jce_6.pdb_new
-----------------------------------------------------------
CRITERIA USED TO GENERATE BASE-PAIR: 
  3.40 --> upper H-bond length limits (ON..ON).
 26.00 --> max. distance between paired base origins.
  2.50 --> max. vertical distance between paired base origins.
 65.00 --> max. angle between paired bases [0-90].
  5.40 --> min. distance between RN9/YN1 atoms.
  8.00 --> max. distance criterion for helix break[0-12]
-----------------------------------------------------------
BASE-PAIR INSTRUCTIONS: 
Column 1 is rnaview assigned base numbers n1_n2, start from 1.
Column 2 & 3 are chain ID & residue number in input PDB file.
Column 4 is for base pair. The left & right are the bases as 
         identified by column 2 & 3 and 5 & 6.
Column 5 & 6 are residue number & chain ID in input PDB file.
Column 7 is for base pair annotation. The standard Watson-Crick
         (W.C.) pairs are annotated as -/- (AU,AT) or +/+ (GC).
         Other pairs are annotated as Leontis_Westhof Classification.
         The three edges: W(Watson-Crick); H(Hoogsteen); S(suger).
         e.g. W/H means the pair is edge of Watson-Crick & Hoogsteen.
Column 8 is glycosidic bond orientation (either cis or trans).
         e.g. 'W/H cis' means the pair is interaction on Watson-Crick
         and Hoogsteen side, glycosidic bond orientation is 'cis'.
Column 9 corresponds to Saenger Classification.

Other columns: 
        Syn sugar-base conformations are annotated as (syn).
        Stacked base pairs are annotated as (stack).
        Non-identified edges are annotated as (.) or (?)
        Tertiary interactions are marked by (!) in the line.
Reference:
Yang et al (2003) Nucleic Acids Research, Vol31,No13,p3450-3461.
-----------------------------------------------------------
BEGIN_base-pair
     1_72, 6:     1 G-C    72 6: +/+ cis         XIX
     2_71, 6:     2 C-G    71 6: +/+ cis         XIX
     3_70, 6:     3 C-G    70 6: +/+ cis         XIX
     4_69, 6:     4 C-G    69 6: +/+ cis         XIX
     5_68, 6:     5 G-C    68 6: +/+ cis         XIX
     6_67, 6:     6 G-C    67 6: +/+ cis         XIX
     7_66, 6:     7 A-U    66 6: -/- cis         XX
     7_67, 6:     7 A-C    67 6:      stacked
     8_14, 6:     8 U-A    14 6: W/H tran        XXIV
     9_23, 6:     9 A-A    23 6: H/H tran   syn    II
    10_25, 6:    10 G-C    25 6: +/+ cis         XIX
    10_44, 6:    10 G-G    44 6: H/W cis      syn  VI
    11_24, 6:    11 C-G    24 6: +/+ cis         XIX
    12_13, 6:    12 U-C    13 6:      stacked
    12_23, 6:    12 U-A    23 6: W/W cis         n/a
    13_22, 6:    13 C-G    22 6: +/+ cis         XIX
    15_48, 6:    15 G-C    48 6: W/W tran        XXII
    16_59, 6:    16 U-U    59 6: W/W tran        XII,XIII
    18_55, 6:    18 G-U    55 6: W/S tran   syn    n/a
    19_56, 6:    19 G-C    56 6: W/W cis         n/a
    22_46, 6:    22 G-G    46 6: H/W tran        VII
    27_43, 6:    27 G-C    43 6: +/+ cis         XIX
    28_42, 6:    28 G-C    42 6: +/+ cis         XIX
    29_41, 6:    29 G-C    41 6: W/W cis         n/a
    30_40, 6:    30 G-C    40 6: +/+ cis         XIX
    31_39, 6:    31 A-U    39 6: -/- cis         XX
    49_65, 6:    49 C-G    65 6: +/+ cis         XIX
    50_64, 6:    50 U-A    64 6: -/- cis         XX
    51_52, 6:    51 U-G    52 6:      stacked
    51_63, 6:    51 U-G    63 6: W/W cis         XXVIII
    52_53, 6:    52 G-G    53 6:      stacked
    52_62, 6:    52 G-C    62 6: +/+ cis         XIX
    53_61, 6:    53 G-C    61 6: +/+ cis         XIX
    54_58, 6:    54 U-A    58 6: W/H tran     syn  XXIV
    66_67, 6:    66 U-C    67 6:      stacked
    25_44, 6:    25 C-G    44 6: W/H cis      syn  !1H(b_b)
    32_38, 6:    32 U-A    38 6: W/W cis         !1H(b_b)
     8_21, 6:     8 U-A    21 6: S/W tran        !(b_s)
     8_46, 6:     8 U-G    46 6: S/W cis         !(b_s)
     9_11, 6:     9 A-C    11 6: S/H cis    syn    !(b_s)
    58_60, 6:    58 A-U    60 6: S/S tran   syn    !(b_s)
END_base-pair

Summary of triplets and higher multiplets
BEGIN_multiplets
9_12_23_| [1 3]  6: 9 A  +  6: 12 U  +  6: 23 A
10_25_44_| [2 3]  6: 10 G  +  6: 25 C  +  6: 44 G
13_22_46_| [3 3]  6: 13 C  +  6: 22 G  +  6: 46 G
END_multiplets

  The total base pairs =  30 (from   76 bases)
------------------------------------------------
 Standard  WW--cis  WW-tran  HH--cis  HH-tran  SS--cis  SS-tran
       18        4        2        0        1        0        0
  WH--cis  WH-tran  WS--cis  WS-tran  HS--cis  HS-tran
        1        3        0        1        0        0
------------------------------------------------
