PDB data file name: tRNA_dataset/2zni_chain_D.pdb_new
-----------------------------------------------------------
CRITERIA USED TO GENERATE BASE-PAIR: 
  3.40 --> upper H-bond length limits (ON..ON).
 26.00 --> max. distance between paired base origins.
  2.50 --> max. vertical distance between paired base origins.
 65.00 --> max. angle between paired bases [0-90].
  5.40 --> min. distance between RN9/YN1 atoms.
  8.00 --> max. distance criterion for helix break[0-12]
-----------------------------------------------------------
BASE-PAIR INSTRUCTIONS: 
Column 1 is rnaview assigned base numbers n1_n2, start from 1.
Column 2 & 3 are chain ID & residue number in input PDB file.
Column 4 is for base pair. The left & right are the bases as 
         identified by column 2 & 3 and 5 & 6.
Column 5 & 6 are residue number & chain ID in input PDB file.
Column 7 is for base pair annotation. The standard Watson-Crick
         (W.C.) pairs are annotated as -/- (AU,AT) or +/+ (GC).
         Other pairs are annotated as Leontis_Westhof Classification.
         The three edges: W(Watson-Crick); H(Hoogsteen); S(suger).
         e.g. W/H means the pair is edge of Watson-Crick & Hoogsteen.
Column 8 is glycosidic bond orientation (either cis or trans).
         e.g. 'W/H cis' means the pair is interaction on Watson-Crick
         and Hoogsteen side, glycosidic bond orientation is 'cis'.
Column 9 corresponds to Saenger Classification.

Other columns: 
        Syn sugar-base conformations are annotated as (syn).
        Stacked base pairs are annotated as (stack).
        Non-identified edges are annotated as (.) or (?)
        Tertiary interactions are marked by (!) in the line.
Reference:
Yang et al (2003) Nucleic Acids Research, Vol31,No13,p3450-3461.
-----------------------------------------------------------
BEGIN_base-pair
    10_20, D:    11 A-U    23 D: -/- cis         XX
    24_40, D:    27 A-U    43 D: -/- cis         XX
    12_18, D:    13 C-G    21 D: +/+ cis         XIX
    23_41, D:    26 C-G    44 D: +/+ cis         XIX
    25_39, D:    28 C-G    42 D: +/+ cis         XIX
    46_60, D:    50 C-G    64 D: +/+ cis         XIX
     1_68, D:     1 G-C    72 D: +/+ cis         XIX
     2_67, D:     2 G-C    71 D: +/+ cis         XIX
     3_66, D:     3 G-C    70 D: +/+ cis         XIX
     4_65, D:     4 G-C    69 D: +/+ cis         XIX
     6_63, D:     6 G-C    67 D: +/+ cis         XIX
     9_21, D:    10 G-C    24 D: +/+ cis         XIX
    26_38, D:    29 G-C    41 D: +/+ cis         XIX
    47_59, D:    51 G-C    63 D: +/+ cis         XIX
    48_58, D:    52 G-C    62 D: +/+ cis         XIX
    49_57, D:    53 G-C    61 D: +/+ cis         XIX
     7_62, D:     7 U-A    66 D: -/- cis         XX
    11_19, D:    12 U-A    22 D: -/- cis         XX
    16_52, D:    19 U-A    56 D: -/- cis         XX
    22_42, D:    25 A-C    45 D: W/W cis         n/a
     5_64, D:     5 G-U    68 D: W/W cis         XXVIII
    27_37, D:    30 G-U    40 D: W/W cis         XXVIII
    45_61, D:    49 G-U    65 D: W/W cis         XXVIII
    13_55, D:    14 G-C    59 D: W/W tran        XXII
    50_54, D:    54 U-A    58 D: W/H tran        XXIV
    19_43, D:    22 A-A    46 D: H/W tran        V
    18_44, D:    21 G-G    47 D: H/W tran        VII
END_base-pair

Summary of triplets and higher multiplets
BEGIN_multiplets
11_19_43_| [1 3]  D: 12 U  +  D: 22 A  +  D: 46 A
12_18_44_| [2 3]  D: 13 C  +  D: 21 G  +  D: 47 G
END_multiplets

  The total base pairs =  27 (from   72 bases)
------------------------------------------------
 Standard  WW--cis  WW-tran  HH--cis  HH-tran  SS--cis  SS-tran
       19        4        1        0        0        0        0
  WH--cis  WH-tran  WS--cis  WS-tran  HS--cis  HS-tran
        0        3        0        0        0        0
------------------------------------------------
