The backbone torsional angle for nucleic acid 

 
Note: alpha:   O3'(i-1)-P-O5'-C5'
      beta:    P-O5'-C5'-C4'
      gamma:   O5'-C5'-C4'-C3'
      delta:   C5'-C4'-C3'-O3'
      epsilon: C4'-C3'-O3'-P(i+1)
      zeta:    C3'-O3'-P(i+1)-O5'(i+1)

      chi for pyrimidines(Y): O4'-C1'-N1-C2
          chi for purines(R): O4'-C1'-N9-C4

    (The number -9999.99 means that the angle can not be calculated) 

Ch Res  Num    alpha    beta     gamma    delta  epsilon    zeta     chi
D   G    1  -9999.99  -151.58    20.37    77.53  -155.52   -69.57  -171.10
D   G    2    -75.98   169.78    69.18    82.72  -146.37   -85.59  -168.24
D   G    3    -72.97   163.65    73.71    80.46  -144.92   -73.33  -174.56
D   G    4    -50.67   175.33    42.44    87.20  -170.78   -87.23  -160.23
D   G    5    154.57  -156.06   174.45    85.92  -126.72   -98.66   174.49
D   G    6    -41.79   150.61    44.16    80.05  -133.67   -87.32  -163.31
D   U    7    -56.56   163.82    69.73   131.68   -44.60   152.86  -160.00
D   G    9   -174.53    70.64   179.81   109.34  -136.94  -147.21  -147.79
D   G   10     63.63  -149.48    47.03    89.25  -158.17   -73.82  -163.58
D   A   11    -75.92   165.33    79.22    89.46  -151.71   -93.10  -170.31
D   U   12    -62.35   168.89    49.47    78.25  -172.51   -65.94  -164.85
D   C   13   -170.09  -179.11   148.04    90.93   -94.11  -108.51   175.50
D   G   14     84.11  -120.56  -152.14   108.83   -97.62   159.68   178.52
D   A   15    139.50  -113.75    63.52   112.87  -157.43   -43.56  -110.92
D   A   18    131.53    76.54    50.79   100.12   -67.63  -149.20  -156.06
D   U   19    -60.44   119.80    65.87    94.81   162.59   137.70  -148.79
D   A   20     48.34    76.04   145.55   109.36  -121.05    50.67   -37.26
D   G   21   -156.77   174.08  -163.97    97.31  -129.06   -93.68  -169.99
D   A   22    -46.64   146.07    45.91    82.67  -142.11   -83.87  -170.56
D   U   23    -53.19   176.30    41.23    89.96  -158.13   -74.85  -173.54
D   C   24    -76.03   175.78    51.00    72.56  -176.01   -64.09  -162.44
D   A   25   -153.88  -146.99   125.69    82.76  -134.92   -76.68  -177.10
D   C   26    -25.32   155.65    24.33    76.07  -168.46   -76.53  -155.53
D   A   27   -166.87  -160.94   126.09    83.25  -112.08  -102.07  -172.94
D   C   28    -46.98   154.54    42.19    79.96  -157.04   -71.32  -132.43
D   G   29    -81.04  -170.62    59.49    80.59  -158.06   -79.67  -154.02
D   G   30    -51.32   167.19    52.05    81.30  -139.49   -70.00  -169.94
D   A   31    -60.48   168.09    41.13    80.73   102.01    54.92  -164.53
D   C   32   -151.79  -164.72    50.94    89.45  -116.77   -74.26  -164.16
D   U   33    -74.79   153.99    49.05    76.45  -145.11   -35.09  -143.59
D   C   34    176.78   123.67    64.93    92.05  -134.83   -65.02  -170.41
D   U   35    -72.07   157.71    62.37    78.73  -150.33   -56.42  -149.05
D   A   36    -79.85   177.39    54.94    76.86  -159.10   -73.15  -151.39
D   A   37    -59.33   174.80    49.38    87.74  -136.17   -84.01  -143.18
D   A   38    -29.88   148.19    26.76    69.75  -147.53   -49.17  -164.61
D   U   39    -65.12   172.51    66.09    87.95  -160.17   -60.06  -157.25
D   U   40   -127.83  -178.44    90.02    78.50  -153.02   -80.33  -160.73
D   C   41    -54.74   168.97    41.51    82.24  -152.83   -72.38  -154.48
D   G   42    -61.28   178.06    48.38    80.07  -126.71   -92.17  -171.96
D   U   43    -49.99   137.88    62.34    78.80  -139.85   -85.67  -171.89
D   G   44    -37.26   159.06    38.80    70.98  -144.13   -60.66  -162.41
D   C   45    -53.79   178.49    40.56    77.22  -108.40  -123.76  -165.63
D   A   46    -12.39   149.31    53.53    81.45  -152.21  -113.92  -126.63
D   G   47    -41.83   138.69    63.22   107.45   179.11   140.88  -110.57
D   G   49     27.94  -166.68    12.18   112.49  -153.65   -80.15  -171.50
D   C   50    146.74  -164.13   156.47    65.92    85.69    67.45  -174.03
D   G   51     72.92  -171.69  -178.57    86.71  -123.24   -75.02   177.45
D   G   52    -82.13   150.94    71.76    76.21  -158.83   -74.37  -176.33
D   G   53    -67.43  -166.37    64.27    87.79  -143.07   -82.83  -162.81
D   U   54    -51.75   151.57    61.66    82.17  -113.52   -68.73  -157.35
D   G   55    -62.59   159.90    55.65    61.11  -142.55  -106.02    58.43
D   A   56    152.93  -149.25    66.03    84.16  -136.34   -81.10  -173.27
D   A   57    -54.89   161.96    51.88    84.66  -135.83  -112.73  -154.90
D   A   58     43.30   131.29    23.78    98.27  -174.75  -126.13  -102.76
D   C   59    151.07  -158.85    63.39    81.84  -146.64   -57.77  -164.29
D   U   60    -85.93   161.08    89.26   116.64   -81.43   -76.61  -135.32
D   C   61    -58.77  -178.38    26.20    86.24  -161.52   -66.68  -163.78
D   C   62    -91.35  -163.56    73.95    77.59  -139.31   -73.55  -163.35
D   C   63    -81.30   170.99    67.04    76.56  -133.54  -116.23  -159.76
D   G   64      9.72   108.93    40.27    71.23  -135.30   -84.93  -179.25
D   U   65    -76.40   162.50    61.55    90.76  -154.26   -79.68  -173.91
D   A   66    -58.80   177.22    39.97    81.44  -139.64   -87.18  -155.23
D   C   67    -34.04   152.87    33.54    78.65  -172.79   -49.60  -163.80
D   U   68   -110.01   177.90    85.68    81.08  -161.27   -74.19   178.04
D   C   69    -74.75  -178.65    61.36    84.36  -161.91   -71.35  -165.25
D   C   70    -71.16   175.30    63.73    85.81  -147.88   -69.05  -174.16
D   C   71    -88.80   158.94    82.86    75.32  -138.72   -99.70  -168.60
D   C   72    -48.99   164.23    43.56    80.61  -131.23   -79.58  -137.17
D   G   73    -62.50   171.99    49.19    84.51  -141.23   -95.60  -136.91
D   C   74    138.79  -100.51  -176.31    95.83   -85.74   -92.01  -157.12
D   C   75    139.11   -91.52  -174.21    91.47   -81.99   175.63  -163.39
D   A   76     79.62  -113.52    67.62    93.09 -9999.99 -9999.99  -129.54
