The backbone torsional angle for nucleic acid 

 
Note: alpha:   O3'(i-1)-P-O5'-C5'
      beta:    P-O5'-C5'-C4'
      gamma:   O5'-C5'-C4'-C3'
      delta:   C5'-C4'-C3'-O3'
      epsilon: C4'-C3'-O3'-P(i+1)
      zeta:    C3'-O3'-P(i+1)-O5'(i+1)

      chi for pyrimidines(Y): O4'-C1'-N1-C2
          chi for purines(R): O4'-C1'-N9-C4

    (The number -9999.99 means that the angle can not be calculated) 

Ch Res  Num    alpha    beta     gamma    delta  epsilon    zeta     chi
B   G    1  -9999.99   150.44   153.20    82.33  -169.61   -88.54  -171.65
B   C    2   -177.97  -135.32   145.69    80.27  -133.92   -73.18  -157.15
B   C    3    -69.24   167.91    59.77    80.62  -155.79   -69.95  -165.30
B   C    4    173.55  -171.75   152.77    77.46  -142.33   -79.26  -172.24
B   G    5    -59.27   179.22    53.54    80.81  -170.47   -89.52  -165.40
B   G    6   -175.46  -134.90   141.91    80.60  -127.90  -108.37  -156.83
B   A    7    -59.81   120.58   101.75   145.91  -126.02     2.52  -133.95
B   U    8   -112.35  -153.19    78.18    86.24   -82.95  -134.32  -151.79
B   A    9     39.82   176.41   -96.23   149.04   -73.64  -150.01   -71.65
B   G   10    136.94  -118.57    66.40    79.44  -162.51   -84.58   178.06
B   C   11   -126.29  -150.74   104.41    87.75  -147.47   -67.44  -145.52
B   U   12    -70.80   172.11    54.74    79.95  -153.22   -80.23  -155.59
B   C   13    142.03  -158.04  -173.23    78.17  -123.21   -60.36  -162.15
B   A   14    -95.54   104.20   162.00    78.84  -147.43   -14.64   167.97
B   G   15   -119.00  -145.52    39.49    77.07  -121.74   -20.14  -128.77
B   U   16   -112.48    77.92  -151.19    78.90  -147.91   173.62  -141.92
B   C   17      8.53   104.14   -69.57   146.49  -116.23  -139.20  -116.23
B   G   18     39.57   112.64   130.48    89.92  -129.77  -134.19  -160.21
B   G   19   -121.30  -133.68   136.16   152.55   -83.76   -77.30   -65.19
B   U   20   -143.25  -142.17   123.03    79.31  -177.51    28.33  -177.09
B   A   21   -146.92   104.91  -161.83    81.32  -156.93  -129.31  -173.30
B   G   22    -31.47   126.45    75.04    90.80  -146.13   -61.38   179.78
B   A   23    113.89   168.67  -162.17    81.63  -125.80   -86.37  -167.08
B   G   24    -61.74   150.80    63.62    76.53  -141.98   -69.25  -160.93
B   C   25    -72.18   170.60    63.62    77.08  -130.13   -90.55  -158.72
B   A   26    -59.06   151.16    66.09    83.32  -137.86   -68.26   178.83
B   G   27    -84.24   164.92    79.93    80.32  -139.97   -60.57   171.39
B   G   28    -74.99  -169.46    51.31    80.03  -148.33   -79.99  -149.70
B   G   29    -59.87   175.18    36.82    76.64  -160.98   -82.23  -162.06
B   G   30    124.47  -159.86  -149.74    85.18  -109.27   -97.70   170.06
B   A   31    -39.72   143.08    52.93    79.02  -142.03   -64.49  -173.35
B   U   32    -80.80  -177.37    60.62    80.65  -114.46   -77.34  -164.44
B   U   33    -56.49   170.97    41.10    80.03  -129.48   -64.21  -152.32
B   G   34    170.63   145.95    44.75    82.22  -137.33  -123.66   178.96
B   A   35     42.36   114.97     2.45    84.22  -168.84   -87.61  -164.92
B   A   36    152.75  -147.82   174.32    83.11  -156.84   -79.59   171.00
B   A   37   -174.83  -128.98   125.62    78.63  -125.29   -76.83  -179.54
B   A   38    -58.26   155.56    53.09    83.88  -150.51   -70.27  -164.74
B   U   39    -77.55   167.96    70.58    80.45  -152.43   -67.61  -167.85
B   C   40   -115.90  -155.66    74.70    81.84  -156.83   -83.18  -160.96
B   C   41    -58.49   166.72    61.02    77.99  -110.03   -27.24  -154.12
B   C   42   -107.93    79.95  -175.66    86.21  -121.75   -90.41  -175.64
B   C   43    132.37  -140.50  -162.44    79.19  -152.18   -59.41  -155.48
B   G   44    -78.83   169.89    57.70    75.86  -107.90  -107.72  -166.77
B   U   45    -59.60   140.84    57.71    83.14  -117.94  -134.00  -153.95
B   G   46    -40.51   110.69   103.70   150.91   -82.32   -38.90  -140.62
B   U   47    -87.76   153.45  -162.90   145.34  -153.96    51.54  -116.75
B   C   48   -179.40   179.76  -157.74   143.05  -150.36   107.56  -153.41
B   C   49     21.09  -177.31    63.27    81.01  -145.10   -68.17  -157.32
B   U   50    -69.41   178.71    54.32    82.45  -129.79   -83.00  -170.44
B   U   51    -54.51   163.75    45.26    81.25  -154.58   -75.87  -161.32
B   G   52    -72.65   161.80    79.21    85.69  -170.57   -88.66  -160.58
B   G   53    167.06  -151.33   151.15    82.78  -148.45   -55.87  -179.97
B   U   54    -85.64   179.55    65.36    79.74  -118.25   -72.23  -160.95
B   U   55    -73.63   177.62    49.25    79.85  -141.23   -56.77  -150.45
B   C   56   -135.29   140.93    23.81    81.36  -151.08   -58.43  -160.47
B   G   57    -93.51   164.06    76.15    82.05  -148.40   -66.40  -167.42
B   A   58    -90.44  -121.07    80.24   148.61  -133.58   175.32   -75.29
B   U   59     58.81  -131.94   104.07    84.61   -89.08  -121.10  -164.16
B   U   60    -75.85   115.68    89.37   149.62   -96.30   -47.06  -114.31
B   C   61    -78.76   172.78    24.14    79.90  -162.92   -80.79  -148.82
B   C   62   -177.13  -157.31   140.25    84.65  -133.93   -90.53  -170.83
B   G   63    -40.27   159.21    35.00    77.34  -140.66   -80.15  -166.96
B   A   64    -59.95   161.02    56.09    77.81  -103.62  -148.48  -167.32
B   G   65     96.33   -89.56  -178.21    81.54  -143.11   -69.60   175.06
B   U   66    -79.21  -155.33    49.05    81.77  -126.57   -52.60  -162.86
B   C   67   -103.91   137.71   133.53    78.04  -152.10   -93.89  -159.66
B   C   68    148.12  -138.76   169.22    79.18  -116.25   -74.05  -168.14
B   G   69    -80.69   169.30    55.65    71.68  -170.79   -91.52  -153.72
B   G   70    139.98  -140.06  -160.28    87.15  -116.39   -70.29   167.54
B   G   71    -78.72   174.28    42.73    79.33  -144.94   -75.56  -167.00
B   C   72    -62.11   168.22    58.82    72.88  -146.44   -67.58  -159.09
B   A   73    -70.27  -167.71    63.73    79.10  -118.60   125.63  -158.28
B   C   74   -109.80   161.51    43.64    83.21  -154.12   -73.70  -161.68
B   C   75    -81.17  -161.86    54.95    81.11  -102.99  -127.06  -155.06
B   A   76     88.36  -103.15  -141.31   148.21 -9999.99 -9999.99  -130.00
