PDB data file name: ./Datasets/pdb_select_tRNA_NoCopie/6olz_B.pdb_new
-----------------------------------------------------------
CRITERIA USED TO GENERATE BASE-PAIR: 
  3.40 --> upper H-bond length limits (ON..ON).
 26.00 --> max. distance between paired base origins.
  2.50 --> max. vertical distance between paired base origins.
 65.00 --> max. angle between paired bases [0-90].
  5.40 --> min. distance between RN9/YN1 atoms.
  8.00 --> max. distance criterion for helix break[0-12]
-----------------------------------------------------------
BASE-PAIR INSTRUCTIONS: 
Column 1 is rnaview assigned base numbers n1_n2, start from 1.
Column 2 & 3 are chain ID & residue number in input PDB file.
Column 4 is for base pair. The left & right are the bases as 
         identified by column 2 & 3 and 5 & 6.
Column 5 & 6 are residue number & chain ID in input PDB file.
Column 7 is for base pair annotation. The standard Watson-Crick
         (W.C.) pairs are annotated as -/- (AU,AT) or +/+ (GC).
         Other pairs are annotated as Leontis_Westhof Classification.
         The three edges: W(Watson-Crick); H(Hoogsteen); S(suger).
         e.g. W/H means the pair is edge of Watson-Crick & Hoogsteen.
Column 8 is glycosidic bond orientation (either cis or trans).
         e.g. 'W/H cis' means the pair is interaction on Watson-Crick
         and Hoogsteen side, glycosidic bond orientation is 'cis'.
Column 9 corresponds to Saenger Classification.

Other columns: 
        Syn sugar-base conformations are annotated as (syn).
        Stacked base pairs are annotated as (stack).
        Non-identified edges are annotated as (.) or (?)
        Tertiary interactions are marked by (!) in the line.
Reference:
Yang et al (2003) Nucleic Acids Research, Vol31,No13,p3450-3461.
-----------------------------------------------------------
BEGIN_base-pair
     1_72, B:     1 G-C    72 B: +/+ cis         XIX
     2_71, B:     2 C-G    71 B: +/+ cis         XIX
     2_72, B:     2 C-C    72 B: W/W cis         n/a
     3_70, B:     3 C-G    70 B: +/+ cis         XIX
     4_69, B:     4 C-G    69 B: +/+ cis         XIX
     5_68, B:     5 G-C    68 B: +/+ cis         XIX
      6_7, B:     6 G-A     7 B:      stacked
     6_67, B:     6 G-C    67 B: +/+ cis         XIX
     7_66, B:     7 A-U    66 B: W/W cis         n/a
     8_14, B:     8 U-A    14 B: W/H tran        XXIV
     9_22, B:     9 A-G    22 B: H/H tran   syn    n/a
    10_11, B:    10 G-C    11 B:      stacked
    10_25, B:    10 G-C    25 B: +/+ cis         XIX
    11_24, B:    11 C-G    24 B: +/+ cis         XIX
    12_23, B:    12 U-A    23 B: -/- cis         XX
    13_22, B:    13 C-G    22 B: +/+ cis         XIX
    15_48, B:    15 G-C    48 B: W/W tran        XXII
    18_55, B:    18 G-U    55 B: W/S tran        n/a
    19_56, B:    19 G-C    56 B: +/+ cis    syn    XIX
    22_46, B:    22 G-G    46 B: H/W tran        VII
    23_24, B:    23 A-G    24 B:      stacked
    26_44, B:    26 A-G    44 B: W/W cis         VIII
    27_43, B:    27 G-C    43 B: +/+ cis         XIX
    28_42, B:    28 G-C    42 B: +/+ cis         XIX
    29_41, B:    29 G-C    41 B: +/+ cis         XIX
    29_42, B:    29 G-C    42 B:      stacked
    30_40, B:    30 G-C    40 B: +/+ cis         XIX
    30_41, B:    30 G-C    41 B:      stacked
    31_39, B:    31 A-U    39 B: -/- cis         XX
    31_40, B:    31 A-C    40 B:      stacked
    32_38, B:    32 U-A    38 B: -/- cis         XX
    49_65, B:    49 C-G    65 B: +/+ cis         XIX
    50_64, B:    50 U-A    64 B: -/- cis         XX
    51_63, B:    51 U-G    63 B: W/W cis         XXVIII
    52_62, B:    52 G-C    62 B: +/+ cis         XIX
    53_61, B:    53 G-C    61 B: +/+ cis         XIX
    53_62, B:    53 G-C    62 B:      stacked
    54_58, B:    54 U-A    58 B:   syn  stacked
    59_60, B:    59 U-U    60 B:      stacked
    75_76, B:    75 C-A    76 B:      stacked
     5_67, B:     5 G-C    67 B: W/W cis         !1H(b_b)
    14_21, B:    14 A-A    21 B: W/S tran        !1H(b_b).
    15_20, B:    15 G-U    20 B: W/W cis         !1H(b_b)
    20_48, B:    20 U-C    48 B: W/W tran        !1H(b_b)
    54_61, B:    54 U-C    61 B: S/W cis         !1H(b_b)
     8_21, B:     8 U-A    21 B: S/W tran        !(b_s)
    16_59, B:    16 U-U    59 B: W/S tran        !(b_s)
    33_36, B:    33 U-A    36 B: W/H tran        !(s_s)
    47_48, B:    47 U-C    48 B: S/? tran        !(s_s)
    55_57, B:    55 U-G    57 B: S/H tran        !(s_s)
    58_60, B:    58 A-U    60 B: S/S tran   syn    !(s_s)
    73_74, B:    73 A-C    74 B: S/S tran        !(s_s)
END_base-pair

Summary of triplets and higher multiplets
BEGIN_multiplets
9_13_22_| [1 3]  B: 9 A  +  B: 13 C  +  B: 22 G
13_22_46_| [2 3]  B: 13 C  +  B: 22 G  +  B: 46 G
END_multiplets

  The total base pairs =  30 (from   76 bases)
------------------------------------------------
 Standard  WW--cis  WW-tran  HH--cis  HH-tran  SS--cis  SS-tran
       21        4        1        0        1        0        0
  WH--cis  WH-tran  WS--cis  WS-tran  HS--cis  HS-tran
        0        2        0        1        0        0
------------------------------------------------
