The backbone torsional angle for nucleic acid 

 
Note: alpha:   O3'(i-1)-P-O5'-C5'
      beta:    P-O5'-C5'-C4'
      gamma:   O5'-C5'-C4'-C3'
      delta:   C5'-C4'-C3'-O3'
      epsilon: C4'-C3'-O3'-P(i+1)
      zeta:    C3'-O3'-P(i+1)-O5'(i+1)

      chi for pyrimidines(Y): O4'-C1'-N1-C2
          chi for purines(R): O4'-C1'-N9-C4

    (The number -9999.99 means that the angle can not be calculated) 

Ch Res  Num    alpha    beta     gamma    delta  epsilon    zeta     chi
2   C    1  -9999.99 -9999.99   165.18    95.98  -128.24   -56.78   166.52
2   G    2    -74.51  -169.16    53.80    88.62  -169.52   -67.21   175.68
2   C    3   -154.47  -136.97   111.81    82.64  -154.67   -55.63  -164.56
2   G    4    -80.37  -155.37    55.08   132.32  -173.14   -97.51  -118.03
2   G    5   -127.56   158.51   120.21    81.71  -159.33   -67.42  -170.52
2   G    6    -90.67   177.93    74.52    86.75  -173.49   -83.62  -150.19
2   G    7    123.68  -170.30  -144.26   142.85   -82.89   -42.62  -145.25
2   U    8    -76.17  -156.05    66.47    81.42  -110.86  -144.56  -145.53
2   G    9     58.28  -163.14   -90.24   136.75   -92.16   -80.74   -94.25
2   G   10   -161.59   175.48    62.11    87.25  -130.72   -80.09   154.62
2   A   11   -130.96  -164.28    90.51    77.77  -160.53   -70.39  -167.62
2   G   12    -77.32   176.61    69.96    84.07  -158.23   -19.14  -166.54
2   C   13   -166.71   122.81   156.67    83.28  -156.92   -52.79  -174.98
2   A   14    177.97   151.80   178.21    87.42  -129.69   -66.19   178.18
2   G   15    121.65  -166.98  -160.75    98.17    44.83   160.31  -172.72
2   C   16     70.65  -158.39   177.85    94.42 -9999.99 -9999.99   -46.35
2   G   18  -9999.99   129.48   -71.14   130.02  -130.25   -68.18  -169.12
2   G   19    166.06   171.33   167.28   152.40   -79.37   -44.05  -110.78
2   U   20    100.53  -156.41  -128.46    87.36  -112.16   -39.74  -129.70
2   A   21   -125.49   162.56   171.14    88.18  -120.45  -156.88  -166.24
2   G   22    -54.89   136.09    45.16    74.70  -154.23   -68.76  -174.48
2   C   23    -68.61   174.00    64.27    76.85  -127.67   -85.72  -164.47
2   U   24    -65.92   152.17    62.97    70.70  -136.91   -75.36  -169.36
2   C   25    -67.68   154.63    76.47    77.08  -127.40   -63.18  -178.70
2   G   26   -102.14   153.08    97.99    79.08  -140.45   -70.75   173.48
2   U   27    -67.21  -177.78    59.83    86.08  -154.40   -56.70  -172.62
2   C   28    -96.32  -178.30    73.01    79.02  -158.70   -64.63  -166.83
2   G   29    -85.73  -173.59    61.59    78.41  -162.25   -54.95  -161.68
2   G   30    172.17   172.32   163.96    79.66  -150.79   -59.43  -170.85
2   G   31    178.57   163.89   167.64    91.33  -144.19   -55.06  -178.50
2   C   32    -88.28  -175.18    67.57    83.67  -151.10   -36.04  -167.94
2   U   33   -107.93  -171.20    67.33    69.15  -131.44   -60.77  -158.22
2   C   34    162.67   160.30    56.94   130.85  -150.55   -78.21  -166.03
2   A   35    123.59   179.85   178.56    88.83  -133.36   -92.30  -151.39
2   U   36    -73.16   150.58    77.93    83.14  -155.39   -52.99  -155.45
2   A   37    121.30  -174.62  -163.90    82.02  -127.92   -54.37  -170.29
2   A   38   -105.88   162.28   101.58    76.97  -142.02   -46.28   174.52
2   C   39   -145.89  -167.45   111.10    79.19  -156.66   -66.83   179.67
2   C   40    -85.09  -162.53    55.16    77.28  -158.02   -64.01  -165.10
2   C   41    -81.51   176.04    71.99    74.60  -146.07   -68.84  -167.27
2   G   42    -98.12   160.23    95.86    81.26  -155.35   -64.59  -175.29
2   A   43    -88.98   170.39    91.76    92.68  -163.60   -69.29  -167.74
2   A   44   -121.20  -174.68    93.64    89.23  -164.79   -53.65  -154.60
2   G   45   -139.00  -179.41   107.72    81.61  -169.67   -84.65  -151.33
2   G   46   -128.11  -111.34    95.25    76.63  -166.45  -151.87  -117.64
2   U   47    -87.59   -94.22   -70.85    89.97  -132.33    69.51  -170.38
2   C   48    -96.75  -136.47    96.12   130.71  -152.87   117.84  -144.02
2   G   49    -24.45  -141.00    87.25    79.63  -146.00   -96.19  -176.01
2   U   50    149.46  -117.41   175.57    82.91  -114.96   -88.16   166.09
2   C   51   -105.73   147.54    88.64    83.11  -134.93   -93.87  -171.21
2   G   52     42.80   151.51   -38.00   147.36   178.85  -102.70  -102.97
2   G   53    -60.06   170.27    46.45    75.20  -163.48   -69.52  -154.94
2 5MU   54    -80.53   163.42    79.85    86.72  -142.22   -61.24  -142.55
2   U   55    -81.38   168.90    59.77    70.82  -130.79   -51.76  -148.12
2   C   56    169.19   137.82    61.63    93.64  -149.85   -54.14   167.09
2   A   57   -139.98  -157.53    89.27    82.71  -161.32   -78.57  -155.14
2   A   58    -87.57  -143.81    87.87   135.44  -103.81  -179.38   -89.60
2   A   59     82.97  -151.65    90.41    78.33  -141.05   -48.48  -171.81
2   U   60    -92.06   173.12    88.14   124.28  -100.92   -59.62  -149.92
2   C   61    -93.98  -168.92    35.97    77.44  -144.08   -79.87  -168.08
2   C   62    -61.14   168.10    62.43    84.20  -107.90  -108.68  -168.33
2   G   63     77.66  -120.92  -142.51    89.55  -124.64   -78.75   178.78
2   G   64    -65.97   160.09    60.55    74.93  -152.70   -65.61  -176.21
2   C   65    164.13   177.39   165.01    90.92  -129.73   -86.39   176.81
2   C   66    -60.43   168.08    46.96    82.08   -96.03  -118.27  -169.29
2   C   67     87.99  -102.91  -150.42    89.71  -105.23  -101.60   175.81
2   C   68    -59.13   144.56    54.07    79.69  -133.81   -72.33  -169.61
2   C   69    -74.99   156.01    77.57    76.87  -126.15   -46.37  -173.64
2   G   70   -123.60    88.16   158.17   102.67  -121.05   -67.51   174.64
2   C   71    -61.75   164.74    48.62    79.90  -139.74   -91.26  -160.10
2   A   72     86.73  -146.71  -134.57    90.28  -141.64   -80.68  -161.77
2   A   73    149.71  -152.71   163.91    84.81  -132.24   127.38  -178.84
2   C   74    -68.52   127.28    45.64    78.15  -140.39   -84.54  -173.53
2   C   75    -63.51  -164.74    30.00    88.69   -98.01   -53.35  -136.40
2   A   76    -96.56    78.31   163.12    85.91 -9999.99 -9999.99  -131.13
