The backbone torsional angle for nucleic acid 

 
Note: alpha:   O3'(i-1)-P-O5'-C5'
      beta:    P-O5'-C5'-C4'
      gamma:   O5'-C5'-C4'-C3'
      delta:   C5'-C4'-C3'-O3'
      epsilon: C4'-C3'-O3'-P(i+1)
      zeta:    C3'-O3'-P(i+1)-O5'(i+1)

      chi for pyrimidines(Y): O4'-C1'-N1-C2
          chi for purines(R): O4'-C1'-N9-C4

    (The number -9999.99 means that the angle can not be calculated) 

Ch Res  Num    alpha    beta     gamma    delta  epsilon    zeta     chi
A   G    1  -9999.99 -9999.99    52.77    84.24  -154.75   -68.82  -165.75
A   G    2    -65.88   179.24    53.56    81.30  -154.08   -71.83  -159.34
A   G    3    -67.56   175.22    54.66    80.17  -157.03   -72.76  -157.99
A   U    4    -66.60   172.79    56.85    81.39  -156.82   -69.90  -156.02
A   G    5    -66.94   177.22    54.07    82.07  -153.36   -68.59  -158.09
A   A    6    -65.10   172.86    56.34    81.20  -157.28   -70.61  -158.97
A   U    7    -60.00  -173.31    57.19   140.77   -79.11  -108.71  -125.15
A   U    8   -127.20  -153.60   121.47    83.46  -152.12  -118.32  -162.71
A   A    9    -63.21  -145.04    56.32   145.18   -94.42   -94.03   -72.20
A   G   10   -176.07   172.00    49.86    91.72  -142.01   -73.32  -176.35
A   C   11    -68.96  -178.32    49.32    84.85  -147.34   -71.16  -157.21
A   U   12    -66.47   174.67    51.87    80.08  -161.75   -71.58  -155.30
A   C   13    146.17  -164.75  -177.75    84.69  -159.95   -71.03  -168.68
A   A   14    -61.81  -173.70    51.96    77.26  -154.39   -57.15  -161.33
A   G   15    -66.37   173.85    55.53    82.75  -171.45  -135.43  -159.52
A   C   16    137.97   174.83  -173.77   142.35  -156.10  -146.67  -146.52
A   U   17    156.48    61.38   -95.42    85.12  -178.56    54.44    40.20
A   G   18    112.54   173.99    46.92   142.58   -92.59  -179.41  -104.63
A   G   19    -66.62   153.49    53.29   144.17  -150.97  -173.00  -106.72
A   G   20   -122.02    80.13   174.72    83.32   170.41  -155.90  -140.71
A   A   21   -169.64   175.98  -160.48    84.47   178.28   -87.52  -153.31
A   G   22    157.87   173.69   178.70    87.74  -150.75   -78.41  -176.36
A   A   23    -66.12  -175.67    52.14    84.44  -151.61   -69.24  -158.72
A   G   24    -67.97   177.97    51.85    83.20  -151.07   -66.88  -157.22
A   C   25    -67.61   173.76    54.99    82.02  -152.09   -64.13  -157.18
A   A   26    -67.71   175.43    53.59    84.10  -147.42   -67.72  -157.85
A   C   27    -68.68  -179.98    51.91    83.11  -151.57   -70.79  -159.36
A   C   28    -70.43   179.15    52.68    82.86  -155.61   -68.19  -156.54
A   U   29    -67.38   174.00    56.17    81.40  -159.34   -70.79  -157.20
A   C   30    -65.88   175.35    56.17    82.78  -151.50   -64.24  -155.43
A   C   31    -69.04   178.64    52.07    80.46  -145.17   -61.21  -155.30
A   C   32    -67.38   173.89    52.07    82.59  -143.85   -68.83  -156.27
A   U   33    -70.63  -176.31    50.53    82.93  -141.82   -68.81  -156.45
A   U   34    160.17   172.91    52.32    86.19  -145.90   -65.78  -161.36
A   A   35    -66.06   173.70    51.96    83.11  -157.00   -67.39  -157.09
A   C   36    147.09  -170.48   176.46    85.64  -145.91   -69.29  -162.87
A   A   37    -68.30   172.83    52.03    82.06  -146.50   -64.17  -156.17
A   A   38    -68.77   179.51    50.11    87.05  -147.05   -65.57  -158.61
A   G   39    -65.64   178.45    52.06    85.08  -147.87   -68.98  -161.84
A   G   40    -67.85   175.85    53.22    81.08  -157.07   -70.50  -161.49
A   A   41    -67.86   178.06    53.08    80.67  -154.87   -68.52  -156.45
A   G   42    -65.24   167.33    60.53    79.20  -160.01   -70.05  -171.52
A   G   43    -65.38   178.78    55.04    81.64  -157.50   -71.16  -159.24
A   G   44    -64.35   173.50    56.09    81.81  -145.51   -60.88  -155.21
A   G   45    -66.43   179.60    51.87    85.64  -146.15   -72.17  -154.34
A   G   46    -67.79  -124.13    50.44   141.94  -171.47  -111.36   -58.86
A   U   47    136.21   146.30    71.43   150.83  -134.45   -70.76  -177.85
A   C   48    -87.63   172.36   162.26   142.56  -149.95    88.65  -149.23
A   G   49     19.32  -172.02    63.69    81.04  -155.17   -72.79  -165.13
A   G   50    -67.68  -179.94    53.14    80.83  -154.30   -68.09  -160.63
A   C   51    -68.42   175.73    53.83    80.65  -155.31   -69.85  -155.80
A   G   52    -68.17   175.83    54.26    80.20  -157.28   -67.42  -160.62
A   G   53    -65.67   175.43    56.77    80.61  -153.88   -64.70  -163.22
A   U   54    -68.35   179.47    52.08    81.61  -138.69   -64.29  -154.16
A   U   55    -66.95   170.12    52.35    83.03  -134.17   -72.42  -156.02
A   C   56    162.30   172.77    52.56    85.01  -144.67   -65.13  -158.70
A   G   57    -66.45   173.13    52.70    82.81  -146.61   -68.21  -158.18
A   A   58    -59.12  -161.37    76.65   139.05  -162.28  -123.29  -106.25
A   U   59    138.93   169.62    63.44   156.90  -144.42  -137.62  -167.30
A   C   60   -152.29  -118.05    66.96   138.51   -72.78  -103.00  -136.93
A   C   61    -87.98  -169.51    39.49    83.38  -149.89   -71.73  -168.31
A   C   62    -68.85  -179.31    51.45    82.00  -152.81   -69.46  -156.96
A   G   63    -68.22   175.50    53.40    78.54  -154.43   -67.69  -157.54
A   U   64    -67.60   174.14    53.50    82.00  -158.61   -75.40  -156.23
A   C   65    -67.71   174.69    54.74    80.05  -157.33   -68.39  -154.49
A   A   66    -67.83   179.56    53.06    81.28  -150.67   -69.99  -158.51
A   U   67    -68.35   173.64    53.21    81.41  -154.63   -73.12  -154.66
A   C   68    -67.89   175.74    53.35    81.43  -153.33   -69.84  -153.92
A   A   69    -67.19   174.30    53.80    79.26  -158.20   -75.47  -156.96
A   C   70    -67.97   174.19    55.26    81.11  -157.12   -70.26  -153.21
A   C   71    -66.37   174.40    55.25    81.47  -155.78   -69.94  -155.22
A   C   72    -66.76   175.78    55.18    80.93  -156.93   -67.91  -156.60
A   A   73    -65.96   179.38    53.18    83.36  -166.90    73.61  -142.33
A   C   74   -172.05  -161.58  -177.51    85.60   177.76  -174.64  -172.85
A   C   75    -35.35   174.92    64.05    85.58   177.91  -103.74  -152.88
A   A   76   -103.44  -171.17   -66.26   150.27 -9999.99 -9999.99  -150.12
