The backbone torsional angle for nucleic acid 

 
Note: alpha:   O3'(i-1)-P-O5'-C5'
      beta:    P-O5'-C5'-C4'
      gamma:   O5'-C5'-C4'-C3'
      delta:   C5'-C4'-C3'-O3'
      epsilon: C4'-C3'-O3'-P(i+1)
      zeta:    C3'-O3'-P(i+1)-O5'(i+1)

      chi for pyrimidines(Y): O4'-C1'-N1-C2
          chi for purines(R): O4'-C1'-N9-C4

    (The number -9999.99 means that the angle can not be calculated) 

Ch Res  Num    alpha    beta     gamma    delta  epsilon    zeta     chi
C   U    1  -9999.99  -177.25    49.67    85.66   -98.50   175.47  -165.97
C   G    2   -116.85  -168.06    84.66   142.10  -156.13   -66.55   162.43
C   G    3    166.60   169.67   141.33    86.58  -157.47   -79.58  -165.63
C   G    4    152.71  -162.36   167.93    84.63  -125.73   -81.22   175.67
C   A    5    -51.05   167.97    49.71    81.78  -153.66   -67.54  -157.65
C   G    6    -52.43   170.24    54.14    78.05   175.12   -75.79  -156.53
C   G    7    179.17  -162.64   174.96   144.88   -92.32   -51.60  -153.09
C   U    8    -50.69  -152.51    54.43    83.16  -134.63   -72.60  -162.88
C   C    9   -151.07    86.13  -170.82   144.56   -88.42   -51.95  -122.55
C   G   10    176.82  -170.71    56.19    88.56  -145.45   -75.25  -174.84
C   U   11    -68.21   175.34    54.81    84.69  -149.36   -66.45  -170.89
C   C   12    -76.98  -165.81    48.11    81.02  -174.24   -38.95  -150.36
C   U   13    -79.93  -165.29    47.97    82.45   176.76   -65.30  -146.32
C   A   14    161.29  -178.83   177.31    81.77  -142.41   -56.71   173.13
C   A   15    -82.20  -162.71    46.73    83.02  -172.74  -171.92  -152.45
C   C   16   -100.14  -119.85    38.51   144.74  -149.54   -54.51  -125.29
C   G   18   -147.13  -173.50   -61.14   146.00  -122.44  -139.60  -111.86
C   G   19    -81.27  -168.23    61.52   145.40   -80.31   172.79   -77.31
C   U   20    -89.85  -142.38    52.93   144.86  -119.51   -36.57   174.25
C   A   21    -92.32  -166.81   165.50    86.64  -125.03   -88.57  -149.61
C   G   22   -142.91   117.91   119.75    78.38  -156.24   -62.25  -168.80
C   G   23    -65.29  -172.28    49.70    80.96  -151.26   -72.57  -153.13
C   A   24    -68.75   167.54    56.03    84.73  -122.96   -81.90  -174.74
C   C   25    -67.35   164.37    56.82    82.06  -148.61   -61.83  -159.50
C   G   26    -58.03   167.71    55.86    84.86  -146.18   -68.36  -161.05
C   G   27    -89.91  -172.54    57.35    85.84  -152.81   -67.72  -164.28
C   C   28    -73.39   177.39    56.79    80.56  -140.87   -65.22  -161.12
C   G   29    -67.51   169.95    51.79    80.66  -148.62   -89.96  -165.92
C   G   30    -43.35   154.79    56.55    82.27  -152.66  -100.74  -179.32
C   A   31    153.64  -143.89   177.65    83.09  -110.54   -59.13  -165.46
C   C   32    -95.50   116.33   133.91    83.08  -147.30    13.98   169.15
C   U   33    124.20  -116.94   159.66    87.03   -87.33   104.09  -165.03
C   C   34    144.54  -140.51    86.65    81.69  -169.43   -88.31  -130.60
C   U   35    158.29  -168.90    49.81   145.14  -149.27   -73.71  -155.02
C   U   36    104.32  -160.70   -80.62   141.64   -89.11   -93.89  -144.15
C   G   37    111.11   161.60    24.35   144.91   -82.71   -62.28  -121.40
C   A   38    -55.07  -156.74    50.09    84.75  -150.45   -67.16  -168.08
C   U   39    -60.02   170.63    56.92    83.03  -158.26   -66.82  -166.64
C   C   40   -153.68  -178.92   141.28    79.79  -133.19   -74.85   176.15
C   C   41    -33.95   173.64    25.46    81.37  -168.52   -98.94  -154.67
C   G   42    157.27  -142.18   171.87    83.49  -134.94   -67.73  -177.43
C   C   43    -64.79  -179.90    49.47    83.29  -160.41   -61.15  -167.70
C   U   44    -68.53  -170.95    55.51    87.26  -131.51   -74.95  -143.64
C   G   45    -60.05   160.80    53.31    84.27  -148.62   -94.19  -134.84
C   G   46    -52.63  -175.09    53.25    80.14  -160.49   -64.88  -118.81
C   U   48   -118.78   135.82   172.05   144.14  -147.52   103.45  -128.50
C   G   49    -32.29  -139.11    82.32    87.03  -146.40   -63.74  -173.08
C   G   50    -65.52  -173.24    48.85    80.58  -165.87   -77.45  -159.39
C   A   51    159.96  -166.70   173.06    86.29  -107.40  -101.06  -167.40
C   G   52     95.44  -127.07  -152.02    84.08  -112.95   -80.53   171.56
C   G   53    -56.15   160.49    56.79    77.26  -155.72   -72.01  -167.11
C   U   54    -58.20   175.54    48.12    80.79  -133.57   -67.43  -164.82
C   U   55    -66.74   172.20    50.17    84.18  -125.41   -88.78  -148.95
C   C   56    173.66  -178.77    48.70    84.02  -150.30   -85.35  -158.16
C   G   57    152.85  -149.93   172.51    84.82  -132.78   -54.49  -171.81
C   A   58    -69.43  -123.82    52.18   148.19   -61.13   163.93   -85.08
C   G   59     74.17  -154.75    58.38    86.33  -146.42   -65.21  -163.10
C   U   60    -45.99   171.40    55.19   143.54  -132.75   -50.25  -130.86
C   C   61   -122.60  -150.74    49.77    82.92  -157.55   -70.38  -166.84
C   C   62    -80.83  -161.97    50.06    84.15  -158.91   -71.76  -165.63
C   U   63    -66.37  -174.98    47.28    82.47  -154.16   -71.77  -155.55
C   C   64    -56.97   166.92    51.17    81.63  -158.40   -66.01  -161.88
C   C   65    -69.73  -178.67    51.29    82.08  -156.20   -66.99  -160.47
C   C   66    -59.98   175.96    51.71    83.20  -156.29   -70.37  -162.20
C   C   67    -63.26   169.86    52.84    83.28  -157.04   -70.99  -157.72
C   U   68    -70.08   179.72    54.89    81.92  -154.46   -77.87  -165.70
C   C   69    -65.75   173.49    52.18    81.49  -158.13   -70.46  -155.83
C   C   70    -64.61   172.29    54.46    84.33  -141.29   -76.25  -169.03
C   C   71    -76.74  -178.83    57.76    81.75  -141.63  -123.53  -162.64
C   A   72     76.99    66.90  -120.26   142.18   178.40   -91.80  -126.64
C   G   73    -84.82   161.60   175.32    84.63 -9999.99 -9999.99    33.64
