The backbone torsional angle for nucleic acid 

 
Note: alpha:   O3'(i-1)-P-O5'-C5'
      beta:    P-O5'-C5'-C4'
      gamma:   O5'-C5'-C4'-C3'
      delta:   C5'-C4'-C3'-O3'
      epsilon: C4'-C3'-O3'-P(i+1)
      zeta:    C3'-O3'-P(i+1)-O5'(i+1)

      chi for pyrimidines(Y): O4'-C1'-N1-C2
          chi for purines(R): O4'-C1'-N9-C4

    (The number -9999.99 means that the angle can not be calculated) 

Ch Res  Num    alpha    beta     gamma    delta  epsilon    zeta     chi
C   G  901  -9999.99   168.55    51.18    80.77  -133.16   -92.89   166.14
C   C  902    -81.99  -178.11    59.84    90.10  -142.76   -83.31   159.28
C   C  903    -86.29  -175.75    64.46    82.23  -149.73   -67.22  -156.54
C   A  904    -67.91   169.34    62.77    81.44  -154.48   -89.44  -164.60
C   G  905    -64.95   164.63    58.55    80.61   178.02    34.06  -168.92
C   G  906   -164.91    95.77   167.33    83.24  -150.65  -111.62   168.98
C   G  907    172.91  -132.33   151.90    95.25   -18.90  -156.65   170.64
C   U  908     45.54   113.58    46.11    87.75   -69.21  -167.53   179.80
C   G  909     77.14  -132.56   174.72    92.59    -9.65  -150.70  -142.56
C   G  910    113.95  -136.64    86.65    86.96  -141.99   -74.88   177.04
C   C  911    -76.04   179.76    56.07    83.52  -142.71   -71.85  -148.13
C   A  912    -50.15   164.15    49.79    80.26  -150.94   -65.09  -170.22
C   G  913    -63.17   175.27    49.21    84.80  -149.53  -122.42  -153.17
C   A  914    108.53  -137.52  -164.74    85.12  -127.21   -81.93  -172.62
C   G  915    -22.74   140.13    54.79    86.63  -137.84   -88.88  -137.29
C   G  916    -58.29   155.26    52.02    87.68  -169.85   -99.13  -136.86
C   G  917    -63.53   154.14   172.84    76.65    79.67    65.78  -149.18
C   G  918   -162.53  -129.23    64.73    94.45    56.33   140.12   -84.49
C   C  919    -93.47   135.36    31.42    81.40  -145.80   -61.40  -153.88
C   U  920    147.13  -168.62   173.80    84.87   -87.32  -125.97  -155.90
C   U  921    -58.17    83.36  -178.54    77.44  -123.56   -44.85   176.91
C   U  922    -93.07   177.56    60.97    83.54  -163.36   -75.18  -138.25
C   G  923    -73.04  -175.22    52.86    83.53  -155.31   -71.98  -163.71
C   C  924    -53.44   169.04    52.54    81.72  -141.46   -57.70  -166.93
C   G  925    -63.58   172.70    49.40    80.86  -147.99   -84.93  -171.84
C   G  926    -35.90   156.66    49.17    87.10  -126.98   -97.38  -167.88
C   C  927    -47.41   142.87    51.41    82.79  -159.16   -71.17  -154.87
C   G  928    -73.00   179.42    48.13    80.95  -152.23   -62.58  -175.28
C   G  929    -69.58   175.06    61.52    80.66  -172.25   -68.30  -168.22
C   A  930    -85.99  -161.87    57.90    82.59  -155.87   -71.19  -147.07
C   C  931    -61.99   170.38    54.94    83.63  -149.37   -76.88  -135.87
C   U  932    -52.45  -120.74   172.30    90.78  -172.30   175.44   168.64
C   G  933     66.09  -115.26   176.29    82.69  -134.64   -78.03  -122.88
C   C  934   -111.26  -119.10    69.25    89.63     3.86   -63.27  -139.25
C   A  935   -152.78  -115.61   172.92    89.19  -169.01   -96.84  -158.08
C   G  936    153.98  -167.69   174.56    76.72    86.96   -60.26  -142.01
C   A  937   -140.38   134.64  -179.97    80.92  -130.96   -71.84   177.88
C   U  938    -60.84   172.48    48.51    82.54  -143.36   -77.66  -152.03
C   C  939    -64.16   161.57    59.28    79.34  -158.08   -81.09  -140.51
C   C  940    -75.47  -176.46    53.60    82.69  -151.68   -72.54  -160.25
C   G  941    -65.51   169.43    57.71    78.46  -147.68   -58.24   176.03
C   C  942    -55.18  -168.56    57.33    80.51  -145.09   -67.38   164.44
C   U  943    -32.33  -153.67    61.05    85.16  -119.74  -107.36   159.47
C   U  944    -41.84   155.38   -46.91    99.82  -128.86   -60.98   178.00
C   U  945   -158.28  -167.57   -66.50    85.36  -148.02  -148.79   174.60
C   A  946    178.02  -132.13   106.39    85.67  -146.74   -91.17  -178.04
C   C  947    -59.71   159.95    61.30    89.75  -104.90   134.12  -153.05
C   C  948    -70.50  -167.86    51.37    86.18  -130.46   -76.33   175.34
C   C  949    -76.41   176.73    59.91    83.62  -152.38   -73.23  -155.29
C   C  950    -75.27   168.79    58.93    76.03  -148.84  -104.63  -156.37
C   G  951    147.27  -131.04   168.24    80.26  -121.57   -90.31   173.76
C   G  952    -47.75   149.85    61.06    80.57  -142.32   -71.40  -178.24
C   U  953    -59.00   176.42    41.20    77.54  -126.38   -76.75  -156.43
C   U  954    -66.35   150.86    68.93    73.57  -125.97  -101.92  -159.34
C   C  955    148.95  -157.43    61.47    86.08  -141.09   -62.51  -155.63
C   G  956    -69.57   174.99    58.97    78.21  -148.86   -71.67  -160.94
C   A  957    -80.08  -133.70    70.14    87.35    60.18    75.90   -97.64
C   A  958    143.84   125.06    24.29    85.61  -164.28   -86.87  -172.73
C   U  959    166.57  -127.45   156.15    97.26   -73.95   -70.00  -151.31
C   C  960    -81.20  -164.35    44.95    81.94  -147.96   -76.31  -161.23
C   C  961    -61.03   175.24    54.85    81.62  -154.00   -73.26  -164.47
C   G  962    -76.93  -176.71    49.08    75.10  -143.63   -91.72  -165.71
C   G  963    -31.00   144.52    53.54    80.62  -146.71   -65.76  -169.79
C   G  964    -65.07   179.33    50.31    76.25  -160.51   -92.04  -158.48
C   C  965    146.78  -141.02   176.14    89.37  -138.11   -57.50  -177.13
C   C  966   -104.95  -173.30    65.80    79.34  -153.53   -84.47  -178.03
C   C  967    -95.04  -160.74    54.77    76.12  -151.69   -93.31  -147.25
C   U  968    -13.27   126.29    74.65    88.12  -158.81   -78.44  -149.91
C   G  969   -123.95  -146.11    47.58    79.21  -125.90   -32.44  -154.78
C   G  970   -118.59   116.55   175.20    79.21  -138.66   -76.47   173.19
C   C  971    -55.61  -176.45    56.41    81.64 -9999.99 -9999.99  -147.25
