The backbone torsional angle for nucleic acid 

 
Note: alpha:   O3'(i-1)-P-O5'-C5'
      beta:    P-O5'-C5'-C4'
      gamma:   O5'-C5'-C4'-C3'
      delta:   C5'-C4'-C3'-O3'
      epsilon: C4'-C3'-O3'-P(i+1)
      zeta:    C3'-O3'-P(i+1)-O5'(i+1)

      chi for pyrimidines(Y): O4'-C1'-N1-C2
          chi for purines(R): O4'-C1'-N9-C4

    (The number -9999.99 means that the angle can not be calculated) 

Ch Res  Num    alpha    beta     gamma    delta  epsilon    zeta     chi
B   G    1  -9999.99   159.87    32.33    77.31  -158.34  -103.92  -167.95
B   G    2     67.74   171.51   -70.77   120.65  -140.42   -75.89  -153.93
B   C    3    -65.08   159.75    56.49    79.05  -176.14   -63.35  -154.97
B   G    4    163.41  -160.59   171.29    75.33  -135.51   -82.98  -175.53
B   C    5    -69.74   164.11    69.04    75.12  -139.85   -80.22  -170.30
B   G    6    -59.70   172.14    54.05    75.97  -154.07   -63.42  -162.79
B   G    7    -72.75  -173.73    52.09    80.22  -148.04   -66.15  -165.60
B   G    8    -59.46   178.52    44.68    76.43  -150.56   -69.16  -164.79
B   G    9    -59.78   171.58    52.50    79.72  -107.59    89.39  -161.07
B   U   10     54.81   151.36    51.64   148.07   -65.54   102.95    39.89
B   A   11    158.99  -144.45    58.05   152.75   -91.67    73.44  -178.23
B   C   12     84.26   152.44    28.20    79.93  -151.28   -78.93  -164.25
B   C   13    -68.43  -175.93    50.61    80.68  -149.73   -88.97  -167.55
B   G   14     77.05  -179.76   -96.62   119.79  -148.90   -71.35  -172.93
B   G   15    -80.44   178.65    63.64    80.08  -154.25   -71.62  -162.59
B   G   16    -66.07   172.35    65.13    79.86  -152.85   -59.26  -162.82
B   C   17    -79.88   173.37    61.56    75.29  -170.72   -50.22  -171.10
B   U   18    -77.20  -164.61    48.11    81.94  -157.41   -61.79  -151.61
B   U   19    -72.67  -168.19    53.91    75.45  -177.37   -67.34  -147.44
B   G   20    169.21  -178.29   -56.21   147.82  -104.83  -157.03  -102.28
B   G   21    -81.85  -167.64    55.75   151.85   -80.84    99.45   -68.65
B   U   22   -125.45  -139.17    39.61   158.85  -108.46    57.55  -149.34
B   A   23   -133.33    95.25   179.32    81.81  -152.45   -68.87  -172.78
B   G   24    -70.47  -175.56    53.08    84.03  -157.11   -74.48  -166.94
B   C   25    -66.17   170.14    57.30    83.86  -163.00   -66.63  -148.35
B   C   26    -79.78  -174.67    57.85    80.76  -139.74   -83.72  -161.89
B   C   27    -51.61   175.39    38.93    80.06  -167.23   -57.32  -140.41
B   G   28    -94.26  -173.23    67.18    76.40  -138.55   -78.34  -168.84
B   G   29    -65.38   164.50    67.85    79.44  -131.71   -82.71  -171.72
B   G   30    -70.79   159.74    72.05    73.56  -147.10  -102.36  -177.80
B   G   31     -0.13   147.99    20.08    77.20  -161.45   -72.07  -161.78
B   C   32    -71.37   174.28    60.29    79.80  -142.31   -75.37  -173.66
B   U   33    -44.06   159.64    51.31    78.67  -174.48   -76.47  -151.54
B   U   34    101.35    68.24   132.07   135.85  -104.37   -89.92   170.87
B   C   35    -27.51   135.71    15.83    82.74  -163.34   -74.36  -111.37
B   G   36   -168.55  -131.60   114.46    81.89  -125.62   -57.06  -128.70
B   G   37    -68.82   129.31   126.40    80.52  -138.44   -70.87  -174.03
B   C   38    -55.36   168.99    50.46    79.22  -153.90   -75.82  -152.86
B   C   39    -48.36  -172.40    49.23   125.30    80.95    96.49  -132.51
B   G   40   -154.49  -162.07    71.58    79.26  -139.94   -85.27  -174.95
B   A   41    -54.71   163.90    55.27    77.91  -143.31   -80.58  -168.49
B   G   42    -61.41   177.47    46.67    75.75  -152.26   -62.43  -158.24
B   G   43    -69.96  -177.83    54.80    77.97  -152.14   -65.80  -172.78
B   G   44    -72.27  -171.77    53.40    77.64  -149.41   -70.32  -166.68
B   C   45    -73.40  -178.56    54.26    75.05  -162.66   -50.60  -156.53
B   G   46    -88.66  -173.11    58.53    78.95  -130.57   -57.45  -173.75
B   A   47    174.33   128.44    45.82    79.56  -125.91   -71.23  -171.90
B   G   48    -39.09   162.11    41.20   117.82  -153.95   -93.32  -152.58
B   A   49    -71.78   164.71    57.79    82.82  -147.94   -26.11  -141.49
B   G   50   -129.72   157.21   122.64    78.01  -144.42   -78.79  -172.98
B   C   51    -55.40   169.59    53.67    83.28  -149.27   -70.74  -163.75
B   C   52    -86.67   173.95    81.49    78.82  -136.69   -66.07  -171.53
B   C   53    -76.70  -174.31    56.27    74.50  -149.02   -72.03  -160.34
B   U   54    -57.58   172.03    48.46    77.65  -158.20   -73.22  -153.20
B   C   55    -74.11  -177.35    64.80   142.49   -92.90    62.52  -130.76
B   G   56     82.16   123.87    40.01    76.50  -152.20   -75.69  -173.77
B   G   57    -55.77  -173.10    40.26    81.10  -158.87   -61.73  -157.69
B   G   58    -64.15   170.54    56.48    72.51  -169.11   -50.48  -173.77
B   G   59    -76.36  -146.48    54.68   141.42  -176.09  -106.29  -123.16
B   U   60    -80.08  -178.34    45.43    77.96  -124.59   -63.77  -151.52
B   U   61    -62.46   173.95    61.17    74.38  -122.79  -110.76  -152.07
B   C   62     30.20   144.21  -153.19   122.07  -121.65   -59.48  -169.30
B   G   63    -82.71   168.55    70.59    79.46  -125.70   -70.82  -169.02
B   A   64    -51.77  -135.38    45.68   153.34  -114.13   160.40   -75.24
B   U   65    107.71  -143.70    60.35    79.82  -146.46   -78.58  -166.13
B   U   66    -36.06   167.46    43.85   143.79  -112.45   -67.91  -120.02
B   C   67    -89.85  -164.80    26.75    83.90  -144.54   -78.88  -167.90
B   C   68    -50.24  -179.65    33.52    82.48  -154.40   -75.86  -149.62
B   C   69    -58.76  -167.40    36.33    79.27   177.85   -59.69  -157.15
B   C   70    171.25  -174.05   165.32    82.86  -118.42   -79.19  -175.68
B   C   71    -41.08   163.61    47.06    81.61  -158.43   -74.23  -169.75
B   C   72    -66.40   179.24    47.86    78.05  -158.95   -67.03  -164.84
B   C   73    -74.64   179.14    69.77    77.21  -137.19   -91.27  -169.78
B   U   74     80.19  -167.53  -101.25    99.00  -134.87   -64.88  -154.28
B   G   75    -83.62   167.94    65.22    73.75  -147.25   -73.61  -164.87
B   C   76    -66.86   159.82    77.34    77.58  -147.40   -98.85  -168.60
B   G   77     57.55   170.75   -65.97    95.14  -160.17   -96.10  -156.57
B   C   78    147.11  -127.23   153.99    77.01  -107.21   -87.97   179.32
B   C   79    -52.61   153.29    54.32    80.81  -148.53   -87.78  -161.17
B   G   80    -45.36   151.89    58.69    80.66  -172.17    90.40  -165.60
B   C   81   -116.39   132.86   134.22    81.92 -9999.99 -9999.99  -108.40
