The backbone torsional angle for nucleic acid 

 
Note: alpha:   O3'(i-1)-P-O5'-C5'
      beta:    P-O5'-C5'-C4'
      gamma:   O5'-C5'-C4'-C3'
      delta:   C5'-C4'-C3'-O3'
      epsilon: C4'-C3'-O3'-P(i+1)
      zeta:    C3'-O3'-P(i+1)-O5'(i+1)

      chi for pyrimidines(Y): O4'-C1'-N1-C2
          chi for purines(R): O4'-C1'-N9-C4

    (The number -9999.99 means that the angle can not be calculated) 

Ch Res  Num    alpha    beta     gamma    delta  epsilon    zeta     chi
I   C    1  -9999.99 -9999.99    61.08    82.69  -160.57   -65.96  -116.65
I   G    2    -70.45  -176.85    57.34    80.27  -133.46   -83.61  -179.83
I   C    3    -62.03   165.03    52.87    77.27  -145.83   -80.79  -161.65
I   G    4    -69.96   164.36    64.49    78.16  -140.62   -80.27  -172.39
I   G    5    -63.67   167.47    65.86    77.86  -135.02   -78.52  -173.27
I   G    6    -67.12   157.01    77.80    80.91  -153.22   -73.87  -174.74
I   G    7    -62.37  -168.99    64.11   142.02  -118.80   -33.84  -120.56
I 4SU    8    -87.26  -143.27    51.82    80.09  -129.51  -150.03  -164.62
I   G    9     87.46   162.56   -91.26   153.00   -85.94   -99.70   -79.74
I   G   10    156.59  -167.45    83.38    83.92  -133.82   -84.40   171.41
I   A   11    -56.81   179.04    46.07    80.90  -141.92   -70.98  -165.11
I   G   12    -56.80   172.90    48.77    76.62  -157.95   -41.81  -153.76
I   C   13   -159.47   148.86   151.63    81.16  -159.32   -66.87  -171.23
I   A   14    158.35   174.21  -169.61    83.38  -126.34   -57.67  -176.18
I   G   15    -62.50   173.00    56.17    85.76  -111.51   -67.23  -159.63
I   C   16    -62.60  -164.12    53.74   142.82  -102.20   -69.28  -125.69
I   C   17    -58.07   172.82    42.74    83.34  -165.41    79.85  -135.13
I   U   17   -174.99   138.72    29.40   142.72   -94.08   -90.25  -130.77
I   G   18    -20.37  -137.38    83.92   153.10  -141.61  -103.58  -115.72
I   G   19    -64.60  -152.68    36.73   145.61   -44.80  -110.93   -73.19
I   U   20    -66.41   121.42    72.96    80.61  -116.16   -94.32  -114.05
I   A   21     52.86   136.04    34.77    70.85  -176.98  -116.53  -143.28
I   G   22    -65.01   150.85    67.35    76.73  -140.24   -88.39  -175.62
I   C   23    -52.83   162.09    52.30    75.75  -131.98   -97.96  -162.26
I   U   24    -40.36   155.09    38.74    80.50  -151.59   -62.42  -162.58
I   C   25    -76.81   165.52    72.75    76.77  -132.90   -78.30  -166.79
I   G   26    -53.70   158.51    56.97    81.40  -140.00   -70.55  -172.66
I   U   27    -56.17   169.14    50.98    79.30  -132.96   -91.28  -166.72
I   C   28    -50.23   159.66    44.27    80.32  -142.21   -80.39  -160.55
I   G   29    -63.70   173.59    51.01    78.94  -146.25   -69.89  -169.23
I   G   30    -68.06   171.02    63.54    77.36  -158.51   -59.80  -174.29
I   G   31    179.38   173.89   165.58    85.48  -110.39   -88.31   178.43
I 5MC   32    -39.49   152.94    50.70    78.86  -128.81   -59.39  -177.76
I   U   33    -77.80   172.01    55.08    76.43  -127.14   -60.74  -164.86
I   C   34   -161.69   144.76    33.26    82.87  -132.87   -74.38  -170.98
I   A   35    -70.74   164.45    61.35    80.24  -148.06   -77.03  -166.32
I   U   36    -59.38   176.50    41.44    79.03  -145.27   -68.10  -168.47
I   A   37    -66.95   163.19    68.57    77.71  -143.35   -66.55  -166.34
I   A   38    -77.98   169.19    62.47    82.16  -122.72   -69.29  -174.83
I   C   39    -53.25   166.52    48.52    84.56  -138.53   -87.41  -165.75
I   C   40    -48.34   167.88    41.86    80.83  -151.84   -73.92  -157.22
I   C   41    -61.53   174.50    53.80    78.40  -151.58   -59.45  -172.28
I   G   42    -86.22   178.16    66.79    75.66  -158.08   -70.57  -162.59
I   A   43    -72.14   167.06    78.51    79.70  -145.66   -89.09  -179.06
I   A   44    -51.38   155.13    63.32    83.09  -136.37   -72.37  -163.59
I   G   45    -59.16   159.19    58.77    83.61  -113.54  -100.51  -148.00
I   G   46    -60.51   170.67    75.39    89.36  -115.99  -105.38  -118.01
I   U   47     23.04   102.30    84.09    87.84  -100.58   113.94  -173.84
I   C   48   -113.71  -166.55    62.45   147.47  -151.24    79.06  -140.36
I   G   49     46.38   153.37    52.63    85.57  -124.89   -88.77  -175.90
I   U   50    -36.93   158.01    32.63    77.48  -163.47  -102.24  -157.96
I   C   51    145.96  -130.68   171.25    79.92  -103.48   -48.03  -177.19
I   G   52   -121.17    98.19   143.31    83.05  -108.83   -82.87   169.47
I   G   53    -61.91   155.36    67.83    77.13  -153.15   -69.66  -178.84
I 5MU   54    -66.67  -174.44    51.37    81.30  -124.60   -79.84  -165.69
I PSU   55    -48.78   156.21    51.42    74.88  -132.31   -83.43 -9999.99
I   C   56    165.39   177.69    59.87    81.26  -125.59   -71.18  -153.59
I   A   57    -62.29   162.75    61.11    79.30  -147.80   -61.38  -152.69
I   A   58    -65.76  -136.93    61.40   151.53   -80.54  -176.44   -76.63
I   A   59     70.80  -157.72    69.55    85.60  -139.45   -46.84  -173.04
I   U   60    -70.68  -179.09    65.28   138.00   -95.85   -70.10  -131.56
I   C   61    -75.69   176.60    34.25    79.16  -145.26   -74.00  -173.36
I   C   62    -69.04  -177.29    52.45    80.44  -151.85   -77.18  -171.81
I   G   63    -77.21   176.10    65.55    78.40  -141.31   -79.45  -167.94
I   G   64    -56.74   167.78    53.81    77.13  -151.37   -69.38  -171.55
I   C   65    -67.98   170.29    61.02    82.60  -148.43   -77.51  -163.79
I   C   66    -60.56   172.49    50.86    79.16  -140.42   -85.75  -171.09
I   C   67    -52.48   163.04    47.57    79.78  -154.01   -71.38  -168.88
I   C   68    -69.44  -179.83    59.75    81.99  -151.18   -69.46  -165.01
I   C   69    -65.70   178.76    54.00    78.18  -147.99   -81.33  -159.63
I   G   70    -61.20   165.74    53.94    76.76  -144.23   -78.87  -165.07
I   C   71    -50.58   164.25    53.13    78.45  -144.81   -67.64  -167.70
I   A   72    -63.10   176.79    58.77    80.31  -133.85   -81.13  -160.18
I   A   73    -54.18   159.03    47.66    80.03  -156.94   142.41  -156.87
I   C   74    -75.68   130.70    51.53    79.38  -150.17   -63.90  -158.82
I   C   75    -77.89  -158.64    46.12    86.06   -98.99   -45.53  -130.55
I   A   76    -98.71    62.87  -178.34   138.25 -9999.99 -9999.99  -112.09
