PDB data file name: Dataset/2der_C.pdb_new
-----------------------------------------------------------
CRITERIA USED TO GENERATE BASE-PAIR: 
  3.40 --> upper H-bond length limits (ON..ON).
 26.00 --> max. distance between paired base origins.
  2.50 --> max. vertical distance between paired base origins.
 65.00 --> max. angle between paired bases [0-90].
  5.40 --> min. distance between RN9/YN1 atoms.
  8.00 --> max. distance criterion for helix break[0-12]
-----------------------------------------------------------
BASE-PAIR INSTRUCTIONS: 
Column 1 is rnaview assigned base numbers n1_n2, start from 1.
Column 2 & 3 are chain ID & residue number in input PDB file.
Column 4 is for base pair. The left & right are the bases as 
         identified by column 2 & 3 and 5 & 6.
Column 5 & 6 are residue number & chain ID in input PDB file.
Column 7 is for base pair annotation. The standard Watson-Crick
         (W.C.) pairs are annotated as -/- (AU,AT) or +/+ (GC).
         Other pairs are annotated as Leontis_Westhof Classification.
         The three edges: W(Watson-Crick); H(Hoogsteen); S(suger).
         e.g. W/H means the pair is edge of Watson-Crick & Hoogsteen.
Column 8 is glycosidic bond orientation (either cis or trans).
         e.g. 'W/H cis' means the pair is interaction on Watson-Crick
         and Hoogsteen side, glycosidic bond orientation is 'cis'.
Column 9 corresponds to Saenger Classification.

Other columns: 
        Syn sugar-base conformations are annotated as (syn).
        Stacked base pairs are annotated as (stack).
        Non-identified edges are annotated as (.) or (?)
        Tertiary interactions are marked by (!) in the line.
Reference:
Yang et al (2003) Nucleic Acids Research, Vol31,No13,p3450-3461.
-----------------------------------------------------------
BEGIN_base-pair
    12_24, C:    12 C-G    23 C: +/+ cis         XIX
    28_44, C:    27 C-G    43 C: +/+ cis         XIX
    29_43, C:    28 C-G    42 C: +/+ cis         XIX
    31_41, C:    30 C-G    40 C: +/+ cis         XIX
    32_40, C:    31 C-G    39 C: +/+ cis         XIX
    10_26, C:    10 G-C    25 C: +/+ cis         XIX
    30_42, C:    29 G-C    41 C: +/+ cis         XIX
    50_64, C:    50 G-C    64 C: +/+ cis         XIX
    51_63, C:    51 G-C    63 C: +/+ cis         XIX
    52_62, C:    52 G-C    62 C: +/+ cis         XIX
    53_61, C:    53 G-C    61 C: +/+ cis         XIX
     7_66, C:     7 U-A    66 C: -/- cis         XX
    11_25, C:    11 U-A    24 C: -/- cis         XX
     5_68, C:     5 C-G    68 C: W/W cis         n/a
    18_56, C:    18 G-C    56 C: W/W cis         n/a
     2_72, C:     2 U-C    72 C: W/W cis         XVIII
    13_23, C:    13 U-G    22 C: W/W cis         XXVIII
    15_48, C:    15 G-C    47 C: W/W tran        XXII
     8_14, C:     8 U-A    14 C: W/H tran        XXIV
    54_58, C:    54 U-A    58 C: W/H tran        XXIV
    14_22, C:    14 A-A    21 C: W/S cis         n/a
    17_55, C:    17 G-U    55 C: W/S tran        n/a
    23_47, C:    22 G-A    46 C: H/W tran        n/a
     9_24, C:     9 C-G    23 C: H/H tran        n/a
    20_48, C:    20 C-C    47 C: S/W tran        n/a
    15_20, C:    15 G-C    20 C: S/W tran        n/a
END_base-pair

Summary of triplets and higher multiplets
BEGIN_multiplets
8_14_22_| [1 3]  C: 8 U  +  C: 14 A  +  C: 21 A
9_12_24_| [2 3]  C: 9 C  +  C: 12 C  +  C: 23 G
13_23_47_| [3 3]  C: 13 U  +  C: 22 G  +  C: 46 A
15_20_48_| [4 3]  C: 15 G  +  C: 20 C  +  C: 47 C
END_multiplets

  The total base pairs =  26 (from   74 bases)
------------------------------------------------
 Standard  WW--cis  WW-tran  HH--cis  HH-tran  SS--cis  SS-tran
       13        4        1        0        1        0        0
  WH--cis  WH-tran  WS--cis  WS-tran  HS--cis  HS-tran
        0        3        1        3        0        0
------------------------------------------------
