PDB data file name: ./Datasets/pdb_select_tRNA/5yyn_D.pdb_new
-----------------------------------------------------------
CRITERIA USED TO GENERATE BASE-PAIR: 
  3.40 --> upper H-bond length limits (ON..ON).
 26.00 --> max. distance between paired base origins.
  2.50 --> max. vertical distance between paired base origins.
 65.00 --> max. angle between paired bases [0-90].
  5.40 --> min. distance between RN9/YN1 atoms.
  8.00 --> max. distance criterion for helix break[0-12]
-----------------------------------------------------------
BASE-PAIR INSTRUCTIONS: 
Column 1 is rnaview assigned base numbers n1_n2, start from 1.
Column 2 & 3 are chain ID & residue number in input PDB file.
Column 4 is for base pair. The left & right are the bases as 
         identified by column 2 & 3 and 5 & 6.
Column 5 & 6 are residue number & chain ID in input PDB file.
Column 7 is for base pair annotation. The standard Watson-Crick
         (W.C.) pairs are annotated as -/- (AU,AT) or +/+ (GC).
         Other pairs are annotated as Leontis_Westhof Classification.
         The three edges: W(Watson-Crick); H(Hoogsteen); S(suger).
         e.g. W/H means the pair is edge of Watson-Crick & Hoogsteen.
Column 8 is glycosidic bond orientation (either cis or trans).
         e.g. 'W/H cis' means the pair is interaction on Watson-Crick
         and Hoogsteen side, glycosidic bond orientation is 'cis'.
Column 9 corresponds to Saenger Classification.

Other columns: 
        Syn sugar-base conformations are annotated as (syn).
        Stacked base pairs are annotated as (stack).
        Non-identified edges are annotated as (.) or (?)
        Tertiary interactions are marked by (!) in the line.
Reference:
Yang et al (2003) Nucleic Acids Research, Vol31,No13,p3450-3461.
-----------------------------------------------------------
BEGIN_base-pair
      1_2, D:   901 G-C   902 D:      stacked
     1_62, D:   901 G-C   973 D: W/W cis         n/a
     3_60, D:   903 G-C   971 D: +/+ cis         XIX
     4_59, D:   904 C-G   970 D: +/+ cis         XIX
      5_6, D:   905 U-C   906 D:      stacked
     5_58, D:   905 U-A   969 D: -/- cis         XX
     6_57, D:   906 C-G   968 D: +/+ cis         XIX
     7_56, D:   907 G-C   967 D: +/+ cis         XIX
     8_14, D:   908 U-A   914 D: W/H tran        XXIV
     9_23, D:   909 A-G   923 D: syn    stacked
    10_26, D:   910 G-C   926 D: +/+ cis         XIX
    11_25, D:   911 C-G   925 D: +/+ cis         XIX
    12_13, D:   912 U-C   913 D:      stacked
    12_24, D:   912 U-A   924 D: -/- cis         XX
    13_23, D:   913 C-G   923 D: +/+ cis         XIX
    14_22, D:   914 A-A   922 D: W/S cis         n/a
    15_38, D:   915 A-U   949 D: W/W tran        XXI
    19_46, D:   919 G-C   957 D: W/W cis         n/a
    28_33, D:   928 U-A   944 D: W/W cis         n/a
    39_55, D:   950 A-U   966 D: -/- cis         XX
    40_54, D:   951 G-C   965 D: +/+ cis         XIX
    41_53, D:   952 G-U   964 D: W/W cis         XXVIII
    41_54, D:   952 G-C   965 D:      stacked
    42_52, D:   953 G-C   963 D: +/+ cis         XIX
    42_53, D:   953 G-U   964 D:      stacked
    43_51, D:   954 G-C   962 D: +/+ cis         XIX
    44_48, D:   955 U-A   959 D: W/H tran     syn  XXIV
    61_62, D:   972 G-C   973 D:      stacked
     2_61, D:   902 C-G   972 D: W/W cis         !1H(b_b)
     8_22, D:   908 U-A   922 D: S/W tran        !(b_s)
     8_36, D:   908 U-G   947 D: S/S cis      syn  !(b_s)
    16_49, D:   916 U-A   960 D: ?/W cis         !(s_s)
    37_41, D:   948 U-G   952 D: W/? tran        !(s_s)
    45_47, D:   956 U-G   958 D: S/S tran        !(s_s)
    50_51, D:   961 U-C   962 D: S/H cis         !(s_s)
END_base-pair

Summary of triplets and higher multiplets
BEGIN_multiplets
8_14_22_| [1 3]  D: 908 U  +  D: 914 A  +  D: 922 A
END_multiplets

  The total base pairs =  21 (from   64 bases)
------------------------------------------------
 Standard  WW--cis  WW-tran  HH--cis  HH-tran  SS--cis  SS-tran
       13        4        1        0        0        0        0
  WH--cis  WH-tran  WS--cis  WS-tran  HS--cis  HS-tran
        0        2        1        0        0        0
------------------------------------------------
