The backbone torsional angle for nucleic acid 

 
Note: alpha:   O3'(i-1)-P-O5'-C5'
      beta:    P-O5'-C5'-C4'
      gamma:   O5'-C5'-C4'-C3'
      delta:   C5'-C4'-C3'-O3'
      epsilon: C4'-C3'-O3'-P(i+1)
      zeta:    C3'-O3'-P(i+1)-O5'(i+1)

      chi for pyrimidines(Y): O4'-C1'-N1-C2
          chi for purines(R): O4'-C1'-N9-C4

    (The number -9999.99 means that the angle can not be calculated) 

Ch Res  Num    alpha    beta     gamma    delta  epsilon    zeta     chi
D   G  901  -9999.99   159.66   -46.81    84.14  -159.67   -83.06  -174.02
D   C  902   -179.71  -149.57   143.97    82.01  -138.53   -62.01  -169.07
D   G  903    -69.96   175.19    57.23    80.74  -156.19   -74.11  -177.58
D   C  904    -62.18  -177.72    54.04    80.05  -145.46   -72.30  -159.37
D   U  905    -56.80   176.47    43.53    79.71  -160.59   -78.83  -163.83
D   C  906    138.75  -147.53  -169.54    81.98  -144.81   -80.14  -169.09
D   G  907    -47.47   177.10    56.90   144.77   -94.79   -55.11  -137.26
D   U  908    -60.98  -165.01    64.14    80.43  -130.94  -104.39  -165.46
D   A  909    -61.57  -143.10    25.39   144.67   -97.38   -69.65   -70.92
D   G  910    177.78   147.99    48.80    87.77  -140.22   -80.78   170.37
D   C  911    -65.53  -177.31    57.69    81.96  -149.14   -63.70  -166.73
D   U  912    -68.35  -179.30    53.50    76.86  -153.51   -25.86  -161.30
D   C  913   -161.38   136.56   157.39    79.30  -157.53   -75.98  -163.56
D   A  914    134.42  -170.25  -147.02    81.97  -122.63   -69.28   177.32
D   A  915    -53.48   162.30    51.30    80.93  -140.01   164.50  -159.70
D   U  916   -101.93   147.75    59.47    82.57  -125.11   112.39  -165.50
D   U  917    177.03   115.05   151.32   149.16  -163.45   162.13  -131.05
D   G  918     29.14  -125.03    54.94   148.92   -80.61   138.68   -73.47
D   G  919    137.94  -147.64   157.39   149.33   -72.47  -178.14  -113.59
D   A  920    -60.73   151.21    50.38   146.25   -92.65   -70.70  -133.79
D   U  921    173.48  -173.85    54.12   144.52   -97.74  -108.81  -124.32
D   A  922     53.54   158.29    58.39    86.38   -95.80  -176.79  -158.85
D   G  923    101.36  -116.24   171.23    83.57  -115.53  -123.47  -169.42
D   A  924     94.32  -124.18  -155.43    82.30  -121.35   -84.60   178.24
D   G  925    -48.75   165.55    41.57    81.29  -161.32   -76.66  -158.78
D   C  926    161.99  -161.14   169.18    81.60  -121.84   -65.30  -168.18
D   A  927    -60.76   171.06    45.20    79.75  -140.11   -71.92  -162.91
D   U  928    -60.22   169.98    60.27    78.14 -9999.99 -9999.99  -153.49
D   U  940  -9999.99   167.41    50.41    81.96  -114.52   -91.92  -173.95
D   C  941   -105.68   156.38    81.60    80.86  -155.27   -67.84  -166.29
D   A  942    -69.86  -178.07    51.10    78.85  -147.50   -70.50  -119.69
D   G  943    -61.58   164.77    64.47    78.89  -147.23   -72.60  -169.95
D   A  944    -58.24   162.91    63.66    77.90  -144.76   -72.51  -163.15
D   A  945    -59.11   163.65    52.63    79.19  -128.60   -81.51  -170.61
D   G  946    -59.28   144.04    77.38    81.46   -93.60  -151.30  -173.80
D   G  947     59.68   115.52    -8.15   144.39  -130.44  -137.60   -58.88
D   U  948     42.31  -165.89    51.69   148.02   -83.52   -49.26  -162.20
D   U  949    -69.01  -137.03   130.25   145.37  -153.94    98.25  -139.47
D   A  950     28.92  -169.80    57.01    83.78  -131.04   -72.57  -179.67
D   G  951    -60.99   174.68    46.70    78.44  -155.48   -77.64  -160.22
D   G  952    -63.57   170.14    57.65    74.71  -144.35   -67.42  -169.27
D   G  953    -64.02   173.38    53.50    77.64  -142.31   -78.06  -172.32
D   G  954    -51.31   159.72    57.83    79.33  -153.14   -79.89  -169.35
D   U  955    -52.14   173.74    47.28    79.58  -151.88   -50.14  -167.46
D   U  956   -108.75  -126.67    65.44   148.04  -172.97  -101.94  -108.47
D   C  957    155.47   160.80    54.04    82.38  -137.42   -60.17  -153.29
D   G  958    -66.55  -179.56    42.59    70.15   111.45    58.00  -162.39
D   A  959   -135.92  -136.00    58.19   143.10   -93.55  -164.13   -73.83
D   A  960     50.87  -151.49    93.82    84.17  -130.16   -67.56  -172.74
D   U  961    -58.31   166.92    67.42   145.38   -99.26   -56.40  -131.37
D   C  962    -65.50  -175.43     0.50    73.10    87.08    70.58  -170.61
D   C  963   -152.90   179.33    58.83    78.25  -146.04   -75.71  -164.16
D   U  964    -57.09   170.72    46.01    79.18  -139.38   -88.63  -158.02
D   C  965    -64.35   153.23    63.68    78.60  -150.42   -67.02  -160.98
D   U  966    -67.16   178.80    54.87    78.66  -145.53   -73.65  -165.73
D   C  967    -61.84   167.12    54.97    78.52  -140.25   -77.35  -162.94
D   G  968    -66.43   162.81    56.10    80.88  -154.13   -78.12  -168.26
D   A  969    -58.48  -177.58    46.61    77.42  -149.21   -72.99  -167.13
D   G  970    -61.28   170.01    55.78    77.58  -145.56   -73.03  -165.47
D   C  971    -58.41   166.63    57.97    79.07   177.67   -90.15  -160.77
D   G  972    163.39  -142.18   166.70    83.06  -110.69   -51.70   173.68
D   C  973   -152.30   121.50   136.70    79.44  -148.84    -1.64  -145.57
D   G  974   -148.78   107.83  -162.53    78.63   172.37    27.16   163.49
D   C  975   -141.66  -172.11    63.36    80.30 -9999.99 -9999.99  -160.11
