The backbone torsional angle for nucleic acid 

 
Note: alpha:   O3'(i-1)-P-O5'-C5'
      beta:    P-O5'-C5'-C4'
      gamma:   O5'-C5'-C4'-C3'
      delta:   C5'-C4'-C3'-O3'
      epsilon: C4'-C3'-O3'-P(i+1)
      zeta:    C3'-O3'-P(i+1)-O5'(i+1)

      chi for pyrimidines(Y): O4'-C1'-N1-C2
          chi for purines(R): O4'-C1'-N9-C4

    (The number -9999.99 means that the angle can not be calculated) 

Ch Res  Num    alpha    beta     gamma    delta  epsilon    zeta     chi
T   G    4  -9999.99   132.28   137.78    78.00  -140.88   -72.92  -174.56
T   A    5    -65.76  -179.94    58.15    82.27  -154.34   -70.64  -156.24
T   G    6    152.03  -165.01  -172.95    78.00  -140.40  -128.15  -178.11
T   G    7     52.20    78.99    61.33   113.83   -94.26   -61.50  -133.89
T   U    8    -62.16  -172.97    67.59    79.32  -120.18  -130.88  -170.22
T   G    9    -86.93   172.91    64.29   149.84   -94.11   -61.65  -120.16
T   C   10    149.11   166.69    59.44    83.74  -145.61   -82.48  -171.90
T   C   11    -67.56   159.80    58.82    75.71  -121.03  -100.25  -158.69
T   C   12    -58.36   145.67    65.49    72.76  -169.98   -60.49  -166.37
T   G   13    162.31  -136.65   152.35    81.05  -154.63   -88.20  -158.49
T   A   14    -66.51   171.64    59.43    79.86  -136.37   -73.01  -160.15
T   G   15    -65.80   160.45    63.31    79.83  -100.76  -171.82  -153.47
T   U   16    158.66  -109.93   177.94    85.22    21.95    63.66   108.17
T   G   18    -89.07  -154.19    64.10   133.37   -96.48  -150.88   -92.91
T   G   19    -66.09   178.07    42.69   132.30  -102.89   -86.28   -84.12
T   C   20   -135.72  -138.86    63.29   151.39   -84.87   -47.33   166.32
T H2U   20    141.64  -167.80    61.05   142.99   -48.94    88.71  -118.82
T   G   20     79.78  -178.95   -64.76   148.59  -112.21   112.00  -119.34
T   A   21    -95.26   132.55    50.58    77.02  -149.00  -139.25  -147.04
T   A   22    -59.80   169.24    63.96    79.01  -140.00   -70.01  -169.27
T   G   23    -78.04   172.33    58.61    85.69  -155.45   -82.66  -165.39
T   G   24    -89.97  -162.32    63.03    72.92    93.50    71.00  -161.62
T   G   25   -154.59   144.59    85.70    83.08 -9999.99 -9999.99  -165.27
T   G   42  -9999.99   159.96    71.83    72.79  -144.84   -73.32  -167.31
T   G   43    -67.71   150.65    70.19    74.90  -143.54   -71.59   176.82
T   U   44    -50.51   174.93    58.32    75.20  -143.84  -107.23  -152.08
T   A   45    -83.94  -134.11   146.96    55.11   108.89    64.92  -161.27
T   G   46   -158.36   140.25    88.26    75.16  -123.22   -93.31  -172.54
T   G   47    -61.52   147.34    67.29    73.90  -138.07   -83.65  -172.93
T   G   47    -55.64   161.82    58.86    70.87  -163.73   -74.25  -167.93
T   G   47    163.21  -175.61   170.83    86.72  -113.82   -89.03   172.55
T   G   47    -50.70   141.93    63.90    70.77  -142.36   -74.69  -170.47
T   G   47    -61.85   176.13    62.54    83.91 -9999.99 -9999.99  -159.40
T   C   47  -9999.99  -139.33    85.47    84.80  -158.52   -74.87  -176.32
T   C   47    -74.18   169.01    63.73    78.77  -145.52   -72.82  -159.06
T   U   47    -68.61   168.07    61.33    75.92  -137.70   -91.41  -167.52
T   C   47    -70.58   156.58    69.35    86.27  -139.70   -87.64  -161.70
T   C   47    -69.97   165.89    68.42    78.62  -148.90   -64.41  -171.07
T   C   47    -78.70   178.15    59.70    76.24  -156.81   -75.79  -152.47
T   U   47    -74.54   165.99    68.17    77.55  -126.04  -100.15  -152.67
T   C   48    -36.44  -143.72    60.80   145.82  -149.97    99.61  -150.43
T   G   49     49.42   177.21    51.78    83.65  -164.50   -56.57  -175.66
T   C   50    -97.55  -176.40    63.14    78.57  -147.10   -60.89  -164.80
T   G   51    -81.80   168.90    66.44    74.56  -137.52   -77.93  -162.71
T   G   52    -58.29   147.35    69.06    74.53  -137.70   -76.33  -173.03
T   G   53    -59.99   163.78    71.11    73.40  -148.90   -77.41  -171.76
T 5MU   54    -70.48  -178.36    58.77    81.72  -136.72   -75.83  -160.05
T PSU   55    -78.68   160.11    76.05    80.48  -119.77   -91.92 -9999.99
T   C   56    159.07   175.71    56.72    79.57  -121.31   -66.86  -171.83
T   G   57    -64.89   163.30    65.36    76.00  -141.47   -75.24  -168.78
T   A   58    -58.45  -149.20    68.66   151.52   -94.39  -167.49   -86.91
T   A   59     67.69  -145.34    73.10    94.65  -145.80   -63.23   175.24
T   U   60    -60.89   176.79    56.94   135.11  -106.94   -79.67   -91.63
T   C   61   -120.32  -165.83    70.32    84.11  -143.78   -85.64  -175.81
T   C   62    -67.61   172.87    62.00    82.40  -139.35   -75.79  -173.98
T   C   63    -69.95   171.87    63.98    78.11  -144.37   -79.29  -163.70
T   G   64    -67.90   164.23    64.73    77.70  -142.50   -74.79  -160.84
T   C   65    -67.22   163.83    62.81    82.90  -151.02   -68.82  -162.43
T   C   66    -78.19   165.61    62.48    77.61  -139.47   -84.09  -162.35
T   C   67    -58.88   160.68    60.17    66.59  -165.10   -79.47  -157.41
T   U   68    176.63  -151.50   154.95    77.50  -127.36   -78.76  -164.27
T   C   69    -68.02   163.46    63.04    71.59  -152.07   -76.82  -166.78
T   U   70    -67.63   173.41    64.67    78.53  -138.15   -95.28  -159.68
T   C   71    -62.61   145.25    67.84    79.97 -9999.99 -9999.99  -173.43
