PDB data file name: tRNA_dataset/1ser_chain_T.pdb_new
uncommon residue H2U   20A on chain T [#17] assigned to: u
uncommon residue 5MU   54  on chain T [#47] assigned to: u
uncommon residue PSU   55  on chain T [#48] assigned to: P
-----------------------------------------------------------
CRITERIA USED TO GENERATE BASE-PAIR: 
  3.40 --> upper H-bond length limits (ON..ON).
 26.00 --> max. distance between paired base origins.
  2.50 --> max. vertical distance between paired base origins.
 65.00 --> max. angle between paired bases [0-90].
  5.40 --> min. distance between RN9/YN1 atoms.
  8.00 --> max. distance criterion for helix break[0-12]
-----------------------------------------------------------
BASE-PAIR INSTRUCTIONS: 
Column 1 is rnaview assigned base numbers n1_n2, start from 1.
Column 2 & 3 are chain ID & residue number in input PDB file.
Column 4 is for base pair. The left & right are the bases as 
         identified by column 2 & 3 and 5 & 6.
Column 5 & 6 are residue number & chain ID in input PDB file.
Column 7 is for base pair annotation. The standard Watson-Crick
         (W.C.) pairs are annotated as -/- (AU,AT) or +/+ (GC).
         Other pairs are annotated as Leontis_Westhof Classification.
         The three edges: W(Watson-Crick); H(Hoogsteen); S(suger).
         e.g. W/H means the pair is edge of Watson-Crick & Hoogsteen.
Column 8 is glycosidic bond orientation (either cis or trans).
         e.g. 'W/H cis' means the pair is interaction on Watson-Crick
         and Hoogsteen side, glycosidic bond orientation is 'cis'.
Column 9 corresponds to Saenger Classification.

Other columns: 
        Syn sugar-base conformations are annotated as (syn).
        Stacked base pairs are annotated as (stack).
        Non-identified edges are annotated as (.) or (?)
        Tertiary interactions are marked by (!) in the line.
Reference:
Yang et al (2003) Nucleic Acids Research, Vol31,No13,p3450-3461.
-----------------------------------------------------------
BEGIN_base-pair
     1_62, T:     4 G-C    69 T: +/+ cis         XIX
     2_61, T:     5 A-U    68 T: -/- cis         XX
     3_60, T:     6 G-C    67 T: +/+ cis         XIX
     4_59, T:     7 G-C    66 T: +/+ cis         XIX
     5_11, T:     8 U-A    14 T: W/H tran        XXIV
     6_10, T:     9 G-G    13 T: H/W tran        VII
     7_23, T:    10 C-G    25 T: +/+ cis         XIX
     8_22, T:    11 C-G    24 T: +/+ cis         XIX
     9_21, T:    12 C-G    23 T: +/+ cis         XIX
    10_11, T:    13 G-A    14 T:      stacked
    10_20, T:    13 G-A    22 T: S/H tran        XI
    12_17, T:    15 G-u    20 T: S/W tran        n/a
    12_41, T:    15 G-C    48 T: W/W tran        XXII
    14_48, T:    18 G-P    55 T: W/S tran        n/a
    15_49, T:    19 G-C    56 T: +/+ cis    syn    XIX
    27_40, T:    45 A-U    47 T: -/- cis         XX
    28_39, T:    46 G-C    47 T: +/+ cis         XIX
    29_38, T:    47 G-C    47 T: +/+ cis         XIX
    30_37, T:    47 G-C    47 T: +/+ cis         XIX
    31_36, T:    47 G-U    47 T: W/W cis         XXVIII
    32_35, T:    47 G-C    47 T: +/+ cis         XIX
    33_34, T:    47 G-C    47 T: +/+ cis         XIX
    34_35, T:    47 C-C    47 T:      stacked
    36_37, T:    47 U-C    47 T:      stacked
    42_58, T:    49 G-C    65 T: +/+ cis         XIX
    43_57, T:    50 C-G    64 T: +/+ cis         XIX
    44_56, T:    51 G-C    63 T: +/+ cis         XIX
    45_55, T:    52 G-C    62 T: +/+ cis         XIX
    46_54, T:    53 G-C    61 T: +/+ cis         XIX
    47_51, T:    54 u-A    58 T: W/H tran     syn  XXIV
    52_53, T:    59 A-U    60 T:      stacked
     5_19, T:     8 U-A    21 T: S/W tran        !(b_s)
    11_19, T:    14 A-A    21 T: W/S cis         !(b_s)
    51_53, T:    58 A-U    60 T: S/S tran   syn    !(b_s)
      5_6, T:     8 U-G     9 T: S/H cis         !(s_s)
    53_54, T:    60 U-C    61 T: S/H cis         !(s_s)
END_base-pair

Summary of triplets and higher multiplets
BEGIN_multiplets
12_17_41_| [1 3]  T: 15 G  +  T: 20 u  +  T: 48 C
END_multiplets

  The total base pairs =  27 (from   64 bases)
------------------------------------------------
 Standard  WW--cis  WW-tran  HH--cis  HH-tran  SS--cis  SS-tran
       19        1        1        0        0        0        0
  WH--cis  WH-tran  WS--cis  WS-tran  HS--cis  HS-tran
        0        3        0        2        0        1
------------------------------------------------
