PDB data file name: Dataset/5d8b_X(XC).pdb_new
-----------------------------------------------------------
CRITERIA USED TO GENERATE BASE-PAIR: 
  3.40 --> upper H-bond length limits (ON..ON).
 26.00 --> max. distance between paired base origins.
  2.50 --> max. vertical distance between paired base origins.
 65.00 --> max. angle between paired bases [0-90].
  5.40 --> min. distance between RN9/YN1 atoms.
  8.00 --> max. distance criterion for helix break[0-12]
-----------------------------------------------------------
BASE-PAIR INSTRUCTIONS: 
Column 1 is rnaview assigned base numbers n1_n2, start from 1.
Column 2 & 3 are chain ID & residue number in input PDB file.
Column 4 is for base pair. The left & right are the bases as 
         identified by column 2 & 3 and 5 & 6.
Column 5 & 6 are residue number & chain ID in input PDB file.
Column 7 is for base pair annotation. The standard Watson-Crick
         (W.C.) pairs are annotated as -/- (AU,AT) or +/+ (GC).
         Other pairs are annotated as Leontis_Westhof Classification.
         The three edges: W(Watson-Crick); H(Hoogsteen); S(suger).
         e.g. W/H means the pair is edge of Watson-Crick & Hoogsteen.
Column 8 is glycosidic bond orientation (either cis or trans).
         e.g. 'W/H cis' means the pair is interaction on Watson-Crick
         and Hoogsteen side, glycosidic bond orientation is 'cis'.
Column 9 corresponds to Saenger Classification.

Other columns: 
        Syn sugar-base conformations are annotated as (syn).
        Stacked base pairs are annotated as (stack).
        Non-identified edges are annotated as (.) or (?)
        Tertiary interactions are marked by (!) in the line.
Reference:
Yang et al (2003) Nucleic Acids Research, Vol31,No13,p3450-3461.
-----------------------------------------------------------
BEGIN_base-pair
     2_72, X:     2 G-C    71 X: +/+ cis         XIX
     3_71, X:     3 C-G    70 X: +/+ cis         XIX
      4_5, X:     4 G-G     5 X:      stacked
     4_70, X:     4 G-C    69 X: +/+ cis         XIX
     5_69, X:     5 G-C    68 X: +/+ cis         XIX
     5_70, X:     5 G-C    69 X:      stacked
      6_7, X:     6 G-G     7 X:      stacked
     6_68, X:     6 G-C    67 X: +/+ cis         XIX
     6_69, X:     6 G-C    68 X:      stacked
     7_67, X:     7 G-C    66 X: +/+ cis         XIX
     8_14, X:     8 U-A    14 X: W/H tran        XXIV
    10_26, X:    10 G-C    25 X: +/+ cis         XIX
    10_46, X:    10 G-G    45 X: H/S cis         n/a
    11_25, X:    11 A-U    24 X: -/- cis         XX
    12_13, X:    12 G-C    13 X:      stacked
    12_24, X:    12 G-C    23 X: +/+ cis         XIX
    13_23, X:    13 C-G    22 X: +/+ cis         XIX
    15_49, X:    15 G-C    48 X: W/W tran        XXII
    20_57, X:    19 G-C    56 X: W/W cis         n/a
    27_45, X:    26 G-A    44 X: W/W cis         VIII
    28_29, X:    27 U-C    28 X:      stacked
    28_44, X:    27 U-A    43 X: -/- cis         XX
    29_43, X:    28 C-G    42 X: +/+ cis         XIX
    30_42, X:    29 G-C    41 X: +/+ cis         XIX
    31_41, X:    30 G-C    40 X: +/+ cis         XIX
    32_40, X:    31 G-C    39 X: +/+ cis         XIX
    50_66, X:    49 G-C    65 X: +/+ cis         XIX
    51_52, X:    50 U-C    51 X:      stacked
    51_65, X:    50 U-G    64 X: W/W cis         XXVIII
    52_64, X:    51 C-G    63 X: +/+ cis         XIX
    53_63, X:    52 G-C    62 X: +/+ cis         XIX
    54_62, X:    53 G-C    61 X: +/+ cis         XIX
    55_56, X:    54 U-U    55 X:      stacked
    55_59, X:    54 U-A    58 X: W/H tran        XXIV
    68_69, X:    67 C-C    68 X:      stacked
    72_73, X:    71 C-A    72 X:      stacked
    74_75, X:    73 A-C    74 X:      stacked
    75_76, X:    74 C-C    75 X:      stacked
     1_73, X:     1 C-A    72 X: W/W cis         !1H(b_b)
    34_38, X:    33 U-A    37 X: S/H tran        !1H(b_b)
     9_12, X:     9 G-G    12 X: H/H cis         !(s_s)
     9_13, X:     9 G-C    13 X: ?/W tran        !(s_s)
    17_61, X:    17 C-U    60 X: ./S cis         !(s_s)
    18_19, X:    17 U-G    18 X: S/? tran        !(s_s)
    47_48, X:    46 G-U    47 X: S/? tran        !(s_s)
    52_65, X:    51 C-G    64 X: W/W cis         !(s_s)
END_base-pair

Summary of triplets and higher multiplets
BEGIN_multiplets
10_26_46_| [1 3]  X: 10 G  +  X: 25 C  +  X: 45 G
END_multiplets

  The total base pairs =  26 (from   77 bases)
------------------------------------------------
 Standard  WW--cis  WW-tran  HH--cis  HH-tran  SS--cis  SS-tran
       19        3        1        0        0        0        0
  WH--cis  WH-tran  WS--cis  WS-tran  HS--cis  HS-tran
        0        2        0        0        1        0
------------------------------------------------
