The backbone torsional angle for nucleic acid 

 
Note: alpha:   O3'(i-1)-P-O5'-C5'
      beta:    P-O5'-C5'-C4'
      gamma:   O5'-C5'-C4'-C3'
      delta:   C5'-C4'-C3'-O3'
      epsilon: C4'-C3'-O3'-P(i+1)
      zeta:    C3'-O3'-P(i+1)-O5'(i+1)

      chi for pyrimidines(Y): O4'-C1'-N1-C2
          chi for purines(R): O4'-C1'-N9-C4

    (The number -9999.99 means that the angle can not be calculated) 

Ch Res  Num    alpha    beta     gamma    delta  epsilon    zeta     chi
X   C    1  -9999.99 -9999.99   171.85    80.86  -109.72   -89.93  -156.84
X   G    2    -85.13   144.19    75.75    80.66  -146.81   -62.03   177.73
X   C    3    -81.14  -173.22    64.64    81.81  -148.23   -66.80  -161.16
X   G    4    -78.91   174.58    61.45    79.79  -151.78   -67.96  -165.06
X   G    5    -68.85  -160.27    49.37   144.16  -164.08   -83.56  -115.68
X   G    6   -127.31   106.01   139.31    79.90  -143.75   -78.26   176.78
X   G    7    -52.85   179.13    60.75   145.28  -110.65   -25.16  -134.11
X   U    8    -91.69  -151.80    45.71    80.29  -155.11  -137.16  -161.63
X   G    9    -35.54  -164.84    44.62   144.37   -85.83  -118.90   -96.08
X   G   10    165.63  -136.11    57.88    81.52  -142.73   -80.86  -178.77
X   A   11    -87.81  -160.03    53.15    83.05  -127.42   -99.57  -170.92
X   G   12    -63.68   140.13    81.05    82.63  -136.63   -74.83  -152.70
X   C   13    -79.22   154.23    76.56    82.23  -157.27   -75.46  -148.85
X   A   14    -73.31  -174.17    58.22    80.35  -134.29   -52.65  -169.87
X   G   15    -69.99   174.68    61.07    76.72  -118.36   -40.98  -165.93
X   C   16    -99.66  -125.74    44.08   145.03   -90.54   -85.82  -150.87
X   C   17    -24.84   145.57    51.66    84.21  -105.60   -70.25  -149.16
X   U   17    176.16  -138.36    56.98   138.63   108.88    61.03  -162.84
X   G   18    167.06  -128.53   178.34   147.91  -132.30   -93.71  -149.00
X   G   19    164.21  -176.37   170.91   149.93   -81.96   -39.08  -112.55
X   U   20    165.99  -177.22   161.84    81.99  -101.84   -70.65   -99.07
X   A   21    -31.27  -126.62    55.18    75.63   143.78   -80.73  -103.31
X   G   22   -118.49   132.70   123.12    79.91  -136.47   -74.43  -162.75
X   C   23    -57.32   167.62    48.13    79.38  -129.87   -88.72  -154.31
X   U   24    -60.85   158.01    53.72    79.39  -130.09   -83.07  -162.05
X   C   25    -63.58   147.74    65.34    80.94  -142.39   -70.98  -161.77
X   G   26    -58.51   162.97    61.54    80.27  -136.40   -68.95  -170.11
X   U   27    -63.72  -172.27    37.44    79.49  -147.45   -74.09  -159.54
X   C   28    -65.03   164.23    56.96    78.79  -140.15   -81.72  -155.36
X   G   29    -64.41   163.09    55.73    80.57  -151.98   -77.94  -161.60
X   G   30    -62.92   172.40    52.30    80.20  -146.95   -78.04  -169.82
X   G   31    -59.42   172.47    54.53    79.76  -116.04   -81.34  -170.76
X   C   32    -63.32   155.29    63.04    80.94  -146.75   -85.28  -154.59
X   U   33    -56.83   163.24    51.60    80.72  -118.37   -65.22  -153.60
X   C   34    176.09   147.05    44.40    81.24  -119.18   -81.61  -162.56
X   A   35    -64.07   156.45    66.02    79.67  -154.87   -94.48  -137.79
X   U   36    -68.37   170.72    52.14    79.85  -127.94   -56.69  -152.84
X   A   37    -70.33   158.89    75.78    80.05  -149.96   -66.51  -155.95
X   A   38    -66.75   169.00    57.63    80.22  -129.62   -64.15  -175.64
X   C   39    -58.96   173.19    46.14    80.39  -147.05   -84.60  -159.43
X   C   40    -48.71   163.66    45.54    77.66  -139.49   -84.34  -156.07
X   C   41    -55.52   174.90    40.88    80.87  -140.81   -82.19  -164.04
X   G   42    -54.92   161.57    57.32    80.24  -152.92   -81.00  -157.19
X   A   43    -62.50   165.77    56.20    79.79  -140.82   -97.57  -167.23
X   A   44    -61.27   152.88    62.25    82.83  -133.52   -69.76  -167.18
X   G   45    -68.87   173.09    50.25    82.16  -109.75  -108.13  -170.10
X   G   46    -83.83  -144.79    67.80    82.39  -149.67   -91.08   -92.63
X   U   47    -60.25  -118.38  -149.53    82.05  -129.48    69.06  -166.52
X   C   48   -117.61  -132.92    95.44   124.53  -145.80    90.22  -152.89
X   G   49     42.15   170.51    50.66    81.30  -137.78   -79.00   179.33
X   U   50    -68.92   174.25    60.70    80.61  -139.57   -84.39  -160.25
X   C   51    -72.12   156.75    66.72    80.56  -148.04   -66.05  -158.25
X   G   52    -73.73   176.51    55.32    78.18  -152.58   -75.30  -169.68
X   G   53    -66.71   166.37    68.11    79.90  -155.26   -70.62  -179.14
X   U   54    -73.53  -167.09    53.34    81.35  -127.35   -66.39  -165.45
X   U   55    -60.81   156.85    64.47    78.12  -133.22   -46.65  -154.12
X   C   56    178.63   130.86    47.96    81.90  -132.99   -73.68  -158.53
X   A   57    -57.66   157.91    58.56    79.70  -153.11   -69.98  -161.90
X   A   58    -95.54  -121.91    75.79    84.05   164.68   -81.76  -100.00
X   A   59    176.17  -178.39    60.52    82.06  -132.96   -66.73   178.33
X   U   60    -58.54  -169.82    52.62   143.87  -101.04   -85.64  -139.91
X   C   61    -77.24   175.07    36.18    79.51  -138.01   -68.98  -166.19
X   C   62    -61.30  -175.69    43.92    79.45  -148.56   -92.94  -161.01
X   G   63    -53.79   164.22    48.07    80.33  -139.50   -82.64  -161.72
X   G   64    -54.78   158.80    51.60    79.31  -141.62   -77.74  -167.60
X   C   65    -51.70   157.63    60.90    81.04  -147.60   -73.36  -157.97
X   C   66    -65.48  -174.75    40.77    80.73  -138.45   -84.70  -165.72
X   C   67    -53.49   155.28    55.35    79.48  -150.17   -92.65  -161.29
X   C   68    -55.67   157.69    55.07    79.82  -145.65   -71.69  -154.48
X   C   69    -59.21   171.12    45.84    78.51  -143.67   -78.98  -161.43
X   G   70    -50.87   163.87    51.19    77.26  -146.95   -74.07  -179.72
X   C   71    -53.05   178.54    47.98    77.59  -123.18  -109.37  -162.86
X   A   72    -49.15   136.97    50.83    78.50  -144.50   -75.90  -153.50
X   A   73    -57.10   163.89    56.80    79.16  -144.74   -84.42  -159.05
X   C   74    -64.01   161.87    60.42    78.19  -131.05   -78.41  -144.65
X   C   75    -53.19   165.68    58.35    80.01  -112.59   161.30  -102.71
X   A   76    -80.61   142.96    30.77    80.50 -9999.99 -9999.99  -171.17
