The backbone torsional angle for nucleic acid 

 
Note: alpha:   O3'(i-1)-P-O5'-C5'
      beta:    P-O5'-C5'-C4'
      gamma:   O5'-C5'-C4'-C3'
      delta:   C5'-C4'-C3'-O3'
      epsilon: C4'-C3'-O3'-P(i+1)
      zeta:    C3'-O3'-P(i+1)-O5'(i+1)

      chi for pyrimidines(Y): O4'-C1'-N1-C2
          chi for purines(R): O4'-C1'-N9-C4

    (The number -9999.99 means that the angle can not be calculated) 

Ch Res  Num    alpha    beta     gamma    delta  epsilon    zeta     chi
B   G    1  -9999.99  -176.59    63.96    84.40  -155.27   -67.68  -165.87
B   C    2    -66.91  -175.08    45.76    82.16  -154.71   -70.34  -138.16
B   C    3    -59.48   170.71    50.23    80.75  -153.86   -65.30  -149.18
B   G    4    -64.02  -173.00    42.41    79.71  -155.53   -71.99  -155.83
B   G    5    -51.56   169.80    53.53    80.44  -166.76   -66.29  -159.86
B   G    6    150.01  -169.47  -173.20    82.77  -163.10   -64.55  -174.72
B   G    7   -172.53   171.38   168.19   149.68   -85.19   -37.94  -151.00
B   U    8    -50.61  -157.79    52.65    84.87  -137.99   -51.87  -151.38
B   G    9   -167.14    81.20  -164.96    94.50   127.92    91.93    71.92
B   G   10     92.11  -147.20    53.00    82.93  -153.47   -71.94  -178.03
B   C   11    -65.67  -179.42    51.48    76.89  -152.45   -78.18  -167.27
B   G   12    -58.81   179.54    53.52    84.35  -148.50   -66.28  -157.49
B   G   13    134.16  -139.72  -166.27    85.50  -159.14   -73.92   178.10
B   A   14    178.85   178.74   167.83    80.52  -115.86   -69.07   179.05
B   A   15    -51.32   160.82    53.08    85.10  -128.56   -72.17  -145.62
B   U   16   -166.41   173.19   171.17    85.24  -102.50  -148.53  -125.55
B   G   17     76.94   174.84    59.56    83.40  -161.40    89.65  -144.14
B   G   18    131.43   144.31   -55.70   134.05    77.83    81.64  -116.26
B   G   19   -154.88  -153.45    37.80   151.43   -82.56   113.85   -63.94
B   U   20     87.16   141.62   -32.76   153.86  -113.07   -61.15  -123.66
B   A   20    -64.88   174.22  -177.04    86.11  -144.01   -66.74  -161.30
B   G   21    -59.23   169.09    55.25    87.41  -165.17   157.41  -132.93
B   A   22    -64.20   143.40    49.66    84.09  -125.94   -56.49   175.15
B   C   23    -75.48  -178.20    44.62    82.81  -149.37   -68.32  -152.48
B   G   24    -63.99   164.36    62.49    79.03  -149.98   -73.91  -167.07
B   C   25    -62.12   174.74    54.42    79.30  -142.12   -67.53  -165.95
B   G   26    -65.30   172.12    58.52    83.53  -144.61   -65.31  -169.57
B   C   27    -68.24   176.14    56.86    81.52  -153.52   -68.53  -157.08
B   A   28    -61.43  -179.41    52.82    84.13  -156.33   -86.51  -147.18
B   U   29    156.59  -158.69   166.39    82.10  -141.10   -70.31  -154.45
B   G   30    -67.80   177.51    56.89    84.21  -158.79   -69.47  -172.56
B   A   31    171.55  -171.62   168.71    83.77  -142.64   -62.06   170.43
B   C   32    -66.72  -154.49    49.42    68.30 -9999.99 -9999.99  -123.79
B   A   38  -9999.99  -148.77  -178.95    84.86  -143.71   -63.43  -130.49
B   U   39    -63.36   176.79    50.48    83.98  -162.98   -79.72  -136.09
B   C   40    170.82  -157.08   158.81    84.77  -139.70   -68.23  -142.53
B   A   41    -72.83  -179.67    48.08    83.60  -157.69   -67.14  -150.20
B   U   42    -68.45  -179.30    49.21    81.52  -157.53   -69.92  -152.21
B   G   43    -63.08   175.41    53.53    81.02  -149.54   -67.64  -167.78
B   U   44    -59.36   175.77    50.89    82.42  -126.07  -129.36  -156.85
B   G   45     56.08  -169.54    59.88    85.75  -147.24   -70.39  -178.75
B   C   46    -62.80  -177.29    46.89    85.25  -152.97   -63.14  -163.46
B   G   47    -72.05  -174.41    46.72    81.62  -130.58   -60.68  -154.33
B   C   47    154.59   156.74    47.76    84.73  -166.40   -68.21  -123.14
B   A   47    175.86  -135.88   142.41    87.71  -106.79  -136.08  -134.34
B   A   47    101.44  -108.96  -175.59    85.05   -96.96   -60.46  -124.09
B   G   47    128.82  -130.11  -164.89    82.23  -152.91   -68.01  -174.91
B   C   47    -50.68  -173.27    42.64    81.67  -177.58   -66.75  -158.06
B   G   47    159.61  -151.13   170.30    83.40  -108.72  -103.47   171.48
B   U   48   -142.92   144.67   165.96   147.75  -142.88    86.28  -150.52
B   G   49     61.32   145.58    54.66    82.03  -147.24   -72.09   174.45
B   C   50    -61.90  -169.48    45.00    82.40  -150.93   -73.91  -157.33
B   G   51    -58.42   176.08    42.24    82.30  -171.43   -77.76  -158.81
B   G   52    161.43  -159.11   165.52    79.19  -131.19   -64.79   178.80
B   G   53    -53.80   178.43    46.09    80.70  -162.25   -71.02  -163.03
B   U   54    -58.24   179.75    49.14    81.85  -138.08   -59.54  -153.98
B   U   55    -68.39  -176.79    45.39    83.07  -150.49   -77.20  -137.78
B   C   56    172.36   178.88    49.30    82.35  -143.36   -61.43  -156.07
B   A   57    -67.34   176.57    53.74    84.13  -136.08   -77.67  -161.66
B   A   58    -46.09  -143.71    50.90   154.18   -81.17   177.56   -78.61
B   G   59     81.52  -157.60    62.07    84.36  -155.54   -58.56  -151.56
B   U   60    152.86  -167.77  -176.75   146.45   -86.60   -51.92  -126.10
B   C   61    -71.65   178.29    40.52    81.93  -150.68   -72.15  -163.04
B   C   62    -63.15  -170.69    41.73    81.24  -156.20   -68.28  -148.21
B   C   63    -61.03  -171.17    39.16    80.62  -151.52   -70.99  -147.07
B   G   64    -65.90   175.18    53.02    81.96  -150.55   -66.43  -166.97
B   C   65    -64.39   179.81    55.29    82.94  -170.78   -75.34  -160.00
B   C   66    -63.18  -175.76    54.26    84.54  -150.12   -73.90  -169.86
B   C   67    -61.48   168.27    56.32    84.14  -159.49   -74.16  -166.36
B   C   68    -66.32  -175.85    51.47    84.44  -155.05   -74.77  -152.92
B   C   69    -62.25   174.37    51.07    83.47  -156.38   -65.34  -148.43
B   G   70    -67.97  -173.84    45.88    81.68  -155.34   -72.23  -159.31
B   G   71    -60.62   174.32    54.76    83.23  -165.16   -67.49  -160.02
B   C   72    172.80  -175.07   164.60    82.58  -105.72   -76.48  -150.02
B   A   73     68.95  -114.01   -96.08    86.96  -146.28  -129.44  -157.86
B   C   74     38.26   149.22    54.60    80.12    61.78  -176.95  -117.51
B   C   75    -89.25   151.23    40.63    81.14    46.62   -89.35  -131.33
B   A   76    177.14  -153.70   157.98    72.69 -9999.99 -9999.99   -95.95
E   G    1  -9999.99  -176.60    63.99    84.59  -155.69   -67.54  -165.52
E   C    2    -67.95  -174.09    46.29    82.15  -154.52   -70.66  -138.13
E   C    3    -59.25   170.64    50.32    80.97  -153.65   -65.52  -149.36
E   G    4    -64.23  -172.95    42.40    79.85  -155.72   -71.89  -155.54
E   G    5    -51.88   169.94    53.85    80.77  -165.76   -66.99  -160.29
E   G    6    150.05  -169.41  -172.76    83.26  -162.81   -66.81  -174.31
E   G    7   -175.71   173.76   170.41   149.18   -84.97   -38.18  -151.05
E   U    8    -49.00  -157.98    51.67    84.46  -136.69   -51.53  -151.11
E   G    9   -165.26    79.42  -165.07    95.80   124.47    93.19    74.05
E   G   10     90.71  -147.13    54.85    82.28  -152.29   -72.82  -177.65
E   C   11    -66.62  -178.68    52.59    78.55  -151.05   -80.68  -164.90
E   G   12    -57.53   179.20    52.28    84.02  -147.73   -66.14  -155.73
E   G   13    132.58  -140.38  -163.95    85.57  -159.14   -74.47   178.37
E   A   14    176.89  -179.79   169.48    79.95  -114.50   -70.60   178.27
E   A   15    -48.75   160.51    50.74    85.77  -128.83   -72.53  -146.05
E   U   16   -167.26   173.74   172.01    85.00  -102.95  -148.16  -125.68
E   G   17     76.78   174.48    60.12    83.70  -160.99    89.19  -144.32
E   G   18    130.51   143.53   -54.60   133.87    78.59    81.31  -115.83
E   G   19   -155.51  -152.35    37.80   151.48   -82.95   114.19   -63.51
E   U   20     86.12   140.64   -31.15   153.95  -111.26   -62.71  -124.53
E   A   20    -53.74   172.21   172.49    88.31  -149.06   -67.11  -174.60
E   G   21    -64.80   172.39    56.77    88.69  -163.68   155.54  -133.62
E   A   22    -62.84   142.70    48.29    83.46  -128.35   -53.62   176.29
E   C   23    -75.13   179.34    45.69    81.14  -148.82   -66.77  -155.57
E   G   24    -66.80   163.23    64.59    77.51  -149.48   -74.30  -167.61
E   C   25    -60.67   174.04    54.61    78.39  -141.93   -66.76  -164.09
E   G   26    -63.57   171.08    57.48    81.65  -145.93   -63.52  -168.68
E   C   27    -67.96   174.94    57.27    80.75  -152.82   -68.57  -157.40
E   A   28    -61.82  -178.89    53.66    83.96  -155.56   -86.92  -146.77
E   U   29    156.14  -158.45   166.70    81.98  -140.73   -70.97  -154.56
E   G   30    -67.14   177.32    56.44    84.43  -159.21   -69.29  -172.49
E   A   31    171.57  -171.58   168.50    83.80  -142.74   -62.01   170.50
E   C   32    -66.70  -154.34    49.57    68.36 -9999.99 -9999.99  -123.77
E   A   38  -9999.99  -148.71  -178.69    84.83  -143.48   -63.51  -130.56
E   U   39    -63.15   177.02    50.33    83.74  -162.88   -79.59  -135.75
E   C   40    170.65  -157.19   158.98    84.37  -139.41   -68.22  -142.85
E   A   41    -72.00  -179.82    47.36    83.86  -157.83   -66.97  -150.09
E   U   42    -68.31  -179.72    49.36    82.03  -158.03   -69.53  -152.44
E   G   43    -64.82   175.40    54.66    80.85  -150.47   -66.53  -167.98
E   U   44    -59.85   176.27    51.38    82.49  -124.94  -128.62  -156.89
E   G   45     55.86  -169.29    59.27    84.84  -147.26   -69.15  -177.64
E   C   46    -62.83  -177.71    47.71    84.09  -152.26   -62.85  -163.15
E   G   47    -70.44  -174.94    46.64    82.02  -131.51   -69.35  -154.01
E   C   47    157.57   167.25    51.03    84.91  -154.33   -96.90  -148.61
E   A   47    144.71  -116.81   168.44    84.72  -125.23   -84.55  -162.37
E   A   47    -73.23   164.94    57.56    85.64  -132.09   -52.80  -133.17
E   G   47    143.44  -138.90  -170.33    83.65  -153.33   -71.14  -176.40
E   C   47    -58.27   177.37    50.93    79.04  -159.65   -94.35  -160.12
E   G   47    145.60  -120.97   178.04    78.07   -99.57  -106.75   168.56
E   U   48   -143.03   143.33   165.79   148.73  -140.78    84.16  -149.75
E   G   49     62.97   144.91    53.20    82.71  -147.59   -72.55   174.08
E   C   50    -61.10  -168.56    43.29    84.46  -151.24   -75.38  -157.93
E   G   51    -58.10   175.38    41.62    82.99  -171.77   -78.57  -159.62
E   G   52    161.36  -158.17   165.20    79.81  -131.08   -64.79   178.18
E   G   53    -54.58   177.95    47.21    81.25  -162.09   -71.29  -162.52
E   U   54    -59.69   179.79    49.94    81.95  -138.25   -59.76  -153.23
E   U   55    -68.17  -176.83    44.98    82.73  -150.17   -76.99  -137.11
E   C   56    173.13   178.89    48.19    82.30  -143.99   -61.39  -157.10
E   A   57    -67.79   176.87    54.02    84.15  -135.51   -79.74  -162.19
E   A   58    -44.13  -146.47    51.65   154.51   -81.28   177.86   -79.72
E   G   59     79.78  -153.88    62.43    85.18  -155.62   -60.08  -149.47
E   U   60    152.93  -166.12  -177.12   146.08   -86.90   -51.98  -123.31
E   C   61    -71.58   179.05    39.86    81.71  -150.59   -71.75  -163.85
E   C   62    -61.90  -170.47    40.65    81.57  -155.73   -68.23  -148.20
E   C   63    -61.14  -171.22    39.09    80.53  -150.89   -71.40  -147.04
E   G   64    -65.31   175.41    52.72    82.03  -150.60   -67.16  -166.80
E   C   65    -63.88   179.12    55.87    82.66  -171.17   -74.48  -160.20
E   C   66    -62.61  -176.07    53.79    84.80  -151.43   -72.24  -170.59
E   C   67    -63.45   169.52    57.02    84.33  -159.70   -73.70  -166.68
E   C   68    -66.14  -176.57    51.07    84.14  -155.37   -74.25  -151.96
E   C   69    -62.66   173.99    51.27    83.07  -156.44   -65.69  -147.69
E   G   70    -67.24  -175.09    45.55    81.79  -155.52   -72.62  -159.75
E   G   71    -60.30   173.40    54.96    82.84  -165.36   -66.88  -159.94
E   C   72    172.88  -175.04   164.45    81.99  -105.80   -76.44  -150.33
E   A   73     69.17  -114.32   -96.26    86.73  -146.48  -128.43  -157.51
E   C   74     37.82   149.23    54.65    79.39    61.77  -178.89  -117.73
E   C   75    -88.53   151.81    39.70    81.18    45.54   -88.54  -131.94
E   A   76    175.16  -153.84   159.56    73.49 -9999.99 -9999.99   -94.68
