PDB data file name: ./Datasets/pdb_select_tRNA/7a09_f.pdb_new
-----------------------------------------------------------
CRITERIA USED TO GENERATE BASE-PAIR: 
  3.40 --> upper H-bond length limits (ON..ON).
 26.00 --> max. distance between paired base origins.
  2.50 --> max. vertical distance between paired base origins.
 65.00 --> max. angle between paired bases [0-90].
  5.40 --> min. distance between RN9/YN1 atoms.
  8.00 --> max. distance criterion for helix break[0-12]
-----------------------------------------------------------
BASE-PAIR INSTRUCTIONS: 
Column 1 is rnaview assigned base numbers n1_n2, start from 1.
Column 2 & 3 are chain ID & residue number in input PDB file.
Column 4 is for base pair. The left & right are the bases as 
         identified by column 2 & 3 and 5 & 6.
Column 5 & 6 are residue number & chain ID in input PDB file.
Column 7 is for base pair annotation. The standard Watson-Crick
         (W.C.) pairs are annotated as -/- (AU,AT) or +/+ (GC).
         Other pairs are annotated as Leontis_Westhof Classification.
         The three edges: W(Watson-Crick); H(Hoogsteen); S(suger).
         e.g. W/H means the pair is edge of Watson-Crick & Hoogsteen.
Column 8 is glycosidic bond orientation (either cis or trans).
         e.g. 'W/H cis' means the pair is interaction on Watson-Crick
         and Hoogsteen side, glycosidic bond orientation is 'cis'.
Column 9 corresponds to Saenger Classification.

Other columns: 
        Syn sugar-base conformations are annotated as (syn).
        Stacked base pairs are annotated as (stack).
        Non-identified edges are annotated as (.) or (?)
        Tertiary interactions are marked by (!) in the line.
Reference:
Yang et al (2003) Nucleic Acids Research, Vol31,No13,p3450-3461.
-----------------------------------------------------------
BEGIN_base-pair
     4_68, F:     4 A-U    69 F: -/- cis         XX
     6_66, F:     6 A-U    67 F: -/- cis         XX
    49_63, F:    50 A-U    64 F: -/- cis         XX
     3_69, F:     3 C-G    70 F: +/+ cis         XIX
    11_23, F:    11 C-G    24 F: +/+ cis         XIX
    13_21, F:    13 C-G    22 F: +/+ cis         XIX
    26_42, F:    27 C-G    43 F: +/+ cis         XIX
     5_67, F:     5 G-C    68 F: +/+ cis         XIX
     7_65, F:     7 G-C    66 F: +/+ cis         XIX
    12_22, F:    12 G-C    23 F: +/+ cis         XIX
    18_55, F:    19 G-C    56 F: +/+ cis    syn    XIX
    28_40, F:    29 G-C    41 F: +/+ cis         XIX
    29_39, F:    30 G-C    40 F: +/+ cis         XIX
    30_38, F:    31 G-C    39 F: +/+ cis         XIX
    48_64, F:    49 G-C    65 F: +/+ cis         XIX
    51_61, F:    52 G-C    62 F: +/+ cis         XIX
    52_60, F:    53 G-C    61 F: +/+ cis         XIX
    50_62, F:    51 U-A    63 F: -/- cis         XX
    31_37, F:    32 C-A    38 F: W/W cis         n/a
    11_24, F:    11 C-U    25 F: W/W cis         XVIII
     2_71, F:     2 G-U    72 F: W/W cis         XXVIII
    10_24, F:    10 G-U    25 F: W/W cis         XXVIII
    27_41, F:    28 U-A    42 F: W/W cis         n/a
    15_47, F:    15 G-C    48 F: W/W tran        XXII
    53_57, F:    54 A-A    58 F: W/H tran        V
     8_14, F:     8 U-A    14 F: W/H tran        XXIV
    21_45, F:    22 G-G    46 F: H/W tran     syn  VII
     9_22, F:     9 A-C    23 F: H/H tran   syn    n/a
    10_44, F:    10 G-G    45 F: H/S cis         n/a
END_base-pair

Summary of triplets and higher multiplets
BEGIN_multiplets
9_12_22_| [1 3]  F: 9 A  +  F: 12 G  +  F: 23 C
10_24_44_| [2 3]  F: 10 G  +  F: 25 U  +  F: 45 G
13_21_45_| [3 3]  F: 13 C  +  F: 22 G  +  F: 46 G
END_multiplets

  The total base pairs =  29 (from   75 bases)
------------------------------------------------
 Standard  WW--cis  WW-tran  HH--cis  HH-tran  SS--cis  SS-tran
       18        5        1        0        1        0        0
  WH--cis  WH-tran  WS--cis  WS-tran  HS--cis  HS-tran
        0        3        0        0        1        0
------------------------------------------------
