The backbone torsional angle for nucleic acid 

 
Note: alpha:   O3'(i-1)-P-O5'-C5'
      beta:    P-O5'-C5'-C4'
      gamma:   O5'-C5'-C4'-C3'
      delta:   C5'-C4'-C3'-O3'
      epsilon: C4'-C3'-O3'-P(i+1)
      zeta:    C3'-O3'-P(i+1)-O5'(i+1)

      chi for pyrimidines(Y): O4'-C1'-N1-C2
          chi for purines(R): O4'-C1'-N9-C4

    (The number -9999.99 means that the angle can not be calculated) 

Ch Res  Num    alpha    beta     gamma    delta  epsilon    zeta     chi
F   A    1  -9999.99 -9999.99  -172.89    85.22   -99.22   -57.84  -145.68
F   G    2   -117.47    91.58   142.79    83.23  -111.92   -82.89   153.44
F   C    3    -86.37  -178.97    55.43    82.41  -147.19   -71.56  -160.74
F   A    4    -64.92   164.19    57.59    73.98  -134.55   -97.44  -173.37
F   G    5    -31.78   145.98    41.22    80.32  -139.83  -121.50  -174.11
F   A    6     19.01   117.32    19.68    78.49  -152.04   -88.13  -163.64
F   G    7    -49.45   153.41    72.15   148.72   -87.30   -44.34  -140.88
F   U    8    -83.39  -150.07    36.29    78.96  -154.89  -125.95  -161.89
F   A    9    -42.61  -164.57    53.61   147.06  -100.72   -58.55   -73.95
F   G   10   -178.63   154.52    60.86    81.59  -151.85   -63.16  -176.24
F   C   11    -71.21  -171.51    55.33    78.87  -166.58   -78.84  -167.69
F   G   12   -179.19  -138.36   131.35    78.38  -144.95   -66.28   178.91
F   C   13    157.62  -178.75  -173.98    81.37  -163.05   -85.27  -162.76
F   A   14    -69.27   166.80    61.95    75.91  -143.60   -49.71  -168.47
F   G   15    -96.54  -156.15    66.74    80.71  -118.62   165.29  -151.96
F   C   16     83.18    97.93   146.51   143.06  -105.87    -3.21  -113.73
F   G   18   -137.87  -102.94  -168.76   150.28  -137.99  -138.18  -125.01
F   G   19   -122.06  -134.00    89.01   152.68   -94.97    31.13   -72.03
F   A   20    127.81  -177.67   179.76   144.17   -69.35  -133.21    54.12
F   A   21   -112.94  -159.96    25.90   145.23  -157.91   160.43   -42.76
F   G   22     46.61  -101.78  -149.35    81.47  -151.18   -78.29  -178.34
F   C   23    -60.47  -175.02    53.34    83.00  -147.56   -91.04  -167.80
F   G   24   -164.93  -164.22   114.40    81.27  -136.62   -71.09  -169.57
F   U   25    -55.69   158.75    66.65    82.16  -132.15   -72.54  -151.60
F   G   26    -59.11   176.28    35.12    80.31  -139.92   -84.38  -177.97
F   C   27    -48.07   160.43    55.12    83.10  -142.42   -97.93  -174.46
F   U   28    -70.65   178.48    47.48    78.71  -136.65   -58.75  -161.91
F   G   29    -69.82   179.62    57.91    70.30  -151.35   -76.38  -169.87
F   G   30    -55.18   165.46    65.88    77.17  -133.53   -76.00  -171.59
F   G   31    -53.73   160.15    61.17    73.80  -139.68   -84.04  -176.37
F   C   32    -56.87  -179.76    40.83    76.39  -142.88   -53.97  -167.31
F   C   33    -80.66  -156.92    60.33    80.61  -131.37   -51.95  -135.20
F   C   34    157.30   138.08    75.85    83.31   -94.87  -106.74  -139.93
F   A   35    101.28  -123.60  -158.19    79.10  -134.74   -48.10   176.03
F   U   36   -163.02   147.66   149.00    79.23  -115.76   -69.50    -1.33
F   A   37    -65.70   149.75    76.83    77.19  -119.37   -70.07   174.88
F   A   38    -73.93   165.50    54.27    82.12  -128.98   -75.74  -176.09
F   C   39    -55.54   155.29    72.09    83.34  -148.88   -72.97  -170.24
F   C   40    -68.18  -178.02    40.09    79.71  -157.14   -77.63  -157.77
F   C   41    -63.43   169.12    66.14    79.49  -137.44   -78.64  -158.41
F   A   42    -67.66   155.07    75.04    84.29  -146.72   -71.19  -155.87
F   G   43    -62.64   172.59    55.19    79.61  -154.36   -86.64  -141.41
F   A   44    -57.54   162.52    57.47    79.58  -132.24   -29.30  -135.26
F   G   45   -118.47   111.16   160.85    81.49  -110.75   -39.05  -151.72
F   G   46    -80.58  -130.28    35.56   141.65  -122.01  -140.78   -75.79
F   U   47     91.33   136.74    43.74    85.94   -79.10  -143.16  -159.00
F   C   48   -157.20   -83.90  -121.19   148.47  -140.39    99.99  -157.95
F   G   49    -77.78  -158.07   161.87    86.86  -111.95   -90.12   164.87
F   A   50    -78.70   164.06    49.23    80.02  -157.46   -77.82  -165.21
F   U   51    -57.82   169.51    59.60    82.97   -95.70  -117.72  -161.26
F   G   52     85.76  -110.16  -157.42    81.12  -130.86   -70.73   178.33
F   G   53    -56.18   173.22    46.10    78.03  -153.20   -87.03  -160.58
F   A   54    -49.36   169.30    51.03    82.19  -118.41   -88.03  -179.81
F   U   55    -32.90   146.12    35.44    81.94  -108.80   -62.00  -149.54
F   C   56   -134.47   137.46    17.52    83.94  -169.35   -85.69  -157.77
F   G   57    155.74  -136.71   159.92    78.66  -142.72  -117.45  -179.27
F   A   58     72.42   114.38     7.60   144.16  -140.17  -103.75  -106.93
F   A   59   -150.33   118.46    17.56    77.98  -139.83   -94.13  -179.61
F   A   60    -45.03   158.31    71.06   145.26  -109.58   -43.57  -136.34
F   C   61    -90.48  -175.94    42.96    81.51  -156.16   -77.21  -163.99
F   C   62    -74.86  -162.75    49.83    87.24  -146.46   -70.62  -162.41
F   A   63    -67.04   170.88    42.29    74.86  -141.55   -93.44  -161.24
F   U   64    -48.23   148.20    67.04    81.85  -140.71   -78.94  -161.29
F   C   65    -61.40   158.41    58.94    84.03  -156.35   -71.65  -157.60
F   C   66    -68.09  -173.42    51.12    84.74  -143.50   -73.47  -166.18
F   U   67    -57.33   167.00    49.62    81.60  -174.21   -86.16  -154.78
F   C   68    164.10  -142.74   161.04    82.08  -148.69   -98.34  -174.35
F   U   69   -166.81  -145.38   113.01    77.77  -130.47   -91.30  -163.46
F   G   70    -81.03   130.83    93.65    82.88   -95.47  -124.96   177.20
F   C   71    -50.30   125.59    54.69    82.58  -106.84  -118.32  -141.32
F   U   72    126.82  -137.21   168.65    80.78  -140.61   -69.85  -155.63
F   A   73    -63.86   178.96    67.52   138.89  -129.55    -3.48    95.78
F   C   74   -141.32    90.50   142.11    84.96   -95.17   128.65  -131.15
F   C   75     18.52  -132.65  -145.56    73.30  -170.68   130.53  -153.38
F   A   76   -159.54  -121.88   154.94   152.01 -9999.99 -9999.99   -57.89
