The backbone torsional angle for nucleic acid 

 
Note: alpha:   O3'(i-1)-P-O5'-C5'
      beta:    P-O5'-C5'-C4'
      gamma:   O5'-C5'-C4'-C3'
      delta:   C5'-C4'-C3'-O3'
      epsilon: C4'-C3'-O3'-P(i+1)
      zeta:    C3'-O3'-P(i+1)-O5'(i+1)

      chi for pyrimidines(Y): O4'-C1'-N1-C2
          chi for purines(R): O4'-C1'-N9-C4

    (The number -9999.99 means that the angle can not be calculated) 

Ch Res  Num    alpha    beta     gamma    delta  epsilon    zeta     chi
F   G    1  -9999.99 -9999.99   -92.48    97.57  -131.53   -93.64   170.34
F   C    2     34.41   127.22   -29.21    60.52   166.37   -65.48  -143.75
F   G    3   -160.27  -147.19   128.57    75.63  -134.25   -89.02  -172.04
F   G    4    -60.20   155.64    62.14    78.82  -151.60   -66.32  -174.76
F   A    5    -71.87  -177.19    53.01    82.27  -147.07   -69.26  -161.93
F   U    6    -65.10   163.53    63.05    78.27  -149.02   -74.50  -168.31
F   U    7    -57.70   177.38    62.79   132.04  -102.32   -54.01  -130.72
F   U    8    -80.42  -140.85    50.73    80.91  -147.81  -112.41  -159.53
F   A    9    -69.46  -136.90    48.92   151.28   -98.84   -81.60   -67.94
F 2MG   10   -177.64   147.78    57.55    91.57  -134.61   -76.56   173.38
F   C   11    -74.19   179.43    57.79    89.44  -145.99   -71.15  -161.36
F   U   12    -69.08   172.64    49.41    82.48  -161.87   -73.23  -159.99
F   C   13    137.60  -155.58  -163.43    79.64  -169.54   -79.40  -168.10
F   A   14    131.06   177.26  -152.80    91.28  -117.28   -65.39  -175.31
F   G   15    -50.52   159.92    42.10    80.07  -142.53  -158.08  -166.80
F H2U   16     57.12  -149.91    55.31   154.67    79.07   -85.33   -37.77
F H2U   17    165.87   158.08    30.23   136.36   -96.78   -82.38  -102.21
F   G   18   -108.05   136.44   -67.37   177.28   -95.37  -179.03   -95.31
F   G   19    -76.19   176.75    59.52   157.00   -89.11   -82.58   -79.87
F   G   20    -69.04  -158.46    37.45    92.25  -127.40   -67.03   179.14
F   A   21    140.43  -152.51   -70.94    89.66   179.06   -80.94  -148.71
F   G   22    154.99   161.33   178.02    87.40  -148.74   -78.71  -176.69
F   A   23    -59.86  -179.95    47.44    84.07  -151.97   -73.54  -161.53
F   G   24    -52.39   174.35    33.10    87.71  -147.05   -66.96  -158.34
F   C   25    -57.65   168.88    48.41    77.96  -160.40   -50.17  -161.52
F M2G   26    -83.56  -177.15    62.14    82.29  -136.34   -71.73  -163.05
F   C   27    -59.72   171.57    48.46    81.79  -147.65   -73.75  -163.24
F   C   28    -72.18   175.02    54.05    81.17  -147.24   -76.14  -162.35
F   A   29    -56.98   165.18    52.63    82.52  -159.86   -72.15  -164.76
F   G   30    -59.14  -176.80    39.42    81.98  -165.77   -57.38  -157.41
F   A   31    -70.50  -176.38    49.10    87.58  -143.19   -62.26  -158.20
F OMC   32    -70.10  -179.70    47.76    85.82  -163.21   -50.64  -145.07
F   U   33    -96.59  -149.41    55.47    88.21  -148.42   -37.16  -144.93
F OMG   34   -165.82   107.51    48.20    86.55  -132.04   -82.15   175.06
F   A   35     34.03  -175.79   -64.34   100.43  -143.14   -78.73  -142.47
F   A   36    -65.20   148.57    58.74    80.51  -150.57   -65.12  -154.24
F  YG   37    -64.23   167.81    64.13    81.87  -162.78   -49.59  -173.45
F   A   38    -92.28  -174.58    59.66    75.14  -146.36   -62.10  -173.12
F PSU   39    -83.39  -179.68    70.10    84.76  -151.38   -69.72 -9999.99
F 5MC   40    -89.50   169.00    73.71    81.52  -141.85   -96.58  -175.99
F   U   41     41.44   161.58   -46.58    98.65  -152.49   -68.70  -155.99
F   G   42    -57.77   161.79    58.70    82.67  -156.65   -80.37  -170.13
F   G   43    -53.49   168.39    51.99    83.75  -150.72   -78.20  -160.01
F   A   44    -71.21   156.24    69.67    84.06  -140.02   -57.69  -158.23
F   G   45    -67.04   177.32    48.24    89.45  -127.71   -83.81  -150.89
F 7MG   46    -53.21  -144.71    43.00   147.47   -99.45  -134.43   -63.16
F   U   47     43.89  -157.63    53.51   148.13   -87.43   -80.22  -115.80
F   C   48    -65.67  -175.10   153.00   139.19  -141.24    79.66  -142.91
F 5MC   49     49.70   172.89    41.40    85.27  -152.56   -77.39  -172.05
F   U   50    -48.27   177.33    37.36    84.49  -149.77   -79.45  -165.22
F   G   51    -42.54   174.00    31.94    86.55  -154.16   -73.20  -155.42
F   U   52    -62.84   166.49    51.00    80.97  -159.58   -66.66  -167.54
F   G   53    -59.72   172.65    54.64    83.08  -166.46   -60.72  -173.13
F 5MU   54    -84.49  -167.89    57.72    80.66  -136.35   -68.04  -155.94
F PSU   55    -55.25   171.87    44.86    79.52  -136.89   -78.09 -9999.99
F   C   56    179.56   178.65    46.28    85.84  -145.42   -62.56  -169.59
F   G   57    -61.67   167.52    55.86    81.69  -114.59   -85.44  -159.96
F 1MA   58    -76.36  -150.93    69.34   155.05   -63.00  -168.83   -85.43
F   U   59     50.03  -158.36    67.58    86.15  -149.50   -55.39  -168.50
F   C   60    -71.79  -179.06    63.76   150.65   -94.84   -69.09  -115.40
F   C   61    -82.05   179.35    33.70    83.21  -157.17   -70.05  -169.97
F   A   62    -73.19  -173.12    51.75    82.93  -156.96   -67.93  -161.74
F   C   63    -81.08   175.22    62.39    82.12  -151.03   -74.98  -157.27
F   A   64    -57.79   176.52    38.95    76.99  -145.69   -75.97  -160.74
F   G   65    -42.07   157.48    48.99    79.42  -154.56   -74.31  -172.44
F   A   66    -65.55   175.29    58.69    80.10  -148.01   -74.32  -166.14
F   A   67    -62.78   171.50    48.87    88.60  -158.34   -76.45  -156.32
F   U   68    -61.08   173.66    46.89    82.12  -152.81   -66.09  -161.68
F   U   69    -64.96   177.52    56.17    77.97  -151.27   -85.52  -162.36
F   C   70    -50.17   156.38    44.89    68.61  -138.48   -81.75  -159.95
F   G   71    -63.84   142.63    74.70    79.87  -174.12   -57.59  -179.67
F   C   72    -92.98  -145.08    57.99    74.49  -119.19  -131.06  -158.06
F   A   73     -4.06    93.05    64.36    66.67  -149.60  -118.57  -162.85
F   C   74    -18.37   124.93    52.80    81.79  -103.85   -59.08  -160.41
F   C   75    -48.34   129.41    91.63    74.31   -76.27   -30.19  -159.85
F   A   76    175.54  -157.43    60.71   101.32 -9999.99 -9999.99  -161.02
