PDB data file name: ./Datasets/pdb_select_tRNA/3jce_9.pdb_new
-----------------------------------------------------------
CRITERIA USED TO GENERATE BASE-PAIR: 
  3.40 --> upper H-bond length limits (ON..ON).
 26.00 --> max. distance between paired base origins.
  2.50 --> max. vertical distance between paired base origins.
 65.00 --> max. angle between paired bases [0-90].
  5.40 --> min. distance between RN9/YN1 atoms.
  8.00 --> max. distance criterion for helix break[0-12]
-----------------------------------------------------------
BASE-PAIR INSTRUCTIONS: 
Column 1 is rnaview assigned base numbers n1_n2, start from 1.
Column 2 & 3 are chain ID & residue number in input PDB file.
Column 4 is for base pair. The left & right are the bases as 
         identified by column 2 & 3 and 5 & 6.
Column 5 & 6 are residue number & chain ID in input PDB file.
Column 7 is for base pair annotation. The standard Watson-Crick
         (W.C.) pairs are annotated as -/- (AU,AT) or +/+ (GC).
         Other pairs are annotated as Leontis_Westhof Classification.
         The three edges: W(Watson-Crick); H(Hoogsteen); S(suger).
         e.g. W/H means the pair is edge of Watson-Crick & Hoogsteen.
Column 8 is glycosidic bond orientation (either cis or trans).
         e.g. 'W/H cis' means the pair is interaction on Watson-Crick
         and Hoogsteen side, glycosidic bond orientation is 'cis'.
Column 9 corresponds to Saenger Classification.

Other columns: 
        Syn sugar-base conformations are annotated as (syn).
        Stacked base pairs are annotated as (stack).
        Non-identified edges are annotated as (.) or (?)
        Tertiary interactions are marked by (!) in the line.
Reference:
Yang et al (2003) Nucleic Acids Research, Vol31,No13,p3450-3461.
-----------------------------------------------------------
BEGIN_base-pair
     2_72, 9:     2 C-C    72 9: W/W cis         n/a
      3_4, 9:     3 C-C     4 9:      stacked
     3_71, 9:     3 C-G    71 9: +/+ cis         XIX
     4_69, 9:     4 C-G    69 9: +/+ cis         XIX
     4_70, 9:     4 C-G    70 9: W/W tran        XXII
      5_6, 9:     5 G-G     6 9:      stacked
     5_68, 9:     5 G-C    68 9: +/+ cis         XIX
      6_7, 9:     6 G-A     7 9:      stacked
     6_67, 9:     6 G-C    67 9: W/S cis         n/a
     7_66, 9:     7 A-U    66 9: W/W cis         n/a
     8_13, 9:     8 U-C    13 9:      stacked
     8_14, 9:     8 U-A    14 9: W/H tran        XXIV
     8_22, 9:     8 U-G    22 9:      stacked
    10_11, 9:    10 G-C    11 9:      stacked
    10_25, 9:    10 G-C    25 9: +/+ cis         XIX
    11_24, 9:    11 C-G    24 9: W/W cis         n/a
    12_13, 9:    12 U-C    13 9:      stacked
    12_23, 9:    12 U-A    23 9: -/- cis         XX
    13_22, 9:    13 C-G    22 9: +/+ cis         XIX
    14_15, 9:    14 A-G    15 9:      stacked
    15_48, 9:    15 G-C    48 9: W/W tran        XXII
    19_56, 9:    19 G-C    56 9: W/W cis    syn    n/a
    28_42, 9:    28 G-C    42 9: +/+ cis         XIX
    29_41, 9:    29 G-C    41 9: +/+ cis         XIX
    30_31, 9:    30 G-A    31 9:      stacked
    30_40, 9:    30 G-C    40 9: +/+ cis         XIX
    35_36, 9:    35 A-A    36 9:      stacked
    40_41, 9:    40 C-C    41 9:      stacked
    42_43, 9:    42 C-C    43 9:      stacked
    48_59, 9:    48 C-U    59 9:      stacked
    50_51, 9:    50 U-U    51 9:      stacked
    50_64, 9:    50 U-A    64 9: -/- cis         XX
    51_63, 9:    51 U-G    63 9: W/W cis         XXVIII
    51_64, 9:    51 U-A    64 9:      stacked
    53_58, 9:    53 G-A    58 9: W/H tran     syn  n/a
    53_61, 9:    53 G-C    61 9: +/+ cis         XIX
    54_58, 9:    54 U-A    58 9: W/H tran     syn  XXIV
    61_62, 9:    61 C-C    62 9:      stacked
     3_70, 9:     3 C-G    70 9: W/W tran        !1H(b_b)
     7_67, 9:     7 A-C    67 9: W/S cis         !1H(b_b).
    14_21, 9:    14 A-A    21 9: W/S tran        !1H(b_b).
     8_21, 9:     8 U-A    21 9: S/W tran        !(b_s)
     8_46, 9:     8 U-G    46 9: S/S cis      syn  !(b_s)
    18_55, 9:    18 G-U    55 9: W/S tran     syn  !(b_s)
      8_9, 9:     8 U-A     9 9: S/H cis         !(s_s)
     9_13, 9:     9 A-C    13 9: ./H tran        !(s_s)
    16_19, 9:    16 U-G    19 9: W/S cis      syn  !(s_s)
    19_20, 9:    19 G-U    20 9: S/H cis    syn    !(s_s)
    22_46, 9:    22 G-G    46 9: H/W tran     syn  !(s_s)
    28_41, 9:    28 G-C    41 9: W/W cis         !(s_s)
    75_76, 9:    75 C-A    76 9: S/? tran   syn    !(s_s)
END_base-pair
  The total base pairs =  22 (from   76 bases)
------------------------------------------------
 Standard  WW--cis  WW-tran  HH--cis  HH-tran  SS--cis  SS-tran
       11        5        2        0        0        0        0
  WH--cis  WH-tran  WS--cis  WS-tran  HS--cis  HS-tran
        0        3        1        0        0        0
------------------------------------------------
