PDB data file name: ./Datasets/pdb_select_tRNA_NoCopie/6o8w_u.pdb_new
-----------------------------------------------------------
CRITERIA USED TO GENERATE BASE-PAIR: 
  3.40 --> upper H-bond length limits (ON..ON).
 26.00 --> max. distance between paired base origins.
  2.50 --> max. vertical distance between paired base origins.
 65.00 --> max. angle between paired bases [0-90].
  5.40 --> min. distance between RN9/YN1 atoms.
  8.00 --> max. distance criterion for helix break[0-12]
-----------------------------------------------------------
BASE-PAIR INSTRUCTIONS: 
Column 1 is rnaview assigned base numbers n1_n2, start from 1.
Column 2 & 3 are chain ID & residue number in input PDB file.
Column 4 is for base pair. The left & right are the bases as 
         identified by column 2 & 3 and 5 & 6.
Column 5 & 6 are residue number & chain ID in input PDB file.
Column 7 is for base pair annotation. The standard Watson-Crick
         (W.C.) pairs are annotated as -/- (AU,AT) or +/+ (GC).
         Other pairs are annotated as Leontis_Westhof Classification.
         The three edges: W(Watson-Crick); H(Hoogsteen); S(suger).
         e.g. W/H means the pair is edge of Watson-Crick & Hoogsteen.
Column 8 is glycosidic bond orientation (either cis or trans).
         e.g. 'W/H cis' means the pair is interaction on Watson-Crick
         and Hoogsteen side, glycosidic bond orientation is 'cis'.
Column 9 corresponds to Saenger Classification.

Other columns: 
        Syn sugar-base conformations are annotated as (syn).
        Stacked base pairs are annotated as (stack).
        Non-identified edges are annotated as (.) or (?)
        Tertiary interactions are marked by (!) in the line.
Reference:
Yang et al (2003) Nucleic Acids Research, Vol31,No13,p3450-3461.
-----------------------------------------------------------
BEGIN_base-pair
     7_66, U:     7 A-U    66 U: -/- cis         XX
     2_71, U:     2 C-G    71 U: +/+ cis         XIX
     3_70, U:     3 C-G    70 U: +/+ cis         XIX
     4_69, U:     4 C-G    69 U: +/+ cis         XIX
    11_24, U:    11 C-G    24 U: +/+ cis         XIX
    13_22, U:    13 C-G    22 U: +/+ cis         XIX
    49_65, U:    49 C-G    65 U: +/+ cis         XIX
     1_72, U:     1 G-C    72 U: +/+ cis         XIX
     5_68, U:     5 G-C    68 U: +/+ cis         XIX
     6_67, U:     6 G-C    67 U: +/+ cis         XIX
    10_25, U:    10 G-C    25 U: +/+ cis         XIX
    27_43, U:    27 G-C    43 U: +/+ cis         XIX
    28_42, U:    28 G-C    42 U: +/+ cis         XIX
    29_41, U:    29 G-C    41 U: +/+ cis         XIX
    30_40, U:    30 G-C    40 U: +/+ cis         XIX
    52_62, U:    52 G-C    62 U: +/+ cis         XIX
    53_61, U:    53 G-C    61 U: +/+ cis         XIX
    12_23, U:    12 U-A    23 U: -/- cis         XX
    50_64, U:    50 U-A    64 U: -/- cis         XX
    26_44, U:    26 A-G    44 U: W/W cis         VIII
    51_63, U:    51 U-G    63 U: W/W cis         XXVIII
    15_48, U:    15 G-C    48 U: W/W tran        XXII
    20_60, U:    20 U-U    60 U: W/W tran        XII,XIII
    31_39, U:    31 A-U    39 U: W/H cis      syn  XXIII
     8_14, U:     8 U-A    14 U: W/H tran        XXIV
    54_58, U:    54 U-A    58 U: W/H tran     syn  XXIV
    18_55, U:    18 G-U    55 U: W/S tran        n/a
    22_46, U:    22 G-G    46 U: H/W tran        VII
     9_23, U:     9 A-A    23 U: H/H tran   syn    II
END_base-pair

Summary of triplets and higher multiplets
BEGIN_multiplets
9_12_23_| [1 3]  U: 9 A  +  U: 12 U  +  U: 23 A
13_22_46_| [2 3]  U: 13 C  +  U: 22 G  +  U: 46 G
END_multiplets

  The total base pairs =  29 (from   76 bases)
------------------------------------------------
 Standard  WW--cis  WW-tran  HH--cis  HH-tran  SS--cis  SS-tran
       19        2        2        0        1        0        0
  WH--cis  WH-tran  WS--cis  WS-tran  HS--cis  HS-tran
        1        3        0        1        0        0
------------------------------------------------
