PDB data file name: tRNA_dataset/2zm5_chain_D.pdb_new
-----------------------------------------------------------
CRITERIA USED TO GENERATE BASE-PAIR: 
  3.40 --> upper H-bond length limits (ON..ON).
 26.00 --> max. distance between paired base origins.
  2.50 --> max. vertical distance between paired base origins.
 65.00 --> max. angle between paired bases [0-90].
  5.40 --> min. distance between RN9/YN1 atoms.
  8.00 --> max. distance criterion for helix break[0-12]
-----------------------------------------------------------
BASE-PAIR INSTRUCTIONS: 
Column 1 is rnaview assigned base numbers n1_n2, start from 1.
Column 2 & 3 are chain ID & residue number in input PDB file.
Column 4 is for base pair. The left & right are the bases as 
         identified by column 2 & 3 and 5 & 6.
Column 5 & 6 are residue number & chain ID in input PDB file.
Column 7 is for base pair annotation. The standard Watson-Crick
         (W.C.) pairs are annotated as -/- (AU,AT) or +/+ (GC).
         Other pairs are annotated as Leontis_Westhof Classification.
         The three edges: W(Watson-Crick); H(Hoogsteen); S(suger).
         e.g. W/H means the pair is edge of Watson-Crick & Hoogsteen.
Column 8 is glycosidic bond orientation (either cis or trans).
         e.g. 'W/H cis' means the pair is interaction on Watson-Crick
         and Hoogsteen side, glycosidic bond orientation is 'cis'.
Column 9 corresponds to Saenger Classification.

Other columns: 
        Syn sugar-base conformations are annotated as (syn).
        Stacked base pairs are annotated as (stack).
        Non-identified edges are annotated as (.) or (?)
        Tertiary interactions are marked by (!) in the line.
Reference:
Yang et al (2003) Nucleic Acids Research, Vol31,No13,p3450-3461.
-----------------------------------------------------------
BEGIN_base-pair
     5_68, D:     5 G-C    68 D: +/+ cis         XIX
     6_67, D:     6 G-C    67 D: +/+ cis         XIX
     7_66, D:     7 A-U    66 D: -/- cis         XX
     8_14, D:     8 U-A    14 D: W/H tran        XXIV
     8_15, D:     8 U-G    15 D:      stacked
     8_21, D:     8 U-A    21 D: S/W tran        n/a
     9_23, D:     9 A-A    23 D: H/H tran        II
    10_25, D:    10 G-C    25 D: +/+ cis         XIX
    11_24, D:    11 C-G    24 D: +/+ cis         XIX
    12_23, D:    12 U-A    23 D: -/- cis         XX
    13_22, D:    13 C-G    22 D: +/+ cis         XIX
    15_48, D:    15 G-C    48 D: W/W tran        XXII
    16_59, D:    16 U-U    59 D: W/W tran        XII,XIII
    18_55, D:    18 G-U    55 D: W/S tran        n/a
    19_56, D:    19 G-C    56 D: +/+ cis         XIX
    22_46, D:    22 G-G    46 D: H/W tran        VII
    24_44, D:    24 G-G    44 D: H/W tran        VII
    27_43, D:    27 G-C    43 D: +/+ cis         XIX
    28_42, D:    28 G-C    42 D: +/+ cis         XIX
    29_41, D:    29 G-C    41 D: +/+ cis         XIX
    30_40, D:    30 G-C    40 D: +/+ cis         XIX
    31_39, D:    31 A-U    39 D: -/- cis         XX
    48_59, D:    48 C-U    59 D:      stacked
    49_65, D:    49 C-G    65 D: +/+ cis         XIX
    50_64, D:    50 U-A    64 D: -/- cis         XX
    50_65, D:    50 U-G    65 D:      stacked
    51_52, D:    51 U-G    52 D:      stacked
    51_63, D:    51 U-G    63 D: W/W cis         XXVIII
    52_62, D:    52 G-C    62 D: +/+ cis         XIX
    53_61, D:    53 G-C    61 D: +/+ cis         XIX
    54_58, D:    54 U-A    58 D: W/H tran        XXIV
     3_69, D:     3 C-G    69 D: W/W cis         !1H(b_b).
     7_65, D:     7 A-G    65 D: W/W cis         !1H(b_b)
    10_44, D:    10 G-G    44 D: W/W cis         !1H(b_b)
    14_21, D:    14 A-A    21 D: W/S cis         !1H(b_b).
    32_38, D:    32 U-A    38 D: W/W cis         !1H(b_b)
    32_36, D:    32 U-A    36 D: S/W tran        !(b_s)
     4_69, D:     4 C-G    69 D: W/W cis         !(s_s)
    19_20, D:    19 G-U    20 D: S/. tran        !(s_s)
    20_21, D:    20 U-A    21 D: S/H cis         !(s_s)
    32_33, D:    32 U-U    33 D: S/. cis         !(s_s)
    33_34, D:    33 U-G    34 D: S/S cis      syn  !(s_s)
    35_36, D:    35 A-A    36 D: S/H cis         !(s_s)
    55_57, D:    55 U-G    57 D: S/H tran        !(s_s)
END_base-pair

Summary of triplets and higher multiplets
BEGIN_multiplets
8_14_21_| [1 3]  D: 8 U  +  D: 14 A  +  D: 21 A
9_12_23_| [2 3]  D: 9 A  +  D: 12 U  +  D: 23 A
11_24_44_| [3 3]  D: 11 C  +  D: 24 G  +  D: 44 G
13_22_46_| [4 3]  D: 13 C  +  D: 22 G  +  D: 46 G
END_multiplets

  The total base pairs =  27 (from   69 bases)
------------------------------------------------
 Standard  WW--cis  WW-tran  HH--cis  HH-tran  SS--cis  SS-tran
       17        1        2        0        1        0        0
  WH--cis  WH-tran  WS--cis  WS-tran  HS--cis  HS-tran
        0        4        0        2        0        0
------------------------------------------------
