BEGIN_base-pair
    49_63, A:    50 A-U    64 A: -/- cis         XX
    50_62, A:    51 U-A    63 A: S/W cis         n/a
    52_60, A:    53 G-C    61 A: W/S cis         n/a
    53_57, A:    54 A-A    58 A: W/H tran        V
    61_62, A:    62 C-A    63 A: S/H cis         n/a
    61_62,-
49_63_50_62_52_60_53_57_61_62_0, click this line to see above pattern
0_0,---------
     7_65, A:     8 G-C    66 A: +/+ cis         XIX
     9_22, A:    10 G-C    23 A: H/H tran   syn    n/a
    10_24, A:    11 G-U    25 A: W/W cis         XXVIII
    10_43, A:    11 G-A    44 A: H/W cis         IX
    10_44, A:    11 G-G    45 A: H/S cis         n/a
    11_23, A:    12 C-G    24 A: +/+ cis         XIX
    11_23,-
7_65_9_22_10_24_10_43_10_44_11_23_0, click this line to see above pattern
0_0,---------
    11_23, A:    12 C-G    24 A: +/+ cis         XIX
    12_21, A:    13 G-G    22 A: W/W cis         n/a
    12_22, A:    13 G-C    23 A: W/W cis         n/a
    13_21, A:    14 C-G    22 A: S/W cis         n/a
    15_47, A:    16 G-C    48 A: W/S tran        n/a
    17_54, A:    18 G-U    55 A: W/S tran        n/a
    21_45, A:    22 G-G    46 A: H/W tran     syn  VII
    23_44, A:    24 G-G    45 A: W/W tran        III
    25_43, A:    26 G-A    44 A: W/W cis         VIII
    27_41, A:    28 U-A    42 A: W/W cis         n/a
    28_40, A:    29 G-C    41 A: S/W cis         n/a
    49_63, A:    50 A-U    64 A: -/- cis         XX
    49_63,-
11_23_12_21_12_22_13_21_15_47_17_54_21_45_23_44_25_43_27_41_28_40_49_63_0, click this line to see above pattern
0_0,---------
END_base-pair
