The backbone torsional angle for nucleic acid 

 
Note: alpha:   O3'(i-1)-P-O5'-C5'
      beta:    P-O5'-C5'-C4'
      gamma:   O5'-C5'-C4'-C3'
      delta:   C5'-C4'-C3'-O3'
      epsilon: C4'-C3'-O3'-P(i+1)
      zeta:    C3'-O3'-P(i+1)-O5'(i+1)

      chi for pyrimidines(Y): O4'-C1'-N1-C2
          chi for purines(R): O4'-C1'-N9-C4

    (The number -9999.99 means that the angle can not be calculated) 

Ch Res  Num    alpha    beta     gamma    delta  epsilon    zeta     chi
2   U    1  -9999.99  -151.78    53.86    81.70  -143.62   -78.13  -170.80
2   U    2    -67.30   178.42    49.98    81.41  -145.11   -71.75  -167.00
2   C    3    -62.08   168.99    54.49    79.23  -150.40   -72.66  -167.82
2   C    4    -62.67   172.64    54.51    78.71  -146.44   -70.36  -167.25
2   U    5    -62.90   170.46    58.76    79.36  -151.79   -84.23  -165.17
2   C    6    -62.16   166.34    59.04    82.39  -153.56   -75.39  -163.33
2   G    7    -66.50   177.50    70.12   153.70   -79.96   -64.35  -133.51
2   U    8    -76.95  -169.37    64.43    82.19   -95.58  -146.48  -144.62
2   G    9     51.80  -145.30   -93.77   147.06   -89.18   -83.88   -99.49
2   G   10    160.08  -142.68    61.76    83.95  -147.30   -68.09  -179.51
2   C   11    -65.39  -170.84    47.08    80.74  -118.84   -98.14  -158.51
2   C   12    -61.54   125.08    76.92    80.85  -137.16   -66.68  -173.55
2   C   13    -63.97   176.26    50.35    81.77  -151.53   -95.68  -166.49
2   A   14    -63.49   156.46    67.27    79.79  -147.40   -68.29   179.14
2   A   15    -59.48   164.25    73.61   146.61  -117.78   -59.09  -147.84
2   U   16    103.14   155.73    50.17   146.13  -160.21   -82.46  -127.36
2   G   17   -170.07  -136.95   -54.09   146.31  -122.03  -126.90  -101.38
2   G   18    -92.43  -167.51    51.05   146.52   -66.40    95.05   -58.56
2   U   19   -125.93  -134.96   159.69   149.12  -107.83   -83.89  -123.08
2   C   20    -49.46  -154.48  -174.26    81.62  -103.91   130.34  -160.09
2   A   21    -26.46   142.27   -37.68    82.28   176.65  -100.10  -173.70
2   C   22    -49.33   169.18    60.37    82.95  -148.78   -64.57  -167.33
2   G   23    156.74   178.21   166.72    81.52  -111.07  -105.17  -172.57
2   G   24    -53.91   124.03    67.55    80.13  -140.19   -83.31  -176.01
2   C   25    -59.52   172.01    47.77    81.15  -135.15   -59.02  -171.51
2   G   26    -65.01   170.08    57.61    80.45  -139.64   -72.95   171.18
2   U   27    -67.71  -173.36    49.70    81.74  -149.42   -69.55  -166.95
2   C   28    -63.92   168.93    54.77    80.99  -154.50   -76.55  -166.08
2   U   29    -62.63  -177.77    45.06    80.59  -149.38   -75.26  -163.68
2   G   30    -62.58  -179.03    42.13    80.98  -145.56   -79.74  -177.34
2   G   31    -53.80   167.48    53.35    81.91  -149.92   -72.63  -179.36
2   C   32    -66.96  -163.75    46.42    83.17  -127.65   -75.12  -170.41
2   U   33    -53.69   159.96    55.03    81.84  -109.05   -93.20  -160.32
2   U   34    172.10  -170.23    39.96    81.48  -137.67   -67.45   179.60
2   C   35    -65.95   173.89    54.67    81.45  -153.94   -75.28  -172.46
2   G   36    -66.56   172.62    57.66    81.16  -158.78   -69.82  -175.25
2   A   37    167.12  -167.62   169.40    82.10  -115.67   -71.32   171.94
2   A   38    -59.69   155.75    54.42    83.47  -129.77   -75.67  -171.80
2   C   39    -51.89   156.61    52.62    83.92  -133.40   -94.80  -161.73
2   C   40    -46.78   148.01    55.60    82.17  -127.79   -76.84  -160.22
2   A   41    164.92  -177.30   163.85    81.57  -123.24   -85.98  -155.82
2   G   42     92.31  -133.72  -127.46    82.35  -173.64   -86.37  -171.16
2   A   43   -164.64  -137.28   128.61    81.69  -133.15   -90.30  -173.23
2   A   44    -53.47   152.45    54.40    82.09  -142.37   -72.97  -168.77
2   G   45    -58.44   164.50    51.50    81.65  -110.51  -105.23  -164.32
2   A   46    -49.33  -166.81    60.21   145.01   -92.26   -78.20   -75.38
2   U   47    -80.96   137.63  -178.41   146.29   -91.68     3.66  -133.03
2   U   48   -105.12  -149.45   172.45   148.46  -114.62    67.32  -141.83
2   C   49    109.60   121.19    24.47    82.37  -146.11   -79.19  -164.43
2   C   50    -50.39   164.68    49.54    81.82  -134.87   -88.61  -158.98
2   A   51    -48.15   165.21    32.71    80.02  -168.31   -84.93  -159.97
2   G   52    149.61  -148.34   177.20    81.53  -119.91   -99.37   170.99
2   G   53    -48.47   152.57    49.59    81.44  -143.11   -76.28   179.77
2   U   54    -67.14  -168.60    42.11    82.46  -121.03   -83.85  -160.84
2   U   55    -51.70   147.74    54.00    80.10  -126.64   -51.22  -158.22
2   C   56   -167.57   130.19    44.28    82.63  -148.30   -73.98  -164.49
2   A   57    -64.03  -179.89    47.90    81.42   -94.48  -161.78  -161.06
2   A   58     99.38   -75.46  -152.84   149.87  -103.30   -98.60  -134.17
2   G   59     68.41  -160.51    91.09    83.57  -158.31   -24.85   170.57
2   U   60   -100.40  -173.90    72.49   144.58   -88.66   -58.28  -127.40
2   C   61    -99.00  -178.29    32.77    78.97  -155.52   -71.97  -164.72
2   C   62    -64.63   170.74    57.31    79.98  -151.35   -74.66  -165.40
2   U   63    -58.90   176.26    53.73    80.82   -96.79  -110.20  -157.92
2   G   64     85.96  -118.27  -149.86    81.71  -147.98   -84.29  -169.37
2   G   65    -56.18   163.51    53.63    84.32  -137.72   -80.42  -164.85
2   C   66    -49.25   155.77    49.29    82.79  -118.20   -91.20  -157.68
2   G   67    -58.98   152.03    48.65    78.81  -147.74   -73.09  -165.80
2   G   68    -60.02   178.15    43.72    77.52  -150.74   -80.28  -171.87
2   G   69    -56.20   165.99    53.52    79.23  -146.23   -83.07  -176.04
2   G   70    -58.14   166.84    53.85    81.09  -146.64   -83.34  -177.82
2   A   71    -64.03   174.80    51.18    83.22  -142.59   -78.60  -174.77
2   A   72    -55.22   167.04    51.16    83.58  -121.69  -119.87  -170.17
2   G   73    108.28  -115.16  -170.09    84.72   -73.99    86.84   170.35
2   C   74   -174.76  -109.47    85.96    83.00  -153.17  -119.82  -159.38
2   C   75     64.21  -168.71   -69.52   152.44  -154.15   -82.57  -141.96
2   A   76    -82.49  -163.61    40.81   141.71 -9999.99 -9999.99    83.09
