PDB data file name: ./Datasets/pdb_select_tRNA/5d8b_B(BD).pdb_new
-----------------------------------------------------------
CRITERIA USED TO GENERATE BASE-PAIR: 
  3.40 --> upper H-bond length limits (ON..ON).
 26.00 --> max. distance between paired base origins.
  2.50 --> max. vertical distance between paired base origins.
 65.00 --> max. angle between paired bases [0-90].
  5.40 --> min. distance between RN9/YN1 atoms.
  8.00 --> max. distance criterion for helix break[0-12]
-----------------------------------------------------------
BASE-PAIR INSTRUCTIONS: 
Column 1 is rnaview assigned base numbers n1_n2, start from 1.
Column 2 & 3 are chain ID & residue number in input PDB file.
Column 4 is for base pair. The left & right are the bases as 
         identified by column 2 & 3 and 5 & 6.
Column 5 & 6 are residue number & chain ID in input PDB file.
Column 7 is for base pair annotation. The standard Watson-Crick
         (W.C.) pairs are annotated as -/- (AU,AT) or +/+ (GC).
         Other pairs are annotated as Leontis_Westhof Classification.
         The three edges: W(Watson-Crick); H(Hoogsteen); S(suger).
         e.g. W/H means the pair is edge of Watson-Crick & Hoogsteen.
Column 8 is glycosidic bond orientation (either cis or trans).
         e.g. 'W/H cis' means the pair is interaction on Watson-Crick
         and Hoogsteen side, glycosidic bond orientation is 'cis'.
Column 9 corresponds to Saenger Classification.

Other columns: 
        Syn sugar-base conformations are annotated as (syn).
        Stacked base pairs are annotated as (stack).
        Non-identified edges are annotated as (.) or (?)
        Tertiary interactions are marked by (!) in the line.
Reference:
Yang et al (2003) Nucleic Acids Research, Vol31,No13,p3450-3461.
-----------------------------------------------------------
BEGIN_base-pair
     2_72, B:     2 G-C    71 B: +/+ cis         XIX
     3_71, B:     3 C-G    70 B: +/+ cis         XIX
      4_5, B:     4 G-G     5 B:      stacked
     4_70, B:     4 G-C    69 B: +/+ cis         XIX
     5_69, B:     5 G-C    68 B: +/+ cis         XIX
     5_70, B:     5 G-C    69 B:      stacked
      6_7, B:     6 G-G     7 B:      stacked
     6_68, B:     6 G-C    67 B: +/+ cis         XIX
     6_69, B:     6 G-C    68 B:      stacked
     7_67, B:     7 G-C    66 B: +/+ cis         XIX
     8_14, B:     8 U-A    14 B: W/H tran        XXIV
    10_26, B:    10 G-C    25 B: +/+ cis         XIX
    10_46, B:    10 G-G    45 B: H/S cis         n/a
    11_25, B:    11 A-U    24 B: -/- cis         XX
    12_13, B:    12 G-C    13 B:      stacked
    12_24, B:    12 G-C    23 B: +/+ cis         XIX
    13_23, B:    13 C-G    22 B: +/+ cis         XIX
    15_49, B:    15 G-C    48 B: W/W tran        XXII
    20_57, B:    19 G-C    56 B: W/W cis         n/a
    27_45, B:    26 G-A    44 B: W/W cis         VIII
    28_29, B:    27 U-C    28 B:      stacked
    28_44, B:    27 U-A    43 B: -/- cis         XX
    29_43, B:    28 C-G    42 B: +/+ cis         XIX
    30_42, B:    29 G-C    41 B: +/+ cis         XIX
    31_41, B:    30 G-C    40 B: +/+ cis         XIX
    32_40, B:    31 G-C    39 B: +/+ cis         XIX
    50_66, B:    49 G-C    65 B: +/+ cis         XIX
    51_52, B:    50 U-C    51 B:      stacked
    51_65, B:    50 U-G    64 B: W/W cis         XXVIII
    52_64, B:    51 C-G    63 B: +/+ cis         XIX
    53_63, B:    52 G-C    62 B: +/+ cis         XIX
    54_62, B:    53 G-C    61 B: +/+ cis         XIX
    55_56, B:    54 U-U    55 B:      stacked
    55_59, B:    54 U-A    58 B: W/H tran        XXIV
    68_69, B:    67 C-C    68 B:      stacked
    72_73, B:    71 C-A    72 B:      stacked
    74_75, B:    73 A-C    74 B:      stacked
    75_76, B:    74 C-C    75 B:      stacked
     1_73, B:     1 C-A    72 B: W/W cis         !1H(b_b)
    34_38, B:    33 U-A    37 B: S/H tran        !1H(b_b)
     9_12, B:     9 G-G    12 B: H/H cis         !(s_s)
     9_13, B:     9 G-C    13 B: ?/W tran        !(s_s)
    17_61, B:    17 C-U    60 B: ./S cis         !(s_s)
    18_19, B:    17 U-G    18 B: S/? tran        !(s_s)
    47_48, B:    46 G-U    47 B: S/? tran        !(s_s)
    52_65, B:    51 C-G    64 B: W/W cis         !(s_s)
END_base-pair

Summary of triplets and higher multiplets
BEGIN_multiplets
10_26_46_| [1 3]  B: 10 G  +  B: 25 C  +  B: 45 G
END_multiplets

  The total base pairs =  26 (from   77 bases)
------------------------------------------------
 Standard  WW--cis  WW-tran  HH--cis  HH-tran  SS--cis  SS-tran
       19        3        1        0        0        0        0
  WH--cis  WH-tran  WS--cis  WS-tran  HS--cis  HS-tran
        0        2        0        0        1        0
------------------------------------------------
