The backbone torsional angle for nucleic acid 

 
Note: alpha:   O3'(i-1)-P-O5'-C5'
      beta:    P-O5'-C5'-C4'
      gamma:   O5'-C5'-C4'-C3'
      delta:   C5'-C4'-C3'-O3'
      epsilon: C4'-C3'-O3'-P(i+1)
      zeta:    C3'-O3'-P(i+1)-O5'(i+1)

      chi for pyrimidines(Y): O4'-C1'-N1-C2
          chi for purines(R): O4'-C1'-N9-C4

    (The number -9999.99 means that the angle can not be calculated) 

Ch Res  Num    alpha    beta     gamma    delta  epsilon    zeta     chi
W   G    1  -9999.99 -9999.99    60.40    83.31  -152.81   -95.71  -167.63
W   C    2    158.06  -148.64   170.13    85.87  -134.38   -70.78  -165.24
W   C    3    -62.68   167.75    50.31    82.96  -149.33  -100.34  -158.43
W   C    4    144.13  -153.02  -179.86    85.13  -127.82   -69.04   176.82
W   G    5    -68.43  -178.14    42.24    75.82  -156.32   -80.48  -170.41
W   G    6    -45.87   158.49    66.24    82.24  -153.19   -67.40  -175.89
W   A    7    -43.66  -177.04    58.58   138.70   -95.05   -53.33  -116.22
W   U    8    -65.55  -158.51    51.64    86.82  -162.36   -94.38  -161.31
W   A    9    -78.20  -124.73    49.11   140.92   -99.26   -60.64   -78.41
W   G   10   -172.04   134.04    48.87    86.55  -141.82   -78.15   176.78
W   C   11    -58.90   177.38    54.36    86.85  -138.92   -72.50  -158.16
W   U   12    -70.29   178.79    49.89    81.76  -161.65   -76.70  -140.25
W   C   13    146.90  -138.02  -173.86    86.63  -148.26   -51.11  -179.02
W   A   14   -143.75   111.76   171.54    85.22  -125.40   -32.36   161.36
W   G   15   -101.86   172.24    64.26    85.52  -174.72  -102.98  -164.24
W   U   16   -122.59   103.08  -134.61    77.55  -121.57   -54.69  -133.36
W   C   17     55.98    75.48   141.14   145.86  -166.87   112.80   -95.05
W   G   18     47.24   173.95    52.45   145.38  -137.33  -171.80  -119.92
W   G   19    157.03  -122.45   174.51   141.48   -82.35   -48.92  -102.43
W   U   20    -94.76  -145.00    49.03    83.36  -163.42   -58.92  -164.00
W   A   21    119.12  -142.47   -55.78    99.57   178.88   -76.16  -130.75
W   G   22    147.15   176.69   174.95    82.77  -161.51  -102.53  -164.23
W   A   23    145.41  -139.23  -176.91    84.91  -111.84   -78.28  -166.21
W   G   24    -71.09   159.95    50.90    83.96  -136.99   -80.79  -171.70
W   C   25    -56.72   165.26    51.10    82.03  -155.79   -70.07  -152.67
W   A   26    -54.57   165.01    53.17    79.45  -140.15   -59.33  -175.51
W   G   27    -64.47   179.99    45.46    79.63  -145.17   -70.66  -157.05
W   G   28    -55.90   170.49    52.96    81.61  -160.72   -67.11  -155.77
W   G   29    -75.79  -168.66    45.43    81.68  -151.98   -69.63  -162.19
W   G   30    -67.53   175.51    54.60    81.49  -169.74   -74.48  -162.13
W   A   31    -81.44  -169.40    62.14    92.50  -150.30   -59.84  -167.86
W   U   32    -69.57  -178.27    51.81    84.09  -143.34   -65.09  -135.66
W   U   33    -55.67   172.04    59.98    85.69  -139.47   -77.37  -157.07
W   G   34    138.27   164.29    49.46    84.99  -145.20   -64.60  -176.73
W   A   35    -69.08  -172.93    47.10    84.73  -143.15   -73.23  -137.86
W   A   36    -50.93   165.53    51.86    82.77  -169.24   -66.01  -134.37
W   A   37    140.28  -162.78  -171.73    84.04  -130.27   -72.80  -158.60
W   A   38    -55.14   150.78    56.68    82.90  -166.50    25.00  -155.03
W   U   39    -55.68   -65.23   -81.56    95.96  -150.55   -42.40    24.68
W   C   40    -86.15  -164.71    43.02    84.17  -150.34  -120.12  -139.04
W   C   41    147.02  -132.83   168.11    85.94  -117.46   -87.74   170.69
W   C   42    -45.01   154.99    43.38    80.56  -140.94  -119.56  -168.13
W   C   43    136.54  -120.11  -177.96    88.40  -123.00  -102.65   165.99
W   G   44    -30.39   139.04    53.05    85.85  -101.87   -89.73   176.96
W   U   45    -81.71   165.27    55.21    83.28  -157.68   -91.92  -117.54
W   G   46    -25.76   159.34    65.92   132.10  -101.17   -59.17  -101.14
W   U   47   -156.78   140.68   -70.35   139.31  -114.10   -34.93  -148.92
W   C   48    -66.08  -143.59   157.56   143.65  -146.73    89.61  -129.04
W   C   49     37.01   161.41    49.76    83.61  -134.58   -71.57  -172.64
W   U   50    -64.10   178.05    55.06    82.12  -160.20   -65.58  -161.66
W   U   51    -72.87  -175.06    51.34    84.21  -156.81  -102.23  -142.88
W   G   52    147.99  -134.78   168.10    85.79  -141.19   -79.72  -176.63
W   G   53    -75.72   170.44    60.85    86.45  -167.91   -55.20  -175.45
W   U   54    -82.75  -156.14    50.12    85.01  -142.55   -60.85  -158.95
W   U   55    -73.39  -178.62    48.98    84.49  -144.66   -72.49    60.03
W   C   56    170.77   175.08    52.05    86.96  -112.10   -78.75  -140.31
W   G   57     47.85  -115.89  -100.64    86.49  -154.82   -15.77   149.32
W   A   58    -80.55  -145.73    60.49   143.67  -133.78  -156.63  -138.90
W   U   59    168.85  -166.78    49.10    80.35  -140.55   -51.77  -173.43
W   U   60    -57.29   174.90    56.56   143.30  -142.63   -49.47   -96.18
W   C   61   -118.73  -151.95    46.02    80.31  -144.47   -87.26  -137.24
W   C   62    -65.61   164.42    52.16    83.68  -154.17   -79.38  -154.00
W   G   63    -67.69  -179.84    51.72    84.14  -150.70   -74.12  -161.53
W   A   64    -53.51   163.59    48.18    82.50  -150.14   -76.65  -161.30
W   G   65    -61.13   176.90    51.30    83.66  -144.41   -84.91  -163.92
W   U   66    -61.19   164.79    48.71    81.86  -153.16   -73.69  -147.65
W   C   67    -54.30   170.45    49.97    84.56  -147.09   -83.28  -154.05
W   C   68    -64.16   163.45    51.40    82.83  -156.93   -75.16  -145.68
W   G   69    -51.35   167.77    51.13    80.72  -127.75   -79.66  -176.37
W   G   70     41.14  -138.07   -80.23    94.36  -151.50   -86.58  -160.95
W   G   71    145.09  -126.50   168.97    83.31  -114.73   -88.95   168.53
W   C   72    -57.17   158.45    49.65    76.18  -155.92   -73.88  -162.80
W   A   73    -51.69   171.29    49.53    76.77  -152.01  -102.80  -159.98
W   C   74    129.75  -137.84  -172.28    84.73  -132.16   -74.14  -176.52
W   C   75    -47.36   168.77    45.28    87.54  -133.03   128.63  -140.65
W   A   76     17.50    95.02    -1.30    73.05 -9999.99 -9999.99  -136.06
