The backbone torsional angle for nucleic acid 

 
Note: alpha:   O3'(i-1)-P-O5'-C5'
      beta:    P-O5'-C5'-C4'
      gamma:   O5'-C5'-C4'-C3'
      delta:   C5'-C4'-C3'-O3'
      epsilon: C4'-C3'-O3'-P(i+1)
      zeta:    C3'-O3'-P(i+1)-O5'(i+1)

      chi for pyrimidines(Y): O4'-C1'-N1-C2
          chi for purines(R): O4'-C1'-N9-C4

    (The number -9999.99 means that the angle can not be calculated) 

Ch Res  Num    alpha    beta     gamma    delta  epsilon    zeta     chi
B   G    6  -9999.99  -147.29   164.69    82.42  -137.91   -64.26  -166.26
B   U    7    -67.56  -176.44    48.22    86.30  -158.75   -78.02  -150.93
B   U    8    -78.49   178.94    54.24    79.32  -154.12   -71.64  -149.71
B   A    9    -64.48   169.10    54.54    79.82  -148.28   -77.44  -163.35
B   U   10    -61.70   168.54    55.39    79.12  -146.05   -72.87  -160.58
B   A   11    -66.37   167.57    59.70    79.59  -144.17   -69.51  -165.08
B   U   12    -64.99   164.20    61.22    79.60  -144.35   -68.44  -165.85
B   G   13    -63.28   162.32    62.93    83.40  -128.52  -156.10  -162.79
B   A   14    -56.92   130.12    57.56    82.70  -133.88   -49.31  -170.39
B   C   15    -73.45   171.01    57.46    80.08  -154.86   -70.56  -160.95
B   U   16    147.26  -148.75  -169.43    83.34  -167.51   117.25  -172.21
B   G   17    -62.18   153.91    39.75    78.45  -155.46   -74.36  -175.06
B   A   18    -71.30  -170.73    51.95    80.26  -142.24   -75.34  -163.16
B   C   19    -64.26   168.95    54.41    77.93  -144.83   -78.70  -158.47
B   G   20    -58.52   168.24    51.68    77.52  -151.00   -68.50  -164.55
B   G   21    -66.06   178.20    57.00    79.99  -160.10    63.61  -155.24
B   A   22     64.99   136.76     2.29   147.82   -97.15   -67.61  -118.35
B   A   23    -82.05   172.02    52.45    91.53  -128.14   -73.31  -149.71
B   C   24    -68.38  -109.15   -59.77   148.68   -80.69   124.03  -132.02
B   G   25    -61.99  -178.96    47.91    80.60  -142.06   -81.72  -171.11
B   U   26    -59.32   173.24    45.99    79.11  -138.75   -80.80  -157.59
B   G   27    -60.65   161.75    53.73    75.52  -148.55   -70.07  -163.54
B   G   28    -58.95   177.49    48.97    77.78  -158.44   -75.07  -161.08
B   A   29    148.13  -170.55  -173.81    79.98  -132.57   -78.77  -177.83
B   A   30    -50.60   159.68    56.51    80.61  -143.46   -74.58  -165.45
B   U   31    -56.26  -165.00    50.55   144.11  -107.68    86.39  -128.45
B   U   32     71.28   173.93    70.29   147.78   -90.55   -47.96  -132.35
B   A   33    -69.87  -177.85    66.70    84.03  -128.28   -78.95  -172.99
B   A   34    -58.07   161.05    53.08    85.29  -102.01    89.08  -153.44
B   C   35     76.14  -161.70  -168.46    80.25  -151.23   -70.98  -162.10
B   C   36    -68.63  -174.01    46.07    79.62  -147.01   -67.26  -164.25
B   A   37    -71.61  -178.46    51.47    78.96  -138.99   -74.40  -157.08
B   C   38    -83.25   153.49    81.37    77.20  -147.16   -63.99  -160.74
B   A   39    -74.68   173.00    68.38    79.56  -139.97   -64.04  -168.64
B   U   40    -65.83   169.53    58.27    80.42  -140.27   -79.66  -163.81
B   G   41    -67.21   154.25    69.24    80.26  -146.09   -65.95  -170.49
B   A   42    -66.68   168.88    57.62    83.34  -133.82  -134.38  -164.73
B   A   43    -70.79   134.74    66.85    79.44  -134.00   -58.82  -167.66
B   G   44    -65.49   160.25    69.57    81.18  -142.67   -67.73  -175.00
B   U   45    -65.60   175.50    51.05    81.07  -143.23   -78.08  -160.78
B   A   46    -59.83   170.76    49.21    80.44  -147.21   -76.67  -162.86
B   U   47    -57.05   166.76    54.27    79.07  -148.85   -59.54  -153.77
B   A   48   -146.13   145.09   136.52    81.63  -115.41   -83.66    19.83
B   A   49    -58.39   153.92    54.21    82.22 -9999.99 -9999.99  -163.89
B   A   58  -9999.99  -140.45   -69.16   148.02  -122.46   132.01  -160.42
B   U   59     67.11   178.34    61.75   146.19  -123.23   -19.09  -127.24
B   G   60    -91.94  -163.71    65.42    82.91  -146.04   -73.04  -172.29
B   C   61    -63.99   172.38    55.48    81.00  -147.80   -70.58  -163.32
B   C   62    -65.07  -170.39    44.53    81.37  -149.78   -92.48  -149.02
B   G   63    -37.51  -177.46    23.61   143.18  -111.12   -49.45    79.54
B   A   64   -145.48  -109.30  -108.48    89.43  -144.80   -49.59  -176.90
B   C   65    -84.51  -174.16    57.45    81.16  -143.28   -71.20  -163.71
B   C   66    -69.40   179.00    47.82    79.19  -146.31   -72.77  -159.60
B   G   67    -60.49   168.21    53.80    78.43  -152.19   -75.11  -162.90
B   U   68    -62.10   175.99    47.89    79.04  -154.96   -69.51  -155.55
B   C   69    146.39  -164.92  -172.20    79.68  -140.63   -79.32  -163.58
B   U   70    -61.64   168.34    51.20    78.25  -152.72   -70.16  -163.74
B   G   71    -62.10   167.93    62.52    77.57  -164.17   -75.81  -167.11
B   G   72    144.75  -163.25  -165.27    79.99  -142.26   -80.34  -177.82
B   G   73    -51.69   161.52    56.37    80.04  -146.18   -71.61  -172.08
B   C   74    -62.54   168.76    62.81    80.89  -143.71   -75.87  -163.88
B   G   75    -52.71  -167.78    72.56   145.12 -9999.99 -9999.99  -113.40
