PDB data file name: tRNA_dataset/5btp_chain_B.pdb_new
-----------------------------------------------------------
CRITERIA USED TO GENERATE BASE-PAIR: 
  3.40 --> upper H-bond length limits (ON..ON).
 26.00 --> max. distance between paired base origins.
  2.50 --> max. vertical distance between paired base origins.
 65.00 --> max. angle between paired bases [0-90].
  5.40 --> min. distance between RN9/YN1 atoms.
  8.00 --> max. distance criterion for helix break[0-12]
-----------------------------------------------------------
BASE-PAIR INSTRUCTIONS: 
Column 1 is rnaview assigned base numbers n1_n2, start from 1.
Column 2 & 3 are chain ID & residue number in input PDB file.
Column 4 is for base pair. The left & right are the bases as 
         identified by column 2 & 3 and 5 & 6.
Column 5 & 6 are residue number & chain ID in input PDB file.
Column 7 is for base pair annotation. The standard Watson-Crick
         (W.C.) pairs are annotated as -/- (AU,AT) or +/+ (GC).
         Other pairs are annotated as Leontis_Westhof Classification.
         The three edges: W(Watson-Crick); H(Hoogsteen); S(suger).
         e.g. W/H means the pair is edge of Watson-Crick & Hoogsteen.
Column 8 is glycosidic bond orientation (either cis or trans).
         e.g. 'W/H cis' means the pair is interaction on Watson-Crick
         and Hoogsteen side, glycosidic bond orientation is 'cis'.
Column 9 corresponds to Saenger Classification.

Other columns: 
        Syn sugar-base conformations are annotated as (syn).
        Stacked base pairs are annotated as (stack).
        Non-identified edges are annotated as (.) or (?)
        Tertiary interactions are marked by (!) in the line.
Reference:
Yang et al (2003) Nucleic Acids Research, Vol31,No13,p3450-3461.
-----------------------------------------------------------
BEGIN_base-pair
     4_42, B:     9 A-U    47 B: -/- cis         XX
     6_40, B:    11 A-U    45 B: -/- cis         XX
    13_55, B:    18 A-U    68 B: -/- cis         XX
    10_36, B:    15 C-G    41 B: +/+ cis         XIX
    14_54, B:    19 C-G    67 B: +/+ cis         XIX
    48_60, B:    61 C-G    73 B: +/+ cis         XIX
    49_59, B:    62 C-G    72 B: +/+ cis         XIX
    12_56, B:    17 G-C    69 B: +/+ cis         XIX
    15_53, B:    20 G-C    66 B: +/+ cis         XIX
    16_52, B:    21 G-C    65 B: +/+ cis         XIX
    20_33, B:    25 G-C    38 B: +/+ cis         XIX
    22_31, B:    27 G-C    36 B: +/+ cis         XIX
    23_30, B:    28 G-C    35 B: +/+ cis         XIX
    47_61, B:    60 G-C    74 B: +/+ cis         XIX
     2_44, B:     7 U-A    49 B: -/- cis         XX
     5_41, B:    10 U-A    46 B: -/- cis         XX
    21_32, B:    26 U-A    37 B: -/- cis         XX
     7_39, B:    12 U-G    44 B: W/W cis         XXVIII
    11_35, B:    16 U-U    40 B: W/W cis         XVI
     9_37, B:    14 A-A    42 B: H/S tran        n/a
     8_38, B:    13 G-A    43 B: S/H tran        XI
END_base-pair

Summary of triplets and higher multiplets
BEGIN_multiplets
12_29_56_| [1 3]  B: 17 G  +  B: 34 A  +  B: 69 C
END_multiplets

  The total base pairs =  22 (from   62 bases)
------------------------------------------------
 Standard  WW--cis  WW-tran  HH--cis  HH-tran  SS--cis  SS-tran
       17        2        0        0        0        1        0
  WH--cis  WH-tran  WS--cis  WS-tran  HS--cis  HS-tran
        0        0        0        0        0        2
------------------------------------------------
