The backbone torsional angle for nucleic acid 

 
Note: alpha:   O3'(i-1)-P-O5'-C5'
      beta:    P-O5'-C5'-C4'
      gamma:   O5'-C5'-C4'-C3'
      delta:   C5'-C4'-C3'-O3'
      epsilon: C4'-C3'-O3'-P(i+1)
      zeta:    C3'-O3'-P(i+1)-O5'(i+1)

      chi for pyrimidines(Y): O4'-C1'-N1-C2
          chi for purines(R): O4'-C1'-N9-C4

    (The number -9999.99 means that the angle can not be calculated) 

Ch Res  Num    alpha    beta     gamma    delta  epsilon    zeta     chi
T   G    1  -9999.99 -9999.99   152.92    84.86  -158.96   -63.66   165.95
T   G    2   -107.09  -135.50    58.46    84.94  -172.74   -69.23  -153.20
T   G    3    -85.17  -158.62    55.02    84.15  -152.98   -63.45  -157.40
T   C    4    -67.57   173.16    49.64    78.60  -154.70   -65.06  -154.36
T   U    5    -48.79   172.98    54.41    82.30  -155.65   -87.20  -151.54
T   U    6    -66.35   179.15    48.30    84.12  -166.36   -69.93  -167.15
T   G    7    -72.97  -172.54    58.92    93.38    16.30   174.12  -139.09
T   U    8    -38.96   141.82    62.29    83.35  -104.58  -119.74  -163.69
T   A    9    162.73  -169.80   165.10   101.82   -67.62   -77.28  -117.60
T   G   10   -147.48   150.43    42.55    87.40  -140.00   -69.66   177.72
T   C   11    -69.88   179.74    51.17    80.80  -149.54   -79.03  -175.22
T   U   12    -61.29   174.37    51.26    81.40  -158.67   -68.33  -158.71
T   C   13    139.18  -159.26  -170.16    84.20  -150.90   -87.52  -166.33
T   A   14     68.43   179.09   -74.59    90.34  -168.33   -55.56  -156.58
T   G   15    154.43  -148.30   164.85    89.64  -131.55   170.62   178.82
T   G   16   -176.75   101.41  -161.58    79.99  -108.08   -67.92   -33.44
T   U   17    118.45  -160.34  -176.06    77.67  -113.42    71.19  -174.09
T   G   18   -100.59  -110.09   110.13    78.76    83.54    97.63  -151.16
T   G   19   -151.92   174.79    56.88    86.01    71.13   172.90  -108.79
T   U   20    161.78    55.50  -172.41    83.93   179.57    62.13  -156.50
T   U  121    153.73   155.61    65.43    85.89   -82.46  -102.50  -146.78
T   A   21    108.16   153.97    42.52    87.34  -132.29  -142.68  -149.23
T   G   22    113.01  -138.08  -172.96    84.29  -143.98   -79.44  -176.64
T   A   23    -74.02  -174.99    49.06    84.33  -146.95   -90.07  -156.03
T   G   24    -52.19   155.96    42.42    81.60  -150.67   -83.46  -162.81
T   C   25    -39.94   154.78    47.13    82.06  -142.83   -65.11  -170.17
T   G   26    -58.67   166.78    55.26    89.96  -143.32   -64.68  -169.35
T   C   27    -75.33   166.24    61.99    83.46  -149.54   -75.21  -152.82
T   A   28    -72.28  -178.35    48.90    84.00  -142.45   -74.57  -154.17
T   C   29    -60.80   164.62    54.97    86.11  -154.09   -79.94  -148.08
T   C   30    -74.41   168.10    59.05    84.00  -159.40   -66.74  -154.77
T   C   31    -67.41  -172.28    51.27    88.09  -155.47   -73.04  -160.08
T   C   32    -69.61   169.54    62.76    85.97  -134.32   -81.45   179.16
T   U   33    -54.80   158.19    57.13   104.39   -22.85    55.39  -164.43
T   G   34    101.75    92.50    69.26   107.18   -95.67    93.88   154.45
T   A   35     34.97   111.60    75.27    84.27   160.53   115.68  -171.42
T   U   36   -155.85   134.73    88.38   103.99   -56.42    84.97  -158.96
T   A   37     51.24   115.44    46.29    90.48    23.57   -91.24  -168.78
T   A   38   -119.23   127.03   152.55    85.35  -138.59   -54.94  -175.06
T   G   39    -56.52  -174.37    42.31    80.35  -149.32   -81.80  -176.58
T   G   40    -54.85   167.08    55.82    81.59  -152.10   -73.51  -175.89
T   G   41    -61.54   179.84    49.62    86.20  -161.18   -69.91  -172.23
T   U   42    -65.31   178.46    53.77    86.58  -167.89   -63.38  -160.25
T   G   43    -69.03  -174.08    57.15    83.42  -178.73   -70.19  -150.68
T   A   44    -57.87   176.27    50.79    86.15  -166.56   -50.59  -150.17
T   G   45    159.15  -179.37  -177.98    82.07   -94.36   -93.27     3.68
T   G   46     54.09  -154.79   -72.06    97.26  -139.24   -51.35  -116.21
T   U   47    -52.53  -155.88    74.11    88.92    94.39  -145.69  -175.51
T   C   48     34.63    89.15    52.78    93.79  -141.13   102.18  -170.12
T   G   49     27.50  -172.80    48.21    80.73  -143.11   -74.27   176.30
T   G   50    -56.11   173.10    52.51    84.74  -143.08   -73.07  -174.90
T   U   51    -54.61   177.57    38.20    80.41  -159.39   -72.34  -168.06
T   G   52    -55.27   167.00    52.26    83.95  -168.72   -72.29  -166.47
T   G   53    165.05  -163.64   175.54    86.37  -138.95   -67.67   177.25
T   U   54    -65.30   174.19    43.32    77.81  -116.52   -82.99  -165.79
T   U   55    -69.31   161.19    55.04    78.69  -131.42   -83.94  -145.52
T   C   56    168.80  -174.98    54.22    85.29  -147.77   -58.20  -176.73
T   A   57    -68.89  -175.01    49.44    82.93  -155.01   -71.87  -153.11
T   A   58    -64.50  -142.60    63.36    82.42    76.83    65.36  -104.46
T   G   59    114.09   138.40    47.30    78.70  -139.66   -50.95   175.63
T   U   60    -85.14  -165.22    50.73    83.12    58.96   158.69  -139.10
T   C   61    -92.84   139.97    27.17    81.63  -154.68   -71.60   177.18
T   C   62    -62.71  -171.83    48.78    82.13  -147.24   -74.27  -157.73
T   A   63    -61.55   169.57    52.53    84.53  -160.93   -71.22  -158.11
T   C   64    -56.67   166.03    48.17    80.98  -154.90   -66.09  -164.54
T   U   65    -63.11   179.07    51.75    82.58  -176.58   -67.13  -161.71
T   C   66    -77.93  -163.49    50.41    82.63  -161.38   -59.39  -159.71
T   A   67    -66.87  -178.24    54.24    82.63  -177.70   -30.45  -162.82
T   G   68    176.12   146.41   165.73    83.45  -138.41   -64.03  -173.49
T   G   69    -61.45  -178.32    41.86    81.40  -166.76   -70.34  -159.65
T   C   70    -76.12  -170.02    48.01    82.77  -153.99   -64.84  -149.18
T   C   71    -62.29   178.55    52.64    81.64  -165.85   -75.65  -134.92
T   C   72    152.95  -171.31   171.53    80.72  -134.52   -69.49  -171.96
T   A   73    -60.20   173.66    48.56    83.07  -137.50   -52.45   173.39
T   C   74    -66.59  -168.67    61.73    81.76 -9999.99 -9999.99  -150.08
