The backbone torsional angle for nucleic acid 

 
Note: alpha:   O3'(i-1)-P-O5'-C5'
      beta:    P-O5'-C5'-C4'
      gamma:   O5'-C5'-C4'-C3'
      delta:   C5'-C4'-C3'-O3'
      epsilon: C4'-C3'-O3'-P(i+1)
      zeta:    C3'-O3'-P(i+1)-O5'(i+1)

      chi for pyrimidines(Y): O4'-C1'-N1-C2
          chi for purines(R): O4'-C1'-N9-C4

    (The number -9999.99 means that the angle can not be calculated) 

Ch Res  Num    alpha    beta     gamma    delta  epsilon    zeta     chi
D   C    1  -9999.99 -9999.99   -62.57    83.25  -155.43   -68.86  -160.80
D   G    2    -66.85  -172.13    53.64    80.88  -149.83   -72.30  -162.91
D   C    3    -59.13   172.39    54.44    79.29  -158.81   -72.36  -159.28
D   G    4    151.58  -177.74   179.74    89.66  -127.24   -77.62  -174.46
D   G    5    -59.33   163.71    55.81    75.53  -152.28   -71.82  -168.37
D   G    6    -63.48   177.99    56.83    81.20  -151.05   -72.31  -162.99
D   G    7    -66.33   175.70    75.18   131.39   -95.59   -90.31  -139.82
D   U    8     61.70   136.93   -30.34    86.28  -161.60  -104.51  -143.72
D   G    9   -177.36   137.42  -159.90   147.20   -88.81   -73.19  -102.85
D   G   10   -163.73  -162.96    48.91    82.13  -144.62   -75.28  -175.01
D   A   11    -65.94   177.77    56.49    78.40  -147.19   -68.79  -169.09
D   G   12    -60.96   175.13    51.20    79.47  -159.45   -65.85  -166.78
D   C   13    160.73  -178.66   174.70    86.84  -151.76   -57.34  -176.50
D   A   14    178.66   150.32   172.59    91.08  -121.46   -67.71  -175.21
D   G   15    -54.84   157.55    58.84    84.06   172.05   118.30  -165.70
D   C   16    -83.99   -76.37  -134.72   148.42   -95.94   -41.97  -134.80
D   C   17    -72.94   167.61    55.69    85.73  -102.29   -62.34  -131.96
D   U   17   -165.23  -123.96    50.88   147.17  -124.87  -104.18  -128.89
D   G   18    -66.32  -164.42   157.21   148.54   -74.52  -159.81  -129.90
D   G   19     56.45   -86.07  -120.96   146.81  -149.42   -22.41  -109.77
D   U   20    109.48   178.87  -170.67   144.19  -108.99   -38.41  -117.90
D   A   21    -84.97   151.67   143.47    82.39   -90.96   164.77  -175.97
D   G   22     98.96  -120.84   167.90    82.64  -126.02   -83.48   171.47
D   C   23    -50.54   171.84    40.87    78.80  -156.17   -67.62  -166.09
D   U   24    -70.64  -174.30    49.86    79.64  -165.28   -71.13  -159.69
D   C   25    147.06  -170.27  -176.57    89.74  -128.56   -59.62  -176.34
D   G   26    -61.85   176.80    50.41    80.49  -141.18   -72.79  -175.15
D   U   27    -64.90   176.78    54.02    80.96  -147.02   -74.02  -169.74
D   C   28    -67.73   177.33    51.94    77.65  -153.39   -72.87  -164.82
D   G   29    -69.87  -177.94    47.94    76.90  -152.56   -69.58  -164.49
D   G   30    -67.79   168.55    66.92    78.91  -148.99   -67.55  -173.98
D   G   31    -72.90   172.08    73.69    79.41  -130.96   -71.87  -178.96
D   C   32    -56.46   174.59    50.43    84.72  -138.12   -66.56     9.86
D   U   33    -75.94   174.98    53.35    76.99  -136.88   -83.19  -160.75
D   C   34    170.51  -175.26    44.06    87.57  -139.30   -70.45  -171.36
D   A   35    -73.23   174.05    59.09    83.21  -156.66   -69.52  -165.43
D   U   36    -73.95  -178.40    54.89    77.89  -153.79   -68.14  -161.42
D   A   37    -70.16   168.17    67.10    80.87  -143.96   -63.36  -167.87
D   A   38    -69.25   167.03    60.57    84.18  -135.94   -64.98  -169.72
D   C   39    -56.54   165.39    52.13    81.54  -151.00   -69.47  -167.83
D   C   40    -70.32   179.72    56.57    78.36  -149.54   -72.85  -166.38
D   C   41    -58.45   177.14    49.34    79.96  -166.75   -72.88  -159.74
D   G   42    157.32  -174.98   174.65    91.90  -111.74   -90.87  -177.19
D   A   43     68.83  -143.70  -106.71    98.31  -141.02   -70.47  -163.37
D   A   44    -73.83   167.14    64.48    82.37  -151.86   -68.40  -159.34
D   G   45    152.33  -164.15   171.32    91.46   -82.67  -143.16  -167.56
D   G   46    151.02  -148.16   170.87    92.26   -68.09   -39.13  -137.90
D   U   47    -94.42    68.72  -160.55   148.40  -100.79   154.85  -153.68
D   C   48    -87.29   152.53    54.25   132.82  -141.12    72.06  -141.13
D   G   49     49.10   163.51    48.10    85.61  -135.93   -78.31  -175.24
D   U   50    -60.49   169.14    51.83    82.35  -150.14   -73.48  -164.20
D   C   51    -76.32   175.69    62.70    82.71  -153.21   -85.56  -159.86
D   G   52    109.45  -157.74  -149.43    88.83  -134.40   -68.87   177.94
D   G   53    -56.18   177.36    50.11    80.57  -153.77   -70.92  -174.43
D   U   54    -64.78  -173.53    53.96    80.76  -156.34   -66.80  -171.52
D   U   55    168.11  -162.37   160.97    82.41  -113.76   -66.03    -9.70
D   C   56    167.00   167.45    47.42    87.38  -146.25   -58.94  -158.90
D   A   57    -87.24   171.22    72.64    83.05  -124.94  -130.18  -156.24
D   A   58     40.77   142.92    18.94   153.99   -80.01  -174.71   -79.67
D   A   59     69.94  -160.23    65.29    84.08  -126.16   -65.94   171.04
D   U   60    -54.50   170.24    67.80   139.84   -97.38   -66.83  -147.96
D   C   61    -61.93  -174.10    18.72    86.84  -147.40   -70.89  -166.15
D   C   62    -63.43  -179.43    53.04    81.25  -160.01   -80.66  -157.32
D   G   63    125.79  -173.38  -158.21    92.64  -130.33   -75.75   178.73
D   G   64    -64.44   174.19    49.34    79.98  -149.52   -66.29  -167.34
D   C   65    -71.29   170.97    64.92    79.75  -153.26   -70.01  -168.14
D   C   66    -72.51  -175.15    54.60    78.85  -145.52   -73.89  -166.21
D   C   67    -69.75   171.14    57.33    77.59  -153.14   -70.32  -162.87
D   C   68    -69.48   177.26    58.13    76.95  -155.84   -71.14  -162.18
D   C   69    -72.64   178.06    62.65    77.72  -152.71   -77.00  -163.25
D   G   70    -64.25  -177.97    49.74    80.57  -143.09   -79.80  -159.65
D   C   71    -58.06   164.04    50.26    78.64  -155.35   -63.11  -161.19
D   A   72    -69.75   173.82    59.13    79.10  -149.72   -73.79  -171.00
D   A   73    -58.77   174.18    57.34    83.54  -140.23   -72.46  -164.74
D   C   74    -67.27   171.06    54.19    81.87  -115.54  -152.64  -154.95
D   C   75     53.75  -164.95    57.22   140.22   -97.79   178.69  -126.13
D   A   76    -69.51   170.74   164.77    87.24 -9999.99 -9999.99  -165.05
