The backbone torsional angle for nucleic acid 

 
Note: alpha:   O3'(i-1)-P-O5'-C5'
      beta:    P-O5'-C5'-C4'
      gamma:   O5'-C5'-C4'-C3'
      delta:   C5'-C4'-C3'-O3'
      epsilon: C4'-C3'-O3'-P(i+1)
      zeta:    C3'-O3'-P(i+1)-O5'(i+1)

      chi for pyrimidines(Y): O4'-C1'-N1-C2
          chi for purines(R): O4'-C1'-N9-C4

    (The number -9999.99 means that the angle can not be calculated) 

Ch Res  Num    alpha    beta     gamma    delta  epsilon    zeta     chi
1   G    1  -9999.99   131.56    41.09    80.08  -132.95   -91.88  -179.31
1   C    2    -45.77   154.38    49.33    81.31  -145.73   -79.04  -162.04
1   C    3    -66.52   165.52    63.55    79.01  -145.53   -69.07  -172.25
1   C    4    -58.60  -179.98    46.61    76.21  -160.62   -83.57  -158.29
1   G    5    130.67  -143.16  -153.06    83.37  -102.91  -114.07   178.15
1   G    6     96.60  -115.89  -153.12    85.90  -115.27   -87.67   171.62
1   A    7    -34.02   164.75    43.29   141.40   -94.33  -101.48  -122.22
1 4SU    8     46.37   122.32    -5.01    79.58  -135.12  -117.79  -173.45
1   A    9    -66.92  -152.05    43.21   145.88   -99.36   -68.10   -65.00
1   G   10   -169.62   134.00    56.13    86.32  -130.90   -80.30   168.97
1   C   11    -60.43   170.05    45.70    78.24  -133.79   -86.24  -168.51
1   U   12    -66.91   160.61    72.59    77.68  -178.14    16.98  -161.24
1   C   13   -168.75   106.22   159.95    80.82  -160.52   -72.57  -171.20
1   A   14    157.80   173.24  -173.01    86.70  -101.13   -78.79   166.05
1   G   15    -65.14   161.33    47.46    78.85 -9999.99 -9999.99  -165.49
1   G   18  -9999.99    81.48  -166.73   141.99  -104.84  -126.79  -156.58
1   G   19     16.37   144.41   -14.03   152.47   -95.95   -88.65   -68.05
1   U   20   -121.63   -92.94    39.11   145.67  -133.94  -144.07  -116.98
1   A   21    -10.74    77.08   148.22    87.16  -129.32   -61.23  -168.10
1   G   22   -127.11    97.52   154.69    81.86  -110.65  -104.40   167.35
1   A   23    -42.49   151.22    40.93    78.34  -141.09   -82.01  -163.37
1   G   24    -50.14   155.58    52.03    82.74  -146.46   -79.71  -164.09
1   C   25    -54.32   161.83    51.83    79.06  -159.56   -82.19  -161.10
1   A   26    156.79  -146.96   162.77    78.28  -112.85   -72.35   173.36
1   G   27    -58.39   178.75    43.46    77.65  -143.80   -73.90  -165.63
1   G   28    -55.42   174.74    45.44    78.81  -149.68   -81.52  -162.44
1   G   29    -53.63   165.71    50.60    75.83  -139.77   -71.27  -167.90
1   G   30    -71.60   170.54    66.30    76.09  -144.88   -80.46  -175.11
1   A   31    -53.14   178.20    45.07    79.13  -126.82   -74.27  -172.71
1 PSU   32    -53.58   155.19    61.69    79.69  -117.67  -100.05 -9999.99
1   U   33    -47.65   157.87    58.71    88.89  -161.31   -61.39   114.12
1   G   34    152.67   151.57    57.44    78.78  -139.44  -118.39  -176.44
1   A   35    133.73  -112.57   167.76    84.88   -96.97  -102.48   169.39
1   A   36    -26.83   142.06    27.45    78.56  -164.29   -78.81  -149.01
1   A   37    134.24  -147.47  -163.56    81.94  -139.22   -66.12  -167.62
1   A   38    -62.70   164.93    51.21    80.13  -129.52   -86.64  -169.55
1 PSU   39    -34.68   148.10    45.57    77.57  -134.30   -88.80 -9999.99
1   C   40    -34.66   161.78    31.09    77.90  -144.03   -89.85  -156.73
1   C   41    -50.60   171.96    41.83    78.85  -144.70   -75.43  -168.19
1   C   42    -59.28   172.29    53.44    78.53  -152.04   -72.25  -159.62
1   C   43    -63.62   170.56    60.92    79.69  -121.74  -149.18  -166.88
1   G   44     95.60   -74.71  -171.71    86.37  -148.15   -52.66   162.31
1   U   45   -168.02  -111.10    79.93    75.49   166.76   145.61  -133.60
1 G7M   46   -164.20   -53.48  -166.68   146.06  -100.63   -99.09   -97.57
1   U   47     66.75  -160.10    35.47   146.35  -135.30   -37.78  -150.06
1   C   48    116.19   127.75     3.75   147.00  -143.78    73.27  -125.98
1   C   49     79.79   135.93    14.62    82.15  -151.46   -65.81  -171.76
1   U   50    -76.55  -179.46    63.54    81.68  -135.21   -77.64  -164.91
1   U   51    -67.19   153.74    66.88    78.72  -146.47   -78.18  -168.20
1   G   52    -78.55   165.64    72.52    84.00  -132.81   -55.93  -168.13
1   G   53   -123.48   123.86   123.81    79.55  -170.23   -70.65   167.04
1 5MU   54   -137.24  -129.40   102.33    78.19  -117.94   -82.20  -171.28
1 PSU   55    -63.46   154.83    59.07    83.37  -119.67   -50.76 -9999.99
1   C   56   -158.73   135.74    40.57    85.29  -133.50   -93.62  -167.90
1   G   57    114.94  -134.93  -159.31    80.72  -126.76   -66.06   171.47
1   A   58    -44.53  -160.53    57.62   126.58    55.30    96.94  -117.05
1   U   59     61.53   166.31    50.89    84.09  -152.86   -37.27  -178.44
1   U   60    -88.20   173.14    82.81   143.62  -118.96   -40.02  -149.86
1   C   61    -88.51  -171.82    24.64    77.85  -139.17   -91.76  -160.83
1   C   62    -48.90   149.32    55.73    79.00  -142.29   -75.86  -160.18
1   G   63    -63.92  -175.75    42.79    79.29  -144.96   -69.40  -162.68
1   A   64    -66.26   157.57    71.16    80.46  -129.62  -113.66  -163.89
1   G   65    113.73  -118.73  -164.95    81.66   -94.71  -111.00   159.90
1   U   66    -41.22   139.56    45.23    74.83  -138.74   -81.98  -171.94
1   C   67    -49.62   159.71    46.91    75.58  -150.45   -81.70  -155.04
1   C   68    -48.43   166.26    48.49    82.31  -155.14   -86.99  -163.99
1   G   69    117.95  -157.17  -143.72    90.01  -113.95   -96.07   180.00
1   G   70     91.17  -135.85  -141.27    86.05  -112.98   -91.54   174.67
1   G   71    -32.16   151.24    39.36    80.09  -139.95   -83.96  -173.45
1   C   72    -53.62   166.00    52.06    77.92  -143.73   -73.36  -165.06
1   A   73    -76.02   158.95    79.01    77.64  -149.31   -76.16  -162.21
1   C   74    -62.39   170.39    60.01    77.68  -152.32   -70.07  -157.32
1   C   75    -73.09   167.42    69.83    82.68  -110.04   148.51  -160.96
1   A   76    -58.33   144.64    38.52   146.18 -9999.99 -9999.99  -145.16
