The backbone torsional angle for nucleic acid 

 
Note: alpha:   O3'(i-1)-P-O5'-C5'
      beta:    P-O5'-C5'-C4'
      gamma:   O5'-C5'-C4'-C3'
      delta:   C5'-C4'-C3'-O3'
      epsilon: C4'-C3'-O3'-P(i+1)
      zeta:    C3'-O3'-P(i+1)-O5'(i+1)

      chi for pyrimidines(Y): O4'-C1'-N1-C2
          chi for purines(R): O4'-C1'-N9-C4

    (The number -9999.99 means that the angle can not be calculated) 

Ch Res  Num    alpha    beta     gamma    delta  epsilon    zeta     chi
B   G    1  -9999.99   179.65    67.76    78.32  -143.62   -70.30  -176.09
B   C    2    -71.79  -178.17    51.93    83.29  -148.15   -75.21  -162.97
B   C    3    -72.88   177.28    50.09    81.85  -140.13   -75.42  -156.00
B   G    4    -62.48   161.56    54.05    78.42  -150.65   -76.49  -166.29
B   A    5    -62.03   162.40    60.61    81.42  -152.47   -73.38  -169.18
B   U    6    -58.36   165.98    57.92    86.85  -153.66   -76.54  -170.85
B   A    7    -47.89   175.54    56.88    72.25    97.51   129.15  -127.08
B   U    8    -44.19   146.90    25.08    79.62  -123.63  -120.19  -161.00
B   A    9    -87.98  -158.31    52.90   140.32   -89.85   -72.18   -74.59
B   G   10   -163.61   139.55    43.38    90.14  -144.64   -78.54   177.93
B   C   11    -65.40   175.16    54.06    89.39  -148.98   -73.34  -167.94
B   U   12    -65.70   176.30    47.90    85.60  -161.10   -45.51  -160.93
B   C   13    -99.28   176.67    84.37    71.18  -179.72   -81.56  -149.24
B   A   14    153.13  -176.13  -168.28    83.49  -118.89   -66.18  -175.64
B   G   15    -58.02   160.68    55.33    82.76  -135.15    16.95  -166.21
B H2U   16    141.65   124.69  -155.65    85.00  -116.88   150.53  -177.78
B H2U   17    136.32   135.97    58.06    97.59   -59.71  -114.79   -41.88
B   G   18     55.33  -147.34    57.86   150.29   -85.87  -169.05   -94.28
B   G   19    -69.85   175.32    38.32   149.38  -108.30    92.61   -65.18
B H2U   20     64.39   135.50     1.62   150.08  -108.16   -62.55  -105.82
B   A   21    -55.99  -149.87   178.46    92.72  -150.51   -92.99  -124.25
B   G   22    -75.25  -172.54    32.43   135.23   174.34   -85.20   -96.06
B   A   23   -151.79   122.48   145.26    81.88  -118.03  -102.87  -175.71
B   G   24    -50.88   147.25    47.45    79.52  -137.19   -75.68  -166.11
B   C   25    -60.68   168.20    52.86    81.65  -153.64   -62.65  -157.70
B   A   26    -63.61  -178.16    49.48    87.67  -154.11   -59.62  -170.57
B   G   27    -79.88  -179.10    62.06    84.14  -137.36   -72.19  -170.01
B   C   28    -63.33   173.36    47.49    80.01  -142.72   -76.84  -157.81
B   G   29    -66.97   178.85    50.69    85.04  -150.19   -74.55  -163.97
B   C   30    -68.09   179.28    51.15    83.20  -158.30   -66.26  -149.67
B   A   31    -68.49   171.87    53.92    80.44  -149.15   -67.53  -169.64
B   U   32    -57.84   176.92    48.68    83.45  -133.25   -71.19  -157.29
B   U   33    -67.56  -143.73    63.67   143.44   -85.11   106.08  -116.44
B   C   34   -149.75   165.51    53.85   140.07   -70.18  -134.37   -89.69
B   G   35    -53.92   171.59    66.11   144.39   -93.48   136.38  -133.17
B   U   36   -123.47  -175.21    65.55   147.29  -105.73   144.38  -155.90
B AET   37    -67.20  -146.09    53.22   133.15   -45.01   105.72  -145.19
B   A   38   -142.98  -143.24    67.73    96.44    19.57   165.62  -124.76
B   U   39     21.68  -173.06    78.13    85.83  -178.81   -68.34  -152.32
B   G   40    -83.79  -174.74    61.50    83.95  -154.41   -73.61  -160.24
B   C   41    -73.58   173.75    59.39    84.19  -156.12   -71.58  -153.63
B   G   42    -54.29   170.41    53.80    81.82  -150.22   -85.16  -168.92
B   A   43    -57.52   171.47    48.33    84.57  -168.04   -71.03  -155.55
B   A   44    145.18  -156.03  -172.35    84.99  -133.61   -72.92   175.61
B   G   45    -53.69   171.06    51.56    84.63  -137.06  -108.35  -156.61
B G7M   46    -35.27   162.21    59.08    88.86  -130.04   -64.51  -130.58
B   U   47    -58.43  -179.51    66.00   152.65   -95.38   104.57  -120.51
B   C   48    -86.05   165.16    48.86    76.69   110.25  -130.43  -142.12
B   G   49     51.67  -157.36    72.61    83.80  -151.28   -63.27   179.75
B   U   50    -70.08  -177.52    51.43    82.44  -147.84   -72.78  -168.90
B   A   51    -61.18   173.25    50.39    77.79  -163.49   -77.12  -160.56
B   G   52    147.02  -160.72  -179.16    80.85  -116.60   -85.60  -178.82
B   G   53    -47.49   146.27    68.89    74.12  -148.01   -70.14  -178.88
B 5MU   54    -72.83  -175.70    53.88    79.87  -133.65   -69.09  -156.92
B PSU   55    -54.66   165.67    44.63    83.34  -132.39   -90.80 -9999.99
B   C   56    157.94  -178.85    61.27    80.40  -128.77   -72.84  -165.32
B   G   57    -67.13   160.01    62.07    80.12  -137.78   -65.97  -165.36
B   A   58    -56.73  -135.35    55.39   149.22  -123.14  -178.79   -71.36
B   C   59    108.06  -147.75    60.50    88.41  -145.88   -61.32  -164.96
B   U   60    -65.07   175.62    63.45   136.58   -90.93   -70.53  -119.67
B   C   61    -71.50   168.60    40.66    82.32  -147.93   -74.40  -177.59
B   C   62    -66.92   178.70    53.12    79.20  -147.52   -74.63  -162.78
B   U   63    -64.09   169.85    57.73    76.52  -140.15   -79.58  -162.47
B   A   64    -57.64   163.50    54.88    80.43  -145.77   -68.70  -161.02
B   U   65    -63.95   167.78    59.19    82.75  -143.22   -88.06  -164.76
B   U   66    -59.85   166.36    43.38    82.64  -152.56   -76.12  -163.34
B   A   67    -70.03   161.68    63.18    85.25  -149.83   -80.45  -167.11
B   U   68    -54.39   161.33    54.41    84.26  -165.14   -65.16  -165.51
B   C   69    -79.71  -168.89    52.75    81.68  -156.17   -61.02  -161.99
B   G   70    -72.78  -166.88    40.02    79.44  -160.75   -78.05  -146.65
B   G   71    157.87  -165.91   171.86    86.68  -135.60   -72.44  -179.45
B   C   72    -59.34   173.17    49.66    80.23  -140.58   -65.65  -169.55
B   A   73    -65.85   170.78    48.50    79.77  -152.97   -56.89  -165.33
B   C   74    -70.52  -175.73    57.52    84.55  -148.39   -61.49  -161.30
B   C   75    -71.36   171.56    56.05    85.21  -126.53  -173.51  -167.41
B   A   76   -149.39   154.65    41.88    71.95 -9999.99 -9999.99  -146.08
