PDB data file name: tRNA_dataset/1qf6_chain_B.pdb_new
uncommon residue H2U   16  on chain B [#16] assigned to: u
uncommon residue H2U   17  on chain B [#17] assigned to: u
uncommon residue H2U   20  on chain B [#20] assigned to: u
uncommon residue AET   37  on chain B [#37] assigned to: a
uncommon residue G7M   46  on chain B [#46] assigned to: g
uncommon residue 5MU   54  on chain B [#54] assigned to: u
uncommon residue PSU   55  on chain B [#55] assigned to: P
-----------------------------------------------------------
CRITERIA USED TO GENERATE BASE-PAIR: 
  3.40 --> upper H-bond length limits (ON..ON).
 26.00 --> max. distance between paired base origins.
  2.50 --> max. vertical distance between paired base origins.
 65.00 --> max. angle between paired bases [0-90].
  5.40 --> min. distance between RN9/YN1 atoms.
  8.00 --> max. distance criterion for helix break[0-12]
-----------------------------------------------------------
BASE-PAIR INSTRUCTIONS: 
Column 1 is rnaview assigned base numbers n1_n2, start from 1.
Column 2 & 3 are chain ID & residue number in input PDB file.
Column 4 is for base pair. The left & right are the bases as 
         identified by column 2 & 3 and 5 & 6.
Column 5 & 6 are residue number & chain ID in input PDB file.
Column 7 is for base pair annotation. The standard Watson-Crick
         (W.C.) pairs are annotated as -/- (AU,AT) or +/+ (GC).
         Other pairs are annotated as Leontis_Westhof Classification.
         The three edges: W(Watson-Crick); H(Hoogsteen); S(suger).
         e.g. W/H means the pair is edge of Watson-Crick & Hoogsteen.
Column 8 is glycosidic bond orientation (either cis or trans).
         e.g. 'W/H cis' means the pair is interaction on Watson-Crick
         and Hoogsteen side, glycosidic bond orientation is 'cis'.
Column 9 corresponds to Saenger Classification.

Other columns: 
        Syn sugar-base conformations are annotated as (syn).
        Stacked base pairs are annotated as (stack).
        Non-identified edges are annotated as (.) or (?)
        Tertiary interactions are marked by (!) in the line.
Reference:
Yang et al (2003) Nucleic Acids Research, Vol31,No13,p3450-3461.
-----------------------------------------------------------
BEGIN_base-pair
     1_72, B:     1 G-C    72 B: +/+ cis         XIX
     2_71, B:     2 C-G    71 B: +/+ cis         XIX
     3_70, B:     3 C-G    70 B: +/+ cis         XIX
     4_69, B:     4 G-C    69 B: +/+ cis         XIX
     5_68, B:     5 A-U    68 B: -/- cis         XX
      6_7, B:     6 U-A     7 B:      stacked
     6_67, B:     6 U-A    67 B: -/- cis         XX
     7_66, B:     7 A-U    66 B: -/- cis         XX
     8_14, B:     8 U-A    14 B: W/H tran        XXIV
     9_23, B:     9 A-A    23 B: H/H tran   syn    II
    10_25, B:    10 G-C    25 B: +/+ cis         XIX
    11_24, B:    11 C-G    24 B: +/+ cis         XIX
    12_13, B:    12 U-C    13 B:      stacked
    12_23, B:    12 U-A    23 B: -/- cis         XX
    13_22, B:    13 C-G    22 B: +/+ cis         XIX
    14_21, B:    14 A-A    21 B: W/S cis         n/a
    15_48, B:    15 G-C    48 B: W/W tran        XXII
    18_55, B:    18 G-P    55 B: W/S tran        n/a
    19_56, B:    19 G-C    56 B: +/+ cis    syn    XIX
    22_46, B:    22 G-g    46 B: H/W tran        VII
    27_43, B:    27 G-A    43 B: W/W cis         VIII
    28_42, B:    28 C-G    42 B: +/+ cis         XIX
    29_41, B:    29 G-C    41 B: +/+ cis         XIX
    30_40, B:    30 C-G    40 B: +/+ cis         XIX
    31_39, B:    31 A-U    39 B: -/- cis         XX
    35_36, B:    35 G-U    36 B: S/H cis         n/a
    49_65, B:    49 G-U    65 B: W/W cis         XXVIII
    50_51, B:    50 U-A    51 B:      stacked
    50_64, B:    50 U-A    64 B: -/- cis         XX
    51_63, B:    51 A-U    63 B: -/- cis         XX
    52_62, B:    52 G-C    62 B: +/+ cis         XIX
    53_61, B:    53 G-C    61 B: +/+ cis         XIX
    54_58, B:    54 u-A    58 B: W/H tran     syn  XXIV
    10_45, B:    10 G-G    45 B: H/W cis         !1H(b_b)
    26_44, B:    26 A-A    44 B: W/W cis         !1H(b_b)
     8_21, B:     8 U-A    21 B: S/W tran        !(b_s)
     9_11, B:     9 A-C    11 B: S/H cis    syn    !(b_s)
    58_60, B:    58 A-U    60 B: S/H tran   syn    !(b_s)
    36_37, B:    36 U-a    37 B: S/. cis         !(s_s)
    38_39, B:    38 A-U    39 B: S/. tran        !(s_s)
    47_48, B:    47 U-C    48 B: S/S cis         !(s_s)
    60_61, B:    60 U-C    61 B: S/H cis         !(s_s)
END_base-pair

Summary of triplets and higher multiplets
BEGIN_multiplets
8_14_21_| [1 3]  B: 8 U  +  B: 14 A  +  B: 21 A
9_12_23_| [2 3]  B: 9 A  +  B: 12 U  +  B: 23 A
13_22_46_| [3 3]  B: 13 C  +  B: 22 G  +  B: 46 g
END_multiplets

  The total base pairs =  30 (from   76 bases)
------------------------------------------------
 Standard  WW--cis  WW-tran  HH--cis  HH-tran  SS--cis  SS-tran
       20        2        1        0        1        0        0
  WH--cis  WH-tran  WS--cis  WS-tran  HS--cis  HS-tran
        0        3        1        1        1        0
------------------------------------------------
