The backbone torsional angle for nucleic acid 

 
Note: alpha:   O3'(i-1)-P-O5'-C5'
      beta:    P-O5'-C5'-C4'
      gamma:   O5'-C5'-C4'-C3'
      delta:   C5'-C4'-C3'-O3'
      epsilon: C4'-C3'-O3'-P(i+1)
      zeta:    C3'-O3'-P(i+1)-O5'(i+1)

      chi for pyrimidines(Y): O4'-C1'-N1-C2
          chi for purines(R): O4'-C1'-N9-C4

    (The number -9999.99 means that the angle can not be calculated) 

Ch Res  Num    alpha    beta     gamma    delta  epsilon    zeta     chi
C   A    2  -9999.99   108.01    87.65    84.94   165.95   -86.81    63.21
C   G    3    160.86  -141.64   -92.77    81.16  -149.22   -68.43  -171.34
C   G    4    -68.46   170.20    66.11    78.34  -155.57   -71.13  -168.73
C   G    5    -65.91   173.00    59.16    79.38  -145.18   -69.25  -169.96
C   U    6    -66.42   165.87    64.73    81.93  -150.01   -84.17  -162.33
C   A    7    -55.72   175.37    65.14   146.86   -87.64  -100.30  -118.56
C   U    8     46.67   135.60   -17.74    83.77  -155.84  -151.12  -158.42
C   A    9     70.59   134.26   -24.61   150.71  -102.48   -88.45   -77.63
C   G   10    174.15   162.17    63.52    87.80  -135.57   -78.37   177.68
C   C   11    -59.73   172.82    49.12    81.23  -144.41   -69.34  -165.93
C   U   12    -59.33  -179.48    43.59    79.62  -157.85   -69.07  -158.88
C   C   13    137.09  -156.09  -162.22    79.94  -172.23   -76.48  -158.75
C   A   14    168.44  -172.89   173.35    81.51  -116.90   -71.21  -179.05
C   G   15    -47.04   149.64    61.49    80.68  -115.20  -106.79  -158.24
C   G   16    -40.48   133.23    51.13    81.37  -178.39   -83.60  -142.01
C   G   18    174.36   169.63   -65.24   146.87  -103.71  -157.48  -103.62
C   G   19    -75.40   169.47    59.23   152.24   -62.02  -124.23   -81.85
C   U   20     51.49   158.68  -129.80   139.91   -85.53   -87.19    36.51
C   A   21     55.39  -164.98    48.41   149.01  -118.69  -178.52   -85.97
C   G   22     59.76  -154.99  -161.85    80.46  -151.68   -86.59  -172.62
C   A   23    -61.89   172.73    55.78    81.79  -150.63   -73.49  -161.14
C   G   24    -70.00   173.91    53.96    81.27  -142.99   -68.56  -163.87
C   C   25    -66.96   167.54    57.84    78.90  -147.03   -68.55  -157.92
C   A   26    -64.45   169.10    57.62    79.93  -133.11   -71.03  -170.26
C   U   27    -60.54   164.85    57.48    79.97  -142.54   -71.11  -158.98
C   U   28    -58.85  -177.33    40.82    81.80  -147.66   -79.51  -154.61
C   U   29    -53.61   163.26    52.05    79.70  -150.34   -75.14  -162.35
C   G   30    -58.38   173.81    49.28    80.31  -151.63   -60.23  -170.89
C   A   31   -120.69   148.82   121.19    81.32  -142.55   -55.08   173.32
C   C   32    -74.94  -156.32    39.62    83.68  -170.36   -85.02  -157.53
C   U   33    160.28  -139.96   159.87    82.14 -9999.99 -9999.99  -166.79
C   A   36  -9999.99  -140.59    60.44    79.49  -153.90   -73.41  -139.78
C   G   37    -60.58   176.23    68.29   147.46   -91.45  -126.83  -112.53
C   A   38     68.56  -175.36    56.66   147.67   -91.64   -88.27  -110.06
C   U   39    -40.61  -166.80    47.70    80.54  -145.95   -78.71  -172.96
C   C   40    -49.65   174.22    41.44    81.77  -143.87   -65.15  -160.88
C   A   41   -100.64   145.77   107.53    79.43  -124.55   -95.93   179.50
C   A   42    -39.30   151.03    40.11    82.33  -144.29   -85.58  -165.80
C   G   43    -40.71   179.06    45.32   143.59  -171.78  -122.27    76.79
C   A   44    -54.77   158.24    43.06    77.73  -132.19   -97.98  -119.56
C   G   45     53.81   141.68   -38.17   146.88   -94.04  -154.23   114.29
C   G   46    -61.38   154.81    23.78    81.70  -126.89  -147.94  -101.41
C   U   47     21.14   115.03  -176.02   147.46  -158.00    56.05    10.40
C   C   48    -93.66  -122.01    84.77   146.18  -151.30    64.11  -131.78
C   C   49     50.88   147.22    40.73    80.45  -146.72   -72.22  -165.58
C   C   50    -67.46  -176.05    50.55    81.13  -146.68   -69.01  -163.52
C   U   51    -66.40   168.98    57.42    78.31  -144.48   -77.56  -160.00
C   G   52    -72.10   157.71    67.60    80.56  -156.33   -70.12  -172.47
C   G   53    -65.78  -177.74    53.65    81.34  -146.68   -76.57  -170.03
C   U   54    -58.34   171.40    49.02    80.78  -124.86   -68.82  -161.40
C   U   55    -55.77   167.01    52.03    79.25  -138.40   -66.13  -153.65
C   C   56    176.37   163.29    45.84    82.08  -135.67   -68.51  -166.31
C   A   57    -61.48   164.41    54.82    79.66  -135.22   -72.43  -164.36
C   A   58    -45.54  -149.56    57.58   145.72  -124.30  -130.47   -84.87
C   A   59   -138.94   117.30     0.33    84.40  -146.06   -74.33  -165.56
C   U   60    -61.15   176.03    63.60   145.13  -100.11   -70.15  -107.07
C   C   61    -90.41   176.21    43.09    80.31  -145.09   -74.70  -166.55
C   C   62    -62.78   175.46    52.85    80.73  -142.64   -82.54  -162.16
C   A   63    -65.26   167.57    54.75    80.74  -145.26   -81.48  -166.58
C   G   64    -61.57   160.61    57.24    80.82  -149.88   -68.99  -169.01
C   G   65    -61.37   177.48    48.89    79.83  -140.31   -80.12  -167.00
C   U   66    -54.29   162.50    51.84    79.61  -146.77   -82.56  -164.38
C   G   67    -59.46   166.95    50.57    79.64  -143.42   -76.34  -166.38
C   C   68    -61.01   168.86    52.99    79.95  -144.24   -72.70  -161.49
C   C   69    -59.63   166.40    57.07    77.78  -158.31   -70.39  -163.18
C   C   70    -96.43  -170.52    69.44    79.41  -133.29   128.87  -165.33
C   U   71   -104.78   171.13    54.63   152.12   -71.80  -119.48   -53.17
C   C   72     57.89   -79.21  -126.09    81.93  -123.89   166.89   103.64
C   U   73    -61.21   112.45   150.06   149.90  -133.60   -86.16  -153.94
C   C   74   -123.82  -147.49    27.08   145.23  -110.90   142.70  -140.88
C   C   75    -74.64  -163.25    55.73   146.09  -137.32   114.73  -134.87
C   A   76     -1.22  -137.40  -130.94   145.84 -9999.99 -9999.99    76.53
