The backbone torsional angle for nucleic acid 

 
Note: alpha:   O3'(i-1)-P-O5'-C5'
      beta:    P-O5'-C5'-C4'
      gamma:   O5'-C5'-C4'-C3'
      delta:   C5'-C4'-C3'-O3'
      epsilon: C4'-C3'-O3'-P(i+1)
      zeta:    C3'-O3'-P(i+1)-O5'(i+1)

      chi for pyrimidines(Y): O4'-C1'-N1-C2
          chi for purines(R): O4'-C1'-N9-C4

    (The number -9999.99 means that the angle can not be calculated) 

Ch Res  Num    alpha    beta     gamma    delta  epsilon    zeta     chi
E   G    1  -9999.99  -157.62    81.41    85.63  -134.86   -84.12  -172.68
E   C    2    -73.62   162.41    61.54    80.63  -148.75   -66.42  -171.98
E   C    3    -67.49   179.83    54.69    79.24  -159.46   -61.11  -145.75
E   C    4    -96.19  -168.16    61.22    76.52  -135.58   -89.00  -151.50
E   G    5    -82.61   144.39    84.14    83.36  -167.31   -67.27  -162.56
E   G    5    -72.56  -162.18    50.35    81.32  -153.74   -76.18  -169.65
E   A    5    164.63  -154.15   166.66    82.77  -143.92   -64.54  -176.46
E   U    6    -51.33   168.66    51.87    80.48  -161.02   -66.38  -164.78
E   G    7    -77.54  -145.16    44.41    90.52    30.51  -165.65  -125.46
E   A    8   -126.67   122.14    10.59   145.03  -131.46   142.62   -95.51
E   U    9    153.32  -143.75   176.82   147.87  -115.43    92.41  -132.00
E   C   10    150.34   153.90   -37.07   131.12  -149.23   -92.16  -169.30
E   C   11    -87.54   173.85    62.34    82.99  -160.96   -62.65  -169.17
E   U   12    -85.88  -172.60    56.45    85.29  -167.43   -69.28  -160.54
E   C   13    -72.08   179.45    55.70    80.45  -147.49   -75.15  -176.07
E   A   14    -54.33   168.95    48.88    78.34  -135.28   -85.23  -168.01
E   G   15    -66.86   148.74    67.22    75.98   141.63    11.90   173.30
E   U   16   -139.01  -119.13    55.93   148.35  -155.02  -140.01   -97.80
E   G   18     99.53  -127.94   -32.23   140.07  -127.79  -123.74  -130.80
E   G   19    175.83  -171.76   155.07   145.42  -144.53   116.41  -110.15
E   U   20    100.13  -111.31   174.84   146.62   -73.10   107.85  -143.12
E   C   20   -153.01    91.72  -157.19   134.00  -152.15   -94.19  -156.68
E   U   21    -64.73  -174.58    26.47    80.41   179.62   -77.84  -152.65
E   G   22    142.17  -152.72  -170.72    81.87  -117.73   -84.63  -178.02
E   G   23    -45.37   175.40    26.59    80.18  -140.08   -81.60  -158.87
E   G   24    -46.98   161.00    49.79    82.76  -153.25   -70.56  -155.94
E   G   25    -66.50   171.75    56.09    83.01  -154.79   -78.16  -168.11
E   U   26    -67.04   176.60    53.95    84.38  -151.91   -87.00  -157.63
E   G   27    -66.46  -177.72    39.81    90.50  -143.36   -83.81  -175.13
E   C   28    -57.29   168.77    48.57    80.92  -152.01   -71.58  -172.59
E   A   29    -58.41  -178.15    47.19    78.95  -145.24   -75.95  -168.45
E   G   30    -62.02   174.84    52.11    82.41  -158.39   -70.29  -174.77
E   G   31    -72.64  -169.52    51.02    84.62 -9999.99 -9999.99  -154.50
E   C   39  -9999.99  -171.11    74.69    86.31  -158.76   -66.69  -151.26
E   C   40    -63.04   179.81    41.48    81.67  -142.20   -86.60  -167.88
E   U   41    -45.71   152.56    46.48    79.05  -154.30   -74.51  -165.33
E   G   42    -77.66  -174.87    43.77    80.24  -153.72   -80.34  -159.80
E   U   43    -62.14   162.48    60.90    82.16  -153.23   -56.03  -172.23
E   A   44    -74.23  -169.41    66.81    78.43    24.84   145.93  -174.02
E   G   45    -81.25   130.95    75.76    90.63  -162.58   -57.35  -166.70
E   C   46     95.16   169.95  -111.92    90.69  -129.61   -91.87  -156.71
E   U   46    -54.83   150.54    47.75    90.74  -153.00   -76.52  -156.82
E   G   46    -54.01  -172.80    24.73    90.96  -160.29   -67.49  -164.39
E   U   46    -31.38  -168.05    11.05    91.12  -171.32   -70.09  -147.63
E   C   46    178.68  -166.73   143.07    91.35  -120.02   -72.18  -171.69
E   U   46    -19.75  -177.57    -0.93    91.21  -158.70   -47.93  -121.59
E   A   46    147.06   149.63    51.03    90.40  -139.00   -66.16  -178.69
E   G   46    -70.65   170.11    55.37    90.31  -159.87   -64.09  -166.29
E   C   46    -47.30  -179.29    33.22    91.10  -128.97   -45.68  -159.82
E   G   46    -87.68   150.73    91.84    91.10  -151.69   -81.76  -172.07
E   A   46    -53.68   167.79    48.53    90.49  -155.71   -70.03  -166.94
E   C   46    -44.08  -176.84    30.79    90.97  -163.89   -64.70  -131.76
E   A   47    152.59   176.33   171.24    91.24  -151.43   -73.02  -159.34
E   G   48    -65.32   178.20    45.42    90.60  -140.90   -85.15  -160.90
E   A   49   -137.58   164.64   138.98   150.08  -109.92    78.44  -144.73
E   G   50      2.04   124.22    92.42    92.13  -121.92  -111.29   160.79
E   U   51     12.10   144.43     4.49    91.24  -155.18   -22.36  -161.09
E   G   52   -156.91   129.19   140.68    81.65  -150.18   -64.33  -169.82
E   G   53    -54.79  -178.18    47.04    76.51  -166.42   -82.06  -163.24
E   U   54    167.13  -149.52   163.59    77.67   -92.91   -85.98   178.90
E   U   55    -45.69   148.51    50.10    77.04  -133.37   -89.89  -153.89
E   C   56    166.16  -174.10    49.99    82.03  -142.82   -67.13  -177.96
E   A   57    -76.84   179.60    55.47    85.30  -152.07   -66.15  -159.45
E   A   58    -73.80  -136.21    65.19    84.01    34.12    87.00  -109.23
E   U   59     90.39  -174.60    44.47   118.77  -148.03   -60.88  -173.97
E   U   60    -76.25   172.77    61.98    86.10   -63.61  -112.58  -156.17
E   C   61    -32.72   179.03    29.72   125.11  -148.13   -84.66  -159.04
E   C   62    -81.89   177.95    53.23    79.70  -163.07   -71.58  -156.63
E   A   63    -76.62  -174.42    59.52    82.14  -149.01   -64.55  -150.85
E   C   64    -73.55   165.57    63.18    78.18  -153.96   -79.96  -157.31
E   C   65    -57.43   165.89    54.10    81.43  -148.33   -71.99  -171.41
E   U   66    -60.27  -172.52    44.60    77.65  -130.24   -77.69  -156.96
E   U   67    -55.27   147.80    70.22    82.74  -133.52   -76.15  -159.68
E   U   67    -79.97   156.19    68.93    81.07  -153.92   -75.30  -174.24
E   C   68    -70.93   178.56    57.86    79.26  -157.16   -61.50  -158.48
E   G   69    -81.57   175.14    64.17    77.31  -161.13   -69.19  -166.10
E   G   70    -67.97   179.99    51.93    80.57  -136.13   -90.27  -170.20
E   G   71    -64.84   155.91    59.94    80.77  -153.72   -67.37  -175.76
E   C   72    -69.48  -162.60    55.11    83.65  -132.36   -71.50  -148.62
E   G   73    -54.06   168.32    64.68    95.53  -103.85  -100.83    27.02
E   C   74     59.92   162.81   -15.20   141.96  -164.41   126.18  -165.34
E   C   75   -116.80  -154.51   -89.72    87.58 -9999.99 -9999.99    94.98
