PDB data file name: tRNA_dataset/3hl2_chain_E.pdb_new
-----------------------------------------------------------
CRITERIA USED TO GENERATE BASE-PAIR: 
  3.40 --> upper H-bond length limits (ON..ON).
 26.00 --> max. distance between paired base origins.
  2.50 --> max. vertical distance between paired base origins.
 65.00 --> max. angle between paired bases [0-90].
  5.40 --> min. distance between RN9/YN1 atoms.
  8.00 --> max. distance criterion for helix break[0-12]
-----------------------------------------------------------
BASE-PAIR INSTRUCTIONS: 
Column 1 is rnaview assigned base numbers n1_n2, start from 1.
Column 2 & 3 are chain ID & residue number in input PDB file.
Column 4 is for base pair. The left & right are the bases as 
         identified by column 2 & 3 and 5 & 6.
Column 5 & 6 are residue number & chain ID in input PDB file.
Column 7 is for base pair annotation. The standard Watson-Crick
         (W.C.) pairs are annotated as -/- (AU,AT) or +/+ (GC).
         Other pairs are annotated as Leontis_Westhof Classification.
         The three edges: W(Watson-Crick); H(Hoogsteen); S(suger).
         e.g. W/H means the pair is edge of Watson-Crick & Hoogsteen.
Column 8 is glycosidic bond orientation (either cis or trans).
         e.g. 'W/H cis' means the pair is interaction on Watson-Crick
         and Hoogsteen side, glycosidic bond orientation is 'cis'.
Column 9 corresponds to Saenger Classification.

Other columns: 
        Syn sugar-base conformations are annotated as (syn).
        Stacked base pairs are annotated as (stack).
        Non-identified edges are annotated as (.) or (?)
        Tertiary interactions are marked by (!) in the line.
Reference:
Yang et al (2003) Nucleic Acids Research, Vol31,No13,p3450-3461.
-----------------------------------------------------------
BEGIN_base-pair
     1_79, E:     1 G-C    72 E: +/+ cis         XIX
      2_3, E:     2 C-C     3 E:      stacked
     3_77, E:     3 C-G    70 E: +/+ cis         XIX
     3_78, E:     3 C-G    71 E:      stacked
     4_76, E:     4 C-G    69 E: +/+ cis         XIX
     7_73, E:     5 A-U    67 E: -/- cis         XX
      8_9, E:     6 U-G     7 E:      stacked
     8_72, E:     6 U-U    66 E: W/W cis         XVI
     9_71, E:     7 G-C    65 E: +/+ cis         XIX
    12_27, E:    10 C-G    25 E: +/+ cis         XIX
    12_39, E:    10 C-A    44 E:      stacked
    13_26, E:    11 C-G    24 E: +/+ cis         XIX
    13_27, E:    11 C-G    25 E:      stacked
    14_25, E:    12 U-G    23 E: W/W cis         XXVIII
    14_26, E:    12 U-G    24 E:      stacked
    15_16, E:    13 C-A    14 E:      stacked
    15_24, E:    13 C-G    22 E: +/+ cis         XIX
    16_23, E:    14 A-U    21 E: -/- cis         XX
    17_22, E:    15 G-C    20 E: +/+ cis         XIX
    18_65, E:    16 U-U    59 E: W/W tran        XII,XIII
    20_62, E:    19 G-C    56 E: +/+ cis         XIX
    28_39, E:    26 U-A    44 E: -/- cis         XX
    29_39, E:    27 G-A    44 E:      stacked
    30_37, E:    28 C-G    42 E: +/+ cis         XIX
    31_36, E:    29 A-U    41 E: -/- cis         XX
    31_37, E:    29 A-G    42 E:      stacked
    32_35, E:    30 G-C    40 E: +/+ cis         XIX
    33_34, E:    31 G-C    39 E: +/+ cis         XIX
    36_37, E:    41 U-G    42 E:      stacked
    40_55, E:    45 G-A    49 E: W/W cis         VIII
    41_54, E:    46 C-G    48 E: +/+ cis         XIX
    43_53, E:    46 G-A    47 E:      stacked
    45_50, E:    46 C-G    46 E: +/+ cis         XIX
    56_70, E:    50 G-C    64 E: +/+ cis         XIX
    57_58, E:    51 U-G    52 E:      stacked
    57_69, E:    51 U-A    63 E: -/- cis         XX
    58_68, E:    52 G-C    62 E: +/+ cis         XIX
    59_67, E:    53 G-C    61 E: +/+ cis         XIX
    60_64, E:    54 U-A    58 E: W/H tran        XXIV
    29_38, E:    27 G-U    43 E: W/W cis         !1H(b_b)
    43_52, E:    46 G-C    46 E: W/W cis         !1H(b_b)
    46_50, E:    46 U-G    46 E: S/W cis         !1H(b_b)
END_base-pair
  The total base pairs =  27 (from   82 bases)
------------------------------------------------
 Standard  WW--cis  WW-tran  HH--cis  HH-tran  SS--cis  SS-tran
       22        3        1        0        0        0        0
  WH--cis  WH-tran  WS--cis  WS-tran  HS--cis  HS-tran
        0        1        0        0        0        0
------------------------------------------------
