The backbone torsional angle for nucleic acid 

 
Note: alpha:   O3'(i-1)-P-O5'-C5'
      beta:    P-O5'-C5'-C4'
      gamma:   O5'-C5'-C4'-C3'
      delta:   C5'-C4'-C3'-O3'
      epsilon: C4'-C3'-O3'-P(i+1)
      zeta:    C3'-O3'-P(i+1)-O5'(i+1)

      chi for pyrimidines(Y): O4'-C1'-N1-C2
          chi for purines(R): O4'-C1'-N9-C4

    (The number -9999.99 means that the angle can not be calculated) 

Ch Res  Num    alpha    beta     gamma    delta  epsilon    zeta     chi
F   G    1  -9999.99   158.49  -178.00    81.45  -142.84   -73.21  -175.86
F   G    2    -56.57   166.47    57.98    80.22  -141.94   -76.04  -175.15
F   G    3    -59.41   175.31    46.93    80.11  -157.65   -68.47  -165.63
F   U    4    154.34  -170.46  -178.61    80.22  -142.71   -76.51  -160.42
F   G    5    -62.43   169.79    56.17    79.48  -146.87   -70.10  -165.76
F   C    6    -65.62   169.41    60.16    78.77  -149.77   -70.13  -158.78
F   G    7    -64.86   169.58    54.85    79.36  -140.42  -144.58  -159.43
F   A    8     60.23   165.28   -67.82   145.12  -111.19    71.63    59.55
F   U    9     70.40   164.49    60.33   145.24   -86.12   -22.08  -122.25
F   G   10    -88.70  -134.17    58.63   144.42  -124.06   151.49  -106.81
F   A   11    -87.03   162.39    46.28    81.69  -130.74   -55.62  -170.03
F   G   12    -67.84   166.82    58.17    79.75  -151.19   -75.19  -165.35
F   A   13    -60.44   174.23    49.56    78.35  -150.47   -78.85  -164.54
F   A   14    -58.97   166.75    52.07    79.15  -147.76   -74.08  -167.66
F   G   15    -58.98   165.47    60.47    78.91  -138.47   -80.17  -167.13
F   A   16    -58.46   156.18    59.07    81.00  -145.98   -43.04  -171.85
F   A   17   -142.06   134.25   150.50    81.60  -102.71   -53.92   -14.44
F   G   18    -69.75   164.29    60.49    84.30   -85.61   -36.34  -157.48
F   A   19   -170.52   171.08    70.84   146.46   -73.25   105.41  -135.41
F   G   20     54.91  -122.48   -89.95   148.17  -150.44   147.24   -71.88
F   U   21    -91.58   150.68    39.34    82.20  -140.76   -81.33  -165.44
F   A   22    -66.66   174.33    51.55    80.58  -133.02   -54.25  -172.31
F   U   23    -64.85   172.87    62.90    78.84  -145.88   -78.64  -163.59
F   U   24    -57.37   171.97    47.47    79.21  -143.80   -78.08  -156.47
F   A   25    -54.36   167.71    47.74    79.81  -149.06  -102.75  -170.39
F   A   26    141.58  -130.79  -175.99    80.67  -148.61   -46.94  -176.79
F   G   27    152.46  -169.59  -177.69    81.03   -91.07  -146.55   174.42
F   G   28     96.66  -113.24  -174.96    81.30  -121.33   -86.59  -169.15
F   A   29    -54.51   151.95    51.39    81.34  -122.84   -72.09  -169.16
F   U   30    -48.68   152.29    74.27   147.13  -147.01   111.52  -139.77
F   U   31    128.04  -135.84   164.25    82.24  -175.82    36.32  -165.53
F   U   32    166.93    93.22   149.01    81.30  -137.29  -109.50  -162.62
F   A   33    134.46  -124.01   172.11    81.12  -135.26  -115.29  -178.88
F   C   34     29.47   116.55     3.11    78.48  -135.56   -92.59  -154.71
F   U   35    -51.29   150.40    53.04    78.46  -148.17   -81.86  -153.58
F   A   36    -51.66   164.20    46.07    80.31  -140.77   -81.35  -162.29
F   U   37    -50.73   163.84    47.65    79.66  -143.84   -80.84  -157.14
F   G   38    -49.00  -178.18    48.96   142.21  -121.39   142.56    68.74
F   A   39    -62.08  -163.18    62.74    81.39  -138.05   -65.22  -161.21
F   U   40    -63.44   176.80    51.55    79.26  -137.75   -65.39  -162.65
F   U   41    -61.73   172.42    51.09    78.26  -144.81   -71.45  -159.58
F   A   42    -56.13  -159.62    23.96    76.88  -133.10   -62.52    44.68
F   G   43    -59.25   156.41    71.88    80.22  -127.51   -74.20  -161.96
F   C   44    167.64   162.64    54.56    81.71  -142.60   -66.25  -168.03
F   G   45    -64.92   167.74    59.67    83.29  -137.06   -84.52  -166.55
F   A   46    -49.26  -151.65    61.80   147.96   -88.89  -125.03   -83.33
F   C   47     48.19  -155.73    54.00    80.10  -147.86   -71.43  -165.20
F   U   48    -63.73   174.72    51.66    80.85  -150.24   -76.36  -164.24
F   C   49    -58.37   172.50    54.39    80.71  -169.55   -80.61  -162.53
F   U   50    156.56  -149.01   173.40    81.08  -117.36   -86.29  -168.38
F   A   51    -66.15   169.25    43.25    78.85  -107.97  -123.99  -167.05
F   G   52     93.84   -90.08  -149.70    81.55   174.03    33.42  -174.04
F   G   53   -177.83   112.14   131.94    82.08  -152.35   -43.38   175.75
F   A   54   -105.95  -121.48    45.13   148.41  -142.85  -137.32   -82.95
F   U   55     56.28  -112.61  -135.78    79.62  -128.49  -118.30  -166.20
F   A   56   -141.22   139.33    55.71    77.30  -150.70   -82.35  -168.02
F   G   57    -47.99   161.05    51.35    79.42  -128.24   -80.05  -174.42
F   U   58    -47.47   149.10    66.87    78.72  -121.56   -76.80  -160.10
F   G   59    107.67  -156.76  -148.75    80.34  -135.65   -61.28  -157.54
F   A   60    176.66   145.92    53.13    82.79  -123.84   -90.83  -166.79
F   A   61    -56.99   144.67    60.31    83.66  -120.47   -71.75  -158.26
F   A   62   -161.83   165.17  -179.47   148.10  -135.59  -120.02  -111.24
F   G   63    -64.33  -177.42    49.66   145.24   -99.79   -68.52   -84.53
F   C   64    -62.51   161.62    48.05    80.11  -114.77  -102.39  -147.37
F   U   65    -62.25   163.24    43.79    80.60  -150.79   -80.00  -165.59
F   A   66    -56.54   166.08    55.55    80.07  -128.07  -109.15  -154.51
F   G   67    112.02  -110.76  -154.81    82.66   -91.86  -115.60   175.37
F   A   68     86.04  -115.29  -154.92    82.04  -114.87   -85.09  -179.45
F   G   69    -53.94   162.08    50.00    79.90  -168.74   -82.17  -164.21
F   G   70    151.49  -159.09  -169.54    81.12  -100.25  -145.34   177.03
F   A   71     96.94   -95.22  -172.72    82.89   -89.84   -25.98   176.36
F   U   72   -110.66    68.07   170.11    81.64  -105.99   -45.08  -168.81
F   A   73   -141.42   122.40   135.80    81.49  -151.21   -76.79  -171.83
F   G   74    157.36  -153.96   170.31    81.38  -124.11   -86.11  -179.18
F   U   75    -52.36   156.10    51.92    79.99  -154.00   -75.02  -156.63
F   A   76    149.53  -160.28   179.08    80.72  -130.35   -84.60  -173.13
F   A   77    -62.16   159.05    54.24    79.32  -128.86  -107.87  -172.71
F   C   78     47.34   138.95   -22.49    80.93  -162.47   -74.54  -153.96
F   C   79    153.30  -151.11   173.95    81.07  -139.62   -66.09  -166.98
F   U   80    -64.61  -163.78    37.42    79.00  -118.85  -134.26  -163.17
F   U   81     98.77  -109.08  -171.54    81.78  -128.06   -71.42  -163.79
F   A   82    -60.31  -177.47    37.22    81.70  -153.80  -103.10   178.07
F   A   83    159.85  -131.49   169.44    81.87  -137.71   -34.04  -178.18
F   G   84    -84.74  -148.17    46.90   143.67  -168.07  -117.21  -103.83
F   A   85   -127.07    72.71   168.96    79.51  -118.54   -89.57   175.43
F   A   86    -49.70   154.25    49.97    79.86  -139.98  -120.13  -164.86
F   G   87    -55.43   164.38    42.78    80.66  -143.87   -84.25  -176.57
F   G   88    -58.73   172.06    50.07    81.30  -144.32   -74.79  -174.97
F   C   89    -59.28   172.62    52.64    80.73  -138.66   -78.67  -160.91
F   A   90    -59.70   162.19    52.94    80.84  -124.59   -76.75  -163.95
F   C   91    -70.29  -176.60    51.76    81.08  -137.30  -121.55  -164.04
F   U   92     21.54   124.09     6.73    80.28  -151.57   -75.11  -159.36
F   U   93    -63.47   170.40    55.63    79.58  -146.21   -70.08  -163.04
F   C   94    -66.47   164.83    61.92    80.93  -135.67   -66.29  -159.12
F   G   95    -60.88   169.53    64.86    81.70   169.68  -100.67  -123.77
F   A   96    -56.22  -176.87    72.36   149.97   -91.16   123.39  -131.83
F   G   97     73.39   -97.31  -161.58    81.99  -141.74   -86.05  -172.31
F   C   98    -62.32   164.59    58.58    81.62  -151.58   -72.03  -162.96
F   A   99    -64.65   174.52    50.29    80.81  -150.14   -77.01  -167.84
F   C  100    -58.60   175.77    48.95    78.55  -145.44   -73.35  -160.58
F   C  101    -60.52   166.53    59.55    80.68  -141.72   -76.11  -160.82
F   C  102    -58.46  -170.50    50.53   144.53 -9999.99 -9999.99  -116.50
