PDB data file name: tRNA_dataset/4lck_chain_F.pdb_new
-----------------------------------------------------------
CRITERIA USED TO GENERATE BASE-PAIR: 
  3.40 --> upper H-bond length limits (ON..ON).
 26.00 --> max. distance between paired base origins.
  2.50 --> max. vertical distance between paired base origins.
 65.00 --> max. angle between paired bases [0-90].
  5.40 --> min. distance between RN9/YN1 atoms.
  8.00 --> max. distance criterion for helix break[0-12]
-----------------------------------------------------------
BASE-PAIR INSTRUCTIONS: 
Column 1 is rnaview assigned base numbers n1_n2, start from 1.
Column 2 & 3 are chain ID & residue number in input PDB file.
Column 4 is for base pair. The left & right are the bases as 
         identified by column 2 & 3 and 5 & 6.
Column 5 & 6 are residue number & chain ID in input PDB file.
Column 7 is for base pair annotation. The standard Watson-Crick
         (W.C.) pairs are annotated as -/- (AU,AT) or +/+ (GC).
         Other pairs are annotated as Leontis_Westhof Classification.
         The three edges: W(Watson-Crick); H(Hoogsteen); S(suger).
         e.g. W/H means the pair is edge of Watson-Crick & Hoogsteen.
Column 8 is glycosidic bond orientation (either cis or trans).
         e.g. 'W/H cis' means the pair is interaction on Watson-Crick
         and Hoogsteen side, glycosidic bond orientation is 'cis'.
Column 9 corresponds to Saenger Classification.

Other columns: 
        Syn sugar-base conformations are annotated as (syn).
        Stacked base pairs are annotated as (stack).
        Non-identified edges are annotated as (.) or (?)
        Tertiary interactions are marked by (!) in the line.
Reference:
Yang et al (2003) Nucleic Acids Research, Vol31,No13,p3450-3461.
-----------------------------------------------------------
BEGIN_base-pair
    1_102, F:     1 G-C   102 F: +/+ cis         XIX
    2_101, F:     2 G-C   101 F: +/+ cis         XIX
    2_102, F:     2 G-C   102 F:      stacked
      3_4, F:     3 G-U     4 F:      stacked
    3_100, F:     3 G-C   100 F: +/+ cis         XIX
     4_99, F:     4 U-A    99 F: -/- cis         XX
     5_98, F:     5 G-C    98 F: +/+ cis         XIX
      6_7, F:     6 C-G     7 F:      stacked
     6_97, F:     6 C-G    97 F: +/+ cis         XIX
    10_96, F:    10 G-A    96 F: S/H tran        XI
    12_94, F:    12 G-C    94 F: +/+ cis         XIX
    13_93, F:    13 A-U    93 F: -/- cis         XX
    19_86, F:    19 A-A    86 F: H/H tran        II
    21_85, F:    21 U-A    85 F: W/H tran        XXIV
    22_84, F:    22 A-G    84 F: H/S tran        XI
    23_83, F:    23 U-A    83 F: -/- cis         XX
    26_80, F:    26 A-U    80 F: -/- cis         XX
    26_81, F:    26 A-U    81 F: W/W cis         n/a
    27_28, F:    27 G-G    28 F:      stacked
    27_79, F:    27 G-C    79 F: W/W cis         n/a
    28_78, F:    28 G-C    78 F: +/+ cis         XIX
    31_77, F:    31 U-A    77 F: W/W cis         n/a
    32_33, F:    32 U-A    33 F:      stacked
    32_76, F:    32 U-A    76 F: -/- cis         XX
    34_74, F:    34 C-G    74 F: +/+ cis         XIX
    35_73, F:    35 U-A    73 F: -/- cis         XX
    36_72, F:    36 A-U    72 F: W/W cis         n/a
    37_71, F:    37 U-A    71 F: -/- cis         XX
    38_70, F:    38 G-G    70 F: H/W cis    syn    VI
    43_62, F:    43 G-A    62 F: S/W tran        X
    44_63, F:    44 C-G    63 F: +/+ cis      syn  XIX
    45_57, F:    45 G-G    57 F: W/W tran        III
    46_59, F:    46 A-G    59 F: W/S tran   syn    X
    47_69, F:    47 C-G    69 F: +/+ cis         XIX
    48_68, F:    48 U-A    68 F: -/- cis         XX
    49_50, F:    49 C-U    50 F:      stacked
    49_67, F:    49 C-G    67 F: +/+ cis         XIX
    50_66, F:    50 U-A    66 F: -/- cis         XX
    51_65, F:    51 A-U    65 F: -/- cis         XX
    52_64, F:    52 G-C    64 F: W/W cis         n/a
    53_54, F:    53 G-A    54 F:   syn  stacked
    53_64, F:    53 G-C    64 F: S/W cis         n/a
    58_62, F:    58 U-A    62 F: W/H tran        XXIV
    80_81, F:    80 U-U    81 F:      stacked
    25_81, F:    25 A-U    81 F: W/W cis         !1H(b_b).
    31_76, F:    31 U-A    76 F: W/W cis         !1H(b_b).
    56_63, F:    56 A-G    63 F: W/H tran     syn  !1H(b_b)
     7_96, F:     7 G-A    96 F: S/S tran        !(b_s)
    11_95, F:    11 A-G    95 F: W/S tran        !(b_s)
    11_97, F:    11 A-G    97 F: S/S tran        !(b_s)
    43_57, F:    43 G-G    57 F: S/W cis         !(b_s)
    4_100, F:     4 U-C   100 F: W/W cis         !(s_s)
      7_8, F:     7 G-A     8 F: S/W cis      syn  !(s_s)
    19_20, F:    19 A-G    20 F: S/S cis      syn  !(s_s)
    20_21, F:    20 G-U    21 F: S/H cis    syn    !(s_s)
END_base-pair

Summary of triplets and higher multiplets
BEGIN_multiplets
43_58_62_| [1 3]  F: 43 G  +  F: 58 U  +  F: 62 A
END_multiplets

  The total base pairs =  36 (from  102 bases)
------------------------------------------------
 Standard  WW--cis  WW-tran  HH--cis  HH-tran  SS--cis  SS-tran
       21        5        1        0        1        0        0
  WH--cis  WH-tran  WS--cis  WS-tran  HS--cis  HS-tran
        1        2        1        2        0        2
------------------------------------------------
