The backbone torsional angle for nucleic acid 

 
Note: alpha:   O3'(i-1)-P-O5'-C5'
      beta:    P-O5'-C5'-C4'
      gamma:   O5'-C5'-C4'-C3'
      delta:   C5'-C4'-C3'-O3'
      epsilon: C4'-C3'-O3'-P(i+1)
      zeta:    C3'-O3'-P(i+1)-O5'(i+1)

      chi for pyrimidines(Y): O4'-C1'-N1-C2
          chi for purines(R): O4'-C1'-N9-C4

    (The number -9999.99 means that the angle can not be calculated) 

Ch Res  Num    alpha    beta     gamma    delta  epsilon    zeta     chi
D   G    1  -9999.99   123.20    -6.94    87.42  -138.74   -80.78  -176.33
D   C    2    -56.65   165.91    52.81    82.70  -146.82   -72.61  -166.30
D   C    3    -61.93   171.59    54.09    81.52  -179.60   -75.67  -165.58
D   C    4   -154.24  -153.72   119.04    81.10  -138.24   -78.74  -165.61
D   G    5    -53.13   166.34    48.08    77.14  -149.73   -75.14  -166.02
D   G    6    -57.95   163.57    61.21    78.48  -143.84   -84.27  -166.87
D   A    7    -45.97   174.87    54.24   144.26   -83.46  -107.09  -121.05
D 4SU    8     40.39   124.38     8.12    76.70  -146.23  -123.25  -162.78
D   A    9    -71.59  -148.44    56.83   145.57   -99.09  -107.49   -73.10
D   G   10    149.39  -142.97    57.36    73.28    86.74    73.77  -176.22
D   C   11   -156.63   172.81    64.70    77.49  -150.20   -73.91  -161.64
D   U   12    -60.09   167.95    55.03    78.39  -149.23   -38.82  -160.69
D   C   13   -144.52   140.77   142.26    80.63  -159.33   -72.83  -165.87
D   A   14    147.98   179.52  -164.00    86.14   -96.65  -100.83   175.86
D   G   15     93.35  -128.27  -148.50   100.54   -94.11  -125.77   179.15
D H2U   16    -30.55   132.09    34.60   112.67   -61.75  -154.32  -139.03
D   C   17    110.19  -105.65  -135.40   151.22   -92.89    78.56  -103.88
D   G   18     73.82   131.32    11.15   155.87  -101.78  -153.18  -107.07
D   G   19    -14.40  -163.36   -25.29   163.34   -85.76  -119.26   -76.25
D   U   20     64.63   116.15   -33.69   142.10  -148.98  -125.10  -163.98
D   A   21      6.26   141.15    84.02    82.24  -120.41  -166.33  -156.21
D   G   22    107.51  -113.75   171.94    83.63  -133.24  -115.48   177.39
D   A   23    -16.72   141.36    20.19    77.94  -141.48   -99.61  -163.22
D   G   24    -46.66   158.75    40.92    85.18  -150.81   -66.92  -159.61
D   C   25    -76.34   165.55    67.47    85.25  -137.04   -75.29  -169.05
D   A   26    -64.47   156.31    63.82    80.31  -151.97   -53.65  -177.12
D   G   27    -92.44  -172.49    64.99    73.69  -147.31   -72.05  -172.41
D   G   28    -73.13   172.78    61.77    84.00  -124.64  -123.38  -177.54
D   G   29     -7.47   131.94    20.19    75.11  -146.67   -78.47  -169.63
D   G   30    -63.19   162.06    67.18    71.00  -162.41   -66.88  -175.62
D   A   31    170.42  -172.44   170.27    85.41  -121.14   -84.35  -178.80
D PSU   32    -50.31   156.75    44.53    93.17  -128.45   -78.57 -9999.99
D   U   33    -61.61   176.14    38.71    83.32  -130.65   -64.81  -161.56
D   G   34   -179.69   157.39    33.94    98.92  -130.28   -87.16  -173.87
D   A   35    -59.70   167.26    43.62    81.02  -164.22   -64.08  -161.21
D   A   36    -84.31   172.52    64.34    82.15  -141.46   -68.01  -165.37
D MIA   37    -90.01   152.47    89.61    83.21  -126.75   -92.60   175.36
D   A   38    -44.52   153.06    32.86    90.99  -134.54   -82.39  -167.20
D PSU   39    -52.49   160.54    45.40    91.87  -134.57  -109.89 -9999.99
D   C   40    -16.65   149.82    25.38    83.77  -145.49   -88.23  -163.03
D   C   41    -62.82   165.21    53.65    78.95  -154.08   -62.72  -169.39
D   C   42    -79.51   174.64    69.14    85.78  -132.47   -92.01  -168.75
D   C   43    -52.86   151.91    47.57    43.80    76.94    76.82  -170.27
D   G   44   -145.25   151.00    80.36    87.98  -126.67   -87.07  -170.03
D   U   45    -43.42   150.07    41.24    43.23    53.58    82.78  -160.55
D G7M   46     30.93   129.48   -57.66   174.61  -100.55  -134.02   130.19
D 3AU   47     58.56   166.00    30.08   121.67  -140.89    40.40   -94.67
D   C   48   -132.78  -104.19    95.01   119.23  -127.92   117.34  -144.27
D   C   49    -98.13  -114.49   113.99    76.15  -114.68  -101.46   176.67
D   U   50    -55.98   143.67    57.84    75.48  -137.90   -78.00  -172.38
D   U   51    -77.34   159.44    70.45    75.48  -149.24  -125.39  -171.52
D   G   52     25.79   117.81     9.37    76.20  -177.21   -79.59  -162.13
D   G   53   -176.71  -148.44   149.01    92.80  -115.04  -100.30   172.41
D   U   54    -44.53   155.29    38.26    81.51  -130.55   -85.34  -164.34
D PSU   55    -52.70   155.18    48.43    77.90  -130.32   -55.52 -9999.99
D   C   56   -148.12   114.70    38.90    80.12  -141.18   -65.18  -172.04
D   G   57   -103.57  -179.23    84.77    80.99  -149.77  -112.60  -168.97
D   A   58     73.99   128.43    -5.36   151.51   -81.65   178.82   -71.99
D   U   59     55.38  -149.64    76.71    88.10  -157.14   -51.94  -166.29
D   U   60    -99.26   179.19    87.90   140.06  -110.06   -45.74  -135.68
D   C   61    -88.54  -171.29    25.13    78.60  -152.72   -73.35  -162.71
D   C   62    -61.41   177.78    48.18    79.68  -147.83   -76.53  -164.48
D   G   63    -54.35   173.15    44.95    78.97  -166.77   -90.96  -164.74
D   A   64    155.03  -139.16   168.57    81.12  -125.77   -83.60   173.92
D   G   65    -38.85   161.41    40.88    80.64  -157.70   -84.47  -164.93
D   U   66    154.66  -156.05   173.37    80.89  -117.05   -91.59  -165.97
D   C   67    -42.12   143.78    45.35    75.00  -144.51   -84.54  -159.71
D   C   68    -47.85   166.08    45.17    78.62  -164.24   -79.13  -159.26
D   G   69    139.51  -154.61  -168.30    81.37  -121.48   -88.80   179.86
D   G   70    -42.79   154.23    43.73    80.04  -158.05   -87.53  -164.40
D   G   71    143.19  -145.68  -173.04    81.71   -96.62  -116.04  -179.63
D   C   72     90.80  -112.36  -154.91    82.52  -125.28   -80.08  -174.10
D   A   73    168.39  -158.29   149.94    82.17  -101.64   101.37  -179.33
D   C   74   -121.92   167.11    60.78    83.94  -143.48   -68.79  -170.50
D   C   75    -74.68  -162.17    43.97    85.32   -94.69   -44.22  -137.36
D   A   76    -92.32    59.15  -169.45   144.54 -9999.99 -9999.99  -107.18
