The backbone torsional angle for nucleic acid 

 
Note: alpha:   O3'(i-1)-P-O5'-C5'
      beta:    P-O5'-C5'-C4'
      gamma:   O5'-C5'-C4'-C3'
      delta:   C5'-C4'-C3'-O3'
      epsilon: C4'-C3'-O3'-P(i+1)
      zeta:    C3'-O3'-P(i+1)-O5'(i+1)

      chi for pyrimidines(Y): O4'-C1'-N1-C2
          chi for purines(R): O4'-C1'-N9-C4

    (The number -9999.99 means that the angle can not be calculated) 

Ch Res  Num    alpha    beta     gamma    delta  epsilon    zeta     chi
1   A    1  -9999.99   140.87    76.72    81.13  -150.86   -75.67  -168.87
1   G    2    -63.64   169.27    56.66    81.09  -138.78   -79.50  -167.81
1   C    3    -57.79   160.40    56.25    81.96  -172.06   -91.01  -160.79
1   G    4    174.61  -128.45   151.50    85.95  -141.31   -61.37  -179.41
1   C    5    114.43   178.20  -162.18    80.53  -142.61   -83.12  -160.70
1   C    6    -50.85   161.66    50.20    79.81  -145.12   -92.71  -159.01
1   G    7    -43.16   156.17    62.48   142.02   -62.45  -148.13  -130.68
1   U    8   -161.90   -88.65  -162.60   146.82   -67.16  -135.90  -101.89
1 1MG    9     58.93  -117.41   123.76    81.05  -122.91   -62.95   -83.41
1 2MG   10    176.50   144.70    99.92    82.14  -116.44  -100.14   173.98
1   C   11    -49.12   148.53    51.33    83.08  -147.89   -74.93  -161.26
1   G   12    -66.21   178.82    44.04    82.44  -168.83   -89.22  -151.85
1   C   13    157.79  -134.13   167.59    83.11  -163.61   -88.07  -165.29
1   A   14    161.32  -127.51   153.39    86.57   -98.36  -138.35  -168.61
1   G   15    121.57  -128.51   172.08    82.71   -93.15   -21.83  -123.62
1 H2U   16    -98.99    60.43  -161.27    94.50 -9999.99 -9999.99  -122.84
1   G   18  -9999.99  -103.31   134.91    81.35  -162.37   165.19   161.73
1   G   19    -74.97  -134.21   164.52   147.56   -99.65   119.35   -94.49
1   A   20    178.56   170.04    78.30   143.40  -137.84    53.61   100.64
1   A   21     92.10   -87.66  -166.70   149.39   -74.49  -150.47  -133.68
1   G   22     44.05  -172.68  -146.63    84.06  -143.90  -104.15  -164.85
1   C   23    126.26  -142.08  -174.82    81.30  -125.75   -85.56  -174.07
1   G   24    -55.27   156.26    50.48    82.13  -142.85   -71.56  -164.83
1   C   25    -66.51   165.35    57.75    81.94  -142.04   -80.27  -155.25
1 M2G   26    102.20  -157.49  -131.23    86.18  -125.61   -60.09   172.20
1   C   27    -72.56   175.72    52.27    81.09  -153.17   -72.69  -168.02
1   A   28    -71.23  -176.23    48.39    79.48  -149.84   -74.30  -169.08
1   G   29    -65.50   169.56    58.07    79.60  -147.84   -74.06  -170.21
1   G   30    -67.36   166.72    61.40    78.59  -145.62   -67.94  -174.57
1   G   31    -67.85   172.96    61.30    78.58  -147.72   -67.69  -175.30
1   C   32    -71.55  -172.59    51.81    81.16  -132.77   -64.99  -174.23
1   U   33    -69.31  -177.57    51.76    80.29  -135.12   -40.34  -155.37
1   C   34   -168.59   121.62    51.38    81.72  -120.19   -79.20  -171.84
1   A   35    -79.64   159.83    61.08    79.28  -155.22   -77.62  -162.76
1   U   36    -64.91   174.71    53.36    76.18  -140.26   -74.69  -161.71
1 T6A   37    -76.36   159.66    73.14    79.46  -133.97   -62.88   178.43
1   A   38    -68.98   175.23    57.98    80.32  -130.40   -59.45  -175.44
1   C   39    -66.47   161.11    68.67    79.25  -139.13   -80.44  -174.12
1   C   40    -52.38   171.47    47.02    82.99  -155.91   -85.27  -160.96
1   C   41    143.37  -154.47  -178.78    82.50  -134.87   -79.09  -172.39
1   U   42    -52.59   164.17    46.40    78.05  -138.51   -93.42  -163.17
1   G   43    118.11  -134.97  -154.26    76.93    42.58   134.79   179.22
1   A   44    -83.85   120.48    19.79    77.65   169.49   -88.39  -118.40
1   U   45    154.79  -143.90   163.85    91.30   -73.00  -141.05  -137.77
1 G7M   46    146.58  -105.31   178.76   143.02   -79.34  -128.19  -111.39
1 H2U   47     79.79   -66.34  -124.53   132.45   -65.55  -133.52    55.09
1 5MC   48   -156.81   -58.62   -92.86   128.32  -108.52   164.12  -143.22
1 5MC   49    -83.31  -141.77    87.84    78.91  -142.93   -66.10  -175.58
1   U   50    -79.34   180.00    53.90    81.35  -151.56   -74.26  -161.63
1   C   51    -64.32   170.49    55.85    79.72  -157.23   -82.38  -158.38
1   G   52    152.11  -160.73   172.97    82.13  -136.26   -86.63  -177.78
1   G   53    -50.21   173.60    34.13    80.61  -144.42   -92.96  -165.48
1   A   54    -50.65   157.98    53.86    80.74  -113.12   -78.38  -171.32
1   U   55    -50.68   143.89    62.94    84.46  -109.13   -46.59  -156.04
1   C   56   -176.98   130.95    29.84    80.22  -129.30   -66.25  -169.42
1   G   57    -60.85   160.64    59.09    80.46  -124.09  -113.08  -160.08
1 1MA   58    -16.76   170.36    32.10   137.66   -96.19   176.37  -151.24
1   A   59    119.06  -133.64    58.89   142.44  -142.31   -40.59  -153.19
1   A   60   -157.60   108.10   145.28   147.11  -125.32   -52.67  -125.96
1   C   61   -152.57  -130.70    62.00    81.64  -150.89   -72.94  -157.92
1   C   62    -67.41   167.65    58.96    79.26  -149.45   -79.96  -157.08
1   G   63    -60.81   164.41    57.62    78.63  -129.38 -9999.99  -174.17
1 RIA   64  -9999.99 -9999.99  -138.21   144.08 -9999.99 -9999.99 -9999.99
1   G   65  -9999.99   151.05    61.40    82.18  -147.68   -70.94  -173.60
1   C   66    -65.95   177.83    55.02    77.20  -123.97   -91.82  -156.30
1   G   67    -55.26   149.86    53.14    78.54  -150.55   -83.83  -160.46
1   G   68    -56.66   161.37    55.79    81.97  -173.10   -90.44  -157.67
1   C   69    165.07  -139.28   160.89    83.01  -113.52   -84.88  -173.70
1   G   70    -59.20   167.80    44.38    83.94  -167.00   -87.82  -149.75
1   C   71    154.32  -150.97   166.61    81.06  -139.03   -82.18  -165.28
1   U   72    -52.65   164.42    54.21    80.67  -108.16   -97.11  -156.52
1   A   73    139.93  -105.67   176.83    81.46  -147.32  -126.15  -160.29
1   C   74    -69.20   105.51   124.38   144.66  -163.41  -128.52    99.73
1   C   75    -31.70   -76.54   -77.26    77.09  -142.94   121.63  -151.77
1   A   76   -128.71  -150.38   138.92   149.84 -9999.99 -9999.99  -112.13
