PDB data file name: ./Datasets/pdb_select_tRNA_NoCopie/1wz2_C.pdb_new
-----------------------------------------------------------
CRITERIA USED TO GENERATE BASE-PAIR: 
  3.40 --> upper H-bond length limits (ON..ON).
 26.00 --> max. distance between paired base origins.
  2.50 --> max. vertical distance between paired base origins.
 65.00 --> max. angle between paired bases [0-90].
  5.40 --> min. distance between RN9/YN1 atoms.
  8.00 --> max. distance criterion for helix break[0-12]
-----------------------------------------------------------
BASE-PAIR INSTRUCTIONS: 
Column 1 is rnaview assigned base numbers n1_n2, start from 1.
Column 2 & 3 are chain ID & residue number in input PDB file.
Column 4 is for base pair. The left & right are the bases as 
         identified by column 2 & 3 and 5 & 6.
Column 5 & 6 are residue number & chain ID in input PDB file.
Column 7 is for base pair annotation. The standard Watson-Crick
         (W.C.) pairs are annotated as -/- (AU,AT) or +/+ (GC).
         Other pairs are annotated as Leontis_Westhof Classification.
         The three edges: W(Watson-Crick); H(Hoogsteen); S(suger).
         e.g. W/H means the pair is edge of Watson-Crick & Hoogsteen.
Column 8 is glycosidic bond orientation (either cis or trans).
         e.g. 'W/H cis' means the pair is interaction on Watson-Crick
         and Hoogsteen side, glycosidic bond orientation is 'cis'.
Column 9 corresponds to Saenger Classification.

Other columns: 
        Syn sugar-base conformations are annotated as (syn).
        Stacked base pairs are annotated as (stack).
        Non-identified edges are annotated as (.) or (?)
        Tertiary interactions are marked by (!) in the line.
Reference:
Yang et al (2003) Nucleic Acids Research, Vol31,No13,p3450-3461.
-----------------------------------------------------------
BEGIN_base-pair
    34_42, C:   934 A-U   942 C: -/- cis         XX
     2_83, C:   902 C-G   983 C: +/+ cis         XIX
    11_27, C:   911 C-G   927 C: +/+ cis         XIX
    12_26, C:   912 C-G   926 C: +/+ cis         XIX
    48_57, C:   948 C-G   957 C: +/+ cis         XIX
    49_56, C:   949 C-G   956 C: +/+ cis         XIX
    50_55, C:   950 C-G   955 C: +/+ cis         XIX
    61_77, C:   961 C-G   977 C: +/+ cis         XIX
     1_84, C:   901 G-C   984 C: +/+ cis         XIX
     3_82, C:   903 G-C   982 C: +/+ cis         XIX
     4_81, C:   904 G-C   981 C: +/+ cis         XIX
     5_80, C:   905 G-C   980 C: +/+ cis         XIX
     6_79, C:   906 G-C   979 C: +/+ cis         XIX
     7_78, C:   907 G-C   978 C: +/+ cis         XIX
    10_28, C:   910 G-C   928 C: +/+ cis         XIX
    30_46, C:   930 G-C   946 C: +/+ cis         XIX
    31_45, C:   931 G-C   945 C: +/+ cis         XIX
    32_44, C:   932 G-C   944 C: +/+ cis         XIX
    33_43, C:   933 G-C   943 C: +/+ cis         XIX
    62_76, C:   962 G-C   976 C: +/+ cis         XIX
    63_75, C:   963 G-C   975 C: +/+ cis         XIX
    64_74, C:   964 G-C   974 C: +/+ cis         XIX
    65_73, C:   965 G-C   973 C: +/+ cis         XIX
    20_68, C:   920 G-C   968 C: W/W cis         n/a
    29_47, C:   929 G-U   947 C: W/W cis         XXVIII
    15_60, C:   915 G-C   960 C: W/W tran        XXII
     8_14, C:   908 U-A   914 C: W/H tran        XXIV
    66_70, C:   966 U-A   970 C: W/H tran        XXIV
    14_24, C:   914 A-A   924 C: W/S cis         n/a
    15_24, C:   915 G-A   924 C: W/S cis         n/a
    19_67, C:   919 G-U   967 C: W/S tran        n/a
     9_13, C:   909 U-G   913 C: H/W tran        n/a
END_base-pair

Summary of triplets and higher multiplets
BEGIN_multiplets
8_14_24_| [1 3]  C: 908 U  +  C: 914 A  +  C: 924 A
END_multiplets

  The total base pairs =  32 (from   88 bases)
------------------------------------------------
 Standard  WW--cis  WW-tran  HH--cis  HH-tran  SS--cis  SS-tran
       23        2        1        0        0        0        0
  WH--cis  WH-tran  WS--cis  WS-tran  HS--cis  HS-tran
        0        3        2        1        0        0
------------------------------------------------
