The backbone torsional angle for nucleic acid 

 
Note: alpha:   O3'(i-1)-P-O5'-C5'
      beta:    P-O5'-C5'-C4'
      gamma:   O5'-C5'-C4'-C3'
      delta:   C5'-C4'-C3'-O3'
      epsilon: C4'-C3'-O3'-P(i+1)
      zeta:    C3'-O3'-P(i+1)-O5'(i+1)

      chi for pyrimidines(Y): O4'-C1'-N1-C2
          chi for purines(R): O4'-C1'-N9-C4

    (The number -9999.99 means that the angle can not be calculated) 

Ch Res  Num    alpha    beta     gamma    delta  epsilon    zeta     chi
U   A    1  -9999.99 -9999.99    37.68    93.96  -125.00   -53.28  -173.59
U   G    2   -124.62   123.53   119.09    87.47  -120.29  -112.28   171.86
U   C    3    -11.18   140.36    28.99    79.25  -114.58  -124.46  -159.16
U   A    4    107.00  -119.75  -175.44    77.34  -115.87  -108.05   176.29
U   G    5    -27.44   134.63    46.52    84.23  -161.86  -104.95  -172.28
U   A    6    170.74  -123.83   148.74    86.79  -118.09  -137.91  -179.97
U   G    7     10.76   104.87    32.24   129.02   -92.74   -99.49  -124.51
U   U    8     60.84   126.18   -18.24    90.70  -156.35  -103.14  -148.21
U   G    9    120.34   158.42  -143.27   130.15   -68.60  -150.47   -92.36
U   G   10    156.65  -128.92    72.27    92.37  -116.24  -135.47   168.82
U   C   11     17.12   108.56    14.27    78.93  -146.95   -98.77  -157.62
U   G   12    128.56  -145.39  -178.39    85.65  -117.10   -93.28   176.32
U   C   13    -45.49   148.39    56.54    79.47  -150.01   -70.38  -169.31
U   A   14   -126.90   118.18   149.46    85.12  -159.71   -29.13   161.65
U   G   15   -164.53  -135.45   110.95   139.51  -137.74  -157.79  -129.66
U   C   16   -148.74  -114.43   164.17   156.43  -147.71   147.93   -81.18
U   G   17   -132.02   153.98   141.14   126.87  -156.82   135.32  -164.14
U   G   18   -124.16   115.93   -22.26   101.63  -137.42  -175.44   -20.84
U   A   19    -49.43   153.81   113.37    85.29  -145.22   -70.55  -151.53
U   A   20    125.32  -126.88   -96.20    89.05  -152.81   -76.66  -152.23
U   G   21   -130.01    99.75   144.73   100.68  -159.99    30.37   164.35
U   C   22    172.09    93.29   143.14    82.38  -113.91  -111.80  -175.91
U   G   23    -28.33   133.23    45.72    88.77  -142.86   -67.53  -174.54
U   U   24    -93.41   167.49    73.15    75.42  -129.00   -78.38  -168.61
U   G   25   -107.12   139.77   100.57    89.17  -138.94   -48.31   170.00
U   C   26    -87.82  -167.63    59.51    90.43  -129.19   -71.01  -158.56
U   U   27   -111.37   147.02    93.05    78.73  -136.01   -58.68  -166.62
U   G   28   -132.88   120.67   123.08    81.82  -108.26  -117.10   168.63
U   G   29    -40.40   136.21    55.70    84.49  -119.02   -65.38  -179.08
U   G   30   -105.75   114.82   126.99    98.77  -127.75   -52.26   166.92
U   C   31    -87.74  -177.75    50.14    85.75  -129.30  -118.85  -147.01
U   C   32    163.07  -129.95   144.87    78.93  -134.39   -44.21  -157.27
U   C   33    157.90   135.85    62.97    82.53  -121.47   -85.20  -175.65
U   A   34    -54.77   152.02    53.98    81.20  -121.50  -119.91  -176.01
U   U   35    -33.37   136.67    42.72    78.34  -157.59   -99.60  -160.85
U   A   36    141.71  -135.98   172.39    93.67  -152.71    35.33   174.99
U   A   37   -170.81    92.45   151.26    81.81  -113.38   -66.29    -7.09
U   C   38    -65.41   154.64    58.76    75.79  -126.05  -104.62  -167.40
U   C   39    -51.22   143.14    59.97    81.82  -133.66  -114.70  -168.81
U   C   40     -6.71   129.30    32.98    78.53  -159.30   -91.80  -159.08
U   A   41    111.55  -152.42  -148.66   102.56  -103.07   -39.93   175.69
U   G   42   -128.68    99.03   131.03    80.62  -104.17  -112.54   171.20
U   A   43    -50.62   128.39    64.05    87.85  -117.29   -24.27   176.91
U   G   44   -123.99   105.88   154.04   125.08   -89.58   -45.65   179.29
U   G   45    124.66   174.01  -174.35    90.53  -104.32  -131.91  -100.16
U   U   46     35.82   140.75   149.78    85.96  -144.09    46.95  -161.14
U   C   47     93.22   130.48   -18.02   155.87  -165.73   129.16  -107.74
U   G   48    -47.31  -124.54    77.40    83.58  -120.56   -38.35   178.84
U   A   49   -123.09    83.85   160.73    86.01  -152.64   -46.04   164.76
U   U   50   -133.22  -121.54    80.60   142.53  -138.58  -141.84  -111.16
U   G   51     74.61  -130.14  -150.89    77.71  -152.81  -108.17  -171.59
U   G   52    138.69  -131.25   177.16    89.77  -113.72  -102.54   171.72
U   A   53    -33.71   140.64    41.47    81.14  -119.38   -73.95  -171.55
U   U   54    -60.57   144.26    74.57    94.22  -133.85   -54.21  -167.96
U   C   55    141.78   152.94    37.72    88.16  -123.55   -45.12  -169.48
U   G   56   -109.50   137.93   106.32    88.52  -147.03     5.30   179.99
U   A   57    149.38    76.08  -155.61   156.34  -139.29  -133.87   -91.45
U   A   58   -129.44  -159.57   -16.52    98.59  -140.03   -26.87   174.76
U   A   59   -118.86   158.96   110.03   140.21  -114.99   -44.99  -157.57
U   C   60    -93.82   177.07    43.19    79.12  -143.70   -65.51  -162.25
U   C   61    -72.52   167.79    66.10    86.36  -158.63  -111.31  -162.88
U   A   62    157.95  -123.06   157.81    82.87  -148.66   -95.69  -177.58
U   U   63    162.98  -138.95   142.38    79.94  -129.32  -104.65  -169.92
U   C   64    -39.39   145.17    43.50    78.74  -144.24   -94.17  -160.94
U   C   65    -49.61   162.09    42.03    69.52  -139.95   -73.99  -162.53
U   U   66    -58.16   155.28    68.22    74.80  -123.82   -91.68  -165.04
U   C   67    -64.96   137.63    78.28    83.52  -147.74   -73.64  -168.65
U   U   68    -74.83   178.46    50.86    76.84  -124.55   -69.92  -160.84
U   G   69   -115.46   114.23   117.60    83.61  -111.56  -107.66   173.01
U   C   70    -21.95   151.63    26.56    83.39  -143.76   -73.68  -155.50
U   U   71    -91.14   155.54    86.88    81.97  -138.60   -43.41  -165.10
U   A   72   -122.58   111.28   161.11    85.64  -137.36   -63.73   152.59
U   C   73   -146.97  -137.59   111.79   137.90   -91.53  -128.54  -141.16
U   C   74   -142.74   -80.80  -179.31    89.66  -165.90    54.62   -63.66
U   A   75    115.47  -126.86   -18.02   147.41 -9999.99 -9999.99  -148.98
