The backbone torsional angle for nucleic acid 

 
Note: alpha:   O3'(i-1)-P-O5'-C5'
      beta:    P-O5'-C5'-C4'
      gamma:   O5'-C5'-C4'-C3'
      delta:   C5'-C4'-C3'-O3'
      epsilon: C4'-C3'-O3'-P(i+1)
      zeta:    C3'-O3'-P(i+1)-O5'(i+1)

      chi for pyrimidines(Y): O4'-C1'-N1-C2
          chi for purines(R): O4'-C1'-N9-C4

    (The number -9999.99 means that the angle can not be calculated) 

Ch Res  Num    alpha    beta     gamma    delta  epsilon    zeta     chi
E   G    1  -9999.99   178.01    64.14    83.20  -131.30   -82.13  -176.73
E   C    2    -62.71   162.13    52.44    80.33  -145.38   -76.98  -156.32
E   C    3    -65.59   170.35    53.12    77.30  -148.62   -72.03  -166.35
E   C    4    -62.75   178.06    54.97    79.88  -132.38   -74.33  -157.54
E   G    5   -112.04   147.09    96.36    79.50  -155.39   -78.87  -176.21
E   G    5    -55.58   179.49    53.05    80.85  -146.86  -101.61  -170.13
E   A    5    144.41  -127.11   171.10    80.72  -124.98   -65.82   171.77
E   U    6    -60.28   177.03    54.31    81.06  -153.89   -79.98  -163.36
E   G    7    -61.40   173.69    70.44   149.88   -85.63   -41.99  -119.67
E   A    8   -161.15   138.45    29.62   147.61   -99.51   156.62  -128.00
E   U    9    155.78  -173.10   168.12   146.08  -120.37    68.45  -135.19
E   C   10     78.73   148.05    38.46    82.76  -152.83   -78.28  -173.58
E   C   11    -68.85   179.10    57.66    82.92  -144.45   -64.65  -170.74
E   U   12    -75.91   175.03    57.96    80.19  -161.37   -75.92  -163.16
E   C   13    -70.33   177.43    59.56    82.33  -146.13   -68.32  -166.01
E   A   14    -78.10   166.19    66.65    78.30  -153.57   -75.31  -164.98
E   G   15    -65.55   165.83    61.72    82.22  -155.89   -60.37  -171.97
E   U   16    -76.96  -149.08    56.44   141.84  -133.09  -138.77  -103.08
E   G   18     84.32  -115.72   -31.29   142.08  -131.38  -107.45  -127.65
E   G   19    153.50   179.38   173.18   147.38  -115.62   111.84  -112.93
E   U   20    124.08  -146.64   160.04   147.50   -76.39    96.26  -158.01
E   C   20   -154.89   115.67  -178.29    82.61  -142.53   -83.80  -159.67
E   U   21    -48.25   172.96    36.82    77.53  -140.84  -101.94  -159.20
E   G   22     99.77  -131.68  -138.24    85.46  -122.74   -73.83  -176.36
E   G   23    -49.85  -179.03    28.59    78.31  -139.07   -81.43  -158.61
E   G   24    -51.94   157.35    51.85    82.28  -142.13   -76.43  -169.25
E   G   25    -58.52   165.32    57.37    81.74  -156.71   -71.46  -177.24
E   U   26    -70.89  -166.56    49.59    80.98  -153.51   -82.17  -159.44
E   G   27    -78.06   169.50    64.37    81.59  -152.99   -72.69  -157.91
E   C   28    -91.02  -165.82    61.46    82.47  -151.90   -72.86  -164.77
E   A   29    -65.84   166.77    61.68    82.51  -123.82   -87.30  -177.39
E   G   30    -87.33   177.35    62.66    82.15 -9999.99 -9999.99  -154.34
E   A   38  -9999.99   -94.18  -179.83   156.56  -171.55  -140.32   -88.38
E   C   39    -64.52   151.38    52.87    80.10  -152.49   -74.03  -146.77
E   C   40    -57.48   170.15    50.26    80.11  -136.37   -92.99  -166.89
E   U   41    -39.58   153.39    40.46    76.39  -149.69   -79.91  -160.09
E   G   42    -59.78   166.81    54.70    80.89  -142.04   -66.38  -168.49
E   U   43    -68.38   171.51    62.76    81.50 -9999.99 -9999.99  -151.88
E   U   46  -9999.99  -162.07    66.64    80.24  -155.03   -74.65  -158.87
E   G   46    -60.28   175.35    51.45    78.14  -146.60   -79.89  -165.27
E   U   46    -45.29   166.68    41.20    79.49  -164.97   -85.01  -156.38
E   C   46    177.27  -146.79   144.21    81.95   -97.99  -101.15  -161.42
E   U   46    -72.27   158.85    54.06    80.42 -9999.99 -9999.99  -148.34
E   C   46  -9999.99  -123.86   127.57    82.37  -106.29   -61.17  -143.19
E   G   46    -63.22   143.25    87.07    81.08  -153.06   -84.06  -173.35
E   A   46    -57.79   157.88    67.88    82.69  -151.13   -67.88  -170.70
E   C   46    -66.20  -175.38    49.23    79.67  -155.45   -80.83  -150.06
E   A   47    137.15  -153.18  -169.69    82.77  -139.98   -77.56  -162.34
E   G   48    -70.13   166.26    60.15    79.96 -9999.99 -9999.99  -155.19
E   G   50  -9999.99   149.61    33.74    83.00  -140.05   -77.01   179.86
E   U   51    -60.74   173.08    52.07    80.71  -151.58   -32.56  -161.33
E   G   52   -157.19   138.63   144.37    79.70  -149.59   -64.24  -173.58
E   G   53    -67.87   179.50    59.08    78.70  -151.64   -71.75  -165.58
E   U   54    -61.02   171.81    54.20    79.41  -125.40   -72.99  -158.38
E   U   55    -63.20   158.07    59.49    79.10  -131.67   -92.73  -156.81
E   C   56    161.79  -169.85    51.35    83.34  -134.56   -69.47  -174.23
E   A   57    -64.74   162.97    60.25    81.82  -145.50   -69.25  -168.67
E   A   58    -74.95  -120.83    67.08   147.71   -92.73   168.94   -64.86
E   U   59     81.63  -157.50    64.62    83.91  -132.19   -62.47  -174.29
E   U   60    -60.43  -177.66    62.40   144.98  -102.24   -69.23  -118.60
E   C   61    -74.33   176.72    32.99    80.94  -140.24   -82.36  -162.42
E   C   62    -70.00   172.11    56.11    81.10  -151.21   -77.42  -162.39
E   A   63    -66.11   175.30    51.93    78.94  -141.40   -64.94  -161.96
E   C   64    -89.20   155.86    89.89    76.61  -134.75   -81.81  -165.95
E   C   65    -63.57   168.60    56.56    80.25  -149.05   -72.28  -161.10
E   U   66    -61.43   177.79    49.42    80.34  -134.41   -78.57  -162.09
E   U   67    -57.43   158.28    55.11    80.10  -144.61   -68.88  -162.45
E   U   67    -62.64   168.09    55.14    79.67  -151.61   -87.71  -163.01
E   C   68    -64.47   166.41    57.65    79.60  -149.50   -69.33  -159.32
E   G   69    -72.92   167.49    59.42    78.41  -154.14   -69.70  -172.65
E   G   70    -69.93  -169.21    48.22    81.38  -150.52   -79.80  -166.29
E   G   71    -59.03   163.03    58.00    78.24  -142.08   -73.20  -171.17
E   C   72    -58.77   175.37    53.93    81.95  -118.86   -82.18  -158.59
E   G   73    -62.71   158.93    68.21    82.83 -9999.99 -9999.99    22.35
