The backbone torsional angle for nucleic acid 

 
Note: alpha:   O3'(i-1)-P-O5'-C5'
      beta:    P-O5'-C5'-C4'
      gamma:   O5'-C5'-C4'-C3'
      delta:   C5'-C4'-C3'-O3'
      epsilon: C4'-C3'-O3'-P(i+1)
      zeta:    C3'-O3'-P(i+1)-O5'(i+1)

      chi for pyrimidines(Y): O4'-C1'-N1-C2
          chi for purines(R): O4'-C1'-N9-C4

    (The number -9999.99 means that the angle can not be calculated) 

Ch Res  Num    alpha    beta     gamma    delta  epsilon    zeta     chi
B   G    1  -9999.99 -9999.99    56.09    78.53  -157.17   -66.35  -164.49
B   G    2    -74.87   176.19    64.25    78.55  -155.40   -64.92  -162.01
B   C    3    -74.96   174.33    61.86    76.79  -155.91   -65.75  -157.95
B   U    4    -75.19   173.76    62.24    76.62  -153.18   -66.15  -157.27
B   C    5    -75.29   179.09    58.94    77.78  -174.33   -78.54  -153.83
B   G    6   -159.12  -166.63  -178.88   127.27  -121.71   -76.54   -54.59
B   U    7    -63.88  -166.52    56.75    77.32   179.31   -88.83  -146.77
B   U    8   -149.90   103.73    49.79    71.39  -174.54   -82.39  -104.95
B   G    9    -89.09  -174.98   152.03   130.48   -78.09   -72.32   -87.73
B   G   10     96.83  -167.21    46.56    74.43  -154.10   -64.73  -163.46
B   U   11    -77.55  -177.44    54.25    77.93  -152.68   -73.55  -151.39
B   C   12    -68.57   161.50    66.66    85.52  -155.71   -56.59  -152.91
B   U   13    -77.78   177.06    61.22    79.61  -142.18   -99.02  -145.43
B   A   14    -80.36   158.68    59.41    82.89  -154.32   -57.53  -161.34
B   G   15    -74.23   170.29    69.79    78.36  -179.71  -130.37  -170.35
B   G   16     50.79  -176.25   165.79   106.46   179.37   152.71   -55.06
B   G   18    -68.03  -174.17    60.13    90.54  -173.57   -91.35  -101.12
B   G   19    -67.41   179.91    79.89    94.53  -178.06   173.61  -124.86
B   U   20     87.76   168.93    65.77    74.04  -166.41    67.58  -109.17
B   A   21     47.91   167.25    39.05    86.95  -144.56   -65.18  -161.28
B   U   22    -73.33  -171.07    53.38    73.28  -150.04   -74.26  -165.86
B   G   23    -76.26   168.90    58.43    76.98  -158.61   -69.26  -163.72
B   A   24    -70.54   172.99    65.59    83.07  -149.75   -58.55  -165.39
B   U   25    -73.45   172.63    63.81    74.55  -162.99   -66.47  -159.60
B   U   26    -66.87   167.53    66.40    79.82  -155.57   -67.16  -151.39
B   C   27    -72.19   173.34    58.03    80.10  -151.16   -67.51  -147.06
B   U   28    -78.71   178.12    55.67    75.06  -157.88   -64.31  -151.56
B   C   29    -71.22   174.35    59.56    77.07  -155.87   -70.35  -153.46
B   G   30    -77.19   175.41    61.44    79.35  -153.87   -65.01  -152.57
B   C   31    -75.47   174.31    60.66    78.70  -149.71   -64.58  -148.93
B   U   32    -76.83  -179.27    56.00    78.15  -160.14   -64.85  -146.15
B   U   33    161.55  -172.13   164.80    90.82  -101.28   -67.14  -164.60
B   A   34    -57.58  -171.43  -108.64    97.21  -118.89   -71.64  -152.70
B   G   35    -77.42   162.11    52.15    79.17  -159.80   -68.92  -145.06
B   G   36    141.95   169.09    52.50   108.99   -69.16    98.46   -63.29
B   G   37     73.95   159.25    67.85    77.18  -156.63   -58.62  -106.07
B   U   38    -72.64   169.49    74.82    78.64  -154.45   -60.60  -163.22
B   G   39    -70.66   174.10    67.18    80.02  -153.83   -63.01  -160.25
B   C   40    -73.63   177.54    54.46    73.97  -158.33   -67.61  -152.82
B   G   41    -72.20   174.13    57.06    76.72  -157.00   -67.88  -155.52
B   A   42    -73.14   171.88    63.79    79.13  -154.11   -65.93  -160.81
B   G   43    -76.92   177.19    60.27    79.43  -153.36   -62.23  -163.81
B   A   44    -76.39   178.21    63.44    82.43  -124.46   -64.48  -156.27
B   G   45    -74.95  -167.53    49.41    72.71  -160.04  -122.05   -92.65
B   G   46    -71.75   175.16    53.27   104.79   -82.12  -179.91  -114.86
B   U   47     54.35    79.67  -176.12    88.99  -163.64   110.42   -76.44
B   C   48    -59.01  -178.82    53.66    83.87   176.11   168.34  -173.52
B   C   49     58.79   176.80    47.42    78.65  -152.28   -72.11  -155.96
B   C   50    -77.95  -176.97    53.09    76.58  -154.13   -71.26  -155.46
B   G   51    -76.06   175.17    58.19    76.79  -159.32   -65.02  -157.93
B   G   52    -71.65   173.19    60.48    78.78  -156.89   -65.31  -164.39
B   G   53    -74.36   178.09    62.40    77.23  -147.96   -65.96  -163.38
B   U   54    -77.55  -175.05    48.81    73.33  -156.90  -110.67  -147.06
B   U   55    -84.95  -176.74    53.83   101.84  -112.93   -64.07   -87.40
B   C   56    175.09   165.93    64.03    75.96  -157.06   -67.57  -121.08
B   A   57    -80.54  -176.99    63.10    81.18  -156.14   -79.66  -129.41
B   A   58   -176.92  -155.06   177.25    96.42   -78.96  -163.23  -128.65
B   A   59     57.03   171.12  -153.75    67.14   171.31    49.95  -157.51
B   U   60     82.68  -175.39    62.98   101.26   -69.84  -169.88   -68.81
B   C   61    -51.41   -97.26    85.80    79.07  -152.41   -63.19  -165.64
B   C   62    -78.65  -179.24    55.91    75.10  -158.88   -65.47  -159.44
B   C   63    -71.67   174.21    57.41    75.04  -157.68   -75.52  -157.49
B   G   64    -76.24   177.02    58.95    79.62  -155.90   -59.56  -158.75
B   G   65    -74.38   176.78    58.97    77.74  -168.42   -94.02  -160.23
B   A   66    105.39   164.03    56.85    91.30  -177.19   -86.46   -63.05
B   C   67    -78.96   179.27    57.51    89.67  -159.89  -178.95   -91.36
B   G   68    -67.42   179.49    55.42    79.45  -156.55   -66.00  -165.07
B   A   69    -76.11   177.27    62.76    76.99  -156.68   -69.62  -161.32
B   G   70    -75.50   176.95    62.69    79.40  -154.90   -65.21  -161.06
B   C   71    -75.00   174.83    61.47    77.29  -155.23   -65.81  -156.02
B   C   72    -75.98   175.50    58.86    78.45 -9999.99 -9999.99  -154.11
