The backbone torsional angle for nucleic acid 

 
Note: alpha:   O3'(i-1)-P-O5'-C5'
      beta:    P-O5'-C5'-C4'
      gamma:   O5'-C5'-C4'-C3'
      delta:   C5'-C4'-C3'-O3'
      epsilon: C4'-C3'-O3'-P(i+1)
      zeta:    C3'-O3'-P(i+1)-O5'(i+1)

      chi for pyrimidines(Y): O4'-C1'-N1-C2
          chi for purines(R): O4'-C1'-N9-C4

    (The number -9999.99 means that the angle can not be calculated) 

Ch Res  Num    alpha    beta     gamma    delta  epsilon    zeta     chi
I   G    1  -9999.99   173.20    53.73    82.73  -177.06   -75.13  -157.79
I   C    2   -179.45  -154.58   151.39    82.66  -129.77   -82.67  -176.65
I   G    3    -60.98   173.00    43.64    82.32  -165.17   -75.74  -165.71
I   G    4    169.87  -160.22   156.88    81.75  -112.56  -104.60   179.02
I   G    5    -53.79   139.79    55.35    78.40  -143.45   -71.25  -171.54
I   G    6    -58.10   176.12    51.52    78.11  -155.38   -76.38  -174.91
I   A    7    -56.20   172.54    72.06   145.64   -90.65   -46.21  -142.73
I   U    8    -72.76  -158.24    52.32    81.88  -122.51  -142.67  -146.37
I   A    9     47.95   176.60   -56.84   149.82   -95.46  -107.58   -76.51
I   G   10    166.27  -149.56    60.03    84.72  -139.22   -77.40   175.82
I   C   11    -64.37   179.38    50.75    83.03  -155.09   -68.40  -168.44
I   U   12    -70.09  -172.40    47.11    82.04  -159.80   -71.47  -157.23
I   C   13    164.59  -159.66   169.44    81.34  -155.03   -76.82  -171.79
I   A   14    -64.85  -178.02    56.82    82.02  -147.45   -63.08  -162.74
I   G   15    -65.21   172.08    52.98    84.16   -89.57  -149.18  -149.89
I   U   16    -56.03   106.08    59.48    81.65  -157.56  -175.21  -141.27
I   U   17     58.38  -167.76   169.64    81.57  -139.65    90.43  -157.59
I   G   18    -72.41   163.05    73.00    83.26  -109.10   -84.56   161.43
I   G   19    -84.99  -130.41    82.22   154.88   -74.38   -57.00   -70.23
I   G   20    -70.35  -147.74    36.87    76.44  -153.87   -26.03    91.59
I   A   21   -129.23   145.72  -163.03    79.00   172.37   -90.28  -152.88
I   G   22    -55.53   179.90    51.87    82.24  -177.80   -79.04  -161.70
I   A   23   -177.54  -159.83   149.97    83.13  -118.46   -91.13   171.45
I   G   24    -50.45   159.13    42.64    81.74  -163.29   -71.32  -163.70
I   C   25    166.11  -167.13   162.75    81.97  -124.96   -70.61  -172.17
I   G   26    -50.61   171.22    39.06    79.54  -135.81   -76.88   173.17
I   U   27    -58.75   176.41    49.37    79.86  -149.93   -70.72  -170.98
I   C   28    -59.89   172.49    51.45    79.39  -146.10   -73.53  -166.95
I   A   29    -64.09   167.14    56.16    79.11  -153.84   -73.84  -168.74
I   G   30    -65.20   167.86    61.40    79.64  -154.19   -68.67  -173.66
I   A   31    -63.72   175.70    58.47    81.24  -135.70   -67.93  -176.11
I   C   32    -60.07   173.58    48.95    82.71  -137.19   -72.18  -173.01
I   U   33    -57.65   176.44    47.73    81.26  -133.30   -72.25  -155.23
I   G   34    177.13   171.23    42.57    84.53  -154.80   -81.46  -173.69
I   A   35    176.00  -147.33   144.81    82.59  -126.75   -91.38  -172.03
I   A   36    105.93  -140.34  -150.03    83.00  -132.34   -70.71   173.89
I   G   37    -61.45   172.93    50.79    82.34  -130.24   -71.58  -170.40
I   A   38    -65.33   153.99    63.86    81.48  -144.05   -60.71  -172.69
I   U   39    -60.34   172.45    54.76    80.61  -144.15   -78.32  -168.54
I   C   40    -58.44   166.24    52.85    80.75  -152.75   -70.29  -164.03
I   U   41    -60.77   173.40    52.71    79.49  -142.42   -80.16  -162.61
I   G   42    -61.81   163.90    57.06    78.94  -155.43   -70.94  -170.24
I   A   43    -61.85   174.01    56.26    80.32  -141.29   -83.02  -168.88
I   A   44    -53.63   160.60    53.06    82.70  -140.30   -71.30  -164.17
I   G   45    -53.97   163.77    49.03    82.23  -105.18   -96.22  -158.23
I   G   46    -57.25  -153.70    44.37   145.51   -89.35  -141.22   -57.88
I   U   47     47.72   159.57    66.89    80.61  -166.16    62.43  -156.91
I   C   48     68.04   146.60   -39.74   148.84  -161.64    92.47  -133.26
I   G   49     43.82   170.86    42.63    81.84  -146.39   -74.33  -179.29
I   C   50    -63.55   179.69    49.86    81.98  -150.82   -70.09  -164.80
I   G   51    -62.35   179.59    46.12    81.83  -173.08   -63.75  -157.02
I   U   52    165.36  -167.51   165.52    81.59  -123.48   -86.22  -177.55
I   G   53    -54.15   154.33    57.59    80.06  -158.10   -68.08  -170.57
I   U   54    -70.11  -169.47    46.33    81.65  -134.11   -71.69  -156.02
I   U   55    -49.14   164.93    49.71    80.24  -126.82   -51.34  -154.28
I   C   56   -167.55   139.32    35.06    81.79  -137.71   -67.96  -175.95
I   G   57    -65.00   168.13    57.13    80.36  -137.30   -69.66  -169.19
I   A   58    -61.43  -138.62    64.45   147.37  -103.43  -177.06   -82.54
I   U   59     88.94  -146.83    67.01    83.62  -142.45   -66.91  -175.14
I   C   60    -56.73   166.23    65.90   147.90  -107.98   -54.12  -131.00
I   C   61    -88.40  -178.83    35.49    80.52  -140.10   -82.95  -166.83
I   A   62    -64.59   173.87    50.33    81.53  -155.10   -71.26  -167.22
I   C   63    -61.71  -179.85    48.00    78.01  -147.05   -81.78  -160.67
I   G   64    -47.23   166.40    46.28    81.67  -169.50   -74.24  -165.90
I   C   65    170.90  -155.05   155.83    81.55  -135.41   -76.21   174.06
I   U   66    -57.37   176.45    45.05    79.67  -151.31   -71.56  -172.04
I   C   67    -59.87   178.45    48.67    80.59  -158.56   -99.24  -163.66
I   A   68    156.27  -137.50   157.16    80.75  -139.72   -78.47   175.19
I   C   69    -61.29   179.14    51.09    80.30  -149.52   -74.58  -174.58
I   C   70    -61.97   173.98    55.59    81.70  -161.72   -60.29  -169.55
I   G   71    -77.53  -165.27    44.75    82.03   176.66   -65.11  -153.65
I   C   72    161.07  -158.21  -172.01   145.16   -90.77   -39.52  -154.56
I   A   73   -144.29   106.45    95.01    80.15  -159.34   169.50  -117.19
I   C   74    114.45  -163.84   177.49    86.71  -141.26   -83.27  -171.57
I   C   75    -64.47   179.32    51.48    88.08   -85.99   -44.37  -159.52
I   A   76    -94.84    56.58  -172.71   147.71 -9999.99 -9999.99  -105.84
