BEGIN_base-pair
     7_66, I:     7 A-U    66 I: -/- cis         XX
     8_14, I:     8 U-A    14 I: W/H tran        XXIV
     9_23, I:     9 A-A    23 I: H/H tran   syn    II
    10_25, I:    10 G-C    25 I: +/+ cis         XIX
    10_25,-
7_66_8_14_9_23_10_25_0, click this line to see above pattern
0_0,---------
    13_22, I:    13 C-G    22 I: +/+ cis         XIX
    15_48, I:    15 G-C    48 I: W/W tran        XXII
    16_59, I:    16 U-U    59 I: W/W tran        XII,XIII
    18_55, I:    18 G-U    55 I: W/S tran        n/a
    19_56, I:    19 G-C    56 I: +/+ cis    syn    XIX
    19_56,-
13_22_15_48_16_59_18_55_19_56_0, click this line to see above pattern
0_0,---------
    19_56, I:    19 G-C    56 I: +/+ cis    syn    XIX
    20_59, I:    20 G-U    59 I: W/W tran        XXVII
    22_46, I:    22 G-G    46 I: H/W tran     syn  VII
    26_44, I:    26 G-A    44 I: W/W cis         VIII
    27_43, I:    27 U-A    43 I: -/- cis         XX
    27_43,-
19_56_20_59_22_46_26_44_27_43_0, click this line to see above pattern
0_0,---------
END_base-pair
