The backbone torsional angle for nucleic acid 

 
Note: alpha:   O3'(i-1)-P-O5'-C5'
      beta:    P-O5'-C5'-C4'
      gamma:   O5'-C5'-C4'-C3'
      delta:   C5'-C4'-C3'-O3'
      epsilon: C4'-C3'-O3'-P(i+1)
      zeta:    C3'-O3'-P(i+1)-O5'(i+1)

      chi for pyrimidines(Y): O4'-C1'-N1-C2
          chi for purines(R): O4'-C1'-N9-C4

    (The number -9999.99 means that the angle can not be calculated) 

Ch Res  Num    alpha    beta     gamma    delta  epsilon    zeta     chi
F   G    5  -9999.99   160.16    53.25    86.77  -169.63   -74.96  -159.23
F   G    6    169.98  -159.34   169.10    84.64  -109.56   -38.80  -167.03
F   A    7   -103.44    76.28   174.10    94.10   177.27   122.67  -171.90
F   U    8    -97.63   170.07    53.89    83.09  -121.43  -119.68   172.03
F   G    9    159.53  -160.39   164.32    92.30   -82.31  -131.02  -139.01
F   G   10    155.37  -108.62    53.33    85.54  -165.96   -78.67  -169.17
F   U   11    -70.94   179.09    56.56    84.84  -147.58  -103.24  -163.87
F   G   12    143.10  -134.23   175.13    87.81  -115.09   -66.37   169.46
F   G   13    -47.20   152.43    43.06    77.24  -161.50   -95.13  -170.75
F   A   14     99.01  -158.52  -109.51    90.45  -159.66   -58.69  -162.70
F   A   15    146.50  -166.24   174.42    84.98  -110.33   164.76  -172.27
F   U   16    -99.02  -155.66    53.15    87.48  -160.38   -88.43   172.44
F   C   17    157.32    62.99   175.77    86.12  -104.75   156.56  -163.11
F   G   18   -129.84  -163.82   170.72    97.88  -108.68  -112.77   179.32
F   G   19    178.23  -136.54   163.26    99.43  -147.61  -132.32  -120.30
F   U   20    -77.93    69.41   156.23    82.74  -157.95   140.81  -163.94
F   A   20    105.84  -111.38  -121.64    90.51  -148.40   -62.50  -164.92
F   G   21    -61.03   168.75    53.82    84.90  -136.66   145.09  -148.30
F   A   22    -88.14   141.86    53.39    81.27  -129.36   -45.26  -179.22
F   C   23    -77.75   174.55    50.58    84.53  -150.84   -74.62  -148.96
F   A   24    -61.96   164.71    55.63    78.67  -136.78   -84.31  -175.64
F   C   25    -45.65   157.21    43.53    80.32  -172.40   -31.99  -174.89
F   A   26   -172.22   128.77   166.89    91.10  -137.12   -69.76   179.66
F   A   27    -58.61   168.98    48.99    82.38  -147.51   -76.02  -167.14
F   G   28    -63.75   170.45    54.15    84.79  -147.05   -77.40  -164.40
F   G   29    -70.78   172.19    55.06    78.98  -165.14   -70.12  -147.95
F   G   30    -69.27  -178.95    48.58    84.29  -159.36   -73.01  -155.76
F   A   31    -59.70   173.37    51.80    82.04 -9999.99 -9999.99  -171.41
F   A   37  -9999.99  -140.24    46.56    81.88  -143.14   -92.36   174.02
F   A   38    -37.62   148.96    51.06    88.39  -155.37   -75.89  -171.27
F   U   39    -67.43  -176.33    48.79    84.95  -149.72   -63.95  -166.31
F   C   40    -58.24   165.77    58.26    83.73  -161.07  -104.93  -164.01
F   C   41    164.07  -143.57   150.97    88.84  -110.66   -87.64  -177.99
F   C   42    -63.79   152.65    56.56    80.06  -162.12   -73.33  -152.97
F   U   43    -57.91   174.07    46.82    82.71  -154.33   -66.09  -155.00
F   C   44    -71.61   172.80    57.01    78.76  -113.56   171.32  -176.63
F   G   45     81.28   166.78    45.15    83.54  -155.87   -64.95  -173.31
F   G   45    -60.39   175.50    51.66    78.31  -165.54   -58.38  -163.34
F   C   45    147.00  -168.01  -169.50    82.44   -99.86   -39.68  -171.95
F   G   45    -94.04    74.26   169.11    85.19  -101.02  -129.90  -162.03
F   U   45    -43.27   105.00    60.57    85.65 -9999.99 -9999.99  -139.14
F   G   46  -9999.99   142.40    60.04    84.50  -164.59   -76.57  -170.77
F   C   46    -65.13   177.94    54.49    86.91  -133.02  -104.57  -166.46
F   U   46    -31.77   138.96    50.81    84.09  -161.64   -63.45  -153.72
F   G   47    147.72  -169.72   174.77    83.63  -117.89  -152.54   166.51
F   U   48     47.98   115.42    47.57    91.88  -140.73   121.25  -173.62
F   G   49     34.01   160.70    52.46    82.45  -127.29   -70.86   176.03
F   C   50    -65.07   171.44    51.30    86.79  -108.29  -130.49  -169.91
F   G   51     91.44  -120.88  -169.97    82.60  -146.68   -57.34  -177.16
F   G   52    -89.47  -165.79    55.97    80.34  -154.84   -63.86  -174.00
F   G   53    -62.22   178.53    63.93    80.64  -150.70   -83.59  -161.90
F   U   54    -60.58   159.99    58.87    81.32  -131.14   -69.05  -167.67
F   U   55    -73.52   176.05    55.06    78.49  -132.66   -90.86  -150.56
F   C   56    159.00  -168.18    58.88    83.63  -139.69   -57.15  -157.28
F   A   57    -62.84   168.75    58.02    78.98  -133.15   -70.02  -151.20
F   A   58    -71.87  -144.96    53.43    85.55    41.77    73.54   -98.09
F   G   59     84.09   161.12    49.02    90.55  -152.55   -34.69  -167.69
F   U   60    -89.24  -170.19    52.49   102.69   -28.47  -148.40  -131.93
F   C   61    -35.86   129.86    31.13    79.21  -171.39   -72.03   178.47
F   C   62   -108.39  -143.23    62.80    82.36  -149.36   -81.77  -147.47
F   C   63    -55.95   163.97    59.33    79.92  -142.50   -83.27  -170.47
F   G   64    -90.42  -173.95    55.91    88.25 -9999.99 -9999.99  -170.36
F   U   66  -9999.99  -165.79    54.58    82.84  -154.63   -68.05  -159.55
F   C   67    -70.34   176.14    56.33    82.52   179.65   -94.67  -153.64
F   C   68    166.40  -139.68   168.89    86.96 -9999.99 -9999.99  -176.44
