The backbone torsional angle for nucleic acid 

 
Note: alpha:   O3'(i-1)-P-O5'-C5'
      beta:    P-O5'-C5'-C4'
      gamma:   O5'-C5'-C4'-C3'
      delta:   C5'-C4'-C3'-O3'
      epsilon: C4'-C3'-O3'-P(i+1)
      zeta:    C3'-O3'-P(i+1)-O5'(i+1)

      chi for pyrimidines(Y): O4'-C1'-N1-C2
          chi for purines(R): O4'-C1'-N9-C4

    (The number -9999.99 means that the angle can not be calculated) 

Ch Res  Num    alpha    beta     gamma    delta  epsilon    zeta     chi
H   C    1  -9999.99 -9999.99    57.04    80.36  -149.07   -58.44  -174.43
H   G    2    -83.26  -172.88    59.85    77.47  -173.74   -88.62  -170.25
H   C    3    176.73  -130.13   153.52    83.72  -151.32   -82.23  -153.80
H   G    4    152.97  -170.78   170.42    78.80  -146.43   -52.25  -177.57
H   G    5    -83.78  -135.15    58.93   149.60  -177.50  -124.52  -112.07
H   G    6    110.36  -146.49  -125.07    80.34  -113.72   -77.43   -92.81
H   G    7   -109.38    96.56   134.43   146.29  -146.72    18.19  -106.82
H 4SU    8   -100.91   178.65    56.87    86.26   -80.29  -160.69  -122.86
H   G    9     57.53   140.10   -48.81   146.63  -115.39   -89.08   -36.40
H   G   10    143.89  -164.22    63.49    82.71  -151.99   -90.84  -179.34
H   A   11    -43.86   161.65    49.40    85.33  -111.91  -104.36  -174.49
H   G   12    -24.84   131.14    44.36    78.93  -134.20   -48.72   176.81
H   C   13    -81.62  -171.33    56.03    78.50  -138.01  -133.18  -157.82
H   A   14    -80.49   113.92    84.60    79.53  -155.78   -49.64  -150.27
H   G   15    136.07  -163.73  -167.29    75.84  -146.70    18.21  -178.52
H   C   16    168.77  -105.76    32.80   140.06   -66.08  -141.99  -174.31
H   C   17    -58.82   124.04    52.58    83.97  -136.86    55.55  -141.60
H   U   17    161.30   144.29    65.00   145.96  -110.94   -97.55  -162.25
H   G   18    -23.85  -143.14   110.66   147.64  -106.89  -175.64   -97.17
H   G   19    159.21  -132.87   165.05   148.47   -84.28   -92.93   -75.74
H   U   20   -127.57  -141.76    70.67    84.97  -124.75   -75.65  -141.66
H   A   21     82.70  -176.59    65.09    84.15  -150.67   -89.74   -80.14
H   G   22   -127.16   117.93   120.25    82.01  -138.26  -109.42  -111.13
H   C   23    -99.92   153.79    73.88    80.93   -96.39  -118.99  -151.90
H   U   24    -49.93   122.28    52.61    80.45  -154.10   -69.40  -135.23
H   C   25    -73.17  -162.51    49.67    84.83  -152.12   -56.15   165.11
H   G   26    -71.15  -173.63    67.01    80.17  -140.38   -55.79  -110.16
H   U   27   -156.12   148.51   139.27    80.37  -103.86  -130.17  -168.36
H   C   28    -13.66   126.50    28.76    78.86  -138.93   -73.71  -162.74
H   G   29    -53.26   166.41    47.32    79.31  -131.23   -94.40  -175.88
H   G   30    -43.58   158.52    41.49    74.00  -147.83   -72.71  -163.73
H   G   31    -54.30   164.71    62.36    80.64  -102.03   -92.51  -177.14
H 5MC   32    -48.66   135.26    57.01    77.92  -135.38   -61.33  -150.46
H   U   33    -52.35   160.89    73.48    79.04   -87.95  -113.42  -153.63
H   C   34     75.16  -154.81    83.21    88.36   -96.53   -57.81  -167.10
H   A   35   -106.72   100.48   118.46    83.25  -119.58   -79.59  -175.16
H   U   36    -54.27   156.52    46.64    81.21  -142.61   -77.24  -152.74
H   A   37     97.81  -148.80  -130.02    85.46   -98.72  -109.20  -157.83
H   A   38    -41.16   124.19    51.26    76.82  -137.18   -63.46  -153.71
H   C   39    -53.40   166.81    56.94    78.39  -122.66   -99.75  -162.48
H   C   40    -30.23   153.39    24.61    77.56  -157.14   -75.39  -159.58
H   C   41    -66.41  -170.62    47.92    81.68  -146.43   -74.24  -172.09
H   G   42    -53.66   168.30    50.53    80.24  -136.88  -105.75  -158.73
H   A   43    -52.47   136.84    61.42    78.94  -149.24   -80.21  -164.13
H   A   44    -45.62   154.71    66.49    89.02  -104.52   -67.38  -165.89
H   G   45    -48.24   171.74    29.69    82.43  -142.48  -109.46  -112.36
H   G   46    -41.26   157.28    35.39    80.67   -98.55  -138.52  -169.57
H   U   47     45.73  -129.17   149.59    81.18   163.51    28.08   149.13
H   C   48   -141.51  -157.12   152.61   146.71  -143.02    96.86  -126.29
H   G   49    151.49   168.13   -51.22    84.87  -143.33   -67.56  -176.07
H   U   50    -60.68   174.22    54.99    78.97  -133.42   -84.91  -158.92
H   C   51    -71.10   134.78    92.94    84.21  -136.83   -44.79  -177.42
H   G   52    -76.90   171.78    44.35    75.62  -159.14   -77.70  -162.75
H   G   53    -56.79   162.47    65.23    76.50  -157.38   -77.47  -170.16
H 5MU   54    -58.29  -175.31    50.38    75.59  -144.46   -62.40  -165.30
H PSU   55    160.94  -160.02   163.13    81.66  -117.58   -71.69 -9999.99
H   C   56   -149.62   155.29    23.85    79.62  -136.07   -77.50  -156.13
H   A   57    -50.58   159.14    45.68    77.12  -127.63  -111.41  -175.54
H   A   58    -48.93   129.04    87.43    81.95  -145.80  -104.49  -177.03
H   A   59   -167.67  -159.06    46.17    79.61  -116.35  -112.51  -163.84
H   U   60    -36.07   147.30    53.26   141.92  -103.77   -53.34  -137.14
H   C   61    -87.94  -176.96    39.45    81.87  -142.67   -90.61  -146.58
H   C   62    -70.13   168.93    62.44    77.26  -147.32   -73.93  -158.78
H   G   63    -80.00  -172.75    58.91    77.06  -154.14   -70.96  -155.95
H   G   64    -68.58   168.58    56.94    78.25  -126.54   -96.16  -173.41
H   C   65    -24.74   133.66    57.66    80.57  -137.22   -92.17  -153.14
H   C   66    -37.60   147.81    46.10    83.45  -130.60   -96.17  -155.47
H   C   67    -49.41   145.63    53.47    76.51  -145.89   -80.94  -135.68
H   C   68    -89.13   154.38    74.30    73.30  -157.89   -76.34  -158.72
H   C   69    -57.91   170.90    58.16    83.17  -120.05   -75.67  -165.01
H   G   70    -66.60   153.47    68.97    75.08  -148.79  -117.58  -176.80
H   C   71      6.82   125.03    25.25    76.52  -153.14   -75.24  -164.03
H   A   72    -60.26   171.70    40.45    73.24  -123.34   -90.59  -177.37
H   A   73    -76.50   128.26   109.39    78.26  -127.50   -72.26  -171.41
H   C   74    -69.66   171.95    61.91    77.21  -150.74   -71.17  -149.17
H   C   75    -57.00   164.49    63.52    76.46  -118.26   129.31  -124.06
H   A   76    -11.28   132.60   -13.73    87.08 -9999.99 -9999.99  -134.53
