The backbone torsional angle for nucleic acid 

 
Note: alpha:   O3'(i-1)-P-O5'-C5'
      beta:    P-O5'-C5'-C4'
      gamma:   O5'-C5'-C4'-C3'
      delta:   C5'-C4'-C3'-O3'
      epsilon: C4'-C3'-O3'-P(i+1)
      zeta:    C3'-O3'-P(i+1)-O5'(i+1)

      chi for pyrimidines(Y): O4'-C1'-N1-C2
          chi for purines(R): O4'-C1'-N9-C4

    (The number -9999.99 means that the angle can not be calculated) 

Ch Res  Num    alpha    beta     gamma    delta  epsilon    zeta     chi
C   G  901  -9999.99   157.83   -55.61    88.69  -142.27   -61.41   174.94
C   C  902    -78.07  -162.93    34.35    73.27  -142.76   -77.42  -144.23
C   G  903    -40.33   146.15    60.25    77.52  -146.77   -79.28  -161.02
C   G  904    -70.34  -178.07    53.73    82.11  -160.43   -56.63  -171.40
C   G  905    -76.99  -164.68    52.31    82.32   171.25   -79.53  -141.51
C   G  906    151.19  -134.62  -177.11    86.58  -136.87  -135.45   163.20
C   G  907    140.71   -91.62   177.41    93.50  -141.58    42.38   172.57
C   U  908   -138.85  -132.63    67.99    85.56  -129.82  -124.85  -158.01
C   U  909    -78.39   146.27    66.93    98.01   -85.42   -98.49  -162.85
C   G  910   -172.56  -145.11    38.23    78.34  -155.21   -80.29  -163.04
C   C  911    -59.72   174.43    51.40    88.13  -156.74   -66.65  -149.44
C   C  912    -78.12   172.71    58.27    83.60  -141.49   -60.82  -179.27
C   G  913    -75.58   168.15    70.41    84.51  -163.82   -61.90  -162.14
C   A  914   -156.47   142.12   162.94    83.93  -122.04   -66.96  -178.84
C   G  915    -45.89   151.44    54.02    83.32  -163.57    49.06  -147.13
C   C  916   -162.29    67.71  -168.96    79.98  -146.00    26.25  -125.14
C   C  917   -165.93  -131.06    78.33    82.71  -171.87    61.25  -148.12
C   U  918    147.05   136.98    54.09    94.45   -78.53   172.97   160.99
C   G  919     62.70    75.56   153.67    94.92   175.61    85.54  -168.69
C   G  920   -163.48    65.21   168.82    86.41  -157.43    70.07  -167.56
C   U  921   -164.14   172.33    50.62    74.97  -163.51   109.30  -146.53
C   C  922     64.96  -176.48    61.01   106.93   -23.47    56.71  -136.12
C   A  923     60.19  -176.58   -62.10    94.06    63.12   -41.09  -113.57
C   A  924    143.55   161.36   172.06    88.81  -121.02  -168.05  -173.41
C   A  925    -62.63   173.69    56.70    77.60  -136.63   -51.07  -153.85
C   G  926    -69.06  -171.32    49.66    81.22  -152.31   -74.55  -158.42
C   G  927    -47.47   165.09    50.86    81.81  -148.73   -70.60  -161.67
C   C  928    -62.22   165.82    54.48    81.64  -144.99   -74.61  -160.13
C   G  929    -67.28   167.21    47.54    81.82  -135.22   -82.12  -175.62
C   G  930    -51.34   164.50    50.00    81.54  -133.14   -83.91  -177.08
C   G  931    -53.09   163.49    52.62    78.28  -160.38   -71.88  -170.91
C   G  932    -72.66  -173.08    45.44    79.48  -155.62   -70.73  -158.06
C   G  933    -61.91   170.50    60.86    80.17  -157.06   -78.95  -166.43
C   A  934    -65.41  -177.46    55.71    83.90  -146.83   -42.19  -144.45
C   C  935    149.92  -131.00   173.89    80.89  -113.68   -56.77   174.48
C   U  936    154.73  -109.63   169.22    86.60  -170.27   162.43  -150.84
C   C  937    120.55  -176.38    58.41    85.30  -148.33   -62.97  -156.30
C   A  938    -59.62   167.91    58.09    88.21  -136.99   -46.05  -166.98
C   A  939   -137.34    72.46   170.63    85.73  -128.89   -55.41   168.07
C   G  940    149.93  -154.54   177.36    85.06  -141.03   -55.04   173.00
C   A  941    -77.50   175.08    54.12    78.37  -154.10   -78.00  -168.79
C   U  942    -67.55   173.21    55.70    81.94  -145.80   -72.64  -165.23
C   C  943    -64.85   168.04    58.70    74.86  -151.79   -73.44  -157.15
C   C  944    -55.15   171.46    47.26    74.48  -144.84   -71.96  -159.09
C   C  945    -64.43   178.33    51.44    79.70  -154.14   -76.86  -159.08
C   C  946    -61.05  -175.46    46.98    80.34  -154.16   -63.94  -159.03
C   U  947    -60.76  -174.44    51.01    78.16  -148.04  -157.26  -158.23
C   C  948     70.38  -174.47    60.43    85.12  -150.91   -70.46   178.61
C   C  949    -73.08  -175.26    50.54    77.99  -146.00   -68.23  -166.40
C   C  950    -66.31   172.99    58.74    79.15  -147.49   -67.70  -169.19
C   G  951    -58.74   177.38    51.69    81.63  -125.00   -84.51  -158.84
C   U  952    -29.61  -139.10   157.23    89.04  -140.87   172.58  -128.74
C   A  953    179.35  -135.11   155.58    96.58   -80.48   150.82  -168.99
C   G  954    -88.00   146.67    48.84    88.31  -161.75    99.58   169.25
C   G  955    -92.26   149.79    57.24    80.12  -152.54   -71.26  -159.53
C   G  956    -57.80   173.95    50.43    79.54  -151.78   -74.08  -166.85
C   G  957    -51.64   178.39    41.91    78.34  -164.76   -57.42  -159.27
C   U  958    -70.91  -162.81    43.24    81.51  -176.27   -57.73  -126.41
C   U  959    165.92  -171.12  -177.00    80.24  -130.32   -89.79   170.11
C   C  960    -78.82  -159.40    55.38    90.90    59.18  -118.35  -163.03
C   C  961     97.49   166.63    56.99    86.91  -154.81   -64.59  -166.36
C   G  962    -72.92  -163.91    45.60    80.01  -154.98   -57.30  -145.97
C   G  963    -70.37  -174.24    48.76    79.05  -170.74   -75.91  -147.72
C   G  964    150.72  -162.30   171.57    81.81  -154.99   -61.90  -178.29
C   G  965    -63.02  -162.14    47.23    81.47  -138.70   -75.84  -171.04
C   U  966    -46.25   162.28    55.70    77.96  -137.06   -77.90  -162.62
C   U  967    151.04  -159.48   167.73    78.70  -107.93  -114.88  -157.25
C   C  968    150.00  -143.17    56.50    84.17  -144.04   -68.13  -149.84
C   G  969    -65.86   175.13    54.38    85.74  -154.22   -65.31  -155.75
C   A  970    -63.17  -136.65    63.92    87.39    53.88    78.67   -92.83
C   A  971     65.30   175.43    55.28    85.52  -164.32   -59.66   168.52
C   U  972    176.59  -113.21   137.95   100.39   -73.37   -74.68  -162.50
C   C  973    -85.74   173.98    52.51    80.94  -143.73   -83.76   178.82
C   C  974    -64.56  -179.90    50.79    82.41  -159.40   -67.57  -167.35
C   C  975    -70.43  -176.65    55.48    83.95  -153.83   -73.94  -154.56
C   C  976    -67.72   175.57    48.19    78.46  -160.87   -59.75  -150.02
C   G  977    -62.63  -174.05    46.94    77.55  -152.80   -73.56  -162.63
C   C  978    -53.51   170.76    48.08    78.29  -152.68   -62.42  -155.38
C   C  979    -62.42   173.24    53.34    78.11  -147.80   -84.70  -155.17
C   C  980    -53.80   164.09    56.35    79.21  -143.75   -85.39  -167.79
C   C  981    -70.33   168.64    56.67    80.35  -155.95   -71.19  -175.68
C   C  982    -69.16  -176.71    61.72    87.51  -133.58  -138.35  -148.67
C   G  983    120.96  -118.48   172.48    87.45  -103.52   -80.33   170.01
C   C  984    -75.08   169.92    60.10    82.34  -148.51   144.68  -160.60
C   A  985    -60.88   115.02    53.60    81.94  -107.61  -178.21  -146.27
C   C  986    -49.63   116.33    45.72    91.59   -56.69    74.90  -129.06
C   C  987     37.69   177.56   172.31    78.27  -120.76  -139.90  -117.66
C   A  988    128.80  -129.07   167.43    75.63 -9999.99 -9999.99   -97.67
