The backbone torsional angle for nucleic acid 

 
Note: alpha:   O3'(i-1)-P-O5'-C5'
      beta:    P-O5'-C5'-C4'
      gamma:   O5'-C5'-C4'-C3'
      delta:   C5'-C4'-C3'-O3'
      epsilon: C4'-C3'-O3'-P(i+1)
      zeta:    C3'-O3'-P(i+1)-O5'(i+1)

      chi for pyrimidines(Y): O4'-C1'-N1-C2
          chi for purines(R): O4'-C1'-N9-C4

    (The number -9999.99 means that the angle can not be calculated) 

Ch Res  Num    alpha    beta     gamma    delta  epsilon    zeta     chi
X   G    1  -9999.99 -9999.99    58.75    82.42  -142.62   -87.13  -169.94
X   C    2    -60.42   161.14    62.41    77.85  -166.66   -57.08  -155.18
X   C    3    -73.46  -162.46    45.82    79.75  -158.37   -70.81  -164.43
X   C    4    -72.61  -177.68    54.74    78.59  -158.85   -61.30  -152.21
X   G    5    -73.28   179.10    60.38    77.87  -143.36   -83.25  -169.10
X   G    6    -21.94   171.13    17.86    79.17  -173.32   -76.70  -155.32
X   A    7    159.26  -147.76   168.88    81.91  -107.02   -92.71  -173.73
X   U    8    -34.49   152.58    34.26    76.57  -132.43   -59.19  -159.54
X   A    9    -66.05  -112.43   -70.58    80.56  -174.50  -148.49   -43.78
X   G   10    -66.44   102.13    82.97    78.92  -105.50  -133.18  -102.80
X   U   11     72.59    47.35   176.58    78.65  -104.92   127.00  -107.89
X   G   12    167.76   -79.63  -127.88   130.90  -154.53   159.96  -110.45
X   U   13    131.63  -119.49   150.41    85.58  -148.28  -137.97   -78.93
X   C   14   -138.96    84.32   120.61   138.28   -56.24   114.75  -103.18
X   C   15   -162.63   143.49    74.45    77.27  -163.04    89.55  -138.17
X   U   16    -97.87  -118.34   172.56    82.10  -148.50   -64.75   178.38
X   U   17    -97.76   179.81    87.42    76.69  -145.60   -83.15  -161.20
X   G   18    -44.40   169.27    37.91    79.59  -141.80   -46.27  -159.66
X   G   19   -120.66   104.77   150.81    83.04  -164.14    47.39   179.64
X   G   20   -158.11    70.31   178.62    80.05  -113.71   -30.98   179.01
X   A   21    -59.42   -94.67   177.27    86.01  -152.33   -80.59    60.82
X   A   22    172.99  -165.83   171.12    87.92  -153.70    66.19   -76.32
X   A   23   -177.03    84.94   100.26    79.27  -176.11    -2.91    66.50
X   C   24   -120.75   179.75   132.86    82.35  -134.66   -97.05  -174.64
X   C   25    -31.62   158.03    31.89    81.82  -142.96  -108.46  -171.37
X   A   26    125.33  -127.93  -170.60    81.44  -119.69   -80.87   171.57
X   A   27    -53.59   158.07    54.72    78.18  -143.13   -65.75  -176.14
X   G   28    -63.95  -179.99    54.38    82.03  -139.27   -73.27  -160.14
X   U   29    -63.91   167.91    52.79    78.57  -149.28   -75.64  -143.97
X   C   30    -60.56   173.12    51.88    80.44  -150.82   -74.33  -166.57
X   C   31    -74.80  -178.03    56.91    79.26  -149.66   -67.08  -161.64
X   G   32    -65.20   178.31    56.13    79.84  -156.61   -65.70  -161.94
X   G   33    -79.41   177.19    62.50    77.27  -152.15   -75.23  -161.16
X   G   34    -82.52   172.75    70.82    77.78  -150.33   -68.01  -176.13
X   C   35    -56.89  -175.88    47.23    77.50   165.71   -70.31  -161.23
X   A   36    172.82  -151.68   172.21    80.57  -115.24   -86.36   175.74
X   C   37    -42.46   146.77    50.78    75.84  -100.13   -74.40  -164.86
X   C   38    -99.18  -163.22    79.58   109.34    24.48   -98.15  -145.03
X   A   39    164.03  -158.35   156.62    83.20 -9999.99 -9999.99    99.99
