The backbone torsional angle for nucleic acid 

 
Note: alpha:   O3'(i-1)-P-O5'-C5'
      beta:    P-O5'-C5'-C4'
      gamma:   O5'-C5'-C4'-C3'
      delta:   C5'-C4'-C3'-O3'
      epsilon: C4'-C3'-O3'-P(i+1)
      zeta:    C3'-O3'-P(i+1)-O5'(i+1)

      chi for pyrimidines(Y): O4'-C1'-N1-C2
          chi for purines(R): O4'-C1'-N9-C4

    (The number -9999.99 means that the angle can not be calculated) 

Ch Res  Num    alpha    beta     gamma    delta  epsilon    zeta     chi
U   G    1  -9999.99  -110.80    67.30    82.46  -175.68   -91.76  -163.64
U   G    2    175.21  -130.75   148.12    82.24  -134.35   -72.28   177.11
U   U    3    -63.23   175.69    46.69    80.00  -146.32   -80.58  -162.38
U   C    4    -56.12   165.32    53.16    80.57  -170.51   -90.17  -158.31
U   C    5    169.13  -141.65   159.29    81.52  -136.30   -89.01  -172.62
U   G    6    154.88  -156.75   164.62    81.72  -147.84   -77.53  -177.00
U   G    7    -62.02   160.44    82.13   149.28  -107.36    -4.14  -149.94
U   U    8    164.03   159.48  -178.33    83.05   -92.65  -136.97  -165.75
U   A    9     50.66   178.14   -63.87   148.50   -94.09  -101.77   -74.02
U   G   10    165.36  -152.25    61.54    84.87  -143.53   -71.04   179.68
U   U   11    -70.68  -175.96    53.47    82.91  -148.48   -74.57  -163.63
U   U   12    -62.98   169.85    55.05    80.53  -155.22   -80.02  -161.76
U   C   13    151.48  -154.03   174.57    81.81  -161.06   -81.79  -175.29
U   A   14    162.92  -166.63   177.33    80.93  -129.96   -44.58   171.47
U   G   15    -82.47  -166.82    54.41    80.17  -133.83   -10.87  -170.63
U   U   16    160.68   118.82  -163.12   145.15  -144.19    30.06  -148.69
U   U   17    176.18  -171.85    64.96   145.82   -95.20   -86.92  -158.93
U   G   17    -40.49   156.66   -50.42   144.65   -95.23  -114.95  -127.73
U   G   18    -77.66   153.64   169.78   149.83  -101.41   -89.04  -156.55
U   U   19    -54.02   174.03    75.05   146.05  -106.83   -70.94  -113.16
U   U   20    -59.17  -169.35   -31.58   148.93  -109.63   -90.58  -131.27
U   A   21    -74.04   151.42   162.96    82.36  -168.31  -101.34  -159.92
U   G   22   -178.58  -170.85   159.76    82.08  -148.01   -73.72  -170.21
U   A   23    -71.37  -167.30    42.89    81.44  -171.60   -91.38  -158.83
U   A   24    163.88  -138.24   157.31    82.16  -118.66   -81.39   175.32
U   U   25    -54.29   154.44    53.47    79.62  -137.42   -68.50  -172.10
U   G   26    -71.07   164.66    62.60    81.96  -145.10   -68.95  -178.18
U   C   27    -68.06   179.67    55.51    81.38  -144.65   -73.73  -168.84
U   C   28    -64.79   179.76    49.60    80.86  -149.02   -73.98  -165.00
U   U   29    -64.26   172.23    50.44    76.10  -145.70   -77.65  -164.55
U   G   30    -63.19   161.49    64.11    80.72  -143.18   -70.15  -178.31
U   C   31    -63.94   175.86    55.56    76.67  -138.11   -73.92  -174.76
U   C   32    -62.26   172.51    59.04    86.12  -141.49   -61.53  -177.67
U   U   33    -82.82  -171.69    48.55    82.09  -142.16   -61.21  -152.34
U   G   34    157.29   162.50    63.64    86.18  -141.66   -66.91  -179.75
U   U   35    -71.57   179.73    50.73    80.39  -151.75   -70.60  -160.72
U   C   36    -75.24   165.58    66.58    75.87  -146.74   -59.13  -165.95
U   A   37    -77.62   165.72    79.33    81.00  -120.95   -90.05  -179.38
U   C   38     95.41  -140.43  -137.68    83.14  -115.62   -61.99   178.03
U   G   39    -64.69   156.13    63.93    81.84  -141.07   -72.90   177.19
U   C   40    -65.98  -177.98    52.16    82.82  -169.69   -88.32  -161.83
U   A   41    165.72  -147.18   158.31    82.46  -104.01  -113.43   176.81
U   G   42    110.96  -132.59  -168.73    81.64  -134.01   -78.28   178.42
U   G   43    -56.97   163.27    60.17    80.84  -145.88   -65.21  -178.04
U   A   44    -76.15  -159.72    65.21    86.33  -143.78  -122.38   -98.89
U   G   45    -46.49   133.88    54.35    83.66  -124.35   -76.16  -111.44
U   G   46    -72.79   130.30   122.64    83.61   -95.29   -24.54  -166.44
U   U   47   -162.87   115.70  -180.00   148.83   -80.21   104.81  -137.11
U   C   48   -178.05  -141.98    90.20   145.62  -135.10   118.37  -114.06
U   G   49    -44.05  -127.88    78.51    80.82  -139.39   -83.56  -168.94
U   C   50    -67.71   163.58    63.06    82.33  -149.45   -88.05  -163.81
U   G   51   -158.13  -145.21   111.06    83.14  -158.12   -79.98  -164.77
U   G   52    -68.12  -177.60    52.71    86.06  -126.33  -103.97  -150.86
U   G   53    -53.59   141.23    54.66    83.28  -106.95  -141.82  -140.54
U   U   54    -25.35   112.29    41.50    80.47  -115.08  -160.00  -123.89
U   U   55     97.38   -90.86   179.08    86.13  -129.65   -61.22  -145.25
U   C   56   -145.46  -109.67   -52.23   144.47   -74.20  -136.11  -137.01
U   G   57     89.18  -108.06  -178.29    83.85  -154.62   -75.92  -105.34
U   A   58   -161.97   178.20   176.77   147.31  -146.48  -169.17  -109.52
U   G   59    140.54  -132.59    51.14    85.03  -165.62   -88.43   -84.33
U   U   60    131.63  -161.14  -168.12   143.43   -89.46   -27.52   -89.38
U   C   61   -105.53  -138.49    35.49    81.97  -149.15   -93.43  -146.71
U   C   62    -47.82   156.82    53.04    84.70  -170.80   -92.03  -142.81
U   C   63    161.83  -134.25   159.10    79.02  -107.05   -99.98  -164.16
U   G   64    -69.98   163.35    45.43    83.38  -146.04   -77.59  -172.94
U   U   65    -60.30   169.76    57.17    81.73  -147.51   -74.76  -165.65
U   C   66    -64.05   171.59    53.17    81.46  -148.63   -77.86  -159.73
U   C   67    -59.39   167.06    54.62    80.47  -136.42  -106.11  -157.40
U   G   68    124.67  -137.13  -170.65    82.06  -112.70  -101.43   170.81
U   G   69    -44.20   148.95    44.72    80.48  -140.97   -82.60  -172.95
U   A   70    -56.83   165.01    51.10    82.12  -149.74   -77.35  -168.02
U   C   71    -63.75   174.15    52.02    79.99  -149.18   -72.59  -161.06
U   C   72    -68.78   165.99    59.79    77.43  -145.07   -64.63  -164.01
U   G   73    -72.81   173.29    68.45    79.01  -133.66   121.55  -167.50
U   C   74   -107.80   154.16    58.79    85.56  -155.38   -69.47  -166.74
U   C   75    -81.17  -157.47    48.26    84.32  -101.28  -155.12  -133.00
U   A   76     86.56   -84.36  -160.41   145.29 -9999.99 -9999.99  -124.98
