PDB data file name: tRNA_dataset/1h4q_chain_T.pdb_new
uncommon residue 5MU   54  on chain T [#52] assigned to: u
uncommon residue PSU   55  on chain T [#53] assigned to: P
-----------------------------------------------------------
CRITERIA USED TO GENERATE BASE-PAIR: 
  3.40 --> upper H-bond length limits (ON..ON).
 26.00 --> max. distance between paired base origins.
  2.50 --> max. vertical distance between paired base origins.
 65.00 --> max. angle between paired bases [0-90].
  5.40 --> min. distance between RN9/YN1 atoms.
  8.00 --> max. distance criterion for helix break[0-12]
-----------------------------------------------------------
BASE-PAIR INSTRUCTIONS: 
Column 1 is rnaview assigned base numbers n1_n2, start from 1.
Column 2 & 3 are chain ID & residue number in input PDB file.
Column 4 is for base pair. The left & right are the bases as 
         identified by column 2 & 3 and 5 & 6.
Column 5 & 6 are residue number & chain ID in input PDB file.
Column 7 is for base pair annotation. The standard Watson-Crick
         (W.C.) pairs are annotated as -/- (AU,AT) or +/+ (GC).
         Other pairs are annotated as Leontis_Westhof Classification.
         The three edges: W(Watson-Crick); H(Hoogsteen); S(suger).
         e.g. W/H means the pair is edge of Watson-Crick & Hoogsteen.
Column 8 is glycosidic bond orientation (either cis or trans).
         e.g. 'W/H cis' means the pair is interaction on Watson-Crick
         and Hoogsteen side, glycosidic bond orientation is 'cis'.
Column 9 corresponds to Saenger Classification.

Other columns: 
        Syn sugar-base conformations are annotated as (syn).
        Stacked base pairs are annotated as (stack).
        Non-identified edges are annotated as (.) or (?)
        Tertiary interactions are marked by (!) in the line.
Reference:
Yang et al (2003) Nucleic Acids Research, Vol31,No13,p3450-3461.
-----------------------------------------------------------
BEGIN_base-pair
     1_67, T:     4 G-C    69 T: +/+ cis         XIX
     2_66, T:     5 G-C    68 T: +/+ cis         XIX
     3_65, T:     6 A-U    67 T: -/- cis         XX
     4_64, T:     7 G-C    66 T: +/+ cis         XIX
     5_11, T:     8 U-A    14 T: W/H tran        XXIV
     7_23, T:    10 G-C    25 T: +/+ cis         XIX
     7_43, T:    10 G-G    45 T: H/W cis         VI
     8_22, T:    11 C-G    24 T: +/+ cis         XIX
     9_21, T:    12 G-C    23 T: +/+ cis         XIX
    10_20, T:    13 C-G    22 T: +/+ cis         XIX
    12_46, T:    15 G-C    48 T: W/W tran        XXII
    14_15, T:    17 C-C    17 T:      stacked
    16_53, T:    18 G-P    55 T: W/S tran        n/a
    17_18, T:    19 G-U    20 T: S/H cis    syn    n/a
    17_54, T:    19 G-C    56 T: W/W cis    syn    n/a
    20_44, T:    22 G-G    46 T: H/W tran        VII
    24_42, T:    26 A-G    44 T: W/W cis         VIII
    25_41, T:    27 C-G    43 T: +/+ cis         XIX
    26_40, T:    28 C-G    42 T: +/+ cis         XIX
    27_28, T:    29 U-C    30 T:      stacked
    27_39, T:    29 U-A    41 T: -/- cis         XX
    28_38, T:    30 C-G    40 T: +/+ cis         XIX
    29_37, T:    31 G-C    39 T: +/+ cis         XIX
    30_36, T:    32 U-A    38 T: -/- cis         XX
    47_63, T:    49 G-U    65 T: W/W cis         XXVIII
    48_62, T:    50 C-G    64 T: +/+ cis         XIX
    49_61, T:    51 U-A    63 T: -/- cis         XX
    50_60, T:    52 G-C    62 T: +/+ cis         XIX
    51_59, T:    53 G-C    61 T: +/+ cis         XIX
    52_56, T:    54 u-G    58 T: W/H tran     syn  n/a
     6_21, T:     9 A-C    23 T: H/H tran   syn    !1H(b_b).
     5_19, T:     8 U-A    21 T: S/W tran        !(b_s)
      6_8, T:     9 A-C    11 T: S/H cis    syn    !(b_s)
    14_58, T:    17 C-U    60 T: ?/S cis         !(b_s)
    18_19, T:    20 U-A    21 T: S/? tran        !(s_s)
    19_45, T:    21 A-G    47 T: H/S tran     syn  !(s_s)
    33_34, T:    35 G-G    36 T: S/. cis    syn    !(s_s)
    35_36, T:    37 G-A    38 T: S/? tran   syn    !(s_s)
END_base-pair

Summary of triplets and higher multiplets
BEGIN_multiplets
7_23_43_| [1 3]  T: 10 G  +  T: 25 C  +  T: 45 G
10_20_44_| [2 3]  T: 13 C  +  T: 22 G  +  T: 46 G
17_18_54_| [3 3]  T: 19 G  +  T: 20 U  +  T: 56 C
END_multiplets

  The total base pairs =  28 (from   67 bases)
------------------------------------------------
 Standard  WW--cis  WW-tran  HH--cis  HH-tran  SS--cis  SS-tran
       18        3        1        0        0        0        0
  WH--cis  WH-tran  WS--cis  WS-tran  HS--cis  HS-tran
        1        3        0        1        1        0
------------------------------------------------
