PDB data file name: ./Datasets/pdb_select_tRNA/5k0y_N.pdb_new
-----------------------------------------------------------
CRITERIA USED TO GENERATE BASE-PAIR: 
  3.40 --> upper H-bond length limits (ON..ON).
 26.00 --> max. distance between paired base origins.
  2.50 --> max. vertical distance between paired base origins.
 65.00 --> max. angle between paired bases [0-90].
  5.40 --> min. distance between RN9/YN1 atoms.
  8.00 --> max. distance criterion for helix break[0-12]
-----------------------------------------------------------
BASE-PAIR INSTRUCTIONS: 
Column 1 is rnaview assigned base numbers n1_n2, start from 1.
Column 2 & 3 are chain ID & residue number in input PDB file.
Column 4 is for base pair. The left & right are the bases as 
         identified by column 2 & 3 and 5 & 6.
Column 5 & 6 are residue number & chain ID in input PDB file.
Column 7 is for base pair annotation. The standard Watson-Crick
         (W.C.) pairs are annotated as -/- (AU,AT) or +/+ (GC).
         Other pairs are annotated as Leontis_Westhof Classification.
         The three edges: W(Watson-Crick); H(Hoogsteen); S(suger).
         e.g. W/H means the pair is edge of Watson-Crick & Hoogsteen.
Column 8 is glycosidic bond orientation (either cis or trans).
         e.g. 'W/H cis' means the pair is interaction on Watson-Crick
         and Hoogsteen side, glycosidic bond orientation is 'cis'.
Column 9 corresponds to Saenger Classification.

Other columns: 
        Syn sugar-base conformations are annotated as (syn).
        Stacked base pairs are annotated as (stack).
        Non-identified edges are annotated as (.) or (?)
        Tertiary interactions are marked by (!) in the line.
Reference:
Yang et al (2003) Nucleic Acids Research, Vol31,No13,p3450-3461.
-----------------------------------------------------------
BEGIN_base-pair
     1_71, N:     1 A-U    71 N: W/W cis         n/a
     2_69, N:     2 G-G    69 N: W/W cis         n/a
     2_70, N:     2 G-C    70 N: W/W cis         n/a
      3_4, N:     3 C-A     4 N:      stacked
     4_68, N:     4 A-U    68 N: W/W cis         n/a
     5_67, N:     5 G-C    67 N: +/+ cis         XIX
     5_68, N:     5 G-U    68 N:      stacked
     6_66, N:     6 A-U    66 N: W/W cis         n/a
     7_65, N:     7 G-C    65 N: +/+ cis         XIX
     7_66, N:     7 G-U    66 N: W/W cis         XXVIII
     8_13, N:     8 U-C    13 N:      stacked
     8_14, N:     8 U-A    14 N: W/H tran        XXIV
     9_22, N:     9 G-C    22 N: H/H tran   syn    n/a
    10_24, N:    10 G-U    24 N: W/W cis         XXVIII
    11_23, N:    11 C-G    23 N: W/W cis         n/a
    12_22, N:    12 G-C    22 N: +/+ cis         XIX
    15_47, N:    15 G-C    47 N: W/W tran        XXII
    15_58, N:    15 G-A    58 N: S/S tran        n/a
    21_45, N:    21 G-G    45 N: H/W tran     syn  VII
    22_23, N:    22 C-G    23 N:      stacked
    24_25, N:    24 U-G    25 N:      stacked
    25_26, N:    25 G-C    26 N:      stacked
    25_43, N:    25 G-A    43 N: W/W cis         VIII
    26_42, N:    26 C-G    42 N: W/W cis         n/a
    27_41, N:    27 U-A    41 N: -/- cis         XX
    28_40, N:    28 G-C    40 N: W/W cis         n/a
    29_39, N:    29 G-C    39 N: +/+ cis         XIX
    30_31, N:    30 G-C    31 N:      stacked
    30_38, N:    30 G-C    38 N: +/+ cis         XIX
    36_37, N:    36 A-A    37 N:      stacked
    38_39, N:    38 C-C    39 N:      stacked
    40_41, N:    40 C-A    41 N:      stacked
    48_64, N:    48 G-C    64 N: +/+ cis         XIX
    49_63, N:    49 A-U    63 N: W/W cis         n/a
    50_51, N:    50 U-G    51 N:      stacked
    50_62, N:    50 U-A    62 N: -/- cis         XX
    51_61, N:    51 G-C    61 N: W/W cis         n/a
    52_60, N:    52 G-C    60 N: W/W cis         n/a
    53_54, N:    53 A-U    54 N:      stacked
    53_57, N:    53 A-A    57 N: W/H tran        V
    61_62, N:    61 C-A    62 N:      stacked
    62_63, N:    62 A-U    63 N:      stacked
    65_66, N:    65 C-U    66 N:      stacked
    67_68, N:    67 C-U    68 N:      stacked
    70_71, N:    70 C-U    71 N:      stacked
    71_72, N:    71 U-A    72 N:      stacked
    71_73, N:    71 U-C    73 N: W/H cis         n/a
     1_70, N:     1 A-C    70 N: W/W cis         !1H(b_b).
    11_44, N:    11 C-G    44 N: W/W cis         !1H(b_b)
    14_47, N:    14 A-C    47 N: W/W tran        !1H(b_b).
    22_44, N:    22 C-G    44 N: ./W tran        !1H(b_b).
    23_44, N:    23 G-G    44 N: W/W tran        !1H(b_b)
    28_39, N:    28 G-C    39 N: W/W cis         !1H(b_b)
    29_38, N:    29 G-C    38 N: W/W cis         !1H(b_b)
    31_37, N:    31 C-A    37 N: W/W cis         !1H(b_b)
    51_60, N:    51 G-C    60 N: W/W cis         !1H(b_b)
     8_20, N:     8 U-A    20 N: S/W tran        !(b_s)
     8_45, N:     8 U-G    45 N: S/S cis      syn  !(b_s)
    46_48, N:    46 U-G    48 N: H/S tran        !(b_s)
    54_56, N:    54 U-G    56 N: S/H tran        !(b_s)
      7_8, N:     7 G-U     8 N: S/H cis         !(s_s)
     9_11, N:     9 G-C    11 N: S/H cis    syn    !(s_s)
    12_21, N:    12 G-G    21 N: W/W cis         !(s_s)
    32_34, N:    32 C-A    34 N: S/S tran        !(s_s)
    32_35, N:    32 C-U    35 N: W/H tran        !(s_s)
    46_47, N:    46 U-C    47 N: S/? tran        !(s_s)
    59_60, N:    59 A-C    60 N: S/H cis         !(s_s)
    72_73, N:    72 A-C    73 N: S/H cis         !(s_s)
END_base-pair

Summary of triplets and higher multiplets
BEGIN_multiplets
9_12_22_| [1 3]  N: 9 G  +  N: 12 G  +  N: 22 C
END_multiplets

  The total base pairs =  29 (from   75 bases)
------------------------------------------------
 Standard  WW--cis  WW-tran  HH--cis  HH-tran  SS--cis  SS-tran
        8       14        1        0        1        0        1
  WH--cis  WH-tran  WS--cis  WS-tran  HS--cis  HS-tran
        1        3        0        0        0        0
------------------------------------------------
