The backbone torsional angle for nucleic acid 

 
Note: alpha:   O3'(i-1)-P-O5'-C5'
      beta:    P-O5'-C5'-C4'
      gamma:   O5'-C5'-C4'-C3'
      delta:   C5'-C4'-C3'-O3'
      epsilon: C4'-C3'-O3'-P(i+1)
      zeta:    C3'-O3'-P(i+1)-O5'(i+1)

      chi for pyrimidines(Y): O4'-C1'-N1-C2
          chi for purines(R): O4'-C1'-N9-C4

    (The number -9999.99 means that the angle can not be calculated) 

Ch Res  Num    alpha    beta     gamma    delta  epsilon    zeta     chi
B   G  901  -9999.99  -164.34    50.41    83.08  -156.53   -75.63  -176.58
B   G  902    161.64  -164.34   169.67    82.29  -124.23   -79.45  -179.14
B   A  903    -52.37   159.08    52.45    77.09  -162.58   -77.42  -167.99
B   C  904    -52.73   174.12    48.04    79.96  -152.96   -70.49  -165.32
B   C  905    -64.73  -177.99    44.56    78.11  -176.60   -81.26  -153.90
B   G  906    165.52  -151.65   159.80    83.33  -118.17   -83.77   174.55
B   G  907    -47.62   162.24    51.04    91.46    11.06  -171.02  -158.11
B   U  908    -30.04   127.66    56.55    79.38   -83.76  -153.88  -163.12
B   A  909    146.52   177.72   165.34   127.66   -83.52  -108.72  -113.00
B   G  910   -173.65  -138.95    51.35    84.91  -146.27   -75.73  -172.16
B   C  911    -63.97  -178.06    48.56    82.07  -155.33   -63.42  -166.43
B   C  912    -66.67  -178.94    52.46    79.90  -152.09   -67.83  -167.14
B   U  913    -62.28   166.27    63.09    80.44  -163.64   -77.93  -170.21
B   A  914    -64.77  -172.11    52.95    81.76  -148.70   -64.30  -162.51
B   G  915    -62.99   172.02    49.34    87.72  -125.51   -70.38  -152.82
B   C  916    -60.43  -169.85    54.55   135.05   -91.97   -84.42  -124.69
B   C  917    -59.14   171.05    45.08    84.88  -162.96   101.19  -142.27
B   A  917    -65.71   -95.22   175.60    99.25   -61.00  -105.48  -175.37
B   G  918     95.13   162.46    42.08   129.51  -167.98  -101.99  -109.56
B   G  919   -165.22  -156.52   155.19   100.21   -83.07  -148.58  -140.70
B   A  920    -45.67   140.74    61.67    83.69    56.80  -149.29  -157.13
B   C  920     10.74  -113.43   166.13    79.37   173.05    96.11  -139.34
B   A  921    -86.11  -124.68    69.59    89.24  -122.37  -169.78  -154.56
B   G  922    103.38  -132.85   178.14    85.49  -112.15   -88.64   178.02
B   G  923     51.23  -149.92   -89.93    99.77  -146.97   -64.71  -168.27
B   G  924    -59.14   169.10    54.11    79.08  -154.01   -70.49  -175.06
B   C  925    -57.24   178.90    50.22    83.04  -153.47   -55.53  -162.77
B   G  926    -77.75  -178.03    50.13    79.68  -146.86   -62.83  -160.03
B   G  927    -63.14  -168.83    42.08    79.37  -156.49   -65.85  -156.02
B   C  928    -66.94   178.14    49.32    78.10  -144.49   -76.43  -159.33
B   G  929    -51.69   174.45    41.03    76.19  -170.27   -71.22  -166.56
B   G  930    170.52  -170.42   169.65    84.78  -132.81   -71.17  -179.39
B   C  931    -51.98   175.72    44.02    78.64  -143.49   -71.67  -163.20
B   C  932    176.90   156.08  -166.43    91.65   -83.60  -155.27    58.39
B   U  933    -20.14   159.00   170.27    88.19  -175.04    51.59  -127.87
B   C  934   -152.61  -154.82    59.52    86.99  -148.00  -126.02  -162.07
B   C  935    -94.57  -165.64    47.40    71.90   171.02    48.07   -90.43
B   U  936     70.65   119.42    73.84   102.10  -152.41  -117.40  -134.84
B   A  937    110.36   179.60    46.42   139.06   -89.70   102.48  -129.13
B   A  938     57.55   144.13    59.86   140.41  -103.55   -33.35   -97.37
B   G  939    -69.47  -173.60    57.14    86.39  -153.82   -71.40  -167.00
B   C  940    -62.58   174.26    53.03    82.11  -150.95   -75.21  -162.51
B   C  941    -61.28   177.30    46.59    79.81  -147.48   -76.94  -162.50
B   G  942    -57.38   166.09    53.76    80.10  -157.51   -67.74  -172.71
B   C  943    -65.10  -176.62    53.32    83.62  -154.01   -69.02  -160.53
B   A  944    -62.43   178.28    45.12    85.03  -145.61   -66.83  -154.70
B   G  945    -70.12   176.74    52.55    82.22  -137.41   -77.29  -148.64
B   G  946    -28.91  -139.48    31.66   122.15  -138.60   -91.01   -73.51
B   U  947    -37.80  -148.98  -179.10    85.82  -175.59    56.09  -155.01
B   C  948   -157.26  -153.67   179.11   133.14  -138.67    75.27  -146.05
B   C  949     59.82   157.53    41.70    83.18  -151.27   -78.79  -168.28
B   G  950    -51.16   175.52    43.89    81.36  -147.96   -72.90  -166.41
B   G  951    -50.90   168.97    43.34    76.16  -165.40   -83.38  -157.97
B   G  952    154.77  -159.42   171.55    81.35  -135.01   -71.82  -179.61
B   G  953    -43.64   169.69    46.33    80.50  -149.89   -67.34  -164.13
B   U  954    -66.51   175.54    52.21    79.17  -131.89   -75.26  -157.23
B   U  955    -55.47   166.93    48.35    82.70  -136.27   -80.77  -150.57
B   C  956    155.66  -177.23    54.38    85.24  -142.31   -61.74  -170.34
B   A  957    -74.53  -177.42    58.42    85.92  -148.92   -69.64  -162.80
B   A  958    -62.04  -141.94    66.65   142.90   -89.06  -178.53   -74.39
B   A  959     73.05  -147.81    70.91    87.09  -148.35   -54.11  -168.52
B   U  960    -60.65   177.59    59.60   136.55   -97.23   -76.36  -121.04
B   C  961    -75.22   176.70    37.03    82.30  -149.43   -75.74  -171.87
B   C  962    -71.63  -179.38    53.12    81.99  -148.04   -73.86  -165.99
B   C  963    -62.49   175.28    50.92    81.01  -162.13   -69.86  -159.81
B   C  964    -65.27  -178.09    51.86    82.77  -162.44   -63.95  -161.12
B   G  965    151.74  -171.26   179.98    84.11  -152.85   -71.24  -177.15
B   C  966    -58.28  -177.70    44.02    80.26  -161.39   -82.41  -158.15
B   C  967    156.88  -159.63   165.19    82.66  -112.81   -89.94  -177.70
B   G  968    -39.78   155.77    41.27    76.45  -149.35   -71.26  -164.18
B   G  969    -60.98   168.04    50.08    75.96  -154.68   -61.92  -163.59
B   U  970    -64.66  -179.03    53.52    77.43  -168.24   -75.65  -160.55
B   C  971    -72.84   177.27    59.61    84.12  -160.10   -66.28  -157.23
B   C  972    -73.33  -176.53    53.70    84.17  -150.32   -62.02  -162.47
B   G  973    -78.83  -166.91    52.60    76.28 -9999.99 -9999.99  -147.74
B   C  974  -9999.99  -163.49   168.31    81.11 -9999.99 -9999.99   176.75
