The backbone torsional angle for nucleic acid 

 
Note: alpha:   O3'(i-1)-P-O5'-C5'
      beta:    P-O5'-C5'-C4'
      gamma:   O5'-C5'-C4'-C3'
      delta:   C5'-C4'-C3'-O3'
      epsilon: C4'-C3'-O3'-P(i+1)
      zeta:    C3'-O3'-P(i+1)-O5'(i+1)

      chi for pyrimidines(Y): O4'-C1'-N1-C2
          chi for purines(R): O4'-C1'-N9-C4

    (The number -9999.99 means that the angle can not be calculated) 

Ch Res  Num    alpha    beta     gamma    delta  epsilon    zeta     chi
U   C    2  -9999.99   158.88    40.72    84.81  -164.92   -83.28  -176.85
U   C    3    159.74  -138.25   172.38   146.93  -152.09   -81.53  -163.56
U   C    4    156.28   170.71   148.37    83.31  -160.39   -84.16  -152.17
U   G    5    162.91  -153.43   160.70    81.39  -161.46   -86.82  -167.35
U   G    6    154.73  -144.02   170.93    82.70  -126.42   -90.22   176.05
U   A    7    -43.96   163.15    54.93   141.93   -90.02  -101.82  -138.93
U   U    8     74.20   111.94   -14.25    83.54  -143.55  -128.32  -109.11
U   A    9     58.04  -142.89   -81.08   149.14  -120.22   -75.35  -109.52
U   G   10   -174.10  -145.52    42.01    81.79  -142.70   -75.45   178.44
U   C   11    172.76  -166.75   152.18    79.47  -130.31   -89.95  -165.43
U   U   12    -54.96   151.96    56.42    77.64  -134.45   -74.91  -165.39
U   C   13    -59.84   164.95    53.94    78.25  -156.07   -85.92  -158.84
U   A   14    -67.87   157.65    72.28    79.60  -106.87  -128.79  -170.25
U   G   15    109.37   -96.80   176.27    80.37  -140.76   -52.61  -175.42
U   U   16    -76.44  -166.69    58.90    75.14  -109.62    93.57  -109.30
U   C   17     55.43   140.94   -65.10    80.24  -148.10    40.05  -165.32
U   G   18    168.86   177.31   -65.39   147.19   -57.77  -153.38  -106.67
U   G   19   -154.93   138.42   118.03   152.59   -67.92  -123.79   -98.03
U   U   20    163.55  -114.67  -179.13    78.79  -111.11   -41.37  -147.74
U   A   21    -86.38   122.95   176.18    80.70  -152.25  -108.96  -168.07
U   G   22    -78.80   152.83    74.38    79.62  -148.18   -35.33   178.56
U   A   23   -139.68    91.46  -163.57    76.90  -132.31   -17.32   -15.27
U   G   24    -98.72  -172.39    55.67    81.57  -171.08   -89.38  -168.60
U   C   25    174.97  -141.06   151.35    78.85  -125.42   -81.41   177.44
U   A   26    -51.10   170.30    35.75    80.88  -134.57   -72.01   179.28
U   G   27    -58.68   171.48    54.55    80.71  -141.55   -79.73  -172.28
U   G   28    -55.55   173.87    39.94    77.98  -146.37   -87.83  -167.27
U   G   29    -44.04   155.00    55.09    79.89  -145.08  -109.27  -169.36
U   G   30    135.87  -125.22   178.35    83.45  -115.17   -93.08   167.30
U   A   31    -48.26   155.27    46.13    79.00  -138.27   -67.36  -174.12
U   U   32    -66.50  -178.83    53.32    81.61  -117.16   -88.87  -171.30
U   U   33    -50.48   154.79    59.81    82.10  -133.69   -49.96  -155.99
U   C   34   -165.26   136.41    38.44    80.45  -130.83   -86.37  -164.67
U   C   35    -46.30   159.97    35.73    78.09  -157.74   -80.42  -152.45
U   G   36    136.09  -144.79  -165.72    81.48  -137.39   -63.13   174.49
U   U   37    -69.37   179.09    55.79    79.48  -151.06   -93.75  -166.34
U   A   38    148.53  -124.48   160.32    82.61  -128.12   -60.88  -179.66
U   U   39    -68.05   170.79    58.41    78.47  -138.05   -85.41  -162.95
U   C   40    -49.21   158.48    48.27    78.10  -143.45   -79.62  -168.00
U   C   41    -56.12   161.92    55.56    77.65  -143.41   -77.31  -162.57
U   C   42    -59.85   161.25    61.27    78.73  -141.34   -91.25  -157.31
U   C   43    -41.10   158.46    41.67    75.96  -133.62   -64.63    33.59
U   G   44    -96.99   134.85   126.54    81.66  -121.17   -58.01  -169.76
U   U   45    -66.54  -177.90    35.13    80.04  -101.46  -148.00    43.57
U   G   46    103.76  -114.52  -141.62   146.94   -99.16   -74.06  -115.20
U   U   47    103.11   133.07    51.08    76.48  -147.78    30.92  -138.84
U   C   48     89.37   138.16   -29.48   147.07  -154.06    77.12    49.21
U   C   49     74.14   150.98    22.71    79.15  -158.65  -108.85  -170.35
U   U   50    173.78  -131.15   149.10    81.19  -139.06   -73.42  -176.33
U   U   51    -61.10   175.31    57.76   123.32  -150.86  -101.80  -149.13
U   G   52    119.10  -168.63  -173.12    82.67  -142.51   -74.58  -170.05
U   G   53    -69.72   163.04    69.66    78.19  -137.10   -80.02  -173.22
U   U   54    -55.67   164.54    51.86    81.30   -83.42   -74.27  -165.44
U   U   55   -158.39   118.09   120.30    97.31  -127.59  -109.62   124.44
U   C   56   -140.48  -136.86    -7.44    86.34  -129.48  -102.02  -142.87
U   G   57   -158.18  -139.77   162.78    85.88  -145.03   -76.29  -163.92
U   A   58    -61.34  -140.81    64.19   136.67   -85.01  -150.85   -78.97
U   U   59     30.51  -133.32   107.46    80.86   160.21    35.05   169.75
U   U   60   -169.60   152.23   118.68   136.50  -132.33   -19.79  -163.05
U   C   61    116.78   168.72   165.57    85.34  -123.36   -81.89  -174.68
U   C   62    -64.80   153.53    70.44    82.33  -136.60   -60.69  -159.69
U   G   63    -76.87  -166.31    49.60   137.82  -168.38  -120.84  -112.09
U   A   64    -77.61   171.08    41.58    87.29  -153.76   -83.05  -164.62
U   G   65    -65.22   164.35    67.33    81.36  -147.41   -74.49  -167.70
U   U   66    -67.77   168.83    62.72    79.67  -144.08   -74.88  -164.00
U   C   67    -61.58   168.74    50.28    76.96  -146.41   -73.19  -165.99
U   C   68    -58.04   170.33    56.89    78.42  -176.58   -90.67  -167.22
U   G   69   -178.58  -137.00   138.40    81.34  -144.13   -74.57  -167.24
U   G   70    -65.00   166.25    59.67    82.56  -143.60   -50.41  -172.02
U   G   71   -128.38   153.10   151.19    81.05  -163.24   -85.98   167.14
U   C   72    127.65   175.23  -129.68    80.33  -129.16   -21.77  -110.23
U   A   73    168.14  -173.91   165.62   145.22  -119.19   -38.77  -169.50
U   C   74   -148.59  -107.90   163.98    79.38  -133.38   -87.79  -160.60
U   C   75    -52.06   163.93    46.89    82.94  -106.03   -48.10  -145.91
U   A   76   -111.32    78.03   147.76    84.21 -9999.99 -9999.99  -142.18
