PDB data file name: ./Datasets/pdb_select_tRNA/6w6l_u.pdb_new
-----------------------------------------------------------
CRITERIA USED TO GENERATE BASE-PAIR: 
  3.40 --> upper H-bond length limits (ON..ON).
 26.00 --> max. distance between paired base origins.
  2.50 --> max. vertical distance between paired base origins.
 65.00 --> max. angle between paired bases [0-90].
  5.40 --> min. distance between RN9/YN1 atoms.
  8.00 --> max. distance criterion for helix break[0-12]
-----------------------------------------------------------
BASE-PAIR INSTRUCTIONS: 
Column 1 is rnaview assigned base numbers n1_n2, start from 1.
Column 2 & 3 are chain ID & residue number in input PDB file.
Column 4 is for base pair. The left & right are the bases as 
         identified by column 2 & 3 and 5 & 6.
Column 5 & 6 are residue number & chain ID in input PDB file.
Column 7 is for base pair annotation. The standard Watson-Crick
         (W.C.) pairs are annotated as -/- (AU,AT) or +/+ (GC).
         Other pairs are annotated as Leontis_Westhof Classification.
         The three edges: W(Watson-Crick); H(Hoogsteen); S(suger).
         e.g. W/H means the pair is edge of Watson-Crick & Hoogsteen.
Column 8 is glycosidic bond orientation (either cis or trans).
         e.g. 'W/H cis' means the pair is interaction on Watson-Crick
         and Hoogsteen side, glycosidic bond orientation is 'cis'.
Column 9 corresponds to Saenger Classification.

Other columns: 
        Syn sugar-base conformations are annotated as (syn).
        Stacked base pairs are annotated as (stack).
        Non-identified edges are annotated as (.) or (?)
        Tertiary interactions are marked by (!) in the line.
Reference:
Yang et al (2003) Nucleic Acids Research, Vol31,No13,p3450-3461.
-----------------------------------------------------------
BEGIN_base-pair
     1_70, U:     2 C-G    71 U:      stacked
     2_69, U:     3 C-G    70 U: +/+ cis         XIX
     3_68, U:     4 C-G    69 U: +/+ cis         XIX
     4_67, U:     5 G-C    68 U: +/+ cis         XIX
     5_66, U:     6 G-C    67 U: +/+ cis         XIX
     6_65, U:     7 A-U    66 U: -/- cis         XX
     7_14, U:     8 U-G    15 U: W/W tran        XXVII
     7_20, U:     8 U-A    21 U: S/W tran        n/a
     8_44, U:     9 A-U    45 U:   syn  stacked
     9_24, U:    10 G-C    25 U: +/+ cis         XIX
    10_23, U:    11 C-G    24 U: +/+ cis         XIX
    11_22, U:    12 U-A    23 U: W/W tran     syn  XXI
    11_23, U:    12 U-G    24 U:      stacked
    12_21, U:    13 C-G    22 U: +/+ cis         XIX
    12_22, U:    13 C-A    23 U:   syn  stacked
    14_19, U:    15 G-U    20 U: W/W cis         XXVIII
    21_45, U:    22 G-G    46 U: H/W tran        VII
    25_43, U:    26 A-G    44 U: W/W cis         VIII
    26_42, U:    27 G-C    43 U: W/H cis      syn  n/a
    27_41, U:    28 G-C    42 U: +/+ cis         XIX
    28_40, U:    29 G-C    41 U: +/+ cis         XIX
    28_41, U:    29 G-C    42 U:      stacked
    29_39, U:    30 G-C    40 U: +/+ cis         XIX
    30_38, U:    31 A-U    39 U: -/- cis         XX
    39_40, U:    40 C-C    41 U:      stacked
    48_64, U:    49 C-G    65 U: +/+ cis         XIX
    49_63, U:    50 U-A    64 U: -/- cis         XX
    50_62, U:    51 U-G    63 U: W/W cis         XXVIII
    50_63, U:    51 U-A    64 U:      stacked
    51_61, U:    52 G-C    62 U: +/+ cis         XIX
    51_62, U:    52 G-G    63 U:      stacked
    52_60, U:    53 G-C    61 U: +/+ cis         XIX
    52_61, U:    53 G-C    62 U:      stacked
    53_57, U:    54 U-A    58 U: W/H tran     syn  XXIV
    12_45, U:    13 C-G    46 U: W/W tran        !1H(b_b)
    24_43, U:    25 C-G    44 U: ./W cis         !1H(b_b)
    31_37, U:    32 U-A    38 U: S/W tran        !1H(b_b).
     7_13, U:     8 U-A    14 U: W/H tran        !(s_s)
     7_47, U:     8 U-C    48 U: S/S cis      syn  !(s_s)
     8_11, U:     9 A-U    12 U: H/H cis         !(s_s)
     9_44, U:    10 G-U    45 U: H/S cis      syn  !(s_s)
    15_16, U:    16 U-C    17 U: S/S tran        !(s_s)
    16_59, U:    17 C-U    60 U: ?/S cis         !(s_s)
    32_35, U:    33 U-G    36 U: S/H tran        !(s_s)
    45_46, U:    46 G-U    47 U: S/? tran        !(s_s)
    54_55, U:    55 U-C    56 U: S/S tran        !(s_s)
END_base-pair

Summary of triplets and higher multiplets
BEGIN_multiplets
7_14_19_| [1 3]  U: 8 U  +  U: 15 G  +  U: 20 U
12_21_45_| [2 3]  U: 13 C  +  U: 22 G  +  U: 46 G
END_multiplets

  The total base pairs =  25 (from   75 bases)
------------------------------------------------
 Standard  WW--cis  WW-tran  HH--cis  HH-tran  SS--cis  SS-tran
       16        3        2        0        0        0        0
  WH--cis  WH-tran  WS--cis  WS-tran  HS--cis  HS-tran
        1        2        0        1        0        0
------------------------------------------------
