PDB data file name: tRNA_dataset/4zdp_chain_E.pdb_new
-----------------------------------------------------------
CRITERIA USED TO GENERATE BASE-PAIR: 
  3.40 --> upper H-bond length limits (ON..ON).
 26.00 --> max. distance between paired base origins.
  2.50 --> max. vertical distance between paired base origins.
 65.00 --> max. angle between paired bases [0-90].
  5.40 --> min. distance between RN9/YN1 atoms.
  8.00 --> max. distance criterion for helix break[0-12]
-----------------------------------------------------------
BASE-PAIR INSTRUCTIONS: 
Column 1 is rnaview assigned base numbers n1_n2, start from 1.
Column 2 & 3 are chain ID & residue number in input PDB file.
Column 4 is for base pair. The left & right are the bases as 
         identified by column 2 & 3 and 5 & 6.
Column 5 & 6 are residue number & chain ID in input PDB file.
Column 7 is for base pair annotation. The standard Watson-Crick
         (W.C.) pairs are annotated as -/- (AU,AT) or +/+ (GC).
         Other pairs are annotated as Leontis_Westhof Classification.
         The three edges: W(Watson-Crick); H(Hoogsteen); S(suger).
         e.g. W/H means the pair is edge of Watson-Crick & Hoogsteen.
Column 8 is glycosidic bond orientation (either cis or trans).
         e.g. 'W/H cis' means the pair is interaction on Watson-Crick
         and Hoogsteen side, glycosidic bond orientation is 'cis'.
Column 9 corresponds to Saenger Classification.

Other columns: 
        Syn sugar-base conformations are annotated as (syn).
        Stacked base pairs are annotated as (stack).
        Non-identified edges are annotated as (.) or (?)
        Tertiary interactions are marked by (!) in the line.
Reference:
Yang et al (2003) Nucleic Acids Research, Vol31,No13,p3450-3461.
-----------------------------------------------------------
BEGIN_base-pair
     7_67, E:     5 A-U    67 E: -/- cis         XX
    13_20, E:    14 A-U    21 E: -/- cis         XX
     2_72, E:     2 C-G    71 E: +/+ cis         XIX
     3_71, E:     3 C-G    70 E: +/+ cis         XIX
     4_70, E:     4 C-G    69 E: +/+ cis         XIX
    12_21, E:    13 C-G    22 E: +/+ cis         XIX
    27_35, E:    28 C-G    42 E: +/+ cis         XIX
    41_44, E:    46 C-G    46 E: +/+ cis         XIX
     1_73, E:     1 G-C    72 E: +/+ cis         XIX
     5_69, E:     5 G-C    68 E: +/+ cis         XIX
     9_65, E:     7 G-C    65 E: +/+ cis         XIX
    14_19, E:    15 G-C    20 E: +/+ cis         XIX
    17_56, E:    19 G-C    56 E: +/+ cis         XIX
    29_33, E:    30 G-C    40 E: +/+ cis         XIX
    30_32, E:    31 G-C    39 E: +/+ cis         XIX
    39_46, E:    46 G-C    46 E: +/+ cis         XIX
    50_64, E:    50 G-C    64 E: +/+ cis         XIX
    52_62, E:    52 G-C    62 E: +/+ cis         XIX
    53_61, E:    53 G-C    61 E: +/+ cis         XIX
    25_37, E:    26 U-A    44 E: -/- cis         XX
    38_47, E:    46 U-A    47 E: -/- cis         XX
    40_45, E:    46 U-A    46 E: -/- cis         XX
    51_63, E:    51 U-A    63 E: -/- cis         XX
     6_68, E:     5 G-U    67 E: W/W cis         XXVIII
    26_36, E:    27 G-U    43 E: W/W cis         XXVIII
     8_66, E:     6 U-U    66 E: W/W cis         XVI
    54_58, E:    54 U-A    58 E: W/H tran     syn  XXIV
    16_55, E:    18 G-U    55 E: W/S tran        n/a
    17_18, E:    19 G-U    20 E: S/H cis         n/a
END_base-pair

Summary of triplets and higher multiplets
BEGIN_multiplets
17_18_56_| [1 3]  E: 19 G  +  E: 20 U  +  E: 56 C
END_multiplets

  The total base pairs =  29 (from   74 bases)
------------------------------------------------
 Standard  WW--cis  WW-tran  HH--cis  HH-tran  SS--cis  SS-tran
       23        3        0        0        0        0        0
  WH--cis  WH-tran  WS--cis  WS-tran  HS--cis  HS-tran
        0        1        0        1        1        0
------------------------------------------------
