The backbone torsional angle for nucleic acid 

 
Note: alpha:   O3'(i-1)-P-O5'-C5'
      beta:    P-O5'-C5'-C4'
      gamma:   O5'-C5'-C4'-C3'
      delta:   C5'-C4'-C3'-O3'
      epsilon: C4'-C3'-O3'-P(i+1)
      zeta:    C3'-O3'-P(i+1)-O5'(i+1)

      chi for pyrimidines(Y): O4'-C1'-N1-C2
          chi for purines(R): O4'-C1'-N9-C4

    (The number -9999.99 means that the angle can not be calculated) 

Ch Res  Num    alpha    beta     gamma    delta  epsilon    zeta     chi
E   G    1  -9999.99  -171.60    62.75    82.00  -129.84   -84.09  -168.47
E   C    2    -58.42   158.10    53.86    81.41  -145.12   -76.75  -155.28
E   C    3    -62.05   165.93    51.82    77.20  -145.28   -78.59  -158.10
E   C    4    -65.19   176.61    51.80    80.11  -138.39   -83.36  -156.83
E   G    5    -67.33   158.69    62.29    80.88  -159.77   -78.23  -169.05
E   G    5    -69.18  -173.22    51.57    79.62  -169.26   -84.31  -165.62
E   A    5    158.43  -137.86   165.54    81.77  -128.83   -63.83   176.25
E   U    6    -61.82   171.83    56.90    79.79  -150.00   -86.04  -159.52
E   G    7    -55.42   171.80    67.54   149.04   -98.62   -36.52  -124.38
E   A    8    176.01   141.53    46.87   146.88  -112.00   145.50  -121.39
E   U    9    164.27  -148.78   166.56   148.42 -9999.99 -9999.99  -125.42
E   C   13  -9999.99  -130.86   144.74    83.78  -147.13   -70.90  -167.50
E   A   14    -75.64   169.87    65.17    79.96  -149.19   -80.85  -168.37
E   G   15    -68.98   156.36    71.90    82.15  -150.48   -50.33  -176.96
E   U   16    -83.94  -143.01    54.18   143.46  -145.60  -142.44   -95.23
E   G   18     95.54  -122.62   -37.37   145.61  -126.68  -104.10  -132.07
E   G   19    152.70   177.95   170.88   148.30  -111.65   106.88  -107.99
E   U   20    122.04  -145.61   165.13   148.63   -78.40    82.19  -146.23
E   C   20   -152.73   135.64  -179.79    81.63  -146.80   -82.78  -164.05
E   U   21    -48.80   176.13    35.71    79.19  -164.08   -88.63  -159.41
E   G   22    148.45  -148.26  -179.37    80.58  -122.17   -86.47  -177.80
E   G   23    -52.97   171.85    35.11    78.53  -132.84   -90.70  -168.75
E   G   24    -55.52   150.62    59.88    82.56  -135.63   -79.29  -173.61
E   G   25    -66.63   161.61    64.05    81.55  -156.43   -75.91  -176.09
E   U   26    -76.60  -167.92    58.43    80.67  -150.55   -79.91  -159.23
E   G   27    -76.00   179.21    56.47    81.28  -150.61   -73.80  -164.25
E   C   28    -66.30   172.25    57.31    80.57  -143.37   -75.51  -160.69
E   A   29    -67.97   171.85    56.03    82.12  -142.09   -80.41  -176.45
E   G   30    -73.73   172.73    61.19    80.88  -153.70   -75.24  -162.49
E   G   31    -70.18   177.62    57.13    83.95 -9999.99 -9999.99  -166.31
E   A   38  -9999.99  -117.67   170.59    86.45  -159.66   -68.47  -155.75
E   C   39    -81.98   168.34    73.50    81.76  -154.01   -59.63  -167.52
E   C   40    -79.08  -166.91    52.42    81.43  -142.80   -84.71  -163.70
E   U   41    -55.86   158.18    52.67    80.26  -148.13   -78.75  -152.85
E   G   42    -63.14   170.93    51.91    81.56  -146.05   -70.79  -168.31
E   U   43    -64.01   161.14    66.00    82.13  -148.29   -78.45  -161.80
E   A   44    -56.15  -178.50    60.24   145.12 -9999.99 -9999.99  -128.32
E   U   46  -9999.99   167.44    56.60    80.70  -152.90   -76.33  -147.46
E   G   46    -63.32   170.86    50.86    76.38  -150.75   -73.29  -164.84
E   U   46    -55.37   175.95    48.40    80.64  -164.61   -78.07  -160.80
E   C   46   -179.11  -158.95   144.52    83.01  -104.72   -85.36  -162.42
E   U   46    -59.86   154.85    59.08    78.62 -9999.99 -9999.99  -146.67
E   C   46  -9999.99   164.32    57.76    81.80  -111.39   -57.68  -160.70
E   G   46    -62.17   144.07    84.29    81.84  -158.96   -77.19  -167.05
E   A   46    -65.31   165.95    64.50    81.81  -144.90   -73.88  -171.27
E   C   46    -60.14   177.80    53.55    80.88  -155.45   -74.83  -158.09
E   A   47    144.86  -158.45  -177.40    81.04  -141.30   -81.95  -163.32
E   G   48    -57.31   164.68    49.14    79.83  -149.80   -88.73  -158.55
E   A   49   -167.10  -171.80   163.33   149.26   -97.30    94.83  -147.54
E   G   50     47.32   154.01    45.55    83.07  -140.83   -75.56   178.70
E   U   51    -60.46   174.19    52.31    81.05  -149.44   -40.14  -163.08
E   G   52   -161.40   150.05   141.94    80.64  -150.67   -71.10  -168.94
E   G   53    -59.10   173.27    55.30    79.41  -163.78   -79.64  -165.87
E   U   54    172.85  -157.96   160.94    82.08  -104.18   -75.28  -166.80
E   U   55    -56.50   161.96    47.34    78.98  -137.31   -81.47  -149.37
E   C   56    165.97  -178.01    51.27    83.75  -137.79   -65.43  -170.91
E   A   57    -70.43   172.88    55.85    81.75  -149.35   -69.65  -164.00
E   A   58    -65.24  -137.18    70.55   147.01   -90.96   179.10   -81.94
E   U   59     74.11  -155.51    73.63    82.99  -132.59   -60.35  -169.34
E   U   60    -70.95  -179.25    51.79    81.82    30.89   172.44  -154.05
E   C   61    -54.52   128.54    28.63    79.32  -142.03   -80.38  -162.57
E   C   62    -70.00   176.20    54.75    81.43  -149.43   -80.41  -160.46
E   A   63    -69.53   170.56    58.11    79.25  -143.71   -66.58  -162.05
E   C   64    -77.84   170.10    66.42    79.76  -153.48   -76.84  -158.41
E   C   65    -62.15   167.99    59.78    81.87  -146.85   -73.94  -163.05
E   U   66    -69.18  -177.10    49.09    80.33  -141.09   -69.59  -163.58
E   U   67    -63.98   164.80    59.87    80.29  -145.30   -72.55  -160.76
E   U   67    -66.77   168.89    57.44    81.04  -154.02   -78.76  -163.43
E   C   68    -67.37   170.63    58.50    81.11  -150.41   -72.11  -159.38
E   G   69    -70.38   169.55    58.16    80.53  -151.16   -72.40  -166.57
E   G   70    -69.61   178.10    52.29    80.61  -151.53   -79.93  -166.94
E   G   71    -60.60   164.88    56.63    79.79  -144.58   -71.00  -168.50
E   C   72    -65.24   179.91    51.55    80.12  -113.75   -87.77  -152.65
E   G   73    -68.07   135.08    91.73    80.06 -9999.99 -9999.99    -1.40
