The backbone torsional angle for nucleic acid 

 
Note: alpha:   O3'(i-1)-P-O5'-C5'
      beta:    P-O5'-C5'-C4'
      gamma:   O5'-C5'-C4'-C3'
      delta:   C5'-C4'-C3'-O3'
      epsilon: C4'-C3'-O3'-P(i+1)
      zeta:    C3'-O3'-P(i+1)-O5'(i+1)

      chi for pyrimidines(Y): O4'-C1'-N1-C2
          chi for purines(R): O4'-C1'-N9-C4

    (The number -9999.99 means that the angle can not be calculated) 

Ch Res  Num    alpha    beta     gamma    delta  epsilon    zeta     chi
U   G    1  -9999.99   155.43    56.93    83.78  -148.13   -69.50  -168.80
U   G    2    -71.68   179.55    64.10    80.13  -138.68  -100.16  -163.17
U   U    3    -54.33   151.85    64.40    80.83  -147.58   -76.63  -161.68
U   G    4    -76.29  -179.16    50.90    80.97  -156.05   -80.42  -158.34
U   G    5    137.44  -143.14  -161.97    81.12  -139.02   -81.20   177.20
U   G    6    -84.73   170.04    72.48    85.54  -156.21   -76.06  -175.73
U   G    7    -67.86   178.42    77.24   147.33  -102.66   -36.78  -140.57
U   U    8    -89.15  -153.05    61.97    81.21  -138.21  -115.55  -152.98
U   U    9    -82.15  -139.67    50.44   142.95   -98.04   -90.68   -92.68
U   C   10   -171.95   162.14    53.71    84.58  -133.36   -83.31  -177.31
U   C   11    -73.50   173.12    59.94    84.83  -169.99   -88.26  -162.36
U   C   12   -175.64  -137.34   136.67    81.57  -146.04   -65.77  -168.07
U   G   13    160.10  -161.48   169.31    82.99  -129.15  -113.76  -177.21
U   A   14     74.02  -138.28  -116.16    85.50  -150.46   -71.99  -172.11
U   G   15    161.29  -133.49   152.02    81.59  -125.36  -124.53  -178.43
U   C   16   -175.21    98.09   140.22    81.44  -132.34    37.33  -151.66
U   G   17    150.13   128.59   -25.33   149.37  -111.23   152.76   -91.08
U   G   18     23.68   116.15    -4.41   151.92   -91.93  -167.92   -79.74
U   C   19    -63.59   167.16    57.82    81.22  -174.32   112.54  -158.71
U   C   20     69.19   165.73    32.33    81.94  -103.21   -35.98  -155.79
U   A   21    133.12   130.82    35.59    80.80  -107.08   -57.90  -176.01
U   A   22    110.86  -129.53   -86.38    85.60  -106.70  -151.00   164.10
U   A   23     35.00  -174.65   -59.03    86.44  -120.59     0.92  -155.02
U   G   24   -125.85    88.13   170.72    83.11  -129.50   -89.07   179.66
U   G   25    -46.26   159.20    42.02    79.42  -133.26   -80.63  -174.80
U   G   26    -59.13   158.94    55.63    78.30  -136.90   -60.48   177.57
U   A   27    -72.41  -178.51    63.75    81.92  -144.39   -72.65  -176.99
U   G   28    -67.34  -179.50    49.42    83.51  -145.36   -74.16  -162.96
U   C   29    -63.93   166.06    54.38    79.54  -139.05   -80.14  -154.18
U   A   30    -59.30   161.31    54.04    78.47  -150.32   -76.24  -171.21
U   G   31    -64.28   164.81    66.54    81.01  -141.64   -66.95  -172.70
U   A   32    -69.83   169.21    57.54    83.33  -133.88   -72.99  -169.38
U   C   33    -58.47   162.79    50.58    80.62  -128.94   -88.65  -156.65
U   U   34    -53.15   158.85    46.28    77.78  -135.14   -71.29  -155.50
U   C   35    171.03   168.28    42.23    85.22  -142.79   -67.26  -172.94
U   U   36    -72.67   177.31    53.12    80.08  -140.40   -70.43  -160.07
U   A   37    -68.04   165.62    58.30    80.15  -150.87   -79.78  -168.04
U   A   38    -59.27   166.80    58.26    80.04  -128.92   -74.30   177.23
U   A   39    -60.18   164.68    56.16    82.63  -139.89   -69.50  -178.36
U   U   40    -67.22   176.40    55.30    82.02  -144.43   -70.19  -168.18
U   C   41    -67.43   170.04    59.71    80.74  -150.29   -73.46  -164.87
U   U   42    -68.98   174.51    57.57    80.47  -135.37   -86.32  -160.80
U   G   43    -81.25   160.64    71.49    83.65  -153.03   -72.89  -163.78
U   C   44    -68.76   174.72    56.88    82.26  -130.53   -41.23  -148.31
U   C   45    -83.21   147.64   106.55    82.81   176.51   151.46  -155.58
U   G   46     71.64  -144.17    90.15    84.22  -152.47   -76.69  -159.67
U   U   47    -62.98   169.42    56.02    79.74  -124.48   -97.66  -158.27
U   C   48    -53.43   151.16    54.39    76.83  -139.63     3.62  -163.06
U   A   49   -156.45   178.78   144.48    85.09  -124.42  -135.39  -155.08
U   U   50    -40.99  -110.72   177.65    82.69  -135.77   -70.98  -156.68
U   C   51    178.07  -177.65   151.32    83.91  -145.63   -27.76  -159.28
U   G   52   -101.46   169.44    80.42    83.96  -150.58   -74.51  -157.35
U   A   53    -70.41   169.76    61.08    82.22  -147.84   -77.96  -161.88
U   C   54    -73.43   164.39    68.56    82.30  -148.24   -71.93  -159.66
U   U   55    -75.49  -176.13    59.48    83.13  -152.41   -74.94  -158.89
U   U   56    -66.60   172.44    54.99    81.72  -109.06  -110.65  -150.57
U   C   57     79.61  -131.25   -97.15   149.32  -152.59   107.46  -160.76
U   G   58     48.87   178.61    50.73    83.19  -147.22   -71.16  -178.12
U   A   59    -78.50  -176.73    54.13    81.20  -152.26   -78.02  -164.29
U   A   60    -63.63   168.36    56.83    80.36  -146.39   -78.19  -167.91
U   G   61    -62.59   165.23    56.69    79.60  -143.89   -72.47  -172.13
U   G   62    -67.05   166.55    61.77    81.41  -151.74   -76.67  -174.65
U   U   63    -64.41  -179.86    56.18    82.72  -127.41   -72.08  -164.15
U   U   64    -58.27   159.57    57.60    81.90  -124.57   -59.84  -157.62
U   C   65   -155.16   145.34    24.49    83.90  -144.46   -70.48  -169.45
U   G   66    -74.16   171.89    57.79    79.20  -160.37  -120.57  -171.61
U   A   67   -178.84  -109.84  -173.38   150.90  -146.42   -83.60  -119.29
U   A   68    147.94   135.16    55.10    81.78  -123.06   -65.09  -174.25
U   U   69    -63.14   165.89    69.72   142.78  -110.99   -57.87  -112.15
U   C   70    -91.36  -173.18    29.16    80.76  -152.04   -75.53  -171.27
U   C   71    -67.09  -179.30    53.25    81.34  -148.73   -73.62  -164.79
U   U   72    -66.70   172.78    55.03    80.39  -148.56   -73.72  -161.57
U   U   73    -65.32   166.69    58.53    79.91  -149.09   -77.23  -160.98
U   C   74    -60.68   165.17    59.51    81.08  -122.62   -91.91  -160.02
U   C   75     92.01  -137.29  -131.60    81.13  -125.89   -87.84  -170.41
U   C   76    -56.80   145.95    69.44    82.19  -149.38   -69.42  -171.30
U   C   77    -68.54   174.82    60.18    84.17  -138.87   -89.70  -163.40
U   C   78     94.41  -151.70  -129.18    83.36  -116.95   -92.48  -167.85
U   A   79    -40.50   152.95    35.45    79.05  -124.14  -106.94  -165.67
U   C   80    -32.67   137.95    51.58    81.33  -147.35  -105.30  -155.44
U   C   81    120.55  -136.28  -156.33    80.75  -113.90  -122.05  -164.18
U   A   82     54.26   120.86    62.33    83.84   -99.41   -51.95  -175.32
U   C   83    -70.28   176.69    67.82    81.50 -9999.99 -9999.99  -163.49
