The backbone torsional angle for nucleic acid 

 
Note: alpha:   O3'(i-1)-P-O5'-C5'
      beta:    P-O5'-C5'-C4'
      gamma:   O5'-C5'-C4'-C3'
      delta:   C5'-C4'-C3'-O3'
      epsilon: C4'-C3'-O3'-P(i+1)
      zeta:    C3'-O3'-P(i+1)-O5'(i+1)

      chi for pyrimidines(Y): O4'-C1'-N1-C2
          chi for purines(R): O4'-C1'-N9-C4

    (The number -9999.99 means that the angle can not be calculated) 

Ch Res  Num    alpha    beta     gamma    delta  epsilon    zeta     chi
U   A    1  -9999.99 -9999.99    30.74    85.04  -121.10  -111.55   178.67
U   G    2    -23.22   136.04    42.76    79.26  -135.91   -96.97  -172.86
U   C    3    -36.95   155.00    43.47    83.38  -142.51   -81.12  -159.09
U   A    4     97.10  -153.08  -136.47    87.48  -127.53   -53.74  -169.44
U   G    5   -110.73   130.92   126.79    77.20  -122.04   -97.46   172.56
U   A    6    130.75  -146.91  -171.44    90.52  -121.40   -94.39   179.46
U   G    7    -45.66   155.54    57.33   127.73  -100.57   -45.99  -137.26
U   U    8    -93.02  -141.64    70.40    82.08  -117.40  -150.45  -168.99
U   G    9     96.49  -154.61  -122.07   139.13  -100.27   -50.08  -108.59
U   G   10   -157.48  -173.65    29.88    86.46  -121.27  -103.86  -179.25
U   C   11    -32.39   142.12    46.98    83.58  -171.19   -96.44  -165.09
U   G   12    174.92  -123.59   143.32    80.87  -127.61   -68.01   175.29
U   C   13    -74.20   156.15    71.01    83.47  -143.71  -120.88  -163.86
U   A   14     83.94  -140.05  -129.63    92.66  -128.86   -48.21   178.01
U   G   15    -81.57   166.78    61.96    86.42  -110.48  -162.52  -167.33
U   C   16     14.80   119.10    69.57   143.08  -136.84  -154.78   -66.14
U   G   17     12.29   -89.45   -31.90   157.48  -120.98  -144.67  -122.37
U   G   18     23.60   156.47   -10.76   146.55   -79.86  -144.69   -96.29
U   A   19   -176.60  -110.17   173.64    86.65  -147.51   -56.02  -151.09
U   A   20    118.99  -130.38  -118.32    81.91  -156.80   -94.30  -176.64
U   G   21   -108.75   103.25   146.15   111.88  -153.60    37.99   156.73
U   C   22   -177.80   102.02   124.67    75.94  -137.08   -89.92  -173.37
U   G   23    -54.40   165.17    45.12    75.18  -129.39   -94.51  -175.90
U   U   24    -26.42   140.89    43.70    78.76  -135.26   -77.84  -168.97
U   G   25    -62.05   161.85    57.98    76.48  -130.58   -72.79  -173.20
U   C   26    -63.66   157.61    65.26    77.23  -122.36   -96.34  -167.95
U   U   27    -51.09   143.51    59.74    79.94  -123.42   -36.32  -164.75
U   G   28   -123.74    89.95   150.97    82.92   175.98    25.62  -178.42
U   G   29    172.25    90.45   143.70    95.22  -107.49   -65.00   174.44
U   G   30    -80.96   143.68    81.16    79.50  -116.35  -101.90   174.19
U   C   31    -11.64   137.39    26.67    79.59  -116.06  -125.75  -158.37
U   C   32      2.46   120.72    15.53    75.45  -143.18   -57.08  -152.67
U   C   33    174.82   149.66    44.96    91.01  -124.03   -80.87  -175.13
U   A   34    -79.95   155.86    66.85    78.72  -128.41   -29.71  -171.31
U   U   35   -123.07    80.23   177.93    93.55  -121.26   -74.89  -178.58
U   A   36    136.57  -154.04   167.45    93.23  -106.05   -35.19   177.80
U   A   37   -120.43    89.23   153.17    85.31  -115.44   -41.84   -12.48
U   C   38    -89.78   172.32    72.70    83.02  -134.82   -91.06  -169.06
U   C   39    -48.13   160.36    47.05    81.27  -138.78   -80.73  -163.14
U   C   40    -62.75   155.79    65.33    75.75  -147.95  -117.64  -165.96
U   A   41    138.63  -124.94   170.86    87.18  -107.95  -134.29   170.92
U   G   42      0.54   112.02    24.82    75.14  -125.42  -111.07  -167.31
U   A   43    -42.10   138.51    45.85    77.68  -129.06  -100.48  -161.90
U   G   44    -26.97   140.08    38.87    83.16  -119.06  -159.90  -161.46
U   G   45     41.33   113.90    21.17    81.71  -141.31   177.84  -104.13
U   U   46     80.56   111.43  -147.69    84.24  -134.04    49.33  -166.18
U   C   47     99.76   128.34   -20.29   154.72  -160.73    97.75  -113.73
U   G   48   -124.79   170.09  -161.68   103.43   -87.87  -119.56   166.46
U   A   49    110.47  -123.71  -176.15   100.38  -100.86  -112.04   169.26
U   U   50    -18.57   133.11    24.37    77.50  -151.34   -85.43  -160.57
U   G   51    -62.84   155.17    64.61    79.97  -148.11   -61.24  -168.72
U   G   52   -106.67   147.02   108.04    78.74  -117.11  -109.56   179.20
U   A   53    -35.38   138.34    40.79    80.13  -136.76   -63.67  -169.16
U   U   54    -93.27   166.72    90.87    81.47  -119.52   -63.51  -169.82
U   C   55    164.13   160.67    39.08    88.81  -110.57   -87.05  -160.90
U   G   56    -80.40   133.08    79.60    86.66  -146.00   -97.51  -167.56
U   A   57     99.43   114.90   -30.32   155.97   -82.26   160.35   -67.20
U   A   58    114.98  -158.25    39.57    89.34  -130.52   -73.72  -171.66
U   A   59    -65.29   151.85    81.92   136.62  -122.85   -38.19  -145.60
U   C   60   -100.78  -172.68    42.48    83.97  -131.72  -122.48  -168.12
U   C   61      7.45   120.80    19.79    81.21  -159.82   -96.06  -156.31
U   A   62    138.49  -154.56   178.07    87.47  -127.74   -76.20  -178.04
U   U   63    -69.32   152.11    69.77    83.35  -119.08  -117.86  -172.07
U   C   64    -13.28   127.28    31.93    85.48  -147.81   -74.67  -156.16
U   C   65    -98.47   159.12    90.55    78.59  -140.82   -60.17  -164.93
U   U   66   -134.06   143.73   120.09    84.67  -122.44   -92.96  -171.09
U   C   67    -41.64   151.15    40.29    72.02  -145.09   -85.27  -161.31
U   U   68    -62.71   155.78    67.73    73.00  -123.57  -108.83  -167.93
U   G   69    -36.41   143.20    39.12    75.41  -131.23  -114.55  -171.31
U   C   70    -18.18   135.06    34.17    78.97  -146.63   -74.62  -161.05
U   U   71    -85.56   157.24    81.36    77.13  -136.78   -77.24  -169.56
U   A   72    -58.60   167.52    62.64    79.20  -123.23  -103.09   179.64
U   C   73    -36.84   148.05    55.24   140.46   -92.84  -116.00  -129.80
U   C   74   -126.29   -83.48  -172.94    90.73  -156.18    41.09   -46.82
U   A   75    120.05  -144.71     0.93   148.88 -9999.99 -9999.99  -124.89
