The backbone torsional angle for nucleic acid 

 
Note: alpha:   O3'(i-1)-P-O5'-C5'
      beta:    P-O5'-C5'-C4'
      gamma:   O5'-C5'-C4'-C3'
      delta:   C5'-C4'-C3'-O3'
      epsilon: C4'-C3'-O3'-P(i+1)
      zeta:    C3'-O3'-P(i+1)-O5'(i+1)

      chi for pyrimidines(Y): O4'-C1'-N1-C2
          chi for purines(R): O4'-C1'-N9-C4

    (The number -9999.99 means that the angle can not be calculated) 

Ch Res  Num    alpha    beta     gamma    delta  epsilon    zeta     chi
C   U    1  -9999.99  -177.33    56.42    85.76   -91.64   173.51  -165.65
C   G    2   -116.05  -168.63    81.34   141.56  -157.50   -67.36   162.36
C   G    3    167.43   170.17   143.36    86.75  -157.15   -78.31  -165.78
C   G    4    153.13  -161.53   168.77    85.10  -125.80   -81.36   175.97
C   A    5    -51.51   167.66    48.75    81.40  -153.89   -68.10  -157.66
C   G    6    -52.48   170.55    53.85    77.84   174.80   -76.14  -156.21
C   G    7    179.00  -162.47   174.64   145.39   -93.32   -52.33  -152.99
C   U    8    -50.93  -153.44    54.51    83.41  -134.26   -72.13  -163.17
C   C    9   -150.32    86.19  -170.32   144.82   -89.15   -52.88  -123.51
C   G   10    177.76  -170.29    56.84    88.19  -144.99   -75.10  -175.05
C   U   11    -68.26   174.97    54.91    84.85  -149.37   -66.55  -171.67
C   C   12    -77.30  -165.55    47.94    80.79  -173.42   -41.05  -149.91
C   U   13    -75.98  -165.81    49.22    82.77   176.72   -65.13  -143.23
C   A   14    161.22  -178.71   177.66    81.46  -142.28   -57.53   173.76
C   A   15    -82.87  -163.50    46.83    83.04  -166.33   179.62  -151.87
C   C   16   -112.72  -120.25    46.65   141.90  -146.25   -54.22  -155.42
C   G   18   -146.68  -175.07   -61.11   145.51  -122.20  -143.21  -111.41
C   G   19    -76.63  -174.77    61.83   145.67   -85.88   173.14   -81.44
C   U   20    -84.39  -142.73    52.77   145.22  -119.36   -35.57   175.79
C   A   21    -92.91  -161.92   164.36    86.36  -124.92   -85.97  -151.41
C   G   22   -145.59   110.37   125.52    79.24  -155.17   -61.34  -168.22
C   G   23    -65.74  -172.91    48.56    80.75  -151.88   -72.82  -167.84
C   A   24    -69.91   170.86    57.58    84.81  -123.28   -82.07  -175.05
C   C   25    -67.80   163.87    56.53    81.34  -149.18   -61.57  -159.38
C   G   26    -59.41   179.17    55.14    86.58  -146.18   -66.61  -160.46
C   G   27    -89.36  -171.53    57.89    85.32  -153.57   -68.78  -163.76
C   C   28    -73.82   178.08    56.31    79.99  -145.20   -63.87  -161.51
C   G   29    -69.99  -175.62    48.16    81.04  -176.08   -61.78  -163.68
C   G   30    -72.28  -179.82    66.55    82.42  -165.14   -77.25  -178.69
C   A   31    179.68  -165.10   156.71    83.22  -113.00   -58.84  -165.75
C   C   32   -104.34   120.17   136.41    83.23  -174.02    35.95   173.68
C   U   33    102.57  -114.05   161.74    87.56   -78.80   102.55  -164.73
C   C   34    155.25  -141.02    71.61    82.00  -167.13  -108.68  -131.51
C   U   35    147.49  -138.58    50.43   150.25  -153.32   -76.07  -155.03
C   C   36    105.44  -179.32   -90.54    98.38    16.26   179.12  -155.67
C   G   37     30.93  -149.12    59.04   145.09   -93.29   -65.13  -120.85
C   A   38    -47.90  -170.03    49.85    84.81  -149.02   -66.51  -169.57
C   U   39    -59.63   173.31    55.49    81.92  -172.48   -68.08  -166.76
C   C   40    173.56  -159.68   159.34    80.58  -134.24   -74.37  -178.85
C   C   41    -34.94   173.49    24.52    81.55  -168.44  -101.08  -154.25
C   G   42    156.71  -140.56   171.56    83.33  -135.76   -68.80  -177.05
C   C   43    -66.03  -179.76    48.02    82.37  -160.41   -61.93  -168.54
C   U   44    -63.51  -171.09    56.27    86.93  -127.03   -74.69  -155.57
C   G   45    -59.54   160.82    53.34    83.83  -149.08   -94.59  -134.71
C   G   46    -52.38  -175.54    53.61    80.62  -159.80   -64.45  -118.79
C   U   48   -118.99   135.34   172.39   143.83  -147.82   107.78  -128.72
C   G   49    -37.54  -133.81    80.54    86.74  -147.16   -64.67  -172.91
C   G   50    -65.39  -172.84    48.80    80.22  -165.81   -77.84  -159.19
C   A   51    159.39  -167.01   172.31    85.79  -110.19  -101.44  -167.53
C   G   52    103.92  -127.39  -156.16    83.78  -113.41   -80.84   171.13
C   G   53    -56.41   160.47    56.35    77.33  -155.64   -71.20  -166.85
C   U   54    -57.47   175.88    48.02    80.25  -133.32   -67.45  -165.65
C   U   55    -69.04   171.10    54.46    84.13  -125.36   -89.48  -148.31
C   C   56    165.09  -179.67    56.15    85.23  -140.15   -98.69  -163.24
C   G   57    146.53  -139.67   173.92    84.39  -132.22   -54.72  -172.33
C   A   58    -69.85  -124.00    51.85   147.65   -58.00   163.24   -84.76
C   G   59     69.70  -154.98    59.03    85.30  -134.97   -67.77  -163.46
C   U   60    -44.05   170.62    57.36   145.33  -128.36   -46.50  -131.57
C   C   61   -121.56  -164.53    51.71    82.86  -157.39   -71.55  -166.67
C   C   62    -81.57  -162.03    49.73    84.34  -158.58   -71.84  -165.93
C   U   63    -66.10  -173.17    47.85    82.63  -155.30   -72.63  -155.08
C   C   64    -58.15   166.21    50.79    82.11  -158.68   -65.40  -161.31
C   C   65    -68.92  -178.32    51.73    82.09  -155.55   -67.06  -160.73
C   C   66    -59.80   176.57    51.48    82.87  -156.41   -70.11  -163.00
C   C   67    -63.26   169.37    52.67    83.38  -156.63   -71.14  -157.80
C   U   68    -70.52  -179.97    54.70    81.51  -154.57   -77.30  -164.96
C   C   69    -65.06   173.50    52.47    81.32  -158.52   -71.25  -155.81
C   C   70    -64.80   173.21    53.95    82.93  -141.98   -77.22  -168.76
C   C   71    -62.02   178.77    54.44    80.90  -142.20   -99.37  -162.32
C   A   72     76.08    76.13  -145.49   148.14  -179.44   -86.74  -138.73
C   G   73    -90.03   164.33   174.92    86.76 -9999.99 -9999.99    28.86
