The backbone torsional angle for nucleic acid 

 
Note: alpha:   O3'(i-1)-P-O5'-C5'
      beta:    P-O5'-C5'-C4'
      gamma:   O5'-C5'-C4'-C3'
      delta:   C5'-C4'-C3'-O3'
      epsilon: C4'-C3'-O3'-P(i+1)
      zeta:    C3'-O3'-P(i+1)-O5'(i+1)

      chi for pyrimidines(Y): O4'-C1'-N1-C2
          chi for purines(R): O4'-C1'-N9-C4

    (The number -9999.99 means that the angle can not be calculated) 

Ch Res  Num    alpha    beta     gamma    delta  epsilon    zeta     chi
B   G    1  -9999.99   153.08    65.94    82.09  -151.04   -73.86  -178.38
B   G    2    -77.31  -169.48    52.92    80.57  -145.13   -69.16  -163.46
B   C    3    -64.88   167.65    60.67    77.56  -154.83   -80.43  -159.08
B   C    4    -56.47   162.44    59.29    79.80  -117.06   -43.46  -161.99
B   A    5   -108.11    82.28   169.59    81.10  -126.34   -65.76  -179.64
B   G    6    139.14  -157.15   176.32    80.25  -124.78   -66.37  -178.38
B   G    7    -52.36  -167.44    45.41   143.32   -85.11   -66.18  -117.57
B   U    8    -69.73  -164.94    44.39    79.97  -105.91  -169.79  -151.81
B   A    9    -52.37   147.04    54.14   142.50  -116.89   -18.61  -100.88
B   G   10    171.02   135.08    53.64    84.74  -145.84   -70.97  -179.13
B   C   11    -70.05   176.79    57.84    82.61  -148.53   -75.88  -164.48
B   U   12    -66.68   170.12    58.20    81.05  -170.75    11.72  -160.87
B   C   13    178.68   107.25   164.05    81.81  -159.04   -83.37  -161.77
B   A   14    174.44  -174.84   165.39    81.48  -130.00   -57.90  -168.03
B   G   15    -68.22   176.98    61.57    81.70  -135.07  -134.99  -169.39
B   U   16     71.15   135.81    62.22   147.40   -81.81  -154.94  -130.60
B   U   17     70.65   -88.30   -55.01    81.53  -163.07   115.94  -162.07
B   G   18    -62.33  -169.38   177.94   148.22  -108.05  -139.38  -124.86
B   G   19     39.25   118.40   -49.75   145.35     7.73   -75.40   -66.85
B   U   20    128.43   101.06    29.55   143.28  -110.22   -98.78  -110.74
B   A   21   -162.61   -83.14  -162.16    81.92   166.19    33.97  -150.64
B   G   22    163.44    73.09   156.92    82.90  -144.72   -86.66  -172.46
B   A   23    -66.56  -179.52    57.55    80.68  -149.06   -74.22  -157.72
B   G   24    -68.15   178.98    51.13    81.37  -145.50   -92.48  -159.81
B   C   25    173.43  -144.20   143.68    81.69  -147.64   -92.85  -159.66
B   A   26    163.37  -154.18   169.84    80.33   178.09    15.35    23.59
B   C   27   -126.53  -134.17    30.34    79.10  -155.43   -88.75  -157.70
B   U   28    -52.29   159.88    55.36    80.93  -139.02   -76.70  -154.46
B   G   29    -58.04   165.65    48.44    80.83  -137.82   -87.60  -165.37
B   G   30    -60.96   152.63    61.94    79.89  -153.46   -76.33  -162.61
B   A   31    -61.75   173.44    49.96    80.26  -124.46   -59.96  -168.85
B   C   32    -63.57   177.35    47.54    79.56  -133.03   -73.75  -157.14
B   U   33    -63.64   179.06    51.88    81.16  -142.60   -58.13  -160.66
B   G   34   -177.71   139.45    42.01    82.40  -124.28   -79.21  -176.23
B   A   35    -68.64   161.87    58.54    80.17  -138.98   -71.49  -167.19
B   A   36    -65.59   159.86    66.96    81.94  -144.68   -74.75  -160.86
B   A   37    -71.51   161.97    67.21    81.18  -146.72   -67.33  -161.83
B   A   38    -69.09   166.76    64.64    81.52  -137.91   -66.78  -164.50
B   U   39    -65.52   163.19    60.03    81.20  -152.31   -75.03  -157.82
B   C   40    -65.12   179.64    45.82    78.87  -148.90   -77.90  -155.97
B   C   41    -56.48   163.96    54.96    80.09  -102.26  -108.42  -157.38
B   A   42     91.69   -93.25  -140.66    82.87   -92.33   -56.45  -165.20
B   G   43   -104.98    96.08   125.84    81.33  -130.80  -108.79  -175.44
B   G   44     58.04   173.92   -75.87    79.78  -106.59   -26.38  -157.66
B   U   45    -95.81   106.51  -171.24   127.97   -50.87  -127.33  -159.07
B   G   46    127.87  -116.47  -172.81   148.80  -114.45   -90.60   -89.09
B   U   47    143.56  -136.63   -82.32    79.84  -150.45   104.83  -158.53
B   C   48   -179.36  -135.33   160.23    83.67   -92.34   105.66  -167.30
B   G   49     28.86   148.37    41.78    81.97  -142.34   -69.79  -177.68
B   G   50    -68.20   180.00    48.02    79.99  -148.52   -73.57  -167.74
B   C   51    -63.23   168.87    59.32    79.26  -161.02   -76.05  -159.35
B   G   52    155.70  -166.58   171.12    81.10  -138.04   -71.88  -174.30
B   G   53    -61.38   168.37    55.46    81.06  -145.24   -78.17  -169.34
B   U   54    -62.77   174.13    52.99    81.66  -132.72   -64.07  -163.95
B   U   55    -63.02   173.34    51.02    79.66  -133.35   -67.64  -156.46
B   C   56    165.69   171.09    47.72    81.32  -134.92   -69.67  -160.54
B   G   57    -62.38   164.46    56.67    80.77  -132.40   -73.69  -162.70
B   A   58    -54.05  -150.70    70.62   147.85   -83.56  -167.21   -81.11
B   U   59     69.12  -158.85    76.15    81.47  -127.97   -63.21  -158.60
B   U   60    -61.71  -178.34    64.00   145.75   -99.29  -111.16  -119.14
B   C   61     25.19   126.77   -31.70    82.38  -149.02   -71.25  -155.81
B   C   62    -65.15   168.33    60.71    80.58  -151.60   -73.40  -158.28
B   G   63    -64.29   174.13    51.02    79.59  -148.14   -80.03  -166.06
B   C   64    -57.39   165.08    54.20    80.43  -156.51   -75.36  -159.00
B   C   65    164.66  -158.31   162.64    81.42  -147.13   -75.96  -165.00
B   C   66    -59.30  -178.30    46.24    79.78  -140.97   -77.73  -161.65
B   C   67    -58.96   162.92    54.34    80.39  -137.00   -86.43  -159.35
B   U   68    -61.80   163.80    54.92    81.16  -151.61   -77.39  -163.12
B   G   69    -64.94   170.68    51.66    79.98  -151.26   -77.75  -161.15
B   G   70    -60.89   163.44    60.60    81.31  -169.61   -87.92  -160.57
B   C   71    179.23  -148.37   145.82    82.75   -95.97   -94.30  -164.86
B   C   72     72.88  -113.79  -108.20   142.02  -129.01   -95.68  -142.68
B   A   73     86.00  -157.83  -172.17    77.49  -159.18   -50.58  -153.76
B   C   74    136.22  -161.55  -155.95    80.68  -151.58    94.83  -169.83
B   C   75     24.74    57.27  -150.53    79.62 -9999.99 -9999.99  -101.35
