PDB data file name: tRNA_dataset/4x0b_chain_B.pdb_new
-----------------------------------------------------------
CRITERIA USED TO GENERATE BASE-PAIR: 
  3.40 --> upper H-bond length limits (ON..ON).
 26.00 --> max. distance between paired base origins.
  2.50 --> max. vertical distance between paired base origins.
 65.00 --> max. angle between paired bases [0-90].
  5.40 --> min. distance between RN9/YN1 atoms.
  8.00 --> max. distance criterion for helix break[0-12]
-----------------------------------------------------------
BASE-PAIR INSTRUCTIONS: 
Column 1 is rnaview assigned base numbers n1_n2, start from 1.
Column 2 & 3 are chain ID & residue number in input PDB file.
Column 4 is for base pair. The left & right are the bases as 
         identified by column 2 & 3 and 5 & 6.
Column 5 & 6 are residue number & chain ID in input PDB file.
Column 7 is for base pair annotation. The standard Watson-Crick
         (W.C.) pairs are annotated as -/- (AU,AT) or +/+ (GC).
         Other pairs are annotated as Leontis_Westhof Classification.
         The three edges: W(Watson-Crick); H(Hoogsteen); S(suger).
         e.g. W/H means the pair is edge of Watson-Crick & Hoogsteen.
Column 8 is glycosidic bond orientation (either cis or trans).
         e.g. 'W/H cis' means the pair is interaction on Watson-Crick
         and Hoogsteen side, glycosidic bond orientation is 'cis'.
Column 9 corresponds to Saenger Classification.

Other columns: 
        Syn sugar-base conformations are annotated as (syn).
        Stacked base pairs are annotated as (stack).
        Non-identified edges are annotated as (.) or (?)
        Tertiary interactions are marked by (!) in the line.
Reference:
Yang et al (2003) Nucleic Acids Research, Vol31,No13,p3450-3461.
-----------------------------------------------------------
BEGIN_base-pair
     2_73, B:     2 G-C    73 B: +/+ cis         XIX
     3_72, B:     3 G-C    72 B: +/+ cis         XIX
     4_71, B:     4 C-G    71 B: +/+ cis         XIX
     5_70, B:     5 C-G    70 B: +/+ cis         XIX
     6_69, B:     6 A-U    69 B: W/W cis         n/a
     8_67, B:     8 G-C    67 B: +/+ cis         XIX
     9_15, B:     9 U-A    15 B: W/H tran        XXIV
    10_24, B:    10 A-A    24 B: H/H tran        II
    11_26, B:    11 G-C    26 B: +/+ cis         XIX
    12_25, B:    12 C-G    25 B: +/+ cis         XIX
    13_24, B:    13 U-A    24 B: -/- cis         XX
    14_23, B:    14 C-G    23 B: +/+ cis         XIX
    16_49, B:    16 G-C    49 B: W/W tran        XXII
    20_57, B:    20 G-C    57 B: W/W cis    syn    n/a
    23_47, B:    23 G-G    47 B: H/W tran     syn  VII
    28_44, B:    28 C-G    44 B: +/+ cis         XIX
    32_41, B:    32 A-C    41 B:      stacked
    35_36, B:    35 G-A    36 B:      stacked
    39_40, B:    39 A-U    40 B:      stacked
    50_66, B:    50 G-C    66 B: +/+ cis         XIX
    51_65, B:    51 G-C    65 B: +/+ cis         XIX
    52_53, B:    52 C-G    53 B:      stacked
    52_64, B:    52 C-G    64 B: +/+ cis         XIX
    53_63, B:    53 G-C    63 B: +/+ cis         XIX
    54_62, B:    54 G-C    62 B: +/+ cis         XIX
    55_59, B:    55 U-A    59 B: W/H tran     syn  XXIV
    69_70, B:    69 U-G    70 B:      stacked
    72_73, B:    72 C-C    73 B:      stacked
    76_77, B:    76 C-C    77 B:      stacked
    10_14, B:    10 A-C    14 B: H/W tran        !1H(b_b).
    19_56, B:    19 G-U    56 B: W/S tran        !1H(b_b)
    26_46, B:    26 C-U    46 B: H/W cis         !1H(b_b)
    29_43, B:    29 U-A    43 B: W/W cis         !1H(b_b).
    33_38, B:    33 C-A    38 B: S/H tran        !1H(b_b)
    33_39, B:    33 C-A    39 B: S/W cis         !1H(b_b)
     9_49, B:     9 U-C    49 B: S/S cis         !(s_s)
    10_13, B:    10 A-U    13 B: H/W tran        !(s_s)
    34_36, B:    34 U-A    36 B: S/S tran        !(s_s)
    34_37, B:    34 U-A    37 B: S/H tran        !(s_s)
    47_48, B:    47 G-U    48 B: S/S tran   syn    !(s_s)
    61_62, B:    61 U-C    62 B: S/H cis         !(s_s)
END_base-pair

Summary of triplets and higher multiplets
BEGIN_multiplets
10_13_24_| [1 3]  B: 10 A  +  B: 13 U  +  B: 24 A
14_23_47_| [2 3]  B: 14 C  +  B: 23 G  +  B: 47 G
END_multiplets

  The total base pairs =  22 (from   77 bases)
------------------------------------------------
 Standard  WW--cis  WW-tran  HH--cis  HH-tran  SS--cis  SS-tran
       15        2        1        0        1        0        0
  WH--cis  WH-tran  WS--cis  WS-tran  HS--cis  HS-tran
        0        3        0        0        0        0
------------------------------------------------
