The backbone torsional angle for nucleic acid 

 
Note: alpha:   O3'(i-1)-P-O5'-C5'
      beta:    P-O5'-C5'-C4'
      gamma:   O5'-C5'-C4'-C3'
      delta:   C5'-C4'-C3'-O3'
      epsilon: C4'-C3'-O3'-P(i+1)
      zeta:    C3'-O3'-P(i+1)-O5'(i+1)

      chi for pyrimidines(Y): O4'-C1'-N1-C2
          chi for purines(R): O4'-C1'-N9-C4

    (The number -9999.99 means that the angle can not be calculated) 

Ch Res  Num    alpha    beta     gamma    delta  epsilon    zeta     chi
B   G    1  -9999.99   119.61    62.00    84.47  -135.16   -97.01   174.58
B   G    2    -67.22   166.21    67.05    85.91  -133.75   -94.53  -165.99
B   G    3     79.96  -175.46  -113.89    91.72  -133.07   -78.31  -177.19
B   C    4    -54.74   156.29    59.22    83.29  -150.20   -88.93  -166.56
B   C    5    -49.04   151.44    60.15    82.44  -100.83   -34.72  -154.84
B   A    6    -99.38    71.17   176.75    81.80  -121.43   -92.64  -174.28
B   G    7    128.74  -128.82   173.53    80.91  -119.12   -56.45   176.04
B   G    8    -58.92  -155.41    31.88   142.65   -83.11   -76.04  -107.08
B   U    9    -77.23  -163.71    41.42    79.45  -113.19   170.51  -151.62
B   A   10    -34.65   127.41    52.73   142.26  -118.78   -21.70  -101.06
B   G   11    171.40   141.19    51.75    84.49  -146.35   -76.70  -177.62
B   C   12    -69.74   176.79    57.16    82.44  -144.10   -71.50  -163.30
B   U   13    -65.69   165.95    59.67    80.36  -147.87   -30.07  -160.48
B   C   14    177.45   134.83   165.93    81.43  -171.06   -83.85  -158.98
B   A   15    170.95  -169.47   167.43    81.29  -125.08   -58.07  -174.58
B   G   16    -69.09   177.04    60.32    81.70  -140.48  -136.22  -176.03
B   U   17     85.22   133.95    62.09   147.05   -86.90  -148.79  -136.30
B   U   18     72.83   -92.61   -50.70    81.69  -162.76   115.74  -159.74
B   G   19    -59.58  -169.83   169.72   148.39   -93.32  -151.40  -127.40
B   G   20     34.28   115.89   -47.18   145.70    14.73   -81.89   -62.59
B   U   21    123.60    92.84    34.55   142.75  -106.15   -86.67  -104.25
B   A   22   -170.85   -95.24  -167.18    81.47   168.03    30.14  -154.45
B   G   23    162.87    72.55   161.70    81.72  -153.54   -77.92  -173.93
B   A   24    -62.25  -171.06    55.92    80.65  -142.00   -78.04  -154.14
B   G   25    -62.25   169.88    49.70    81.96  -146.41   -97.23  -162.18
B   C   26    167.87  -136.99   148.57    81.17  -136.77   -98.86  -161.01
B   A   27    151.77  -153.50   176.07    79.67   166.07    27.91    25.59
B   C   28   -135.38  -138.61    29.21    79.33  -162.95   -88.25  -159.59
B   U   29    -57.90   158.60    63.06    81.21  -134.33   -65.70  -154.58
B   G   30    -70.42   179.69    49.82    80.68  -144.75   -83.57  -162.06
B   G   31    -64.07   156.34    62.91    80.25  -154.95   -75.81  -164.27
B   A   32    -65.12  -179.28    48.58    79.26  -132.41   -55.76  -171.91
B   C   33    -67.93  -178.18    50.42    79.83  -118.36   -87.49  -157.76
B   U   34    -53.15   163.87    57.07    80.52  -140.29   -50.79  -157.35
B   G   35   -176.30   132.38    39.22    82.21  -125.85   -78.23   177.62
B   A   36    -78.91   166.01    66.95    79.43  -143.47   -65.09  -159.94
B   A   37    -73.14   164.19    69.08    82.60  -136.82   -79.69  -156.04
B   A   38    -68.90   156.98    72.21    82.20  -150.86   -69.05  -158.44
B   A   39    -70.21   167.12    60.63    82.16  -132.69   -66.74  -162.81
B   U   40    -63.48   160.28    57.83    80.86  -153.03   -75.43  -157.83
B   C   41    -62.85  -179.23    43.51    78.79  -148.75   -81.73  -154.72
B   C   42    -52.84   163.15    54.94    80.09  -105.92  -119.21  -161.43
B   A   43     99.27   -92.15  -156.71    82.82   -92.48   -54.81  -165.53
B   G   44   -105.30    94.86   127.96    81.32  -130.55  -106.11  -175.18
B   G   45     62.11   175.00   -80.79    79.27  -103.94   -26.85  -161.49
B   U   46    -92.00   111.42  -162.62   144.02   -94.34   -74.99  -138.30
B   G   47    155.21  -150.13   169.67   148.33  -115.43  -112.52   -77.34
B   U   48    136.04  -118.61   -82.66    81.41  -151.46   108.76  -159.12
B   C   49   -176.22  -141.06   166.14    83.08  -101.28   128.14  -165.48
B   G   50      3.13   170.41    52.55    81.67  -145.55   -67.76   177.80
B   G   51    -71.57  -175.95    48.61    80.64  -142.61   -70.46  -165.94
B   C   52    -62.27   169.83    58.49    78.34  -165.14   -80.46  -152.47
B   G   53    155.40  -159.57   168.90    81.09  -137.68   -76.66  -169.78
B   G   54    -56.16   161.99    57.07    80.67  -143.29   -78.43  -168.34
B   U   55    -61.01   174.57    47.94    81.26  -131.00   -66.63  -163.86
B   U   56    -59.67   168.15    53.44    79.74  -133.45   -57.94  -155.86
B   C   57    167.37   158.38    47.28    81.61  -128.64   -73.99  -156.86
B   G   58    -59.41   162.96    55.02    81.43  -131.15   -80.58  -160.67
B   A   59    -49.34  -157.92    69.23   147.46   -82.80  -172.65   -79.99
B   U   60     75.24  -159.30    72.18    81.02  -127.74   -66.07  -161.88
B   U   61    -61.34  -174.96    60.88   144.88  -101.23  -122.73  -117.91
B   C   62     32.14   119.24   -28.19    83.08  -143.50   -76.50  -160.81
B   C   63    -66.80   162.65    64.62    81.50  -150.50   -71.05  -159.71
B   G   64    -72.28  -177.90    53.69    80.09  -151.33   -76.41  -162.97
B   C   65    -67.06   166.33    62.81    80.63  -162.43   -77.38  -159.51
B   C   66    165.63  -150.73   158.90    81.56  -148.50   -68.88  -170.73
B   C   67    -68.92  -167.79    44.83    78.67  -143.56   -73.87  -161.81
B   C   68    -66.35   169.70    63.13    80.84  -148.99   -78.27  -158.31
B   U   69    -68.68   164.73    62.30    81.33  -145.00   -71.80  -158.11
B   G   70    -80.48   174.99    55.19    73.61    63.42    73.43  -157.23
B   G   71     68.40  -161.69   170.88    81.87  -155.22   -85.46  -154.96
B   C   72    -55.29   156.19    63.42    82.69  -154.46   -58.40  -163.41
B   C   73    159.42  -163.89   171.24    81.63   -90.86  -125.82  -156.17
B   C   74     79.98  -111.16  -161.34    80.14  -105.59   -87.06  -162.09
B   A   75     92.76   -97.97  -103.57    87.32   -44.49  -159.91  -165.18
B   C   76     26.84   105.51    75.57    79.28   -95.82  -130.24  -162.34
B   C   77     94.20   -91.73  -167.38    81.92 -9999.99 -9999.99  -169.44
