The backbone torsional angle for nucleic acid 

 
Note: alpha:   O3'(i-1)-P-O5'-C5'
      beta:    P-O5'-C5'-C4'
      gamma:   O5'-C5'-C4'-C3'
      delta:   C5'-C4'-C3'-O3'
      epsilon: C4'-C3'-O3'-P(i+1)
      zeta:    C3'-O3'-P(i+1)-O5'(i+1)

      chi for pyrimidines(Y): O4'-C1'-N1-C2
          chi for purines(R): O4'-C1'-N9-C4

    (The number -9999.99 means that the angle can not be calculated) 

Ch Res  Num    alpha    beta     gamma    delta  epsilon    zeta     chi
N   G    0  -9999.99   111.78    85.02    82.14  -159.79   -57.68  -157.81
N   G    1    158.84  -151.49   162.47    82.21  -146.04   -74.15  -172.18
N   C    2    -52.90   173.79    45.50    78.50  -153.69   -70.84  -159.07
N   C    3    -52.20   170.55    52.62    80.34  -150.88   -84.73  -160.09
N   C    4    113.92  -166.09  -145.83    89.19  -131.24   -71.57  -171.94
N   G    5    -53.98   169.95    53.79    80.17  -151.70   -88.59  -163.53
N   G    6    105.56  -153.46  -135.16    87.75  -149.09   -64.59  -178.10
N   A    7   -177.98  -177.32   165.03   150.33   -90.85   -48.44  -147.24
N   U    8    -58.33  -151.92    60.52    80.52  -134.67   -68.86  -154.96
N   A    9    -55.28  -142.96    41.97   141.30   -96.48   -78.70   -88.90
N   G   10    172.86   167.26    54.88    87.13  -137.49   -81.17   176.84
N   C   11    -54.16   167.50    47.30    80.25  -141.36   -74.14  -170.85
N   U   12    -57.62   166.10    54.09    77.62  -166.56   -77.47  -166.51
N   C   13    153.26  -162.45  -176.85    83.52  -132.30   -76.56  -172.58
N   A   14    -58.95   161.51    56.42    79.35  -136.24   169.95  -167.61
N   G   15    -24.15   147.76    25.12   139.97  -113.68   -78.74   -99.46
N   U   16    -58.14  -166.18   162.71   145.99   -94.46   -58.13  -135.35
N   C   17    -59.15  -109.83    43.79   141.17   -95.82   -67.84   -34.44
N   G   18    -50.65   158.34  -171.03   142.95   -80.98  -160.65  -124.76
N   G   19     83.00   149.34    23.79   141.20   -90.26   172.50    85.65
N   U   20    -45.74   172.26    43.93   144.91   -76.18   145.45    -8.65
N   A   21    -60.62  -148.41    50.22   147.79  -100.16    82.55     2.49
N   G   22     57.01   171.47  -175.13    79.17  -157.49   -48.20  -160.14
N   A   23   -145.55   157.80   147.90    79.16  -137.38   -85.54  -173.58
N   G   24    -54.43   159.64    51.33    79.91  -145.81   -70.93  -165.87
N   C   25    -56.99   169.17    53.14    79.45  -132.79   -65.93  -169.49
N   A   26    -68.80   157.98    64.14    80.73  -143.38   -66.75  -165.04
N   U   27    -70.85   171.51    60.97    78.94  -139.57   -77.21  -162.03
N   C   28    -57.68   168.21    48.91    78.27  -156.72   -68.87  -155.61
N   A   29    -55.42   177.61    45.56    79.22  -178.40   -65.47  -154.03
N   G   30   -159.71  -160.20   127.22    81.63  -125.88   -79.41  -170.66
N   A   31    -57.12   159.86    53.28    79.90  -141.43   -71.14  -160.56
N   C   32    -60.81   165.19    53.33    79.23  -153.74   -79.01  -155.37
N   U   33    -49.63   174.69    57.63   145.60  -168.42  -105.12  -120.56
N   U   34   -141.42   151.83    51.56   146.02  -128.95   -96.42  -133.69
N   U   35    -68.82  -165.47    60.70   145.23  -113.01   173.49  -144.59
N   U   36     93.52   163.08    23.32   142.14  -131.76   -47.97   118.22
N   A   37    153.17  -133.76   177.08    80.86  -152.35   -81.70   177.07
N   A   38    -55.15   171.67    58.63    82.82  -144.47   -65.55  -168.03
N   U   39    -73.22   168.70    62.20    79.24  -138.58   -85.17  -161.29
N   C   40    -61.32   159.89    56.58    80.76  -149.17   -70.84  -158.91
N   U   41    -61.52   167.77    52.97    78.29  -142.49   -73.28  -161.46
N   G   42    -61.03   156.95    67.83    77.39  -157.78   -70.02  -166.60
N   A   43    -76.08   169.54    72.21    79.21  -145.73   -82.89  -163.75
N   G   44    -58.41   166.52    54.22    82.06  -136.80   -65.43  -157.10
N   G   45    -66.29   173.34    54.17    80.88  -130.81   -70.89  -159.93
N   G   46    -63.18  -130.54    46.22   146.00   -76.92  -156.91   -64.24
N   U   47    -69.64   134.56    73.13    93.13  -117.28   144.15  -176.89
N   C   48    -91.56   127.77    55.11   134.05  -128.47    74.34  -123.07
N   C   49     54.70   152.88    34.11    78.98  -166.39   -70.11  -170.32
N   A   50   -157.30  -163.88   126.13    79.24  -118.56   -89.20  -176.44
N   G   51    -47.18   156.38    43.89    74.06  -147.96   -79.70  -167.53
N   G   52    -54.71   162.31    59.50    76.93  -151.21   -75.26  -169.02
N   G   53    -43.90   169.74    48.73    78.19  -166.26   -51.49  -163.01
N   U   54   -149.76   177.15   126.39    80.53  -142.30   -79.72  -168.59
N   U   55    -50.06  -178.68    45.55    78.22   162.30    36.68  -161.51
N   C   56     77.03   160.01    50.41   145.88  -108.46  -164.75  -123.03
N   A   57    -45.89   132.01   -55.88   153.04   -89.44   -60.42    62.59
N   A   58    -43.21  -142.36   -47.46    81.87  -176.13   -87.94   -72.38
N   G   59   -179.78  -150.73  -156.10   146.71    53.44    94.43    68.32
N   U   60     43.63   171.36    37.99   140.90   -95.65   -75.46  -121.15
N   C   61    -46.47  -159.37    65.48    80.90  -154.48   -73.99  -167.84
N   C   62    -58.89   173.86    55.13    80.31  -154.11   -69.67  -163.93
N   C   63    -65.63   178.77    53.40    79.45  -149.42   -72.48  -157.97
N   U   64    -60.90   167.32    55.49    78.06  -148.71   -73.35  -160.04
N   G   65    -62.59   172.70    53.56    80.51  -146.21   -72.45  -165.50
N   U   66    -55.90   175.86    46.25    80.21  -136.84   -72.75  -163.54
N   U   67    -64.37   162.70    55.43    79.46  -162.58   -75.20  -165.21
N   C   68    -64.43   179.15    48.49    77.14  -145.64   -66.23  -161.59
N   G   69    -75.81   164.99    73.79    73.70  -154.65   -75.10  -172.43
N   G   70    -61.04   178.39    50.81    79.55  -149.44   -71.60  -169.43
N   G   71    -62.74   169.59    60.01    78.87  -158.71   -71.27  -168.67
N   C   72    -59.72   178.63    54.03    80.63  -165.68   -70.95  -158.06
N   G   73    178.91  -140.40   139.37    86.44   173.73   -88.51  -155.45
N   C   74    -49.54   173.18    76.35   145.46   -94.53    98.89    38.65
N   C   75   -176.66   156.63    83.86    80.42  -140.78  -128.91    95.34
N   A   76     31.87   130.57    -6.08    84.17 -9999.99 -9999.99    95.96
