The backbone torsional angle for nucleic acid 

 
Note: alpha:   O3'(i-1)-P-O5'-C5'
      beta:    P-O5'-C5'-C4'
      gamma:   O5'-C5'-C4'-C3'
      delta:   C5'-C4'-C3'-O3'
      epsilon: C4'-C3'-O3'-P(i+1)
      zeta:    C3'-O3'-P(i+1)-O5'(i+1)

      chi for pyrimidines(Y): O4'-C1'-N1-C2
          chi for purines(R): O4'-C1'-N9-C4

    (The number -9999.99 means that the angle can not be calculated) 

Ch Res  Num    alpha    beta     gamma    delta  epsilon    zeta     chi
6   G    1  -9999.99  -111.45    68.01    83.64  -164.86   -75.61  -158.59
6   C    2    -67.73   170.76    59.63    82.61  -140.57   -80.07  -149.82
6   C    3    -55.01   168.97    47.20    81.23  -138.51   -81.61  -157.98
6   C    4    -65.49   161.46    57.60    79.07  -149.98   -68.84  -167.65
6   G    5    -69.67   176.60    56.07    77.54  -168.64   -36.08  -158.28
6   G    6   -146.54   149.13   152.89    82.14  -147.56   -61.59   178.90
6   A    7    -75.56  -153.32    52.34   152.32   -94.98   -53.38  -120.90
6   U    8    -78.02  -154.41    50.68    81.10  -142.80  -130.68  -167.64
6   A    9    -64.09  -157.06    58.82   143.15  -102.14   -79.33   -70.63
6   G   10   -170.46   159.11    54.46    84.71  -135.71   -75.51   178.95
6   C   11    -69.61   176.57    55.39    81.31  -153.98   -68.07  -147.86
6   U   12    -78.34  -170.85    51.21    80.29  -168.39   -50.19   179.72
6   C   13    168.14  -168.36   172.13    82.47  -166.94   -73.51  -162.46
6   A   14    -90.63  -162.98    62.76    77.03  -161.19   -46.82  -167.05
6   G   15    -78.01  -149.16    38.37    81.69  -163.57   -92.24  -140.81
6   U   16    -45.32   149.24    57.91    80.55   -88.92  -144.94  -147.43
6   C   17    -72.03   164.49   -71.43    83.02   151.24    43.77  -153.44
6   G   18     78.75   171.80    48.40   143.70   -87.85   111.61   -79.35
6   G   19    131.38  -114.46   159.37   148.14   -60.86  -103.37  -110.84
6   U   20   -170.41    84.93   126.57    86.17  -100.48   106.13  -156.86
6   A   21   -124.96  -123.98    48.65    79.97  -146.05  -119.69  -123.21
6   G   22     75.24  -122.65  -136.30    82.65  -148.25   -79.32  -169.54
6   A   23    -76.57  -179.69    57.43    78.55  -149.23   -81.77  -169.62
6   G   24    -65.41   169.30    56.43    82.88  -147.03   -56.98  -161.55
6   C   25    -76.67   175.44    61.37    81.42  -158.47   -61.95  -161.04
6   A   26    -79.77  -176.31    59.03    82.65  -160.90   -46.20  -166.99
6   G   27    -89.00  -165.52    56.40    83.48  -156.02   -65.94  -164.17
6   G   28    -60.78  -178.34    44.02    79.99  -151.42   -38.30  -157.30
6   G   29   -130.15   123.40   151.45    82.47  -138.33   -65.65  -172.35
6   G   30    164.85  -173.30   166.82    79.83  -126.24   -81.19  -175.18
6   A   31    -51.04   161.02    48.74    79.62  -139.96   -56.37  -161.91
6   U   32    -59.86  -167.90    35.78    83.18  -162.50   -49.82  -142.62
6   U   33    -96.42  -164.06    63.61    81.28  -130.37   -46.77  -129.85
6   G   34   -160.69   124.43    39.53    83.49  -148.50   -65.68  -170.91
6   A   35   -107.77  -133.37    55.64   137.02    62.45    71.86  -119.20
6   A   36   -120.19  -139.78   -38.39    90.86   152.62   -68.75  -146.09
6   A   37    178.32  -131.16   140.17    79.54  -123.69   -62.31  -172.89
6   A   38    -57.30   166.63    48.22    79.29  -146.49   -61.74  -160.78
6   U   39    -60.21   175.25    47.99    81.40  -152.02   -74.68  -153.44
6   C   40    -68.21   172.08    55.20    78.51  -155.90   -56.31  -147.81
6   C   41    -65.80  -172.65    51.93    78.04  -153.83   -69.24  -157.09
6   C   42    -52.82   175.82    47.84    79.18  -166.29   -94.81  -159.17
6   C   43    168.55  -137.89   154.47    81.02  -122.94   -51.66  -168.12
6   G   44    -69.69  -106.09    19.89   150.75   -50.05    77.69   -66.13
6   U   45    176.05  -169.19    40.31    81.28   -72.31  -151.94   174.72
6   G   46      3.11   144.19    61.12   149.45  -123.56   -56.66  -103.41
6   U   47    -84.63   148.24   171.86    80.99  -158.87   141.39   179.70
6   C   48    -59.72  -172.11    63.96   146.29  -153.80    98.13  -135.15
6   C   49     34.10   174.94    50.09    81.41  -131.17   -87.26  -174.44
6   U   50    -52.82   163.46    47.76    78.82  -149.98   -60.82  -162.59
6   U   51    -57.43  -163.95    35.69    79.35  -177.48   -73.92  -166.15
6   G   52    164.32  -156.35   173.04    80.55  -146.27   -61.17  -166.31
6   G   53    160.40  -172.89   171.00    78.83  -129.13   -86.73  -167.45
6   U   54    -54.72   166.75    48.78    78.22  -142.72   -63.97  -148.91
6   U   55    -61.89   179.41    53.09    79.78  -124.63   -75.93  -155.45
6   C   56    170.46   178.19    53.64    80.78  -137.81   -61.59  -156.66
6   G   57    -67.66   170.48    54.87    81.18  -140.42   -68.31  -159.24
6   A   58    -36.45  -147.43    52.82   147.97  -132.58  -167.89   -84.30
6   U   59    131.43  -151.43    51.67    82.79  -156.33   -81.94  -141.94
6   U   60    174.98  -150.73   170.06   144.59  -125.78   -28.35  -122.85
6   C   61    -87.83  -172.22    27.99    80.33  -144.80   -71.96  -174.44
6   C   62    -71.65  -171.73    49.58    81.50  -165.99   -63.86  -161.14
6   G   63    -67.01  -170.17    45.46    79.14  -147.77   -69.25  -168.75
6   A   64    -66.20   178.70    49.28    76.27  -145.59   -69.73  -154.64
6   G   65    -69.52   151.23    88.69    74.86  -127.06   -90.46  -178.76
6   U   66    -51.64   168.36    43.33    77.78  -169.27   -52.93  -157.21
6   C   67    160.35  -168.16   175.77    82.49  -134.42   -85.00  -165.19
6   C   68    -62.10   174.81    47.72    78.19  -140.64   -83.90  -160.69
6   G   69    -52.14   171.47    42.03    78.15  -147.01   -80.84  -151.53
6   G   70    -49.72   159.69    53.32    78.44  -152.42   -62.69  -168.14
6   G   71    -54.39  -167.40    30.61    79.65  -167.15   -67.78  -153.87
6   C   72    174.95  -173.06   160.01    84.10  -138.27   -57.31  -170.36
6   A   73    -95.54  -170.73    60.34    80.48  -157.31   -60.44  -168.19
6   C   74    -88.83  -169.49    69.74    82.48   179.28   -10.15  -162.90
6   C   75   -117.78  -160.50    69.82    79.09  -115.19  -104.06    33.18
6   A   76    121.91   104.44   176.48   130.53 -9999.99 -9999.99   -84.70
