The backbone torsional angle for nucleic acid 

 
Note: alpha:   O3'(i-1)-P-O5'-C5'
      beta:    P-O5'-C5'-C4'
      gamma:   O5'-C5'-C4'-C3'
      delta:   C5'-C4'-C3'-O3'
      epsilon: C4'-C3'-O3'-P(i+1)
      zeta:    C3'-O3'-P(i+1)-O5'(i+1)

      chi for pyrimidines(Y): O4'-C1'-N1-C2
          chi for purines(R): O4'-C1'-N9-C4

    (The number -9999.99 means that the angle can not be calculated) 

Ch Res  Num    alpha    beta     gamma    delta  epsilon    zeta     chi
F   G    1  -9999.99  -116.97    75.98    88.22  -166.62   -57.60  -169.30
F   C    2    -87.48  -164.23    69.15    80.11  -159.22   -63.54  -173.81
F   G    3    -88.76  -178.25    70.05    79.25  -159.31   -73.28  -176.15
F   G    4    -73.38   178.29    58.47    79.17  -142.84   -78.25  -165.41
F   A    5     59.01  -144.10   -91.19    98.32  -136.72   -64.71  -163.76
F   U    6    -59.86   165.57    45.62    77.83  -168.22   -88.22  -149.36
F   U    7    158.29  -142.09  -177.01   146.94  -101.91   -25.00  -155.69
F   U    8    -75.73  -163.19    58.56    81.27  -155.17  -102.24  -143.01
F   A    9    -85.61  -118.45    47.87   144.01   -88.46   -89.22   -56.14
F 2MG   10   -167.51   150.89    43.32    87.39  -153.32   -62.99   178.79
F   C   11    -76.23  -163.46    49.87    84.67  -146.24   -80.20  -158.02
F   U   12    -54.50   162.95    49.63    82.30  -158.15   -69.94  -179.68
F   C   13    161.21  -162.68   169.27    86.16  -155.44   -81.19   173.49
F   A   14     68.51  -170.76   -80.75    96.03  -155.87   -50.28  -164.83
F   G   15    -72.19   178.11    50.70    85.51  -163.63   -80.48  -162.42
F H2U   16    -69.36  -158.32    46.71   150.60  -161.10  -102.42  -107.48
F H2U   17    163.54   109.49    42.44   150.39   145.30    79.96   164.30
F   G   18    -36.42  -151.79    63.98   142.64  -144.65  -127.86  -110.92
F   G   19    -85.39  -163.68    62.31   108.71   -65.72    61.74   -98.71
F   G   20   -143.99  -155.22    62.05    95.27  -142.31   154.06   -74.05
F   A   21    -67.90   165.62    50.68    91.15  -140.53  -119.16  -131.05
F   G   22    -70.69   159.58    61.04    90.07   171.09   -79.64  -129.54
F   A   23    132.64  -179.42  -175.10    84.19  -127.73   -99.93  -155.26
F   G   24    -51.57   143.78    55.52    84.91  -160.97   -51.01  -170.97
F   C   25    -97.90  -153.06    50.78    86.04  -152.91  -108.34  -138.26
F M2G   26    124.16  -115.28  -174.99    84.49  -110.61   -67.91   153.85
F   C   27    -46.43   176.42    28.88    83.33  -133.04   -97.12  -149.47
F   C   28    -43.52   146.74    49.53    82.84  -173.55   -63.89  -167.86
F   A   29    159.07  -176.14   176.99    81.57  -116.63   -84.92   174.75
F   G   30    -60.25   151.54    55.72    77.63  -132.12   -85.89  -171.92
F   A   31     21.23  -164.25   -54.62   108.75  -150.38   -59.99  -155.44
F OMC   32    -68.94  -170.96    41.07    84.43  -154.99   -54.98  -162.48
F   U   33    -80.73  -159.19    52.26    85.39  -131.00   -58.93   176.94
F OMG   34    162.39   153.91    50.40    83.06  -122.98   -72.92  -177.07
F   A   35    -51.58   164.98    46.04    80.52  -151.04   -68.70  -169.71
F   A   36    -47.76   177.03    37.86    83.03  -143.35   -79.48  -164.40
F  YG   37    -57.61   152.51    51.01    84.30  -131.53   -74.83   179.99
F   A   38    -61.32   169.79    51.49    81.84  -136.94   -71.36   176.81
F PSU   39    -47.74   168.75    46.44    82.75  -165.90   -65.97 -9999.99
F 5MC   40    -71.40  -172.19    46.73    85.41  -160.99   -71.13  -148.51
F   U   41    -72.00  -173.05    52.10    86.69  -177.01   -67.54  -144.10
F   G   42    148.89  -165.82   178.76    83.74  -133.14   -80.61   174.99
F   G   43    -44.58   163.89    49.71    79.85  -148.67   -80.41  -167.33
F   A   44    -61.29   163.70    58.77    80.42  -139.58   -75.73  -162.16
F   G   45    -47.46   163.81    54.84    88.54  -139.95   -63.64  -152.41
F 7MG   46    -50.97  -152.95    48.31   134.65  -102.34   -76.19   -99.00
F   U   47    -64.18   152.52   175.19    91.89  -146.94    58.36   104.21
F   C   48     63.30   106.93    34.67   129.01  -139.99    52.14  -145.74
F 5MC   49     54.59   147.40    48.40    78.93  -149.52   -73.71   174.94
F   U   50    -81.91  -170.01    62.52    82.67  -150.42   -87.44   174.30
F   G   51    -62.77   170.03    62.02    88.87  -136.27   -78.39  -166.72
F   U   52    -67.72   154.32    66.69    79.60  -146.05   -80.53  -171.48
F   G   53    -62.86   164.80    66.66    79.66  -134.43   -68.72  -171.63
F 5MU   54    -67.15   169.84    54.95    82.20  -140.28   -57.88  -152.15
F PSU   55    -64.15  -174.73    39.31    79.66  -153.78   -34.24 -9999.99
F   C   56    179.54   126.67    52.61    80.36  -122.97   -69.34   174.01
F   G   57    -72.00   163.09    65.77    75.67  -128.80   -77.39  -173.95
F 1MA   58    -38.43  -159.03    63.22   148.84  -109.38  -164.24   -90.41
F   U   59    105.19  -157.89    56.50    84.63  -153.31   -59.74  -158.51
F   C   60    -60.56   172.62    59.65   147.66  -113.11   -64.46   -90.73
F   C   61    -99.64  -174.84    50.99    79.70  -157.22   -65.31  -171.07
F   A   62    -74.75  -171.43    49.52    79.45  -158.82   -61.88  -157.34
F   C   63    -57.38   175.45    51.77    81.70  -158.13   -74.39  -148.33
F   A   64    136.61  -156.78  -169.85    87.80  -149.58   -53.84  -173.03
F   G   65    153.76   159.32   179.70    87.34  -146.03   -61.38  -170.22
F   A   66    -70.71   179.69    56.82    81.50  -147.09   -90.65  -168.36
F   A   67    -57.81   160.59    50.98    79.19  -136.14   -87.35  -157.88
F   U   68    -57.29   158.40    50.63    80.43  -160.61   -63.90  -173.21
F   U   69    -72.26  -154.65    52.61    83.37  -166.99   -77.52  -153.72
F   C   70    -56.70   176.19    51.17    80.97  -158.32   -75.27  -157.07
F   G   71    151.82  -160.08  -179.52    79.68  -146.37   -60.47  -179.67
F   C   72    -63.52  -159.29    43.62    79.72  -145.99  -115.77  -152.21
F   A   73    121.58  -104.72  -171.28    87.25  -114.48  -117.84   163.85
F   C   74    131.12  -111.40   173.98    80.02 -9999.99 -9999.99   168.02
F   A   76  -9999.99  -136.52  -175.28   136.95 -9999.99 -9999.99  -177.10
F   C   77  -9999.99   140.47    43.18    90.45 -9999.99 -9999.99  -137.51
