BEGIN_base-pair
     3_71, D:     3 C-G    70 D: +/+ cis         XIX
     4_70, D:     4 G-C    69 D: W/W cis         n/a
     5_69, D:     5 G-C    68 D: W/W cis         n/a
     6_65, D:     6 G-G    64 D: W/W tran        III
    11_25, D:    11 A-U    24 D: W/W cis         n/a
    12_24, D:    12 G-C    23 D: W/W cis         n/a
    13_23, D:    13 C-G    22 D: +/+ cis         XIX
    13_23,-
3_71_4_70_5_69_6_65_11_25_12_24_13_23_0, click this line to see above pattern
0_0,---------
    31_41, D:    30 G-C    40 D: +/+ cis         XIX
    31_42, D:    30 G-C    41 D: W/W cis         n/a
    32_40, D:    31 G-C    39 D: W/W cis         n/a
    32_41, D:    31 G-C    40 D: W/S cis         n/a
    51_66, D:    50 U-C    65 D: W/W cis         XVIII
    52_64, D:    51 C-G    63 D: +/+ cis         XIX
    52_64,-
31_41_31_42_32_40_32_41_51_66_52_64_0, click this line to see above pattern
0_0,---------
    52_64, D:    51 C-G    63 D: +/+ cis         XIX
    53_63, D:    52 G-C    62 D: W/W cis         n/a
    54_62, D:    53 G-C    61 D: W/W cis         n/a
    56_58, D:    55 P-A    57 D: S/S tran        n/a
    59_62, D:    58 A-C    61 D: H/H tran        n/a
    59_62,-
52_64_53_63_54_62_56_58_59_62_0, click this line to see above pattern
0_0,---------
    13_23, D:    13 C-G    22 D: +/+ cis         XIX
    15_49, D:    15 G-C    48 D: W/W tran        XXII
    20_57, D:    19 G-C    56 D: W/W cis         n/a
    23_47, D:    22 G-G    46 D: H/W tran     syn  VII
    27_45, D:    26 G-A    44 D: W/W cis         VIII
    28_44, D:    27 U-A    43 D: -/- cis         XX
    28_44,-
13_23_15_49_20_57_23_47_27_45_28_44_0, click this line to see above pattern
0_0,---------
END_base-pair
