PDB data file name: ./Datasets/pdb_select_tRNA_NoCopie/6boh_D.pdb_new
uncommon residue 4SU    8  on chain D [#8] assigned to: u
uncommon residue 5MC   32  on chain D [#33] assigned to: c
uncommon residue 5MU   54  on chain D [#55] assigned to: u
uncommon residue PSU   55  on chain D [#56] assigned to: P
-----------------------------------------------------------
CRITERIA USED TO GENERATE BASE-PAIR: 
  3.40 --> upper H-bond length limits (ON..ON).
 26.00 --> max. distance between paired base origins.
  2.50 --> max. vertical distance between paired base origins.
 65.00 --> max. angle between paired bases [0-90].
  5.40 --> min. distance between RN9/YN1 atoms.
  8.00 --> max. distance criterion for helix break[0-12]
-----------------------------------------------------------
BASE-PAIR INSTRUCTIONS: 
Column 1 is rnaview assigned base numbers n1_n2, start from 1.
Column 2 & 3 are chain ID & residue number in input PDB file.
Column 4 is for base pair. The left & right are the bases as 
         identified by column 2 & 3 and 5 & 6.
Column 5 & 6 are residue number & chain ID in input PDB file.
Column 7 is for base pair annotation. The standard Watson-Crick
         (W.C.) pairs are annotated as -/- (AU,AT) or +/+ (GC).
         Other pairs are annotated as Leontis_Westhof Classification.
         The three edges: W(Watson-Crick); H(Hoogsteen); S(suger).
         e.g. W/H means the pair is edge of Watson-Crick & Hoogsteen.
Column 8 is glycosidic bond orientation (either cis or trans).
         e.g. 'W/H cis' means the pair is interaction on Watson-Crick
         and Hoogsteen side, glycosidic bond orientation is 'cis'.
Column 9 corresponds to Saenger Classification.

Other columns: 
        Syn sugar-base conformations are annotated as (syn).
        Stacked base pairs are annotated as (stack).
        Non-identified edges are annotated as (.) or (?)
        Tertiary interactions are marked by (!) in the line.
Reference:
Yang et al (2003) Nucleic Acids Research, Vol31,No13,p3450-3461.
-----------------------------------------------------------
BEGIN_base-pair
     1_73, D:     1 C-A    72 D: W/W cis         n/a
     1_74, D:     1 C-A    73 D: W/W cis         n/a
     2_72, D:     2 G-C    71 D: W/W cis         n/a
     3_71, D:     3 C-G    70 D: +/+ cis         XIX
      4_5, D:     4 G-G     5 D:      stacked
     4_70, D:     4 G-C    69 D: W/W cis         n/a
      5_7, D:     5 G-G     7 D:      stacked
     5_69, D:     5 G-C    68 D: W/W cis         n/a
     6_65, D:     6 G-G    64 D: W/W tran        III
     7_69, D:     7 G-C    68 D:      stacked
     8_14, D:     8 u-A    14 D: ./H tran        n/a
     9_47, D:     9 G-G    46 D:   syn  stacked
    11_25, D:    11 A-U    24 D: W/W cis         n/a
    11_26, D:    11 A-C    25 D:      stacked
    12_24, D:    12 G-C    23 D: W/W cis         n/a
    13_23, D:    13 C-G    22 D: +/+ cis         XIX
    15_49, D:    15 G-C    48 D: W/W tran        XXII
    17_18, D:    17 C-U    17 D:      stacked
    20_57, D:    19 G-C    56 D: W/W cis         n/a
    23_47, D:    22 G-G    46 D: H/W tran     syn  VII
    27_45, D:    26 G-A    44 D: W/W cis         VIII
    28_44, D:    27 U-A    43 D: -/- cis         XX
    29_43, D:    28 C-G    42 D: +/+ cis         XIX
    31_32, D:    30 G-G    31 D:      stacked
    31_41, D:    30 G-C    40 D: +/+ cis         XIX
    31_42, D:    30 G-C    41 D: W/W cis         n/a
    32_33, D:    31 G-c    32 D:      stacked
    32_40, D:    31 G-C    39 D: W/W cis         n/a
    32_41, D:    31 G-C    40 D: W/S cis         n/a
    51_66, D:    50 U-C    65 D: W/W cis         XVIII
    52_64, D:    51 C-G    63 D: +/+ cis         XIX
    53_63, D:    52 G-C    62 D: W/W cis         n/a
    54_62, D:    53 G-C    61 D: W/W cis         n/a
    56_58, D:    55 P-A    57 D: S/S tran        n/a
    59_62, D:    58 A-C    61 D: H/H tran        n/a
    67_68, D:    66 C-C    67 D:      stacked
    10_26, D:    10 G-C    25 D: W/W cis         !1H(b_b).
    10_46, D:    10 G-G    45 D: H/S cis         !1H(b_b)
    51_65, D:    50 U-G    64 D: W/W cis         !1H(b_b).
    52_65, D:    51 C-G    64 D: W/W cis         !1H(b_b).
    55_62, D:    54 u-C    61 D: S/W cis         !1H(b_b)
     7_68, D:     7 G-C    67 D: W/S cis         !(b_s)
    22_47, D:    21 A-G    46 D: S/H cis      syn  !(b_s)
    34_38, D:    33 U-A    37 D: S/H tran        !(b_s)
    50_67, D:    49 G-C    66 D: W/S cis         !(b_s)
     9_11, D:     9 G-A    11 D: S/H cis         !(s_s)
     9_24, D:     9 G-C    23 D: H/H tran        !(s_s)
    22_23, D:    21 A-G    22 D: S/? tran        !(s_s)
    22_49, D:    21 A-C    48 D: S/W cis         !(s_s)
    23_60, D:    22 G-A    59 D: ?/W tran        !(s_s)
    48_51, D:    47 U-U    50 D: S/. tran        !(s_s)
    61_62, D:    60 U-C    61 D: S/H cis         !(s_s)
    68_69, D:    67 C-C    68 D: S/S cis         !(s_s)
END_base-pair

Summary of triplets and higher multiplets
BEGIN_multiplets
13_23_47_| [1 3]  D: 13 C  +  D: 22 G  +  D: 46 G
31_32_41_| [2 3]  D: 30 G  +  D: 31 G  +  D: 40 C
54_59_62_| [3 3]  D: 53 G  +  D: 58 A  +  D: 61 C
END_multiplets

  The total base pairs =  27 (from   77 bases)
------------------------------------------------
 Standard  WW--cis  WW-tran  HH--cis  HH-tran  SS--cis  SS-tran
        6       14        2        0        1        0        1
  WH--cis  WH-tran  WS--cis  WS-tran  HS--cis  HS-tran
        0        1        1        0        0        0
Single-bond  Bifurcated 
        0        1
------------------------------------------------
