PDB data file name: ./Datasets/pdb_select_tRNA/5wwt_D.pdb_new
-----------------------------------------------------------
CRITERIA USED TO GENERATE BASE-PAIR: 
  3.40 --> upper H-bond length limits (ON..ON).
 26.00 --> max. distance between paired base origins.
  2.50 --> max. vertical distance between paired base origins.
 65.00 --> max. angle between paired bases [0-90].
  5.40 --> min. distance between RN9/YN1 atoms.
  8.00 --> max. distance criterion for helix break[0-12]
-----------------------------------------------------------
BASE-PAIR INSTRUCTIONS: 
Column 1 is rnaview assigned base numbers n1_n2, start from 1.
Column 2 & 3 are chain ID & residue number in input PDB file.
Column 4 is for base pair. The left & right are the bases as 
         identified by column 2 & 3 and 5 & 6.
Column 5 & 6 are residue number & chain ID in input PDB file.
Column 7 is for base pair annotation. The standard Watson-Crick
         (W.C.) pairs are annotated as -/- (AU,AT) or +/+ (GC).
         Other pairs are annotated as Leontis_Westhof Classification.
         The three edges: W(Watson-Crick); H(Hoogsteen); S(suger).
         e.g. W/H means the pair is edge of Watson-Crick & Hoogsteen.
Column 8 is glycosidic bond orientation (either cis or trans).
         e.g. 'W/H cis' means the pair is interaction on Watson-Crick
         and Hoogsteen side, glycosidic bond orientation is 'cis'.
Column 9 corresponds to Saenger Classification.

Other columns: 
        Syn sugar-base conformations are annotated as (syn).
        Stacked base pairs are annotated as (stack).
        Non-identified edges are annotated as (.) or (?)
        Tertiary interactions are marked by (!) in the line.
Reference:
Yang et al (2003) Nucleic Acids Research, Vol31,No13,p3450-3461.
-----------------------------------------------------------
BEGIN_base-pair
     6_61, D:     7 A-U    66 D: -/- cis         XX
    29_34, D:    31 A-U    39 D: -/- cis         XX
    10_22, D:    11 C-G    24 D: +/+ cis         XIX
    12_20, D:    13 C-G    22 D: +/+ cis         XIX
    30_32, D:    32 C-G    37 D: +/+ cis         XIX
    44_60, D:    49 C-G    65 D: +/+ cis         XIX
    45_59, D:    50 C-G    64 D: +/+ cis         XIX
     2_65, D:     3 G-C    70 D: +/+ cis         XIX
     3_64, D:     4 G-C    69 D: +/+ cis         XIX
     4_63, D:     5 G-C    68 D: +/+ cis         XIX
     9_23, D:    10 G-C    25 D: +/+ cis         XIX
    17_51, D:    19 G-C    56 D: +/+ cis    syn    XIX
    28_35, D:    30 G-C    40 D: +/+ cis         XIX
    47_57, D:    52 G-C    62 D: +/+ cis         XIX
    48_56, D:    53 G-C    61 D: +/+ cis         XIX
    11_21, D:    12 U-A    23 D: -/- cis         XX
    26_37, D:    28 U-A    42 D: -/- cis         XX
    27_36, D:    29 U-A    41 D: -/- cis         XX
    46_58, D:    51 U-A    63 D: -/- cis         XX
    25_39, D:    27 U-A    44 D: W/W cis         n/a
     5_62, D:     6 U-G    67 D: W/W cis         XXVIII
    14_43, D:    15 G-C    48 D: W/W tran        XXII
     7_13, D:     8 U-A    14 D: W/H tran        XXIV
    49_53, D:    54 U-A    58 D: W/H tran     syn  XXIV
    16_50, D:    18 G-U    55 D: W/S tran        n/a
    20_41, D:    22 G-G    46 D: H/W tran        VII
     8_21, D:     9 A-A    23 D: H/H tran   syn    II
    15_54, D:    16 G-A    59 D: S/S tran        n/a
END_base-pair

Summary of triplets and higher multiplets
BEGIN_multiplets
8_11_21_| [1 3]  D: 9 A  +  D: 12 U  +  D: 23 A
12_20_41_| [2 3]  D: 13 C  +  D: 22 G  +  D: 46 G
END_multiplets

  The total base pairs =  28 (from   71 bases)
------------------------------------------------
 Standard  WW--cis  WW-tran  HH--cis  HH-tran  SS--cis  SS-tran
       19        2        1        0        1        0        1
  WH--cis  WH-tran  WS--cis  WS-tran  HS--cis  HS-tran
        0        3        0        1        0        0
------------------------------------------------
