The backbone torsional angle for nucleic acid 

 
Note: alpha:   O3'(i-1)-P-O5'-C5'
      beta:    P-O5'-C5'-C4'
      gamma:   O5'-C5'-C4'-C3'
      delta:   C5'-C4'-C3'-O3'
      epsilon: C4'-C3'-O3'-P(i+1)
      zeta:    C3'-O3'-P(i+1)-O5'(i+1)

      chi for pyrimidines(Y): O4'-C1'-N1-C2
          chi for purines(R): O4'-C1'-N9-C4

    (The number -9999.99 means that the angle can not be calculated) 

Ch Res  Num    alpha    beta     gamma    delta  epsilon    zeta     chi
D   A    2  -9999.99   110.38    82.92    84.34   170.02   -86.86    63.68
D   G    3    161.88  -143.62   -91.66    79.09  -150.45   -70.66  -171.86
D   G    4    -67.62   170.48    65.32    79.19  -154.64   -71.60  -168.50
D   G    5    -65.97   172.08    60.17    80.21  -144.71   -67.84  -170.35
D   U    6    -66.15   165.86    64.21    81.35  -150.54   -84.11  -161.52
D   A    7    -55.74   174.77    63.65   146.54   -87.65   -99.63  -121.20
D   U    8     46.67   135.18   -19.18    84.19  -156.37  -151.58  -158.18
D   A    9     71.78   132.40   -24.33   150.46   -99.81   -82.15   -76.32
D   G   10   -173.49   149.50    56.46    84.98  -134.83   -78.48   176.60
D   C   11    -58.98   173.43    49.80    81.09  -144.84   -68.47  -165.34
D   U   12    -59.39  -179.91    44.10    79.87  -157.07   -69.11  -157.33
D   C   13    136.77  -156.28  -163.38    79.73  -173.50   -75.85  -158.91
D   A   14    168.72  -173.79   173.92    81.61  -116.80   -70.89  -179.66
D   G   15    -47.60   149.21    61.93    80.77  -115.78  -106.19  -157.68
D   G   16    -40.41   133.59    51.00    81.76  -178.26   -84.36  -143.93
D   G   18    174.17   169.20   -66.31   146.60  -102.35  -158.51  -104.39
D   G   19    -74.79   169.80    59.48   150.84   -60.42  -134.13   -80.59
D   U   20     45.25   144.84  -123.05   148.08   -75.69  -100.61    46.07
D   A   21     53.21  -165.46    51.09   147.60  -117.27  -178.56   -88.19
D   G   22     59.61  -155.30  -162.32    81.15  -152.81   -86.45  -171.74
D   A   23    -61.75   171.89    56.24    81.56  -150.50   -73.36  -161.28
D   G   24    -70.22   174.65    53.62    81.30  -142.95   -67.53  -165.34
D   C   25    -66.45   169.13    57.57    78.82  -147.14   -68.48  -158.71
D   A   26    -64.73   167.61    59.36    80.49  -133.78   -71.35  -170.58
D   U   27    -61.04   165.53    56.77    80.25  -147.50   -65.23  -158.34
D   U   28    -69.78  -172.59    46.93    81.50  -146.65   -81.28  -157.65
D   U   29    -54.51   163.35    51.96    79.74  -150.50   -74.98  -161.92
D   G   30    -60.06   172.72    48.87    79.81  -150.21   -68.09  -172.49
D   A   31    -99.69   155.18   102.64    78.96  -133.26   -69.56   175.83
D   C   32    -51.54   176.67    41.03    80.90 -9999.99 -9999.99  -159.20
D   A   36  -9999.99  -139.70    83.11    80.91  -143.29   -79.23  -148.94
D   G   37    -46.91   168.23    64.80   146.89   -85.50  -124.30  -114.58
D   A   38     51.48  -168.78    68.05   148.01  -102.32   -68.13  -113.23
D   U   39    -57.39  -148.92    51.42    80.86  -147.34   -79.86  -166.07
D   C   40    -59.68   170.18    50.75    80.79  -144.02   -65.32  -159.26
D   A   41   -103.43   147.26   107.94    79.60  -126.19   -94.37  -179.19
D   A   42    -40.08   152.96    39.48    82.60  -146.00   -85.17  -165.32
D   G   43    -48.97  -179.95    52.33   141.54  -170.94  -117.99    72.37
D   A   44    -53.49   156.89    44.60    76.47  -132.35   -97.23  -121.32
D   G   45     54.31   140.96   -39.23   147.37   -95.37  -153.57   115.95
D   G   46    -61.62   155.28    23.72    81.69  -127.02  -148.06  -100.88
D   U   47     20.45   112.41  -179.19   148.16  -156.02    58.81    -5.76
D   C   48    -95.21  -122.58    85.10   145.54  -150.69    63.74  -131.20
D   C   49     49.85   146.57    41.39    80.83  -147.16   -72.28  -164.52
D   C   50    -67.52  -176.63    50.17    81.16  -145.99   -69.75  -162.84
D   U   51    -66.09   168.76    58.01    78.64  -143.34   -77.24  -160.64
D   G   52    -71.85   157.39    67.50    80.06  -155.89   -70.57  -172.18
D   G   53    -66.19  -178.01    53.34    81.09  -147.27   -77.44  -169.45
D   U   54    -58.26   171.56    50.11    80.98  -124.69   -67.83  -160.66
D   U   55    -55.79   166.85    52.05    79.44  -138.25   -66.50  -153.37
D   C   56    176.26   163.70    45.47    81.78  -134.46   -68.16  -167.44
D   A   57    -60.70   164.32    54.61    79.41  -134.80   -73.62  -164.84
D   A   58    -44.95  -149.82    58.33   145.79  -124.64  -130.68   -83.60
D   A   59   -138.66   117.50     0.53    84.44  -145.87   -74.20  -164.28
D   U   60    -61.10   176.51    63.70   145.31  -100.48   -70.09  -107.57
D   C   61    -90.03   176.04    43.02    80.02  -145.49   -73.69  -167.37
D   C   62    -62.27   175.85    53.10    80.04  -142.33   -82.13  -160.75
D   A   63    -64.97   167.28    54.88    80.33  -145.56   -80.86  -165.02
D   G   64    -60.94   160.79    56.78    80.43  -150.12   -68.94  -168.42
D   G   65    -61.24   177.11    49.57    80.05  -139.80   -79.45  -167.18
D   U   66    -54.37   162.24    51.22    79.42  -147.51   -82.30  -163.02
D   G   67    -58.32   166.93    49.77    79.81  -143.34   -75.53  -164.10
D   C   68    -60.08   168.19    52.23    79.75  -145.17   -74.19  -160.16
D   C   69    -58.96   165.55    58.74    79.30  -154.42   -71.89  -162.78
D   C   70    -65.29  -177.18    48.60    81.02  -123.69   117.63  -161.94
D   U   71   -146.61  -158.95    73.12    84.86    31.41   157.21   147.00
D   C   72     42.22   -71.04  -136.12    82.24  -130.02   164.76   116.01
D   U   73    -62.77   110.84   152.09   147.10  -144.35  -108.79  -149.71
D   C   74   -134.34  -127.11    50.78   139.16  -107.39   145.55  -147.21
D   C   75    -75.84  -163.58    55.69   145.70  -136.71   113.97  -132.84
D   A   76     -1.26  -138.57  -130.52   145.68 -9999.99 -9999.99    77.35
