BEGIN_base-pair
    13_21, S:    14 C-G    22 S: +/+ cis         XIX
    19_58, S:    20 A-A    59 S: H/H cis    syn    n/a
    21_45, S:    22 G-G    46 S: H/W tran     syn  VII
    25_43, S:    26 G-A    44 S: W/W cis         VIII
    26_42, S:    27 C-G    43 S: +/+ cis         XIX
    26_42,-
13_21_19_58_21_45_25_43_26_42_0, click this line to see above pattern
0_0,---------
    50_62, S:    51 U-A    63 S: -/- cis         XX
    51_61, S:    52 G-C    62 S: W/W cis         n/a
    52_61, S:    53 G-C    62 S: W/W cis         n/a
    53_60, S:    54 A-C    61 S: W/W cis    syn    n/a
    57_59, S:    58 A-A    60 S: S/H tran   syn    n/a
    57_59,-
50_62_51_61_52_61_53_60_57_59_0, click this line to see above pattern
0_0,---------
     7_65, S:     8 G-C    66 S: +/+ cis         XIX
     7_66, S:     8 G-U    67 S: W/W cis         XXVIII
     8_20, S:     9 U-A    21 S: W/W tran        XXI
     9_11, S:    10 G-C    12 S: H/H cis         n/a
    10_24, S:    11 G-U    25 S: W/W cis         XXVIII
    11_23, S:    12 C-G    24 S: +/+ cis         XIX
    11_23,-
7_65_7_66_8_20_9_11_10_24_11_23_0, click this line to see above pattern
0_0,---------
END_base-pair
