PDB data file name: ./Datasets/pdb_select_tRNA/3j0l_V.pdb_new
-----------------------------------------------------------
CRITERIA USED TO GENERATE BASE-PAIR: 
  3.40 --> upper H-bond length limits (ON..ON).
 26.00 --> max. distance between paired base origins.
  2.50 --> max. vertical distance between paired base origins.
 65.00 --> max. angle between paired bases [0-90].
  5.40 --> min. distance between RN9/YN1 atoms.
  8.00 --> max. distance criterion for helix break[0-12]
-----------------------------------------------------------
BASE-PAIR INSTRUCTIONS: 
Column 1 is rnaview assigned base numbers n1_n2, start from 1.
Column 2 & 3 are chain ID & residue number in input PDB file.
Column 4 is for base pair. The left & right are the bases as 
         identified by column 2 & 3 and 5 & 6.
Column 5 & 6 are residue number & chain ID in input PDB file.
Column 7 is for base pair annotation. The standard Watson-Crick
         (W.C.) pairs are annotated as -/- (AU,AT) or +/+ (GC).
         Other pairs are annotated as Leontis_Westhof Classification.
         The three edges: W(Watson-Crick); H(Hoogsteen); S(suger).
         e.g. W/H means the pair is edge of Watson-Crick & Hoogsteen.
Column 8 is glycosidic bond orientation (either cis or trans).
         e.g. 'W/H cis' means the pair is interaction on Watson-Crick
         and Hoogsteen side, glycosidic bond orientation is 'cis'.
Column 9 corresponds to Saenger Classification.

Other columns: 
        Syn sugar-base conformations are annotated as (syn).
        Stacked base pairs are annotated as (stack).
        Non-identified edges are annotated as (.) or (?)
        Tertiary interactions are marked by (!) in the line.
Reference:
Yang et al (2003) Nucleic Acids Research, Vol31,No13,p3450-3461.
-----------------------------------------------------------
BEGIN_base-pair
     1_72, V:     1 G-C    72 V: +/+ cis         XIX
     2_71, V:     2 C-G    71 V: +/+ cis         XIX
     3_70, V:     3 C-G    70 V: +/+ cis         XIX
     4_69, V:     4 C-G    69 V: +/+ cis         XIX
      5_6, V:     5 G-G     6 V:      stacked
     5_68, V:     5 G-C    68 V: +/+ cis         XIX
     6_67, V:     6 G-C    67 V: +/+ cis         XIX
     7_49, V:     7 A-C    49 V:      stacked
     7_66, V:     7 A-U    66 V: -/- cis         XX
     8_14, V:     8 U-A    14 V:      stacked
     8_15, V:     8 U-G    15 V:      stacked
     9_23, V:     9 A-A    23 V: H/H tran   syn    II
    10_25, V:    10 G-C    25 V: +/+ cis         XIX
    11_12, V:    11 C-U    12 V:      stacked
    11_24, V:    11 C-G    24 V: +/+ cis         XIX
    12_23, V:    12 U-A    23 V: -/- cis         XX
    13_22, V:    13 C-G    22 V: +/+ cis         XIX
    14_21, V:    14 A-A    21 V: W/S cis         n/a
    15_48, V:    15 G-C    48 V: W/W tran        XXII
    16_59, V:    16 U-U    59 V: W/W tran        XII,XIII
    18_55, V:    18 G-U    55 V: W/S tran        n/a
    19_56, V:    19 G-C    56 V: +/+ cis         XIX
    22_46, V:    22 G-G    46 V: H/W tran        VII
    26_44, V:    26 A-G    44 V: W/W cis         VIII
    27_43, V:    27 G-C    43 V: +/+ cis         XIX
    28_42, V:    28 G-C    42 V: +/+ cis         XIX
    29_41, V:    29 G-C    41 V: +/+ cis         XIX
    30_40, V:    30 G-C    40 V: +/+ cis         XIX
    31_39, V:    31 A-U    39 V: -/- cis         XX
    32_38, V:    32 U-A    38 V: W/W cis         n/a
    41_42, V:    41 C-C    42 V:      stacked
    44_45, V:    44 G-U    45 V:      stacked
    49_65, V:    49 C-G    65 V: +/+ cis         XIX
    50_64, V:    50 U-A    64 V: -/- cis         XX
    50_65, V:    50 U-G    65 V:      stacked
    51_63, V:    51 U-G    63 V: W/W cis         XXVIII
    52_62, V:    52 G-C    62 V: +/+ cis         XIX
    53_61, V:    53 G-C    61 V: +/+ cis         XIX
    54_58, V:    54 U-A    58 V: W/H tran     syn  XXIV
    74_75, V:    74 C-C    75 V:      stacked
     2_72, V:     2 C-C    72 V: W/W cis         !1H(b_b).
     8_21, V:     8 U-A    21 V: S/W tran        !(b_s)
    16_19, V:    16 U-G    19 V: S/? tran        !(b_s)
    33_35, V:    33 U-A    35 V: S/S tran        !(s_s)
    33_36, V:    33 U-A    36 V: W/H tran        !(s_s)
    73_74, V:    73 A-C    74 V: S/S cis    syn    !(s_s)
END_base-pair

Summary of triplets and higher multiplets
BEGIN_multiplets
9_12_23_| [1 3]  V: 9 A  +  V: 12 U  +  V: 23 A
13_22_46_| [2 3]  V: 13 C  +  V: 22 G  +  V: 46 G
END_multiplets

  The total base pairs =  31 (from   75 bases)
------------------------------------------------
 Standard  WW--cis  WW-tran  HH--cis  HH-tran  SS--cis  SS-tran
       21        3        2        0        1        0        0
  WH--cis  WH-tran  WS--cis  WS-tran  HS--cis  HS-tran
        0        2        1        1        0        0
------------------------------------------------
