BEGIN_base-pair
    18_55, E:   918 G-C   956 E: +/+ cis         XIX
    20_59, E:   920 A-U   960 E: W/W cis         n/a
    22_46, E:   922 U-A   947 E: H/W tran        XXIV
    27_43, E:   927 C-G   943 E: +/+ cis         XIX
    27_43,-
18_55_20_59_22_46_27_43_0, click this line to see above pattern
0_0,---------
    11_24, E:   911 G-C   924 E: +/+ cis         XIX
    15_47, E:   915 G-C   948 E: W/W tran        XXII
    16_58, E:   916 U-C   959 E: W/W tran        XVII
    17_54, E:   917 G-U   955 E: W/S tran        n/a
    18_55, E:   918 G-C   956 E: +/+ cis         XIX
    18_55,-
11_24_15_47_16_58_17_54_18_55_0, click this line to see above pattern
0_0,---------
     6_66, E:   906 C-G   967 E: +/+ cis         XIX
     7_65, E:   907 G-C   966 E: W/W cis         n/a
     8_14, E:   908 U-A   914 E: W/H tran        XXIV
     8_21, E:   908 U-A   921 E: W/W tran        XXI
     9_23, E:   909 G-C   923 E: H/H tran        n/a
    10_25, E:   910 G-U   925 E: W/W cis         XXVIII
    11_24, E:   911 G-C   924 E: +/+ cis         XIX
    11_24,-
6_66_7_65_8_14_8_21_9_23_10_25_11_24_0, click this line to see above pattern
0_0,---------
END_base-pair
