The backbone torsional angle for nucleic acid 

 
Note: alpha:   O3'(i-1)-P-O5'-C5'
      beta:    P-O5'-C5'-C4'
      gamma:   O5'-C5'-C4'-C3'
      delta:   C5'-C4'-C3'-O3'
      epsilon: C4'-C3'-O3'-P(i+1)
      zeta:    C3'-O3'-P(i+1)-O5'(i+1)

      chi for pyrimidines(Y): O4'-C1'-N1-C2
          chi for purines(R): O4'-C1'-N9-C4

    (The number -9999.99 means that the angle can not be calculated) 

Ch Res  Num    alpha    beta     gamma    delta  epsilon    zeta     chi
B   C    1  -9999.99 -9999.99   172.09    80.96  -109.48   -90.15  -156.84
B   G    2    -84.78   144.09    75.59    80.74  -146.79   -61.99   177.72
B   C    3    -81.17  -173.22    64.59    81.87  -148.25   -66.86  -161.17
B   G    4    -78.95   174.57    61.48    79.65  -151.80   -67.80  -165.10
B   G    5    -68.82  -160.20    49.10   144.22  -164.00   -83.58  -115.69
B   G    6   -127.41   105.93   139.48    79.91  -143.67   -78.17   176.74
B   G    7    -53.05   178.99    60.84   145.21  -110.58   -25.14  -134.07
B   U    8    -91.94  -151.81    46.04    80.07  -155.11  -137.14  -161.88
B   G    9    -35.20  -165.06    44.36   144.38   -85.73  -119.01   -96.20
B   G   10    165.63  -136.07    57.96    81.64  -142.90   -80.83  -178.74
B   A   11    -88.07  -159.87    53.37    83.00  -127.40   -99.45  -170.97
B   G   12    -63.62   140.24    80.82    82.65  -136.92   -74.78  -152.82
B   C   13    -79.38   154.13    76.59    82.20  -157.32   -75.46  -149.01
B   A   14    -73.22  -174.28    58.29    80.12  -134.32   -52.35  -169.99
B   G   15    -70.00   174.77    60.95    76.68  -118.20   -41.00  -165.79
B   C   16    -99.57  -125.89    44.11   145.04   -90.40   -85.95  -151.04
B   C   17    -24.79   145.55    51.73    84.11  -105.59   -70.11  -149.16
B   U   17    176.21  -138.52    56.95   138.57   108.92    61.25  -162.91
B   G   18    167.36  -128.82   178.08   147.95  -132.27   -93.54  -149.18
B   G   19    164.07  -176.31   170.96   149.87   -82.02   -38.86  -112.61
B   U   20    166.26  -177.32   161.61    82.01  -101.83   -70.64   -99.21
B   A   21    -31.25  -126.56    55.18    75.73   143.76   -80.78  -103.39
B   G   22   -118.62   132.50   123.32    80.04  -136.27   -74.59  -162.87
B   C   23    -57.36   167.56    48.45    79.29  -129.81   -88.82  -154.18
B   U   24    -60.65   157.93    53.67    79.40  -129.99   -83.13  -161.95
B   C   25    -63.82   147.64    65.70    80.83  -142.42   -70.87  -161.64
B   G   26    -58.63   162.89    61.62    80.23  -136.34   -68.92  -170.21
B   U   27    -63.93  -172.35    37.72    79.52  -147.30   -74.25  -159.49
B   C   28    -65.19   164.21    57.17    78.61  -140.17   -81.71  -155.43
B   G   29    -64.35   163.21    55.54    80.61  -152.07   -77.84  -161.59
B   G   30    -62.97   172.40    52.39    80.31  -146.82   -78.17  -169.74
B   G   31    -59.53   172.46    54.80    80.15  -116.17   -80.71  -170.81
B   C   32    -64.44   155.26    63.28    80.88  -146.84   -85.13  -154.77
B   U   33    -57.05   163.26    51.83    80.81  -118.42   -65.08  -153.56
B   C   34    175.73   147.09    44.53    81.33  -119.25   -81.63  -162.47
B   A   35    -63.98   156.34    66.05    79.56  -154.66   -94.51  -137.77
B   U   36    -68.31   170.64    52.15    79.86  -128.09   -56.55  -152.76
B   A   37    -70.64   158.96    76.10    80.15  -149.78   -66.67  -156.06
B   A   38    -67.43   169.02    58.43    81.22  -132.20   -62.42  -175.86
B   C   39    -63.45   174.20    47.17    80.76  -147.02   -84.75  -159.16
B   C   40    -48.84   163.55    45.81    77.67  -139.16   -84.53  -156.13
B   C   41    -55.05   174.86    40.48    80.97  -140.80   -82.32  -163.89
B   G   42    -54.83   161.40    57.51    80.05  -152.81   -81.12  -157.23
B   A   43    -62.20   165.74    55.96    79.84  -140.91   -97.65  -167.04
B   A   44    -61.10   152.84    62.18    82.72  -133.56   -69.72  -167.00
B   G   45    -68.83   173.05    50.33    82.12  -109.79  -108.21  -169.88
B   G   46    -83.83  -144.93    67.92    82.42  -149.62   -91.19   -92.66
B   U   47    -60.31  -118.31  -149.48    81.81  -129.22    68.30  -166.48
B   C   48   -118.51  -131.64    95.34   118.48  -147.95    96.08  -152.57
B   G   49     41.39   171.80    50.79    81.63  -137.72   -78.98   179.48
B   U   50    -68.95   174.15    60.79    80.63  -139.64   -84.49  -160.44
B   C   51    -72.27   156.77    66.90    80.38  -148.05   -65.96  -158.27
B   G   52    -73.77   176.36    55.56    77.91  -152.61   -75.19  -169.82
B   G   53    -66.76   166.40    68.10    80.00  -155.28   -70.65  -178.99
B   U   54    -73.55  -167.04    53.34    81.28  -127.48   -66.06  -165.50
B   U   55    -61.19   156.89    64.74    78.17  -133.09   -46.84  -154.20
B   C   56    178.61   131.03    47.90    82.10  -133.11   -73.68  -158.29
B   A   57    -57.66   157.86    58.56    79.68  -153.27   -69.82  -161.73
B   A   58    -95.62  -121.95    76.00    84.13   164.77   -82.02   -99.98
B   A   59    176.09  -178.32    60.60    82.07  -133.04   -66.65   178.29
B   U   60    -58.73  -169.74    52.79   143.83  -101.09   -85.48  -139.98
B   C   61    -77.25   174.82    36.28    79.30  -138.11   -68.77  -166.32
B   C   62    -61.63  -175.64    44.29    79.58  -148.62   -93.04  -160.95
B   G   63    -54.00   164.47    48.24    80.37  -139.58   -82.58  -161.68
B   G   64    -54.73   158.71    51.63    79.30  -141.55   -77.89  -167.73
B   C   65    -51.64   157.58    60.88    81.05  -147.64   -73.46  -157.98
B   C   66    -65.39  -174.83    40.68    80.66  -138.55   -84.70  -165.69
B   C   67    -53.47   155.27    55.37    79.26  -150.15   -92.52  -161.27
B   C   68    -55.46   157.70    54.94    79.74  -145.49   -71.71  -154.60
B   C   69    -59.02   170.93    45.69    78.27  -143.68   -79.02  -161.44
B   G   70    -50.69   163.76    50.96    77.18  -146.96   -74.03  -179.71
B   C   71    -53.04   178.42    48.01    77.64  -123.05  -109.47  -162.92
B   A   72    -49.30   137.01    50.69    78.62  -144.66   -75.93  -153.58
B   A   73    -57.19   163.96    56.86    79.09  -144.78   -84.39  -159.15
B   C   74    -63.89   161.99    60.37    78.38  -131.05   -78.30  -144.52
B   C   75    -53.05   165.65    58.27    80.06  -112.64   161.17  -102.84
B   A   76    -80.52   143.07    30.57    80.54 -9999.99 -9999.99  -170.84
