PDB data file name: Dataset/5d8b_B(BD).pdb_new
-----------------------------------------------------------
CRITERIA USED TO GENERATE BASE-PAIR: 
  3.40 --> upper H-bond length limits (ON..ON).
 26.00 --> max. distance between paired base origins.
  2.50 --> max. vertical distance between paired base origins.
 65.00 --> max. angle between paired bases [0-90].
  5.40 --> min. distance between RN9/YN1 atoms.
  8.00 --> max. distance criterion for helix break[0-12]
-----------------------------------------------------------
BASE-PAIR INSTRUCTIONS: 
Column 1 is rnaview assigned base numbers n1_n2, start from 1.
Column 2 & 3 are chain ID & residue number in input PDB file.
Column 4 is for base pair. The left & right are the bases as 
         identified by column 2 & 3 and 5 & 6.
Column 5 & 6 are residue number & chain ID in input PDB file.
Column 7 is for base pair annotation. The standard Watson-Crick
         (W.C.) pairs are annotated as -/- (AU,AT) or +/+ (GC).
         Other pairs are annotated as Leontis_Westhof Classification.
         The three edges: W(Watson-Crick); H(Hoogsteen); S(suger).
         e.g. W/H means the pair is edge of Watson-Crick & Hoogsteen.
Column 8 is glycosidic bond orientation (either cis or trans).
         e.g. 'W/H cis' means the pair is interaction on Watson-Crick
         and Hoogsteen side, glycosidic bond orientation is 'cis'.
Column 9 corresponds to Saenger Classification.

Other columns: 
        Syn sugar-base conformations are annotated as (syn).
        Stacked base pairs are annotated as (stack).
        Non-identified edges are annotated as (.) or (?)
        Tertiary interactions are marked by (!) in the line.
Reference:
Yang et al (2003) Nucleic Acids Research, Vol31,No13,p3450-3461.
-----------------------------------------------------------
BEGIN_base-pair
    11_25, B:    11 A-U    24 B: -/- cis         XX
     3_71, B:     3 C-G    70 B: +/+ cis         XIX
    13_23, B:    13 C-G    22 B: +/+ cis         XIX
    29_43, B:    28 C-G    42 B: +/+ cis         XIX
    52_64, B:    51 C-G    63 B: +/+ cis         XIX
     2_72, B:     2 G-C    71 B: +/+ cis         XIX
     4_70, B:     4 G-C    69 B: +/+ cis         XIX
     5_69, B:     5 G-C    68 B: +/+ cis         XIX
     6_68, B:     6 G-C    67 B: +/+ cis         XIX
     7_67, B:     7 G-C    66 B: +/+ cis         XIX
    10_26, B:    10 G-C    25 B: +/+ cis         XIX
    12_24, B:    12 G-C    23 B: +/+ cis         XIX
    30_42, B:    29 G-C    41 B: +/+ cis         XIX
    31_41, B:    30 G-C    40 B: +/+ cis         XIX
    32_40, B:    31 G-C    39 B: +/+ cis         XIX
    50_66, B:    49 G-C    65 B: +/+ cis         XIX
    53_63, B:    52 G-C    62 B: +/+ cis         XIX
    54_62, B:    53 G-C    61 B: +/+ cis         XIX
    28_44, B:    27 U-A    43 B: -/- cis         XX
    27_45, B:    26 G-A    44 B: W/W cis         VIII
    20_57, B:    19 G-C    56 B: W/W cis         n/a
    51_65, B:    50 U-G    64 B: W/W cis         XXVIII
    15_49, B:    15 G-C    48 B: W/W tran        XXII
     8_14, B:     8 U-A    14 B: W/H tran        XXIV
    55_59, B:    54 U-A    58 B: W/H tran        XXIV
    10_46, B:    10 G-G    45 B: H/S cis         n/a
END_base-pair

Summary of triplets and higher multiplets
BEGIN_multiplets
10_26_46_| [1 3]  B: 10 G  +  B: 25 C  +  B: 45 G
END_multiplets

  The total base pairs =  26 (from   77 bases)
------------------------------------------------
 Standard  WW--cis  WW-tran  HH--cis  HH-tran  SS--cis  SS-tran
       19        3        1        0        0        0        0
  WH--cis  WH-tran  WS--cis  WS-tran  HS--cis  HS-tran
        0        2        0        0        1        0
------------------------------------------------
