The backbone torsional angle for nucleic acid 

 
Note: alpha:   O3'(i-1)-P-O5'-C5'
      beta:    P-O5'-C5'-C4'
      gamma:   O5'-C5'-C4'-C3'
      delta:   C5'-C4'-C3'-O3'
      epsilon: C4'-C3'-O3'-P(i+1)
      zeta:    C3'-O3'-P(i+1)-O5'(i+1)

      chi for pyrimidines(Y): O4'-C1'-N1-C2
          chi for purines(R): O4'-C1'-N9-C4

    (The number -9999.99 means that the angle can not be calculated) 

Ch Res  Num    alpha    beta     gamma    delta  epsilon    zeta     chi
B   C    1  -9999.99 -9999.99   -56.07    82.01  -149.52   -78.50  -154.06
B   G    2    -79.48   161.64    76.13    80.87  -155.01   -60.55  -157.93
B   C    3    -92.90  -179.98    76.51    81.00  -151.75   -66.20  -163.26
B   G    4    -72.18  -175.41    52.75    77.70  -155.08   -72.64  -156.88
B   G    5    -51.27   179.74    61.23   145.57   178.27  -102.41  -122.15
B   G    6    153.89   172.55   173.85    80.93  -150.70   -75.00  -165.39
B   G    7    -53.07   179.66    58.36   146.23  -106.44   -45.25  -128.89
B   U    8    -74.50  -157.43    48.09    82.33  -140.37  -123.62  -142.27
B   G    9    -72.71  -140.20    49.15   147.35   -91.47  -139.05   -59.37
B   G   10    150.77  -124.39    65.82    81.62  -148.49   -78.21  -168.15
B   A   11    -67.41   173.63    53.89    81.07  -143.90   -74.64  -167.45
B   G   12    -86.28   179.11    64.25    79.70  -148.77   -58.61  -167.43
B   C   13    -88.50   176.57    81.73    80.33  -169.89   -82.42  -136.32
B   A   14    -69.16   178.17    67.43    80.35  -148.62   -49.48  -160.71
B   G   15    -73.61   177.82    58.37    79.49  -108.60   -62.80  -165.76
B   C   16    -68.33  -165.90    56.27   146.97  -108.55   -37.92  -119.64
B   C   17    -67.27   158.70    66.15    84.95   -91.26   -50.43  -164.86
B   U   17    175.88  -147.96    49.64   142.21    59.45    75.51  -159.25
B   G   18    135.13   -89.76  -167.13   148.27  -124.93   -97.88  -141.03
B   G   19    160.24  -168.28   168.47   149.23   -83.37   -39.05  -110.58
B   U   20    170.91  -174.91   164.91    81.85  -111.56   -42.69  -119.27
B   A   21    -56.74  -144.88    72.60    80.61  -132.57   158.20  -150.06
B   G   22    -50.53   118.06    35.14    79.46  -155.57   -78.65  -147.55
B   C   23    -52.22   170.21    45.41    81.19  -141.37   -90.31  -137.85
B   U   24    -37.28   156.58    33.12    79.52  -122.97   -99.23  -150.97
B   C   25    -56.49   134.46    65.89    80.69  -149.45   -55.30  -156.88
B   G   26    -71.63  -176.18    52.91    81.58  -136.91   -76.09  -165.92
B   U   27    -62.63   176.99    44.47    80.68  -142.63   -76.77  -155.07
B   C   28    -60.46   179.23    44.37    80.51  -150.08   -77.89  -123.45
B   G   29    -58.75   168.24    51.01    78.42  -148.45   -67.84  -164.82
B   G   30    -67.27   175.92    55.62    79.77  -156.46   -68.05  -166.10
B   G   31    -67.96  -174.42    50.51    81.74  -131.57   -80.74  -175.15
B   C   32    -62.79   165.86    54.75    80.49  -138.28   -67.20  -154.85
B   U   33    -63.84   165.80    77.87    81.05  -129.95   -59.75  -157.04
B   C   34    159.19   145.07    44.84    80.32  -127.41   -74.10  -153.58
B   A   35    -55.64   155.93    54.15    81.30  -142.26   -67.28  -150.60
B   U   36    -62.89   173.15    51.46    80.65  -140.11   -58.43  -136.80
B   A   37   -115.03   132.25   118.00    81.18  -144.90   -57.75  -175.95
B   A   38    -63.21   179.12    45.68    80.22  -132.35   -70.23  -175.26
B   C   39    -50.40   168.17    47.84    82.06  -139.04   -77.83  -165.96
B   C   40    -47.76   170.77    37.42    78.61  -155.78   -78.63  -135.64
B   C   41    -52.69   175.74    42.28    81.60  -136.86   -84.47  -156.80
B   G   42    -48.17   158.61    49.62    78.59  -154.91   -73.06  -163.67
B   A   43    -53.70   166.88    55.46    79.78  -136.88  -107.30  -166.32
B   A   44    -48.42   145.46    54.84    82.28  -128.01   -71.43  -161.20
B   G   45    -58.65   168.32    56.56    81.91  -138.36  -105.39  -131.96
B   G   46   -175.86  -158.26   161.64    81.42   -94.21   -86.90  -148.81
B   U   47    -65.89  -121.05   172.28    80.98  -120.82    67.57  -169.21
B   C   48   -147.86  -106.87    75.43    85.51  -103.77   125.88  -136.62
B   G   49    -62.72  -155.95    74.64    82.83  -133.09  -112.76   170.11
B   U   50     29.02   134.24    -3.41    81.89  -159.01   -73.07  -138.60
B   C   51    -71.23   167.93    60.47    82.05  -150.96   -56.70  -145.63
B   G   52   -147.88   162.13   127.25    83.70  -146.06   -58.88  -178.51
B   G   53    -73.97  -166.31    50.44    80.82  -156.87   -84.17  -163.11
B   U   54    -72.96   172.04    63.75    81.48  -137.34   -48.87  -154.66
B   U   55    -73.69  -171.11    53.40    79.04  -147.38   -39.83  -140.13
B   C   56    177.28   126.77    46.54    80.15  -129.15   -75.86  -170.41
B   A   57    -58.81   166.24    48.13    80.83  -150.92   -63.89  -155.79
B   A   58    -75.72  -122.79    66.27    85.93  -177.78   -74.32   -94.55
B   A   59    171.11   165.66    61.39    81.23  -135.49   -51.98   178.44
B   U   60    -61.11  -158.58    52.53   146.11  -103.72   -75.66  -155.70
B   C   61    -97.26  -176.48    42.35    81.27  -144.42   -72.54  -166.68
B   C   62    -57.28  -177.43    52.39    80.12  -146.25   -77.26  -150.05
B   G   63    -67.60  -177.78    45.20    79.91  -152.20   -79.01  -156.68
B   G   64    -60.05   164.01    54.13    80.05  -144.13   -67.45  -170.78
B   C   65    -61.64   170.31    60.94    81.08  -163.07   -72.35  -155.71
B   C   66    -67.62  -171.70    46.62    81.39  -140.72   -73.99  -165.12
B   C   67    -60.41   168.14    49.92    79.80  -157.55   -73.24  -146.63
B   C   68    -62.69   173.89    55.04    78.88  -160.64   -65.15  -166.33
B   C   69    -68.48  -178.48    48.64    81.20  -141.35   -76.38  -159.83
B   G   70    -60.44   162.89    61.68    77.69  -163.94   -62.60  -175.84
B   C   71    -68.11  -162.86    44.14    80.80  -143.66   -82.68  -149.38
B   A   72    -48.93   160.12    44.13    79.53  -148.88   -74.74  -171.32
B   A   73    -60.84   167.91    61.31    75.43  -152.00   -71.09  -156.76
B   C   74    -60.17   174.30    56.43    79.40  -148.35   -70.80  -149.15
B   C   75    -52.27   168.58    54.71    81.65  -131.21   168.73  -128.44
B   A   76    -75.38   151.61    36.28    81.97 -9999.99 -9999.99  -160.18
