The backbone torsional angle for nucleic acid 

 
Note: alpha:   O3'(i-1)-P-O5'-C5'
      beta:    P-O5'-C5'-C4'
      gamma:   O5'-C5'-C4'-C3'
      delta:   C5'-C4'-C3'-O3'
      epsilon: C4'-C3'-O3'-P(i+1)
      zeta:    C3'-O3'-P(i+1)-O5'(i+1)

      chi for pyrimidines(Y): O4'-C1'-N1-C2
          chi for purines(R): O4'-C1'-N9-C4

    (The number -9999.99 means that the angle can not be calculated) 

Ch Res  Num    alpha    beta     gamma    delta  epsilon    zeta     chi
A   G    1  -9999.99  -107.80    63.32    80.97  -176.10   -75.79  -143.81
A   C    2    -70.81  -176.25    55.74    82.00  -166.80   -63.22  -138.89
A   C    3    163.05  -142.19   163.84    82.00  -137.25   -97.44  -155.09
A   G    4    -68.63   172.48    56.05    83.11  -129.61   -66.96  -148.59
A   A    5    -64.76   165.62    52.53    81.25  -166.34  -105.65  -151.81
A   G    6    128.72  -131.24  -163.60    80.97  -141.68  -102.32  -172.24
A   G    7    175.77  -144.39   165.99   147.64   -85.78   -28.75  -143.62
A   U    8    -71.39  -144.79    33.31    79.95  -167.38   -96.71  -138.41
A   A    9    -61.97  -130.04    52.59   146.75  -135.60   -21.78  -102.22
A   G   10    156.56   113.38    81.77    82.06  -135.12   -66.75  -177.78
A   C   11    -65.55   169.44    56.76    83.70  -114.45   -99.57  -139.62
A   U   12    -77.07   159.73    58.10    81.24  -175.42    -2.70  -159.09
A   C   13   -177.31   136.94   166.17    80.58  -162.73   -76.51  -158.90
A   A   14    -62.83  -164.80    50.48    78.54  -153.86   -47.56  -146.43
A   G   15    -80.50   179.25    61.65    80.60  -177.03   171.81  -149.49
A   U   16   -160.12   156.74    57.13    83.72   -96.86   163.10  -124.33
A   U   17    -91.11    60.51   158.21    80.71  -120.81    59.78  -148.14
A   G   18    162.59   -66.66  -127.63   147.48  -124.47  -109.69  -155.89
A   G   19    151.89  -168.24   168.79   144.84   -87.71   173.74  -136.18
A H2U   20     98.21   120.69   -68.26   146.93   -88.68  -169.75  -115.04
A   A   21     67.29    62.14   144.46    79.41  -162.96   -83.70   172.14
A   G   22    -90.39  -123.27    49.42   145.63    -0.22   173.51   -93.60
A   A   23    -67.03   -91.74  -159.01    80.22  -122.71   -92.18  -179.08
A   G   24    -37.82   153.72    43.72    84.39  -130.75   -88.45  -158.12
A   C   25    -56.12   156.94    53.78    82.11  -143.42   -65.52  -144.75
A   A   26    -58.53   169.41    54.97    81.68  -166.73   -60.46  -154.39
A   U   27    168.37   173.98   168.96    81.11  -110.75   -71.05  -158.09
A   G   28    -64.90   171.73    50.39    81.58  -142.56   -85.70  -150.19
A   C   29    -63.66   156.09    60.89    81.27  -148.53   -66.16  -150.66
A   G   30    -66.58  -179.92    59.23    79.99  -170.05   -67.12  -153.61
A   A   31    -72.96  -165.70    51.28    81.13  -151.10   -59.43  -147.34
A   C   32    -65.65  -173.99    42.84    80.17  -176.31   -82.61  -136.06
A   U   33    -64.08  -163.80    36.59    80.02  -147.39    21.59  -132.41
A   G   34    112.53   121.46    69.62    81.51  -153.43   -98.08  -176.84
A   A   35     65.56  -158.39   -79.15    80.88  -121.14   -20.67  -149.83
A   A   36    -68.23   173.89    56.04    81.31  -153.49   -34.26  -144.53
A   A   37   -167.14   128.89   164.03    81.57  -120.91   -49.07  -164.15
A   A   38    -71.02  -179.69    48.79    80.48  -143.69   -48.83  -148.06
A   U   39    -66.17  -178.61    49.91    80.34  -137.46   -88.60  -143.67
A   C   40    -58.11   158.80    60.36    83.19  -162.49   -78.73  -151.73
A   G   41    -66.34   178.26    63.08    80.52  -157.59   -60.92  -159.83
A   C   42    -66.35   177.33    55.22    81.43  -106.70  -142.09  -143.68
A   A   43     97.06   -89.89  -177.19    81.72   -98.12   -19.83   169.46
A   G   44    -42.25   -42.62   -79.09    81.50  -129.70  -114.82  -145.54
A   U   45    -27.89   134.68    45.12    83.34  -145.35   -72.80  -145.73
A   G   46   -158.60  -143.67   156.98   147.03  -123.68   -44.76  -128.94
A   U   47    115.73   101.07    15.77    82.60  -118.01  -114.50  -132.27
A   C   48   -165.29   -52.03  -151.76   147.14  -124.84    36.50  -164.11
A   G   49     73.54    75.69   134.76    81.74   -97.48  -113.72   165.53
A   G   50    164.93  -145.28   143.90    82.00  -153.13   -58.04  -171.23
A   C   51    -73.50  -160.95    45.75    81.19  -155.35  -106.20  -132.37
A   G   52    152.01  -131.03   163.59    81.87  -157.21   -47.09  -175.43
A   G   53    -73.22  -157.24    54.97    82.92  -117.90   -88.15  -138.94
A   U   54     58.53  -145.28  -105.60    83.31  -123.21   -59.60  -154.85
A   U   55    -62.29   168.69    59.70    82.51  -147.93   -39.25  -143.33
A   C   56    172.13   139.91    49.59    80.93   -95.31  -107.16  -165.72
A   G   57    -67.92   121.88    72.00    80.40  -178.91   -76.22  -168.42
A   A   58    117.42    90.83   -22.43   148.13   -88.14   172.80  -110.68
A   U   59    117.81  -165.38    45.67    81.79  -129.35   -56.81  -153.64
A   U   60    -56.52  -173.34    55.11   146.00   -96.31   -74.86  -110.54
A   C   61   -100.65   170.79    57.25    80.24  -146.49   -79.96  -136.41
A   C   62    -71.67  -178.47    60.78    82.34  -134.73   -83.48  -146.44
A   G   63    -67.87   160.51    59.51    82.24  -155.24   -65.45  -156.01
A   C   64    -68.05   178.05    56.07    80.94  -149.30   -75.69  -145.52
A   C   65    -63.60   158.98    62.95    81.89  -150.55   -55.39  -157.33
A   C   66    -62.35  -179.96    52.09    81.62  -150.60  -136.02  -140.60
A   C   67    150.35  -124.63   165.11    81.48  -136.30  -101.40  -167.28
A   U   68    146.27  -143.90   172.99    80.76  -157.62   -49.40  -166.84
A   C   69    163.78  -177.42   169.25    81.10  -108.44  -100.00  -154.32
A   G   70    -67.13   149.97    57.11    81.46  -144.63   -91.62  -152.74
A   G   71    -84.46   164.21    67.55    80.52  -160.02   -56.51  -158.13
A   C   72    -70.29  -178.79    60.23    81.52  -165.67   -68.34  -142.02
A   A   73    177.72  -140.23   152.58    82.09 -9999.99 -9999.99  -161.76
