PDB data file name: ./Datasets/pdb_select_tRNA_NoCopie/3b0v_A.pdb_new
uncommon residue H2U   20  on chain A [#20] assigned to: u
-----------------------------------------------------------
CRITERIA USED TO GENERATE BASE-PAIR: 
  3.40 --> upper H-bond length limits (ON..ON).
 26.00 --> max. distance between paired base origins.
  2.50 --> max. vertical distance between paired base origins.
 65.00 --> max. angle between paired bases [0-90].
  5.40 --> min. distance between RN9/YN1 atoms.
  8.00 --> max. distance criterion for helix break[0-12]
-----------------------------------------------------------
BASE-PAIR INSTRUCTIONS: 
Column 1 is rnaview assigned base numbers n1_n2, start from 1.
Column 2 & 3 are chain ID & residue number in input PDB file.
Column 4 is for base pair. The left & right are the bases as 
         identified by column 2 & 3 and 5 & 6.
Column 5 & 6 are residue number & chain ID in input PDB file.
Column 7 is for base pair annotation. The standard Watson-Crick
         (W.C.) pairs are annotated as -/- (AU,AT) or +/+ (GC).
         Other pairs are annotated as Leontis_Westhof Classification.
         The three edges: W(Watson-Crick); H(Hoogsteen); S(suger).
         e.g. W/H means the pair is edge of Watson-Crick & Hoogsteen.
Column 8 is glycosidic bond orientation (either cis or trans).
         e.g. 'W/H cis' means the pair is interaction on Watson-Crick
         and Hoogsteen side, glycosidic bond orientation is 'cis'.
Column 9 corresponds to Saenger Classification.

Other columns: 
        Syn sugar-base conformations are annotated as (syn).
        Stacked base pairs are annotated as (stack).
        Non-identified edges are annotated as (.) or (?)
        Tertiary interactions are marked by (!) in the line.
Reference:
Yang et al (2003) Nucleic Acids Research, Vol31,No13,p3450-3461.
-----------------------------------------------------------
BEGIN_base-pair
     1_72, A:     1 G-C    72 A: W/W cis         n/a
     3_70, A:     3 C-G    70 A: +/+ cis         XIX
     3_71, A:     3 C-G    71 A: W/W cis         n/a
     4_69, A:     4 G-C    69 A: W/W cis         n/a
     6_67, A:     6 G-C    67 A: +/+ cis         XIX
     8_14, A:     8 U-A    14 A: W/H tran        XXIV
     8_15, A:     8 U-G    15 A:      stacked
     9_23, A:     9 A-A    23 A: H/H tran        II
    10_25, A:    10 G-C    25 A: W/W cis         n/a
    11_24, A:    11 C-G    24 A: W/W cis         n/a
    12_13, A:    12 U-C    13 A:      stacked
    12_23, A:    12 U-A    23 A: -/- cis         XX
    13_22, A:    13 C-G    22 A: W/W cis         n/a
    15_48, A:    15 G-C    48 A: W/W tran        XXII
    15_59, A:    15 G-U    59 A: W/W tran        XXVII
    18_55, A:    18 G-U    55 A: W/S tran        n/a
    26_27, A:    26 A-U    27 A:      stacked
    28_42, A:    28 G-C    42 A: +/+ cis         XIX
    29_41, A:    29 C-G    41 A: +/+ cis         XIX
    30_40, A:    30 G-C    40 A: +/+ cis         XIX
    33_38, A:    33 U-A    38 A:      stacked
    41_42, A:    41 G-C    42 A:      stacked
    49_65, A:    49 G-C    65 A: +/+ cis         XIX
    50_51, A:    50 G-C    51 A:      stacked
    51_63, A:    51 C-G    63 A: +/+ cis         XIX
    52_62, A:    52 G-C    62 A: +/+ cis         XIX
    53_61, A:    53 G-C    61 A: W/W cis         n/a
    54_58, A:    54 U-A    58 A: W/H tran        XXIV
    68_69, A:    68 U-C    69 A:      stacked
    70_71, A:    70 G-G    71 A:      stacked
     2_71, A:     2 C-G    71 A: W/W cis         !1H(b_b)
     2_72, A:     2 C-C    72 A: W/W cis         !1H(b_b)
     7_66, A:     7 G-C    66 A: W/S cis         !1H(b_b)
    11_25, A:    11 C-C    25 A: S/W cis         !1H(b_b)
    26_44, A:    26 A-G    44 A: W/H tran        !1H(b_b).
    27_43, A:    27 U-A    43 A: W/W cis         !1H(b_b).
    32_38, A:    32 C-A    38 A: W/W cis         !1H(b_b)
    51_64, A:    51 C-C    64 A: W/W cis         !1H(b_b)
     9_13, A:     9 A-C    13 A: H/W tran        !(s_s)
    21_22, A:    21 A-G    22 A: S/H cis         !(s_s)
    34_35, A:    34 G-A    35 A: S/H cis         !(s_s)
    35_36, A:    35 A-A    36 A: S/S tran        !(s_s)
    46_47, A:    46 G-U    47 A: S/H tran        !(s_s)
END_base-pair

Summary of triplets and higher multiplets
BEGIN_multiplets
9_12_23_| [1 3]  A: 9 A  +  A: 12 U  +  A: 23 A
END_multiplets

  The total base pairs =  22 (from   73 bases)
------------------------------------------------
 Standard  WW--cis  WW-tran  HH--cis  HH-tran  SS--cis  SS-tran
        9        7        2        0        1        0        0
  WH--cis  WH-tran  WS--cis  WS-tran  HS--cis  HS-tran
        0        2        0        1        0        0
------------------------------------------------
