The backbone torsional angle for nucleic acid 

 
Note: alpha:   O3'(i-1)-P-O5'-C5'
      beta:    P-O5'-C5'-C4'
      gamma:   O5'-C5'-C4'-C3'
      delta:   C5'-C4'-C3'-O3'
      epsilon: C4'-C3'-O3'-P(i+1)
      zeta:    C3'-O3'-P(i+1)-O5'(i+1)

      chi for pyrimidines(Y): O4'-C1'-N1-C2
          chi for purines(R): O4'-C1'-N9-C4

    (The number -9999.99 means that the angle can not be calculated) 

Ch Res  Num    alpha    beta     gamma    delta  epsilon    zeta     chi
B   G    1  -9999.99  -107.58    63.62    80.94  -176.48   -75.66  -144.01
B   C    2    -70.58  -176.16    55.47    81.97  -166.34   -64.01  -138.24
B   C    3    162.91  -141.17   163.98    81.88  -137.05   -97.64  -154.93
B   G    4    -68.17   172.02    55.76    83.16  -129.34   -67.13  -148.79
B   A    5    -64.47   165.32    52.48    81.28  -165.02  -106.27  -151.80
B   G    6    127.02  -130.80  -162.74    81.01  -143.30  -101.55  -172.15
B   G    7    177.19  -144.21   164.62   147.82   -86.05   -27.97  -143.85
B   U    8    -69.31  -146.34    31.92    80.01  -166.98   -97.25  -140.64
B   A    9    -62.81  -129.34    52.91   146.98  -134.95   -22.54  -101.25
B   G   10    156.91   112.78    81.70    82.03  -134.89   -67.24  -178.16
B   C   11    -64.75   168.02    57.30    83.81  -112.38   -99.22  -141.56
B   U   12    -79.81   159.79    59.28    81.17  -178.12     1.49  -159.05
B   C   13   -178.32   133.66   166.88    80.52  -163.76   -76.18  -159.12
B   A   14    -61.78  -164.50    49.59    78.84  -153.39   -47.28  -147.53
B   G   15    -75.23  -177.35    54.88    80.55   175.29   143.70  -144.77
B   U   16     -5.33   163.76   -45.51    82.62  -135.33  -179.99  -141.80
B   U   17    -11.10   164.64    15.08    80.42   169.46    92.22  -149.16
B   G   18    171.64   -67.56  -145.51    81.78  -119.68  -112.47   176.61
B   G   19   -164.73  -153.42   159.85   147.77   -83.88   175.50  -136.73
B H2U   20     93.47   123.76   -69.81   146.75   -88.26  -167.85  -113.76
B   A   21     69.34    61.74   142.89    78.99  -166.16   -87.48   169.61
B   G   22    -94.41  -116.72    54.76   146.06    -0.69   173.74   -93.00
B   A   23    -66.68   -92.00  -159.18    80.09  -126.35   -90.12  -177.87
B   G   24    -40.22   156.90    44.66    85.10  -129.51   -89.85  -158.30
B   C   25    -52.80   153.70    52.80    82.04  -139.11   -67.94  -148.10
B   A   26    -58.46   166.53    56.59    81.34  -166.75   -60.61  -154.85
B   U   27    169.09   173.48   168.86    81.06  -109.39   -72.10  -160.30
B   G   28    -64.03   170.11    49.87    81.49  -141.71   -87.61  -150.53
B   C   29    -62.02   154.44    60.78    81.37  -148.09   -66.04  -151.56
B   G   30    -65.98  -179.62    58.13    79.95  -169.73   -67.35  -153.74
B   A   31    -72.13  -166.24    50.77    81.04  -151.77   -59.62  -147.78
B   C   32    -64.99  -175.53    43.14    80.23  -171.25   -88.38  -137.84
B   U   33    -64.47  -168.98    40.21    80.12  -140.52    15.31  -135.24
B   G   34    117.85   120.04    70.98    81.12  -154.00   -98.01  -176.73
B   A   35     65.73  -158.88   -78.67    80.85  -122.46   -20.01  -149.74
B   A   36    -68.64   173.88    55.54    81.24  -153.78   -34.13  -145.17
B   A   37   -168.14   129.26   164.76    81.36  -121.65   -48.86  -163.94
B   A   38    -71.28   179.90    49.41    80.39  -144.36   -46.69  -148.39
B   U   39    -65.61  -178.64    49.01    80.18  -134.74   -89.54  -143.59
B   C   40    -62.34   158.79    62.55    82.83  -166.36   -76.66  -150.40
B   G   41    -66.40  -179.17    62.06    80.55  -154.61   -64.25  -160.46
B   C   42    -63.31   173.93    55.67    81.52  -105.65  -143.03  -143.94
B   A   43     97.79   -89.84  -177.79    81.81  -100.23   -18.33   170.33
B   G   44    -43.61   -42.92   -78.92    81.52  -129.60  -111.22  -145.47
B   U   45    -35.48   136.47    50.08    83.43  -140.35   -53.31  -148.22
B   G   46    -93.39  -127.54    84.98   149.31   174.64   134.68   -84.28
B   U   47   -152.32  -116.98    26.99    80.85  -158.44   -95.66  -114.22
B   C   48   -169.05   -47.67  -155.16   146.96  -125.46    36.68  -166.06
B   G   49     78.46    73.07   136.34    81.06   -90.85  -115.27   161.98
B   G   50    161.06  -146.78   145.86    82.27  -156.68   -55.70  -169.44
B   C   51    -76.12  -159.34    47.21    81.11  -156.31  -104.54  -132.06
B   G   52    153.12  -132.69   162.82    81.86  -157.11   -47.15  -175.68
B   G   53    -73.19  -156.69    55.34    82.81  -118.45   -87.64  -138.11
B   U   54     58.81  -145.65  -105.90    83.30  -123.82   -59.79  -154.70
B   U   55    -62.33   169.37    59.51    82.19  -146.96   -38.65  -142.98
B   C   56    172.61   139.09    50.27    80.90   -96.91  -105.85  -168.62
B   G   57    -69.62   124.81    71.55    80.37  -176.85   -75.59  -168.03
B   A   58    116.45    93.93   -24.93   148.47   -85.43   172.38  -111.82
B   U   59    114.32  -165.92    47.00    81.80  -128.63   -57.26  -152.59
B   U   60    -55.99  -173.21    54.36   145.79   -96.00   -75.31  -110.84
B   C   61   -100.36   170.32    57.49    80.04  -146.54   -80.03  -137.63
B   C   62    -71.73  -178.78    61.04    82.37  -134.32   -83.16  -147.31
B   G   63    -68.81   161.20    59.76    82.25  -155.65   -65.20  -155.97
B   C   64    -68.20   177.99    56.49    80.87  -149.33   -75.44  -145.62
B   C   65    -64.01   158.79    63.31    81.86  -149.72   -56.48  -157.58
B   C   66    -62.31   179.09    53.15    81.66  -149.88  -135.31  -141.48
B   C   67    150.59  -125.52   164.89    81.39  -136.53  -101.56  -165.93
B   U   68    146.25  -144.13   173.22    80.83  -157.85   -49.20  -166.63
B   C   69    163.42  -177.42   169.54    81.09  -108.33  -100.62  -154.11
B   G   70    -66.19   149.19    56.62    81.54  -143.84   -92.13  -153.15
B   G   71    -84.56   164.02    67.62    80.55  -160.04   -56.32  -158.28
B   C   72    -70.31  -178.64    60.20    81.54  -165.34   -68.66  -141.21
B   A   73    177.36  -140.06   152.61    82.01 -9999.99 -9999.99  -161.30
