PDB data file name: ./Datasets/pdb_select_tRNA/3b0v_B.pdb_new
uncommon residue H2U   20  on chain B [#20] assigned to: u
-----------------------------------------------------------
CRITERIA USED TO GENERATE BASE-PAIR: 
  3.40 --> upper H-bond length limits (ON..ON).
 26.00 --> max. distance between paired base origins.
  2.50 --> max. vertical distance between paired base origins.
 65.00 --> max. angle between paired bases [0-90].
  5.40 --> min. distance between RN9/YN1 atoms.
  8.00 --> max. distance criterion for helix break[0-12]
-----------------------------------------------------------
BASE-PAIR INSTRUCTIONS: 
Column 1 is rnaview assigned base numbers n1_n2, start from 1.
Column 2 & 3 are chain ID & residue number in input PDB file.
Column 4 is for base pair. The left & right are the bases as 
         identified by column 2 & 3 and 5 & 6.
Column 5 & 6 are residue number & chain ID in input PDB file.
Column 7 is for base pair annotation. The standard Watson-Crick
         (W.C.) pairs are annotated as -/- (AU,AT) or +/+ (GC).
         Other pairs are annotated as Leontis_Westhof Classification.
         The three edges: W(Watson-Crick); H(Hoogsteen); S(suger).
         e.g. W/H means the pair is edge of Watson-Crick & Hoogsteen.
Column 8 is glycosidic bond orientation (either cis or trans).
         e.g. 'W/H cis' means the pair is interaction on Watson-Crick
         and Hoogsteen side, glycosidic bond orientation is 'cis'.
Column 9 corresponds to Saenger Classification.

Other columns: 
        Syn sugar-base conformations are annotated as (syn).
        Stacked base pairs are annotated as (stack).
        Non-identified edges are annotated as (.) or (?)
        Tertiary interactions are marked by (!) in the line.
Reference:
Yang et al (2003) Nucleic Acids Research, Vol31,No13,p3450-3461.
-----------------------------------------------------------
BEGIN_base-pair
     3_70, B:     3 C-G    70 B: +/+ cis         XIX
    29_41, B:    29 C-G    41 B: +/+ cis         XIX
    51_63, B:    51 C-G    63 B: +/+ cis         XIX
     6_67, B:     6 G-C    67 B: +/+ cis         XIX
    28_42, B:    28 G-C    42 B: +/+ cis         XIX
    30_40, B:    30 G-C    40 B: +/+ cis         XIX
    49_65, B:    49 G-C    65 B: +/+ cis         XIX
    52_62, B:    52 G-C    62 B: +/+ cis         XIX
    12_23, B:    12 U-A    23 B: -/- cis         XX
     2_72, B:     2 C-C    72 B: W/W cis         n/a
     3_71, B:     3 C-G    71 B: W/W cis         n/a
    11_24, B:    11 C-G    24 B: W/W cis         n/a
    13_22, B:    13 C-G    22 B: W/W cis         n/a
     1_72, B:     1 G-C    72 B: W/W cis         n/a
     4_69, B:     4 G-C    69 B: W/W cis         n/a
    10_25, B:    10 G-C    25 B: W/W cis         n/a
    53_61, B:    53 G-C    61 B: W/W cis         n/a
    15_48, B:    15 G-C    48 B: W/W tran        XXII
    15_59, B:    15 G-U    59 B: W/W tran        XXVII
    54_58, B:    54 U-A    58 B: W/H tran        XXIV
    18_55, B:    18 G-U    55 B: W/S tran        n/a
     9_23, B:     9 A-A    23 B: H/H tran        II
END_base-pair

Summary of triplets and higher multiplets
BEGIN_multiplets
9_12_23_| [1 3]  B: 9 A  +  B: 12 U  +  B: 23 A
END_multiplets

  The total base pairs =  22 (from   73 bases)
------------------------------------------------
 Standard  WW--cis  WW-tran  HH--cis  HH-tran  SS--cis  SS-tran
        9        8        2        0        1        0        0
  WH--cis  WH-tran  WS--cis  WS-tran  HS--cis  HS-tran
        0        1        0        1        0        0
------------------------------------------------
