BEGIN_base-pair
     3_70, B:     3 C-G    70 B: +/+ cis         XIX
     3_71, B:     3 C-G    71 B: W/W cis         n/a
     4_69, B:     4 G-C    69 B: W/W cis         n/a
     6_67, B:     6 G-C    67 B: +/+ cis         XIX
     6_67,-
3_70_3_71_4_69_6_67_0, click this line to see above pattern
0_0,---------
     6_67, B:     6 G-C    67 B: +/+ cis         XIX
     9_23, B:     9 A-A    23 B: H/H tran        II
    10_25, B:    10 G-C    25 B: W/W cis         n/a
    11_24, B:    11 C-G    24 B: W/W cis         n/a
    12_23, B:    12 U-A    23 B: -/- cis         XX
    12_23,-
6_67_9_23_10_25_11_24_12_23_0, click this line to see above pattern
0_0,---------
    12_23, B:    12 U-A    23 B: -/- cis         XX
    13_22, B:    13 C-G    22 B: W/W cis         n/a
    15_48, B:    15 G-C    48 B: W/W tran        XXII
    15_59, B:    15 G-U    59 B: W/W tran        XXVII
    18_55, B:    18 G-U    55 B: W/S tran        n/a
    28_42, B:    28 G-C    42 B: +/+ cis         XIX
    28_42,-
12_23_13_22_15_48_15_59_18_55_28_42_0, click this line to see above pattern
0_0,---------
END_base-pair
