BEGIN_base-pair
     7_65, A:     7 A-U    65 A: -/- cis         XX
     8_14, A:     8 U-A    14 A: W/H tran        XXIV
     9_23, A:     9 A-A    23 A: H/H tran   syn    II
    10_25, A:    10 G-U    25 A: W/W cis         XXVIII
    10_45, A:    10 G-G    45 A: H/S cis         n/a
    11_24, A:    11 U-A    24 A: -/- cis         XX
    11_24,-
7_65_8_14_9_23_10_25_10_45_11_24_0, click this line to see above pattern
0_0,---------
    12_23, A:    12 U-A    23 A: -/- cis         XX
    13_22, A:    13 P-G    22 A: W/W cis         n/a
    14_21, A:    14 A-A    21 A: W/S cis         n/a
    15_47, A:    15 A-U    47 A: W/W tran        XXI
    22_46, A:    22 G-A    46 A: H/W tran        n/a
    26_44, A:    26 G-A    44 A: W/W cis         VIII
    27_43, A:    27 G-C    43 A: +/+ cis         XIX
    27_43,-
12_23_13_22_14_21_15_47_22_46_26_44_27_43_0, click this line to see above pattern
0_0,---------
END_base-pair
