The backbone torsional angle for nucleic acid 

 
Note: alpha:   O3'(i-1)-P-O5'-C5'
      beta:    P-O5'-C5'-C4'
      gamma:   O5'-C5'-C4'-C3'
      delta:   C5'-C4'-C3'-O3'
      epsilon: C4'-C3'-O3'-P(i+1)
      zeta:    C3'-O3'-P(i+1)-O5'(i+1)

      chi for pyrimidines(Y): O4'-C1'-N1-C2
          chi for purines(R): O4'-C1'-N9-C4

    (The number -9999.99 means that the angle can not be calculated) 

Ch Res  Num    alpha    beta     gamma    delta  epsilon    zeta     chi
A   U    1  -9999.99  -119.26   -79.14    78.21   150.75   -14.57  -135.26
A   C    2   -107.10  -176.41    51.70    80.82  -165.10   -73.66  -164.29
A   C    3    -91.47  -151.43    62.24    82.76  -161.14   -78.74  -155.22
A   G    4    -43.82   164.80    49.59    81.54  -179.32   -46.16  -169.06
A   U    5   -113.17  -143.02    65.58    81.21   179.60   -56.68  -150.47
A   G    6   -121.82   161.16   105.96    80.81  -117.93  -101.81  -176.99
A   A    7    -25.27   158.06    46.20   146.53   -69.51   -85.52  -120.16
A   U    8    -68.46   161.72    84.01    79.94   -82.70  -154.36   177.50
A   A    9     83.99  -159.64  -120.37   145.33   -81.34   -82.83   -87.79
A   G   10    168.39  -161.72    65.88    81.87  -165.60   -60.28   177.70
A   U   11    -86.77  -155.77    61.11    82.24  -179.15   -55.75  -154.82
A   U   12   -102.29  -150.62    62.63    82.91  -174.94   -80.91  -154.64
A PSU   13    147.66  -135.47  -172.23    79.50  -147.58   -87.71 -9999.99
A   A   14    171.88  -169.95   164.87    80.03   -96.50   -96.00   179.97
A   A   15    -69.49   143.04    73.35    81.48  -111.91  -130.47  -155.71
A H2U   16    149.79   153.63    79.78   144.33  -139.18   -66.58   169.91
A   G   17     80.05   144.90    71.87   146.82  -141.95  -158.29  -108.69
A   G   18    179.94   104.13   155.37   146.08  -121.95   -89.17  -117.70
A H2U   19    -92.07   150.37  -119.35   144.56  -147.13   -21.10   117.63
A   C   20    156.92   100.33   113.50   143.62  -116.83   -33.50   136.41
A   A   21     99.41   131.25    15.93    80.30   166.30   -99.73  -140.25
A   G   22    -73.97  -173.78    59.86    81.77  -159.05   -55.08  -163.09
A   A   23   -129.20   156.78   129.67    79.26  -117.36  -101.66  -175.34
A   A   24    -32.57   150.26    33.72    81.04  -168.51   -56.19  -159.08
A   U   25    -85.56  -158.70    58.18    82.30  -178.57   -52.55  -154.52
A   G   26   -121.04  -152.81    79.03    82.16  -158.74   -71.17  -157.39
A   G   27    -74.28   176.95    68.61    82.07  -127.35   -94.85   174.97
A   G   28    -43.94   170.09    38.19    83.06  -157.88   -61.81  -159.70
A   C   29    -65.64  -179.06    57.63    81.30  -166.45   -70.68  -163.01
A   G   30   -172.13  -178.56   153.80    80.99  -138.48   -92.03  -171.16
A   C   31    -19.06   147.05    22.49    81.10  -132.79   -87.37  -169.68
A PSU   32    -28.83   156.28    34.09    81.27  -128.66   -96.03 -9999.99
A   U   33    -21.62   152.17    18.88    80.33  -145.79   -48.00  -160.90
A   G   34    158.40   146.33    48.65    81.67  -113.40   -93.59   166.34
A   U   35    -44.46   167.25    33.37    80.40   166.70   -44.19  -151.08
A   C   36   -116.79  -156.97    64.76    82.66  -160.65   -59.16  -156.66
A 1MG   37    -96.83   160.23    90.67    80.74  -166.12   -56.20   168.17
A   C   38   -111.78  -111.28    56.85    81.90   160.18   -15.18  -150.96
A   G   39   -110.40   170.86    85.07    83.20  -104.52  -113.12   169.27
A   U   40    -34.36   136.23    33.88    80.64  -158.81   -80.81  -164.73
A   G   41    -78.08   175.23    72.55    80.80  -164.26   -75.32  -164.95
A   C   42    -71.81  -178.97    60.08    81.90   170.15   -43.81  -159.94
A   C   43   -105.96  -148.47    63.93    81.47  -164.36   -68.71  -147.64
A   A   44    -61.04   172.62    47.11    80.64  -132.34   -87.67  -152.99
A   G   45    -42.83   149.18    48.18    81.49  -124.37  -107.40  -155.65
A   A   46   -108.45  -178.72   107.86    81.70  -121.01   -86.95  -145.69
A   U   47    -95.63   121.39   165.61   147.05  -152.24   122.61  -135.02
A 5MC   48    -38.49  -141.90    88.53    81.29  -135.32   -94.19  -176.04
A   G   49    -30.55   169.47    16.34    79.99  -170.06   -82.04  -155.98
A   G   50    178.63  -149.48   150.24    80.46  -115.87   -92.13   178.17
A   G   51    -39.47   155.50    31.28    80.29  -174.02   -94.92  -162.54
A   G   52    160.10  -131.69   166.41    79.26  -106.92  -106.44   163.91
A 5MU   53    -33.55   155.45    32.17    81.06  -134.50   -99.65  -152.26
A PSU   54      4.28   145.20    12.87    81.36  -146.49   -83.62 -9999.99
A   C   55    177.46  -175.30    41.00    81.24  -128.27   -77.59  -175.81
A   A   56    -49.88   165.35    46.43    82.07  -158.85   -45.82  -168.36
A   A   57    -66.44  -130.42    59.30   145.98  -146.44  -156.01   -75.83
A   U   58    121.09  -168.46    69.64    83.14  -122.24   -69.49  -179.77
A   U   59    -55.49   165.71    58.54   142.60   -86.94   -74.66  -127.58
A   C   60    -79.18  -172.29    33.55    81.30  -178.00   -52.04  -173.52
A   C   61   -104.81  -179.10    85.53    78.66  -115.24   -90.64   174.15
A   C   62    -79.63   153.41    80.10    80.68  -129.98  -108.03  -178.57
A   C   63    -24.72   149.19    29.20    81.43  -165.04   -71.72  -160.55
A   G   64    -74.94  -168.74    61.06    81.75   176.87   -55.67  -154.68
A   U   65    -85.58  -155.92    51.56    81.55  -168.13   -64.90  -146.50
A   C   66    -76.76   177.72    55.84    80.62  -160.14   -76.42  -163.49
A   G   67    -75.96  -177.20    52.15    82.77  -179.08   -42.36  -171.47
A   C   68    -86.48  -155.48    52.07    80.83  -144.08   -96.36  -153.85
A   G   69    -29.41   153.66    21.74    80.56   177.92   -65.34  -161.25
A   G   70    -90.82  -162.86    69.08    82.66   177.89   -65.36  -170.04
A   A   71   -118.12  -151.01    85.03    81.80  -154.41   -83.94  -172.09
A   G   72    -26.40   162.49    38.67    81.87 -9999.99 -9999.99  -164.99
