PDB data file name: tRNA_dataset/5cd1_chain_N.pdb_new
-----------------------------------------------------------
CRITERIA USED TO GENERATE BASE-PAIR: 
  3.40 --> upper H-bond length limits (ON..ON).
 26.00 --> max. distance between paired base origins.
  2.50 --> max. vertical distance between paired base origins.
 65.00 --> max. angle between paired bases [0-90].
  5.40 --> min. distance between RN9/YN1 atoms.
  8.00 --> max. distance criterion for helix break[0-12]
-----------------------------------------------------------
BASE-PAIR INSTRUCTIONS: 
Column 1 is rnaview assigned base numbers n1_n2, start from 1.
Column 2 & 3 are chain ID & residue number in input PDB file.
Column 4 is for base pair. The left & right are the bases as 
         identified by column 2 & 3 and 5 & 6.
Column 5 & 6 are residue number & chain ID in input PDB file.
Column 7 is for base pair annotation. The standard Watson-Crick
         (W.C.) pairs are annotated as -/- (AU,AT) or +/+ (GC).
         Other pairs are annotated as Leontis_Westhof Classification.
         The three edges: W(Watson-Crick); H(Hoogsteen); S(suger).
         e.g. W/H means the pair is edge of Watson-Crick & Hoogsteen.
Column 8 is glycosidic bond orientation (either cis or trans).
         e.g. 'W/H cis' means the pair is interaction on Watson-Crick
         and Hoogsteen side, glycosidic bond orientation is 'cis'.
Column 9 corresponds to Saenger Classification.

Other columns: 
        Syn sugar-base conformations are annotated as (syn).
        Stacked base pairs are annotated as (stack).
        Non-identified edges are annotated as (.) or (?)
        Tertiary interactions are marked by (!) in the line.
Reference:
Yang et al (2003) Nucleic Acids Research, Vol31,No13,p3450-3461.
-----------------------------------------------------------
BEGIN_base-pair
     1_74, N:     0 G-G    73 N: H/S tran        n/a
     1_76, N:     0 G-C    75 N: +/+ cis      syn  XIX
     2_73, N:     1 G-C    72 N: +/+ cis         XIX
     3_72, N:     2 C-G    71 N: +/+ cis         XIX
     4_71, N:     3 C-G    70 N: +/+ cis         XIX
     5_70, N:     4 C-G    69 N: +/+ cis         XIX
     6_69, N:     5 G-C    68 N: +/+ cis         XIX
      7_8, N:     6 G-A     7 N:      stacked
     7_68, N:     6 G-U    67 N: W/W cis         XXVIII
     8_67, N:     7 A-U    66 N: -/- cis         XX
    10_24, N:     9 A-A    23 N: H/H tran        II
    11_26, N:    10 G-C    25 N: +/+ cis         XIX
    12_25, N:    11 C-G    24 N: +/+ cis         XIX
    13_14, N:    12 U-C    13 N:      stacked
    14_23, N:    13 C-G    22 N: +/+ cis         XIX
    14_24, N:    13 C-A    23 N:      stacked
    23_47, N:    22 G-G    46 N: H/W tran     syn  VII
    27_45, N:    26 A-G    44 N: W/W cis         VIII
    28_29, N:    27 U-C    28 N:      stacked
    28_44, N:    27 U-A    43 N: -/- cis         XX
    29_43, N:    28 C-G    42 N: +/+ cis         XIX
    30_42, N:    29 A-U    41 N: -/- cis         XX
    31_41, N:    30 G-C    40 N: +/+ cis         XIX
    32_40, N:    31 A-U    39 N: -/- cis         XX
    33_34, N:    32 C-U    33 N:      stacked
    33_39, N:    32 C-A    38 N: W/W cis         n/a
    34_38, N:    33 U-A    37 N: -/- cis         XX
    50_66, N:    49 C-G    65 N: +/+ cis         XIX
    51_65, N:    50 A-U    64 N: -/- cis         XX
    52_53, N:    51 G-G    52 N:      stacked
    52_64, N:    51 G-C    63 N: +/+ cis         XIX
    53_63, N:    52 G-C    62 N: W/W cis         n/a
    53_64, N:    52 G-C    63 N:      stacked
    54_63, N:    53 G-C    62 N:      stacked
    55_56, N:    54 U-U    55 N:      stacked
    68_69, N:    67 U-C    68 N:      stacked
    73_74, N:    72 C-G    73 N:      stacked
     9_15, N:     8 U-A    14 N: H/. cis      syn  !1H(b_b).
    11_46, N:    10 G-G    45 N: H/S cis         !1H(b_b)
    56_62, N:    55 U-C    61 N: W/W cis         !1H(b_b)
    20_21, N:    19 G-U    20 N: S/. cis    syn syn  !(s_s)
    21_22, N:    20 U-A    21 N: S/S cis    syn syn  !(s_s)
    36_37, N:    35 U-U    36 N: S/. tran     syn  !(s_s)
    56_59, N:    55 U-A    58 N: W/H tran        !(s_s)
    59_60, N:    58 A-G    59 N: S/S tran        !(s_s)
    74_76, N:    73 G-C    75 N: S/W cis      syn  !(s_s)
END_base-pair

Summary of triplets and higher multiplets
BEGIN_multiplets
1_74_76_| [1 3]  N: 0 G  +  N: 73 G  +  N: 75 C
14_23_47_| [2 3]  N: 13 C  +  N: 22 G  +  N: 46 G
END_multiplets

  The total base pairs =  26 (from   76 bases)
------------------------------------------------
 Standard  WW--cis  WW-tran  HH--cis  HH-tran  SS--cis  SS-tran
       19        4        0        0        1        0        0
  WH--cis  WH-tran  WS--cis  WS-tran  HS--cis  HS-tran
        0        1        0        0        0        1
------------------------------------------------
