The backbone torsional angle for nucleic acid 

 
Note: alpha:   O3'(i-1)-P-O5'-C5'
      beta:    P-O5'-C5'-C4'
      gamma:   O5'-C5'-C4'-C3'
      delta:   C5'-C4'-C3'-O3'
      epsilon: C4'-C3'-O3'-P(i+1)
      zeta:    C3'-O3'-P(i+1)-O5'(i+1)

      chi for pyrimidines(Y): O4'-C1'-N1-C2
          chi for purines(R): O4'-C1'-N9-C4

    (The number -9999.99 means that the angle can not be calculated) 

Ch Res  Num    alpha    beta     gamma    delta  epsilon    zeta     chi
C   G  501  -9999.99  -175.57    48.94    89.41  -146.43   -83.44  -170.04
C   G  502    -67.94   177.81    50.10    82.21  -146.65   -66.24  -163.72
C   C  503    -67.85   174.09    51.07    84.17  -152.22   -71.28  -162.13
C   C  504    -66.68   177.06    49.43    82.36  -156.16   -76.59  -159.14
C   C  505    -61.87   169.52    54.75    82.64  -152.29   -73.44  -168.94
C   C  506    -65.77   171.79    59.02    87.34  -158.48   -77.42  -160.41
C   A  507    -50.18  -174.16    48.63   112.44    28.55   160.19  -122.92
C   U  508    -43.06   173.38    37.74    83.56  -140.51   -80.62  -150.29
C   C  509   -170.67   130.21  -178.46   128.90   -79.05   -66.19  -105.81
C   G  510   -174.14   177.33    55.81    86.17  -141.84   -73.44   179.74
C   U  511    -58.51   176.22    45.37    79.97  -151.38   -75.07  -163.07
C   C  512    -59.90  -178.55    43.53    79.91  -156.51   -57.26  -159.98
C   U  513    156.96  -171.04  -177.15    85.11  -152.90   -72.90  -175.77
C   A  514    -62.45  -172.54    48.12    79.87  -139.12   -61.80  -167.07
C   G  515    -51.66   166.43    63.42   131.62  -131.09   -87.56  -120.46
C   C  516    153.93  -114.45   174.84    83.18  -106.34   116.46  -141.83
C   G  518     66.65  -162.85   -46.82   109.69    70.57    60.76  -105.65
C   G  519   -134.15  -129.36    49.32   111.86    79.52   129.61   -62.11
C   U  520    -38.87   132.54    33.10    82.62  -126.84   -80.60  -114.86
C   U  520    150.98  -179.81    57.46    86.75  -125.23   -81.63  -158.98
C   A  521     89.87   137.93    84.15    79.03  -130.07  -161.15  -172.85
C   G  522    -66.20   139.26    49.56    78.29  -143.13   -82.46  -171.79
C   G  523    -53.82   167.56    52.66    79.60  -147.78   -75.82  -170.41
C   A  524    -54.38   169.19    47.87    79.42  -150.58   -75.95  -168.47
C   C  525    -64.74   174.41    56.07    82.53  -137.52   -66.28  -169.03
C   G  526    -58.17   164.02    48.35    81.60  -148.08   -68.97  -166.23
C   C  527    -67.59   176.30    52.09    80.38  -142.29   -78.76  -163.32
C   G  528    -65.65   174.53    49.59    77.82  -151.19   -75.45  -167.37
C   G  529    -61.35   173.93    51.07    81.20  -161.88   -65.91  -166.86
C   C  530    -68.25   178.67    55.20    81.93  -151.64   -74.36  -162.85
C   C  531    -62.31   171.70    54.87    81.85  -143.70   -63.87  -163.43
C   C  532    -63.29   172.08    52.26    84.20  -112.72   -79.18  -163.01
C   U  533    -56.04   153.69    55.91    87.20  -166.60   -84.75  -138.66
C   C  534    161.36   161.91    46.71    86.85  -150.75   -97.31  -167.66
C   U  535    -60.86   176.68    53.37    84.43  -137.23   -70.39  -165.48
C   C  536    -58.31   165.22    50.39    81.32  -160.71   -75.52  -151.13
C   A  537    144.46  -151.63   179.39    84.54  -131.78   -69.36  -174.32
C   A  538    -58.78   164.50    50.91    83.76  -140.13   -61.68  -168.97
C   G  539    -70.43   174.56    54.92    79.72  -149.61   -77.13  -162.70
C   G  540    -56.03   171.11    48.23    82.21  -147.31   -72.78  -163.26
C   C  541    -65.58   171.85    54.90    79.81  -153.23   -70.94  -162.42
C   C  542    -67.41   169.78    59.76    77.20  -145.99   -72.44  -170.98
C   G  543    -49.18   168.52    51.88    80.21  -155.16   -83.71  -164.14
C   A  544    -63.85   171.97    49.23    83.57  -139.71   -65.35  -155.06
C   A  545    -60.47   172.89    45.60    79.41  -125.82  -122.11  -150.71
C   A  546    -42.21   165.52    53.85    84.95  -140.88   -71.08  -128.52
C   C  548    -86.55   110.58   171.85   132.67  -151.68    66.91  -123.94
C   G  549     51.67   146.31    43.42    81.75  -143.32   -78.62  -173.76
C   G  550    -58.87   175.95    46.35    80.33  -156.67   -65.25  -170.24
C   G  551    -66.35  -170.06    42.35    81.61  -175.08   -77.91  -159.86
C   G  552    164.89  -157.67   165.06    87.32  -100.39   -53.70   172.61
C   G  553   -105.43    92.31   147.67    88.72  -113.64   -75.65   167.35
C   U  554    -57.77   171.40    43.35    80.60  -126.69   -73.41  -164.36
C   U  555    -57.15   161.71    51.15    81.63  -136.69   -60.80  -153.89
C   C  556    165.44   155.30    55.19    83.02  -133.70   -66.15  -161.54
C   G  557    -67.02   170.82    51.10    81.50  -119.71  -164.31  -157.44
C   A  558    127.73  -102.89  -161.48    94.92    85.96    84.36  -129.67
C   U  559     81.39   176.06    50.05    85.99  -151.09   -54.66  -164.12
C   U  560    -69.93   174.12    67.14   129.55  -104.11   -67.85  -122.48
C   C  561   -100.14  -162.04    43.45    83.92  -154.97   -77.38  -178.33
C   C  562    -78.31  -174.58    57.59    85.26  -155.95   -72.95  -171.02
C   C  563    -67.05  -177.13    49.54    83.28  -153.61   -73.86  -164.74
C   C  564    -63.40   172.51    54.56    83.45  -152.45   -72.44  -164.20
C   C  565    -63.56   169.63    58.52    86.91  -155.79   -63.28  -170.54
C   U  566    -79.74  -177.56    58.19    84.75  -152.92   -68.10  -159.01
C   G  567    -67.32   174.39    50.33    82.39  -154.10   -71.45  -159.78
C   G  568    -62.93   173.15    44.98    78.07  -156.13   -74.41  -167.12
C   G  569    -57.77   172.39    51.12    82.83  -160.05   -74.00  -171.79
C   G  570    -54.35   170.23    52.59    86.29  -146.52   -69.60  -169.57
C   U  571    -79.59   169.83    65.40    86.50  -159.76   -71.51  -155.41
C   C  572    -82.96   179.54    60.33    87.86  -132.61    81.41  -148.84
C   A  573   -134.86  -114.90   -65.46   117.81    72.39    90.74  -120.02
C   C  574    137.58   163.75   -59.41   137.31  -173.73   104.86  -114.10
C   C  575     58.44   117.71  -169.73    81.37  -157.77   -91.70  -149.02
C   A  576    146.76  -127.91   159.48    77.67 -9999.99 -9999.99  -168.11
