PDB data file name: ./Datasets/pdb_select_tRNA/4v7d_B.pdb_new
-----------------------------------------------------------
CRITERIA USED TO GENERATE BASE-PAIR: 
  3.40 --> upper H-bond length limits (ON..ON).
 26.00 --> max. distance between paired base origins.
  2.50 --> max. vertical distance between paired base origins.
 65.00 --> max. angle between paired bases [0-90].
  5.40 --> min. distance between RN9/YN1 atoms.
  8.00 --> max. distance criterion for helix break[0-12]
-----------------------------------------------------------
BASE-PAIR INSTRUCTIONS: 
Column 1 is rnaview assigned base numbers n1_n2, start from 1.
Column 2 & 3 are chain ID & residue number in input PDB file.
Column 4 is for base pair. The left & right are the bases as 
         identified by column 2 & 3 and 5 & 6.
Column 5 & 6 are residue number & chain ID in input PDB file.
Column 7 is for base pair annotation. The standard Watson-Crick
         (W.C.) pairs are annotated as -/- (AU,AT) or +/+ (GC).
         Other pairs are annotated as Leontis_Westhof Classification.
         The three edges: W(Watson-Crick); H(Hoogsteen); S(suger).
         e.g. W/H means the pair is edge of Watson-Crick & Hoogsteen.
Column 8 is glycosidic bond orientation (either cis or trans).
         e.g. 'W/H cis' means the pair is interaction on Watson-Crick
         and Hoogsteen side, glycosidic bond orientation is 'cis'.
Column 9 corresponds to Saenger Classification.

Other columns: 
        Syn sugar-base conformations are annotated as (syn).
        Stacked base pairs are annotated as (stack).
        Non-identified edges are annotated as (.) or (?)
        Tertiary interactions are marked by (!) in the line.
Reference:
Yang et al (2003) Nucleic Acids Research, Vol31,No13,p3450-3461.
-----------------------------------------------------------
BEGIN_base-pair
     4_69, B:     4 C-G    69 B: +/+ cis         XIX
     5_68, B:     5 G-C    68 B: +/+ cis         XIX
     6_67, B:     6 G-C    67 B: +/+ cis         XIX
     7_49, B:     7 A-C    49 B:      stacked
     9_45, B:     9 A-U    45 B: S/W cis    syn    n/a
     9_46, B:     9 A-G    46 B: S/W cis    syn syn  n/a
    10_25, B:    10 G-C    25 B: +/+ cis         XIX
    11_24, B:    11 C-G    24 B: +/+ cis         XIX
    13_22, B:    13 C-G    22 B: +/+ cis         XIX
    13_23, B:    13 C-A    23 B: W/W cis         n/a
    24_25, B:    24 G-C    25 B:      stacked
    26_44, B:    26 A-G    44 B: W/W cis         VIII
    27_43, B:    27 G-C    43 B: W/W cis         n/a
    36_37, B:    36 A-A    37 B:      stacked
    38_39, B:    38 A-U    39 B:      stacked
    41_42, B:    41 C-C    42 B:      stacked
    48_59, B:    48 C-U    59 B:      stacked
    50_64, B:    50 U-A    64 B: -/- cis         XX
    51_63, B:    51 U-G    63 B: W/W cis         XXVIII
    52_62, B:    52 G-C    62 B: +/+ cis         XIX
    53_61, B:    53 G-C    61 B: W/W cis         n/a
    54_58, B:    54 U-A    58 B: W/H tran        XXIV
    74_75, B:    74 C-C    75 B:      stacked
    75_76, B:    75 C-A    76 B:      stacked
     3_70, B:     3 C-G    70 B: W/W cis         !1H(b_b)
     9_23, B:     9 A-A    23 B: W/H tran   syn    !1H(b_b)
    26_43, B:    26 A-C    43 B: H/W cis         !1H(b_b)
    32_38, B:    32 U-A    38 B: S/W cis         !1H(b_b)
     8_21, B:     8 U-A    21 B: S/W tran        !(b_s)
    30_41, B:    30 G-C    41 B: W/W cis         !(s_s)
    33_35, B:    33 U-A    35 B: S/S tran        !(s_s)
    33_36, B:    33 U-A    36 B: S/H tran        !(s_s)
    47_48, B:    47 U-C    48 B: S/. cis    syn    !(s_s)
END_base-pair
  The total base pairs =  16 (from   76 bases)
------------------------------------------------
 Standard  WW--cis  WW-tran  HH--cis  HH-tran  SS--cis  SS-tran
        8        5        0        0        0        0        0
  WH--cis  WH-tran  WS--cis  WS-tran  HS--cis  HS-tran
        0        1        2        0        0        0
------------------------------------------------
