BEGIN_base-pair
     7_64, C:     7 C-G    66 C: +/+ cis         XIX
     8_14, C:     8 U-A    14 C: W/H tran        XXIV
    10_24, C:    10 G-U    25 C: W/W cis         XXVIII
    11_23, C:    11 U-A    24 C: -/- cis         XX
    11_23,-
7_64_8_14_10_24_11_23_0, click this line to see above pattern
0_0,---------
    30_38, C:    31 A-U    39 C: -/- cis         XX
    31_37, C:    32 U-U    38 C: W/W cis         XVI
    47_63, C:    49 C-G    65 C: W/H cis      syn  n/a
    48_62, C:    50 C-G    64 C: +/+ cis         XIX
    48_62,-
30_38_31_37_47_63_48_62_0, click this line to see above pattern
0_0,---------
    12_22, C:    12 G-C    23 C: +/+ cis         XIX
    13_21, C:    13 U-U    22 C: W/W cis         XVI
    14_20, C:    14 A-A    21 C: W/S cis         n/a
    15_46, C:    15 G-C    48 C: W/W tran        XXII
    17_53, C:    18 G-U    55 C: W/S tran        n/a
    18_54, C:    19 G-C    56 C: +/+ cis         XIX
    18_54,-
12_22_13_21_14_20_15_46_17_53_18_54_0, click this line to see above pattern
0_0,---------
END_base-pair
