The backbone torsional angle for nucleic acid 

 
Note: alpha:   O3'(i-1)-P-O5'-C5'
      beta:    P-O5'-C5'-C4'
      gamma:   O5'-C5'-C4'-C3'
      delta:   C5'-C4'-C3'-O3'
      epsilon: C4'-C3'-O3'-P(i+1)
      zeta:    C3'-O3'-P(i+1)-O5'(i+1)

      chi for pyrimidines(Y): O4'-C1'-N1-C2
          chi for purines(R): O4'-C1'-N9-C4

    (The number -9999.99 means that the angle can not be calculated) 

Ch Res  Num    alpha    beta     gamma    delta  epsilon    zeta     chi
C GTP    1  -9999.99 -9999.99    -0.77   105.65  -132.29   -79.03  -171.63
C   C    2    -67.04   166.53    43.84    78.94  -144.84   -76.14  -159.47
C   G    3    -61.36   175.16    48.34    70.82    87.15    69.38  -154.98
C   C    4   -170.64  -158.25    45.65    74.96   124.63    54.82  -142.16
C   C    5    178.75   101.28   137.87    82.61  -136.81   -64.11  -163.28
C   G    6    -61.52   162.38    65.33    77.73  -146.78   -81.93  -175.12
C   C    7    -52.75   171.48    69.46   145.64  -113.84   -44.17  -132.89
C   U    8    -86.45  -137.53    58.95    81.58  -126.07  -161.86  -163.66
C   G    9    108.42  -149.50  -123.50   143.57   -91.23   -68.56   -95.70
C   G   10    162.81  -163.58    80.96    82.83  -128.83   -78.31   177.28
C   U   11    -57.69   167.29    48.94    77.34  -142.44   -74.15  -167.46
C   G   12    -61.39   167.92    54.67    75.86  -157.78   -66.62  -165.59
C   U   13    158.97  -166.09  -179.10    83.12  -150.72   -81.56  -165.33
C   A   14    -68.71   177.81    54.43    79.97  -135.35   -72.99  -173.19
C   G   15    -54.49   158.98    54.23    81.17  -122.60  -114.45  -171.34
C   U   16    -66.61   136.11    66.43    81.16  -168.00   -97.45  -165.81
C   G   18    167.26  -140.90   -66.15   148.81   -80.33  -175.19  -117.75
C   G   19    113.85  -154.73  -176.55   142.37  -113.76   107.51  -105.80
C   U   20   -156.77  -159.54    87.67    95.76   -59.82   105.76   -55.67
C   A   21   -132.06  -179.88    54.54    81.47   169.59  -101.93  -151.48
C   U   22    -57.34  -168.53    46.02    83.59  -152.61   -65.98  -160.85
C   C   23    -72.50   168.84    60.52    79.05  -152.95   -72.41  -156.03
C   A   24    -69.96   170.60    63.10    79.47  -143.11   -72.50  -170.10
C   U   25    -71.57   157.20    71.80    79.09  -138.22   -71.37  -167.41
C   G   26    -47.03   165.77    47.88    82.04  -140.50   -78.40  -163.23
C   C   27    -47.81   166.41    36.43    76.87  -172.48   -79.55  -144.96
C   A   28   -171.65  -147.57   140.95    79.81  -119.64   -91.21  -172.54
C   A   29    -44.79   156.93    35.12    76.68  -143.82   -83.99  -165.98
C   G   30    -44.76   163.24    44.20    77.27  -144.53   -78.30  -160.76
C   A   31    -53.68   161.09    54.63    78.98  -164.13   -75.21  -159.87
C   U   32    164.89  -153.79   162.85    80.21  -117.85   -74.96  -167.22
C   U   33    -41.48   154.58    44.77    76.13  -131.22   -77.22  -156.66
C   C   34    -57.62  -166.29    56.23   143.11     7.79   -74.79   -81.92
C   C   35   -155.41   -82.99  -165.56   144.42  -161.49  -121.43   170.29
C   C   36    -51.67  -161.31    42.38   145.83   -99.99   124.84  -132.90
C   A   37     60.04   174.16   -60.76   149.54   -82.89   -39.33  -105.34
C   U   38    -79.60  -130.13   132.95    83.08  -130.29   -75.10  -165.72
C   U   39    -54.03   168.39    43.50    79.00  -146.45   -82.75  -150.99
C   C   40    -51.47   165.59    43.23    79.14  -152.82   -73.90  -157.91
C   U   41    -60.16   165.78    56.09    79.00  -132.59   -82.22  -159.15
C   U   42    -54.84   156.26    56.33    76.61  -149.76   -76.60  -161.24
C   G   43    -60.11   165.25    59.55    80.04  -154.38   -70.02  -170.95
C   C   44    -60.48   174.28    54.62    80.49  -128.17   -82.77  -165.48
C   G   45    -55.21   164.64    50.21    80.42  -160.93   -79.11  -123.22
C   A   46    -76.07  -159.44    73.70    80.73  -153.55   -68.15  -128.29
C   C   48   -100.86   137.11   163.70   145.08  -146.21    65.57  -124.50
C   C   49     64.37   157.39    34.20    79.99  -160.41   -80.18  -170.38
C   C   50    177.61  -155.71   151.47    79.24  -114.10   -98.95  -174.15
C   G   51    -48.43   148.21    47.26    77.24  -144.91   -80.28  -171.63
C   G   52    -53.52   164.74    52.26    78.42  -145.51   -76.03  -169.28
C   G   53    -54.82   161.94    61.14    80.18  -140.50   -78.44  -167.73
C   U   54    -52.10   165.06    50.83    83.02  -136.67   -84.14  -161.70
C   U   55    140.57  -142.57   176.19    80.89  -108.92   -44.82  -167.19
C   C   56   -163.96   124.58    33.81    79.84  -138.56   -70.62  -162.14
C   G   57    -71.39   172.70    56.79    82.67  -135.36   -78.09  -163.15
C   A   58    -39.92  -149.92    41.02   142.69  -100.69  -159.85    92.27
C   U   59     52.08  -136.02   109.99    80.60  -144.95   -64.05  -160.06
C   U   60    -70.06  -162.10    58.47   147.81  -105.72   -65.48  -141.18
C   C   61    -89.14   178.31    39.54    79.49  -138.17   -82.25  -167.46
C   C   62    -57.43   166.66    49.91    78.81  -152.75   -71.27  -165.39
C   C   63    -62.41   174.41    52.61    79.11  -137.40   -76.16  -161.35
C   G   64    -77.76   156.34    74.42    75.91  -157.24   -80.27  -172.80
C   G   65    134.69  -173.40  -145.48    82.14  -115.45   -70.23     7.14
C   G   66    -49.76   153.96    51.60    79.19  -137.72   -79.68  -164.81
C   C   67    -51.46   157.78    51.08    76.86  -146.28   -79.82  -161.01
C   G   68    -56.99   168.37    54.10    80.79  -153.48   -73.66  -164.19
C   G   69    -70.52  -175.70    47.45    82.03  -132.31   -79.62  -145.86
C   C   70    -57.29   159.11    56.58    80.12  -154.31  -115.08  -141.05
C   G   71    158.62  -136.38   156.29    83.05 -9999.99 -9999.99  -169.27
