The backbone torsional angle for nucleic acid 

 
Note: alpha:   O3'(i-1)-P-O5'-C5'
      beta:    P-O5'-C5'-C4'
      gamma:   O5'-C5'-C4'-C3'
      delta:   C5'-C4'-C3'-O3'
      epsilon: C4'-C3'-O3'-P(i+1)
      zeta:    C3'-O3'-P(i+1)-O5'(i+1)

      chi for pyrimidines(Y): O4'-C1'-N1-C2
          chi for purines(R): O4'-C1'-N9-C4

    (The number -9999.99 means that the angle can not be calculated) 

Ch Res  Num    alpha    beta     gamma    delta  epsilon    zeta     chi
C   G  501  -9999.99   173.72    38.59    90.40  -139.20   -80.33  -175.65
C   G  502    -73.32  -179.36    52.37    85.29  -139.16   -73.71  -164.99
C   C  503    -69.08   167.68    55.45    81.70  -148.93   -70.91  -160.45
C   C  504    -59.77   170.91    50.60    79.49  -156.27   -76.75  -161.61
C   C  505    -55.84   170.34    50.77    79.42  -153.30   -68.43  -157.88
C   C  506    -67.77   171.75    62.78    85.68  -159.20   -80.35  -165.19
C   A  507    -44.94  -177.39    50.18   112.39    27.79   158.97  -124.57
C   U  508    -37.40   165.70    33.34    77.36  -135.75   -84.33  -154.03
C   C  509   -161.01   124.97   177.08   131.92   -72.61   -64.97  -105.35
C   G  510   -175.56   173.01    57.49    88.64  -136.50   -79.37   179.70
C   U  511    -57.08   173.14    45.92    82.97  -153.38   -72.99  -165.19
C   C  512    -64.84  -172.56    43.37    80.23  -154.43   -64.23  -157.39
C   U  513    148.52  -158.41  -170.33    83.01  -148.42   -76.87   177.68
C   A  514    -61.12  -167.76    42.80    81.59  -145.16   -61.09  -160.57
C   G  515    -57.30   166.29    69.51   123.76  -131.46   -87.95  -123.23
C   C  516    164.22  -105.80   175.72    83.55  -112.09   117.43  -153.47
C   G  518     89.06  -165.01   -63.69   112.05    69.15    68.64  -110.64
C   G  519   -138.04  -132.44    49.68   112.12    83.43   125.00   -61.69
C   U  520    -42.16   135.57    31.65    82.18  -127.78   -58.19  -115.05
C   U  520    179.68   148.89    46.24    80.60  -129.69   -76.30  -163.08
C   A  521     93.72   131.99    81.22    80.47  -131.19  -156.29  -166.03
C   G  522    -69.88   144.67    46.79    79.52  -149.15   -83.92  -169.33
C   G  523    -46.50   166.93    49.01    82.72  -157.17   -68.19  -169.31
C   A  524    -69.94   179.92    50.72    81.12  -149.58   -79.54  -167.36
C   C  525    -57.51   177.00    49.75    84.77  -149.50   -56.47  -167.38
C   G  526    -71.46   177.51    49.85    83.65  -148.54   -65.00  -162.28
C   C  527    -65.18   177.31    50.32    81.37  -140.75   -80.51  -159.37
C   G  528    -60.55   171.20    47.08    80.84  -152.06   -73.30  -168.53
C   G  529    -69.67   174.07    57.74    79.66  -163.07   -65.53  -169.52
C   C  530    -74.49  -176.26    56.83    85.17  -153.80   -73.25  -161.87
C   C  531    -65.30   171.00    56.47    82.03  -138.67   -76.69  -163.42
C   C  532    -50.49   161.82    49.12    85.06  -116.72   -72.76  -162.89
C   U  533    -60.31   157.02    54.96    84.23  -163.47   -81.08  -142.30
C   C  534    164.80   157.21    45.06    85.92  -147.53  -104.44  -165.64
C   U  535    -58.80   169.63    55.39    85.04  -133.20   -76.38  -172.04
C   C  536    -51.56   159.89    47.33    81.88  -157.48   -79.63  -154.11
C   A  537    133.91  -149.17  -173.16    85.22  -134.58   -69.28  -177.21
C   A  538    -58.32   167.09    49.36    86.99  -145.59   -59.70  -168.20
C   G  539    -67.59   171.84    51.82    80.67  -150.84   -77.40  -165.82
C   G  540    -61.15   176.11    50.07    80.21  -151.22   -66.42  -165.52
C   C  541    -68.93   179.12    55.43    83.06  -161.71   -65.42  -158.16
C   C  542    -74.75   179.92    56.52    79.46  -154.00   -70.82  -166.48
C   G  543    -54.96   170.42    55.29    81.34  -158.38   -77.96  -164.12
C   A  544    -68.37  -178.51    49.54    82.26  -138.20   -66.86  -153.29
C   A  545    -60.15   170.16    50.54    79.36  -123.45  -118.08  -149.83
C   A  546    -42.55   167.97    55.21    82.31  -140.21   -67.67  -125.57
C   C  548    -88.58   110.48   169.36   132.00  -146.23    67.16  -127.05
C   G  549     47.77   147.20    43.47    81.81  -141.16   -73.06  -176.39
C   G  550    -64.34   179.02    50.28    80.01  -153.89   -72.86  -165.24
C   G  551    -56.43   173.00    46.96    82.12  -163.86   -89.46  -162.58
C   G  552    156.68  -147.95   167.49    85.44  -107.28   -54.03   177.78
C   G  553   -105.80    99.23   144.01    86.58  -121.08   -69.60   162.64
C   U  554    -65.13  -179.85    42.48    82.85  -125.70   -74.23  -159.03
C   U  555    -47.32   154.85    49.85    79.50  -143.03   -58.69  -153.69
C   C  556    167.95   150.28    51.83    85.21  -130.37   -71.35  -174.32
C   G  557    -65.62   169.39    47.17    83.48  -133.06  -160.39  -153.96
C   A  558    140.56  -106.13  -163.26   103.62    87.65    80.68  -126.58
C   U  559     74.33   169.75    50.35    87.00  -155.89   -49.41  -170.89
C   U  560    -72.48  -175.95    61.54   128.55   -99.28   -72.10  -129.82
C   C  561    -98.08  -161.36    44.22    84.96  -161.87   -71.05  -174.00
C   C  562    -70.33  -170.95    49.58    84.79  -157.34   -70.37  -159.95
C   C  563    -69.32  -178.67    50.74    83.60  -156.14   -77.88  -161.54
C   C  564    -66.20   171.66    54.66    83.57  -138.80   -81.43  -165.32
C   C  565    -56.25   157.51    57.17    86.04  -157.61   -68.93  -159.44
C   U  566    -65.60   179.17    49.35    84.21  -152.13   -70.73  -153.32
C   G  567    -55.70   171.08    45.24    83.50  -154.21   -72.00  -159.70
C   G  568    -69.48   178.41    51.22    80.58  -156.58   -69.78  -164.32
C   G  569    -56.71   173.09    49.44    82.15  -154.88   -75.72  -168.09
C   G  570    -53.20   169.65    51.72    84.14  -152.35   -65.75  -168.66
C   U  571    -77.94   173.55    64.22    85.49  -157.39   -72.10  -163.96
C   C  572    -84.22   175.84    61.81    86.42  -147.31   151.11  -146.41
C   A  573    -85.62  -125.21  -147.16   116.36    59.76   122.84  -145.60
C   C  574     17.41  -149.86    25.47   109.20    91.12   171.48  -105.21
C   C  575     37.52   143.86  -110.97    79.81  -175.84   -79.51  -131.93
C   A  576    158.55  -140.35   153.89    78.63 -9999.99 -9999.99  -155.63
