The backbone torsional angle for nucleic acid 

 
Note: alpha:   O3'(i-1)-P-O5'-C5'
      beta:    P-O5'-C5'-C4'
      gamma:   O5'-C5'-C4'-C3'
      delta:   C5'-C4'-C3'-O3'
      epsilon: C4'-C3'-O3'-P(i+1)
      zeta:    C3'-O3'-P(i+1)-O5'(i+1)

      chi for pyrimidines(Y): O4'-C1'-N1-C2
          chi for purines(R): O4'-C1'-N9-C4

    (The number -9999.99 means that the angle can not be calculated) 

Ch Res  Num    alpha    beta     gamma    delta  epsilon    zeta     chi
W   G    1  -9999.99  -176.02    56.63    81.05  -152.33   -68.75  -173.32
W   C    2    -63.54  -175.10    49.68    81.25  -168.56   -72.20  -159.97
W   G    3    161.37  -160.39   169.50    81.83  -132.10   -86.13   178.67
W   G    4    -50.05   161.56    46.40    80.59  -128.70  -100.81  -167.37
W   G    5    -55.35   146.34    56.55    78.36  -149.60   -66.84  -164.53
W   G    6    -61.45   179.45    50.56    78.41  -160.85   -74.88  -169.99
W   A    7    -60.93   175.87    72.47   144.76   -95.39   -48.21  -139.90
W   U    8    -69.94  -165.47    58.10    80.95  -118.34  -146.86  -152.91
W   A    9     53.30   169.79   -61.69   148.21   -86.41  -131.38   -73.09
W   G   10    160.13  -128.77    63.35    84.70  -144.75   -75.08  -177.56
W   C   11    -61.24   178.11    48.55    83.10  -153.81   -69.10  -164.12
W   U   12    -64.04  -178.39    47.29    81.63  -161.20   -62.75  -156.08
W   C   13    163.72  -173.25   173.31    81.87  -171.14   -63.11  -165.32
W   A   14    166.45  -179.70   178.11    82.42  -121.84   -68.37   177.26
W   G   15    -46.00   163.29    40.27    80.65   -98.91  -175.32  -159.96
W   U   16    -54.41   111.05    50.45    81.38   -80.54  -139.54  -141.39
W   U   17     97.66  -124.25    78.81   146.03  -108.18  -113.02  -126.23
W   G   18     81.20   177.30    84.20   152.35  -132.39  -141.36  -102.81
W   G   19    -64.00  -141.87    38.09   143.29  -148.80   145.09   -49.16
W   G   20     -2.95   176.83    47.56    84.25  -103.63   -63.62  -172.42
W   A   21    -48.30  -108.25  -176.77    80.65  -152.32  -127.47  -152.99
W   G   22    -61.33   136.89    66.55    80.39  -166.85   -69.52  -163.88
W   A   23    -75.92  -164.95    48.84    81.10  -148.16   -76.43  -168.12
W   G   24    -60.73   170.05    50.94    80.64  -153.65   -68.32  -163.59
W   C   25    -65.15   173.06    55.20    79.51  -148.69   -57.25  -160.87
W   G   26    -65.74  -176.98    48.10    79.46  -131.84   -77.48   171.27
W   U   27    -63.56   175.17    52.13    80.44  -153.76   -66.43  -173.38
W   C   28    -67.93  -175.34    47.87    80.13  -154.02   -68.66  -162.81
W   A   29    -61.48   169.55    53.74    77.89  -149.27   -77.15  -167.84
W   G   30    -61.05   159.67    63.61    78.70  -147.65   -72.08  -177.45
W   A   31    -64.42   170.32    62.84    80.56  -140.17   -70.43   178.30
W   C   32    -63.51   178.75    52.33    83.27  -138.45   -64.05   179.01
W   U   33    -71.44  -176.64    45.57    80.52  -129.21   -63.87  -160.14
W   G   34    172.87   156.38    45.55    84.62  -129.63   -79.15  -179.70
W   A   35    -63.96   169.55    51.70    80.74  -149.05   -77.19  -173.80
W   A   36    -65.91   174.77    52.92    80.28  -148.11   -67.81  -169.14
W   G   37    -59.89   169.24    54.92    80.85  -162.49   -70.60  -169.68
W   A   38    176.54  -146.32   140.29    81.49  -128.73   -63.34   177.60
W   U   39    -57.08   174.73    48.08    80.38  -149.30   -72.42  -163.25
W   C   40    -61.68   178.58    47.94    80.20  -151.25   -75.95  -164.02
W   U   41    -54.68   168.20    54.52    78.86  -151.88   -77.88  -163.50
W   G   42    -52.66   165.26    52.65    80.53  -172.60   -78.18  -167.29
W   A   43    172.34  -147.66   155.63    82.10  -105.51  -102.54   171.98
W   A   44    -43.92   140.71    44.86    80.24  -139.11   -76.11  -164.80
W   G   45    -49.39   162.80    43.82    79.99  -107.20   -99.89  -156.74
W   G   46    -63.63  -160.88    36.00    78.76  -151.46  -120.26   -93.20
W   U   47    -76.44   155.10   -63.27   147.89  -100.46  -106.03  -128.82
W   C   48     43.81   164.46    59.18   145.95  -150.21    59.63  -125.04
W   G   49     49.67   161.95    42.46    82.77  -150.09   -71.17  -178.79
W   C   50    -61.78  -177.91    49.03    83.14  -152.41   -69.73  -164.60
W   G   51    -62.53  -178.65    45.51    81.55  -171.06   -75.07  -156.39
W   U   52    159.94  -158.49   166.89    81.51  -128.98   -82.78  -179.11
W   G   53    -55.23   163.92    49.85    80.49  -148.94   -76.85  -177.17
W   U   54    -61.27  -177.37    48.38    83.80  -128.03   -75.00  -163.15
W   U   55    -50.55   160.10    41.68    81.84  -113.58   -36.29  -153.65
W   C   56   -147.26   106.29    40.92    82.72  -171.88   -45.92   174.60
W   G   57   -101.08  -159.10    63.14    82.00  -163.25   -49.61  -152.35
W   A   58    -75.14  -123.51    61.81   147.70   -86.78  -172.25   -79.41
W   U   59     71.34  -145.21    68.76    83.93  -146.33   -53.39   179.16
W   C   60    -66.81   178.33    68.69   146.39  -105.74   -57.88  -135.96
W   C   61    -85.43  -177.97    35.37    80.65  -153.77   -68.61   177.30
W   A   62    -73.83  -167.47    46.36    82.61  -144.53   -68.01  -164.19
W   C   63    -89.72   152.60    97.21    80.84  -133.55   -88.29  -174.96
W   G   64    -50.56   165.89    35.65    80.58  -174.39   -78.15  -152.47
W   C   65    160.98  -145.32   166.97    82.68  -124.76   -80.26  -171.49
W   U   66    -54.29  -178.74    29.65    82.39  -160.97   -82.11  -166.90
W   C   67    158.59  -153.24   165.01    81.60  -103.97  -108.16   177.40
W   A   68    -47.12   131.39    51.49    77.24  -147.16   -76.87  -171.51
W   C   69    -50.13   172.26    45.84    77.56  -150.23   -80.44  -163.25
W   C   70    -50.38   170.27    48.86    79.98  -170.60   -75.84  -155.90
W   G   71    157.38  -158.97   173.04    81.96  -129.64   -83.91   173.07
W   C   72    -52.05   168.57    44.88    81.77  -143.67   -77.31  -167.02
W   A   73    -53.66   167.49    44.70    82.99  -150.47   -86.99  -153.30
W   C   74    -44.95   157.29    65.17   146.58   -99.73  -132.49  -120.88
W   C   75     62.70   162.02    56.14    83.54  -129.85   -79.32  -141.96
W   A   76    -63.15   146.54   165.45    82.58 -9999.99 -9999.99  -179.97
