PDB data file name: Dataset/2der_D.pdb_new
-----------------------------------------------------------
CRITERIA USED TO GENERATE BASE-PAIR: 
  3.40 --> upper H-bond length limits (ON..ON).
 26.00 --> max. distance between paired base origins.
  2.50 --> max. vertical distance between paired base origins.
 65.00 --> max. angle between paired bases [0-90].
  5.40 --> min. distance between RN9/YN1 atoms.
  8.00 --> max. distance criterion for helix break[0-12]
-----------------------------------------------------------
BASE-PAIR INSTRUCTIONS: 
Column 1 is rnaview assigned base numbers n1_n2, start from 1.
Column 2 & 3 are chain ID & residue number in input PDB file.
Column 4 is for base pair. The left & right are the bases as 
         identified by column 2 & 3 and 5 & 6.
Column 5 & 6 are residue number & chain ID in input PDB file.
Column 7 is for base pair annotation. The standard Watson-Crick
         (W.C.) pairs are annotated as -/- (AU,AT) or +/+ (GC).
         Other pairs are annotated as Leontis_Westhof Classification.
         The three edges: W(Watson-Crick); H(Hoogsteen); S(suger).
         e.g. W/H means the pair is edge of Watson-Crick & Hoogsteen.
Column 8 is glycosidic bond orientation (either cis or trans).
         e.g. 'W/H cis' means the pair is interaction on Watson-Crick
         and Hoogsteen side, glycosidic bond orientation is 'cis'.
Column 9 corresponds to Saenger Classification.

Other columns: 
        Syn sugar-base conformations are annotated as (syn).
        Stacked base pairs are annotated as (stack).
        Non-identified edges are annotated as (.) or (?)
        Tertiary interactions are marked by (!) in the line.
Reference:
Yang et al (2003) Nucleic Acids Research, Vol31,No13,p3450-3461.
-----------------------------------------------------------
BEGIN_base-pair
      2_3, D:     4 C-C     5 D:      stacked
     2_67, D:     4 C-G    69 D: +/+ cis         XIX
     3_66, D:     5 C-G    68 D: +/+ cis         XIX
     4_65, D:     6 C-G    67 D: +/+ cis         XIX
     5_47, D:     7 U-A    49 D:      stacked
     5_64, D:     7 U-A    66 D: -/- cis         XX
     6_12, D:     8 U-A    14 D: W/H tran        XXIV
     7_22, D:     9 C-G    23 D: H/H tran        n/a
     8_24, D:    10 G-C    25 D: +/+ cis         XIX
     9_23, D:    11 U-A    24 D: -/- cis         XX
    10_11, D:    12 C-U    13 D:      stacked
    10_22, D:    12 C-G    23 D: +/+ cis         XIX
    11_21, D:    13 U-G    22 D: W/W cis         XXVIII
    12_20, D:    14 A-A    21 D: W/S cis         n/a
    13_18, D:    15 G-C    20 D: S/W tran        n/a
    13_46, D:    15 G-C    47 D: W/W tran        XXII
    15_53, D:    17 G-U    55 D: W/S tran        n/a
    16_54, D:    18 G-C    56 D: W/W cis         n/a
    18_46, D:    20 C-C    47 D: S/W tran        n/a
    21_45, D:    22 G-A    46 D: H/W tran        n/a
    24_25, D:    25 C-A    26 D:      stacked
    26_42, D:    27 C-G    43 D: +/+ cis         XIX
    27_41, D:    28 C-G    42 D: +/+ cis         XIX
    28_40, D:    29 G-C    41 D: +/+ cis         XIX
    29_39, D:    30 C-G    40 D: +/+ cis         XIX
    30_38, D:    31 C-G    39 D: +/+ cis         XIX
    37_38, D:    38 C-G    39 D: syn    stacked
    47_63, D:    49 A-U    65 D: -/- cis         XX
    48_62, D:    50 G-C    64 D: +/+ cis         XIX
    49_61, D:    51 G-C    63 D: +/+ cis         XIX
    49_62, D:    51 G-C    64 D:      stacked
    50_60, D:    52 G-C    62 D: +/+ cis         XIX
    51_59, D:    53 G-C    61 D: +/+ cis         XIX
    52_56, D:    54 U-A    58 D: W/H tran        XXIV
    25_43, D:    26 A-U    44 D: W/W cis         !1H(b_b)
    31_37, D:    32 C-C    38 D: S/W tran     syn  !1H(b_b)
     6_20, D:     8 U-A    21 D: S/W tran        !(b_s)
     6_45, D:     8 U-A    46 D: s/S cis         !(s_s)
    13_14, D:    15 G-A    16 D: S/S cis         !(s_s)
    14_15, D:    16 A-G    17 D: S/? cis         !(s_s)
    18_19, D:    20 C-C    20 D: S/S cis         !(s_s)
    19_20, D:    20 C-A    21 D: S/H tran        !(s_s)
    33_34, D:    34 U-U    35 D: S/H cis         !(s_s)
    46_57, D:    47 C-A    59 D: S/S cis         !(s_s)
    53_55, D:    55 U-G    57 D: S/H tran        !(s_s)
END_base-pair

Summary of triplets and higher multiplets
BEGIN_multiplets
6_12_20_| [1 3]  D: 8 U  +  D: 14 A  +  D: 21 A
7_10_22_| [2 3]  D: 9 C  +  D: 12 C  +  D: 23 G
11_21_45_| [3 3]  D: 13 U  +  D: 22 G  +  D: 46 A
13_18_46_| [4 3]  D: 15 G  +  D: 20 C  +  D: 47 C
END_multiplets

  The total base pairs =  28 (from   71 bases)
------------------------------------------------
 Standard  WW--cis  WW-tran  HH--cis  HH-tran  SS--cis  SS-tran
       17        2        1        0        1        0        0
  WH--cis  WH-tran  WS--cis  WS-tran  HS--cis  HS-tran
        0        3        1        3        0        0
------------------------------------------------
