BEGIN_base-pair
     6_64, B:     7 A-U    66 B: -/- cis         XX
     7_13, B:     8 U-A    14 B: W/H tran        XXIV
     8_21, B:     9 C-G    23 B: H/H tran        n/a
     9_23, B:    10 G-C    25 B: +/+ cis         XIX
     9_23,-
6_64_7_13_8_21_9_23_0, click this line to see above pattern
0_0,---------
    11_21, B:    12 C-G    23 B: +/+ cis         XIX
    12_20, B:    13 A-A    22 B: S/H tran        n/a
    12_43, B:    13 A-A    45 B: W/W tran        I
    13_19, B:    14 A-A    21 B: W/S cis         n/a
    14_46, B:    15 G-C    48 B: W/W tran        XXII
    16_53, B:    18 G-U    55 B: W/S tran        n/a
    17_18, B:    19 G-U    20 B: S/H cis         n/a
    17_54, B:    19 G-C    56 B: +/+ cis         XIX
    17_54,-
11_21_12_20_12_43_13_19_14_46_16_53_17_18_17_54_0, click this line to see above pattern
0_0,---------
END_base-pair
