The backbone torsional angle for nucleic acid 

 
Note: alpha:   O3'(i-1)-P-O5'-C5'
      beta:    P-O5'-C5'-C4'
      gamma:   O5'-C5'-C4'-C3'
      delta:   C5'-C4'-C3'-O3'
      epsilon: C4'-C3'-O3'-P(i+1)
      zeta:    C3'-O3'-P(i+1)-O5'(i+1)

      chi for pyrimidines(Y): O4'-C1'-N1-C2
          chi for purines(R): O4'-C1'-N9-C4

    (The number -9999.99 means that the angle can not be calculated) 

Ch Res  Num    alpha    beta     gamma    delta  epsilon    zeta     chi
B   G    2  -9999.99   117.06    49.03    80.66  -140.69   -75.66  -171.06
B   G    3    -63.49   166.50    56.50    81.82  -161.58   -70.97  -167.42
B   G    4    -60.04  -179.72    46.24    82.81  -170.71   -53.06  -159.14
B   G    5    168.61   171.09   170.47    85.78  -136.74   -75.21  -172.68
B   U    6    -54.49   169.16    50.22    80.39  -179.29   -75.13  -161.29
B   A    7   -171.31  -142.51   157.89   117.09   -62.80   -83.91  -158.65
B   U    8    -44.00  -173.19    56.13    83.94  -126.98  -133.83  -162.39
B   C    9   -120.39  -161.59    98.32   113.63   -61.32   -85.81  -106.24
B   G   10   -134.85   129.10    40.61    82.31  -143.55   -74.08   175.25
B   C   11    -72.45  -171.02    47.39    85.16  -157.36   -74.81  -158.90
B   C   12    144.03  -166.09  -178.09    83.43  -129.04   -66.17  -172.02
B   A   13    -47.32   169.20    47.62    84.48  -169.54   -72.90  -160.81
B   A   14    -69.51  -178.78    58.30    80.31  -155.67   -53.57  -158.58
B   G   15    -70.04   178.36    54.62    83.58   126.45    42.54  -130.00
B   C   16    164.47   -95.76    82.10    86.94    63.41  -130.96  -156.18
B   G   18     61.22  -173.98    45.36   107.69  -103.47   179.49  -106.53
B   G   19    -46.25   135.45    56.09   106.96  -149.77  -179.87  -108.72
B   U   20    -77.13   131.69    58.85    86.42    62.87  -104.93  -155.41
B   A   21   -114.28  -160.75  -174.55    87.26  -168.97  -105.97  -147.65
B   A   22    179.59   128.40   173.35    86.10  -124.52   -59.69  -178.20
B   G   23    -55.10   163.06    48.01    78.74  -156.08   -71.16  -170.95
B   G   24    -64.20   177.54    54.16    82.68  -163.35   -60.48  -168.49
B   C   25    -94.09  -173.96    70.90    81.67  -142.96   -64.24  -166.00
B   A   26    -65.19   167.75    55.49    78.59  -147.47   -63.62  -167.53
B   C   27    -55.37  -179.22    38.91    80.64  -155.70   -70.68  -160.61
B   C   28    -59.77  -176.74    49.58    84.79  -166.68   -16.30  -148.85
B   G   29   -157.04    99.16   151.63    90.05  -109.04  -132.70   173.01
B   G   30     17.45   104.33    22.84    76.61  -165.62   -73.38  -173.34
B   A   31    -76.32  -165.06    52.52    82.02  -154.72   -68.39  -167.19
B   U   32    -59.09   173.73    52.56    80.45  -155.06   -57.38  -153.32
B   U   33    -76.51  -167.63    54.94    85.12  -134.95  -109.88  -138.33
B   C   34     75.92  -159.87    58.22    93.54   -14.41   127.49  -148.51
B   U   35    -90.87  -164.33    64.80   101.34  -175.17    41.39  -128.49
B   G   36   -121.17   -88.15   125.12   102.69   -28.38   -84.32  -114.00
B   A   37    -38.50   179.55    55.20    82.83  -153.58   -53.78  -170.46
B   U   38    -62.41   173.14    51.44    84.47  -141.75   -63.73  -169.33
B   U   39    -72.28  -178.77    50.64    83.96  -156.40   -62.34  -175.23
B   C   40    -71.63  -167.39    49.03    86.59  -169.17   -60.66  -154.86
B   C   41    -64.65  -167.60    37.00    83.75  -137.33   -90.11  -155.62
B   G   42    -46.90   145.20    52.57    76.07  -156.78   -77.31  -171.62
B   G   43    -48.91   173.81    49.69    77.41   158.10    75.89  -160.73
B   C   44    -87.82   -50.83  -127.66   103.33   -76.81  -128.47  -160.58
B   A   45    -84.10  -155.30    65.98    89.19     7.40  -177.98   -97.06
B   U   46     35.20  -105.41   -60.89    81.80  -124.75  -155.09  -128.01
B   U   47    -93.77   104.10    54.57    86.13   179.38  -125.82   145.74
B   C   48    -21.19   142.22    58.21   102.02  -160.14   124.61  -151.39
B   C   49     40.41  -175.17    43.04    89.07  -148.52   -68.64  -166.51
B   G   50    -68.86  -175.23    50.35    83.63  -160.00   -72.33  -157.29
B   A   51    -62.05   175.40    46.48    83.82  -171.20   -78.32  -160.01
B   G   52    156.56  -158.69   167.48    81.93  -122.80   -78.37  -178.39
B   G   53    -59.69   156.41    66.67    76.43  -149.43   -77.35  -179.33
B   U   54    -68.31  -179.98    53.33    85.54  -135.96   -66.30  -158.55
B   U   55    -63.94   174.41    49.08    78.70  -139.97   -79.67  -149.53
B   C   56    146.03   177.93    69.43    85.37  -127.54   -77.38  -177.56
B   G   57    -60.78   157.01    58.77    82.77  -139.75   -69.34  -167.86
B   A   58    -89.69  -122.86    65.35   103.09    -9.79   123.93   -90.70
B   A   59     57.17  -157.95    50.55    89.53  -171.99   -79.89  -166.67
B   U   60    162.70   -99.08   145.78    99.49   -89.92   -56.88  -164.00
B   C   61   -113.90  -156.56    60.35    84.99  -156.77  -121.15  -167.48
B   C   62     38.48   116.15     3.88    85.57  -175.00   -32.10  -156.12
B   U   63   -159.59   125.48   158.54    92.57  -113.78   -84.20  -176.41
B   C   64    -35.65   153.75    23.27    79.94  -174.22   -81.94  -152.11
B   G   65    156.07  -151.23   174.56    86.14  -134.44   -73.28   174.28
B   U   66    -55.49   168.90    47.80    79.44  -152.46   -77.48  -165.27
B   A   67    -66.79   175.08    52.95    84.37  -145.57   -80.52  -156.21
B   C   68    -57.79   155.25    58.36    80.21  -147.13   -82.93  -159.86
B   C   69    -51.97   167.59    45.58    82.38  -162.00   -66.30  -162.59
B   C   70    -74.72  -166.96    51.11    86.00  -157.92   -71.25  -153.66
B   C   71    -70.44  -175.59    50.21    87.39  -144.47   -81.12  -143.86
B   A   72    -77.15  -153.82    54.65    87.99  -153.85   107.55  -161.78
B   G   73     47.55   124.45   166.61   121.67   -98.18  -139.71    38.91
B   C   74     44.30  -140.81    82.97   114.32  -165.18    86.89  -139.72
B   C   75     70.52   116.70   177.07    83.47  -145.05   -66.47  -158.82
B   A   76    -71.30   169.96    59.53    88.14 -9999.99 -9999.99  -146.85
