The backbone torsional angle for nucleic acid 

 
Note: alpha:   O3'(i-1)-P-O5'-C5'
      beta:    P-O5'-C5'-C4'
      gamma:   O5'-C5'-C4'-C3'
      delta:   C5'-C4'-C3'-O3'
      epsilon: C4'-C3'-O3'-P(i+1)
      zeta:    C3'-O3'-P(i+1)-O5'(i+1)

      chi for pyrimidines(Y): O4'-C1'-N1-C2
          chi for purines(R): O4'-C1'-N9-C4

    (The number -9999.99 means that the angle can not be calculated) 

Ch Res  Num    alpha    beta     gamma    delta  epsilon    zeta     chi
A   G    1  -9999.99  -172.23   178.71   101.06  -166.11   -43.87   169.18
A   C    2   -134.26  -120.60    52.78    82.50  -175.14   -59.64  -154.19
A   G    3    -99.76   173.33    82.87    78.48  -144.40   -83.74  -169.06
A   G    4    -69.92   161.55    66.33    81.16  -153.78   -64.78  -175.37
A   A    5    -73.50  -175.01    51.02    83.89  -150.98   -66.29  -160.76
A   U    6    -69.02   164.83    64.20    79.59  -151.42   -75.92  -172.00
A   U    7    -53.57  -179.97    57.99   138.40   -99.76   -58.89  -127.76
A   U    8    -79.42  -140.89    50.33    81.20  -147.69  -112.78  -159.59
A   A    9    -69.00  -137.01    48.53   151.33   -98.54   -82.34   -68.34
A 2MG   10   -177.73   148.36    57.01    91.25  -134.61   -76.27   173.41
A   C   11    -75.07   178.99    58.36    89.37  -145.84   -71.10  -161.38
A   U   12    -69.36   173.01    49.42    82.83  -161.96   -73.43  -160.12
A   C   13    138.03  -155.71  -163.94    79.33  -169.89   -79.07  -168.22
A   A   14    131.34   177.08  -153.13    91.37  -117.33   -65.47  -175.32
A   G   15    -50.03   160.17    41.37    80.43  -141.69  -160.67  -166.83
A H2U   16     60.81  -153.78    53.01   153.84    91.18   -91.23   -40.77
A H2U   17    135.82   167.74    49.89   137.02  -100.24   -79.28  -103.47
A   G   18   -110.67   137.06   -67.85   177.65   -94.60  -179.49   -95.56
A   G   19    -76.72   176.63    59.61   157.36   -88.94   -83.11   -79.71
A   G   20    -68.41  -159.40    37.21    92.44  -127.05   -67.28   179.20
A   A   21    140.71  -153.61   -70.19    89.55   179.02   -81.30  -148.82
A   G   22    155.00   161.33   178.15    87.34  -148.63   -78.46  -176.72
A   A   23    -59.83   179.89    47.33    84.27  -152.03   -73.44  -161.40
A   G   24    -51.88   175.07    32.10    88.26  -147.43   -66.71  -158.19
A   C   25    -57.70   169.04    47.82    77.55  -161.11   -49.35  -161.69
A M2G   26    -85.07  -177.39    62.64    81.84  -136.45   -71.60  -163.06
A   C   27    -60.65   171.50    48.81    81.82  -148.03   -73.59  -163.46
A   C   28    -72.02   174.97    53.72    81.33  -147.29   -76.31  -162.48
A   A   29    -56.42   165.15    52.25    82.82  -159.92   -72.28  -164.78
A   G   30    -58.62  -176.69    38.75    82.03  -166.61   -56.66  -157.42
A   A   31    -71.58  -175.15    49.06    87.69  -143.44   -62.13  -158.22
A OMC   32    -71.34  -179.48    48.30    85.67  -164.21   -49.75  -144.82
A   U   33    -98.32  -149.55    56.24    87.66  -148.51   -37.05  -145.58
A OMG   34   -166.82   108.24    47.59    86.70  -131.79   -82.52   174.89
A   A   35     33.92  -175.56   -64.81   101.03  -143.21   -78.93  -142.60
A   A   36    -65.48   149.02    58.52    80.12  -151.01   -64.27  -154.54
A  YG   37    -65.79   168.21    64.31    81.64  -163.58   -48.81  -173.42
A   A   38    -93.54  -174.61    60.26    75.27  -146.64   -62.18  -173.41
A PSU   39    -82.93   179.90    69.44    84.40  -151.50   -69.26 -9999.99
A 5MC   40    -90.84   168.71    74.24    81.35  -141.74   -96.28  -176.34
A   U   41     41.07   162.29   -47.43    99.16  -152.50   -68.46  -155.84
A   G   42    -57.35   162.10    58.06    83.27  -156.66   -80.78  -170.10
A   G   43    -53.12   168.43    51.44    83.79  -151.24   -77.81  -159.97
A   A   44    -71.79   156.44    70.03    84.17  -140.04   -57.75  -158.35
A   G   45    -67.28   177.88    48.10    89.44  -127.93   -84.01  -150.88
A 7MG   46    -52.79  -145.54    42.76   146.80   -98.99  -134.85   -63.36
A   U   47     43.95  -157.77    52.76   148.36   -87.34   -80.27  -115.75
A   C   48    -65.83  -175.27   153.21   138.38  -141.74    79.98  -143.08
A 5MC   49     50.27   172.59    40.73    84.70  -152.74   -77.31  -172.29
A   U   50    -48.29   177.36    37.01    85.03  -149.56   -79.84  -165.13
A   G   51    -41.52   174.45    30.79    87.16  -154.57   -73.01  -154.85
A   U   52    -62.90   167.11    50.49    81.39  -160.01   -66.53  -167.68
A   G   53    -59.57   173.07    53.84    83.44  -166.97   -60.38  -173.28
A 5MU   54    -85.62  -167.56    58.04    80.12  -135.95   -68.84  -156.13
A PSU   55    -53.71   170.16    44.18    79.70  -142.29   -71.67 -9999.99
A   C   56    167.19   175.15    47.09    85.84  -136.74   -66.14  -163.94
A   G   57    -65.71   167.47    56.04    81.55  -145.56   -66.39  -159.82
A 1MA   58    -60.52  -150.72    69.01   155.65   -81.60  -163.06   -85.31
A   U   59     71.54  -158.11    66.82    86.30  -149.76   -55.03  -168.55
A   C   60    -71.73  -178.69    63.23   150.95   -94.71   -69.35  -115.47
A   C   61    -82.00   179.31    33.81    83.20  -157.47   -69.94  -169.99
A   A   62    -73.12  -172.97    51.45    83.07  -157.40   -67.77  -161.90
A   C   63    -81.52   175.39    62.75    82.41  -150.55   -75.60  -157.28
A   A   64    -56.68   176.09    38.04    76.98  -146.05   -75.83  -160.69
A   G   65    -41.36   157.77    48.06    79.88  -154.69   -74.47  -172.54
A   A   66    -65.74   175.32    58.79    80.29  -148.16   -74.39  -166.16
A   A   67    -62.68   171.86    48.51    89.21  -158.25   -77.01  -156.30
A   U   68    -60.42   173.41    46.43    82.35  -155.31   -64.41  -161.77
A   U   69    -59.23   171.36    47.25    82.25  -154.79   -78.84  -162.42
A   C   70    -70.08   168.42    54.79    77.45  -156.03   -69.35  -159.61
A   G   71    -78.23   170.11    61.74    81.85  -166.46   -54.03  -163.97
A   C   72    -91.71  -160.66    61.33    81.30  -157.77   -62.07  -160.04
A   A   73    -71.99   177.46    54.13    81.71  -149.63   -69.44  -164.40
A   C   74    -55.17   171.85    49.35    83.10  -143.10   -51.54  -165.44
A   C   75    -79.92  -174.95    57.66    91.96  -116.63   103.31  -160.40
A   A   76   -125.46  -130.89   -14.82   159.18 -9999.99 -9999.99  -106.70
