PDB data file name: ./Datasets/pdb_select_tRNA_NoCopie/8xsz_C(FC).pdb_new
-----------------------------------------------------------
CRITERIA USED TO GENERATE BASE-PAIR: 
  3.40 --> upper H-bond length limits (ON..ON).
 26.00 --> max. distance between paired base origins.
  2.50 --> max. vertical distance between paired base origins.
 65.00 --> max. angle between paired bases [0-90].
  5.40 --> min. distance between RN9/YN1 atoms.
  8.00 --> max. distance criterion for helix break[0-12]
-----------------------------------------------------------
BASE-PAIR INSTRUCTIONS: 
Column 1 is rnaview assigned base numbers n1_n2, start from 1.
Column 2 & 3 are chain ID & residue number in input PDB file.
Column 4 is for base pair. The left & right are the bases as 
         identified by column 2 & 3 and 5 & 6.
Column 5 & 6 are residue number & chain ID in input PDB file.
Column 7 is for base pair annotation. The standard Watson-Crick
         (W.C.) pairs are annotated as -/- (AU,AT) or +/+ (GC).
         Other pairs are annotated as Leontis_Westhof Classification.
         The three edges: W(Watson-Crick); H(Hoogsteen); S(suger).
         e.g. W/H means the pair is edge of Watson-Crick & Hoogsteen.
Column 8 is glycosidic bond orientation (either cis or trans).
         e.g. 'W/H cis' means the pair is interaction on Watson-Crick
         and Hoogsteen side, glycosidic bond orientation is 'cis'.
Column 9 corresponds to Saenger Classification.

Other columns: 
        Syn sugar-base conformations are annotated as (syn).
        Stacked base pairs are annotated as (stack).
        Non-identified edges are annotated as (.) or (?)
        Tertiary interactions are marked by (!) in the line.
Reference:
Yang et al (2003) Nucleic Acids Research, Vol31,No13,p3450-3461.
-----------------------------------------------------------
BEGIN_base-pair
     1_71, C:     1 A-U    71 C: -/- cis         XX
     4_68, C:     4 A-U    68 C: -/- cis         XX
     6_66, C:     6 A-U    66 C: -/- cis         XX
    49_63, C:    49 A-U    63 C: -/- cis         XX
     3_69, C:     3 C-G    69 C: +/+ cis         XIX
    11_23, C:    11 C-G    23 C: +/+ cis         XIX
    26_42, C:    26 C-G    42 C: +/+ cis         XIX
     2_70, C:     2 G-C    70 C: +/+ cis         XIX
     5_67, C:     5 G-C    67 C: +/+ cis         XIX
     7_65, C:     7 G-C    65 C: +/+ cis         XIX
    12_22, C:    12 G-C    22 C: +/+ cis         XIX
    18_55, C:    18 G-C    55 C: +/+ cis         XIX
    28_40, C:    28 G-C    40 C: +/+ cis         XIX
    29_39, C:    29 G-C    39 C: +/+ cis         XIX
    30_38, C:    30 G-C    38 C: +/+ cis         XIX
    48_64, C:    48 G-C    64 C: +/+ cis         XIX
    51_61, C:    51 G-C    61 C: +/+ cis         XIX
    52_60, C:    52 G-C    60 C: +/+ cis         XIX
    27_41, C:    27 U-A    41 C: -/- cis         XX
    50_62, C:    50 U-A    62 C: -/- cis         XX
    13_21, C:    13 C-G    21 C: W/W cis         n/a
    25_43, C:    25 G-A    43 C: W/W cis         VIII
    10_24, C:    10 G-U    24 C: W/W cis         XXVIII
    15_47, C:    15 G-C    47 C: W/W tran        XXII
    53_57, C:    53 A-A    57 C: W/H tran        V
     8_14, C:     8 U-A    14 C: W/H tran        XXIV
    19_56, C:    19 A-G    56 C: W/S tran   syn    X
    21_45, C:    21 G-G    45 C: H/W tran     syn  VII
     9_22, C:     9 G-C    22 C: H/H tran        n/a
    17_19, C:    17 G-A    19 C: S/W cis      syn  n/a
END_base-pair

Summary of triplets and higher multiplets
BEGIN_multiplets
9_12_22_| [1 3]  C: 9 G  +  C: 12 G  +  C: 22 C
13_21_45_| [2 3]  C: 13 C  +  C: 21 G  +  C: 45 G
END_multiplets

  The total base pairs =  30 (from   75 bases)
------------------------------------------------
 Standard  WW--cis  WW-tran  HH--cis  HH-tran  SS--cis  SS-tran
       20        3        1        0        1        0        0
  WH--cis  WH-tran  WS--cis  WS-tran  HS--cis  HS-tran
        0        3        1        1        0        0
------------------------------------------------
