The backbone torsional angle for nucleic acid 

 
Note: alpha:   O3'(i-1)-P-O5'-C5'
      beta:    P-O5'-C5'-C4'
      gamma:   O5'-C5'-C4'-C3'
      delta:   C5'-C4'-C3'-O3'
      epsilon: C4'-C3'-O3'-P(i+1)
      zeta:    C3'-O3'-P(i+1)-O5'(i+1)

      chi for pyrimidines(Y): O4'-C1'-N1-C2
          chi for purines(R): O4'-C1'-N9-C4

    (The number -9999.99 means that the angle can not be calculated) 

Ch Res  Num    alpha    beta     gamma    delta  epsilon    zeta     chi
C   A    1  -9999.99   138.26    46.75    82.46  -141.12   -84.32  -172.32
C   G    2    -51.04   164.82    54.23    80.97  -145.44   -79.29  -163.64
C   C    3    -55.90   163.45    54.67    79.87  -157.39   -88.79  -159.79
C   A    4    167.30  -145.83   157.24    82.31  -143.38   -55.82  -176.44
C   G    5   -149.31   145.15   137.37    82.76  -131.22  -126.49   175.43
C   A    6     35.33   116.15    -2.28    81.68  -177.65   -88.77  -153.46
C   G    7    151.08  -143.77  -168.16   145.81   -89.48   -35.19  -159.41
C   U    8    -91.28  -158.85    73.57    80.94  -132.92   -90.49  -148.52
C   G    9   -152.32   102.39  -174.13   148.03   -93.04   -64.50  -108.91
C   G   10    179.06  -167.98    64.83    82.54  -129.77   -79.70   172.46
C   C   11    -74.18   174.63    64.30    84.30  -152.56   -74.48  -165.66
C   G   12    177.20  -169.18   147.79    84.40  -140.88   -60.40  -168.98
C   C   13    -74.63   168.83    62.07    83.24  -164.23   -95.61  -156.46
C   A   14    -60.36   170.60    60.07    78.72  -140.10   -63.34  -172.31
C   G   15    -70.19   166.62    60.13    82.64  -130.05  -164.44  -170.43
C   C   16    -89.61   130.04    56.52    80.16  -119.77   -69.21  -102.48
C   G   17   -175.33  -161.89   -74.30   148.89   -98.87   174.10  -103.98
C   G   18    124.28  -144.52   175.61   148.21   -90.32    92.37  -114.64
C   A   19   -153.34   162.79    85.37    81.25  -102.36  -151.83   -81.30
C   A   20    -94.00    87.58   151.27    80.05  -145.06  -121.42  -161.97
C   G   21    -66.37   153.84    61.04    78.63  -146.44   -82.96  -169.24
C   C   22    -62.28   161.18    64.68    78.67  -152.11   -74.64  -176.70
C   G   23    -84.02  -176.36    60.37    81.68  -141.06   -68.58  -175.37
C   U   24    -66.42   174.09    58.61    81.31  -145.15   -70.81  -163.01
C   G   25    -68.74   169.15    62.15    77.72  -143.39   -58.42   171.36
C   C   26    -80.13  -165.86    57.23    80.75  -151.75   -69.94  -166.97
C   U   27    -69.91   172.43    58.55    80.50  -170.37   -86.84  -163.93
C   G   28    178.92  -137.87   134.02    75.40  -139.50   -89.55  -175.78
C   G   29    -42.62   156.97    51.43    77.09  -135.60   -81.73  -177.01
C   G   30    -52.50   154.00    65.78    80.12  -131.24   -76.09   177.23
C   C   31    -56.06   169.51    51.38    80.60  -145.71   -53.03   178.32
C   C   32    -89.56  -163.38    45.62    80.75  -134.53   -85.78  -158.30
C   C   33    151.68  -157.10    45.47    69.03    98.69    72.23  -162.70
C   A   34   -163.00   160.72    76.74    79.01  -148.34   -82.65  -171.07
C   U   35    -52.51   171.57    43.91    78.17  -130.94   -89.44  -167.00
C   A   36     97.40  -140.04  -121.91    80.68  -116.25   -51.46     1.09
C   A   37    -75.52   158.05    67.62    81.22  -132.43   -62.42  -178.36
C   C   38    -65.62   172.35    58.31    80.93  -148.24   -79.09  -170.27
C   C   39    -53.94   171.93    50.31    82.47  -157.33   -83.79  -162.34
C   C   40    150.44  -153.06   179.72    80.23  -121.34   -99.24  -177.40
C   A   41    -39.42   141.46    48.99    79.00  -138.10   -87.53  -173.72
C   G   42    -47.82   156.83    48.96    79.64  -141.89   -82.55  -174.12
C   A   43    -52.91   163.69    52.50    83.25  -135.50   -62.80  -172.13
C   G   44    -67.17   172.34    49.17    77.67  -127.98  -133.31  -158.39
C   G   45      5.51   150.11    49.85   143.31  -130.71   -79.26   -87.23
C   U   46    137.16    97.55    61.11    80.49  -110.74   -31.69   -84.79
C   C   47    -96.35  -170.42   172.61   148.14  -146.38    82.59  -140.48
C   G   48     43.09  -174.47    43.34    80.98  -145.67   -78.14  -175.19
C   A   49    -60.66   177.19    53.92    84.78  -136.19   -84.63  -166.08
C   U   50    -53.13   157.18    52.84    78.02  -150.35   -77.83  -163.56
C   G   51    -58.58   164.20    59.33    81.47  -129.89  -117.78  -170.73
C   G   52    116.60  -119.39  -171.35    84.07  -111.44  -100.48   171.85
C   A   53    -40.37   156.96    35.81    82.14  -120.58   -80.14  -175.46
C   U   54    -48.22   153.03    48.08    79.89  -124.51   -64.31  -158.41
C   C   55    178.84   155.56    41.92    81.69  -134.22   -72.54  -172.91
C   G   56    -69.84   158.70    64.04    82.65  -153.42  -125.07  -175.80
C   A   57     60.64   122.72    17.24    82.22  -160.99   -80.42  -115.20
C   A   58   -142.46   175.70    24.59    81.78  -145.74   -68.71   179.35
C   A   59    -67.18   174.95    69.75   145.68  -135.45   -36.62  -135.25
C   C   60   -110.40  -149.52    34.60    82.27  -131.82  -105.72  -168.82
C   C   61    -12.54   139.92    24.97    78.90  -168.15   -91.77  -151.55
C   A   62    155.02  -144.94   166.53    82.32  -114.95  -121.17   170.99
C   U   63      2.42   128.40    11.50    76.46  -148.41   -80.42  -162.07
C   C   64    -54.39   164.66    52.55    76.62  -148.06   -79.59  -169.48
C   C   65    -52.45   168.23    53.71    80.18  -134.04   -81.14  -172.50
C   U   66    -50.24   165.15    44.09    79.90  -146.78   -75.04  -164.69
C   C   67    -60.38   168.16    54.41    82.34  -162.24   -78.04  -162.23
C   U   68    139.71  -166.39  -171.21    81.71  -121.96   -96.23   178.98
C   G   69    -46.75   155.72    41.19    79.32  -138.54   -94.31  -169.45
C   C   70    -40.82   153.47    49.80    82.49  -142.89   -90.24  -164.67
C   U   71    116.32  -141.82  -153.45    83.26  -119.35   -89.60   176.65
C   A   72    -34.18   154.24    35.09    78.62  -133.47   -98.67  -163.54
C   C   73    -27.88   147.75    53.11   138.21  -102.79  -127.93  -119.90
C   C   74    111.07   146.30    23.05    81.75  -146.33  -116.46  -145.90
C   A   75    124.42   -90.21   -77.94   156.18 -9999.99 -9999.99  -148.12
