PDB data file name: ./Datasets/pdb_select_tRNA_NoCopie/5k0y_N.pdb_new
-----------------------------------------------------------
CRITERIA USED TO GENERATE BASE-PAIR: 
  3.40 --> upper H-bond length limits (ON..ON).
 26.00 --> max. distance between paired base origins.
  2.50 --> max. vertical distance between paired base origins.
 65.00 --> max. angle between paired bases [0-90].
  5.40 --> min. distance between RN9/YN1 atoms.
  8.00 --> max. distance criterion for helix break[0-12]
-----------------------------------------------------------
BASE-PAIR INSTRUCTIONS: 
Column 1 is rnaview assigned base numbers n1_n2, start from 1.
Column 2 & 3 are chain ID & residue number in input PDB file.
Column 4 is for base pair. The left & right are the bases as 
         identified by column 2 & 3 and 5 & 6.
Column 5 & 6 are residue number & chain ID in input PDB file.
Column 7 is for base pair annotation. The standard Watson-Crick
         (W.C.) pairs are annotated as -/- (AU,AT) or +/+ (GC).
         Other pairs are annotated as Leontis_Westhof Classification.
         The three edges: W(Watson-Crick); H(Hoogsteen); S(suger).
         e.g. W/H means the pair is edge of Watson-Crick & Hoogsteen.
Column 8 is glycosidic bond orientation (either cis or trans).
         e.g. 'W/H cis' means the pair is interaction on Watson-Crick
         and Hoogsteen side, glycosidic bond orientation is 'cis'.
Column 9 corresponds to Saenger Classification.

Other columns: 
        Syn sugar-base conformations are annotated as (syn).
        Stacked base pairs are annotated as (stack).
        Non-identified edges are annotated as (.) or (?)
        Tertiary interactions are marked by (!) in the line.
Reference:
Yang et al (2003) Nucleic Acids Research, Vol31,No13,p3450-3461.
-----------------------------------------------------------
BEGIN_base-pair
     5_67, N:     5 G-C    67 N: +/+ cis         XIX
     7_65, N:     7 G-C    65 N: +/+ cis         XIX
    12_22, N:    12 G-C    22 N: +/+ cis         XIX
    29_39, N:    29 G-C    39 N: +/+ cis         XIX
    30_38, N:    30 G-C    38 N: +/+ cis         XIX
    48_64, N:    48 G-C    64 N: +/+ cis         XIX
    27_41, N:    27 U-A    41 N: -/- cis         XX
    50_62, N:    50 U-A    62 N: -/- cis         XX
     1_71, N:     1 A-U    71 N: W/W cis         n/a
     4_68, N:     4 A-U    68 N: W/W cis         n/a
     6_66, N:     6 A-U    66 N: W/W cis         n/a
    49_63, N:    49 A-U    63 N: W/W cis         n/a
    11_23, N:    11 C-G    23 N: W/W cis         n/a
    26_42, N:    26 C-G    42 N: W/W cis         n/a
    25_43, N:    25 G-A    43 N: W/W cis         VIII
     2_70, N:     2 G-C    70 N: W/W cis         n/a
    28_40, N:    28 G-C    40 N: W/W cis         n/a
    51_61, N:    51 G-C    61 N: W/W cis         n/a
    52_60, N:    52 G-C    60 N: W/W cis         n/a
     2_69, N:     2 G-G    69 N: W/W cis         n/a
     7_66, N:     7 G-U    66 N: W/W cis         XXVIII
    10_24, N:    10 G-U    24 N: W/W cis         XXVIII
    15_47, N:    15 G-C    47 N: W/W tran        XXII
    71_73, N:    71 U-C    73 N: W/H cis         n/a
    53_57, N:    53 A-A    57 N: W/H tran        V
     8_14, N:     8 U-A    14 N: W/H tran        XXIV
    21_45, N:    21 G-G    45 N: H/W tran     syn  VII
     9_22, N:     9 G-C    22 N: H/H tran   syn    n/a
    15_58, N:    15 G-A    58 N: S/S tran        n/a
END_base-pair

Summary of triplets and higher multiplets
BEGIN_multiplets
9_12_22_| [1 3]  N: 9 G  +  N: 12 G  +  N: 22 C
END_multiplets

  The total base pairs =  29 (from   75 bases)
------------------------------------------------
 Standard  WW--cis  WW-tran  HH--cis  HH-tran  SS--cis  SS-tran
        8       14        1        0        1        0        1
  WH--cis  WH-tran  WS--cis  WS-tran  HS--cis  HS-tran
        1        3        0        0        0        0
------------------------------------------------
