PDB data file name: ./Datasets/pdb_select_tRNA_NoCopie/6t83_6.pdb_new
-----------------------------------------------------------
CRITERIA USED TO GENERATE BASE-PAIR: 
  3.40 --> upper H-bond length limits (ON..ON).
 26.00 --> max. distance between paired base origins.
  2.50 --> max. vertical distance between paired base origins.
 65.00 --> max. angle between paired bases [0-90].
  5.40 --> min. distance between RN9/YN1 atoms.
  8.00 --> max. distance criterion for helix break[0-12]
-----------------------------------------------------------
BASE-PAIR INSTRUCTIONS: 
Column 1 is rnaview assigned base numbers n1_n2, start from 1.
Column 2 & 3 are chain ID & residue number in input PDB file.
Column 4 is for base pair. The left & right are the bases as 
         identified by column 2 & 3 and 5 & 6.
Column 5 & 6 are residue number & chain ID in input PDB file.
Column 7 is for base pair annotation. The standard Watson-Crick
         (W.C.) pairs are annotated as -/- (AU,AT) or +/+ (GC).
         Other pairs are annotated as Leontis_Westhof Classification.
         The three edges: W(Watson-Crick); H(Hoogsteen); S(suger).
         e.g. W/H means the pair is edge of Watson-Crick & Hoogsteen.
Column 8 is glycosidic bond orientation (either cis or trans).
         e.g. 'W/H cis' means the pair is interaction on Watson-Crick
         and Hoogsteen side, glycosidic bond orientation is 'cis'.
Column 9 corresponds to Saenger Classification.

Other columns: 
        Syn sugar-base conformations are annotated as (syn).
        Stacked base pairs are annotated as (stack).
        Non-identified edges are annotated as (.) or (?)
        Tertiary interactions are marked by (!) in the line.
Reference:
Yang et al (2003) Nucleic Acids Research, Vol31,No13,p3450-3461.
-----------------------------------------------------------
BEGIN_base-pair
     1_72, 6:     1 U-A    72 6: -/- cis         XX
     2_71, 6:     2 C-G    71 6: +/+ cis         XIX
     3_70, 6:     3 C-G    70 6: +/+ cis         XIX
     3_71, 6:     3 C-G    71 6:      stacked
     4_69, 6:     4 U-A    69 6: -/- cis         XX
     4_70, 6:     4 U-G    70 6:      stacked
     5_68, 6:     5 U-G    68 6: W/W cis         XXVIII
     5_69, 6:     5 U-A    69 6:      stacked
     6_67, 6:     6 G-U    67 6: W/W cis         XXVIII
     7_49, 6:     7 U-A    49 6:      stacked
     7_66, 6:     7 U-A    66 6: -/- cis         XX
     8_14, 6:     8 U-A    14 6: W/H tran        XXIV
     8_15, 6:     8 U-G    15 6:      stacked
     9_23, 6:     9 A-A    23 6: H/H tran   syn    II
     9_46, 6:     9 A-G    46 6: syn syn  stacked
    10_25, 6:    10 G-C    25 6: +/+ cis         XIX
    11_24, 6:    11 C-G    24 6: +/+ cis         XIX
    12_13, 6:    12 U-C    13 6:      stacked
    12_23, 6:    12 U-A    23 6: -/- cis         XX
    13_22, 6:    13 C-G    22 6: +/+ cis         XIX
    13_23, 6:    13 C-A    23 6:      stacked
    15_48, 6:    15 G-C    48 6: W/W tran        XXII
    18_56, 6:    18 G-C    56 6: +/+ cis    syn    XIX
    26_44, 6:    26 G-A    44 6: W/W cis         VIII
    27_43, 6:    27 U-A    43 6: -/- cis         XX
    28_42, 6:    28 U-A    42 6: -/- cis         XX
    29_41, 6:    29 C-G    41 6: +/+ cis         XIX
    30_40, 6:    30 G-C    40 6: +/+ cis         XIX
    31_39, 6:    31 G-C    39 6: +/+ cis         XIX
    32_38, 6:    32 C-A    38 6: W/W cis         n/a
    35_36, 6:    35 U-U    36 6:      stacked
    49_65, 6:    49 A-U    65 6: -/- cis         XX
    50_64, 6:    50 G-C    64 6: +/+ cis         XIX
    50_65, 6:    50 G-U    65 6:      stacked
    51_63, 6:    51 G-C    63 6: +/+ cis         XIX
    51_64, 6:    51 G-C    64 6:      stacked
    52_53, 6:    52 G-G    53 6:      stacked
    52_62, 6:    52 G-C    62 6: +/+ cis         XIX
    52_63, 6:    52 G-C    63 6:      stacked
    53_54, 6:    53 G-U    54 6:      stacked
    53_61, 6:    53 G-C    61 6: +/+ cis         XIX
    53_62, 6:    53 G-C    62 6:      stacked
    54_55, 6:    54 U-U    55 6:      stacked
    54_58, 6:    54 U-A    58 6: W/H tran        XXIV
    54_61, 6:    54 U-C    61 6: W/W cis         XVIII
    14_21, 6:    14 A-A    21 6: W/S cis         !1H(b_b).
     8_21, 6:     8 U-A    21 6: S/W tran        !(b_s)
     6_66, 6:     6 G-A    66 6: W/W cis         !(s_s)
    20_21, 6:    20 U-A    21 6: S/S tran        !(s_s)
    21_22, 6:    21 A-G    22 6: S/H cis         !(s_s)
    22_46, 6:    22 G-G    46 6: H/W tran     syn  !(s_s)
    33_36, 6:    33 U-U    36 6: W/H tran        !(s_s)
    47_48, 6:    47 U-C    48 6: S/. cis         !(s_s)
    73_74, 6:    73 G-C    74 6: S/H tran        !(s_s)
END_base-pair

Summary of triplets and higher multiplets
BEGIN_multiplets
9_12_23_| [1 3]  6: 9 A  +  6: 12 U  +  6: 23 A
END_multiplets

  The total base pairs =  29 (from   76 bases)
------------------------------------------------
 Standard  WW--cis  WW-tran  HH--cis  HH-tran  SS--cis  SS-tran
       20        5        1        0        1        0        0
  WH--cis  WH-tran  WS--cis  WS-tran  HS--cis  HS-tran
        0        2        0        0        0        0
------------------------------------------------
