BEGIN_base-pair
  297_312, A:   319 G-C   334 A: +/+ cis         XIX
  299_310, A:   321 A-G   332 A: W/W cis         VIII
  300_307, A:   322 C-A   329 A: W/H tran        XXV
  301_305, A:   323 U-A   327 A: W/H tran        XXIV
  316_329, A:   338 A-G   351 A: W/W cis         VIII
  317_328, A:   339 C-G   350 A: +/+ cis         XIX
  317_328,-
297_312_299_310_300_307_301_305_316_329_317_328_0, click this line to see above pattern
0_0,---------
  847_870, A:   887 G-C   910 A: +/+ cis         XIX
  848_869, A:   888 G-A   909 A: S/H tran        XI
  849_868, A:   889 A-A   908 A: H/H tran        II
  851_867, A:   891 U-A   907 A: W/H tran        XXIV
  852_866, A:   892 A-A   906 A: H/S tran        n/a
  854_865, A:   894 G-U   905 A: W/W cis         XXVIII
  855_864, A:   895 G-U   904 A: W/W cis         XXVIII
  856_863, A:   896 C-G   903 A: +/+ cis         XIX
  856_863,-
847_870_848_869_849_868_851_867_852_866_854_865_855_864_856_863_0, click this line to see above pattern
0_0,---------
  145_154, A:   156 C-G   165 A: +/+ cis         XIX
  146_153, A:   157 U-G   164 A: W/W cis         XXVIII
  148_152, A:   159 G-C   163 A: W/W cis         n/a
  168_185, A:   179 A-A   196 A: W/H tran        V
  169_184, A:   180 U-A   195 A: W/H tran        XXIV
  172_183, A:   183 C-C   194 A: W/W cis         n/a
  173_182, A:   184 G-C   193 A: +/+ cis         XIX
  173_182,-
145_154_146_153_148_152_168_185_169_184_172_183_173_182_0, click this line to see above pattern
0_0,---------
1011_1166, A:  1051 C-G  1207 A: +/+ cis         XIX
1012_1165, A:  1052 U-G  1206 A: W/W cis         XXVIII
1012_1166, A:  1052 U-G  1207 A: W/W cis         XXVIII
1013_1017, A:  1053 G-G  1057 A: W/H cis         VI
1013_1018, A:  1053 G-G  1058 A: W/W tran        III
1015_1159, A:  1055 A-C  1200 A: H/W tran        XXV
1015_1164, A:  1055 A-U  1205 A: W/W cis         n/a
1016_1163, A:  1056 U-A  1204 A: -/- cis         XX
1016_1163,-
1011_1166_1012_1165_1012_1166_1013_1017_1013_1018_1015_1159_1015_1164_1016_1163_0, click this line to see above pattern
0_0,---------
  545_728, A:   579 A-U   762 A: -/- cis         XX
  547_726, A:   581 G-G   760 A: S/H tran        n/a
  548_724, A:   582 C-C   758 A: H/S tran        n/a
  548_725, A:   582 C-A   759 A: W/H tran        XXV
  549_724, A:   583 A-C   758 A: W/S tran        n/a
  550_723, A:   584 G-U   757 A: W/W cis         XXVIII
  551_722, A:   585 G-C   756 A: +/+ cis         XIX
  551_722,-
545_728_547_726_548_724_548_725_549_724_550_723_551_722_0, click this line to see above pattern
0_0,---------
1315_1325, A:  1356 G-C  1366 A: +/+ cis         XIX
1316_1324, A:  1357 A-G  1365 A: W/W cis         VIII
1352_1354, A:  1393 U-C  1395 A: S/H cis         n/a
1358_1456, A:  1399 C-A  1502 A: W/H tran        XXV
1360_1458, A:  1401 G-G  1504 A: W/W tran        III
1362_1453, A:  1403 C-A  1499 A: S/W tran        n/a
1362_1454, A:  1403 C-A  1500 A: S/W cis         n/a
1363_1451, A:  1404 C-G  1497 A: +/+ cis         XIX
1363_1451,-
1315_1325_1316_1324_1352_1354_1358_1456_1360_1458_1362_1453_1362_1454_1363_1451_0, click this line to see above pattern
0_0,---------
     7_19, A:    11 G-C    23 A: +/+ cis         XIX
     8_18, A:    12 U-G    22 A: W/W cis         XXVIII
     9_15, A:    13 U-A    19 A: H/W tran        XXIV
   14_877, A:    18 C-G   917 A: W/W cis         n/a
   15_876, A:    19 A-U   916 A: -/- cis         XX
   15_876,-
7_19_8_18_9_15_14_877_15_876_0, click this line to see above pattern
0_0,---------
 893_1343, A:   933 G-C  1384 A: +/+ cis         XIX
  894_898, A:   934 C-A   938 A: W/W tran        XXVI
 899_1302, A:   939 G-G  1343 A: W/W cis         n/a
 900_1302, A:   940 C-G  1343 A: W/W cis         n/a
 902_1300, A:   942 G-U  1341 A: W/W cis         XXVIII
 903_1299, A:   943 U-A  1340 A: -/- cis         XX
 903_1299,-
893_1343_894_898_899_1302_900_1302_902_1300_903_1299_0, click this line to see above pattern
0_0,---------
  799_813, A:   833 G-C   853 A: +/+ cis         XIX
  800_812, A:   834 U-G   852 A: W/W cis         XXVIII
  801_811, A:   835 U-G   851 A: W/W cis         XXVIII
  802_810, A:   836 G-U   850 A: W/W cis         XXVIII
  803_809, A:   837 U-G   849 A: W/W cis         XXVIII
  804_808, A:   838 G-C   848 A: W/W cis         n/a
  820_829, A:   860 A-G   869 A: H/S tran        XI
  821_828, A:   861 G-C   868 A: +/+ cis         XIX
  821_828,-
799_813_800_812_801_811_802_810_803_809_804_808_820_829_821_828_0, click this line to see above pattern
0_0,---------
1019_1157, A:  1059 C-G  1198 A: +/+ cis         XIX
1022_1153, A:  1062 U-U  1194 A: W/W cis         XVI
1024_1152, A:  1064 G-G  1193 A: W/W tran        III
1026_1150, A:  1066 C-A  1191 A: W/H tran        XXV
1028_1067, A:  1068 G-C  1107 A: W/W cis         n/a
1029_1066, A:  1069 C-G  1106 A: +/+ cis         XIX
1029_1066,-
1019_1157_1022_1153_1024_1152_1026_1150_1028_1067_1029_1066_0, click this line to see above pattern
0_0,---------
 950_1174, A:   990 C-G  1215 A: +/+ cis         XIX
 951_1171, A:   991 U-U  1212 A: W/W cis         XVI
 952_1004, A:   992 U-A  1044 A: W/H tran        XXIV
 956_1005, A:   996 A-C  1045 A: W/S cis         n/a
 960_1001, A:  1000 A-G  1041 A: W/W cis         VIII
  963_999, A:  1003 G-G  1039 A: W/W cis         n/a
  966_984, A:  1006 G-G  1024 A: W/S cis         n/a
  967_982, A:  1007 U-A  1022 A: -/- cis         XX
  967_982,-
950_1174_951_1171_952_1004_956_1005_960_1001_963_999_966_984_967_982_0, click this line to see above pattern
0_0,---------
  636_702, A:   670 G-C   736 A: +/+ cis         XIX
  638_700, A:   672 U-G   734 A: W/W cis         XXVIII
  639_683, A:   673 A-U   717 A: W/W cis         n/a
  640_682, A:   674 G-A   716 A: W/W cis         VIII
  641_681, A:   675 A-A   715 A: W/W cis         n/a
  642_680, A:   676 A-G   714 A: W/W cis         VIII
  643_679, A:   677 U-G   713 A: W/W cis         XXVIII
  644_678, A:   678 U-A   712 A: -/- cis         XX
  644_678,-
636_702_638_700_639_683_640_682_641_681_642_680_643_679_644_678_0, click this line to see above pattern
0_0,---------
1370_1443, A:  1411 C-G  1489 A: +/+ cis         XIX
1372_1441, A:  1413 A-G  1487 A: W/W cis         VIII
1373_1440, A:  1414 U-G  1486 A: W/W cis         XXVIII
1374_1439, A:  1415 G-U  1485 A: W/W cis         XXVIII
1375_1438, A:  1416 G-C  1484 A: +/+ cis         XIX
1375_1438,-
1370_1443_1372_1441_1373_1440_1374_1439_1375_1438_0, click this line to see above pattern
0_0,---------
  423_455, A:   446 G-C   488 A: +/+ cis         XIX
  424_454, A:   447 G-A   487 A: S/H tran        XI
  425_449, A:   448 A-A   482 A: H/H cis         n/a
  425_453, A:   448 A-U   486 A: H/W tran        XXIV
  426_448, A:   449 G-G   481 A: H/W tran        VII
  429_447, A:   452 A-U   480 A: W/W tran        XXI
  432_444, A:   455 G-C   477 A: +/+ cis         XIX
  432_444,-
423_455_424_454_425_449_425_453_426_448_429_447_432_444_0, click this line to see above pattern
0_0,---------
  655_664, A:   689 C-G   698 A: +/+ cis         XIX
  656_663, A:   690 G-U   697 A: S/H tran        n/a
  657_662, A:   691 G-A   696 A: S/H tran        XI
  688_699, A:   722 G-G   733 A: W/W tran   syn    III
  693_696, A:   727 G-G   730 A: W/H tran        VII
  731_782, A:   765 G-A   816 A: S/W cis         n/a
  732_779, A:   766 A-U   813 A: H/W tran        XXIV
  733_779, A:   767 A-U   813 A: W/W tran        XXI
  736_775, A:   770 C-G   809 A: +/+ cis         XIX
  736_775,-
655_664_656_663_657_662_688_699_693_696_731_782_732_779_733_779_736_775_0, click this line to see above pattern
0_0,---------
  136_164, A:   147 G-C   175 A: +/+ cis         XIX
  137_163, A:   148 G-A   174 A: W/W cis         VIII
  138_161, A:   149 A-A   172 A: W/H tran        V
  139_160, A:   150 U-A   171 A: W/H tran        XXIV
  140_159, A:   151 A-U   170 A: H/W tran        XXIV
  142_157, A:   153 C-G   168 A: +/+ cis         XIX
  142_157,-
136_164_137_163_138_161_139_160_140_159_142_157_0, click this line to see above pattern
0_0,---------
1017_1162, A:  1057 G-C  1203 A: +/+ cis         XIX
1018_1158, A:  1058 G-U  1199 A: W/W cis         XXVIII
1018_1161, A:  1058 G-U  1202 A: S/H tran        n/a
1018_1162, A:  1058 G-C  1203 A: W/W cis         n/a
1019_1157, A:  1059 C-G  1198 A: +/+ cis         XIX
1019_1157,-
1017_1162_1018_1158_1018_1161_1018_1162_1019_1157_0, click this line to see above pattern
0_0,---------
1398_1416, A:  1439 G-C  1462 A: +/+ cis         XIX
1399_1415, A:  1440 U-G  1461 A: W/W cis         XXVIII
1400_1414, A:  1441 A-C  1460 A: S/H tran        n/a
1404_1413, A:  1447 A-G  1459 A: W/W cis         VIII
1405_1412, A:  1448 C-G  1455 A: +/+ cis         XIX
1405_1412,-
1398_1416_1399_1415_1400_1414_1404_1413_1405_1412_0, click this line to see above pattern
0_0,---------
1083_1110, A:  1123 U-A  1150 A: -/- cis         XX
1084_1086, A:  1124 G-U  1126 A: S/W tran        n/a
1086_1105, A:  1126 U-A  1145 A: W/W cis         n/a
1087_1104, A:  1127 G-G  1144 A: W/W cis         n/a
1087_1107, A:  1127 G-C  1147 A: S/W cis         n/a
1088_1106, A:  1128 C-A  1146 A: S/W cis         n/a
1092_1102, A:  1132 C-G  1142 A: +/+ cis         XIX
1092_1102,-
1083_1110_1084_1086_1086_1105_1087_1104_1087_1107_1088_1106_1092_1102_0, click this line to see above pattern
0_0,---------
1125_1130, A:  1165 U-A  1171 A: -/- cis         XX
1126_1129, A:  1166 G-A  1169 A: W/H tran        n/a
1136_1140, A:  1177 G-G  1181 A: W/H tran        VII
1159_1164, A:  1200 C-U  1205 A: S/W tran        n/a
1204_1251, A:  1245 A-G  1292 A: W/W cis         VIII
1204_1252, A:  1245 A-C  1293 A: W/W cis         n/a
1206_1249, A:  1247 U-G  1290 A: W/W cis         XXVIII
1207_1248, A:  1248 A-A  1289 A: W/H tran        V
1208_1247, A:  1249 C-A  1288 A: W/H tran        XXV
1212_1243, A:  1253 G-C  1284 A: +/+ cis         XIX
1212_1243,-
1125_1130_1126_1129_1136_1140_1159_1164_1204_1251_1204_1252_1206_1249_1207_1248_1208_1247_1212_1243_0, click this line to see above pattern
0_0,---------
   42_373, A:    46 G-C   395 A: +/+ cis         XIX
   45_340, A:    49 U-G   362 A: W/S cis         n/a
   47_105, A:    51 A-A   116 A: H/S cis         n/a
   48_337, A:    52 C-G   359 A: +/+ cis         XIX
   48_337,-
42_373_45_340_47_105_48_337_0, click this line to see above pattern
0_0,---------
  385_413, A:   407 U-A   435 A: -/- cis         XX
  394_405, A:   416 G-U   427 A: W/W cis         XXVIII
  395_404, A:   417 G-U   426 A: W/W cis         XXVIII
  396_403, A:   418 C-G   425 A: +/+ cis         XIX
  396_403,-
385_413_394_405_395_404_396_403_0, click this line to see above pattern
0_0,---------
    74_80, A:    80 A-U    89 A: -/- cis         XX
  100_308, A:   111 G-C   330 A: W/H tran        n/a
  101_293, A:   112 G-A   315 A: W/W cis         VIII
  102_292, A:   113 G-C   314 A: +/+ cis         XIX
  102_292,-
74_80_100_308_101_293_102_292_0, click this line to see above pattern
0_0,---------
  225_255, A:   247 G-C   277 A: +/+ cis         XIX
  227_253, A:   249 U-G   275 A: W/W cis         XXVIII
  229_232, A:   251 G-G   254 A: W/H cis         VI
  230_252, A:   252 U-A   274 A: -/- cis         XX
  230_252,-
225_255_227_253_229_232_230_252_0, click this line to see above pattern
0_0,---------
    59_93, A:    63 C-G   104 A: +/+ cis         XIX
    60_64, A:    64 G-G    68 A: W/H cis         VI
    60_89, A:    64 G-C    99 A: W/H tran        n/a
    62_92, A:    66 A-U   103 A: -/- cis         XX
    62_92,-
59_93_60_64_60_89_62_92_0, click this line to see above pattern
0_0,---------
  648_674, A:   682 G-C   708 A: +/+ cis         XIX
  649_673, A:   683 G-U   707 A: W/W cis         XXVIII
  651_671, A:   685 G-G   705 A: S/H tran        n/a
  654_665, A:   688 G-C   699 A: +/+ cis         XIX
  654_665,-
648_674_649_673_651_671_654_665_0, click this line to see above pattern
0_0,---------
  792_834, A:   826 C-G   874 A: +/+ cis         XIX
  793_832, A:   827 U-A   872 A: W/W tran     syn  XXI
  794_818, A:   828 U-G   858 A: H/S tran        n/a
  795_817, A:   829 G-C   857 A: +/+ cis         XIX
  795_817,-
792_834_793_832_794_818_795_817_0, click this line to see above pattern
0_0,---------
  822_827, A:   862 C-G   867 A: +/+ cis         XIX
  823_826, A:   863 U-C   866 A: S/H tran        n/a
  846_872, A:   886 G-C   912 A: W/W cis         n/a
  847_870, A:   887 G-C   910 A: +/+ cis         XIX
  847_870,-
822_827_823_826_846_872_847_870_0, click this line to see above pattern
0_0,---------
 884_1351, A:   924 C-G  1392 A: +/+ cis         XIX
 885_1350, A:   925 G-U  1391 A: W/W cis         XXVIII
 887_1349, A:   927 G-U  1390 A: W/W cis         XXVIII
 888_1348, A:   928 G-C  1389 A: +/+ cis         XIX
 888_1348,-
884_1351_885_1350_887_1349_888_1348_0, click this line to see above pattern
0_0,---------
  972_977, A:  1012 A-U  1017 A: -/- cis         XX
 975_1177, A:  1015 G-C  1218 A: S/s cis         n/a
  983_984, A:  1023 U-G  1024 A: S/S tran        n/a
  988_993, A:  1028 C-G  1033 A: +/+ cis         XIX
  988_993,-
972_977_975_1177_983_984_988_993_0, click this line to see above pattern
0_0,---------
    68_86, A:    74 C-G    96 A: +/+ cis         XIX
    69_85, A:    75 G-U    95 A: W/W cis         XXVIII
    70_84, A:    76 G-U    93 A: W/W cis         XXVIII
    71_83, A:    77 A-U    92 A: -/- cis         XX
    71_83,-
68_86_69_85_70_84_71_83_0, click this line to see above pattern
0_0,---------
1074_1145, A:  1114 C-G  1186 A: +/+ cis         XIX
1075_1144, A:  1115 U-G  1185 A: W/W cis         XXVIII
1077_1116, A:  1117 A-G  1156 A: W/W cis         VIII
1078_1115, A:  1118 U-A  1155 A: -/- cis         XX
1078_1115,-
1074_1145_1075_1144_1077_1116_1078_1115_0, click this line to see above pattern
0_0,---------
1218_1235, A:  1259 C-G  1276 A: +/+ cis         XIX
1219_1234, A:  1260 G-A  1275 A: S/H tran        XI
1220_1233, A:  1261 A-A  1274 A: H/S tran        n/a
1222_1231, A:  1263 C-G  1272 A: +/+ cis         XIX
1222_1231,-
1218_1235_1219_1234_1220_1233_1222_1231_0, click this line to see above pattern
0_0,---------
  273_280, A:   295 C-G   302 A: +/+ cis         XIX
  274_279, A:   296 U-G   301 A: W/W cis         XXVIII
  275_278, A:   297 G-A   300 A: S/H tran        XI
  294_315, A:   316 C-G   337 A: +/+ cis         XIX
  294_315,-
273_280_274_279_275_278_294_315_0, click this line to see above pattern
0_0,---------
1383_1430, A:  1424 U-A  1476 A: -/- cis         XX
1384_1429, A:  1425 U-G  1475 A: W/W cis         XXVIII
1385_1428, A:  1426 G-U  1474 A: W/W cis         XXVIII
1386_1427, A:  1427 C-G  1473 A: +/+ cis         XIX
1386_1427,-
1383_1430_1384_1429_1385_1428_1386_1427_0, click this line to see above pattern
0_0,---------
  397_402, A:   419 C-G   424 A: +/+ cis         XIX
  398_401, A:   420 U-G   423 A: S/W tran     syn  n/a
  415_462, A:   437 U-A   496 A: H/W tran        XXIV
  419_459, A:   442 G-C   492 A: +/+ cis         XIX
  419_459,-
397_402_398_401_415_462_419_459_0, click this line to see above pattern
0_0,---------
  472_491, A:   506 G-C   525 A: +/+ cis         XIX
  473_490, A:   507 C-G   524 A: W/W cis         n/a
  476_508, A:   510 A-G   542 A: S/S cis         n/a
  478_505, A:   512 U-A   539 A: -/- cis         XX
  478_505,-
472_491_473_490_476_508_478_505_0, click this line to see above pattern
0_0,---------
  558_613, A:   592 G-C   647 A: +/+ cis         XIX
  559_612, A:   593 U-G   646 A: W/W cis         XXVIII
  560_611, A:   594 U-G   645 A: W/W cis         XXVIII
  562_610, A:   596 A-U   644 A: -/- cis         XX
  562_610,-
558_613_559_612_560_611_562_610_0, click this line to see above pattern
0_0,---------
  357_362, A:   379 C-G   384 A: +/+ cis         XIX
  358_361, A:   380 G-A   383 A: W/H tran        n/a
  382_465, A:   404 G-A   499 A: S/S tran        n/a
  384_414, A:   406 G-C   436 A: W/W cis         n/a
  385_413, A:   407 U-A   435 A: -/- cis         XX
  385_413,-
357_362_358_361_382_465_384_414_385_413_0, click this line to see above pattern
0_0,---------
  481_502, A:   515 G-C   536 A: +/+ cis         XIX
  482_499, A:   516 U-A   533 A: W/H tran        XXIV
  486_495, A:   520 A-G   529 A: H/S tran        XI
  487_494, A:   521 G-C   528 A: W/W cis         n/a
  488_493, A:   522 C-G   527 A: +/+ cis         XIX
  488_493,-
481_502_482_499_486_495_487_494_488_493_0, click this line to see above pattern
0_0,---------
  745_769, A:   779 C-G   803 A: +/+ cis         XIX
  746_768, A:   780 A-A   802 A: S/H tran        n/a
  747_767, A:   781 A-U   801 A: H/W tran        XXIV
  748_766, A:   782 A-G   800 A: H/S tran        XI
  749_765, A:   783 C-G   799 A: +/+ cis         XIX
  749_765,-
745_769_746_768_747_767_748_766_749_765_0, click this line to see above pattern
0_0,---------
1094_1100, A:  1134 G-C  1140 A: +/+ cis         XIX
1095_1098, A:  1135 U-G  1138 A: S/W tran     syn  n/a
1099_1102, A:  1139 G-G  1142 A: W/H cis         VI
1120_1135, A:  1160 G-A  1176 A: W/W cis         VIII
1121_1134, A:  1161 C-G  1175 A: +/+ cis         XIX
1121_1134,-
1094_1100_1095_1098_1099_1102_1120_1135_1121_1134_0, click this line to see above pattern
0_0,---------
 914_1185, A:   954 G-C  1226 A: +/+ cis         XIX
 914_1187, A:   954 G-C  1228 A: W/W cis         n/a
 915_1184, A:   955 U-A  1225 A: W/W cis         n/a
  922_934, A:   962 C-A   974 A: W/W tran        XXVI
  923_932, A:   963 G-C   972 A: +/+ cis         XIX
  923_932,-
914_1185_914_1187_915_1184_922_934_923_932_0, click this line to see above pattern
0_0,---------
1036_1041, A:  1076 U-A  1081 A: -/- cis         XX
1037_1040, A:  1077 G-A  1080 A: W/H tran        n/a
1046_1059, A:  1086 U-G  1099 A: W/W cis         XXVIII
1047_1058, A:  1087 G-C  1098 A: +/+ cis         XIX
1047_1058,-
1036_1041_1037_1040_1046_1059_1047_1058_0, click this line to see above pattern
0_0,---------
  627_710, A:   661 G-C   744 A: +/+ cis         XIX
  629_708, A:   663 A-G   742 A: W/W cis         VIII
  631_690, A:   665 A-G   724 A: H/W cis         IX
  632_706, A:   666 G-U   740 A: W/W cis         XXVIII
  633_705, A:   667 G-C   739 A: +/+ cis         XIX
  633_705,-
627_710_629_708_631_690_632_706_633_705_0, click this line to see above pattern
0_0,---------
  104_290, A:   115 G-C   312 A: +/+ cis         XIX
  105_291, A:   116 A-A   313 A: W/S tran        n/a
  108_265, A:   119 A-U   287 A: H/W tran        XXIV
  111_217, A:   122 G-U   239 A: W/W cis         XXVIII
  112_216, A:   123 U-A   238 A: -/- cis         XX
  112_216,-
104_290_105_291_108_265_111_217_112_216_0, click this line to see above pattern
0_0,---------
1380_1433, A:  1421 G-C  1479 A: +/+ cis         XIX
1381_1432, A:  1422 G-U  1478 A: W/W cis         XXVIII
1382_1431, A:  1423 G-U  1477 A: W/W cis         XXVIII
1383_1430, A:  1424 U-A  1476 A: -/- cis         XX
1383_1430,-
1380_1433_1381_1432_1382_1431_1383_1430_0, click this line to see above pattern
0_0,---------
1224_1229, A:  1265 C-G  1270 A: +/+ cis         XIX
1225_1229, A:  1266 G-G  1270 A: W/W cis         n/a
1227_1270, A:  1268 G-A  1311 A: W/W tran        n/a
1227_1285, A:  1268 G-U  1326 A: S/S cis         n/a
1235_1241, A:  1276 G-C  1282 A: S/S cis         n/a
1247_1329, A:  1288 A-G  1370 A: S/S tran        n/a
1258_1294, A:  1299 A-U  1335 A: W/W tran   syn    XXI
1262_1293, A:  1303 C-G  1334 A: +/+ cis         XIX
1262_1293,-
1224_1229_1225_1229_1227_1270_1227_1285_1235_1241_1247_1329_1258_1294_1262_1293_0, click this line to see above pattern
0_0,---------
1406_1411, A:  1449 C-G  1454 A: +/+ cis         XIX
1407_1410, A:  1450 U-G  1453 A: S/W tran     syn  n/a
1407_1411, A:  1450 U-G  1454 A: S/W cis         n/a
1461_1482, A:  1507 A-U  1528 A: -/- cis         XX
1461_1482,-
1406_1411_1407_1410_1407_1411_1461_1482_0, click this line to see above pattern
0_0,---------
1273_1282, A:  1314 C-G  1323 A: +/+ cis         XIX
1274_1278, A:  1315 U-A  1319 A: W/H tran        XXIV
1304_1335, A:  1345 U-U  1376 A: S/W tran        n/a
1305_1335, A:  1346 A-U  1376 A: H/H tran        n/a
1306_1307, A:  1347 G-U  1348 A: S/H cis         n/a
1307_1333, A:  1348 U-A  1374 A: W/H tran        XXIV
1308_1332, A:  1349 A-G  1373 A: H/S tran        XI
1309_1331, A:  1350 A-U  1372 A: -/- cis         XX
1309_1331,-
1273_1282_1274_1278_1304_1335_1305_1335_1306_1307_1307_1333_1308_1332_1309_1331_0, click this line to see above pattern
0_0,---------
  117_211, A:   128 G-C   233 A: +/+ cis         XIX
  118_120, A:   129 A-A   131 A: W/H cis         n/a
  118_210, A:   129 A-G   232 A: W/W cis         VIII
  119_211, A:   130 A-C   233 A: W/S cis         n/a
  120_209, A:   131 A-U   231 A: -/- cis         XX
  120_209,-
117_211_118_120_118_210_119_211_120_209_0, click this line to see above pattern
0_0,---------
1389_1424, A:  1430 A-U  1470 A: -/- cis         XX
1390_1423, A:  1431 A-C  1469 A: W/W cis         n/a
1391_1422, A:  1432 G-A  1468 A: S/H tran        XI
1392_1421, A:  1433 A-C  1467 A: H/W tran        XXV
1394_1420, A:  1435 G-C  1466 A: +/+ cis         XIX
1394_1420,-
1389_1424_1390_1423_1391_1422_1392_1421_1394_1420_0, click this line to see above pattern
0_0,---------
END_base-pair
