The backbone torsional angle for nucleic acid 

 
Note: alpha:   O3'(i-1)-P-O5'-C5'
      beta:    P-O5'-C5'-C4'
      gamma:   O5'-C5'-C4'-C3'
      delta:   C5'-C4'-C3'-O3'
      epsilon: C4'-C3'-O3'-P(i+1)
      zeta:    C3'-O3'-P(i+1)-O5'(i+1)

      chi for pyrimidines(Y): O4'-C1'-N1-C2
          chi for purines(R): O4'-C1'-N9-C4

    (The number -9999.99 means that the angle can not be calculated) 

Ch Res  Num    alpha    beta     gamma    delta  epsilon    zeta     chi
C   A    2  -9999.99   110.27    83.40    84.33   168.06   -87.70    62.95
C   G    3    162.76  -143.90   -91.05    79.44  -149.74   -70.40  -171.50
C   G    4    -68.28   170.04    65.18    79.39  -155.17   -71.66  -168.12
C   G    5    -66.21   171.71    60.26    80.18  -145.06   -68.10  -170.29
C   U    6    -66.69   166.10    63.99    81.45  -150.06   -84.13  -161.95
C   A    7    -55.51   175.25    64.29   146.65   -87.68   -99.47  -121.09
C   U    8     46.32   135.41   -19.27    84.26  -156.55  -151.63  -158.41
C   A    9     72.04   132.33   -24.91   150.22   -99.84   -82.46   -76.48
C   G   10   -173.66   149.02    56.94    85.50  -135.14   -78.42   176.27
C   C   11    -59.16   173.60    49.51    81.55  -144.68   -68.62  -165.39
C   U   12    -59.98  -179.86    43.27    79.56  -157.59   -69.16  -157.39
C   C   13    137.48  -156.35  -162.77    79.88  -173.57   -75.32  -159.18
C   A   14    168.71  -173.42   173.66    81.71  -116.70   -70.86  -179.97
C   G   15    -48.11   149.45    62.07    80.78  -115.98  -106.27  -158.20
C   G   16    -40.80   133.57    51.41    82.00  -178.06   -84.18  -143.39
C   G   18    174.50   169.68   -66.13   146.34  -102.12  -157.40  -103.87
C   G   19    -76.06   169.90    58.25   151.72   -60.19  -134.11   -81.26
C   U   20     46.56   145.49  -120.73   147.41   -77.16   -99.52    46.00
C   A   21     52.81  -163.93    49.57   146.75  -117.26  -178.40   -88.19
C   G   22     58.82  -156.36  -162.28    80.51  -152.60   -86.46  -172.14
C   A   23    -61.62   172.00    56.36    81.90  -150.98   -73.47  -161.41
C   G   24    -70.02   174.53    53.55    81.30  -143.21   -68.12  -165.41
C   C   25    -66.56   169.27    57.29    79.18  -146.70   -68.34  -158.66
C   A   26    -64.80   168.07    58.61    79.97  -134.05   -71.45  -170.57
C   U   27    -60.80   165.26    57.02    80.41  -147.26   -65.54  -158.32
C   U   28    -69.85  -172.69    47.33    81.98  -147.08   -80.94  -157.28
C   U   29    -54.15   163.46    51.85    79.87  -149.99   -75.00  -161.64
C   G   30    -59.82   173.14    49.02    79.68  -150.18   -67.10  -171.83
C   A   31    -99.24   154.71   103.06    78.51  -133.28   -69.45   176.34
C   C   32    -51.69   176.74    39.96    80.16  -161.36   -83.70  -160.15
C   U   33    159.08  -147.46   163.27    81.15 -9999.99 -9999.99  -166.31
C   A   36  -9999.99  -140.35    82.37    79.73  -144.29   -82.28  -148.72
C   G   37    -48.36   169.71    62.16   145.84   -85.66  -122.50  -114.91
C   A   38     51.06  -169.32    67.72   147.64  -102.16   -68.11  -112.51
C   U   39    -56.98  -148.59    51.99    81.05  -147.62   -79.21  -165.93
C   C   40    -58.79   170.25    51.24    81.08  -143.97   -65.09  -159.48
C   A   41   -103.48   147.32   107.61    79.66  -125.88   -94.25  -178.97
C   A   42    -39.99   152.75    39.46    82.58  -145.84   -84.34  -165.10
C   G   43    -48.23   179.72    52.76   140.83  -171.59  -120.37    71.86
C   A   44    -54.21   156.65    44.68    76.65  -132.50   -97.36  -121.12
C   G   45     54.43   140.79   -38.96   147.04   -95.11  -153.58   115.24
C   G   46    -61.25   155.10    24.00    81.74  -127.04  -147.59  -100.77
C   U   47     20.07   112.04  -179.09   148.37  -156.49    58.65    -4.36
C   C   48    -95.65  -122.30    85.39   145.95  -151.08    63.75  -131.71
C   C   49     49.80   147.32    40.74    80.33  -147.70   -72.96  -164.38
C   C   50    -67.03  -176.33    50.41    81.55  -145.89   -69.52  -162.79
C   U   51    -66.23   168.86    57.15    78.52  -143.46   -77.89  -160.74
C   G   52    -71.77   157.10    67.56    80.30  -156.24   -70.46  -172.70
C   G   53    -65.58  -177.68    53.34    81.31  -146.61   -76.60  -169.71
C   U   54    -57.96   171.06    49.92    80.65  -125.12   -68.00  -160.60
C   U   55    -55.81   167.00    51.96    79.63  -137.78   -66.26  -153.35
C   C   56    175.73   163.66    44.92    82.33  -134.99   -68.86  -168.66
C   A   57    -60.96   164.43    54.63    80.11  -134.82   -73.26  -165.32
C   A   58    -45.12  -149.83    57.99   145.90  -124.77  -130.18   -84.29
C   A   59   -139.02   117.30     0.62    84.72  -146.10   -74.45  -164.22
C   U   60    -61.06   176.69    63.84   145.12  -101.29   -69.07  -106.65
C   C   61    -89.48   175.95    42.63    79.83  -144.84   -74.50  -167.66
C   C   62    -63.07   175.67    52.73    80.46  -142.65   -82.52  -160.91
C   A   63    -65.12   167.01    55.06    80.42  -146.10   -81.44  -165.70
C   G   64    -61.13   161.18    56.76    80.93  -149.45   -68.46  -168.15
C   G   65    -61.58   177.11    49.25    79.80  -140.84   -79.33  -166.87
C   U   66    -53.94   162.55    51.47    79.87  -147.87   -82.96  -163.21
C   G   67    -58.63   167.12    49.60    79.83  -143.64   -75.84  -164.78
C   C   68    -59.93   168.37    52.28    79.83  -144.26   -73.73  -160.30
C   C   69    -58.89   165.41    59.04    79.24  -155.29   -72.10  -163.49
C   C   70    -65.03  -177.97    49.40    81.75  -124.76   117.22  -162.35
C   U   71   -147.08  -159.71    73.45    84.89    30.72   158.62  -120.77
C   C   72     43.77   -70.66  -133.57    81.12  -129.67   164.20   114.88
C   U   73    -63.14   111.97   151.71   147.84  -144.77  -107.79  -149.86
C   C   74   -135.51  -127.46    49.78   139.32  -108.08   145.23  -147.52
C   C   75    -76.06  -164.12    56.00   145.70  -137.24   113.49  -132.22
C   A   76     -1.60  -138.40  -130.59   146.03 -9999.99 -9999.99    76.01
