BEGIN_base-pair
     6_62, C:     7 A-U    66 C: -/- cis         XX
     7_13, C:     8 U-A    14 C: W/H tran        XXIV
     8_21, C:     9 A-A    23 C: H/H tran   syn    II
     9_23, C:    10 G-C    25 C: +/+ cis         XIX
     9_23,-
6_62_7_13_8_21_9_23_0, click this line to see above pattern
0_0,---------
    17_52, C:    19 G-C    56 C: +/+ cis    syn    XIX
    20_42, C:    22 G-G    46 C: H/W tran        VII
    25_40, C:    27 U-A    44 C: W/W cis         n/a
    26_38, C:    28 U-A    42 C: -/- cis         XX
    26_38,-
17_52_20_42_25_40_26_38_0, click this line to see above pattern
0_0,---------
    12_20, C:    13 C-G    22 C: +/+ cis         XIX
    14_44, C:    15 G-C    48 C: W/W tran        XXII
    15_55, C:    16 G-A    59 C: S/S tran        n/a
    16_51, C:    18 G-U    55 C: W/S tran        n/a
    17_52, C:    19 G-C    56 C: +/+ cis    syn    XIX
    17_52,-
12_20_14_44_15_55_16_51_17_52_0, click this line to see above pattern
0_0,---------
END_base-pair
