PDB data file name: ./Datasets/pdb_select_tRNA/5wwt_C.pdb_new
-----------------------------------------------------------
CRITERIA USED TO GENERATE BASE-PAIR: 
  3.40 --> upper H-bond length limits (ON..ON).
 26.00 --> max. distance between paired base origins.
  2.50 --> max. vertical distance between paired base origins.
 65.00 --> max. angle between paired bases [0-90].
  5.40 --> min. distance between RN9/YN1 atoms.
  8.00 --> max. distance criterion for helix break[0-12]
-----------------------------------------------------------
BASE-PAIR INSTRUCTIONS: 
Column 1 is rnaview assigned base numbers n1_n2, start from 1.
Column 2 & 3 are chain ID & residue number in input PDB file.
Column 4 is for base pair. The left & right are the bases as 
         identified by column 2 & 3 and 5 & 6.
Column 5 & 6 are residue number & chain ID in input PDB file.
Column 7 is for base pair annotation. The standard Watson-Crick
         (W.C.) pairs are annotated as -/- (AU,AT) or +/+ (GC).
         Other pairs are annotated as Leontis_Westhof Classification.
         The three edges: W(Watson-Crick); H(Hoogsteen); S(suger).
         e.g. W/H means the pair is edge of Watson-Crick & Hoogsteen.
Column 8 is glycosidic bond orientation (either cis or trans).
         e.g. 'W/H cis' means the pair is interaction on Watson-Crick
         and Hoogsteen side, glycosidic bond orientation is 'cis'.
Column 9 corresponds to Saenger Classification.

Other columns: 
        Syn sugar-base conformations are annotated as (syn).
        Stacked base pairs are annotated as (stack).
        Non-identified edges are annotated as (.) or (?)
        Tertiary interactions are marked by (!) in the line.
Reference:
Yang et al (2003) Nucleic Acids Research, Vol31,No13,p3450-3461.
-----------------------------------------------------------
BEGIN_base-pair
     2_66, C:     3 G-C    70 C: +/+ cis         XIX
     3_65, C:     4 G-C    69 C: +/+ cis         XIX
     4_64, C:     5 G-C    68 C: +/+ cis         XIX
     5_63, C:     6 U-G    67 C: W/W cis         XXVIII
     6_62, C:     7 A-U    66 C: -/- cis         XX
     7_13, C:     8 U-A    14 C: W/H tran        XXIV
     8_21, C:     9 A-A    23 C: H/H tran   syn    II
     9_23, C:    10 G-C    25 C: +/+ cis         XIX
    10_22, C:    11 C-G    24 C: +/+ cis         XIX
    11_12, C:    12 U-C    13 C:      stacked
    11_21, C:    12 U-A    23 C: -/- cis         XX
    12_20, C:    13 C-G    22 C: +/+ cis         XIX
    14_44, C:    15 G-C    48 C: W/W tran        XXII
    15_55, C:    16 G-A    59 C: S/S tran        n/a
    16_51, C:    18 G-U    55 C: W/S tran        n/a
    17_52, C:    19 G-C    56 C: +/+ cis    syn    XIX
    20_42, C:    22 G-G    46 C: H/W tran        VII
    25_40, C:    27 U-A    44 C: W/W cis         n/a
    26_38, C:    28 U-A    42 C: -/- cis         XX
    27_37, C:    29 U-A    41 C: -/- cis         XX
    28_36, C:    30 G-C    40 C: +/+ cis         XIX
    29_35, C:    31 A-U    39 C: -/- cis         XX
    30_31, C:    32 C-U    33 C:      stacked
    30_33, C:    32 C-G    37 C: +/+ cis         XIX
    31_32, C:    33 U-A    36 C: -/- cis         XX
    45_61, C:    49 C-G    65 C: +/+ cis         XIX
    46_60, C:    50 C-G    64 C: +/+ cis         XIX
    47_59, C:    51 U-A    63 C: -/- cis         XX
    48_58, C:    52 G-C    62 C: +/+ cis         XIX
    49_57, C:    53 G-C    61 C: +/+ cis         XIX
    50_54, C:    54 U-A    58 C: W/H tran     syn  XXIV
    55_56, C:    59 A-U    60 C:      stacked
     7_19, C:     8 U-A    21 C: S/W tran     syn  !(b_s)
     8_10, C:     9 A-C    11 C: S/H cis    syn    !(b_s)
      6_7, C:     7 A-U     8 C: S/H cis         !(s_s)
    43_44, C:    47 U-C    48 C: S/. tran   syn    !(s_s)
    51_53, C:    55 U-A    57 C: S/S tran        !(s_s)
    54_56, C:    58 A-U    60 C: S/S tran   syn    !(s_s)
    68_69, C:    72 C-U    73 C: S/S cis         !(s_s)
    70_71, C:    74 C-C    75 C: S/. cis         !(s_s)
END_base-pair

Summary of triplets and higher multiplets
BEGIN_multiplets
8_11_21_| [1 3]  C: 9 A  +  C: 12 U  +  C: 23 A
12_20_42_| [2 3]  C: 13 C  +  C: 22 G  +  C: 46 G
END_multiplets

  The total base pairs =  29 (from   72 bases)
------------------------------------------------
 Standard  WW--cis  WW-tran  HH--cis  HH-tran  SS--cis  SS-tran
       20        2        1        0        1        0        1
  WH--cis  WH-tran  WS--cis  WS-tran  HS--cis  HS-tran
        0        3        0        1        0        0
------------------------------------------------
