PDB data file name: ./Datasets/pdb_select_tRNA/4ujc_A.pdb_new
uncommon residue GNP 2434  on chain A [#3171] assigned to: g
-----------------------------------------------------------
CRITERIA USED TO GENERATE BASE-PAIR: 
  3.40 --> upper H-bond length limits (ON..ON).
 26.00 --> max. distance between paired base origins.
  2.50 --> max. vertical distance between paired base origins.
 65.00 --> max. angle between paired bases [0-90].
  5.40 --> min. distance between RN9/YN1 atoms.
  8.00 --> max. distance criterion for helix break[0-12]
-----------------------------------------------------------
BASE-PAIR INSTRUCTIONS: 
Column 1 is rnaview assigned base numbers n1_n2, start from 1.
Column 2 & 3 are chain ID & residue number in input PDB file.
Column 4 is for base pair. The left & right are the bases as 
         identified by column 2 & 3 and 5 & 6.
Column 5 & 6 are residue number & chain ID in input PDB file.
Column 7 is for base pair annotation. The standard Watson-Crick
         (W.C.) pairs are annotated as -/- (AU,AT) or +/+ (GC).
         Other pairs are annotated as Leontis_Westhof Classification.
         The three edges: W(Watson-Crick); H(Hoogsteen); S(suger).
         e.g. W/H means the pair is edge of Watson-Crick & Hoogsteen.
Column 8 is glycosidic bond orientation (either cis or trans).
         e.g. 'W/H cis' means the pair is interaction on Watson-Crick
         and Hoogsteen side, glycosidic bond orientation is 'cis'.
Column 9 corresponds to Saenger Classification.

Other columns: 
        Syn sugar-base conformations are annotated as (syn).
        Stacked base pairs are annotated as (stack).
        Non-identified edges are annotated as (.) or (?)
        Tertiary interactions are marked by (!) in the line.
Reference:
Yang et al (2003) Nucleic Acids Research, Vol31,No13,p3450-3461.
-----------------------------------------------------------
BEGIN_base-pair
     1_72, A:     1 G-C    72 A: +/+ cis         XIX
     2_71, A:     2 C-G    71 A: +/+ cis         XIX
     3_70, A:     3 C-G    70 A: +/+ cis         XIX
     4_69, A:     4 C-G    69 A: +/+ cis         XIX
      5_6, A:     5 G-G     6 A:      stacked
     5_68, A:     5 G-C    68 A: W/W cis         n/a
     6_67, A:     6 G-C    67 A: W/W cis         n/a
     7_49, A:     7 A-C    49 A:      stacked
     7_66, A:     7 A-U    66 A: -/- cis         XX
     8_15, A:     8 U-G    15 A:      stacked
     9_23, A:     9 A-A    23 A: H/H tran   syn    II
    10_25, A:    10 G-C    25 A: +/+ cis         XIX
    11_24, A:    11 C-G    24 A: +/+ cis         XIX
    12_23, A:    12 U-A    23 A: -/- cis         XX
    13_22, A:    13 C-G    22 A: +/+ cis         XIX
    14_21, A:    14 A-A    21 A: W/S cis         n/a
    15_48, A:    15 G-C    48 A: W/W tran        XXII
    16_59, A:    16 U-U    59 A: W/W tran        XII,XIII
    18_55, A:    18 G-U    55 A: W/S tran        n/a
    19_56, A:    19 G-C    56 A: +/+ cis         XIX
    22_46, A:    22 G-G    46 A: H/W tran        VII
    26_44, A:    26 A-G    44 A: W/W cis         VIII
    27_43, A:    27 G-C    43 A: +/+ cis         XIX
    28_42, A:    28 G-C    42 A: +/+ cis         XIX
    29_41, A:    29 G-C    41 A: +/+ cis         XIX
    30_40, A:    30 G-C    40 A: +/+ cis         XIX
    31_39, A:    31 A-U    39 A: -/- cis         XX
    32_38, A:    32 U-A    38 A: W/W cis         n/a
   35_295, A:    35 A-G   344 A: W/W cis         VIII
   37_293, A:    37 A-A   342 A: W/W cis         n/a
    41_42, A:    41 C-C    42 A:      stacked
    44_45, A:    44 G-U    45 A:      stacked
    49_65, A:    49 C-G    65 A: +/+ cis         XIX
    50_64, A:    50 U-A    64 A: -/- cis         XX
    50_65, A:    50 U-G    65 A:      stacked
    51_63, A:    51 U-G    63 A: W/W cis         XXVIII
    52_62, A:    52 G-C    62 A: +/+ cis         XIX
    53_61, A:    53 G-C    61 A: +/+ cis         XIX
    54_58, A:    54 U-A    58 A: W/H tran     syn  XXIV
    77_89, A:    77 G-C    89 A: +/+ cis         XIX
    78_88, A:    78 U-G    88 A: W/W cis         XXVIII
    79_87, A:    79 C-G    87 A: +/+ cis         XIX
    94_95, A:    94 G-U    95 A: S/H cis         n/a
  118_120, A:   118 G-C   120 A: W/H cis         n/a
  119_121, A:   119 A-C   121 A: W/H cis         n/a
  125_274, A:   125 C-G   323 A: +/+ cis         XIX
  126_273, A:   126 C-G   322 A: +/+ cis         XIX
  127_272, A:   127 U-A   321 A: -/- cis         XX
  128_271, A:   128 C-G   320 A: +/+ cis         XIX
  129_270, A:   129 C-G   319 A: +/+ cis         XIX
  130_269, A:   130 C-G   318 A: +/+ cis         XIX
  130_270, A:   130 C-G   319 A:      stacked
  131_268, A:   131 G-C   317 A: +/+ cis         XIX
  132_267, A:   132 G-C   316 A: +/+ cis         XIX
  133_266, A:   133 G-C   315 A: +/+ cis         XIX
  134_241, A:   134 A-U   290 A: -/- cis         XX
  135_240, A:   135 G-C   289 A: +/+ cis         XIX
  137_238, A:   137 G-U   287 A: W/W cis         XXVIII
  138_237, A:   138 C-G   286 A: +/+ cis         XIX
  139_236, A:   139 C-G   285 A: +/+ cis         XIX
  139_237, A:   139 C-G   286 A:      stacked
  140_235, A:   140 A-U   284 A: -/- cis         XX
  141_203, A:   141 U-A   252 A: W/W cis         n/a
  142_202, A:   142 A-U   251 A: -/- cis         XX
  143_201, A:   143 G-C   250 A: +/+ cis         XIX
  144_200, A:   144 U-G   249 A: W/W cis         XXVIII
  145_199, A:   145 G-U   248 A: W/W cis         XXVIII
  146_198, A:   146 G-C   247 A: +/+ cis         XIX
  147_197, A:   147 U-A   246 A: -/- cis         XX
  148_196, A:   148 C-G   245 A: +/+ cis         XIX
  149_195, A:   149 U-A   244 A: -/- cis         XX
  150_193, A:   150 G-C   242 A: +/+ cis         XIX
  151_192, A:   151 C-G   241 A: +/+ cis         XIX
  152_191, A:   152 G-C   240 A: +/+ cis         XIX
  153_190, A:   153 G-C   239 A: +/+ cis         XIX
  155_172, A:   155 A-A   172 A: W/S cis         n/a
  155_179, A:   155 A-U   228 A: H/W cis         XXIII
  156_171, A:   156 C-G   171 A: +/+ cis         XIX
  157_170, A:   157 C-G   170 A: W/W cis         n/a
  157_171, A:   157 C-G   171 A:      stacked
  158_169, A:   158 G-C   169 A: +/+ cis         XIX
  159_168, A:   159 G-C   168 A: +/+ cis         XIX
  160_167, A:   160 U-A   167 A: -/- cis         XX
  161_166, A:   161 G-C   166 A: +/+ cis         XIX
  162_165, A:   162 A-A   165 A: S/W cis         n/a
  172_178, A:   172 A-U   227 A: -/- cis         XX
  173_177, A:   173 A-U   226 A: -/- cis         XX
  174_176, A:   174 U-A   225 A: -/- cis         XX
  180_189, A:   229 G-C   238 A: +/+ cis         XIX
  181_188, A:   230 G-C   237 A: +/+ cis         XIX
  182_183, A:   231 G-C   232 A: S/H cis         n/a
  182_187, A:   231 G-C   236 A: +/+ cis         XIX
  186_187, A:   235 G-C   236 A:      stacked
  204_230, A:   253 G-C   279 A: +/+ cis         XIX
  205_229, A:   254 C-G   278 A: +/+ cis         XIX
  206_228, A:   255 C-G   277 A: +/+ cis         XIX
  208_226, A:   257 A-A   275 A: H/H tran        II
  209_210, A:   258 G-U   259 A: S/H cis    syn    n/a
  210_225, A:   259 U-A   274 A: W/H tran        XXIV
  211_224, A:   260 A-G   273 A: H/S tran        XI
  212_223, A:   261 G-C   272 A: +/+ cis         XIX
  213_222, A:   262 U-G   271 A: W/W cis         XXVIII
  214_221, A:   263 G-C   270 A: +/+ cis         XIX
  215_219, A:   264 U-G   268 A: W/W tran        XXVII
  242_253, A:   291 G-U   302 A: W/W cis         XXVIII
  243_252, A:   292 C-G   301 A: +/+ cis         XIX
  244_251, A:   293 C-G   300 A: +/+ cis         XIX
  245_246, A:   294 U-G   295 A:      stacked
  245_250, A:   294 U-G   299 A: W/W cis         XXVIII
  246_249, A:   295 G-A   298 A: S/H tran        XI
  254_265, A:   303 G-C   314 A: +/+ cis         XIX
  255_264, A:   304 C-G   313 A: +/+ cis         XIX
  258_280, A:   307 G-U   329 A: W/W cis         XXVIII
  259_279, A:   308 C-G   328 A: +/+ cis         XIX
  260_278, A:   309 G-C   327 A: +/+ cis         XIX
  261_277, A:   310 A-U   326 A: -/- cis         XX
  262_276, A:   311 G-C   325 A: +/+ cis         XIX
  285_286, A:   334 C-G   335 A:      stacked
  287_288, A:   336 U-G   337 A:      stacked
  321_322, A:   191 C-C   192 A: W/W cis         n/a
  328_341, A:   198 C-G   211 A: +/+ cis         XIX
  329_340, A:   199 C-G   210 A: +/+ cis         XIX
  330_339, A:   200 U-A   209 A: -/- cis         XX
  331_338, A:   201 U-G   208 A: W/W cis         XXVIII
  332_333, A:   202 C-U   203 A:      stacked
  349_353, A:   219 C-G   223 A: +/+ cis      syn  XIX
  354_368, A:   354 A-A   368 A: H/H tran        II
  356_357, A:   356 U-A   357 A:      stacked
  356_367, A:   356 U-A   367 A: W/H tran        XXIV
  357_366, A:   357 A-G   366 A: H/S tran        XI
  357_367, A:   357 A-A   367 A:      stacked
  358_365, A:   358 C-G   365 A: +/+ cis         XIX
  359_364, A:   359 C-G   364 A: +/+ cis         XIX
  361_362, A:   361 U-A   362 A:      stacked
  368_369, A:   368 A-A   369 A:      stacked
  372_378, A:   372 U-G   378 A: W/W cis    syn    XXVIII
  373_377, A:   373 G-A   377 A: S/H tran        XI
  374_397, A:   374 A-C   397 A: H/H tran        n/a
  376_401, A:   376 A-A   401 A: W/W tran        I
  377_401, A:   377 A-A   401 A: W/W tran        I
  378_402, A:   378 G-G   402 A: S/S tran     syn  IV
  378_405, A:   378 G-C   405 A: +/+ cis         XIX
  381_392, A:   381 C-G   392 A: W/W cis         n/a
  383_389, A:   383 U-A   389 A: W/W cis         n/a
  384_385, A:   384 U-G   385 A:      stacked
  384_389, A:   384 U-A   389 A: -/- cis         XX
  415_416, A:   415 U-U   416 A:      stacked
  447_566, A:   447 C-G   688 A: +/+ cis         XIX
  450_563, A:   450 C-G   685 A: +/+ cis         XIX
  451_562, A:   451 C-A   684 A: W/W cis         n/a
  452_561, A:   452 G-C   683 A: +/+ cis         XIX
  455_558, A:   455 G-U   680 A: W/W cis         XXVIII
  456_557, A:   456 G-U   679 A: W/W cis         XXVIII
  457_553, A:   457 A-C   675 A: H/H cis      syn  n/a
  458_552, A:   458 U-G   674 A: W/W tran   syn    XXVII
  463_464, A:   463 C-C   464 A:      stacked
  463_552, A:   463 C-G   674 A: W/W cis         n/a
  464_465, A:   464 C-C   465 A:      stacked
  466_549, A:   466 G-C   671 A: +/+ cis         XIX
  467_548, A:   467 G-C   670 A: +/+ cis         XIX
  468_547, A:   468 C-G   669 A: +/+ cis         XIX
  469_546, A:   469 G-C   668 A: +/+ cis         XIX
  470_545, A:   470 G-C   667 A: +/+ cis         XIX
  479_542, A:   479 G-C   664 A: +/+ cis         XIX
  480_541, A:   480 C-G   663 A: +/+ cis         XIX
  482_539, A:   482 G-C   661 A: +/+ cis         XIX
  484_538, A:   484 G-C   660 A: +/+ cis         XIX
  486_536, A:   486 C-G   658 A: W/W cis         n/a
  487_535, A:   487 G-C   657 A: +/+ cis         XIX
  488_536, A:   488 G-G   658 A: W/S cis         n/a
  489_533, A:   489 C-G   655 A: +/+ cis         XIX
  490_532, A:   490 G-C   654 A: +/+ cis         XIX
  492_493, A:   492 C-C   493 A:      stacked
  493_529, A:   493 C-G   651 A: +/+ cis         XIX
  494_528, A:   494 C-G   650 A: +/+ cis         XIX
  496_526, A:   496 G-C   648 A: +/+ cis         XIX
  498_524, A:   498 G-C   646 A: +/+ cis         XIX
  500_522, A:   500 A-U   644 A: -/- cis         XX
  501_521, A:   501 U-G   643 A: W/W cis         XXVIII
  504_517, A:   504 U-G   639 A: W/W cis         XXVIII
  505_516, A:   505 U-G   638 A: W/W cis         XXVIII
  506_515, A:   506 C-G   637 A: +/+ cis         XIX
  507_514, A:   507 C-G   636 A: +/+ cis         XIX
  508_513, A:   508 C-G   635 A: +/+ cis         XIX
  509_512, A:   509 G-C   634 A: +/+ cis         XIX
  510_511, A:   510 C-G   633 A: +/+ cis         XIX
  519_520, A:   641 C-C   642 A: S/H cis         n/a
  551_552, A:   673 G-G   674 A:      stacked
  579_580, A:   701 C-G   702 A:      stacked
  596_597, A:   718 G-G   719 A: S/S cis      syn  n/a
  607_608, A:   729 C-G   730 A:      stacked
  632_633, A:  1439 C-C  1440 A:      stacked
  638_671, A:  1445 G-C  1478 A: +/+ cis         XIX
  639_670, A:  1446 C-G  1477 A: +/+ cis         XIX
  640_668, A:  1447 C-G  1475 A: +/+ cis         XIX
  642_666, A:  1449 G-U  1473 A: W/W cis         XXVIII
  643_665, A:  1450 U-G  1472 A: W/W cis         XXVIII
  646_648, A:  1453 C-C  1455 A:      stacked
  648_661, A:  1455 C-G  1468 A: +/+ cis         XIX
  650_660, A:  1457 C-G  1467 A:      stacked
  691_830, A:  1498 C-G  1637 A: +/+ cis         XIX
  692_693, A:  1499 C-C  1500 A:      stacked
  692_829, A:  1499 C-G  1636 A: +/+ cis         XIX
  694_827, A:  1501 G-C  1634 A: W/W cis         n/a
  694_828, A:  1501 G-U  1635 A:      stacked
  695_696, A:  1502 A-A  1503 A:      stacked
  695_824, A:  1502 A-U  1631 A: H/W tran        XXIV
  698_820, A:  1505 G-C  1627 A: +/+ cis         XIX
  699_819, A:  1506 A-U  1626 A: W/W cis         n/a
  701_817, A:  1508 G-C  1624 A: +/+ cis         XIX
  702_816, A:  1509 G-C  1623 A: +/+ cis         XIX
  703_704, A:  1510 U-G  1511 A:      stacked
  704_796, A:  1511 G-G  1603 A: W/H tran        VII
  705_708, A:  1512 A-U  1515 A: S/W tran   syn    n/a
  705_799, A:  1512 A-G  1606 A: W/S tran   syn    X
  710_793, A:  1517 U-A  1600 A: -/- cis         XX
  711_792, A:  1518 G-U  1599 A: W/W cis         XXVIII
  712_791, A:  1519 C-G  1598 A: +/+ cis         XIX
  714_789, A:  1521 U-G  1596 A: W/W cis         XXVIII
  715_788, A:  1522 G-U  1595 A: W/W cis         XXVIII
  716_787, A:  1523 G-C  1594 A: +/+ cis         XIX
  717_786, A:  1524 G-C  1593 A: +/+ cis         XIX
  720_752, A:  1527 G-C  1559 A: +/+ cis         XIX
  721_751, A:  1528 G-C  1558 A: +/+ cis         XIX
  722_750, A:  1529 G-U  1557 A: W/W cis         XXVIII
  723_748, A:  1530 C-G  1555 A: W/W cis         n/a
  724_747, A:  1531 G-A  1554 A: S/H tran        XI
  726_745, A:  1533 A-G  1552 A: H/S tran        XI
  727_744, A:  1534 G-U  1551 A: W/W cis         XXVIII
  728_743, A:  1535 C-G  1550 A: +/+ cis         XIX
  729_742, A:  1536 C-G  1549 A: +/+ cis         XIX
  730_741, A:  1537 A-U  1548 A: -/- cis         XX
  731_740, A:  1538 G-C  1547 A: +/+ cis         XIX
  732_739, A:  1539 A-U  1546 A: -/- cis         XX
  733_738, A:  1540 G-C  1545 A: +/+ cis         XIX
  739_740, A:  1546 U-C  1547 A:      stacked
  748_750, A:  1555 G-U  1557 A:      stacked
  750_751, A:  1557 U-C  1558 A:      stacked
  756_781, A:  1563 G-U  1588 A: W/W cis         XXVIII
  757_780, A:  1564 C-G  1587 A: +/+ cis         XIX
  758_779, A:  1565 G-C  1586 A: +/+ cis         XIX
  759_760, A:  1566 G-U  1567 A: S/H cis         n/a
  760_778, A:  1567 U-U  1585 A: W/W cis         XVI
  761_777, A:  1568 C-G  1584 A: +/+ cis         XIX
  762_776, A:  1569 C-G  1583 A: +/+ cis         XIX
  762_777, A:  1569 C-G  1584 A: W/W cis         n/a
  764_775, A:  1571 G-C  1582 A: +/+ cis         XIX
  765_766, A:  1572 A-C  1573 A:      stacked
  765_774, A:  1572 A-U  1581 A: -/- cis         XX
 773_2711, A:  1580 A-U  4515 A: -/- cis      syn  XX
  777_778, A:  1584 G-U  1585 A:      stacked
  780_781, A:  1587 G-U  1588 A:      stacked
 785_1857, A:  1592 A-U  3606 A: H/W cis    syn    XXIII
 789_1425, A:  1596 G-A  2490 A: S/H tran     syn  XI
 791_1361, A:  1598 G-A  2426 A: S/S tran        n/a
  792_793, A:  1599 U-A  1600 A:      stacked
  796_812, A:  1603 G-C  1619 A: +/+ cis         XIX
  799_807, A:  1606 G-C  1614 A: +/+ cis         XIX
  800_806, A:  1607 C-A  1613 A: W/W cis         n/a
  801_804, A:  1608 G-A  1611 A: S/W tran     syn  X
 802_1858, A:  1609 A-G  3607 A: S/S tran        n/a
  816_817, A:  1623 C-C  1624 A:      stacked
  818_819, A:  1625 A-U  1626 A:      stacked
 833_1199, A:  1640 C-G  2264 A: +/+ cis         XIX
 833_1201, A:  1640 C-C  2266 A:      stacked
 833_1257, A:  1640 C-G  2322 A:      stacked
 834_1198, A:  1641 C-G  2263 A: +/+ cis         XIX
 834_1231, A:  1641 C-G  2296 A: s/S cis         n/a
 835_1197, A:  1642 C-G  2262 A: +/+ cis         XIX
 836_1196, A:  1643 U-A  2261 A: -/- cis         XX
 837_1195, A:  1644 C-G  2260 A: +/+ cis         XIX
 838_1194, A:  1645 C-G  2259 A: +/+ cis         XIX
  840_995, A:  1647 A-G  1829 A: S/S tran        n/a
 840_1192, A:  1647 A-U  2257 A: H/W tran        XXIV
 841_1024, A:  1648 A-G  1858 A: H/W tran        n/a
 842_1024, A:  1649 G-G  1858 A: H/S tran        n/a
  843_856, A:  1650 U-A  1663 A: W/W cis         n/a
  844_845, A:  1651 U-U  1652 A:      stacked
  844_855, A:  1651 U-U  1662 A: W/W cis         XVI
  845_854, A:  1652 U-A  1661 A: -/- cis         XX
  846_847, A:  1653 C-C  1654 A:      stacked
  846_853, A:  1653 C-G  1660 A: +/+ cis         XIX
  847_849, A:  1654 C-U  1656 A:   syn  stacked
  847_852, A:  1654 C-G  1659 A: +/+ cis         XIX
  854_855, A:  1661 A-U  1662 A:      stacked
  857_996, A:  1664 G-U  1830 A: W/W cis         XXVIII
  858_995, A:  1665 C-G  1829 A: +/+ cis         XIX
  860_992, A:  1667 G-C  1826 A: +/+ cis         XIX
  861_991, A:  1668 G-C  1825 A: +/+ cis         XIX
  863_989, A:  1670 G-U  1823 A: W/W cis         XXVIII
  864_988, A:  1671 C-G  1822 A: +/+ cis         XIX
  867_984, A:  1701 C-G  1818 A: W/W cis         n/a
  868_983, A:  1702 A-U  1817 A: -/- cis         XX
  870_982, A:  1704 U-A  1816 A: -/- cis         XX
  871_981, A:  1705 U-A  1815 A: -/- cis         XX
  872_947, A:  1706 U-A  1781 A: -/- cis         XX
  873_946, A:  1707 U-A  1780 A: -/- cis         XX
  874_945, A:  1708 A-U  1779 A: -/- cis         XX
  875_944, A:  1709 U-G  1778 A: W/W cis         XXVIII
  876_943, A:  1710 C-G  1777 A: +/+ cis         XIX
  877_878, A:  1711 C-G  1712 A:      stacked
  878_942, A:  1712 G-G  1776 A:      stacked
  879_880, A:  1713 G-U  1714 A: S/H cis      syn  n/a
 880_2370, A:  1714 U-A  4174 A: syn    stacked
  883_935, A:  1717 A-U  1769 A: -/- cis         XX
  884_885, A:  1718 G-C  1719 A:      stacked
  884_934, A:  1718 G-C  1768 A: +/+ cis         XIX
  885_931, A:  1719 C-A  1765 A: W/H tran        XXV
  887_935, A:  1721 A-U  1769 A: W/S cis         n/a
  888_934, A:  1722 A-C  1768 A: W/S cis         n/a
  889_890, A:  1723 U-G  1724 A:      stacked
  890_930, A:  1724 G-C  1764 A: +/+ cis         XIX
  893_927, A:  1727 U-U  1761 A: W/W cis         XVI
  894_895, A:  1728 A-G  1729 A:      stacked
  894_926, A:  1728 A-U  1760 A: -/- cis         XX
  896_924, A:  1730 A-U  1758 A: -/- cis         XX
  897_923, A:  1731 G-C  1757 A: +/+ cis         XIX
  898_922, A:  1732 G-C  1756 A: +/+ cis         XIX
  900_921, A:  1734 C-A  1755 A: W/W cis         n/a
  901_902, A:  1735 U-U  1736 A:      stacked
  901_921, A:  1735 U-A  1755 A:      stacked
  904_918, A:  1738 G-U  1752 A: W/W cis         XXVIII
  904_919, A:  1738 G-C  1753 A:   syn  stacked
  905_917, A:  1739 G-C  1751 A: W/W cis         n/a
  906_916, A:  1740 G-U  1750 A: W/W cis         XXVIII
  906_917, A:  1740 G-C  1751 A:      stacked
  907_909, A:  1741 C-G  1743 A:      stacked
  908_914, A:  1742 C-G  1748 A: +/+ cis         XIX
  925_926, A:  1759 A-U  1760 A:      stacked
 932_2379, A:  1766 A-C  4183 A: W/S tran        n/a
  934_935, A:  1768 C-U  1769 A:      stacked
 940_2370, A:  1774 A-A  4174 A: H/H tran        II
  945_946, A:  1779 U-A  1780 A:      stacked
  948_951, A:  1782 G-G  1785 A: S/S cis         n/a
  951_952, A:  1785 G-C  1786 A:      stacked
  951_976, A:  1785 G-G  1810 A: W/W cis         n/a
  953_975, A:  1787 C-G  1809 A: +/+ cis         XIX
  954_974, A:  1788 C-G  1808 A: +/+ cis         XIX
  955_973, A:  1789 G-C  1807 A: W/W cis         n/a
  956_972, A:  1790 G-C  1806 A: W/W cis         n/a
  957_971, A:  1791 C-G  1805 A: +/+ cis         XIX
  958_959, A:  1792 U-C  1793 A:      stacked
  958_970, A:  1792 U-A  1804 A: -/- cis         XX
  959_969, A:  1793 C-G  1803 A: +/+ cis         XIX
  961_962, A:  1795 C-U  1796 A:      stacked
  962_968, A:  1796 U-G  1802 A: W/W cis         XXVIII
  996_997, A:  1830 U-G  1831 A:      stacked
 999_1023, A:  1833 G-C  1857 A: +/+ cis         XIX
1000_1001, A:  1834 C-C  1835 A:      stacked
1000_1022, A:  1834 C-G  1856 A: +/+ cis         XIX
1001_1021, A:  1835 C-G  1855 A: +/+ cis         XIX
1004_1005, A:  1838 U-U  1839 A:      stacked
1004_1018, A:  1838 U-A  1852 A: -/- cis         XX
1005_1017, A:  1839 U-A  1851 A: -/- cis         XX
1006_1016, A:  1840 U-G  1850 A: W/W cis         XXVIII
1007_1008, A:  1841 U-G  1842 A:      stacked
1007_1015, A:  1841 U-A  1849 A: -/- cis         XX
1008_1014, A:  1842 G-C  1848 A: +/+ cis         XIX
1009_1012, A:  1843 G-A  1846 A: W/H tran        n/a
1010_1011, A:  1844 U-A  1845 A:      stacked
1020_1021, A:  1854 U-G  1855 A:      stacked
1026_1041, A:  1860 U-A  1875 A: W/H cis      syn  XXIII
1028_1039, A:  1862 C-G  1873 A: +/+ cis         XIX
1029_1038, A:  1863 G-C  1872 A: +/+ cis         XIX
1030_1037, A:  1864 G-C  1871 A: +/+ cis         XIX
1031_1082, A:  1865 G-C  1916 A: S/W cis         n/a
1034_1082, A:  1868 G-C  1916 A: W/W cis         n/a
1034_1083, A:  1868 G-A  1917 A: W/W cis      syn  VIII
1035_1036, A:  1869 A-A  1870 A: syn    stacked
1037_1080, A:  1871 C-C  1914 A: S/W cis         n/a
1043_1170, A:  1877 G-C  2055 A: +/+ cis         XIX
1043_1171, A:  1877 G-C  2056 A:      stacked
1044_1045, A:  1878 C-C  1879 A:      stacked
1044_1169, A:  1878 C-G  2054 A: +/+ cis         XIX
1045_1168, A:  1879 C-G  2053 A: +/+ cis         XIX
1046_1167, A:  1880 G-C  2052 A: +/+ cis         XIX
1048_1165, A:  1882 G-C  2050 A: +/+ cis         XIX
1048_1166, A:  1882 G-C  2051 A: W/W cis         n/a
1049_1164, A:  1883 U-A  2049 A: -/- cis         XX
1050_1162, A:  1884 U-A  2047 A: W/H tran        XXIV
1053_1160, A:  1887 G-C  2045 A: +/+ cis         XIX
1054_1061, A:  1888 G-A  1895 A: S/S tran        n/a
1054_1159, A:  1888 G-C  2044 A: +/+ cis         XIX
1055_1062, A:  1889 C-U  1896 A:   syn  stacked
1055_1158, A:  1889 C-G  2043 A: +/+ cis         XIX
1056_1144, A:  1890 G-C  2029 A: +/+ cis         XIX
1057_1143, A:  1891 C-G  2028 A: +/+ cis         XIX
1058_1142, A:  1892 C-G  2027 A: +/+ cis         XIX
1062_1157, A:  1896 U-G  2042 A: W/W cis    syn    XXVIII
1063_1150, A:  1897 G-A  2035 A: W/H cis    syn    IX
1064_1156, A:  1898 C-G  2041 A: +/+ cis         XIX
1066_1155, A:  1900 G-C  2040 A: +/+ cis         XIX
1067_1068, A:  1901 A-C  1902 A:      stacked
1068_1153, A:  1902 C-G  2038 A: +/+ cis         XIX
1069_1152, A:  1903 G-C  2037 A: +/+ cis         XIX
1070_1151, A:  1904 C-G  2036 A: +/+ cis         XIX
1073_1147, A:  1907 A-U  2032 A: W/W tran        XXI
1076_1149, A:  1910 A-G  2034 A: W/W tran        n/a
1077_1078, A:  1911 G-A  1912 A:      stacked
1077_1146, A:  1911 G-C  2031 A: +/+ cis         XIX
1078_1141, A:  1912 A-U  2026 A:      stacked
1078_1145, A:  1912 A-G  2030 A: W/W cis         VIII
1081_1082, A:  1915 C-C  1916 A:      stacked
1086_1133, A:  1920 A-A  2018 A: H/H tran        II
1087_1132, A:  1921 A-G  2017 A: H/S tran        XI
1088_1131, A:  1922 A-U  2016 A: -/- cis         XX
1089_1090, A:  1923 G-G  1924 A:      stacked
1089_1130, A:  1923 G-C  2015 A: +/+ cis         XIX
1089_1131, A:  1923 G-U  2016 A:      stacked
1090_1129, A:  1924 G-C  2014 A: +/+ cis         XIX
1090_1130, A:  1924 G-C  2015 A:      stacked
1092_1093, A:  1926 G-U  1927 A:      stacked
1092_1128, A:  1926 G-C  2013 A: +/+ cis         XIX
1093_1094, A:  1927 U-U  1928 A:      stacked
1093_1127, A:  1927 U-G  2012 A: W/W cis         XXVIII
1094_1126, A:  1928 U-A  2011 A: -/- cis         XX
1096_1124, A:  1930 G-C  2009 A: +/+ cis         XIX
1098_1122, A:  1932 U-A  2007 A: -/- cis         XX
1099_1121, A:  1933 G-C  2006 A: +/+ cis         XIX
1100_1101, A:  1934 A-U  1935 A:      stacked
1100_1120, A:  1934 A-U  2005 A: -/- cis         XX
1100_1121, A:  1934 A-C  2006 A:      stacked
1101_1119, A:  1935 U-A  2004 A: -/- cis         XX
1101_1120, A:  1935 U-U  2005 A: W/W cis         XVI
1103_1105, A:  1937 U-G  1939 A: S/S tran        n/a
1107_2850, A:  1941 C-G  4654 A: W/H cis      syn  n/a
1110_1111, A:  1944 C-A  1945 A:      stacked
1115_1116, A:  2000 C-C  2001 A:      stacked
1124_1125, A:  2009 C-U  2010 A:      stacked
1125_1126, A:  2010 U-A  2011 A:      stacked
1130_1131, A:  2015 C-U  2016 A:      stacked
1134_2590, A:  2019 A-C  4394 A: H/S cis         n/a
1138_1139, A:  2023 G-G  2024 A: S/H cis      syn  n/a
1146_1149, A:  2031 C-G  2034 A: S/S cis         n/a
1153_1154, A:  2038 G-U  2039 A:      stacked
1170_1171, A:  2055 C-C  2056 A:      stacked
1171_1189, A:  2056 C-G  2254 A: +/+ cis         XIX
1172_1188, A:  2057 G-C  2253 A: +/+ cis         XIX
1173_1187, A:  2058 U-A  2252 A: -/- cis         XX
1174_1186, A:  2059 C-G  2251 A: W/W cis         n/a
1174_1187, A:  2059 C-A  2252 A:      stacked
1175_1185, A:  2060 G-C  2250 A: W/W cis         n/a
1176_1184, A:  2061 C-G  2249 A: H/W cis    syn    n/a
1177_1184, A:  2062 C-G  2249 A: syn    stacked
1178_1182, A:  2063 G-C  2247 A: +/+ cis         XIX
1179_1181, A:  2064 G-G  2246 A: W/W cis         n/a
1191_1192, A:  2256 G-U  2257 A: S/H cis         n/a
1199_1232, A:  2264 G-G  2297 A: S/S tran        IV
1201_1257, A:  2266 C-G  2322 A: +/+ cis         XIX
1202_1256, A:  2267 G-U  2321 A: W/S cis         n/a
1203_1204, A:  2268 C-U  2269 A:      stacked
1203_1254, A:  2268 C-G  2319 A: +/+ cis         XIX
1204_1253, A:  2269 U-A  2318 A: -/- cis         XX
1205_1252, A:  2270 G-C  2317 A: +/+ cis         XIX
1206_1251, A:  2271 C-G  2316 A: +/+ cis         XIX
1207_1250, A:  2272 G-C  2315 A: +/+ cis         XIX
1207_1251, A:  2272 G-G  2316 A:      stacked
1209_1248, A:  2274 U-G  2313 A: W/W cis         XXVIII
1210_1247, A:  2275 G-C  2312 A: W/W cis         n/a
1212_1246, A:  2277 G-C  2311 A: +/+ cis         XIX
1213_1246, A:  2278 C-C  2311 A:      stacked
1214_1244, A:  2279 C-G  2309 A: W/W tran        XXII
1217_1243, A:  2282 G-A  2308 A: S/H tran        XI
1218_1242, A:  2283 A-G  2307 A: H/S tran     syn  XI
1221_1239, A:  2286 C-G  2304 A: +/+ cis         XIX
1222_1223, A:  2287 C-U  2288 A:      stacked
1222_1238, A:  2287 C-G  2303 A: +/+ cis         XIX
1223_1237, A:  2288 U-G  2302 A: W/W cis         XXVIII
1225_1236, A:  2290 G-C  2301 A: +/+ cis         XIX
1226_1235, A:  2291 G-C  2300 A: +/+ cis         XIX
1226_1236, A:  2291 G-C  2301 A:      stacked
1227_1234, A:  2292 G-C  2299 A: +/+ cis         XIX
1228_1233, A:  2293 C-G  2298 A: +/+ cis         XIX
1229_1232, A:  2294 G-G  2297 A: W/H tran        VII
1234_1235, A:  2299 C-C  2300 A:      stacked
1241_1242, A:  2306 G-G  2307 A:   syn  stacked
1264_1265, A:  2329 U-U  2330 A:      stacked
1270_2083, A:  2335 G-C  3832 A: +/+ cis         XIX
1271_2082, A:  2336 U-A  3831 A: S/H tran        n/a
1272_1274, A:  2337 A-U  2339 A:      stacked
1272_2081, A:  2337 A-A  3830 A: H/H tran        II
1273_1274, A:  2338 G-U  2339 A: S/H cis    syn    n/a
1274_2080, A:  2339 U-A  3829 A: W/H tran        XXIV
1277_2077, A:  2342 C-G  3826 A: +/+ cis         XIX
1279_1700, A:  2344 A-U  2765 A: W/W tran        XXI
1281_2812, A:  2346 U-A  4616 A:      stacked
1283_1301, A:  2348 U-A  2366 A: W/W cis         n/a
1283_1302, A:  2348 U-G  2367 A:      stacked
1285_1299, A:  2350 C-G  2364 A: +/+ cis         XIX
1286_1298, A:  2351 A-U  2363 A: -/- cis         XX
1287_1297, A:  2352 A-U  2362 A: -/- cis         XX
1288_1289, A:  2353 A-C  2354 A:      stacked
1288_1296, A:  2353 A-U  2361 A: -/- cis         XX
1289_1293, A:  2354 C-A  2358 A: W/H tran     syn  XXV
1291_1292, A:  2356 A-G  2357 A:      stacked
1296_1297, A:  2361 U-U  2362 A:      stacked
1302_1737, A:  2367 G-A  2802 A: W/W cis         VIII
1303_1736, A:  2368 G-C  2801 A: +/+ cis         XIX
1304_1735, A:  2369 C-G  2800 A: +/+ cis         XIX
1305_1734, A:  2370 C-G  2799 A: +/+ cis         XIX
1307_1309, A:  2372 A-G  2374 A:   syn  stacked
1309_1733, A:  2374 G-U  2798 A: W/W tran   syn    XXVII
1311_1717, A:  2376 G-C  2782 A: +/+ cis         XIX
1312_1716, A:  2377 G-C  2781 A: +/+ cis         XIX
1313_1715, A:  2378 A-U  2780 A: -/- cis         XX
1314_1714, A:  2379 G-C  2779 A: +/+ cis         XIX
1317_1697, A:  2382 G-C  2762 A: +/+ cis         XIX
1318_1696, A:  2383 G-C  2761 A: +/+ cis         XIX
1321_1695, A:  2386 U-A  2760 A: -/- cis    syn    XX
1322_1346, A:  2387 C-G  2411 A: +/+ cis         XIX
1323_1345, A:  2388 C-G  2410 A: +/+ cis         XIX
1325_1343, A:  2390 U-A  2408 A: -/- cis         XX
1326_1342, A:  2391 G-C  2407 A: +/+ cis         XIX
1328_1338, A:  2393 G-U  2403 A: W/W tran        XXVII
1331_1339, A:  2396 C-G  2404 A: +/+ cis         XIX
1332_1338, A:  2397 A-U  2403 A: W/W cis         n/a
1334_1741, A:  2399 C-U  2806 A:      stacked
1335_1336, A:  2400 A-G  2401 A:      stacked
1338_1339, A:  2403 U-G  2404 A:      stacked
1351_1430, A:  2416 G-G  2495 A: S/S tran        IV
1351_1450, A:  2416 G-U  2515 A: W/W cis         XXVIII
1352_1449, A:  2417 U-A  2514 A: -/- cis         XX
1353_1354, A:  2418 C-G  2419 A:      stacked
1353_1693, A:  2418 C-G  2758 A: +/+ cis         XIX
1354_1692, A:  2419 G-C  2757 A: +/+ cis         XIX
1355_1691, A:  2420 G-C  2756 A: +/+ cis         XIX
1357_1427, A:  2422 C-G  2492 A: +/+ cis         XIX
1358_1426, A:  2423 C-G  2491 A: +/+ cis         XIX
1359_1423, A:  2424 U-A  2488 A: W/H tran        XXIV
1361_1422, A:  2426 A-G  2487 A: H/S tran        XI
1362_1421, A:  2427 G-C  2486 A: +/+ cis         XIX
1364_1365, A:  2429 G-A  2430 A: S/H cis         n/a
1365_1419, A:  2430 A-A  2484 A: W/W cis         n/a
1368_1377, A:  2433 G-C  2442 A: +/+ cis         XIX
1369_1376, A:  2434 G-C  2441 A: +/+ cis         XIX
1369_1377, A:  2434 G-C  2442 A:      stacked
1370_1375, A:  2435 C-G  2440 A: +/+ cis         XIX
1376_1377, A:  2441 C-C  2442 A:      stacked
1376_1891, A:  2441 C-G  3640 A: S/W tran        n/a
1388_1413, A:  2453 G-C  2478 A: W/W cis         n/a
1392_1410, A:  2457 G-C  2475 A: +/+ cis         XIX
1393_1409, A:  2458 G-C  2474 A: +/+ cis         XIX
1396_1406, A:  2461 A-U  2471 A: -/- cis         XX
1398_1404, A:  2463 G-C  2469 A: +/+ cis         XIX
1423_1655, A:  2488 A-A  2720 A: W/W tran        I
1431_1448, A:  2496 U-A  2513 A: -/- cis         XX
1432_1433, A:  2497 C-G  2498 A:      stacked
1432_1447, A:  2497 C-G  2512 A: +/+ cis         XIX
1433_1446, A:  2498 G-C  2511 A: +/+ cis         XIX
1434_1445, A:  2499 G-C  2510 A: +/+ cis         XIX
1435_1444, A:  2500 G-C  2509 A: +/+ cis         XIX
1435_1445, A:  2500 G-C  2510 A:      stacked
1436_1441, A:  2501 U-A  2506 A: W/H tran     syn  XXIV
1451_1689, A:  2516 C-G  2754 A: +/+ cis         XIX
1452_1688, A:  2517 C-G  2753 A: +/+ cis         XIX
1453_1687, A:  2518 G-C  2752 A: +/+ cis         XIX
1454_1687, A:  2519 G-C  2752 A:      stacked
1455_1685, A:  2520 A-G  2750 A: W/W cis         VIII
1456_1457, A:  2521 G-U  2522 A:      stacked
1457_1683, A:  2522 U-G  2748 A: W/W cis         XXVIII
1458_1682, A:  2523 G-C  2747 A: +/+ cis         XIX
1460_1682, A:  2525 C-C  2747 A: H/S cis         n/a
1461_1680, A:  2526 G-C  2745 A: W/W cis      syn  n/a
1462_1679, A:  2527 G-U  2744 A: W/W cis         XXVIII
1466_1485, A:  2531 U-A  2550 A: -/- cis         XX
1467_1484, A:  2532 G-C  2549 A: W/W cis         n/a
1469_1482, A:  2534 G-U  2547 A: W/W cis         XXVIII
1469_1673, A:  2534 G-U  2738 A: S/W cis      syn  n/a
1470_1481, A:  2535 C-G  2546 A: W/W cis         n/a
1471_1480, A:  2536 G-C  2545 A: +/+ cis         XIX
1472_1479, A:  2537 C-G  2544 A: +/+ cis         XIX
1473_1478, A:  2538 C-G  2543 A: W/W cis         n/a
1473_1479, A:  2538 C-G  2544 A:      stacked
1482_1673, A:  2547 U-U  2738 A: S/W cis      syn  n/a
1483_1484, A:  2548 C-C  2549 A: W/W cis         n/a
1487_1669, A:  2552 U-A  2734 A: -/- cis         XX
1488_1497, A:  2553 G-C  2562 A: +/+ cis         XIX
1489_1496, A:  2554 C-G  2561 A: +/+ cis         XIX
1490_1495, A:  2555 G-C  2560 A: W/W cis         n/a
1494_1592, A:  2559 A-G  2657 A: S/W tran        X
1495_1496, A:  2560 C-G  2561 A: S/H cis         n/a
1501_1668, A:  2566 C-G  2733 A: +/+ cis         XIX
1502_1667, A:  2567 G-A  2732 A: S/H tran   syn    XI
1505_1664, A:  2570 C-G  2729 A: +/+ cis         XIX
1506_1663, A:  2571 C-G  2728 A: +/+ cis         XIX
1507_1662, A:  2572 C-G  2727 A: +/+ cis         XIX
1508_1661, A:  2573 G-C  2726 A: +/+ cis         XIX
1509_1660, A:  2574 G-C  2725 A: +/+ cis         XIX
1510_1511, A:  2575 A-G  2576 A:      stacked
1511_1658, A:  2576 G-A  2723 A: S/H tran        XI
1512_1513, A:  2577 A-A  2578 A:      stacked
1512_1657, A:  2577 A-A  2722 A: H/H tran        II
1513_1655, A:  2578 A-A  2720 A: S/H tran        n/a
1513_1656, A:  2578 A-A  2721 A: W/H tran        V
1514_1649, A:  2579 G-C  2714 A: +/+ cis         XIX
1515_1648, A:  2580 C-G  2713 A: W/W cis         n/a
1516_1647, A:  2581 C-G  2712 A: +/+ cis         XIX
1516_1648, A:  2581 C-G  2713 A:      stacked
1517_1646, A:  2582 G-U  2711 A: W/W cis         XXVIII
1518_1579, A:  2583 G-C  2644 A: S/W cis         n/a
1519_1644, A:  2584 C-G  2709 A: +/+ cis         XIX
1520_1643, A:  2585 G-C  2708 A: +/+ cis         XIX
1522_1641, A:  2587 G-C  2706 A: +/+ cis         XIX
1522_1642, A:  2587 G-U  2707 A:      stacked
1524_1639, A:  2589 G-C  2704 A: +/+ cis         XIX
1525_1638, A:  2590 C-G  2703 A: +/+ cis         XIX
1526_1636, A:  2591 C-G  2701 A: +/+ cis         XIX
1527_1634, A:  2592 C-G  2699 A: +/+ cis         XIX
1528_1633, A:  2593 C-G  2698 A: +/+ cis         XIX
1529_1632, A:  2594 G-C  2697 A: +/+ cis         XIX
1530_1631, A:  2595 G-C  2696 A: +/+ cis         XIX
1531_1549, A:  2596 G-U  2614 A: W/W cis         XXVIII
1532_1548, A:  2597 G-U  2613 A: W/W cis         XXVIII
1533_1547, A:  2598 A-U  2612 A: -/- cis         XX
1534_1546, A:  2599 G-C  2611 A: +/+ cis         XIX
1535_1545, A:  2600 A-U  2610 A: -/- cis         XX
1536_1544, A:  2601 G-U  2609 A: W/W cis         XXVIII
1536_1545, A:  2601 G-U  2610 A:      stacked
1537_1538, A:  2602 U-U  2603 A:      stacked
1539_2805, A:  2604 C-G  4609 A: W/W cis         n/a
1547_1548, A:  2612 U-U  2613 A:      stacked
1550_1551, A:  2615 G-U  2616 A:      stacked
1550_1609, A:  2615 G-A  2674 A: W/W cis         VIII
1551_1609, A:  2616 U-A  2674 A: W/W cis         n/a
1555_1604, A:  2620 G-U  2669 A:      stacked
1556_1603, A:  2621 G-U  2668 A: W/W cis         XXVIII
1557_1602, A:  2622 G-C  2667 A: W/W cis         n/a
1558_1600, A:  2623 C-G  2665 A: W/W cis         n/a
1559_1599, A:  2624 A-U  2664 A:      stacked
1559_1600, A:  2624 A-G  2665 A:      stacked
1560_1597, A:  2625 G-C  2662 A: +/+ cis         XIX
1560_1598, A:  2625 G-G  2663 A: S/H tran        n/a
1560_1599, A:  2625 G-U  2664 A:      stacked
1561_1596, A:  2626 G-C  2661 A: W/W cis         n/a
1562_1595, A:  2627 G-C  2660 A: +/+ cis         XIX
1563_1565, A:  2628 C-C  2630 A:      stacked
1565_1593, A:  2630 C-G  2658 A: +/+ cis         XIX
1566_1592, A:  2631 C-G  2657 A: +/+ cis         XIX
1567_1591, A:  2632 C-G  2656 A: +/+ cis         XIX
1574_1584, A:  2639 G-C  2649 A: +/+ cis         XIX
1575_1583, A:  2640 G-C  2648 A: +/+ cis         XIX
1576_1582, A:  2641 G-C  2647 A: +/+ cis         XIX
1577_1581, A:  2642 U-C  2646 A: W/H tran        n/a
1595_1596, A:  2660 C-C  2661 A:      stacked
1598_1599, A:  2663 G-U  2664 A:      stacked
1600_1601, A:  2665 G-C  2666 A:      stacked
1607_1609, A:  2672 A-A  2674 A: syn    stacked
1610_1630, A:  2675 G-U  2695 A: W/W cis         XXVIII
1611_1629, A:  2676 C-G  2694 A: +/+ cis         XIX
1612_1628, A:  2677 G-C  2693 A: +/+ cis         XIX
1613_1614, A:  2678 U-C  2679 A:      stacked
1613_1627, A:  2678 U-G  2692 A: W/W cis         XXVIII
1614_1626, A:  2679 C-G  2691 A: +/+ cis         XIX
1615_1625, A:  2680 G-C  2690 A: +/+ cis         XIX
1617_1618, A:  2682 G-G  2683 A:   syn  stacked
1617_1623, A:  2682 G-G  2688 A: W/W cis         n/a
1634_1635, A:  2699 G-U  2700 A:      stacked
1648_1649, A:  2713 G-C  2714 A:      stacked
1650_1654, A:  2715 C-G  2719 A: +/+ cis      syn  XIX
1657_1658, A:  2722 A-A  2723 A:      stacked
1664_2288, A:  2729 G-C  4092 A: S/W tran        n/a
1665_1666, A:  2730 G-G  2731 A:      stacked
1678_1679, A:  2743 A-U  2744 A:      stacked
1681_1682, A:  2746 U-C  2747 A:      stacked
1703_1712, A:  2768 C-G  2777 A: +/+ cis         XIX
1704_1711, A:  2769 C-G  2776 A: +/+ cis         XIX
1719_1731, A:  2784 A-U  2796 A: -/- cis         XX
1720_1730, A:  2785 G-C  2795 A: +/+ cis         XIX
1721_1729, A:  2786 G-C  2794 A: +/+ cis         XIX
1722_1728, A:  2787 U-G  2793 A: W/W cis         XXVIII
1728_1842, A:  2793 G-C  3591 A: S/s cis         n/a
1741_2077, A:  2806 U-G  3826 A: W/W cis         XXVIII
1742_2075, A:  2807 G-C  3824 A: +/+ cis         XIX
1742_2076, A:  2807 G-A  3825 A:      stacked
1743_2074, A:  2808 G-C  3823 A: +/+ cis         XIX
1744_2073, A:  2809 A-U  3822 A: -/- cis         XX
1744_2074, A:  2809 A-C  3823 A:      stacked
1748_2072, A:  2813 A-A  3821 A: H/S tran        n/a
1750_2070, A:  2815 G-C  3819 A: +/+ cis         XIX
1752_2068, A:  2817 A-U  3817 A: -/- cis         XX
1753_2067, A:  2818 G-C  3816 A: +/+ cis         XIX
1754_1755, A:  2819 G-U  2820 A:      stacked
1754_2066, A:  2819 G-C  3815 A: +/+ cis         XIX
1756_2064, A:  2821 A-U  3813 A: -/- cis         XX
1757_2063, A:  2822 A-C  3812 A: W/W tran        XXVI
1758_2062, A:  2823 G-C  3811 A: +/+ cis         XIX
1759_2061, A:  2824 G-C  3810 A: +/+ cis         XIX
1761_2058, A:  2826 A-U  3807 A: H/W tran        XXIV
1762_2060, A:  2827 A-U  3809 A: -/- cis    syn    XX
1767_2057, A:  2832 G-C  3806 A: +/+ cis         XIX
1775_1799, A:  2840 G-U  2864 A: W/W cis         XXVIII
1776_1798, A:  2841 A-U  2863 A: -/- cis         XX
1777_1797, A:  2842 U-A  2862 A: -/- cis         XX
1778_1796, A:  2843 C-G  2861 A: +/+ cis         XIX
1779_1795, A:  2844 C-G  2860 A: +/+ cis         XIX
1780_1781, A:  2845 G-U  2846 A:      stacked
1780_1794, A:  2845 G-A  2859 A: S/H tran        XI
1782_1791, A:  2847 A-A  2856 A: H/H tran        II
1783_1790, A:  2848 A-G  2855 A: H/S tran        XI
1784_1789, A:  2849 C-G  2854 A: +/+ cis         XIX
1785_1788, A:  2850 U-G  2853 A: S/W tran     syn  n/a
1786_1912, A:  2851 U-A  3661 A: -/- cis         XX
1788_1789, A:  2853 G-G  2854 A: syn    stacked
1798_1799, A:  2863 U-U  2864 A:      stacked
1800_1833, A:  2865 G-U  3582 A: W/W cis         XXVIII
1801_1832, A:  2866 G-C  3581 A: +/+ cis         XIX
1801_3137, A:  2866 G-A  4989 A: S/H cis      syn  n/a
1802_1803, A:  2867 C-U  2868 A:      stacked
1802_1831, A:  2867 C-A  3580 A: W/W cis         n/a
1803_1830, A:  2868 U-A  3579 A: -/- cis         XX
1804_1829, A:  2869 C-G  3578 A: +/+ cis         XIX
1805_1828, A:  2870 U-A  3577 A: -/- cis         XX
1806_1827, A:  2871 A-U  3576 A: -/- cis         XX
1807_1826, A:  2872 A-U  3575 A: -/- cis         XX
1809_1822, A:  2874 G-C  3571 A: +/+ cis         XIX
1810_1821, A:  2875 G-C  3570 A: +/+ cis         XIX
1811_1812, A:  2876 C-U  2877 A:      stacked
1811_1820, A:  2876 C-G  3569 A: +/+ cis         XIX
1812_1819, A:  2877 U-A  3568 A: W/W cis         n/a
1814_1818, A:  2879 G-C  3567 A: W/W cis         n/a
1834_1838, A:  3583 G-C  3587 A: +/+ cis      syn  XIX
1836_1837, A:  3585 U-G  3586 A:   syn  stacked
1842_1843, A:  3591 C-C  3592 A:      stacked
1846_2055, A:  3595 G-C  3804 A: +/+ cis         XIX
1846_2056, A:  3595 G-A  3805 A:      stacked
1847_2054, A:  3596 G-C  3803 A: +/+ cis         XIX
1848_2053, A:  3597 G-C  3802 A: +/+ cis         XIX
1849_2052, A:  3598 A-U  3801 A: -/- cis         XX
1850_2051, A:  3599 A-U  3800 A: -/- cis         XX
1851_2050, A:  3600 U-A  3799 A: -/- cis         XX
1852_2049, A:  3601 C-G  3798 A: +/+ cis         XIX
1853_1854, A:  3602 C-G  3603 A:      stacked
1853_2047, A:  3602 C-G  3796 A: +/+ cis         XIX
1854_2046, A:  3603 G-C  3795 A: +/+ cis         XIX
1855_2044, A:  3604 A-A  3793 A: W/W tran        I
1858_1870, A:  3607 G-C  3619 A: +/+ cis         XIX
1860_1867, A:  3609 U-A  3616 A: W/H tran        XXIV
1861_1865, A:  3610 U-U  3614 A:   syn  stacked
1861_1866, A:  3610 U-A  3615 A:      stacked
1864_2688, A:  3613 U-U  4492 A: W/W tran        XII,XIII
1873_1911, A:  3622 A-G  3660 A: H/S tran        XI
1874_1910, A:  3623 G-U  3659 A: W/W cis         XXVIII
1875_1909, A:  3624 C-G  3658 A: +/+ cis         XIX
1876_1908, A:  3625 A-U  3657 A: -/- cis         XX
1877_1907, A:  3626 U-A  3656 A: -/- cis         XX
1878_1879, A:  3627 C-G  3628 A:      stacked
1878_1906, A:  3627 C-G  3655 A: +/+ cis         XIX
1879_1905, A:  3628 G-C  3654 A: +/+ cis         XIX
1880_1904, A:  3629 C-G  3653 A: +/+ cis         XIX
1881_1901, A:  3630 G-G  3650 A: S/S tran        IV
1884_1898, A:  3633 G-G  3647 A: W/W tran        III
1885_1897, A:  3634 G-U  3646 A: W/W cis         XXVIII
1886_1896, A:  3635 C-G  3645 A: +/+ cis         XIX
1887_1888, A:  3636 C-C  3637 A:      stacked
1887_1895, A:  3636 C-G  3644 A: +/+ cis         XIX
1888_1894, A:  3637 C-G  3643 A: +/+ cis         XIX
1898_1900, A:  3647 G-U  3649 A:      stacked
1910_1911, A:  3659 U-G  3660 A:      stacked
1912_2043, A:  3661 A-G  3792 A: H/W tran        n/a
1914_2041, A:  3663 U-A  3790 A: -/- cis         XX
1916_1917, A:  3665 C-U  3666 A: S/W cis      syn  n/a
1916_2039, A:  3665 C-G  3788 A: W/W cis         n/a
1916_2040, A:  3665 C-G  3789 A:      stacked
1917_2039, A:  3666 U-G  3788 A: W/W cis    syn    XXVIII
1918_1972, A:  3667 G-C  3721 A: +/+ cis         XIX
1919_1971, A:  3668 C-G  3720 A: +/+ cis         XIX
1920_1970, A:  3669 C-G  3719 A: +/+ cis         XIX
1921_1965, A:  3670 C-U  3714 A: syn    stacked
1921_1968, A:  3670 C-A  3717 A: W/H tran   syn    XXV
1924_1968, A:  3673 U-A  3717 A: -/- cis         XX
1925_1965, A:  3674 G-U  3714 A: W/W cis         XXVIII
1926_1964, A:  3675 C-G  3713 A: +/+ cis         XIX
1927_1963, A:  3676 U-G  3712 A: W/W cis         XXVIII
1928_1962, A:  3677 C-G  3711 A: +/+ cis         XIX
1930_1961, A:  3679 G-C  3710 A: +/+ cis         XIX
1934_1959, A:  3683 G-C  3708 A: +/+ cis         XIX
1935_1958, A:  3684 U-G  3707 A: W/W cis         XXVIII
1937_1955, A:  3686 A-G  3704 A: H/W tran        n/a
1941_1952, A:  3690 U-A  3701 A: -/- cis         XX
1942_1951, A:  3691 G-C  3700 A: +/+ cis         XIX
1943_1950, A:  3692 A-U  3699 A: -/- cis         XX
1944_1949, A:  3693 A-U  3698 A: -/- cis         XX
1944_1950, A:  3693 A-U  3699 A: W/W cis         n/a
1945_1948, A:  3694 G-A  3697 A: W/H tran        n/a
1953_1954, A:  3702 A-U  3703 A:      stacked
1966_1969, A:  3715 A-C  3718 A: S/H cis         n/a
1967_2037, A:  3716 A-A  3786 A:      stacked
1971_1995, A:  3720 G-A  3744 A: S/S tran        n/a
1973_1992, A:  3722 G-U  3741 A: W/S cis         n/a
1974_1991, A:  3723 G-C  3740 A: +/+ cis         XIX
1975_1989, A:  3724 G-C  3738 A: +/+ cis         XIX
1975_1990, A:  3724 G-U  3739 A: W/W cis         XXVIII
1977_1978, A:  3726 G-U  3727 A:      stacked
1977_1987, A:  3726 G-C  3736 A: +/+ cis         XIX
1977_1988, A:  3726 G-U  3737 A: W/W cis         XXVIII
1981_1982, A:  3730 C-U  3731 A: syn    stacked
1982_1983, A:  3731 U-A  3732 A:      stacked
1987_1988, A:  3736 C-U  3737 A:      stacked
1990_1991, A:  3739 U-C  3740 A:      stacked
1997_1998, A:  3746 G-U  3747 A: S/H cis    syn    n/a
1998_2036, A:  3747 U-A  3785 A: W/H tran        XXIV
2000_2034, A:  3749 G-U  3783 A: W/W cis         XXVIII
2001_2031, A:  3750 C-G  3780 A: +/+ cis         XIX
2012_2028, A:  3761 G-C  3777 A: +/+ cis         XIX
2013_2014, A:  3762 U-C  3763 A:      stacked
2014_2026, A:  3763 C-G  3775 A: +/+ cis         XIX
2015_2025, A:  3764 A-U  3774 A: -/- cis         XX
2016_2024, A:  3765 U-G  3773 A: W/W cis         XXVIII
2020_2651, A:  3769 A-G  4455 A: S/S tran        n/a
2021_2023, A:  3770 U-A  3772 A:      stacked
2033_2694, A:  3782 A-G  4498 A: S/s cis         n/a
2057_2058, A:  3806 C-U  3807 A:      stacked
2059_2063, A:  3808 G-C  3812 A: W/S cis         n/a
2071_2072, A:  3820 U-A  3821 A:      stacked
2085_2101, A:  3834 A-G  3850 A: W/W cis      syn  VIII
2086_2100, A:  3835 C-G  3849 A: +/+ cis         XIX
2086_2101, A:  3835 C-G  3850 A: W/W cis      syn  n/a
2087_2088, A:  3836 A-G  3837 A:      stacked
2089_2106, A:  3838 C-G  3855 A: +/+ cis         XIX
2090_2091, A:  3839 C-A  3840 A:      stacked
2090_2105, A:  3839 C-G  3854 A: +/+ cis         XIX
2091_2104, A:  3840 A-U  3853 A: -/- cis         XX
2092_2103, A:  3841 A-U  3852 A: -/- cis         XX
2093_2102, A:  3842 G-C  3851 A: +/+ cis         XIX
2094_2099, A:  3843 G-G  3848 A: W/H tran        VII
2111_2725, A:  3860 A-U  4529 A: -/- cis         XX
2112_2724, A:  3861 U-A  4528 A: -/- cis         XX
2113_2114, A:  3862 C-A  3863 A:      stacked
2113_2723, A:  3862 C-G  4527 A: +/+ cis         XIX
2113_3082, A:  3862 C-A  4934 A: S/W cis         n/a
2115_2116, A:  3864 G-C  3865 A:      stacked
2115_2721, A:  3864 G-C  4525 A: +/+ cis         XIX
2115_2722, A:  3864 G-U  4526 A: W/W cis         XXVIII
2116_2720, A:  3865 C-A  4524 A: W/W cis         n/a
2118_2719, A:  3867 G-U  4523 A: W/W cis         XXVIII
2118_2720, A:  3867 G-A  4524 A:      stacked
2119_2718, A:  3868 G-C  4522 A: +/+ cis         XIX
2120_2717, A:  3869 G-C  4521 A: +/+ cis         XIX
2122_2714, A:  3871 A-U  4518 A: -/- cis         XX
2123_2713, A:  3872 A-U  4517 A: -/- cis         XX
2127_2128, A:  3876 G-A  3877 A: S/H cis         n/a
2128_2687, A:  3877 A-U  4491 A: W/W cis         n/a
2129_2552, A:  3878 C-A  4356 A: W/W cis         n/a
2130_2548, A:  3879 C-G  4352 A: +/+ cis         XIX
2131_2547, A:  3880 C-G  4351 A: +/+ cis         XIX
2133_2545, A:  3882 G-C  4349 A: +/+ cis         XIX
2134_2534, A:  3883 U-A  4338 A: W/W tran     syn  XXI
2135_2544, A:  3884 U-A  4348 A: -/- cis         XX
2136_2543, A:  3885 G-C  4347 A: +/+ cis         XIX
2137_2540, A:  3886 A-U  4344 A: -/- cis         XX
2138_2539, A:  3887 G-U  4343 A: W/W cis         XXVIII
2139_2538, A:  3888 C-G  4342 A: +/+ cis         XIX
2140_2141, A:  3889 U-U  3890 A:      stacked
2140_2537, A:  3889 U-A  4341 A: -/- cis         XX
2141_2537, A:  3890 U-A  4341 A: W/W cis         n/a
2144_2145, A:  3893 C-U  3894 A:      stacked
2144_2343, A:  3893 C-G  4147 A: +/+ cis         XIX
2145_2342, A:  3894 U-A  4146 A: -/- cis         XX
2146_2341, A:  3895 C-G  4145 A: +/+ cis         XIX
2149_2337, A:  3898 G-U  4141 A: W/W cis         XXVIII
2150_2336, A:  3899 U-G  4140 A: W/W cis         XXVIII
2151_2335, A:  3900 C-G  4139 A: +/+ cis         XIX
2152_2153, A:  3901 U-G  3902 A:      stacked
2153_2333, A:  3902 G-C  4137 A: +/+ cis         XIX
2154_2332, A:  3903 G-C  4136 A: +/+ cis         XIX
2155_2331, A:  3904 C-G  4135 A: +/+ cis         XIX
2156_2330, A:  3905 A-U  4134 A: W/W cis         n/a
2157_2158, A:  3906 C-G  3907 A:      stacked
2157_2329, A:  3906 C-G  4133 A: W/W cis         n/a
2158_2328, A:  3907 G-A  4132 A: W/H tran        n/a
2161_2236, A:  3910 G-C  4040 A: +/+ cis         XIX
2165_2232, A:  3914 A-U  4036 A: -/- cis         XX
2166_2231, A:  3915 G-U  4035 A: W/W cis         XXVIII
2168_2229, A:  3917 C-G  4033 A: +/+ cis         XIX
2170_2226, A:  3919 U-A  4030 A: W/W cis         n/a
2171_2225, A:  3920 G-G  4029 A: W/W cis         n/a
2174_2222, A:  3923 A-U  4026 A: -/- cis         XX
2176_2220, A:  3925 G-A  4024 A: W/W cis    syn    VIII
2187_2218, A:  3936 G-C  4022 A: +/+ cis         XIX
2188_2217, A:  3937 U-A  4021 A: -/- cis         XX
2189_2216, A:  3938 G-C  4020 A: +/+ cis         XIX
2190_2215, A:  3939 G-C  4019 A: +/+ cis         XIX
2193_2202, A:  3942 G-C  4006 A: +/+ cis         XIX
2197_2198, A:  3946 C-G  4002 A: +/+ cis         XIX
2208_2212, A:  4012 U-A  4016 A: W/H tran     syn  XXIV
2215_2216, A:  4019 C-C  4020 A:      stacked
2227_2229, A:  4031 U-G  4033 A:      stacked
2234_2235, A:  4038 U-U  4039 A:      stacked
2243_2323, A:  4047 C-G  4127 A: +/+ cis         XIX
2244_2322, A:  4048 C-G  4126 A: +/+ cis         XIX
2245_2321, A:  4049 G-C  4125 A: +/+ cis         XIX
2246_2249, A:  4050 G-A  4053 A: W/S cis      syn  n/a
2246_2320, A:  4050 G-C  4124 A: +/+ cis         XIX
2253_2317, A:  4057 G-G  4121 A: W/W cis         n/a
2254_2316, A:  4058 G-C  4120 A: W/S cis         n/a
2257_2277, A:  4061 G-C  4081 A: syn    stacked
2257_2313, A:  4061 G-A  4117 A: H/W cis    syn syn  IX
2258_2260, A:  4062 G-C  4064 A:      stacked
2261_2275, A:  4065 G-C  4079 A: +/+ cis         XIX
2261_2276, A:  4065 G-U  4080 A:      stacked
2262_2274, A:  4066 A-U  4078 A: -/- cis         XX
2263_2273, A:  4067 G-C  4077 A: +/+ cis         XIX
2264_2272, A:  4068 C-G  4076 A: +/+ cis         XIX
2265_2271, A:  4069 C-G  4075 A: +/+ cis         XIX
2292_2311, A:  4096 G-C  4115 A: W/W cis         n/a
2293_2310, A:  4097 C-G  4114 A: +/+ cis         XIX
2294_2309, A:  4098 G-C  4113 A: W/W cis         n/a
2295_2308, A:  4099 C-G  4112 A: +/+ cis         XIX
2296_2307, A:  4100 C-G  4111 A: +/+ cis         XIX
2297_2306, A:  4101 C-G  4110 A: +/+ cis         XIX
2300_2303, A:  4104 C-G  4107 A: S/W tran     syn  n/a
2314_2315, A:  4118 C-C  4119 A:      stacked
2332_2333, A:  4136 C-C  4137 A:      stacked
2345_2537, A:  4149 U-A  4341 A: W/H cis         XXIII
2347_2360, A:  4151 G-C  4164 A: +/+ cis         XIX
2349_2357, A:  4153 C-G  4161 A: +/+ cis         XIX
2356_2377, A:  4160 G-C  4181 A: +/+ cis         XIX
2357_2359, A:  4161 G-A  4163 A: S/W tran     syn  X
2362_2382, A:  4166 C-G  4186 A: +/+ cis         XIX
2363_2364, A:  4167 C-U  4168 A:      stacked
2363_2381, A:  4167 C-G  4185 A: +/+ cis         XIX
2364_2380, A:  4168 U-A  4184 A: -/- cis         XX
2365_2379, A:  4169 G-C  4183 A: +/+ cis         XIX
2366_2378, A:  4170 U-G  4182 A: W/W cis         XXVIII
2367_2368, A:  4171 C-A  4172 A:      stacked
2368_2375, A:  4172 A-A  4179 A: H/H tran        II
2369_2374, A:  4173 A-U  4178 A: W/W tran   syn    XXI
2381_2429, A:  4185 G-A  4233 A: S/S cis         n/a
2384_2531, A:  4188 G-C  4335 A: +/+ cis         XIX
2385_2427, A:  4189 U-A  4231 A: -/- cis         XX
2386_2487, A:  4190 C-G  4291 A: +/+ cis         XIX
2387_2486, A:  4191 C-G  4290 A: +/+ cis         XIX
2389_2446, A:  4193 A-U  4250 A: W/W tran   syn    XXI
2390_2427, A:  4194 A-A  4231 A:      stacked
2391_2445, A:  4195 G-U  4249 A: W/W cis         XXVIII
2392_2444, A:  4196 G-C  4248 A: +/+ cis         XIX
2393_2443, A:  4197 C-G  4247 A: +/+ cis         XIX
2394_2442, A:  4198 G-C  4246 A: +/+ cis         XIX
2395_2441, A:  4199 A-U  4245 A: -/- cis         XX
2396_2440, A:  4200 G-C  4244 A: +/+ cis         XIX
2397_2398, A:  4201 C-U  4202 A:      stacked
2397_2439, A:  4201 C-G  4243 A: +/+ cis         XIX
2398_2437, A:  4202 U-A  4241 A: W/H tran        XXIV
2398_2439, A:  4202 U-G  4243 A:      stacked
2399_2423, A:  4203 C-G  4227 A: +/+ cis      syn  XIX
2400_2420, A:  4204 A-G  4224 A: H/S tran        XI
2401_2419, A:  4205 G-C  4223 A: +/+ cis         XIX
2402_2418, A:  4206 G-C  4222 A: +/+ cis         XIX
2403_2417, A:  4207 G-C  4221 A: +/+ cis         XIX
2404_2416, A:  4208 A-U  4220 A: -/- cis         XX
2405_2415, A:  4209 G-C  4219 A: +/+ cis         XIX
2405_2416, A:  4209 G-U  4220 A:      stacked
2406_2414, A:  4210 G-C  4218 A: +/+ cis         XIX
2410_2413, A:  4214 G-A  4217 A: W/H cis    syn    IX
2425_2434, A:  4229 G-C  4238 A: +/+ cis         XIX
2426_2433, A:  4230 C-G  4237 A: +/+ cis         XIX
2428_2492, A:  4232 G-A  4296 A: W/W cis         VIII
2430_2490, A:  4234 A-U  4294 A: -/- cis         XX
2431_2489, A:  4235 G-C  4293 A: +/+ cis         XIX
2431_2490, A:  4235 G-U  4294 A: W/W cis         XXVIII
2432_2488, A:  4236 G-C  4292 A: +/+ cis         XIX
2433_2434, A:  4237 G-C  4238 A:      stacked
2444_2445, A:  4248 C-U  4249 A:      stacked
2449_2473, A:  4253 U-A  4277 A: -/- cis         XX
2450_2472, A:  4254 C-G  4276 A: +/+ cis         XIX
2451_2452, A:  4255 U-U  4256 A:      stacked
2451_2471, A:  4255 U-A  4275 A: -/- cis         XX
2453_2469, A:  4257 G-A  4273 A: W/W cis         VIII
2454_2468, A:  4258 A-U  4272 A: -/- cis         XX
2455_2467, A:  4259 U-A  4271 A: -/- cis         XX
2456_2466, A:  4260 U-A  4270 A: -/- cis         XX
2457_2465, A:  4261 U-G  4269 A: W/W cis         XXVIII
2473_2474, A:  4277 A-C  4278 A:      stacked
2475_2484, A:  4279 C-G  4288 A: +/+ cis         XIX
2476_2483, A:  4280 G-C  4287 A: +/+ cis         XIX
2477_2478, A:  4281 U-G  4282 A:      stacked
2477_2482, A:  4281 U-G  4286 A: W/W cis         XXVIII
2478_2481, A:  4282 G-A  4285 A: W/H tran        n/a
2481_2482, A:  4285 A-G  4286 A:      stacked
2489_2490, A:  4293 C-U  4294 A:      stacked
2494_2528, A:  4298 G-U  4332 A:      stacked
2495_2528, A:  4299 A-U  4332 A: H/W tran        XXIV
2496_2527, A:  4300 U-G  4331 A: W/W tran        XXVII
2498_2526, A:  4302 C-G  4330 A: +/+ cis         XIX
2499_2525, A:  4303 U-A  4329 A: -/- cis         XX
2500_2501, A:  4304 U-C  4305 A:      stacked
2500_2524, A:  4304 U-G  4328 A: W/W cis         XXVIII
2501_2523, A:  4305 C-G  4327 A: +/+ cis         XIX
2502_2503, A:  4306 U-G  4307 A:      stacked
2503_2521, A:  4307 G-C  4325 A: +/+ cis         XIX
2504_2506, A:  4308 A-C  4310 A:      stacked
2504_2521, A:  4308 A-C  4325 A: W/W cis         n/a
2506_2520, A:  4310 C-G  4324 A: +/+ cis         XIX
2507_2519, A:  4311 U-A  4323 A: -/- cis         XX
2508_2518, A:  4312 U-A  4322 A: -/- cis         XX
2508_2519, A:  4312 U-A  4323 A:      stacked
2538_2700, A:  4342 G-A  4504 A: S/S tran        n/a
2539_2540, A:  4343 U-U  4344 A:      stacked
2540_2542, A:  4344 U-C  4346 A: S/H cis         n/a
2556_2600, A:  4360 G-C  4404 A: +/+ cis         XIX
2557_2598, A:  4361 G-U  4402 A: W/W cis         XXVIII
2558_2597, A:  4362 C-A  4401 A: W/W cis         n/a
2559_2596, A:  4363 U-G  4400 A: W/W cis         XXVIII
2560_2592, A:  4364 U-U  4396 A: syn    stacked
2561_2595, A:  4365 G-U  4399 A: W/W cis         XXVIII
2562_2594, A:  4366 U-U  4398 A: W/W cis         XVI
2563_2591, A:  4367 G-U  4395 A: W/W cis         XXVIII
2563_2594, A:  4367 G-U  4398 A:      stacked
2564_2590, A:  4368 G-C  4394 A: +/+ cis         XIX
2565_2589, A:  4369 C-G  4393 A: +/+ cis         XIX
2566_2588, A:  4370 G-C  4392 A: +/+ cis         XIX
2567_2587, A:  4371 G-U  4391 A: W/W cis         XXVIII
2568_2586, A:  4372 C-G  4390 A: +/+ cis         XIX
2571_2583, A:  4375 A-G  4387 A: H/S tran        XI
2572_2582, A:  4376 G-C  4386 A: +/+ cis         XIX
2573_2581, A:  4377 C-G  4385 A: +/+ cis         XIX
2574_2581, A:  4378 G-G  4385 A: S/W cis         n/a
2577_2631, A:  4381 C-G  4435 A: W/W tran        XXII
2580_2631, A:  4384 A-G  4435 A:      stacked
2586_2587, A:  4390 G-U  4391 A:      stacked
2599_2600, A:  4403 C-C  4404 A: S/H cis    syn    n/a
2608_2685, A:  4412 U-G  4489 A: W/W cis         XXVIII
2609_2684, A:  4413 C-G  4488 A: +/+ cis         XIX
2610_2682, A:  4414 G-U  4486 A: W/W cis         XXVIII
2611_2681, A:  4415 G-C  4485 A: +/+ cis         XIX
2612_2680, A:  4416 C-G  4484 A: +/+ cis         XIX
2614_2615, A:  4418 C-U  4419 A:      stacked
2615_2673, A:  4419 U-A  4477 A: -/- cis         XX
2616_2672, A:  4420 U-G  4476 A: W/W cis         XXVIII
2617_2671, A:  4421 C-G  4475 A: +/+ cis         XIX
2618_2670, A:  4422 C-G  4474 A: +/+ cis         XIX
2619_2669, A:  4423 U-A  4473 A: -/- cis         XX
2622_2647, A:  4426 C-G  4451 A: +/+ cis         XIX
2623_2624, A:  4427 A-U  4428 A:      stacked
2624_2645, A:  4428 U-G  4449 A: W/W cis         XXVIII
2626_2641, A:  4430 G-C  4445 A: +/+ cis         XIX
2627_2640, A:  4431 U-G  4444 A: W/W cis         XXVIII
2628_2639, A:  4432 G-C  4443 A: +/+ cis         XIX
2629_2638, A:  4433 A-U  4442 A: -/- cis         XX
2630_2637, A:  4434 A-U  4441 A: W/W cis         n/a
2634_2764, A:  4438 G-G  4568 A: S/S tran        IV
2645_2646, A:  4449 G-C  4450 A:      stacked
2647_2667, A:  4451 G-A  4471 A: S/S tran        n/a
2648_2669, A:  4452 U-A  4473 A: W/H cis         XXIII
2649_2663, A:  4453 U-A  4467 A: -/- cis         XX
2649_2664, A:  4453 U-C  4468 A: W/W cis         XVIII
2650_2662, A:  4454 G-C  4466 A: +/+ cis         XIX
2651_2661, A:  4455 G-C  4465 A: +/+ cis         XIX
2652_2660, A:  4456 A-C  4464 A: W/W cis         n/a
2653_2659, A:  4457 U-A  4463 A: -/- cis         XX
2657_2658, A:  4461 U-C  4462 A:      stacked
2688_2689, A:  4492 U-A  4493 A:      stacked
2689_2710, A:  4493 A-G  4514 A: H/S tran        XI
2691_2708, A:  4495 A-U  4512 A:      stacked
2692_2706, A:  4496 C-G  4510 A: +/+ cis         XIX
2693_2705, A:  4497 C-G  4509 A: +/+ cis         XIX
2694_2703, A:  4498 G-C  4507 A: +/+ cis         XIX
2695_2696, A:  4499 U-C  4500 A:      stacked
2696_2701, A:  4500 C-G  4505 A: +/+ cis         XIX
2696_2702, A:  4500 C-A  4506 A:      stacked
2702_2703, A:  4506 A-C  4507 A:      stacked
2707_2708, A:  4511 U-U  4512 A:      stacked
2727_2728, A:  4531 A-U  4532 A:      stacked
2731_2732, A:  4535 G-U  4536 A:      stacked
2733_2881, A:  4537 U-G  4685 A: W/W cis         XXVIII
2734_2880, A:  4538 G-C  4684 A: +/+ cis         XIX
2741_2873, A:  4545 U-A  4677 A: -/- cis         XX
2742_2872, A:  4546 G-C  4676 A: +/+ cis         XIX
2743_2871, A:  4547 G-C  4675 A: +/+ cis         XIX
2747_2748, A:  4551 U-C  4552 A:      stacked
2747_2775, A:  4551 U-U  4579 A: W/W cis         XVI
2748_2774, A:  4552 C-G  4578 A: +/+ cis         XIX
2749_2773, A:  4553 C-G  4577 A: +/+ cis         XIX
2751_2771, A:  4555 G-C  4575 A: +/+ cis         XIX
2752_2770, A:  4556 C-G  4574 A: +/+ cis         XIX
2755_2757, A:  4559 A-U  4561 A:      stacked
2759_2764, A:  4563 C-G  4568 A: +/+ cis         XIX
2775_2776, A:  4579 U-U  4580 A:      stacked
2777_2832, A:  4581 C-G  4636 A: +/+ cis         XIX
2778_2831, A:  4582 A-U  4635 A: -/- cis         XX
2779_2830, A:  4583 G-C  4634 A: +/+ cis         XIX
2780_2829, A:  4584 A-U  4633 A: -/- cis         XX
2781_2828, A:  4585 C-A  4632 A: W/W cis         n/a
2785_2825, A:  4589 U-A  4629 A: -/- cis         XX
2787_2823, A:  4591 G-C  4627 A: +/+ cis         XIX
2788_2822, A:  4592 U-G  4626 A: W/W cis         XXVIII
2789_2791, A:  4593 G-A  4595 A: S/W cis      syn  n/a
2789_2820, A:  4593 G-A  4624 A: W/H tran        n/a
2790_2813, A:  4594 U-U  4617 A: syn    stacked
2791_2819, A:  4595 A-G  4623 A: W/S tran   syn    X
2793_2794, A:  4597 G-U  4598 A:      stacked
2793_2818, A:  4597 G-C  4622 A: +/+ cis         XIX
2794_2817, A:  4598 U-G  4621 A: W/W cis         XXVIII
2795_2816, A:  4599 G-G  4620 A: W/W cis         n/a
2795_2817, A:  4599 G-G  4621 A:      stacked
2796_2815, A:  4600 C-G  4619 A: +/+ cis         XIX
2797_2814, A:  4601 U-G  4618 A: W/W cis         XXVIII
2799_2810, A:  4603 G-C  4614 A: +/+ cis         XIX
2800_2809, A:  4604 G-C  4613 A: +/+ cis         XIX
2801_2808, A:  4605 C-G  4612 A: +/+ cis         XIX
2802_2807, A:  4606 U-A  4611 A: -/- cis         XX
2805_2806, A:  4609 G-G  4610 A:      stacked
2834_2868, A:  4638 G-C  4672 A: +/+ cis         XIX
2835_2867, A:  4639 G-C  4671 A: +/+ cis         XIX
2836_2866, A:  4640 G-C  4670 A: +/+ cis         XIX
2837_2865, A:  4641 A-U  4669 A: -/- cis         XX
2838_2863, A:  4642 U-A  4667 A: W/H tran        XXIV
2840_2862, A:  4644 A-G  4666 A: H/S tran        XI
2841_2861, A:  4645 U-A  4665 A: -/- cis         XX
2842_2860, A:  4646 G-C  4664 A: +/+ cis         XIX
2843_2859, A:  4647 A-U  4663 A: -/- cis         XX
2844_2858, A:  4648 C-G  4662 A: +/+ cis         XIX
2845_2846, A:  4649 U-G  4650 A:      stacked
2845_2855, A:  4649 U-U  4659 A: W/H tran     syn  n/a
2846_2856, A:  4650 G-A  4660 A: S/H tran        XI
2855_2857, A:  4659 U-A  4661 A: W/H cis    syn    XXIII
2859_2860, A:  4663 U-C  4664 A:      stacked
2891_3066, A:  4695 C-G  4918 A: +/+ cis         XIX
2892_3065, A:  4696 G-C  4917 A: +/+ cis         XIX
2893_3064, A:  4697 C-G  4916 A: +/+ cis         XIX
2894_2895, A:  4698 C-G  4699 A:      stacked
2894_3063, A:  4698 C-G  4915 A: +/+ cis         XIX
2895_3062, A:  4699 G-U  4914 A: W/W cis         XXVIII
2897_3061, A:  4701 G-C  4913 A: +/+ cis         XIX
2898_3060, A:  4702 G-C  4912 A: +/+ cis         XIX
2899_3059, A:  4703 A-A  4911 A: W/W cis         n/a
2900_3058, A:  4704 G-A  4910 A: W/W cis         VIII
2901_3057, A:  4705 C-G  4909 A: +/+ cis         XIX
2902_3056, A:  4706 C-G  4908 A: +/+ cis         XIX
2904_3054, A:  4708 C-G  4906 A: +/+ cis         XIX
2907_3051, A:  4711 U-C  4903 A: W/H tran        n/a
2909_2982, A:  4713 G-C  4834 A: +/+ cis         XIX
2910_2981, A:  4714 G-C  4833 A: +/+ cis         XIX
2911_2980, A:  4715 C-G  4832 A: W/W cis         n/a
2921_2971, A:  4725 C-G  4823 A: +/+ cis         XIX
2923_2969, A:  4727 G-C  4821 A: +/+ cis         XIX
2928_2964, A:  4732 C-G  4816 A: +/+ cis         XIX
2929_2963, A:  4733 C-G  4815 A: +/+ cis         XIX
2932_2959, A:  4736 C-G  4811 A: +/+ cis         XIX
2933_2958, A:  4737 C-G  4810 A: +/+ cis         XIX
2935_2936, A:  4739 G-U  4740 A:      stacked
2935_2956, A:  4739 G-C  4808 A: +/+ cis         XIX
2938_2939, A:  4742 C-C  4743 A:      stacked
2941_2953, A:  4745 G-C  4805 A: +/+ cis         XIX
2942_2952, A:  4746 C-G  4804 A: W/W cis         n/a
2943_2950, A:  4747 C-G  4802 A: +/+ cis         XIX
2946_2947, A:  4750 C-G  4799 A: +/+ cis         XIX
2950_2951, A:  4802 G-C  4803 A: S/H cis         n/a
2955_2956, A:  4807 C-C  4808 A:      stacked
2956_2957, A:  4808 C-G  4809 A:      stacked
2987_3038, A:  4839 G-C  4890 A: +/+ cis         XIX
2990_2991, A:  4842 C-U  4843 A:      stacked
2992_3033, A:  4844 G-C  4885 A: +/+ cis         XIX
2993_3032, A:  4845 G-C  4884 A: +/+ cis         XIX
2994_3031, A:  4846 G-C  4883 A: +/+ cis         XIX
2999_3027, A:  4851 G-C  4879 A: +/+ cis         XIX
3000_3026, A:  4852 G-C  4878 A: +/+ cis         XIX
3002_3024, A:  4854 G-C  4876 A: +/+ cis         XIX
3004_3023, A:  4856 G-C  4875 A: W/W cis         n/a
3005_3022, A:  4857 C-G  4874 A: +/+ cis         XIX
3006_3021, A:  4858 G-C  4873 A: +/+ cis         XIX
3007_3020, A:  4859 G-C  4872 A: +/+ cis         XIX
3008_3009, A:  4860 C-C  4861 A:      stacked
3008_3019, A:  4860 C-G  4871 A: +/+ cis         XIX
3010_3017, A:  4862 G-C  4869 A: +/+ cis         XIX
3023_3024, A:  4875 C-C  4876 A:      stacked
3033_3034, A:  4885 C-G  4886 A:      stacked
3071_3168, A:  4923 A-U  5020 A: -/- cis         XX
3072_3166, A:  4924 C-G  5018 A: +/+ cis         XIX
3073_3165, A:  4925 C-G  5017 A: +/+ cis         XIX
3075_3089, A:  4927 U-G  4941 A: W/W cis         XXVIII
3076_3088, A:  4928 U-U  4940 A: W/W cis         XVI
3077_3078, A:  4929 C-G  4930 A:      stacked
3077_3087, A:  4929 C-C  4939 A: W/W cis         n/a
3078_3086, A:  4930 G-C  4938 A: +/+ cis         XIX
3080_3085, A:  4932 A-A  4937 A: S/W cis         n/a
3093_3163, A:  4945 C-A  5015 A: W/W cis    syn    n/a
3095_3162, A:  4947 G-C  5014 A: +/+ cis         XIX
3096_3161, A:  4948 G-A  5013 A: W/W cis         VIII
3097_3159, A:  4949 G-A  5011 A: W/W cis         VIII
3097_3160, A:  4949 G-C  5012 A: +/+ cis         XIX
3098_3159, A:  4950 U-A  5011 A: -/- cis         XX
3099_3158, A:  4951 C-G  5010 A: +/+ cis         XIX
3100_3156, A:  4952 G-U  5008 A: W/W cis         XXVIII
3101_3155, A:  4953 G-C  5007 A: W/W cis         n/a
3102_3154, A:  4954 G-C  5006 A: +/+ cis         XIX
3103_3153, A:  4955 G-C  5005 A: +/+ cis         XIX
3104_3149, A:  4956 U-U  5001 A: W/W cis         XVI
3105_3148, A:  4957 U-G  5000 A: W/W cis         XXVIII
3106_3147, A:  4958 U-A  4999 A: -/- cis         XX
3107_3146, A:  4959 C-A  4998 A: W/W cis         n/a
3108_3145, A:  4960 G-A  4997 A: S/H tran        XI
3113_3141, A:  4965 U-A  4993 A: -/- cis         XX
3114_3140, A:  4966 A-U  4992 A: -/- cis         XX
3115_3139, A:  4967 G-C  4991 A: +/+ cis         XIX
3118_3137, A:  4970 G-A  4989 A: S/W tran     syn  X
3119_3136, A:  4971 A-G  4988 A: W/S tran   syn    X
3120_3135, A:  4972 G-C  4987 A: +/+ cis         XIX
3121_3122, A:  4973 C-A  4974 A:      stacked
3121_3134, A:  4973 C-G  4986 A: W/W cis         n/a
3122_3133, A:  4974 A-U  4985 A: -/- cis         XX
3123_3124, A:  4975 G-C  4976 A:      stacked
3123_3132, A:  4975 G-C  4984 A: W/W cis         n/a
3124_3131, A:  4976 C-G  4983 A: W/W cis         n/a
3154_3155, A:  5006 C-C  5007 A:      stacked
3155_3156, A:  5007 C-U  5008 A:      stacked
3160_3161, A:  5012 C-A  5013 A:      stacked
3162_3163, A:  5014 C-A  5015 A:      stacked
    80_85, A:    80 U-A    85 A: S/H tran        !1H(b_b).
  183_186, A:   232 C-G   235 A: W/H cis         !1H(b_b)
  216_219, A:   265 U-G   268 A: S/W tran        !1H(b_b)
  324_352, A:   194 A-G   222 A: S/W tran     syn  !1H(b_b).
  326_347, A:   196 G-C   217 A: H/S cis         !1H(b_b)
  375_398, A:   375 A-A   398 A: W/W tran        !1H(b_b)
  394_402, A:   394 G-G   402 A: W/W cis      syn  !1H(b_b)
  396_401, A:   396 U-A   401 A: S/H tran        !1H(b_b)
  483_540, A:   483 U-G   662 A: H/S cis         !1H(b_b)
  491_531, A:   491 G-C   653 A: W/W cis         !1H(b_b)
  596_599, A:   718 G-A   721 A: S/H cis         !1H(b_b).
  647_662, A:  1454 G-G  1469 A: W/W cis         !1H(b_b)
  693_828, A:  1500 C-U  1635 A: W/W cis         !1H(b_b)
  696_823, A:  1503 A-G  1630 A: H/W tran        !1H(b_b).
  718_784, A:  1525 C-G  1591 A: W/W cis         !1H(b_b).
 758_2048, A:  1565 G-A  3797 A: S/W tran        !1H(b_b).
  766_771, A:  1573 C-A  1578 A: S/H tran        !1H(b_b)
  845_855, A:  1652 U-U  1662 A: W/S cis         !1H(b_b)
  862_990, A:  1669 C-G  1824 A: W/W cis         !1H(b_b)
  878_941, A:  1712 G-U  1775 A: W/W cis         !1H(b_b)
  903_919, A:  1737 G-C  1753 A: W/H cis      syn  !1H(b_b).
  949_977, A:  1783 A-G  1811 A: W/H tran        !1H(b_b).
  951_977, A:  1785 G-G  1811 A: W/H tran        !1H(b_b)
  958_969, A:  1792 U-G  1803 A: W/H cis         !1H(b_b)
1010_2596, A:  1844 U-G  4400 A: W/S tran        !1H(b_b)
1011_2596, A:  1845 A-G  4400 A: W/W tran        !1H(b_b).
1030_1080, A:  1864 G-C  1914 A: W/W cis         !1H(b_b)
1051_1161, A:  1885 A-C  2046 A: H/W tran        !1H(b_b)
1055_1157, A:  1889 C-G  2042 A: W/W cis         !1H(b_b)
1065_1157, A:  1899 C-G  2042 A: W/S cis         !1H(b_b).
1076_1146, A:  1910 A-C  2031 A: H/W tran        !1H(b_b).
1077_1149, A:  1911 G-G  2034 A: S/W tran        !1H(b_b).
1141_1144, A:  2026 U-C  2029 A: W/H cis         !1H(b_b).
1176_1185, A:  2061 C-C  2250 A: H/W cis    syn    !1H(b_b)
1208_1249, A:  2273 G-C  2314 A: W/W cis         !1H(b_b)
1213_1245, A:  2278 C-G  2310 A: W/W cis         !1H(b_b)
1276_2078, A:  2341 G-C  3827 A: W/W cis         !1H(b_b).
1295_1334, A:  2360 C-C  2399 A: W/W tran        !1H(b_b)
1310_1735, A:  2375 U-G  2800 A: S/S cis         !1H(b_b).
1316_1698, A:  2381 A-C  2763 A: H/S tran        !1H(b_b)
1316_1699, A:  2381 A-A  2764 A: W/H tran        !1H(b_b).
1320_1348, A:  2385 U-U  2413 A: W/W cis         !1H(b_b)
1328_1331, A:  2393 G-C  2396 A: S/W tran        !1H(b_b)
1328_1332, A:  2393 G-A  2397 A: W/H tran        !1H(b_b).
1364_1420, A:  2429 G-U  2485 A: S/S cis         !1H(b_b)
1399_1403, A:  2464 G-C  2468 A: W/W cis         !1H(b_b)
1460_1681, A:  2525 C-U  2746 A: W/W cis         !1H(b_b).
1505_2288, A:  2570 C-C  4092 A: S/W cis         !1H(b_b)
1514_1650, A:  2579 G-C  2715 A: W/W cis         !1H(b_b)
1554_1605, A:  2619 A-G  2670 A: W/S cis         !1H(b_b).
1564_1594, A:  2629 G-G  2659 A: W/W cis         !1H(b_b)
1616_1624, A:  2681 C-G  2689 A: W/W cis         !1H(b_b)
1883_2323, A:  3632 A-G  4127 A: W/S tran   syn    !1H(b_b)
1885_1905, A:  3634 G-C  3654 A: W/S tran        !1H(b_b)
1889_1892, A:  3638 G-G  3641 A: W/H tran        !1H(b_b).
1965_1968, A:  3714 U-A  3717 A: S/H cis         !1H(b_b)
1974_1992, A:  3723 G-U  3741 A: W/W cis         !1H(b_b)
2002_2007, A:  3751 C-G  3756 A: S/H cis         !1H(b_b)
2111_2875, A:  3860 A-G  4679 A: H/. cis         !1H(b_b)
2117_2720, A:  3866 G-A  4524 A: S/W cis    syn    !1H(b_b).
2129_2603, A:  3878 C-C  4407 A: W/S tran        !1H(b_b)
2169_2227, A:  3918 A-U  4031 A: W/W cis         !1H(b_b)
2175_2221, A:  3924 G-C  4025 A: W/W cis         !1H(b_b).
2178_2210, A:  3927 G-A  4014 A: H/H cis         !1H(b_b)
2193_2214, A:  3942 G-A  4018 A: S/S tran        !1H(b_b).
2241_2324, A:  4045 A-G  4128 A: H/W tran        !1H(b_b)
2242_2324, A:  4046 C-G  4128 A: W/W cis         !1H(b_b)
2242_2327, A:  4046 C-C  4131 A: W/W cis         !1H(b_b)
2260_2276, A:  4064 C-U  4080 A: W/W cis         !1H(b_b)
2266_2271, A:  4070 C-G  4075 A: S/W cis         !1H(b_b).
2291_2312, A:  4095 A-G  4116 A: H/S tran        !1H(b_b)
2324_2327, A:  4128 G-C  4131 A: S/W cis         !1H(b_b)
2382_2491, A:  4186 G-C  4295 A: S/S tran        !1H(b_b)
2447_2474, A:  4251 G-C  4278 A: H/W cis         !1H(b_b)
2452_2470, A:  4256 U-C  4274 A: H/W tran        !1H(b_b)
2504_2520, A:  4308 A-G  4324 A: W/W cis         !1H(b_b).
2555_2601, A:  4359 U-U  4405 A: W/W cis         !1H(b_b)
2557_2597, A:  4361 G-A  4401 A: W/W cis         !1H(b_b)
2568_2587, A:  4372 C-U  4391 A: W/W cis         !1H(b_b)
2613_2677, A:  4417 U-U  4481 A: W/W cis         !1H(b_b)
2621_2623, A:  4425 U-A  4427 A: S/H cis    syn    !1H(b_b)
2654_2658, A:  4458 U-C  4462 A: W/W cis         !1H(b_b).
2731_2883, A:  4535 G-U  4687 A: W/W cis         !1H(b_b)
2754_2768, A:  4558 C-C  4572 A: S/H tran        !1H(b_b)
2845_2857, A:  4649 U-A  4661 A: S/W tran        !1H(b_b)
2919_2972, A:  4723 A-U  4824 A: H/W tran        !1H(b_b)
2958_2960, A:  4810 G-A  4812 A: W/H cis         !1H(b_b).
3002_3003, A:  4854 G-C  4855 A: S/S cis         !1H(b_b)
3111_3143, A:  4963 C-U  4995 A: W/W cis         !1H(b_b)
3118_3138, A:  4970 G-U  4990 A: S/W cis         !1H(b_b).
    16_19, A:    16 U-G    19 A: S/? tran        !(b_s)
  72_2032, A:    72 C-C  3781 A: ?/S tran        !(b_s)
  90_2178, A:    90 G-G  3927 A: S/S tran        !(b_s)
  154_173, A:   154 A-A   173 A: W/S cis         !(b_s)
  162_164, A:   162 A-U   164 A: S/H tran     syn  !(b_s)
  316_351, A:   186 G-U   221 A: H/S tran     syn  !(b_s)
  325_349, A:   195 A-C   219 A: S/S cis         !(b_s)
 332_1216, A:   202 C-U  2281 A: S/H cis         !(b_s)
  361_704, A:   361 U-G  1511 A: W/S cis         !(b_s)
  363_816, A:   363 A-C  1623 A: W/S tran        !(b_s)
  377_395, A:   377 A-U   395 A: S/s cis         !(b_s)
  379_393, A:   379 A-A   393 A: S/W tran        !(b_s)
  445_568, A:   445 U-U   690 A: W/S cis         !(b_s)
  459_557, A:   459 U-U   679 A: S/S cis         !(b_s)
 697_2137, A:  1504 A-A  3886 A: S/? tran        !(b_s)
 707_1862, A:  1514 C-A  3611 A: S/W cis         !(b_s)
 708_1862, A:  1515 U-A  3611 A: S/W tran        !(b_s)
  709_800, A:  1516 A-C  1607 A: S/S tran        !(b_s)
  710_801, A:  1517 U-G  1608 A: S/? tran        !(b_s)
 714_1360, A:  1521 U-G  2425 A: S/S tran        !(b_s)
  718_755, A:  1525 C-A  1562 A: S/W cis         !(b_s)
 720_1724, A:  1527 G-A  2789 A: s/S cis         !(b_s)
  725_746, A:  1532 A-G  1553 A: H/S tran        !(b_s)
  755_782, A:  1562 A-C  1589 A: H/S tran        !(b_s)
 764_1752, A:  1571 G-A  2817 A: S/? tran        !(b_s)
  767_769, A:  1574 G-G  1576 A: S/S tran     syn  !(b_s)
  770_774, A:  1577 C-U  1581 A: W/S cis         !(b_s)
 779_2048, A:  1586 C-A  3797 A: S/S cis         !(b_s)
  795_798, A:  1602 A-G  1605 A: S/S cis    syn    !(b_s)
 804_1860, A:  1611 A-U  3609 A: S/S tran   syn    !(b_s)
  825_827, A:  1632 A-C  1634 A: S/W cis         !(b_s)
 827_2546, A:  1634 C-A  4350 A: S/S tran        !(b_s)
 835_1230, A:  1642 C-C  2295 A: S/W cis         !(b_s)
 839_1193, A:  1646 G-A  2258 A: S/H tran        !(b_s)
  841_996, A:  1648 A-U  1830 A: s/S cis         !(b_s)
 845_2462, A:  1652 U-U  4266 A: S/H cis         !(b_s)
  886_926, A:  1720 G-U  1760 A: S/S tran   syn    !(b_s)
1000_1036, A:  1834 C-A  1870 A: S/W tran        !(b_s)
1007_2376, A:  1841 U-A  4180 A: S/W tran        !(b_s)
1011_2597, A:  1845 A-A  4401 A: W/S tran        !(b_s)
1015_2351, A:  1849 A-G  4155 A: S/H tran     syn  !(b_s)
1031_1081, A:  1865 G-C  1915 A: S/W tran        !(b_s)
1032_2093, A:  1866 A-G  3842 A: W/S tran        !(b_s)
1071_1093, A:  1905 U-U  1927 A: ?/S tran        !(b_s)
1079_1141, A:  1913 C-U  2026 A: ?/S cis         !(b_s)
1134_2565, A:  2019 A-C  4369 A: W/S cis         !(b_s)
1136_2671, A:  2021 A-G  4475 A: S/S tran        !(b_s)
1138_2090, A:  2023 G-C  3839 A: W/S tran        !(b_s)
1145_1150, A:  2030 G-A  2035 A: S/S tran        !(b_s)
1315_1698, A:  2380 A-C  2763 A: H/S tran        !(b_s)
1318_1703, A:  2383 G-C  2768 A: S/S cis         !(b_s)
1329_1342, A:  2394 A-C  2407 A: W/S tran        !(b_s)
1330_1341, A:  2395 A-A  2406 A: W/S cis         !(b_s)
1330_1342, A:  2395 A-C  2407 A: W/S cis         !(b_s)
1334_2078, A:  2399 C-C  3827 A: S/S tran        !(b_s)
1354_1424, A:  2419 G-A  2489 A: S/S cis         !(b_s)
1393_2307, A:  2458 G-G  4111 A: S/? tran        !(b_s)
1427_1657, A:  2492 G-A  2722 A: S/W tran        !(b_s)
1427_1658, A:  2492 G-A  2723 A: S/W tran        !(b_s)
1429_1451, A:  2494 A-C  2516 A: S/s cis         !(b_s)
1430_1450, A:  2495 G-U  2515 A: s/S cis         !(b_s)
1492_1567, A:  2557 U-C  2632 A: W/S cis         !(b_s)
1504_1665, A:  2569 U-G  2730 A: H/S tran        !(b_s)
1506_2288, A:  2571 C-C  4092 A: S/W tran        !(b_s)
1523_1600, A:  2588 A-G  2665 A: ?/S tran        !(b_s)
1534_1613, A:  2599 G-U  2678 A: S/S tran        !(b_s)
1538_1540, A:  2603 U-U  2605 A: S/H tran        !(b_s)
1553_1605, A:  2618 A-G  2670 A: H/S tran        !(b_s)
1580_1647, A:  2645 G-G  2712 A: ./S cis         !(b_s)
1637_1824, A:  2702 A-A  3573 A: H/S tran   syn syn  !(b_s)
1670_1678, A:  2735 G-A  2743 A: S/S cis         !(b_s)
1781_1793, A:  2846 U-A  2858 A: S/H tran        !(b_s)
1786_1788, A:  2851 U-G  2853 A: S/H cis      syn  !(b_s)
1786_2043, A:  2851 U-G  3792 A: W/S tran        !(b_s)
1804_3121, A:  2869 C-C  4973 A: S/S tran        !(b_s)
1831_3119, A:  3580 A-A  4971 A: S/s cis      syn  !(b_s)
1841_2798, A:  3590 A-U  4602 A: S/S tran        !(b_s)
1867_2690, A:  3616 A-G  4494 A: W/S tran        !(b_s)
1875_1967, A:  3624 C-A  3716 A: S/W tran        !(b_s)
1877_1968, A:  3626 U-A  3717 A: S/? tran        !(b_s)
1883_2244, A:  3632 A-C  4048 A: W/S cis    syn    !(b_s)
1910_2037, A:  3659 U-A  3786 A: S/S cis         !(b_s)
1916_2036, A:  3665 C-A  3785 A: S/W tran        !(b_s)
1919_1995, A:  3668 C-A  3744 A: S/S cis         !(b_s)
1936_1957, A:  3685 C-A  3706 A: S/H tran        !(b_s)
1938_2154, A:  3687 A-G  3903 A: W/S tran        !(b_s)
1946_2515, A:  3695 A-U  4319 A: W/S tran        !(b_s)
1946_2516, A:  3695 A-U  4320 A: W/S tran        !(b_s)
1947_2516, A:  3696 A-U  4320 A: W/S tran        !(b_s)
1957_2335, A:  3706 A-G  4139 A: S/S tran        !(b_s)
1971_1994, A:  3720 G-A  3743 A: S/W tran        !(b_s)
1999_2035, A:  3748 A-G  3784 A: H/S tran        !(b_s)
1999_2040, A:  3748 A-G  3789 A: W/S tran        !(b_s)
2020_2652, A:  3769 A-A  4456 A: S/S tran        !(b_s)
2073_3082, A:  3822 U-A  4934 A: s/S tran        !(b_s)
2098_2556, A:  3847 C-G  4360 A: W/S cis    syn    !(b_s)
2099_2101, A:  3848 G-G  3850 A: S/S tran     syn  !(b_s)
2117_2680, A:  3866 G-G  4484 A: S/? tran   syn    !(b_s)
2141_2698, A:  3890 U-U  4502 A: S/W cis         !(b_s)
2148_2338, A:  3897 A-G  4142 A: H/S tran        !(b_s)
2241_2325, A:  4045 A-G  4129 A: ./S tran        !(b_s)
2344_2536, A:  4148 U-A  4340 A: S/W tran        !(b_s)
2350_2377, A:  4154 U-C  4181 A: S/H cis    syn    !(b_s)
2352_2551, A:  4156 G-U  4355 A: S/S tran     syn  !(b_s)
2386_2390, A:  4190 C-A  4194 A: S/W tran        !(b_s)
2622_2667, A:  4426 C-A  4471 A: S/s cis         !(b_s)
2623_2666, A:  4427 A-A  4470 A: s/S cis         !(b_s)
2625_2863, A:  4429 U-A  4667 A: S/s cis         !(b_s)
2633_2759, A:  4437 A-C  4563 A: S/s cis         !(b_s)
2641_2840, A:  4445 C-A  4644 A: S/s cis         !(b_s)
2674_2676, A:  4478 A-G  4480 A: S/S tran   syn    !(b_s)
2679_2714, A:  4483 A-U  4518 A: S/S tran        !(b_s)
2724_3083, A:  4528 A-C  4935 A: S/W tran        !(b_s)
2730_3058, A:  4534 U-A  4910 A: W/S tran   syn    !(b_s)
2754_2767, A:  4558 C-A  4571 A: S/H tran        !(b_s)
2794_3147, A:  4598 U-A  4999 A: S/S tran        !(b_s)
2833_2870, A:  4637 U-C  4674 A: H/S tran        !(b_s)
2882_3070, A:  4686 A-A  4922 A: S/. tran        !(b_s)
2883_2885, A:  4687 U-C  4689 A: W/S cis      syn  !(b_s)
2912_2915, A:  4716 C-G  4719 A: S/H cis         !(b_s)
3081_3084, A:  4933 G-G  4936 A: S/W tran   syn syn  !(b_s)
3109_3143, A:  4961 U-U  4995 A: S/S tran        !(b_s)
3109_3144, A:  4961 U-G  4996 A: W/S cis      syn  !(b_s)
3110_3145, A:  4962 A-A  4997 A: H/S tran        !(b_s)
     8_48, A:     8 U-C    48 A: S/S cis         !(s_s)
  12_1990, A:    12 U-U  3739 A: S/S cis         !(s_s)
    33_35, A:    33 U-A    35 A: S/S tran        !(s_s)
    33_36, A:    33 U-A    36 A: W/H tran        !(s_s)
   36_295, A:    36 A-G   344 A: H/S cis         !(s_s)
    81_82, A:    81 A-G    82 A: S/S tran        !(s_s)
    82_83, A:    82 G-C    83 A: S/. cis         !(s_s)
  91_2179, A:    91 U-U  3928 A: S/S tran        !(s_s)
  91_2180, A:    91 U-A  3929 A: S/S tran        !(s_s)
    93_94, A:    93 A-G    94 A: S/S cis         !(s_s)
  93_2181, A:    93 A-G  3930 A: S/? cis         !(s_s)
  178_179, A:   227 U-U   228 A: S/S cis         !(s_s)
  203_204, A:   252 A-G   253 A: S/? cis         !(s_s)
  216_217, A:   265 U-G   266 A: S/. cis         !(s_s)
  218_219, A:   267 G-G   268 A: S/H cis    syn    !(s_s)
  220_221, A:   269 U-C   270 A: S/H tran   syn    !(s_s)
  233_235, A:   282 U-U   284 A: S/S tran        !(s_s)
  241_242, A:   290 U-G   291 A: S/. cis         !(s_s)
  275_276, A:   324 U-C   325 A: S/S cis         !(s_s)
  289_290, A:   338 C-A   339 A: S/S cis    syn    !(s_s)
  300_301, A:   349 C-G   350 A: S/H cis         !(s_s)
  301_302, A:   350 G-A   351 A: S/H cis         !(s_s)
  307_308, A:   177 C-C   178 A: S/H cis         !(s_s)
  325_326, A:   195 A-G   196 A: S/S cis         !(s_s)
  327_328, A:   197 U-C   198 A: S/S cis         !(s_s)
  337_338, A:   207 C-G   208 A: S/H cis         !(s_s)
  344_345, A:   214 C-A   215 A: S/S tran     syn  !(s_s)
  355_356, A:   355 G-U   356 A: S/H cis         !(s_s)
  355_367, A:   355 G-A   367 A: W/? tran        !(s_s)
  360_363, A:   360 G-A   363 A: W/H tran        !(s_s)
  362_703, A:   362 A-U  1510 A: S/S cis         !(s_s)
  364_817, A:   364 G-C  1624 A: S/S cis         !(s_s)
  372_405, A:   372 U-C   405 A: S/S cis    syn    !(s_s)
  376_399, A:   376 A-A   399 A: W/W tran        !(s_s)
  385_388, A:   385 G-G   388 A: S/H tran        !(s_s)
 400_1241, A:   400 G-G  2306 A: S/? cis         !(s_s)
  402_403, A:   402 G-G   403 A: S/W cis    syn syn  !(s_s)
  402_405, A:   402 G-C   405 A: ?/S cis    syn    !(s_s)
  408_409, A:   408 G-A   409 A: S/H cis         !(s_s)
 408_1220, A:   408 G-G  2285 A: ?/W cis         !(s_s)
 409_1222, A:   409 A-C  2287 A: S/? tran        !(s_s)
  436_437, A:   436 U-C   437 A: S/H tran   syn    !(s_s)
 437_1225, A:   437 C-G  2290 A: S/S cis         !(s_s)
  444_445, A:   444 G-U   445 A: S/S cis         !(s_s)
  460_461, A:   460 C-A   461 A: S/? cis      syn  !(s_s)
  473_538, A:   473 G-C   660 A: ?/. tran        !(s_s)
  476_537, A:   476 C-A   659 A: ?/? tran        !(s_s)
  482_483, A:   482 G-U   483 A: S/S cis         !(s_s)
  646_647, A:  1453 C-G  1454 A: S/H cis         !(s_s)
  674_675, A:  1481 G-A  1482 A: S/H cis    syn    !(s_s)
  705_706, A:  1512 A-A  1513 A: S/S cis    syn syn  !(s_s)
 712_1361, A:  1519 C-A  2426 A: S/s cis         !(s_s)
  719_783, A:  1526 A-C  1590 A: ?/W tran        !(s_s)
  753_783, A:  1560 G-C  1590 A: W/? tran        !(s_s)
  754_782, A:  1561 U-C  1589 A: H/S tran        !(s_s)
  762_763, A:  1569 C-U  1570 A: s/S cis         !(s_s)
  785_786, A:  1592 A-C  1593 A: S/? tran   syn    !(s_s)
 789_1714, A:  1596 G-C  2779 A: S/S tran        !(s_s)
 792_1362, A:  1599 U-G  2427 A: S/S tran        !(s_s)
  794_800, A:  1601 U-C  1607 A: S/? tran        !(s_s)
  795_796, A:  1602 A-G  1603 A: S/H cis    syn    !(s_s)
  796_814, A:  1603 G-A  1621 A: W/S tran        !(s_s)
  802_803, A:  1609 A-A  1610 A: S/H cis         !(s_s)
  809_812, A:  1616 A-C  1619 A: ?/H cis         !(s_s)
  811_812, A:  1618 U-C  1619 A: S/H cis    syn    !(s_s)
  812_813, A:  1619 C-G  1620 A: S/. cis         !(s_s)
  825_826, A:  1632 A-G  1633 A: S/? cis         !(s_s)
 827_2547, A:  1634 C-G  4351 A: S/S cis         !(s_s)
 830_1261, A:  1637 G-A  2326 A: S/S cis         !(s_s)
 832_1257, A:  1639 U-G  2322 A: S/S cis         !(s_s)
 833_1232, A:  1640 C-G  2297 A: S/s cis         !(s_s)
  840_858, A:  1647 A-C  1665 A: s/S cis         !(s_s)
 840_1191, A:  1647 A-G  2256 A: ?/W tran        !(s_s)
  841_857, A:  1648 A-G  1664 A: S/W tran        !(s_s)
 844_2459, A:  1651 U-C  4263 A: S/W cis      syn  !(s_s)
 845_2459, A:  1652 U-C  4263 A: ?/W cis      syn  !(s_s)
 861_1195, A:  1668 G-G  2260 A: ./S cis         !(s_s)
  867_868, A:  1701 C-A  1702 A: S/H cis         !(s_s)
  867_987, A:  1701 C-A  1821 A: S/S cis         !(s_s)
  879_939, A:  1713 G-A  1773 A: W/. tran        !(s_s)
  886_927, A:  1720 G-U  1761 A: S/? tran   syn    !(s_s)
  895_926, A:  1729 G-U  1760 A: W/W cis         !(s_s)
  898_899, A:  1732 G-U  1733 A: S/S cis      syn  !(s_s)
  911_912, A:  1745 A-A  1746 A: S/? cis         !(s_s)
  933_934, A:  1767 A-C  1768 A: S/H cis         !(s_s)
  935_936, A:  1769 U-U  1770 A: S/S cis         !(s_s)
  947_948, A:  1781 A-G  1782 A: S/S tran        !(s_s)
  950_951, A:  1784 A-G  1785 A: S/H cis         !(s_s)
  972_973, A:  1806 C-C  1807 A: S/H cis         !(s_s)
  979_980, A:  1813 G-G  1814 A: S/H cis         !(s_s)
 995_1193, A:  1829 G-A  2258 A: s/S cis         !(s_s)
1011_2559, A:  1845 A-U  4363 A: S/s cis         !(s_s)
1013_1014, A:  1847 G-C  1848 A: S/. cis         !(s_s)
1014_2598, A:  1848 C-U  4402 A: S/S cis         !(s_s)
1019_2373, A:  1853 C-G  4177 A: ?/W tran        !(s_s)
1025_1026, A:  1859 C-U  1860 A: S/H cis         !(s_s)
1028_1162, A:  1862 C-A  2047 A: S/S cis         !(s_s)
1030_1053, A:  1864 G-G  1887 A: S/S cis         !(s_s)
1032_2103, A:  1866 A-U  3852 A: S/s cis         !(s_s)
1039_1051, A:  1873 G-A  1885 A: s/S cis         !(s_s)
1041_1042, A:  1875 A-C  1876 A: S/H cis    syn    !(s_s)
1041_1164, A:  1875 A-A  2049 A: S/S cis    syn    !(s_s)
1061_1159, A:  1895 A-C  2044 A: s/S cis         !(s_s)
1063_1064, A:  1897 G-C  1898 A: S/. cis    syn    !(s_s)
1072_1073, A:  1906 C-A  1907 A: S/S cis         !(s_s)
1072_1148, A:  1906 C-G  2033 A: W/? cis         !(s_s)
1074_1075, A:  1908 U-C  1909 A: S/. cis         !(s_s)
1074_2839, A:  1908 U-U  4643 A: W/S cis         !(s_s)
1078_1079, A:  1912 A-C  1913 A: S/S tran        !(s_s)
1083_1084, A:  1917 A-G  1918 A: S/S cis    syn    !(s_s)
1084_2591, A:  1918 G-U  4395 A: W/? tran        !(s_s)
1088_2568, A:  1922 A-C  4372 A: S/S cis         !(s_s)
1102_1103, A:  1936 A-U  1937 A: S/H cis         !(s_s)
1118_1119, A:  2003 A-A  2004 A: S/S cis         !(s_s)
1136_2617, A:  2021 A-C  4421 A: s/S cis         !(s_s)
1140_1141, A:  2025 A-U  2026 A: S/? cis    syn    !(s_s)
1142_2104, A:  2027 G-U  3853 A: S/S cis         !(s_s)
1147_1148, A:  2032 U-G  2033 A: S/H cis         !(s_s)
1148_1149, A:  2033 G-G  2034 A: S/H tran        !(s_s)
1150_1151, A:  2035 A-G  2036 A: S/? cis         !(s_s)
1163_1164, A:  2048 U-A  2049 A: S/H cis         !(s_s)
1201_1233, A:  2266 C-G  2298 A: S/S tran        !(s_s)
1211_1212, A:  2276 A-G  2277 A: S/H cis    syn    !(s_s)
1217_1218, A:  2282 G-A  2283 A: S/H cis         !(s_s)
1232_1233, A:  2297 G-G  2298 A: S/S tran        !(s_s)
1256_1257, A:  2321 U-G  2322 A: S/H cis         !(s_s)
1257_1258, A:  2322 G-C  2323 A: S/H cis         !(s_s)
1258_1259, A:  2323 C-A  2324 A: S/S tran     syn  !(s_s)
1262_1263, A:  2327 U-C  2328 A: S/. tran        !(s_s)
1272_1273, A:  2337 A-G  2338 A: S/S cis      syn  !(s_s)
1290_1292, A:  2355 G-G  2357 A: S/S tran        !(s_s)
1295_1296, A:  2360 C-U  2361 A: S/S cis         !(s_s)
1306_1732, A:  2371 G-C  2797 A: H/H tran   syn    !(s_s)
1310_1311, A:  2375 U-G  2376 A: S/H tran        !(s_s)
1311_1734, A:  2376 G-G  2799 A: S/S cis         !(s_s)
1317_1703, A:  2382 G-C  2768 A: S/S cis         !(s_s)
1319_1320, A:  2384 G-U  2385 A: S/S cis    syn    !(s_s)
1322_1340, A:  2387 C-A  2405 A: ?/? tran     syn  !(s_s)
1332_1333, A:  2397 A-G  2398 A: S/S tran        !(s_s)
1334_2077, A:  2399 C-G  3826 A: s/S cis         !(s_s)
1348_1349, A:  2413 U-C  2414 A: S/H cis         !(s_s)
1352_1353, A:  2417 U-C  2418 A: S/H cis         !(s_s)
1359_1360, A:  2424 U-G  2425 A: S/H cis         !(s_s)
1371_1374, A:  2436 G-C  2439 A: W/? tran        !(s_s)
1379_1380, A:  2444 U-U  2445 A: S/H cis         !(s_s)
1381_1893, A:  2446 C-C  3642 A: H/S tran   syn syn  !(s_s)
1383_1384, A:  2448 G-A  2449 A: S/S cis         !(s_s)
1384_1385, A:  2449 A-A  2450 A: S/. tran        !(s_s)
1385_1415, A:  2450 A-G  2480 A: W/? tran        !(s_s)
1390_1391, A:  2455 C-G  2456 A: S/S tran        !(s_s)
1416_1658, A:  2481 C-A  2723 A: S/? cis    syn    !(s_s)
1427_1512, A:  2492 G-A  2577 A: S/? tran        !(s_s)
1428_1429, A:  2493 G-A  2494 A: S/? cis         !(s_s)
1437_1439, A:  2502 U-A  2504 A: S/S tran        !(s_s)
1443_1444, A:  2508 C-C  2509 A: S/S cis    syn    !(s_s)
1462_1463, A:  2527 G-A  2528 A: S/H cis         !(s_s)
1474_1476, A:  2539 G-G  2541 A: S/H tran        !(s_s)
1474_1477, A:  2539 G-A  2542 A: W/? tran        !(s_s)
1486_1487, A:  2551 G-U  2552 A: S/S tran   syn    !(s_s)
1491_1493, A:  2556 G-A  2558 A: S/S tran        !(s_s)
1491_1494, A:  2556 G-A  2559 A: W/H tran        !(s_s)
1494_1495, A:  2559 A-C  2560 A: S/S cis         !(s_s)
1494_1566, A:  2559 A-C  2631 A: S/S cis         !(s_s)
1495_1564, A:  2560 C-G  2629 A: ?/W tran        !(s_s)
1498_1499, A:  2563 G-A  2564 A: S/. cis         !(s_s)
1513_1514, A:  2578 A-G  2579 A: S/. tran        !(s_s)
1522_1598, A:  2587 G-G  2663 A: S/S tran        !(s_s)
1522_1599, A:  2587 G-U  2664 A: s/S cis         !(s_s)
1533_1613, A:  2598 A-U  2678 A: S/S cis         !(s_s)
1541_1542, A:  2606 C-U  2607 A: S/S cis    syn    !(s_s)
1549_1630, A:  2614 U-U  2695 A: S/S cis         !(s_s)
1552_1606, A:  2617 G-G  2671 A: H/H tran        !(s_s)
1563_1564, A:  2628 C-G  2629 A: S/H cis         !(s_s)
1570_1571, A:  2635 G-A  2636 A: S/S cis    syn syn  !(s_s)
1578_1580, A:  2643 U-G  2645 A: S/S tran        !(s_s)
1585_1586, A:  2650 G-A  2651 A: S/S cis    syn syn  !(s_s)
1608_1609, A:  2673 A-A  2674 A: S/H cis         !(s_s)
1650_1651, A:  2715 C-C  2716 A: S/S tran        !(s_s)
1654_1655, A:  2719 G-A  2720 A: S/? cis    syn    !(s_s)
1671_1677, A:  2736 G-A  2742 A: S/S cis    syn    !(s_s)
1675_1676, A:  2740 U-A  2741 A: S/S cis         !(s_s)
1689_1690, A:  2754 G-G  2755 A: S/H cis         !(s_s)
1702_1703, A:  2767 U-C  2768 A: S/H cis         !(s_s)
1706_1707, A:  2771 C-A  2772 A: S/H cis    syn    !(s_s)
1707_1708, A:  2772 A-G  2773 A: S/S cis         !(s_s)
1708_1709, A:  2773 G-C  2774 A: S/. cis         !(s_s)
1713_1714, A:  2778 U-C  2779 A: S/H cis         !(s_s)
1723_1726, A:  2788 G-C  2791 A: W/? cis         !(s_s)
1726_1727, A:  2791 C-A  2792 A: S/. tran        !(s_s)
1730_2800, A:  2795 C-G  4604 A: s/S tran        !(s_s)
1745_2073, A:  2810 A-U  3822 A: W/W cis         !(s_s)
1747_2115, A:  2812 A-G  3864 A: W/? cis         !(s_s)
1760_1761, A:  2825 G-A  2826 A: S/H cis         !(s_s)
1802_3137, A:  2867 C-A  4989 A: S/S cis      syn  !(s_s)
1803_3120, A:  2868 U-G  4972 A: S/S tran        !(s_s)
1804_3120, A:  2869 C-G  4972 A: S/S cis         !(s_s)
1840_1841, A:  3589 G-A  3590 A: S/H cis    syn    !(s_s)
1865_1866, A:  3614 U-A  3615 A: S/H cis    syn    !(s_s)
1868_1869, A:  3617 A-A  3618 A: S/H cis         !(s_s)
1879_1885, A:  3628 G-G  3634 A: S/S cis         !(s_s)
1886_1906, A:  3635 C-G  3655 A: S/S cis         !(s_s)
1899_1900, A:  3648 U-U  3649 A: S/H cis    syn    !(s_s)
1903_1904, A:  3652 C-G  3653 A: S/H cis         !(s_s)
1910_2039, A:  3659 U-G  3788 A: S/H cis         !(s_s)
1931_1932, A:  3680 A-A  3681 A: S/H tran   syn    !(s_s)
1937_2334, A:  3686 A-A  4138 A: S/s cis         !(s_s)
1938_1955, A:  3687 A-G  3704 A: H/S tran        !(s_s)
1966_1967, A:  3715 A-A  3716 A: S/S cis         !(s_s)
2000_2040, A:  3749 G-G  3789 A: S/S tran        !(s_s)
2000_2041, A:  3749 G-A  3790 A: S/S cis         !(s_s)
2007_2008, A:  3756 G-C  3757 A: S/H cis         !(s_s)
2007_2705, A:  3756 G-G  4509 A: ?/S cis         !(s_s)
2018_2020, A:  3767 U-A  3769 A: S/S tran        !(s_s)
2022_2023, A:  3771 U-A  3772 A: S/. tran   syn    !(s_s)
2036_2039, A:  3785 A-G  3788 A: s/S cis         !(s_s)
2043_2044, A:  3792 G-A  3793 A: S/H cis         !(s_s)
2048_2049, A:  3797 A-G  3798 A: S/? tran        !(s_s)
2094_2102, A:  3843 G-C  3851 A: W/W cis         !(s_s)
2109_2110, A:  3858 G-A  3859 A: S/S tran   syn    !(s_s)
2109_2875, A:  3858 G-G  4679 A: S/W tran   syn    !(s_s)
2117_2118, A:  3866 G-G  3867 A: S/H cis    syn    !(s_s)
2126_2127, A:  3875 A-G  3876 A: S/? cis         !(s_s)
2127_2604, A:  3876 G-G  4408 A: S/? tran        !(s_s)
2140_2699, A:  3889 U-G  4503 A: s/S cis         !(s_s)
2141_2143, A:  3890 U-A  3892 A: S/H cis         !(s_s)
2180_2208, A:  3929 A-U  4012 A: S/s cis         !(s_s)
2181_2185, A:  3930 G-A  3934 A: W/H tran        !(s_s)
2191_2192, A:  3940 G-A  3941 A: S/S cis         !(s_s)
2192_2193, A:  3941 A-G  3942 A: S/S cis         !(s_s)
2209_2211, A:  4013 G-A  4015 A: S/S tran        !(s_s)
2227_2228, A:  4031 U-C  4032 A: S/H cis         !(s_s)
2247_2249, A:  4051 U-A  4053 A: S/S cis    syn syn  !(s_s)
2284_2285, A:  4088 G-G  4089 A: S/S cis         !(s_s)
2287_2288, A:  4091 G-C  4092 A: S/H cis         !(s_s)
2325_2326, A:  4129 G-A  4130 A: S/H cis         !(s_s)
2346_2347, A:  4150 U-G  4151 A: S/? tran   syn    !(s_s)
2360_2361, A:  4164 C-A  4165 A: S/H cis         !(s_s)
2362_2491, A:  4166 C-C  4295 A: S/S cis         !(s_s)
2364_2430, A:  4168 U-A  4234 A: s/S cis         !(s_s)
2369_2370, A:  4173 A-A  4174 A: S/? tran   syn    !(s_s)
2377_2378, A:  4181 C-G  4182 A: S/? cis         !(s_s)
2382_2429, A:  4186 G-A  4233 A: S/S cis         !(s_s)
2390_2391, A:  4194 A-G  4195 A: S/? cis         !(s_s)
2393_2477, A:  4197 C-U  4281 A: s/S tran        !(s_s)
2393_2482, A:  4197 C-G  4286 A: S/W tran        !(s_s)
2425_2439, A:  4229 G-G  4243 A: S/S cis         !(s_s)
2438_2439, A:  4242 A-G  4243 A: S/H cis         !(s_s)
2447_2448, A:  4251 G-A  4252 A: S/S tran        !(s_s)
2459_2460, A:  4263 C-A  4264 A: S/. cis    syn syn  !(s_s)
2478_2480, A:  4282 G-A  4284 A: S/S tran        !(s_s)
2493_2494, A:  4297 C-G  4298 A: S/H cis         !(s_s)
2494_2495, A:  4298 G-A  4299 A: S/. cis         !(s_s)
2528_2529, A:  4332 U-G  4333 A: S/H cis         !(s_s)
2536_2537, A:  4340 A-A  4341 A: S/? cis         !(s_s)
2540_2541, A:  4344 U-A  4345 A: S/S cis         !(s_s)
2541_2542, A:  4345 A-C  4346 A: S/H tran        !(s_s)
2548_2604, A:  4352 G-G  4408 A: H/H tran        !(s_s)
2560_2561, A:  4364 U-G  4365 A: S/H cis    syn    !(s_s)
2570_2571, A:  4374 A-A  4375 A: S/H cis         !(s_s)
2580_2630, A:  4384 A-A  4434 A: S/S cis         !(s_s)
2606_2607, A:  4410 U-G  4411 A: S/. tran   syn    !(s_s)
2608_2678, A:  4412 U-G  4482 A: H/W tran     syn  !(s_s)
2619_2620, A:  4423 U-A  4424 A: S/S cis      syn  !(s_s)
2627_2841, A:  4431 U-U  4645 A: S/S cis         !(s_s)
2631_2632, A:  4435 G-C  4436 A: S/S cis         !(s_s)
2634_2765, A:  4438 G-G  4569 A: S/S cis         !(s_s)
2642_2839, A:  4446 C-U  4643 A: s/S cis         !(s_s)
2645_2748, A:  4449 G-C  4552 A: W/? tran        !(s_s)
2655_2684, A:  4459 G-G  4488 A: S/S cis         !(s_s)
2665_2667, A:  4469 U-A  4471 A: S/S tran        !(s_s)
2668_2669, A:  4472 U-A  4473 A: S/S cis         !(s_s)
2679_2680, A:  4483 A-G  4484 A: S/? cis         !(s_s)
2683_2684, A:  4487 G-G  4488 A: S/H cis         !(s_s)
2697_2700, A:  4501 G-A  4504 A: W/H tran        !(s_s)
2704_2705, A:  4508 A-G  4509 A: S/? cis         !(s_s)
2725_3084, A:  4529 U-G  4936 A: S/S cis      syn  !(s_s)
2729_2730, A:  4533 G-U  4534 A: S/S tran   syn syn  !(s_s)
2744_2745, A:  4548 U-A  4549 A: S/S tran        !(s_s)
2755_2767, A:  4559 A-A  4571 A: H/H tran        !(s_s)
2760_2763, A:  4564 G-A  4567 A: S/H tran        !(s_s)
2775_2826, A:  4579 U-C  4630 A: ./H cis      syn  !(s_s)
2776_2826, A:  4580 U-C  4630 A: ./W cis      syn  !(s_s)
2792_2793, A:  4596 U-G  4597 A: S/H cis    syn    !(s_s)
2794_3107, A:  4598 U-C  4959 A: s/S tran        !(s_s)
2832_2833, A:  4636 G-U  4637 A: S/. cis         !(s_s)
2839_2862, A:  4643 U-G  4666 A: H/S tran        !(s_s)
2840_2861, A:  4644 A-A  4665 A: H/W tran        !(s_s)
2864_2865, A:  4668 A-U  4669 A: S/H tran   syn    !(s_s)
2876_2877, A:  4680 C-G  4681 A: S/H cis         !(s_s)
2884_2885, A:  4688 A-C  4689 A: S/. cis      syn  !(s_s)
2884_2890, A:  4688 A-G  4694 A: S/S cis         !(s_s)
2885_2886, A:  4689 C-G  4690 A: S/S cis    syn syn  !(s_s)
2895_2896, A:  4699 G-C  4700 A: S/S cis         !(s_s)
2905_3053, A:  4709 G-U  4905 A: W/W cis         !(s_s)
2906_3052, A:  4710 G-G  4904 A: S/H tran        !(s_s)
2969_2970, A:  4821 C-G  4822 A: S/H cis         !(s_s)
2971_2972, A:  4823 G-U  4824 A: S/S cis         !(s_s)
2979_2980, A:  4831 U-G  4832 A: S/H cis         !(s_s)
2983_2984, A:  4835 C-U  4836 A: S/H cis         !(s_s)
2985_2986, A:  4837 U-C  4838 A: S/S cis         !(s_s)
3012_3013, A:  4864 A-A  4865 A: S/S tran        !(s_s)
3013_3014, A:  4865 A-A  4866 A: S/S cis      syn  !(s_s)
3049_3050, A:  4901 U-U  4902 A: S/? tran   syn    !(s_s)
3091_3092, A:  4943 U-U  4944 A: S/S cis    syn syn  !(s_s)
3109_3110, A:  4961 U-A  4962 A: S/. cis         !(s_s)
3144_3145, A:  4996 G-A  4997 A: S/H cis    syn    !(s_s)
3149_3150, A:  5001 U-C  5002 A: S/H tran        !(s_s)
3152_3153, A:  5004 G-C  5005 A: S/. cis         !(s_s)
END_base-pair

Summary of triplets and higher multiplets
BEGIN_multiplets
9_12_23_| [1 3]  A: 9 A  +  A: 12 U  +  A: 23 A
13_22_46_| [2 3]  A: 13 C  +  A: 22 G  +  A: 46 G
155_172_178_179_| [3 4]  A: 155 A  +  A: 172 A  +  A: 227 U  +  A: 228 U
182_183_187_| [4 3]  A: 231 G  +  A: 232 C  +  A: 236 C
209_210_225_| [5 3]  A: 258 G  +  A: 259 U  +  A: 274 A
373_377_401_| [6 3]  A: 373 G  +  A: 377 A  +  A: 401 A
378_402_405_| [7 3]  A: 378 G  +  A: 402 G  +  A: 405 C
486_488_536_| [8 3]  A: 486 C  +  A: 488 G  +  A: 658 G
704_796_812_| [9 3]  A: 1511 G  +  A: 1603 G  +  A: 1619 C
705_799_807_| [10 3]  A: 1512 A  +  A: 1606 G  +  A: 1614 C
712_791_1361_1422_| [11 4]  A: 1519 C  +  A: 1598 G  +  A: 2426 A  +  A: 2487 G
759_760_778_| [12 3]  A: 1566 G  +  A: 1567 U  +  A: 1585 U
833_1199_1232_| [13 3]  A: 1640 C  +  A: 2264 G  +  A: 2297 G
834_1198_1231_| [14 3]  A: 1641 C  +  A: 2263 G  +  A: 2296 G
840_858_995_| [15 3]  A: 1647 A  +  A: 1665 C  +  A: 1829 G
883_887_935_| [16 3]  A: 1717 A  +  A: 1721 A  +  A: 1769 U
884_888_934_| [17 3]  A: 1718 G  +  A: 1722 A  +  A: 1768 C
932_2365_2379_| [18 3]  A: 1766 A  +  A: 4169 G  +  A: 4183 C
948_951_976_| [19 3]  A: 1782 G  +  A: 1785 G  +  A: 1810 G
1030_1037_1080_| [20 3]  A: 1864 G  +  A: 1871 C  +  A: 1914 C
1048_1165_1166_| [21 3]  A: 1882 G  +  A: 2050 C  +  A: 2051 C
1054_1061_1159_| [22 3]  A: 1888 G  +  A: 1895 A  +  A: 2044 C
1076_1146_1149_| [23 3]  A: 1910 A  +  A: 2031 C  +  A: 2034 G
1077_1146_1149_| [24 3]  A: 1911 G  +  A: 2031 C  +  A: 2034 G
1134_2564_2590_| [25 3]  A: 2019 A  +  A: 4368 G  +  A: 4394 C
840_858_1191_| [26 3]  A: 1647 A  +  A: 1665 C  +  A: 2256 G
840_1191_1192_| [27 3]  A: 1647 A  +  A: 2256 G  +  A: 2257 U
1328_1332_1338_| [28 3]  A: 2393 G  +  A: 2397 A  +  A: 2403 U
1351_1430_1450_| [29 3]  A: 2416 G  +  A: 2495 G  +  A: 2515 U
1369_1376_1891_| [30 3]  A: 2434 G  +  A: 2441 C  +  A: 3640 G
1423_1513_1655_| [31 3]  A: 2488 A  +  A: 2578 A  +  A: 2720 A
1458_1460_1682_| [32 3]  A: 2523 G  +  A: 2525 C  +  A: 2747 C
1469_1482_1673_| [33 3]  A: 2534 G  +  A: 2547 U  +  A: 2738 U
1489_1495_1496_| [34 3]  A: 2554 C  +  A: 2560 C  +  A: 2561 G
1494_1566_1592_| [35 3]  A: 2559 A  +  A: 2631 C  +  A: 2657 G
1505_1664_2288_| [36 3]  A: 2570 C  +  A: 2729 G  +  A: 4092 C
1550_1551_1609_| [37 3]  A: 2615 G  +  A: 2616 U  +  A: 2674 A
1757_2059_2063_| [38 3]  A: 2822 A  +  A: 3808 G  +  A: 3812 C
1786_1912_2043_| [39 3]  A: 2851 U  +  A: 3661 A  +  A: 3792 G
1801_1832_3118_3137_| [40 4]  A: 2866 G  +  A: 3581 C  +  A: 4970 G  +  A: 4989 A
1916_1917_2039_| [41 3]  A: 3665 C  +  A: 3666 U  +  A: 3788 G
1919_1971_1995_| [42 3]  A: 3668 C  +  A: 3720 G  +  A: 3744 A
1921_1924_1968_| [43 3]  A: 3670 C  +  A: 3673 U  +  A: 3717 A
2020_2651_2661_| [44 3]  A: 3769 A  +  A: 4455 G  +  A: 4465 C
2033_2694_2703_| [45 3]  A: 3782 A  +  A: 4498 G  +  A: 4507 C
2113_2723_3082_| [46 3]  A: 3862 C  +  A: 4527 G  +  A: 4934 A
2127_2128_2687_| [47 3]  A: 3876 G  +  A: 3877 A  +  A: 4491 U
2137_2540_2542_| [48 3]  A: 3886 A  +  A: 4344 U  +  A: 4346 C
2139_2538_2700_| [49 3]  A: 3888 C  +  A: 4342 G  +  A: 4504 A
2140_2141_2345_2537_| [50 4]  A: 3889 U  +  A: 3890 U  +  A: 4149 U  +  A: 4341 A
2349_2357_2359_| [51 3]  A: 4153 C  +  A: 4161 G  +  A: 4163 A
2363_2381_2429_| [52 3]  A: 4167 C  +  A: 4185 G  +  A: 4233 A
2556_2599_2600_| [53 3]  A: 4360 G  +  A: 4403 C  +  A: 4404 C
2619_2648_2669_| [54 3]  A: 4423 U  +  A: 4452 U  +  A: 4473 A
2622_2647_2667_| [55 3]  A: 4426 C  +  A: 4451 G  +  A: 4471 A
2634_2759_2764_| [56 3]  A: 4438 G  +  A: 4563 C  +  A: 4568 G
2845_2855_2857_| [57 3]  A: 4649 U  +  A: 4659 U  +  A: 4661 A
2943_2950_2951_| [58 3]  A: 4747 C  +  A: 4802 G  +  A: 4803 C
END_multiplets

  The total base pairs = 954 (from 3171 bases)
------------------------------------------------
 Standard  WW--cis  WW-tran  HH--cis  HH-tran  SS--cis  SS-tran
      576      194       22        1       10        7       14
  WH--cis  WH-tran  WS--cis  WS-tran  HS--cis  HS-tran
       13       35       21       14       20       27
------------------------------------------------
