The backbone torsional angle for nucleic acid 

 
Note: alpha:   O3'(i-1)-P-O5'-C5'
      beta:    P-O5'-C5'-C4'
      gamma:   O5'-C5'-C4'-C3'
      delta:   C5'-C4'-C3'-O3'
      epsilon: C4'-C3'-O3'-P(i+1)
      zeta:    C3'-O3'-P(i+1)-O5'(i+1)

      chi for pyrimidines(Y): O4'-C1'-N1-C2
          chi for purines(R): O4'-C1'-N9-C4

    (The number -9999.99 means that the angle can not be calculated) 

Ch Res  Num    alpha    beta     gamma    delta  epsilon    zeta     chi
F   G    1  -9999.99 -9999.99   174.42    82.07  -140.72   -72.10  -174.37
F   G    2    -60.37   167.02    54.93    76.61  -125.83   -84.68  -170.51
F   G    3    -50.42   159.07    49.88    77.42  -133.76   -69.02  -168.50
F   U    4   -122.71   138.70   135.07    86.73  -144.41   -77.02  -163.89
F   G    5    -59.20   173.40    41.55    77.20  -150.07   -63.69  -159.87
F   C    6    -79.01   164.00    76.83    76.30  -144.49   -73.84  -162.00
F   G    7    -46.22   171.19    31.26    72.68  -124.37  -145.12  -158.90
F   A    8     45.05   115.06   -17.64   142.17  -106.21    62.85    21.93
F   U    9    153.61   129.84    16.96   150.58  -112.16   -22.47  -121.81
F   G   10   -101.85  -119.94    72.23   155.30  -125.64   153.22  -134.80
F   A   11    -73.61   165.14    33.20    74.42  -131.60   -57.21  -164.13
F   G   12    -65.63   169.21    61.17    78.13  -146.30   -71.22  -170.60
F   A   13    -61.68   177.61    50.53    78.75  -150.77   -78.81  -170.24
F   A   14    -57.58   165.23    54.95    79.05  -147.61   -72.09  -170.15
F   G   15    -60.02   167.46    57.43    79.11  -142.32   -77.40  -169.77
F   A   16    -57.31   160.61    55.98    80.61  -139.46   -44.57  -168.47
F   A   17   -130.35   124.62   150.77    81.58  -106.39   -49.02   -17.88
F   G   18    -74.66   169.09    59.82    84.03   -88.34   -39.22  -154.34
F   A   19   -168.72   174.94    71.31   145.62   -77.82   108.29  -130.35
F   G   20     57.85  -123.95   -93.07   148.41  -125.57   139.35   -66.88
F   U   21   -122.15   164.28    44.86    81.78  -141.62   -87.76  -163.07
F   A   22    -57.57   166.85    50.29    81.61  -124.63   -58.65  -174.90
F   U   23    -60.52   167.13    61.05    79.83  -148.66   -79.71  -161.52
F   U   24    -59.09   174.43    48.54    80.33  -142.39   -77.70  -159.94
F   A   25    -57.49   168.01    49.21    80.73  -148.54  -108.25  -170.13
F   A   26    145.49  -130.35   176.43    80.77  -149.57   -54.70  -175.08
F   G   27    162.21  -165.95   172.16    81.38  -102.54  -147.06   178.84
F   G   28    113.71  -114.13   171.69    81.03  -122.53  -114.32   179.71
F   A   29      7.00   125.87    13.93    80.24  -133.61   -80.40  -161.72
F   U   30    -45.07   154.35    79.67   145.42  -101.17   149.73  -131.32
F   U   31    -73.73   161.14   -10.01    81.84  -131.89  -110.15  -171.65
F   U   32    -69.54   123.80    84.49    80.16  -155.50   -93.67  -152.64
F   A   33    139.26  -143.84   176.14    81.05  -134.11   -61.68  -172.69
F   C   34    -63.54   178.39    48.47    79.59  -137.51   -91.81  -160.30
F   U   35    -58.53   156.92    55.81    79.38  -147.34   -72.80  -158.44
F   A   36    -60.28   167.54    50.52    80.60  -141.74   -80.87  -166.53
F   U   37    -53.78   164.06    47.91    80.62  -144.96   -80.84  -158.76
F   G   38    -52.80  -174.23    51.06   143.25  -121.67   140.05    68.26
F   A   39    -62.19  -166.95    62.71    81.11  -135.17   -64.25  -169.06
F   U   40    -65.17   176.64    54.02    79.15  -139.82   -63.17  -161.17
F   U   41    -66.20   174.65    53.56    79.03  -144.36   -72.54  -158.30
F   A   42    -60.29  -161.61    25.77    78.39  -140.20   -60.74    47.58
F   G   43    -66.45   164.81    70.09    81.48  -131.95   -63.06  -158.49
F   C   44    176.15   149.17    53.11    80.52  -142.99   -64.32  -164.51
F   G   45    -65.95   169.25    58.70    81.69  -140.42   -82.61  -170.01
F   A   46    -58.52  -144.05    64.72   147.01   -84.48  -133.42   -83.34
F   C   47     48.04  -153.61    50.26    79.14  -146.79   -72.84  -163.26
F   U   48    -59.95   170.34    56.50    80.48  -150.58   -79.02  -163.89
F   C   49    -59.75   172.52    51.26    81.66  -166.76   -80.89  -163.60
F   U   50    157.88  -148.40   173.49    81.11  -112.89   -88.91  -166.05
F   A   51    -64.20   165.51    39.72    78.92  -107.37  -134.49  -170.14
F   G   52     95.62   -78.93  -159.98    81.48   161.66    40.30  -175.14
F   G   53    174.80   118.68   120.80    83.45  -150.60   -53.50  -177.97
F   A   54   -105.23  -124.61    48.33   147.69  -139.49  -138.36   -85.45
F   U   55     52.00  -106.85  -130.82    80.15  -113.05  -116.61  -162.60
F   A   56   -143.17   131.65    51.67    77.31  -150.74   -79.92  -164.21
F   G   57    -52.21   162.66    52.37    78.49  -130.95   -78.48  -172.47
F   U   58    -50.83   147.98    71.71    78.99  -112.06   -78.12  -159.83
F   G   59     99.13  -152.54  -139.44    80.70  -135.99   -55.85  -152.91
F   A   60    178.64   142.31    49.31    82.63  -128.76   -85.13  -164.59
F   A   61    -56.87   150.18    57.80    82.70  -120.74   -72.45  -158.80
F   A   62   -157.08   163.43   178.34   148.39  -134.50  -120.01  -111.46
F   G   63    -65.07  -178.51    48.83   145.70   -95.74   -68.82   -85.53
F   C   64    -63.87   160.10    50.49    79.55  -106.72  -110.42  -148.38
F   U   65    -66.70   154.90    48.81    80.18  -151.70   -78.38  -161.77
F   A   66    -56.88   173.06    52.94    80.26  -138.42  -102.04  -152.41
F   G   67    122.09  -114.48  -158.72    82.58   -92.02  -118.05   177.05
F   A   68     86.29  -115.99  -158.45    81.49  -115.57   -84.79  -179.75
F   G   69    -47.20   160.05    45.85    79.38  -168.25   -84.57  -165.55
F   G   70    157.99  -159.50  -176.15    80.81   -96.62  -150.49   177.11
F   A   71     91.10   -92.74  -173.75    83.04   -89.68   -27.31   178.11
F   U   72   -112.86    74.50   167.49    81.25  -116.73   -40.42  -166.39
F   A   73   -155.93   130.08   141.02    81.80  -150.37   -85.81  -165.90
F   G   74    149.71  -141.10   172.13    81.03  -117.46   -93.32   178.70
F   U   75    -52.34   150.82    52.84    80.75  -156.46   -75.35  -158.47
F   A   76    151.46  -155.83   177.31    80.66  -120.82   -92.31  -175.82
F   A   77    -62.36   143.70    63.53    79.79  -130.60   -97.98   177.28
F   C   78     61.52   140.41   -49.93    82.48  -163.85   -77.92  -155.44
F   C   79    155.40  -145.23   169.27    80.88  -140.70   -68.52  -165.23
F   U   80    -63.85  -167.41    38.98    79.45  -121.05  -132.40  -161.94
F   U   81    104.30  -110.83  -172.53    81.42  -123.32   -77.67  -161.37
F   A   82    -66.07   176.30    44.40    81.85  -133.78   -72.81   176.34
F   A   83   -103.03   151.15   112.53    80.75  -141.73   -32.68  -179.62
F   G   84    -89.13  -147.16    49.92   144.20  -166.13  -117.84  -103.33
F   A   85   -125.97    71.78   171.58    79.29  -119.85   -86.79   179.44
F   A   86    -52.43   159.37    45.53    80.27  -148.81  -114.28  -162.34
F   G   87    -54.77   166.54    45.34    80.98  -138.46   -87.13   177.74
F   G   88    -56.84   166.70    51.30    81.51  -142.29   -78.45  -173.38
F   C   89    -56.57   165.78    52.80    80.64  -131.89   -81.60  -159.77
F   A   90    -59.57   158.86    55.63    80.40  -129.23   -71.02  -160.67
F   C   91    -68.79  -175.84    46.81    80.53  -130.54  -117.77  -162.51
F   U   92      0.90   131.98    17.41    81.24  -146.16   -78.00  -156.44
F   U   93    -65.16   159.92    64.36    80.75  -137.74   -73.86  -166.00
F   C   94    -80.13   157.79    70.15    85.68  -158.53   -69.77  -158.17
F   G   95    177.71  -168.39   141.55    78.48  -151.05  -110.96  -177.19
F   A   96    -46.99   170.95    74.07   149.31   -67.64    97.65  -125.98
F   G   97     87.16  -116.97  -177.12    83.43  -152.20   -80.93  -167.51
F   C   98    -67.71   162.87    66.28    81.82  -137.52   -80.59  -164.41
F   A   99    -67.18   164.84    57.41    80.38  -149.03   -80.59  -167.50
F   C  100    -68.11  -179.50    53.82    80.46  -140.07   -75.99  -166.03
F   C  101    -60.36   165.70    61.71    79.58  -150.11   -72.29  -165.53
F   C  102    -58.34   178.92    64.28   143.31 -9999.99 -9999.99  -134.38
