The backbone torsional angle for nucleic acid 

 
Note: alpha:   O3'(i-1)-P-O5'-C5'
      beta:    P-O5'-C5'-C4'
      gamma:   O5'-C5'-C4'-C3'
      delta:   C5'-C4'-C3'-O3'
      epsilon: C4'-C3'-O3'-P(i+1)
      zeta:    C3'-O3'-P(i+1)-O5'(i+1)

      chi for pyrimidines(Y): O4'-C1'-N1-C2
          chi for purines(R): O4'-C1'-N9-C4

    (The number -9999.99 means that the angle can not be calculated) 

Ch Res  Num    alpha    beta     gamma    delta  epsilon    zeta     chi
B   G    1  -9999.99   145.45    60.16    83.19  -142.33   -74.89  -167.43
B   C    2    -61.92   168.78    52.42    82.58  -135.51   -93.33  -159.82
B   C    3    -38.86   159.25    37.74    85.92  -134.36   -93.36  -155.25
B   C    4    -35.38   150.64    37.66    80.97  -153.07   -88.65  -150.07
B   G    5     97.96  -149.44  -130.22   100.85  -132.14   -65.18   177.46
B   G    6    -71.53   163.31    66.97    79.64  -154.44   -79.05  -171.31
B   A    7    -63.70   177.10    73.69   132.91  -102.86   -48.78  -136.41
B   U    8    -73.96  -132.90    67.12    83.10  -143.46   -77.11  -146.92
B   G    9    164.33   128.92  -162.56   144.39  -122.90   -63.69    74.32
B   G   10    164.69  -153.65    43.78    75.51  -158.36   -70.13  -178.11
B   U   11    -80.29  -171.43    63.65    81.75  -149.30   -77.02  -167.77
B   G   12    -73.34   177.79    63.05    84.89  -146.55   -73.14  -161.82
B   G   13    130.88  -143.12  -169.09    93.97  -144.79   -74.15  -178.24
B   A   14    -64.08  -175.27    54.03    77.51  -150.35   -65.02  -172.02
B   A   15    -62.60   174.75    39.21    76.79  -165.89   129.32  -158.77
B   U   16    -78.69  -175.29    15.87   147.59   -94.45   -78.91  -129.85
B   C   17    108.36   152.32    60.40    96.51    57.18   -85.30    46.66
B   G   18    151.33   154.53   -58.45   154.16  -143.36   -83.58  -133.20
B   G   19    -91.34  -143.06    46.34   140.56   -93.72  -175.23   -63.93
B   U   20    -74.62  -130.21    58.43   141.00  -108.11   -66.33  -106.71
B   A   20    -69.66   165.89   176.22    89.74  -145.60   -76.86  -162.83
B   G   21    -68.23   163.66    68.35    89.63  -145.54   144.46  -147.36
B   A   22    -74.05   147.85    41.00    88.28  -135.58   -50.49  -173.41
B   C   23    -92.04  -175.63    57.57    83.59  -145.41   -70.80  -157.25
B   A   24    -73.29   163.47    68.02    79.04  -150.21   -78.44  -167.60
B   C   25    -56.60   165.15    52.78    77.34  -147.11   -64.62  -168.07
B   A   26    -75.17   179.13    59.00    83.26  -144.19   -67.79  -167.45
B   A   27    -66.55   170.38    57.69    84.10  -147.99   -76.24  -169.56
B   G   28    -65.22   172.67    48.48    84.36  -159.13   -92.81  -169.46
B   G   29    166.58  -152.27   157.93    83.86  -132.24   -69.76   170.67
B   G   30    -67.45  -177.43    52.60    83.00  -143.06   -80.14  -167.47
B   A   31    -73.81   166.57    68.36    83.72  -154.24   -76.65  -167.71
B   U   32    165.49  -133.88   142.19    84.34  -119.94  -150.49  -169.06
B   U   33    168.51  -109.48   146.65   107.35 -9999.99 -9999.99  -119.90
B   A   36  -9999.99   170.20    38.29    80.64  -145.59   -63.59  -170.39
B   A   37    -79.18   167.51    64.52    82.08  -141.76   -62.61  -173.43
B   A   38    -64.90   169.28    53.10    83.32  -142.96   -76.79  -161.97
B   U   39    -67.12   163.99    60.52    82.50  -148.83   -74.86  -158.77
B   C   40    -69.23   163.76    64.17    85.10  -144.93   -65.86  -151.16
B   C   41    -70.18  -173.98    39.11    80.72  -159.44   -67.65  -160.05
B   C   42   -133.05   156.35   123.35    83.14  -146.69   -55.02   178.00
B   U   43    -94.87  -160.43    60.55    82.93  -142.61   -76.04  -158.79
B   C   44    -55.27   161.87    49.71    82.93  -149.52  -137.09  -156.55
B   G   45     73.39   173.09    64.13    83.30  -141.43   -78.50  -179.17
B   G   46    -62.98   174.70    49.63    87.88  -140.27   -75.71  -165.71
B   C   47    -58.53   164.99    52.20    79.80  -147.23   -67.71  -160.32
B   G   47    -79.68   170.23    64.65    78.60  -146.57   -61.63  -174.24
B   U   47    -76.00   172.81    71.03    83.11  -130.44  -131.66  -159.52
B   U   47     93.29  -155.41   120.66   143.41   -97.90  -111.09  -143.89
B   C   47     39.84   108.36    14.54   140.87  -110.95    91.98  -116.70
B   G   47     69.54  -159.24   165.34    88.23  -137.78   -39.71    57.89
B   C   47    -91.56   140.43   122.14    84.85  -157.50   -80.19  -158.54
B   G   47    -66.61   174.60    48.38    85.18  -145.20   -77.51  -169.20
B   C   47    -59.67   164.71    55.28    81.80  -139.70   -70.77  -166.76
B   U   47    -79.62   158.98    79.40    82.82  -151.32   -66.83  -168.72
B   G   47    -69.48   176.91    55.68    84.12  -152.71   -90.17  -156.70
B   U   48    -58.80  -147.77    69.81   141.98  -142.75    66.66  -121.42
B   G   49     72.81   135.53    36.71    82.46  -144.85   -68.99  -179.27
B   C   50    -58.15  -176.79    46.58    87.91  -143.94   -87.08  -153.20
B   G   51     83.95  -159.77  -129.93    93.73  -144.40   -84.83  -166.62
B   G   52    141.37  -145.58   178.44    82.88  -131.08   -80.12   172.45
B   G   53    -63.42   171.73    56.44    81.41  -149.04   -74.48  -173.66
B   U   54    -66.13   179.83    52.32    82.06  -134.77   -59.50  -161.81
B   U   55    -65.14   172.87    48.45    76.65  -131.90   -71.72  -155.72
B   C   56   -159.55   151.54    32.59    83.74  -129.96   -75.07  -163.43
B   A   57    -53.97   165.92    46.35    81.24  -148.80   -73.07  -157.86
B   A   58    -62.18  -141.83    74.44   144.30   -82.61  -163.61   -83.69
B   G   59     46.82  -149.36    88.93    87.08  -135.50   -64.25  -175.73
B   U   60    -51.13   169.36    57.68   137.61  -121.27   -66.30  -129.14
B   C   61   -144.11  -142.45    73.76    78.07  -147.59   -83.62  -167.63
B   C   62    -53.74   175.05    41.01    82.96  -143.72   -85.27  -159.85
B   C   63    -49.70   177.35    33.36    80.79  -161.90   -91.70  -161.85
B   G   64    142.06  -143.51  -176.49    92.29  -111.42   -84.12   167.03
B   C   65    -65.29   165.54    50.90    80.38  -148.75   -76.74  -162.72
B   U   66    -60.71   166.18    56.47    80.93  -142.61   -76.04  -166.73
B   C   67    -73.07   164.76    61.51    80.26  -148.35   -72.15  -164.78
B   C   68    -63.50   177.95    57.61    82.58  -148.78   -74.82  -164.16
B   G   69    -62.01   170.78    51.73    79.25  -145.91   -91.79  -168.00
B   G   70    -57.86   156.20    56.18    84.12  -146.55   -68.47  -171.42
B   G   71    -65.17   169.35    60.81    78.22  -148.98   -63.64  -174.28
B   U   72    -66.93   176.45    56.88    81.25  -145.39  -107.01  -161.71
B   A   73    -41.47   143.26    66.44   140.45  -151.88   178.86  -143.82
B   C   74     16.24   158.24    49.42   141.10   -89.85   -56.48  -103.56
B   C   75    -76.07  -142.90    44.21   142.36  -119.10    69.15  -115.05
B 7RZ  101    108.34   164.87  -178.66   118.98 -9999.99 -9999.99   -83.27
