The backbone torsional angle for nucleic acid 

 
Note: alpha:   O3'(i-1)-P-O5'-C5'
      beta:    P-O5'-C5'-C4'
      gamma:   O5'-C5'-C4'-C3'
      delta:   C5'-C4'-C3'-O3'
      epsilon: C4'-C3'-O3'-P(i+1)
      zeta:    C3'-O3'-P(i+1)-O5'(i+1)

      chi for pyrimidines(Y): O4'-C1'-N1-C2
          chi for purines(R): O4'-C1'-N9-C4

    (The number -9999.99 means that the angle can not be calculated) 

Ch Res  Num    alpha    beta     gamma    delta  epsilon    zeta     chi
V   A    1  -9999.99 -9999.99    36.48    97.58  -103.01  -119.86   165.41
V   G    2     10.70   106.22    27.16    88.66  -113.50  -137.45  -156.26
V   C    3      0.76   111.84    10.03    86.78  -120.88   -18.06   -99.51
V   A    4   -134.55   109.60   157.91    80.82  -129.73   -66.01  -177.74
V   G    5    -96.09   119.66   144.01   139.64  -134.75   -82.29  -176.18
V   A    6    115.15  -174.56  -177.31   145.50  -144.89   -98.31  -123.35
V   G    7   -176.40   111.37   142.42   147.00  -135.03   -33.74  -145.40
V   U    8   -107.27  -142.14    55.17    74.75  -122.47  -135.03  -172.23
V   G    9   -123.23   125.35   157.72   159.02  -128.45    16.82  -101.66
V   G   10    148.49   162.48    29.74   119.77   -98.36  -141.12   145.17
V   C   11    -31.86   139.00    33.66    86.35  -145.03  -102.02  -163.45
V   G   12    117.13  -138.57  -155.51   119.37  -152.66     4.01  -179.67
V   C   13   -175.75   100.18   137.25    81.48  -130.49   -95.19  -172.51
V   A   14     96.84  -118.27   -98.66    78.63  -145.32   -22.08   155.78
V   G   15   -103.77  -148.85    10.44    76.30  -140.79   -79.17    54.14
V   C   16    104.04   122.11   -33.90   147.55  -103.80    38.14   -80.72
V   G   17    121.80  -101.31  -135.28   147.51  -163.67  -101.72  -140.39
V   G   18   -120.66   161.33   168.42   138.49  -101.62   -66.34   -96.51
V   A   19    -84.68   139.05    99.57    83.66  -164.98    11.68  -178.93
V   A   20   -129.94   164.69   121.76    86.43  -147.51  -103.58  -174.75
V   G   21    -99.25   125.82   109.46    83.73  -117.79  -117.61   173.95
V   C   22     -5.13   131.10    24.32    79.64  -139.26   -76.40  -161.19
V   G   23    -80.87   152.50    77.65    86.60  -137.13   -62.54  -177.31
V   U   24    -75.36   170.88    58.67    82.89  -145.44   -92.17  -161.27
V   G   25    136.50  -135.32   174.91   101.99  -162.37   -73.17   178.36
V   C   26   -163.31  -132.76   115.38    82.74  -164.93   -98.01  -167.10
V   U   27    178.53  -142.39   139.83    85.35  -133.05  -112.78  -166.77
V   G   28    117.20  -136.34  -176.99    80.70  -151.75   -80.44   176.92
V   G   29   -148.91  -158.86   123.36    90.51  -110.77  -127.69   174.96
V   G   30    120.40  -120.39   173.66    80.77  -136.99   -41.71   156.76
V   C   31   -140.04  -118.44    69.94    82.84  -112.32  -154.46  -139.22
V   C   32      8.56    97.86    32.42    99.75  -157.26   -94.62  -116.45
V   C   33   -159.67   151.22    21.12    97.09  -119.75   -58.86  -162.93
V   U   34   -126.39   130.74   122.68    93.71  -154.86   -29.45  -174.87
V   C   35   -159.60   127.73   140.09    83.02  -132.57   -76.38  -172.95
V   A   36    -67.09   164.81    57.40    85.78  -139.41   -77.79  -171.97
V   A   37    -29.67   166.70    29.40    77.72  -153.20   -87.03    21.79
V   C   38    142.65  -130.42   173.23    95.27  -128.40   -64.40  -177.31
V   C   39    -75.37   159.57    81.32   117.42  -140.74   -93.39  -155.48
V   C   40    130.02  -166.79   172.52    87.72  -143.13  -102.95  -155.76
V   A   41    119.96  -146.29  -176.85    81.03  -136.56  -111.05  -172.51
V   G   42    -47.03   138.17    62.96    88.25  -136.04   -72.28  -172.65
V   A   43    -95.49   156.73    81.23    85.60  -127.11   -78.21  -178.27
V   G   44    -52.51   162.17    48.39    87.54  -130.55  -165.97  -171.82
V   G   45     89.79   106.64    35.63   140.98  -136.14   -80.82   -56.04
V   U   46    109.91   159.24    17.92    91.11  -157.14    27.96  -154.74
V   C   47     99.82   112.38    33.33   143.51  -137.28    97.36  -100.54
V   G   48    -64.17  -108.95    89.15    85.60   -86.43  -143.70   172.06
V   A   49     94.22  -116.77  -170.42   101.19  -116.48   -70.52   177.88
V   U   50    107.96  -139.51  -153.22    86.40  -169.52  -131.18  -174.17
V   G   51    -24.10   142.84    53.27    87.42  -116.91   -48.65   166.55
V   G   52   -105.87   148.80   101.73   100.07  -148.13   -83.96  -170.40
V   A   53    150.01  -149.49   159.03   109.55  -137.62   -71.62  -138.22
V   U   54   -129.28   142.65   103.51    73.83  -132.69   -86.63  -158.36
V   C   55   -100.34  -161.23   -29.45    88.22  -148.32    -1.87  -170.82
V   G   56   -155.76   103.23   137.28    89.29  -117.89  -118.58  -170.54
V   A   57     62.76   111.27    29.64   136.91  -125.03  -134.99   -66.69
V   A   58   -150.14   119.88     2.45    90.34  -133.00   -81.32  -163.52
V   A   59    -65.56   147.75    80.25   141.74  -120.70   -42.86  -130.46
V   C   60    -92.56  -171.90    36.70    93.01  -117.19   -43.75  -167.69
V   C   61   -126.52   110.70   121.83    84.43  -124.57   -90.78  -158.25
V   A   62    112.19  -113.97  -153.17    81.13  -135.69   -91.68  -172.97
V   U   63    -54.96   159.50    43.26    75.89  -129.09   -66.69  -163.01
V   C   64    -59.82   149.47    78.98    90.58  -156.75  -108.64  -166.07
V   C   65   -146.24  -142.33    98.77    82.36  -122.66   -78.75  -144.80
V   U   66     93.94  -118.30  -114.51    77.57  -115.43   -18.69  -162.31
V   C   67   -108.22    89.01  -178.29    82.85  -143.32   -73.08  -172.59
V   U   68    -61.68   162.15    48.77    74.85  -136.81   -52.37  -156.29
V   G   69   -129.37   106.78   135.10    93.22  -141.40   -66.31   178.00
V   C   70    152.98  -139.43   163.05    95.08  -169.16    26.49  -178.15
V   U   71   -125.94  -129.92   -35.70   109.21  -124.54   136.59  -143.02
V   A   72     79.38   -91.68  -165.10   153.04  -126.73  -171.69  -114.18
V   C   73     76.14   102.61   160.29    87.95  -143.98  -152.69  -162.36
V   C   74     27.50   132.64   -48.86   133.02  -112.08  -145.42   -62.36
V   A   75     36.92  -115.08  -149.40   134.56 -9999.99 -9999.99    91.50
