BEGIN_base-pair
     7_65, V:     7 G-C    65 V: +/+ cis         XIX
     9_22, V:     9 G-C    22 V: H/H tran        n/a
    10_25, V:    10 G-G    25 V: W/S cis         n/a
    10_44, V:    10 G-G    44 V: W/S tran        n/a
    11_23, V:    11 C-G    23 V: +/+ cis         XIX
    11_23,-
7_65_9_22_10_25_10_44_11_23_0, click this line to see above pattern
0_0,---------
    13_21, V:    13 C-G    21 V: +/+ cis         XIX
    14_20, V:    14 A-A    20 V: H/S tran        n/a
    21_45, V:    21 G-G    45 V: H/W tran     syn  VII
    24_44, V:    24 U-G    44 V: W/W cis         XXVIII
    25_43, V:    25 G-A    43 V: W/W cis         VIII
    26_42, V:    26 C-G    42 V: W/W cis         n/a
    27_41, V:    27 U-A    41 V: -/- cis         XX
    27_41,-
13_21_14_20_21_45_24_44_25_43_26_42_27_41_0, click this line to see above pattern
0_0,---------
END_base-pair
