The backbone torsional angle for nucleic acid 

 
Note: alpha:   O3'(i-1)-P-O5'-C5'
      beta:    P-O5'-C5'-C4'
      gamma:   O5'-C5'-C4'-C3'
      delta:   C5'-C4'-C3'-O3'
      epsilon: C4'-C3'-O3'-P(i+1)
      zeta:    C3'-O3'-P(i+1)-O5'(i+1)

      chi for pyrimidines(Y): O4'-C1'-N1-C2
          chi for purines(R): O4'-C1'-N9-C4

    (The number -9999.99 means that the angle can not be calculated) 

Ch Res  Num    alpha    beta     gamma    delta  epsilon    zeta     chi
C   G    1  -9999.99   154.36   173.31    75.37  -162.55   -64.81  -171.46
C   G    2    -67.18  -168.96    55.75    78.72  -158.58   -58.83  -170.20
C   G    3    -67.41  -168.98    48.95    75.20  -156.18   -85.47  -162.84
C   U    4    136.91  -152.16  -169.92    76.52  -132.36   -86.65  -161.96
C   G    5    -56.33   170.67    45.67    79.73  -134.29   -86.06  -169.28
C   C    6    -45.64   157.69    60.59    79.35  -159.89   -59.98  -155.64
C   G    7    -81.33  -165.57    52.28    80.92  -146.61  -135.62  -155.48
C   A    8     41.60   168.44   -54.77   132.71  -112.26    82.69    51.77
C   U    9     44.54   174.57    58.70   145.48   -76.26   -33.59  -130.09
C   G   10   -101.95  -112.91    70.25   154.11  -109.64   122.53   -81.04
C   A   11   -123.49  -174.30    55.97    77.46  -121.57   -78.32  -171.91
C   G   12    -59.06   161.62    61.87    81.22  -152.46   -74.49  -171.47
C   A   13    -77.80   172.28    75.17    79.39  -132.99   -82.21  -169.11
C   A   14    -58.80   154.08    59.45    71.77  -149.89   -80.24  -171.10
C   G   15    -48.25   168.57    50.02    84.57  -139.36   -83.02  -163.12
C   A   16    -43.96   150.21    50.08    78.41  -112.31   -65.84  -172.93
C   A   17    -98.63    96.16   146.48    81.57  -117.12   -39.06   -21.87
C   G   18    -85.86   179.76    64.99    90.48  -134.64    33.91  -158.61
C   A   19    160.38   143.57    65.42   148.51   -78.90   122.80  -122.37
C   G   20     43.68  -108.03   -85.43   148.02  -155.22   143.97  -110.65
C   U   21    -93.18   155.71    49.69    85.69  -150.58   -67.30  -156.66
C   A   22    -68.76   177.17    54.15    80.88  -128.60   -52.66  -178.01
C   U   23    -64.05   158.43    72.56    78.79  -149.05   -81.36  -156.81
C   U   24    -67.45   179.93    50.98    76.70  -166.70   -74.90  -166.58
C   A   25    149.15  -141.73   178.82    79.85  -131.98   -80.54   173.08
C   A   26   -175.86  -163.87   133.45    84.87  -120.42   -35.91  -163.11
C   G   27   -121.93    88.80   157.14    82.73  -123.76   -87.54   174.07
C   G   28    -41.68   152.13    50.41    80.27  -124.89   -78.38  -176.63
C   A   29    -60.59   158.75    55.73    85.16  -104.44  -110.09  -173.33
C   U   30    -45.84   132.80    76.84   145.61  -165.39   122.29  -125.28
C   U   31    118.13  -114.99   164.72    82.55   164.24    30.80  -179.37
C   U   32    152.42   115.03   145.38    81.53  -128.99  -118.89  -173.09
C   A   33    141.80  -114.98   161.07    76.87  -119.60  -110.39   177.56
C   C   34    -24.29   139.08    32.82    76.65  -112.10  -101.27  -164.61
C   U   35    -45.82   143.00    56.73    83.44  -150.85   -90.72  -158.60
C   A   36    -32.95   155.88    31.26    79.63  -141.58   -81.76  -163.55
C   U   37    -71.26   166.36    60.99    77.98  -146.76   -74.61  -158.66
C   G   38    -44.33  -175.03    43.44   152.02  -115.82   125.55    62.46
C   A   39    -93.56  -133.22    88.21    84.92  -147.92   -65.57   179.42
C   U   40    -58.66   173.47    52.49    84.00  -152.93   -56.52  -152.96
C   U   41    -79.31  -178.79    52.17    78.62  -138.60   -96.90  -152.99
C   A   42     69.53  -152.23   -99.12    77.61   -98.89   -69.40    13.65
C   G   43    -33.77   154.65    46.90    78.08  -121.13   -63.82  -161.39
C   C   44    178.07   144.47    48.61    92.70  -147.76   -51.79  -172.10
C   G   45    -98.18   172.45    76.56    79.82  -140.56   -78.47  -168.29
C   A   46    -58.66  -137.72    67.18   159.40   -95.25  -133.39   -74.34
C   C   47     57.21  -169.96    47.92    83.96  -143.60   -65.07  -154.51
C   U   48    -66.94   176.60    50.84    87.55  -154.29   -69.52  -148.91
C   C   49    -73.24   173.19    54.76    77.35  -159.64   -74.77  -153.35
C   U   50    -65.20   168.95    55.65    69.86  -130.57   -96.07  -162.95
C   A   51    -44.56   150.01    52.08    78.84  -133.68  -117.73  -153.19
C   G   52    117.86  -119.03  -179.09    79.17   -79.87  -136.54   172.30
C   G   53     83.60   -84.50  -172.20    83.06  -102.50  -126.66   158.35
C   A   54     52.96    99.15     4.46   142.55  -165.38  -139.14  -118.87
C   U   55      3.62   162.48   -24.63    78.50   168.83   -88.13  -137.02
C   A   56   -163.22   149.06    82.66    75.81  -152.73   -79.20  -162.89
C   G   57    -64.83   161.83    64.46    81.01  -133.99   -74.17  -171.17
C   U   58    -57.58   165.38    66.31    72.66  -131.16   -72.41  -157.79
C   G   59    108.97  -156.88  -148.65    75.99  -125.20  -109.90  -164.30
C   A   60    178.87  -155.91    42.01    85.95  -135.61   -83.71  -162.18
C   A   61    -67.30   141.78    77.39    87.57  -117.41   -76.29  -172.20
C   A   62   -174.73   172.60   177.28   148.22  -122.78  -134.60  -108.35
C   G   63    -38.55   177.44    25.13   145.51  -103.29   -64.90   -92.55
C   C   64    -48.90  -168.68    23.83    82.46  -142.18   -77.35  -173.29
C   U   65    -46.28   163.16    48.77    79.78  -139.37   -83.54  -161.18
C   A   66    -46.11   172.51    39.27    80.22  -162.12   -83.83  -145.77
C   G   67    129.54  -146.81  -171.71    82.42  -124.32   -93.31   178.21
C   A   68    -43.75   150.72    48.60    74.85  -146.58   -87.01  -164.17
C   G   69    -39.79   164.65    43.45    87.82  -163.05   -78.46  -174.91
C   G   70    168.59  -172.81   165.95    80.93   -98.35  -162.37   173.75
C   A   71    108.10  -105.81   169.41    79.17  -132.90   -73.26   168.91
C   U   72    -63.03  -164.65    40.77    76.58  -140.53  -127.39  -156.24
C   A   73    127.97   -98.92   175.49    79.49  -115.76   -89.31   153.76
C   G   74    -45.49   163.64    39.55    86.26  -157.14   -83.21  -158.46
C   U   75    141.91  -141.61  -172.20    78.42   -90.19  -161.32  -166.05
C   A   76    110.78   -94.32   154.57    81.19  -128.52   -74.09  -176.74
C   A   77    -71.86  -179.36    48.41    76.66  -138.51   -79.61  -155.72
C   C   78    -53.08  -175.98    49.97    76.21  -154.07   -63.81  -154.63
C   C   79   -170.67  -176.11   153.11    78.05  -121.18   -79.94  -178.84
C   U   80    -61.72  -178.55    46.32    81.96  -146.87   -83.75  -169.68
C   U   81    -39.14   153.35    38.74    72.15  -133.02   -94.14  -164.02
C   A   82    -52.16   156.14    47.62    78.71  -161.66   -94.06  -169.63
C   A   83    163.48  -121.39   150.01    79.70  -114.97   -86.31  -179.14
C   G   84    -44.89   161.75    38.09    76.47  -134.72   -89.75  -162.04
C   A   85    -94.74    62.37   167.99    80.49  -108.91   -99.32  -174.44
C   A   86    -48.24   139.54    55.97    86.25  -118.31  -142.90  -172.74
C   G   87    -30.42   138.26    34.06    72.67  -137.35   -74.32  -174.15
C   G   88    -69.66   168.89    60.17    77.87  -157.96   -73.86  -166.37
C   C   89    -60.78   178.28    43.72    75.79  -132.09   -77.40  -161.28
C   A   90    -42.09   153.81    41.42    71.50  -128.72   -77.22  -173.03
C   C   91    -52.98  -167.21    45.37    85.35  -153.71  -119.75  -165.88
C   U   92     43.81    99.53     6.02    72.27  -157.19  -105.33  -158.17
C   U   93    179.52  -145.66   147.29    83.33  -136.93   -82.07  -170.62
C   C   94    -46.55   158.13    45.22    83.54  -140.66   -48.21  -175.61
C   G   95    -71.11  -179.01    67.03   137.89   -93.49  -168.15  -116.40
C   A   96   -106.66   165.45    47.96   143.92   -85.97    99.65  -129.41
C   G   97     76.69   -99.17  -165.37    88.17  -138.09   -86.29  -167.86
C   C   98    -56.74   154.43    59.24    70.76  -133.76   -80.01  -176.80
C   A   99    -33.44   167.97    27.83    75.93  -142.74   -80.59  -167.75
C   C  100    -81.80   175.89    69.99    85.22  -136.48   -70.74  -157.42
C   C  101    -65.40   167.78    65.51    83.78  -145.96   -71.47  -159.70
C   C  102    -80.64  -175.05    69.74   133.25 -9999.99 -9999.99  -117.80
