The backbone torsional angle for nucleic acid 

 
Note: alpha:   O3'(i-1)-P-O5'-C5'
      beta:    P-O5'-C5'-C4'
      gamma:   O5'-C5'-C4'-C3'
      delta:   C5'-C4'-C3'-O3'
      epsilon: C4'-C3'-O3'-P(i+1)
      zeta:    C3'-O3'-P(i+1)-O5'(i+1)

      chi for pyrimidines(Y): O4'-C1'-N1-C2
          chi for purines(R): O4'-C1'-N9-C4

    (The number -9999.99 means that the angle can not be calculated) 

Ch Res  Num    alpha    beta     gamma    delta  epsilon    zeta     chi
D   G    1  -9999.99   145.43    53.43    85.95  -135.37   -81.16  -177.07
D   G    2    -79.79   178.38    57.09    85.28  -140.41   -85.99  -171.18
D   C    3    -67.34   157.36    67.28    86.56  -168.71   -58.30  -163.28
D   G    4    -94.17  -172.70    61.98    84.36  -160.86   -68.22  -160.15
D   G    5    -72.34   177.08    60.99    80.52  -153.80   -75.18  -165.92
D   C    6    -64.35   165.43    66.75    81.68  -152.57   -75.27  -168.95
D   G    7    -81.09   175.14    68.03    95.79   -25.90  -154.29  -168.20
D   U    8     19.58   130.38    32.63    76.83  -125.46  -135.50  -171.69
D   A    9    -72.09   179.94    64.97    96.61   -70.83  -116.03  -109.32
D   G   10   -166.97  -162.86    58.39    90.17  -151.66   -61.80  -179.06
D   C   11    -66.57  -169.57    50.76    89.41  -150.81   -64.58  -161.92
D   U   12    -79.42  -177.74    46.49    79.26  -172.93   -63.55  -155.38
D   C   13    150.24  -161.57   179.59    83.83  -170.65   -64.60  -177.08
D   A   14    -66.78  -151.89    47.71    82.25  -156.56   -74.39  -164.93
D   G   15    145.29  -149.66   168.27    78.38    64.96  -127.70   179.93
D   C   16   -100.82  -137.79   160.61    90.10  -102.18   -84.39   173.52
D   U   17     25.27   168.23   -73.76    80.03  -174.44    22.72  -177.41
D   G   18     91.06   121.77    60.22    89.12  -152.82   -89.02  -145.80
D   G   19    -48.95  -169.29    58.71    85.64  -149.43  -145.66  -114.93
D   U   20    -69.69   121.07    31.76    74.06    95.84   -53.68   171.57
D   C   20    151.56  -158.94    52.34    84.38    69.67   -50.29  -174.44
D   A   21    140.99   -72.96  -148.58    85.21  -178.95   -88.65  -168.56
D   G   22    169.45  -174.26   174.19    86.33  -131.47   -93.94   178.45
D   A   23    -67.59   167.53    50.15    83.70  -160.18   -71.89  -159.27
D   G   24    -60.88   172.36    46.28    79.00  -129.40   -78.62  -169.16
D   C   25    -52.58   159.29    53.25    82.02  -148.39   -66.85  -172.05
D   G   26    -68.42   175.54    46.95    80.25  -141.41   -64.29  -164.81
D   G   27    -64.16  -177.56    52.08    80.12  -151.68   -76.76  -165.02
D   G   28    -74.29   171.80    56.06    76.84  -153.77   -72.20  -166.48
D   G   29    -56.53   172.16    55.40    78.47  -142.21   -78.33  -170.68
D   A   30    -54.79   161.46    58.42    79.98  -142.54   -80.12  -172.91
D   U   31    -63.07   159.20    58.36    82.95  -167.13   -96.49  -169.64
D   C   32    -58.31   173.50    55.31    85.22  -132.09   -73.51  -171.30
D   U   33    -51.25   157.14    65.72    99.83   156.06  -109.11  -143.05
D   C   34   -129.86  -177.76    55.53    84.91  -145.86   -80.29  -155.59
D   A   35    -51.66   168.95    50.68    92.44  -158.91   -89.52  -122.66
D   U   36    179.30  -167.94    39.52    90.12    -8.39   173.93  -123.09
D   A   37    -51.05   144.08   150.51    93.30  -136.25   149.36  -134.28
D   A   38     53.18  -125.97  -173.38    85.78  -124.05   -67.81  -112.43
D   G   39    -54.19   170.02    55.61    81.90  -139.41   -70.51  -175.33
D   U   40    -61.67   171.52    50.22    82.38  -146.49   -81.13  -163.48
D   C   41    -52.68   162.71    51.98    80.87  -162.76   -63.34  -165.12
D   C   42    -71.46  -175.91    53.10    81.32  -165.11   -64.60  -157.99
D   C   43    -67.40  -177.62    52.10    81.04  -164.02   -73.44  -159.62
D   A   44    -59.83   178.28    47.80    81.61  -137.83   -99.04  -156.66
D   G   45     12.87   131.07     6.34    68.51   102.14    76.37  -138.28
D   G   46   -154.83  -154.08    63.95    88.71  -151.26   -96.32   -79.68
D   U   47     86.84   163.90    58.46    71.37    56.14   173.05   -83.78
D   C   48    -82.82   144.95   163.46    82.09   112.59  -153.86  -162.07
D   G   49     80.81  -172.99    53.53    86.24  -151.22   -77.42  -177.23
D   G   50    -76.92  -168.86    53.52    85.00  -149.93   -79.63  -166.86
D   A   51    -66.28   170.65    57.33    82.23  -146.49   -78.46  -158.03
D   G   52     61.98  -168.38   -87.27    93.62  -165.79   -60.88  -168.03
D   G   53    165.92  -165.20   168.69    85.12  -160.45   -46.58  -174.75
D   U   54    -87.71  -151.11    49.14    81.38  -127.41   -93.43  -165.70
D   U   55    -50.11   139.84    61.16    88.06  -146.64   -29.14  -151.57
D   C   56    155.57   143.91    63.65    82.08  -170.33   -19.64  -168.69
D   G   57    147.29   136.11   170.21    82.07   136.35    32.74  -172.66
D   A   58   -133.93  -138.46    55.97    78.05    84.92    61.10  -119.15
D   G   59    104.67   152.75    48.28    83.00  -140.74   -62.07  -166.45
D   U   60    -67.75   160.95    65.82    84.61   152.25   115.68  -158.27
D   C   61    -68.36  -178.38   -58.53    93.52  -140.45   -83.58  -156.89
D   C   62     60.87  -153.48   -91.44    94.41   156.87    59.36   179.59
D   U   63    -61.85  -101.91   -84.21    96.39  -154.32   -49.64  -147.18
D   C   64    -83.12  -173.20    53.69    82.99  -168.15   -61.80  -159.08
D   C   65    164.47   178.97   170.24    85.21  -137.65   -68.49  -175.09
D   C   66    -50.78   176.65    39.01    79.88  -147.96   -71.18  -174.24
D   G   67    -50.06   172.55    47.03    80.67  -164.77   -78.58  -161.41
D   C   68    155.88  -166.21   167.97    87.72  -144.43   -68.83  -161.06
D   C   69    -59.98   176.08    48.92    79.20  -157.78   -77.22  -161.39
D   G   70    -65.98   177.09    52.09    82.59  -149.35   -71.37  -169.22
D   C   71    -61.89   173.99    51.76    83.21  -145.81   -75.46  -165.56
D   C   72    -59.16   164.79    53.65    83.32  -155.08   -74.54  -156.07
D   A   73    -54.45  -178.70    52.50    74.86 -9999.99 -9999.99   153.03
