The backbone torsional angle for nucleic acid 

 
Note: alpha:   O3'(i-1)-P-O5'-C5'
      beta:    P-O5'-C5'-C4'
      gamma:   O5'-C5'-C4'-C3'
      delta:   C5'-C4'-C3'-O3'
      epsilon: C4'-C3'-O3'-P(i+1)
      zeta:    C3'-O3'-P(i+1)-O5'(i+1)

      chi for pyrimidines(Y): O4'-C1'-N1-C2
          chi for purines(R): O4'-C1'-N9-C4

    (The number -9999.99 means that the angle can not be calculated) 

Ch Res  Num    alpha    beta     gamma    delta  epsilon    zeta     chi
B   G    2  -9999.99   107.75    54.37    78.21  -141.02   -78.54  -173.03
B   G    3    -64.81   162.91    63.31    78.11  -151.72   -78.53  -168.43
B   G    4    -47.01   168.71    42.35    76.64  -168.40   -55.37  -158.66
B   G    5    169.42   175.46   169.66    85.23  -135.86   -70.89  -173.60
B   U    6    -54.57   173.41    47.98    79.45   178.92   -76.42  -157.46
B   A    7   -173.49  -137.50   158.96   118.90   -65.42   -77.57  -158.16
B   U    8    -46.65  -166.02    53.60    83.49  -141.53  -152.92  -162.64
B   C    9   -159.26  -137.23   138.62   102.04   -45.00   -91.72  -127.02
B   G   10   -127.64   138.05    33.96    83.79  -152.13   -68.20  -177.44
B   C   11    -76.75  -168.23    52.00    85.23  -155.12   -78.36  -161.15
B   C   12    137.67  -166.50  -170.46    85.35  -129.83   -60.76  -168.22
B   A   13    -56.53   171.11    54.87    85.08  -167.03   -77.86  -161.49
B   A   14    -76.79   173.64    69.59    80.52  -129.02   -77.44  -166.56
B   G   15    -50.73   154.82    56.45    79.52   140.72    42.65  -139.63
B   C   16    163.38   -96.15    73.03    94.62    22.62   -77.95  -157.19
B   G   18    168.95   154.25   -55.15    90.86   135.19   -84.38  -107.08
B   G   19   -142.47   -96.73   120.33   111.88   -69.45   113.70  -104.75
B   U   20   -154.35   179.38    65.41    87.64    57.47  -103.80  -133.83
B   A   21   -115.02  -162.81  -178.38    87.27  -165.43  -109.44  -151.74
B   A   22    171.82   135.46   174.53    84.90  -123.02   -64.38  -173.47
B   G   23    -53.64   158.37    52.30    78.81  -145.09   -83.81  -173.18
B   G   24    -51.63   160.93    54.36    79.95  -150.50   -71.51  -171.83
B   C   25    -80.90   178.21    65.00    82.75  -147.84   -58.47  -164.53
B   A   26    -71.01   173.28    57.55    80.67  -152.52   -57.94  -165.31
B   C   27    -74.04  -174.91    50.74    80.13  -155.74   -73.89  -153.96
B   C   28    -61.93   176.29    58.00    85.05  -151.49   -18.57  -151.37
B   G   29   -145.21    81.93   152.55    92.03  -114.40  -128.07   172.71
B   G   30     20.84   113.04     9.55    79.90  -169.37   -68.99  -169.13
B   A   31    -77.04  -167.06    56.20    82.11  -154.53   -63.98  -176.52
B   U   32    -67.27  -172.44    52.93    80.19  -154.12   -62.64  -152.94
B   U   33    -66.82   173.56    57.41    87.16  -120.42  -114.03  -155.45
B   C   34     65.47  -153.63    61.48    97.45   -19.55   137.09  -146.90
B   U   35    -92.41  -169.95    64.68   105.60  -118.03   -41.67  -120.18
B   G   36    -78.80   -97.46   154.24   103.65   -22.26   -81.11  -120.42
B   A   37    -39.10   176.86    59.63    82.72  -151.78   -53.65   179.14
B   U   38    -69.84  -173.99    50.03    85.55  -154.87   -55.54  -161.87
B   U   39    -76.81  -170.80    49.76    87.60  -162.66   -59.03  -165.40
B   C   40    -83.02  -163.03    57.40    88.74  -165.60   -63.89  -159.85
B   C   41    -64.95  -168.23    33.06    83.61  -142.12   -89.77  -159.44
B   G   42    -50.87   146.37    53.61    78.82  -164.08   -65.79  -173.44
B   G   43    -56.30  -166.55    44.06    82.69  -149.06   -82.47  -151.72
B   C   44    121.68  -147.82  -164.06    86.85   -82.33  -152.06  -163.10
B   A   45    -72.14  -157.52    69.44    86.08    47.74   153.11   -94.13
B   U   46     28.25  -124.87   -62.48    78.50  -120.90  -177.72  -112.25
B   U   47    -86.90   103.98    47.58    83.32  -164.27  -132.47   138.17
B   C   48    -31.19   139.06    62.48   105.29  -152.64   110.88  -145.61
B   C   49     51.76   177.01    32.38    88.00  -150.75   -64.77  -167.36
B   G   50    -65.48  -172.18    50.12    81.47  -160.75   -69.28  -157.17
B   A   51    -59.07   179.99    41.43    82.54  -173.56   -80.05  -146.81
B   G   52    147.87  -146.86   174.97    83.83  -144.88   -54.23   178.45
B   G   53   -173.59   158.33   158.34    84.45  -117.40   -86.87   176.57
B   U   54    -54.21   154.49    51.31    79.65  -129.17   -72.85  -169.19
B   U   55    -60.60   171.76    48.01    77.35  -136.58   -89.49  -150.80
B   C   56    150.96  -172.28    66.87    82.13  -134.74   -74.65   178.99
B   G   57    -63.12   162.78    56.10    83.58  -141.73   -66.78  -164.67
B   A   58    -85.73  -116.78    60.08    99.12     7.51   102.96   -83.42
B   A   59     67.08  -175.98    48.51    89.18  -162.57   -84.02  -167.78
B   U   60    157.83  -101.56   154.11    98.24   -93.36   -55.39  -168.24
B   C   61   -124.15  -144.61    64.98    85.02  -157.84   -70.61  -168.20
B   C   62    -60.10  -173.20    48.25    88.91  -154.83   -46.87  -160.12
B   U   63   -144.52   126.09   141.59    86.56  -113.24  -105.73  -177.31
B   C   64     -1.89   127.58    14.26    77.51  -170.35   -86.75  -155.25
B   G   65    152.69  -153.24   179.36    87.41  -138.50   -67.84   173.73
B   U   66    -61.29   174.67    49.22    80.87  -156.88   -71.77  -166.46
B   A   67    -66.52  -179.59    49.43    83.43  -155.60   -71.78  -150.72
B   C   68    -70.20   165.91    62.31    81.89  -148.98   -79.57  -158.36
B   C   69    -50.64   171.37    39.79    83.42  -162.22   -65.99  -162.33
B   C   70    -69.84  -174.41    53.54    85.22  -150.21   -76.07  -159.27
B   C   71    -58.64   179.09    42.22    87.91  -146.61   -78.67  -144.45
B   A   72    -78.12  -159.83    56.90    84.46  -153.24   113.03  -167.97
B   G   73     48.58   134.81   162.15   116.10   -97.02  -135.93    35.30
B   C   74     39.01  -139.14    87.38   114.73  -156.17    77.41  -139.12
B   C   75     76.22   108.02   178.52    86.15  -140.73   -69.64  -157.25
B   A   76    -67.47   161.52    62.75    86.22 -9999.99 -9999.99  -147.53
