PDB data file name: tRNA_dataset/1qrt_chain_B.pdb_new
-----------------------------------------------------------
CRITERIA USED TO GENERATE BASE-PAIR: 
  3.40 --> upper H-bond length limits (ON..ON).
 26.00 --> max. distance between paired base origins.
  2.50 --> max. vertical distance between paired base origins.
 65.00 --> max. angle between paired bases [0-90].
  5.40 --> min. distance between RN9/YN1 atoms.
  8.00 --> max. distance criterion for helix break[0-12]
-----------------------------------------------------------
BASE-PAIR INSTRUCTIONS: 
Column 1 is rnaview assigned base numbers n1_n2, start from 1.
Column 2 & 3 are chain ID & residue number in input PDB file.
Column 4 is for base pair. The left & right are the bases as 
         identified by column 2 & 3 and 5 & 6.
Column 5 & 6 are residue number & chain ID in input PDB file.
Column 7 is for base pair annotation. The standard Watson-Crick
         (W.C.) pairs are annotated as -/- (AU,AT) or +/+ (GC).
         Other pairs are annotated as Leontis_Westhof Classification.
         The three edges: W(Watson-Crick); H(Hoogsteen); S(suger).
         e.g. W/H means the pair is edge of Watson-Crick & Hoogsteen.
Column 8 is glycosidic bond orientation (either cis or trans).
         e.g. 'W/H cis' means the pair is interaction on Watson-Crick
         and Hoogsteen side, glycosidic bond orientation is 'cis'.
Column 9 corresponds to Saenger Classification.

Other columns: 
        Syn sugar-base conformations are annotated as (syn).
        Stacked base pairs are annotated as (stack).
        Non-identified edges are annotated as (.) or (?)
        Tertiary interactions are marked by (!) in the line.
Reference:
Yang et al (2003) Nucleic Acids Research, Vol31,No13,p3450-3461.
-----------------------------------------------------------
BEGIN_base-pair
     6_64, B:     7 A-U    66 B: -/- cis         XX
    29_37, B:    31 A-U    39 B: -/- cis         XX
    49_61, B:    51 A-U    63 B: -/- cis         XX
    10_22, B:    11 C-G    24 B: +/+ cis         XIX
    11_21, B:    12 C-G    23 B: +/+ cis         XIX
    25_41, B:    27 C-G    43 B: +/+ cis         XIX
    26_40, B:    28 C-G    42 B: +/+ cis         XIX
    47_63, B:    49 C-G    65 B: +/+ cis         XIX
     1_69, B:     2 G-C    71 B: +/+ cis         XIX
     2_68, B:     3 G-C    70 B: +/+ cis         XIX
     3_67, B:     4 G-C    69 B: +/+ cis         XIX
     4_66, B:     5 G-C    68 B: +/+ cis         XIX
     9_23, B:    10 G-C    25 B: +/+ cis         XIX
    17_54, B:    19 G-C    56 B: +/+ cis         XIX
    27_39, B:    29 G-C    41 B: +/+ cis         XIX
    28_38, B:    30 G-C    40 B: +/+ cis         XIX
    48_62, B:    50 G-C    64 B: +/+ cis         XIX
    50_60, B:    52 G-C    62 B: +/+ cis         XIX
    51_59, B:    53 G-C    61 B: +/+ cis         XIX
     5_65, B:     6 U-A    67 B: -/- cis         XX
    24_42, B:    26 A-C    44 B: W/W cis         n/a
    12_43, B:    13 A-A    45 B: W/W tran        I
    14_46, B:    15 G-C    48 B: W/W tran        XXII
     7_13, B:     8 U-A    14 B: W/H tran        XXIV
    52_56, B:    54 U-A    58 B: W/H tran     syn  XXIV
    13_19, B:    14 A-A    21 B: W/S cis         n/a
    16_53, B:    18 G-U    55 B: W/S tran        n/a
     8_21, B:     9 C-G    23 B: H/H tran        n/a
    12_20, B:    13 A-A    22 B: S/H tran        n/a
END_base-pair

Summary of triplets and higher multiplets
BEGIN_multiplets
7_13_19_| [1 3]  B: 8 U  +  B: 14 A  +  B: 21 A
8_11_21_| [2 3]  B: 9 C  +  B: 12 C  +  B: 23 G
12_20_43_| [3 3]  B: 13 A  +  B: 22 A  +  B: 45 A
END_multiplets

  The total base pairs =  29 (from   74 bases)
------------------------------------------------
 Standard  WW--cis  WW-tran  HH--cis  HH-tran  SS--cis  SS-tran
       20        1        2        0        1        0        0
  WH--cis  WH-tran  WS--cis  WS-tran  HS--cis  HS-tran
        0        2        1        1        0        1
------------------------------------------------
