The backbone torsional angle for nucleic acid 

 
Note: alpha:   O3'(i-1)-P-O5'-C5'
      beta:    P-O5'-C5'-C4'
      gamma:   O5'-C5'-C4'-C3'
      delta:   C5'-C4'-C3'-O3'
      epsilon: C4'-C3'-O3'-P(i+1)
      zeta:    C3'-O3'-P(i+1)-O5'(i+1)

      chi for pyrimidines(Y): O4'-C1'-N1-C2
          chi for purines(R): O4'-C1'-N9-C4

    (The number -9999.99 means that the angle can not be calculated) 

Ch Res  Num    alpha    beta     gamma    delta  epsilon    zeta     chi
D   G  501  -9999.99   176.13    45.24    88.92  -145.68   -76.49  -168.65
D   G  502    -66.64   179.78    47.59    83.95  -144.64   -68.09  -162.09
D   C  503    -62.82   170.60    47.06    83.47  -151.42   -72.71  -155.55
D   C  504    -64.16   173.29    51.19    80.73  -154.48   -75.64  -157.91
D   C  505    -61.97   175.78    51.64    79.36  -159.16   -65.01  -154.55
D   C  506    -65.76   175.40    57.70    83.48  -165.43   -67.25  -163.38
D   A  507    -55.99  -163.78    47.56   109.94    67.62   137.55  -119.09
D   U  508    -79.60  -171.41    36.58    84.92  -136.91   -81.24  -148.79
D   C  509   -162.06   124.66   176.27   132.82   -80.67   -65.25  -110.15
D   G  510    178.04  -178.42    58.09    90.14  -147.57   -68.06  -175.92
D   U  511    -66.53  -177.26    48.28    81.95  -155.45   -72.16  -166.11
D   C  512    -63.27  -175.50    43.69    80.54  -157.88   -53.40  -158.61
D   U  513    158.91  -170.23  -178.80    80.84  -150.38   -83.73  -174.65
D   A  514    -52.72   177.69    48.72    81.57  -144.45   -56.28  -167.22
D   G  515    -55.36   168.50    58.78   127.57  -134.45   -56.47  -122.66
D   C  516   -175.62  -153.65   176.39    84.77  -119.92   125.25  -159.71
D   G  518     76.16   179.42   -44.27   111.77    54.70    62.41   -94.85
D   G  519   -143.13  -120.73    52.19   116.80    80.48   132.80   -62.45
D   U  520    -48.01   139.65    35.66    86.07  -123.15   -87.00  -117.51
D   U  520    141.54  -174.15    62.92    86.38  -129.14   -76.06  -149.92
D   A  521     95.87   131.91    79.33    80.12  -124.29  -160.54  -169.14
D   G  522    -65.65   141.14    42.92    77.87  -148.73   -82.43  -170.22
D   G  523    -44.53   168.93    48.19    82.87  -153.76   -68.07  -168.11
D   A  524    -70.57   178.29    51.35    81.51  -156.41   -72.49  -168.47
D   C  525    -66.39  -178.63    52.57    86.56  -145.80   -60.65  -166.71
D   G  526    -70.86   176.26    49.65    82.89  -153.04   -61.91  -163.48
D   C  527    -72.46  -175.94    51.32    79.47  -143.99   -77.28  -160.93
D   G  528    -56.20   172.33    43.63    79.27  -153.51   -72.45  -164.86
D   G  529    -67.39   173.54    56.10    80.61  -149.97   -73.65  -170.75
D   C  530    -62.84   171.65    56.80    85.82  -153.28   -69.85  -164.92
D   C  531    -69.74   172.17    60.31    82.35  -142.60   -68.91  -162.97
D   C  532    -64.81   168.49    52.56    86.41  -118.92   -69.47  -159.08
D   U  533    -70.19   159.74    59.65    85.15  -159.46   -90.57  -146.26
D   C  534    158.09   171.29    48.30    87.66  -147.23  -104.10  -161.41
D   U  535    -54.39   165.35    53.81    85.58  -141.84   -71.53  -165.49
D   C  536    -62.25   164.75    52.12    81.84  -161.03   -72.69  -151.64
D   A  537    138.57  -155.09  -173.12    82.68  -137.36   -62.36  -176.35
D   A  538    -61.49   170.72    48.86    85.79  -143.64   -60.31  -164.80
D   G  539    -67.12   172.84    50.26    80.57  -150.36   -74.62  -164.10
D   G  540    -57.36   171.92    48.08    79.43  -148.82   -72.60  -166.04
D   C  541    -60.70   171.73    51.30    80.51  -152.65   -69.84  -160.79
D   C  542    -67.54   171.11    58.83    80.20  -152.04   -71.22  -166.12
D   G  543    -55.90   170.03    54.21    80.09  -151.35   -84.61  -164.97
D   A  544    -61.85   168.37    52.50    80.45  -141.16   -59.20  -157.43
D   A  545    -69.59  -179.47    48.47    79.68  -129.30  -113.79  -148.98
D   A  546    -47.06   173.59    52.34    84.12  -143.18   -71.97  -127.08
D   C  548    -83.20   106.73   168.59   134.18  -146.29    65.39  -129.04
D   G  549     52.22   147.59    39.08    82.82  -147.46   -71.85  -178.40
D   G  550    -57.70  -175.85    45.32    81.47  -157.60   -69.10  -159.67
D   G  551    -61.94   176.37    47.69    82.84  -164.97   -87.39  -163.00
D   G  552    163.80  -151.64   161.31    83.86  -106.54   -85.20   178.88
D   G  553    -74.44   130.86    90.98    81.82  -131.27   -83.96   166.40
D   U  554    -51.19   169.70    39.06    81.26  -118.56   -75.51  -169.32
D   U  555    -56.47   159.49    54.39    79.81  -142.23   -66.64  -151.20
D   C  556    163.16   163.76    53.88    83.25  -133.45   -69.54  -157.16
D   G  557    -67.22   172.54    48.54    82.69  -142.35  -161.19  -163.96
D   A  558    146.17   -99.33  -166.65   105.10    87.66    84.14  -125.10
D   U  559     72.18   173.79    50.03    88.39  -150.39   -55.83  -169.62
D   U  560    -69.90   176.62    63.80   128.24   -86.67   -82.86  -130.43
D   C  561    -89.68  -174.36    45.21    84.03  -154.70   -71.39   175.57
D   C  562    -72.30  -168.95    49.97    84.26  -160.98   -71.74  -158.64
D   C  563    -68.63  -175.07    50.14    83.90  -157.47   -75.70  -163.18
D   C  564    -59.15   166.15    52.19    80.58  -147.33   -75.02  -166.68
D   C  565    -48.92   161.63    52.15    84.83  -170.94   -52.16  -169.15
D   U  566    -83.78  -163.84    50.56    81.29  -155.52   -62.82  -155.14
D   G  567    -61.23   175.93    44.16    77.44  -155.80   -68.23  -165.84
D   G  568    -62.04   178.92    49.54    79.45  -152.77   -72.21  -169.28
D   G  569    -53.98   169.15    49.56    83.40  -160.21   -74.15  -173.07
D   G  570    -52.34   173.76    48.83    86.13  -153.67   -69.58  -166.27
D   U  571    -59.42   167.85    53.31    84.16  -172.33   -86.34  -165.23
D   C  572    174.27  -144.13   145.28    80.10  -125.17   143.76  -162.62
D   A  573    -89.53  -122.49  -147.90   114.70    66.73   113.45  -145.59
D   C  574     16.00  -154.08    31.52   112.75   103.25  -169.19  -103.72
D   C  575    -29.26  -174.12   -78.22    76.50  -179.21   -81.28  -137.03
D   A  576    164.12  -135.77   148.19    78.15 -9999.99 -9999.99  -162.80
