The backbone torsional angle for nucleic acid 

 
Note: alpha:   O3'(i-1)-P-O5'-C5'
      beta:    P-O5'-C5'-C4'
      gamma:   O5'-C5'-C4'-C3'
      delta:   C5'-C4'-C3'-O3'
      epsilon: C4'-C3'-O3'-P(i+1)
      zeta:    C3'-O3'-P(i+1)-O5'(i+1)

      chi for pyrimidines(Y): O4'-C1'-N1-C2
          chi for purines(R): O4'-C1'-N9-C4

    (The number -9999.99 means that the angle can not be calculated) 

Ch Res  Num    alpha    beta     gamma    delta  epsilon    zeta     chi
B   G    1  -9999.99  -169.96    63.07    87.60  -137.98   -71.02   177.67
B   G    2    -69.18  -179.08    54.16    84.48  -144.23   -73.16  -165.78
B   A    3    -72.78   167.63    57.91    81.65  -144.14   -67.74  -168.42
B   G    4    -66.31   163.63    70.59    76.99  -158.31   -79.06  -168.43
B   A    5    -75.32   167.98    59.08    77.80  -150.79   -74.65  -166.99
B   G    6    -69.88   167.77    65.31    81.51  -142.64   -63.95  -171.17
B   G    7    -73.16   161.02    74.98    73.22   174.27   -82.58  -170.28
B   A    8   -155.29  -129.35    98.86    76.20  -157.00   -81.44  -164.75
B   G    9    -65.92   163.81    63.04    84.73  -146.66   -76.89  -163.91
B   C   10    -66.20   164.63    60.14    81.20  -142.93   -73.81  -154.89
B   A   11    -64.09   160.49    73.95   136.71  -145.95   113.18  -132.87
B   G   12     73.97  -113.03   -83.46    89.14  -109.88  -123.03  -177.09
B   G   13    -58.71   121.58    76.61    84.51  -125.73   -82.37  -154.41
B   C   14    -76.26   168.32    55.17    85.40  -153.46   -76.41  -153.37
B   G   15    -72.70   170.47    52.21    83.21  -146.54   -37.84  -166.51
B   G   16   -144.82   106.55   152.90    92.59  -107.04   -90.02   168.52
B   U   17    -88.13  -177.83    63.53    82.76  -154.72   -78.06  -148.88
B   C   18    164.08  -157.50   165.42    86.02  -146.50   -63.51  -153.09
B   G   19    -74.34   178.45    54.18    81.96  -146.65   -95.38  -157.70
B   C   20     96.60  -154.11  -128.99    95.61  -139.65   -70.36  -158.23
B   G   21    -73.32  -176.47    39.18    78.66  -151.45   -78.49  -170.35
B   G   22    -65.41   170.70    61.21    88.92  -156.06   -74.26  -165.85
B   G   23    147.84  -171.39   175.77    89.27  -132.66   -68.79  -177.92
B   G   24    -65.87   165.98    56.82    77.74  -144.74   -74.59  -168.21
B   G   25    -68.51   164.38    58.47    81.13  -141.11   -74.29  -163.23
B   C   26    -63.34   157.06    67.77    79.79  -152.62   -75.53  -155.29
B   G   27    -66.00   175.33    56.03    86.20  -133.24   -69.02  -160.34
B   C   28    121.35  -157.31  -158.74    77.21  -148.70   -74.60  -153.29
B   A   29    -67.62   171.95    46.30    75.13  -112.26   -41.20  -168.55
B   C   30    -92.30    96.42  -164.07    81.60  -154.32    77.82  -156.07
B   A   31    -79.12  -102.01    88.34    80.55  -117.03   -55.35    73.39
B   C   32    176.03   152.41   172.29    81.68  -132.93   -64.11  -149.50
B   C   33    -68.02   162.94    63.02    82.85  -143.74   -67.33  -151.49
B   U   34    136.36  -104.84  -176.35    86.36  -145.92   -78.75  -150.01
B   G   35    -68.38   171.20    53.91    83.79  -132.94   -47.41  -158.52
B   C   36   -133.67   102.53   149.37    89.00  -142.08   -70.15  -162.30
B   G   37    -73.19   168.77    61.03    85.07  -147.49   -70.04  -175.85
B   C   38    -68.14  -176.06    66.94   135.16 -9999.99 -9999.99  -130.53
B   U   40  -9999.99   106.91  -176.64    89.26  -116.54   -92.59  -174.65
B   C   41    -77.54   165.11    54.81    83.51  -148.57   -74.07  -157.78
B   C   42    -67.29   173.83    53.59    81.08  -142.73   -77.08  -156.58
B   C   43    -66.59   162.69    62.85    84.20  -142.84   -67.58  -151.76
B   G   44    -68.69   170.97    48.16    66.91  -154.19  -129.53  -165.37
B   A   45     23.30  -117.25   -44.42   130.61  -130.47  -125.52    40.99
B   G   46    -56.12   157.70    62.62    88.62  -101.37   -96.21  -169.06
B   G   47    -75.75    85.16   153.79   131.99  -153.25  -175.71    15.00
B   A   48     54.45   -35.42  -113.17    89.07  -132.70   -92.67  -164.26
B   A   49    107.69   153.53   165.19    89.76  -157.31     2.97  -133.92
B   A   50   -156.64   -96.12    52.51    85.44    57.08    94.18   176.38
B   G   51   -135.01   165.82    38.17    86.00  -131.52   -58.79  -146.35
B   U   52    -78.06   171.83    91.38   142.17   -65.10    95.58  -131.43
B   C   53    177.23  -134.01    60.39    80.53  -152.34   -74.17  -157.77
B   C   54    157.45  -174.76   173.26    84.23  -141.89   -68.25  -162.20
B   G   55    -67.52   166.93    56.49    76.14  -142.97   -31.06  -171.16
B   G   56   -139.50    92.89   165.69    95.86  -136.30   -69.56  -177.13
B   A   57    -68.28   166.28    55.62    83.34  -131.59   -66.10  -167.90
B   C   58    -67.63   165.40    56.24    86.54  -157.53   -82.37  -152.42
B   U   59    165.42  -165.33   160.52    85.00  -120.17   -86.53  -173.14
B   C   60    -81.02   152.99    65.26    85.81  -156.42   -68.55  -171.89
B   U   61    -80.07  -170.89    50.78    84.50  -123.51   -57.40  -167.03
B   G   62    152.06   113.43    67.19    78.45  -157.89   -78.54  -175.93
B   G   63    -65.51  -177.49    56.71    77.28  -148.88   -74.24  -166.85
B   A   64    -68.54   166.69    58.23    78.56  -152.13   -77.65  -161.99
B   G   65    -68.15   164.40    61.92    82.52  -148.20   -71.40  -167.78
B   C   66    -70.50   163.28    66.32    80.12  -147.16   -68.41  -163.66
B   G   67    -71.77   162.29    67.13    85.58  -141.09   -59.57  -170.21
B   G   68    -70.54   165.30    59.90    82.88  -142.42   -75.01  -171.68
B   G   69    -61.93   162.94    57.37    78.98  -145.56   -74.15  -169.06
B   G   70    -62.99   168.17    56.03    80.65  -144.75   -76.40  -169.13
B   U   71    -64.19   166.90    57.30    77.68  -136.30   -68.74  -160.19
B   G   72    -59.78   168.45    68.87   134.54   -93.22  -162.34  -124.19
B   C   73     42.56   169.52    34.74    95.06  -126.16   -77.03  -167.66
B   C   74    -63.95   160.67    59.42    79.92  -148.96   -74.20  -160.00
B   G   75    -68.30   166.07    59.16    79.81  -147.51   -38.70  -170.34
B   G   76   -141.72   112.74   152.14    94.01  -134.51   -63.79   176.98
B   G   77    -67.61   174.51    51.46    77.63  -127.98   -76.90  -162.27
B   U   78    -60.38   160.06    60.79    87.09  -136.50   -64.41  -127.96
B   A   79    170.39   162.02    45.76    91.44  -139.28   -72.90  -167.00
B   A   80    -69.60   164.03    62.59    86.40  -150.14   -77.37  -158.36
B   C   81    -70.44   165.67    61.76    83.04  -151.50   -69.83  -147.61
B   G   82   -166.86   129.08    63.37   132.91   -92.57   -62.16  -130.09
B   C   83    -71.04  -177.78    50.72    89.22  -144.34   -72.48  -163.69
B   C   84    -70.83   174.14    54.78    83.80  -146.91   -73.60  -155.04
B   C   85    -68.59   169.27    56.72    80.75  -147.67   -72.92  -157.14
B   G   86    -69.85   167.36    57.16    80.28  -147.66   -72.42  -168.14
B   G   87    -69.81   164.80    59.48    81.20  -154.74   -77.97  -168.64
B   G   88    -64.89   173.71    57.51    81.78  -156.90   -84.40  -167.81
B   A   89    163.89  -162.09   160.59    90.53  -127.93   -74.04  -169.06
B   G   90    -66.49   164.31    51.73    78.78  -145.70   -71.67  -167.15
B   G   91    -67.24   167.08    58.30    77.48  -153.84   -78.59  -164.69
B   G   92    -66.23   164.86    59.66    80.21  -139.86   -74.09  -162.54
B   G   93    -69.22   170.18    46.82    78.25  -136.55   -54.98  -160.74
B   U   94    156.67   141.14    60.79    89.24  -135.06   -65.66  -146.52
B   G   95    -71.16   167.30    62.17    87.05  -140.94   -93.11  -140.55
B   A   96    -68.80   153.05    65.32    86.04  -142.20   -50.15  -133.92
B   C   97    154.18  -148.93   168.30    88.28  -148.22   -75.78  -159.30
B   C   98    -69.58   166.72    62.51    86.08  -147.85   -77.22  -151.68
B   C   99    -68.82   166.70    60.32    82.42  -147.33   -73.01  -153.80
B   U  100    -68.89   175.77    51.39    84.38  -131.75   -96.31  -155.50
B   C  101    -52.08   152.31    66.39   138.71  -101.48  -133.86  -125.50
B   G  102    -42.56  -164.65    70.92    85.86  -133.92   -77.28  -175.68
B   G  103    -65.01   168.19    56.22    87.40  -130.29   -73.08  -169.49
B   A  104    -59.82  -162.67    73.56   134.62  -148.17    55.01   -99.56
B   C  105     53.06    88.08   179.34    85.12  -151.60  -130.98  -155.34
B   A  106   -152.96   158.60   -54.38    94.62  -143.21   -69.56  -169.39
B   G  107    -73.63   160.33    78.89    82.66  -153.97   -72.66  -160.86
B   G  108    -71.63   167.54    61.83    77.48  -142.26   -67.30  -173.75
B   G  109    -69.20   165.87    63.33    81.57  -149.01   -76.19  -170.41
B   C  110    -66.95   171.83    56.48    83.91  -154.78   -81.17  -154.80
B   C  111    160.04  -166.86   162.35    90.49  -129.12   128.72  -164.52
B   A  112    -66.84   143.16    48.55    85.41  -114.97   -64.19  -173.95
B   U  113    -65.89   160.58    58.59    82.53  -130.45   -66.65  -153.31
B   A  114    -67.03   163.66    55.26    82.94  -132.32   -64.76  -160.94
B   G  115    -66.95   167.63    55.33    81.58  -134.89   -83.36  -154.08
B   A  116    162.64   176.28    52.75    88.48  -144.05   -72.58  -164.89
B   G  117    -69.35   167.10    60.47    88.81  -144.71   -72.76  -147.21
B   A  118    -70.62  -131.46    56.04   135.50  -144.68   147.19   -63.84
B   A  119    -98.61   161.68    47.27   149.67   -84.99   118.64  -117.40
B   G  120     56.85  -105.42   -69.14   121.91    59.97    78.75   -77.85
B   A  121   -144.38  -161.87   -56.91   135.76   -90.46    50.00  -137.85
B   A  122   -178.63  -129.65    78.17    82.98  -142.04   -75.81  -133.42
B   G  123    -65.29   167.56    57.16    89.12  -149.59  -101.40  -125.10
B   A  124    -66.70   174.58    61.43   138.72   -74.87    97.32   -87.29
B   C  125    173.59  -136.63    60.74    80.02  -149.03   -74.89  -154.38
B   C  126    -68.52   176.06    51.16    81.60  -138.69   -63.30  -155.46
B   G  127    116.63  -145.07  -146.35    91.21  -129.45   -79.40  -169.63
B   C  128    -72.23   175.23    51.47    84.77  -135.04   -81.92  -150.67
B   C  129    -71.82   160.69    62.85    80.51  -152.96   -79.16  -153.24
B   C  130    -68.11   170.54    62.25    80.06  -146.36   -73.00  -155.93
B   G  131    -69.41   172.94    54.40    78.97  -143.28   -43.49  -161.16
B   G  132   -146.01   114.05   149.17    92.13  -141.69   -70.66  -171.26
B   G  133    -71.51  -176.06    42.65    81.10  -144.31   -67.97  -164.97
B   G  134    -64.62   165.88    58.73    71.03  -145.16   -79.78  -179.00
B   G  135    -62.73   164.33    58.35    78.89  -136.20   -69.62  -163.94
B   G  136    -66.24   167.13    49.53    78.48  -133.17   -64.04  -164.18
B   A  137    164.77   144.44    52.24    90.62  -128.70   -78.66  -161.39
B   A  138    -70.84   151.23    68.84    90.15  -165.24   -83.31  -151.95
B   A  139    170.95  -142.40   137.32    88.31  -125.45   -46.80  -155.83
B   C  140    -70.42   152.75    73.42    78.02  -157.04   -75.62  -156.00
B   U  141    -65.76   164.72    66.29    86.41  -142.86   -70.02  -162.06
B   U  142    -66.35   161.40    57.14    74.25  -136.86   -92.91  -159.04
B   C  143    -65.77   157.65    55.59    78.00  -149.10   -78.34  -150.17
B   C  144    -66.56   163.87    60.61    79.81  -146.34   -73.81  -152.68
B   G  145    -71.40   166.33    59.13    75.91  -144.12   -66.92  -172.80
B   G  146    -63.70   167.84    64.54    76.85  -157.13   -72.05  -164.95
B   G  147    -87.25   166.11    74.27    73.18  -146.21   -66.03  -178.94
B   C  148    -63.43  -155.74    27.67    68.24    72.00    89.74  -136.10
B   A  149   -175.70   145.41   106.29   139.21   -73.10    94.33   -97.06
B   A  150     50.99   169.88  -172.19    84.90  -121.47  -129.61   179.64
B   G  151     34.69   117.94    15.77    82.91  -142.75   -71.59  -175.14
B   G  152    -67.61   168.11    61.15    83.44  -140.53   -70.73  -174.66
B   G  153    -70.33   165.06    59.41    82.38  -139.54   -63.14  -167.98
B   U  154    -71.28   179.30    55.40    81.11  -115.01   -46.15  -154.08
B   G  155   -119.31    89.65   154.27    91.88  -124.66   -49.49  -155.54
B   G  156    175.62   149.16    44.45    93.57  -161.30   -85.96  -144.23
B   A  157    158.88  -144.59   152.00    86.19  -117.44   -63.55  -155.48
B   A  158    -69.80  -138.41    45.16   133.51   -81.05   103.30   -72.56
B   C  159   -136.92  -114.23    20.16   149.40  -147.10   132.15  -114.31
B   G  160   -122.02   100.19  -178.98    90.31  -147.49   -72.52   170.25
B   G  161    -68.60  -164.30    50.69    87.21  -153.49   -83.46  -157.35
B   U  162    159.87  -152.92   158.07    87.60  -141.33   -66.07  -155.02
B   G  163   -130.50   179.25    92.23    80.71  -151.02   -75.10  -164.13
B   G  164    -68.46   165.01    58.74    80.54  -151.48   -75.35  -167.35
B   G  165    -69.35   165.78    61.39    80.54  -142.27   -61.71  -172.86
B   G  166    -73.95   166.80    61.86    87.60  -114.81   -48.62  -164.77
B   U  167   -112.44    88.56   160.71    92.68  -103.76   -43.03   168.56
B   A  168    156.30   146.94    50.16    93.30  -126.59   -68.05  -149.43
B   A  169    -76.10   160.76    57.81    81.03  -146.01   -60.33  -161.77
B   G  170    104.34  -172.39  -131.10    83.97  -164.89   -90.28  -157.77
B   A  171    159.13  -149.91   159.16    82.55  -119.90   -38.73  -172.95
B   G  172   -176.66   126.61   -55.36   153.42   -75.17    92.40   100.73
B   C  173    129.45  -173.98    49.75    87.06  -140.79   -73.80  -157.74
B   C  174    -69.29   170.80    54.89    83.91  -146.19   -70.77  -155.66
B   C  175    -71.95   166.64    55.79    73.36  -151.98   -75.54  -157.13
B   A  176    -67.98   168.98    56.17    78.80  -113.90   -96.94  -166.27
B   C  177    -68.82   141.44    64.25    78.44  -140.54   -65.42  -156.65
B   C  178    -67.22   168.01    67.35    74.31  -143.81   -73.15  -154.33
B   A  179    -68.86   167.06    52.59    77.61  -145.18   -71.82  -167.01
B   G  180    -68.48   166.43    60.08    78.63  -147.05   -74.44  -166.52
B   C  181    -67.63   163.09    63.39    82.25  -147.74   -74.91  -154.63
B   G  182    -66.18   168.45    57.10    80.50  -148.36   -79.78  -163.74
B   U  183    139.61  -158.15  -176.42    89.26  -140.52   -75.64  -160.25
B   C  184    -70.40   171.32    51.55    81.83  -145.90   -71.19  -153.44
B   G  185    -71.20   164.39    56.45    74.98  -152.73   -74.82  -167.08
B   G  186    -67.54   171.89    57.08    78.50  -149.61   -75.03  -166.87
B   G  187    -67.61   169.26    57.15    82.05  -141.34   -41.97  -164.66
B   G  188   -151.61   117.67   152.05    93.40  -109.22   -47.09  -170.05
B   C  189    143.03   150.89    49.45    87.24  -128.37   -67.32  -151.65
B   A  190    -66.77   157.90    72.81    92.44  -172.11   -96.88  -149.31
B   A  191   -168.54  -120.11   110.95    82.45  -124.03   -53.87  -138.79
B   C  192    -60.06   149.31    75.91    85.97  -155.97   -80.65  -157.77
B   C  193    -68.76   163.90    67.00    84.38  -144.88   -73.29  -152.89
B   C  194    -70.67   174.84    48.43    79.46  -145.67   -77.40  -152.54
B   G  195    -69.31   164.97    58.33    77.53  -151.20   -74.68  -166.21
B   G  196    -66.30   167.68    61.16    77.37  -148.77   -72.52  -172.23
B   C  197    -67.61   170.53    55.23    78.64  -140.04   -72.69  -157.43
B   G  198    -64.89   167.42    63.47    82.06  -143.73   -68.21  -157.26
B   G  199   -117.88    82.47   169.80    86.01  -141.16    40.96   179.03
B   C  200   -123.57    84.81  -177.95   139.59  -137.24  -116.65   157.98
B   U  201   -135.85  -168.13    48.05    84.15  -161.72  -150.06  -161.38
B   U  202     70.03  -128.83   168.32    80.46  -145.73  -118.51    77.20
B   G  203    161.71    74.88   165.25    89.46  -141.17   -72.43  -165.66
B   G  204    -69.96   168.42    57.44    83.63  -146.73   -72.08  -166.15
B   C  205    -67.62   167.71    63.65    86.96  -130.74   -61.38  -153.23
B   A  206    179.38   177.99   174.88    88.75  -110.10   142.46  -140.57
B   A  207    -54.61  -163.55   175.84    97.42  -130.87   134.98  -147.32
B   C  208    -62.54  -168.66  -167.24    80.42  -150.62   -76.84  -155.20
B   C  209    -67.73   166.73    62.66    79.94  -125.07   -53.79  -165.18
B   C  210    -66.21   145.26    92.60    83.86  -133.34   -74.96  -163.63
B   C  211    -79.69   171.78    58.14    84.57  -146.18   -69.93  -157.65
B   C  212    -69.58   169.55    54.23    80.93  -144.27   -73.18  -150.25
B   A  213    -70.30   167.93    49.70    76.64  -148.09   -77.19  -159.81
B   C  214    -67.80   162.98    62.67    79.38  -144.21   -72.54  -153.59
B   C  215    -67.71   164.80    63.79    75.78  -147.87   -69.63  -160.85
B   U  216    -65.74   168.24    60.14    79.21  -148.87   -77.74  -157.99
B   G  217    -62.90   176.96   168.72    97.37  -130.25   -61.82   176.81
B   G  218    -67.34   164.59    68.08    81.26  -129.91   -37.97  -163.24
B   A  219   -123.44    86.21   150.13    99.75   -90.29   -35.30   173.43
B   G  220   -112.23    71.34   165.41   101.06  -164.64   -88.66  -172.47
B   C  221    121.19   161.51  -107.92   134.14  -148.95   153.23  -164.31
B   A  222     37.36  -129.98    77.10   136.94   -93.02   -65.27   -97.31
B   A  223    -93.35  -140.93    72.52    85.26  -115.21   -56.48  -153.57
B   G  224    -72.71   144.62    86.33    78.68  -145.16   -72.99  -168.52
B   G  225    -75.87   166.16    62.08    73.13  -147.75   -70.56  -174.72
B   C  226    -67.67   168.60    62.41    73.09  -152.27   -74.02  -159.28
B   C  227    -69.15   164.85    61.28    78.95  -153.43   -73.98  -164.44
B   A  228    -68.92   166.27    61.47    83.09  -146.13   -67.06  -170.92
B   A  229    -67.75   167.87    62.35    79.06  -143.33   -71.87  -163.50
B   G  230    -71.28   165.66    61.27    86.79  -145.26   -96.54  -151.71
B   C  231    -85.15   153.02    73.08    74.24  -150.39   -60.51  -151.17
B   A  232    167.59   169.78    68.02   139.64   -76.25   115.65  -136.06
B   G  233     68.06  -105.63  -164.25    87.40  -144.16   -70.33  -166.20
B   G  234    -71.03   167.04    64.80    78.41  -149.95   -72.65  -169.94
B   G  235    -68.49   173.65    55.89    79.24  -153.45   -75.63  -166.20
B   G  236    133.88  -165.99  -162.99    92.01  -140.75   -69.65   176.70
B   G  237    -71.98  -175.42    55.14    85.96  -148.63   169.58  -167.70
B   U  238     79.54   143.38  -150.24    85.46  -160.76    18.49   170.88
B   U  239    100.27   -78.99  -157.39    95.41  -135.95   -73.02  -144.84
B   G  240    -79.99   157.91    66.29    86.42  -145.92   -67.66  -150.68
B   G  241    -74.32   164.48    61.53    83.04  -149.15   -73.55  -158.55
B   G  242    -68.21   164.39    54.72    69.90  -148.83   135.55  -168.20
B   U  243    -73.83  -171.17    29.38   135.46   -92.89   139.85  -138.12
B   C  244    -52.25  -168.44    74.12    87.94  -138.84   -70.78  -150.52
B   G  245    -65.85   179.96    56.45    88.82  -134.50   -77.54  -176.44
B   C  246    -66.78   168.85    53.02    83.52  -144.82   -72.76  -156.15
B   U  247    -65.61   167.91    55.24    77.74  -154.56   -99.69  -157.27
B   C  248    139.22  -143.63   179.63    89.91  -170.09    49.51  -168.92
B   C  249    -62.29   -62.86   -94.43    91.33 -9999.99 -9999.99  -163.33
B   C  251  -9999.99   164.96    63.61    80.88  -113.03   -33.64  -164.79
B   C  252   -103.31    74.06  -168.46    97.74  -128.03   -69.27  -171.76
B   U  253    -67.86   167.44    44.13    80.77  -156.41   -84.11  -136.96
B   A  254   -175.33  -166.36   160.06    87.96   178.96  -114.81  -150.13
B   U  255    -91.82    98.46   111.08   127.34  -154.01  -144.41    82.08
B   U  256     64.86  -142.10   153.01   139.45  -146.64   -39.79  -155.57
B   C  257   -149.20  -137.77    77.11    81.62  -148.62   -72.92  -149.88
B   C  258    -73.23   166.78    61.13    85.18  -146.36   -74.85  -140.11
B   C  259    -70.33   172.61    54.04    81.11  -145.85   -74.26  -151.61
B   C  260    -69.23   169.09    56.46    79.36  -148.43   -74.18  -153.60
B   C  261    -68.78   168.90    54.84    77.52  -146.61   -70.28  -158.86
B   G  262    -68.30   166.15    55.87    76.76  -143.71   -81.34  -170.44
B   G  263    -69.18   157.57    68.14    83.08  -154.45   -67.03   168.29
B   G  264    -72.77  -165.56    57.60    84.85  -155.73   -29.30  -167.26
B   U  265   -154.73   123.36   162.26    78.70  -109.78    19.53  -172.96
B   U  266   -108.45    55.59  -120.63   124.66  -142.18   149.82  -156.17
B   G  267    173.72   134.39   135.04    97.41  -131.45   -70.20  -170.85
B   G  268    -74.96   167.34    58.98    79.83  -151.01   -75.33  -167.54
B   C  269    -69.59   170.88    58.63    77.06  -148.30   -72.00  -161.48
B   C  270    -66.37   166.28    68.23    79.43  -135.51   -60.82  -167.61
B   G  271    -72.51   167.97    54.83    78.49  -152.98    85.09  -160.08
B   C  272    -52.64  -102.58  -178.67   135.72  -103.00   169.31  -143.47
B   U  273    -36.12   -67.19  -151.47   139.69  -157.74  -148.76    57.48
B   U  274     58.98   177.28    98.43   136.71  -155.69   159.58  -136.09
B   G  275    -71.60   121.97    43.59   132.91   -99.88  -118.40   117.80
B   A  276     61.66  -173.01    63.25    96.48  -165.30    27.16   -47.41
B   G  277     74.29    94.90     1.40    78.79  -164.38   -89.03  -163.93
B   G  278    161.09  -163.79   168.96    97.32  -119.40   -76.31  -176.78
B   U  279    -66.60   158.11    56.42    78.87  -149.36   -75.77  -152.65
B   G  280    -67.66   167.32    57.61    81.25  -138.37   -45.79  -164.44
B   U  281   -135.29   112.54   148.06    92.28  -131.29   -71.29  -157.91
B   G  282    -68.48   169.12    43.29    78.32  -147.84   -76.09  -163.61
B   C  283    -67.76   166.70    60.37    79.04  -147.70   -77.81  -153.58
B   G  284    -67.77   172.63    55.68    82.19  -138.53   -70.83  -163.08
B   G  285    -72.97   167.79    58.11    82.94  -138.67   -55.40  -163.77
B   U  286    142.62   139.11    62.16    85.38  -119.34   -78.11  -152.43
B   A  287    -65.89   153.08    67.85    91.24  -142.73   -80.53  -133.51
B   A  288    -80.07   165.12    60.89    87.61  -124.10   -51.43  -134.25
B   C  289    -63.90   151.84    75.80    82.06  -154.20   -78.64  -152.72
B   G  290    -68.97   166.40    66.57    86.07  -141.10   -73.31  -165.52
B   C  291    -69.53   164.60    60.74    80.93  -147.68   -73.32  -151.17
B   A  292    -69.33   172.88    51.13    79.60  -142.09   -81.58  -162.23
B   C  293    -68.62   158.13    64.68    78.63  -149.61   -74.26  -154.70
B   A  294    -67.25   166.26    58.02    79.99  -145.34   -75.97  -163.69
B   C  295    -67.07   163.59    58.92    79.23  -147.49   -74.22  -156.93
B   C  296    -63.27   165.77    67.18    83.91  -137.69   -77.09  -154.07
B   C  297    -62.59   168.19    65.17   133.55   -82.67    93.20  -101.71
B   C  298    156.07  -117.81    41.81   128.14    37.86  -129.26    36.23
B   A  299     56.80  -179.51    90.17    91.40  -163.29   -81.56  -153.40
B   G  300    154.52  -141.70  -179.61   141.08  -144.34   165.26  -150.79
B   A  301    -63.38   139.76    64.24    87.61  -132.86   -48.90   175.63
B   U  302    -77.26  -178.05    71.05   136.98  -111.82    75.68  -129.00
B   U  303     50.84   145.47    36.13   136.72  -122.09    80.42    64.31
B   G  304     65.76  -158.50  -174.66    92.43  -100.46   121.06  -120.73
B   A  305    146.17  -143.88   145.05    94.49   -85.40  -131.12  -168.93
B   U  306   -179.44  -130.68   114.88   136.84  -150.77    77.61  -127.21
B   G  307   -100.78   153.46    56.92    86.19  -145.29   -80.01  -146.77
B   A  308    -69.27   171.30    60.18    89.73  -141.20   -76.12  -160.31
B   C  309    -72.78   169.87    55.76    78.50  -149.44   -64.56  -160.17
B   C  310    -67.68   171.11    63.08    70.66  -137.50   -75.11  -159.20
B   G  311    -74.99   147.88    71.74    76.91  -128.29   -98.10  -170.22
B   C  312   -103.93   173.16    66.85    85.96  -168.17   -78.08  -155.03
B   C  313    163.09  -107.82  -167.06    95.47 -9999.99 -9999.99  -116.99
B   A  318  -9999.99  -144.88   161.79    95.62  -125.09   -68.48  -177.12
B   C  319    -67.50   166.86    54.13    83.91  -119.32   -84.16  -150.47
B   A  320    104.31  -115.11  -141.20    86.67  -143.96   -81.62  -172.00
B   G  321     97.32   178.66   -97.55   130.74  -127.65  -114.48   -74.69
B   A  322    -34.75   -86.80   -80.03   137.65   -84.60   -88.68  -105.35
B   A  323    -73.98   137.31    81.03   135.04  -102.57   118.59   -78.87
B   U  324     42.71  -171.86    56.96    83.50  -152.33   -80.13  -152.89
B   C  325    -67.64   164.77    63.76    85.05  -163.78   -84.36  -144.42
B   C  326    149.56  -161.54   173.15    88.51  -135.79   -75.22  -163.36
B   G  327    -68.20   179.42    42.53    81.65  -134.71   -63.09  -164.70
B   G  328    -83.71   156.62    84.48    73.83  -157.07   -72.27  -171.35
B   C  329    -71.33   165.08    67.18    82.85  -136.79   -74.78  -157.63
B   U  330    -65.30   164.47    56.96    86.40  -143.47   -80.55  -155.25
B   U  331    -71.21   157.95    64.08    81.76  -146.80   -72.35  -136.86
B   A  332    -68.68   179.06    42.39    79.58  -133.98   -80.08  -159.71
B   U  333    -63.45   160.42    56.50    81.09  -155.51  -111.52  -149.16
B   G  334    -63.28   160.53    56.60    80.03  -140.59   -40.39  -165.95
B   C  335   -136.77   111.10   155.81    93.07  -132.92   -72.77  -161.38
B   U  336    -65.58   162.91    53.92    78.27  -148.39   -77.18  -157.50
B   C  337    -67.82   158.33    68.65    83.51  -151.89   -74.38  -156.93
B   C  338    -66.75   166.83    61.94    78.85  -152.83   -80.62  -154.96
B   U  339    142.79  -163.68  -179.86    87.61  -117.88   -85.27  -163.64
B   C  340    -63.58   146.40    64.11    79.62  -150.75   -75.78  -158.83
B   U  341    -68.23   167.06    62.88    76.01  -135.11   -80.54  -162.37
B   C  342    -75.40   150.31    74.61    83.84  -150.29   -63.25  -156.73
B   C  343    -85.51   176.85    66.02    74.45  -151.28   -84.64  -158.28
B   C  344    -68.22   161.71    59.23    83.87  -149.76   -65.82  -143.04
B   G  345    -73.16   169.50    63.16    79.86  -158.87   -86.04  -166.06
B   U  346    161.77  -155.00   161.31    86.81  -150.48   -80.54  -162.20
B   G  347    -66.24   177.76    58.48    93.93 -9999.99 -9999.99  -163.59
