PDB data file name: tRNA_dataset/3q1r_chain_B.pdb_new
-----------------------------------------------------------
CRITERIA USED TO GENERATE BASE-PAIR: 
  3.40 --> upper H-bond length limits (ON..ON).
 26.00 --> max. distance between paired base origins.
  2.50 --> max. vertical distance between paired base origins.
 65.00 --> max. angle between paired bases [0-90].
  5.40 --> min. distance between RN9/YN1 atoms.
  8.00 --> max. distance criterion for helix break[0-12]
-----------------------------------------------------------
BASE-PAIR INSTRUCTIONS: 
Column 1 is rnaview assigned base numbers n1_n2, start from 1.
Column 2 & 3 are chain ID & residue number in input PDB file.
Column 4 is for base pair. The left & right are the bases as 
         identified by column 2 & 3 and 5 & 6.
Column 5 & 6 are residue number & chain ID in input PDB file.
Column 7 is for base pair annotation. The standard Watson-Crick
         (W.C.) pairs are annotated as -/- (AU,AT) or +/+ (GC).
         Other pairs are annotated as Leontis_Westhof Classification.
         The three edges: W(Watson-Crick); H(Hoogsteen); S(suger).
         e.g. W/H means the pair is edge of Watson-Crick & Hoogsteen.
Column 8 is glycosidic bond orientation (either cis or trans).
         e.g. 'W/H cis' means the pair is interaction on Watson-Crick
         and Hoogsteen side, glycosidic bond orientation is 'cis'.
Column 9 corresponds to Saenger Classification.

Other columns: 
        Syn sugar-base conformations are annotated as (syn).
        Stacked base pairs are annotated as (stack).
        Non-identified edges are annotated as (.) or (?)
        Tertiary interactions are marked by (!) in the line.
Reference:
Yang et al (2003) Nucleic Acids Research, Vol31,No13,p3450-3461.
-----------------------------------------------------------
BEGIN_base-pair
    1_337, B:     1 G-C   343 B: +/+ cis         XIX
    1_338, B:     1 G-C   344 B: W/W cis         n/a
    2_336, B:     2 G-C   342 B: +/+ cis         XIX
    3_335, B:     3 A-U   341 B: -/- cis         XX
    3_336, B:     3 A-C   342 B:      stacked
     4_95, B:     4 G-A    96 B: S/S tran        n/a
    4_334, B:     4 G-C   340 B: +/+ cis         XIX
    5_333, B:     5 A-U   339 B: -/- cis         XX
    6_332, B:     6 G-C   338 B: +/+ cis         XIX
    7_331, B:     7 G-C   337 B: +/+ cis         XIX
    8_330, B:     8 A-U   336 B: -/- cis         XX
    9_329, B:     9 G-C   335 B: +/+ cis         XIX
   10_328, B:    10 C-G   334 B: +/+ cis         XIX
   11_312, B:    11 A-A   318 B: S/W tran        n/a
   13_310, B:    13 G-C   312 B: +/+ cis         XIX
   14_309, B:    14 C-G   311 B: +/+ cis         XIX
   15_308, B:    15 G-C   310 B: +/+ cis         XIX
   16_307, B:    16 G-C   309 B: +/+ cis         XIX
    17_18, B:    17 U-C    18 B:      stacked
   17_306, B:    17 U-A   308 B: -/- cis         XX
   18_305, B:    18 C-G   307 B: W/W cis         n/a
   18_306, B:    18 C-A   308 B:      stacked
    20_43, B:    20 C-G    44 B: +/+ cis         XIX
    21_42, B:    21 G-C    43 B: +/+ cis         XIX
    22_41, B:    22 G-C    42 B: +/+ cis         XIX
    22_42, B:    22 G-C    43 B:      stacked
    23_40, B:    23 G-C    41 B: +/+ cis         XIX
    23_41, B:    23 G-C    42 B:      stacked
    24_39, B:    24 G-U    40 B: W/W cis         XXVIII
    25_38, B:    25 G-C    38 B: +/+ cis         XIX
    26_37, B:    26 C-G    37 B: +/+ cis         XIX
    27_28, B:    27 G-C    28 B:      stacked
    27_36, B:    27 G-C    36 B: +/+ cis         XIX
    28_35, B:    28 C-G    35 B: +/+ cis         XIX
    29_34, B:    29 A-U    34 B: -/- cis         XX
   45_313, B:    46 G-C   319 B: +/+ cis         XIX
   49_324, B:    50 A-U   330 B: -/- cis         XX
    50_52, B:    51 G-C    53 B:      stacked
   50_323, B:    51 G-C   329 B: W/W cis         n/a
   52_322, B:    53 C-G   328 B: +/+ cis         XIX
   53_321, B:    54 C-G   327 B: +/+ cis         XIX
   53_322, B:    54 C-G   328 B:      stacked
   54_320, B:    55 G-C   326 B: +/+ cis         XIX
   55_274, B:    56 G-A   276 B: S/W cis      syn  n/a
   55_319, B:    56 G-C   325 B: +/+ cis         XIX
   55_320, B:    56 G-C   326 B:      stacked
   56_318, B:    57 A-U   324 B: -/- cis         XX
   56_319, B:    57 A-C   325 B:      stacked
   57_219, B:    58 C-G   220 B: +/+ cis         XIX
   58_218, B:    59 U-A   219 B: -/- cis         XX
   59_217, B:    60 C-G   218 B: +/+ cis         XIX
   60_216, B:    61 U-G   217 B: W/W cis         XXVIII
   61_248, B:    62 G-C   249 B: +/+ cis         XIX
   62_247, B:    63 G-C   248 B: +/+ cis         XIX
   63_246, B:    64 A-U   247 B: -/- cis         XX
   64_245, B:    65 G-C   246 B: +/+ cis         XIX
   65_244, B:    66 C-G   245 B: +/+ cis         XIX
   67_215, B:    68 G-U   216 B: W/W cis         XXVIII
   68_214, B:    69 G-C   215 B: +/+ cis         XIX
   69_213, B:    70 G-C   214 B: +/+ cis         XIX
   70_212, B:    71 U-A   213 B: -/- cis         XX
   71_211, B:    72 G-C   212 B: +/+ cis         XIX
    72_86, B:    73 C-G    87 B: +/+ cis         XIX
    72_87, B:    73 C-G    88 B:      stacked
    73_85, B:    74 C-G    86 B: +/+ cis         XIX
    74_84, B:    75 G-C    85 B: +/+ cis         XIX
    75_83, B:    76 G-C    84 B: +/+ cis         XIX
   75_286, B:    76 G-A   288 B: S/S tran        n/a
    76_77, B:    77 G-U    78 B:      stacked
    76_82, B:    77 G-C    83 B: +/+ cis         XIX
   87_100, B:    88 G-C   101 B: +/+ cis         XIX
    88_99, B:    89 A-U   100 B: -/- cis         XX
    89_98, B:    90 G-C    99 B: +/+ cis         XIX
    90_97, B:    91 G-C    98 B: +/+ cis         XIX
    90_98, B:    91 G-C    99 B:      stacked
    91_96, B:    92 G-C    97 B: +/+ cis         XIX
    91_97, B:    92 G-C    98 B:      stacked
    92_95, B:    93 G-A    96 B: W/H tran        n/a
    92_96, B:    93 G-C    97 B:      stacked
   94_335, B:    95 G-U   341 B: S/s cis         n/a
  101_210, B:   102 G-C   211 B: +/+ cis         XIX
  102_209, B:   103 G-C   210 B: +/+ cis         XIX
  105_209, B:   106 A-C   210 B: W/S cis         n/a
  106_208, B:   107 G-C   209 B: +/+ cis         XIX
  107_207, B:   108 G-C   208 B: +/+ cis         XIX
  107_208, B:   108 G-C   209 B:      stacked
  108_204, B:   109 G-C   205 B: +/+ cis         XIX
  108_207, B:   109 G-C   208 B: W/W cis         n/a
  109_203, B:   110 C-G   204 B: +/+ cis         XIX
  110_202, B:   111 C-G   203 B: +/+ cis         XIX
  110_203, B:   111 C-G   204 B:      stacked
  114_157, B:   115 G-A   158 B: S/W tran     syn  X
  115_152, B:   116 A-G   153 B: H/W cis         IX
  117_154, B:   118 A-G   155 B: W/S tran   syn    X
  124_151, B:   125 C-G   152 B: +/+ cis         XIX
  125_150, B:   126 C-G   151 B: +/+ cis         XIX
  126_147, B:   127 G-C   148 B: +/+ cis         XIX
  126_148, B:   127 G-A   149 B: W/W cis         VIII
  127_146, B:   128 C-G   147 B: +/+ cis         XIX
  127_147, B:   128 C-C   148 B: W/W cis         n/a
  128_145, B:   129 C-G   146 B: +/+ cis         XIX
  128_146, B:   129 C-G   147 B:      stacked
  129_144, B:   130 C-G   145 B: +/+ cis         XIX
  130_143, B:   131 G-C   144 B: +/+ cis         XIX
  131_142, B:   132 G-C   143 B: +/+ cis         XIX
  131_143, B:   132 G-C   144 B:      stacked
  132_141, B:   133 G-U   142 B: W/W cis         XXVIII
  132_142, B:   133 G-C   143 B:      stacked
  133_140, B:   134 G-U   141 B: W/W cis         XXVIII
  133_141, B:   134 G-U   142 B:      stacked
  134_139, B:   135 G-C   140 B: +/+ cis         XIX
  135_138, B:   136 G-A   139 B: S/H tran        XI
  135_139, B:   136 G-C   140 B: W/W cis         n/a
  138_139, B:   139 A-C   140 B:      stacked
  146_168, B:   147 G-A   169 B: S/S tran        n/a
  147_148, B:   148 C-A   149 B:      stacked
  159_177, B:   160 G-C   178 B: +/+ cis         XIX
  160_161, B:   161 G-U   162 B:      stacked
  160_171, B:   161 G-G   172 B: H/W cis         VI
  160_176, B:   161 G-C   177 B: +/+ cis         XIX
  161_175, B:   162 U-A   176 B: -/- cis         XX
  162_174, B:   163 G-C   175 B: +/+ cis         XIX
  163_173, B:   164 G-C   174 B: +/+ cis         XIX
  163_174, B:   164 G-C   175 B:      stacked
  164_172, B:   165 G-C   173 B: +/+ cis         XIX
  171_199, B:   172 G-C   200 B:      stacked
  178_200, B:   179 A-U   201 B: -/- cis         XX
  180_197, B:   181 C-G   198 B: +/+ cis         XIX
  181_196, B:   182 G-C   197 B: +/+ cis         XIX
  182_195, B:   183 U-G   196 B: W/W cis         XXVIII
  183_194, B:   184 C-G   195 B: +/+ cis         XIX
  184_193, B:   185 G-C   194 B: +/+ cis         XIX
  185_192, B:   186 G-C   193 B: +/+ cis         XIX
  185_193, B:   186 G-C   194 B:      stacked
  186_191, B:   187 G-C   192 B: +/+ cis         XIX
  186_192, B:   187 G-C   193 B:      stacked
  187_190, B:   188 G-A   191 B: W/H tran        n/a
  187_191, B:   188 G-C   192 B:      stacked
  205_208, B:   206 A-C   209 B: S/H cis         n/a
  222_269, B:   223 A-G   271 B: H/S tran        XI
  223_268, B:   224 G-C   270 B: +/+ cis         XIX
  224_267, B:   225 G-C   269 B: +/+ cis         XIX
  225_266, B:   226 C-G   268 B: +/+ cis         XIX
  225_267, B:   226 C-C   269 B:      stacked
  226_265, B:   227 C-G   267 B: +/+ cis         XIX
  226_266, B:   227 C-G   268 B:      stacked
  231_260, B:   232 A-G   262 B: S/S tran        n/a
  232_259, B:   233 G-C   261 B: +/+ cis         XIX
  233_258, B:   234 G-C   260 B: +/+ cis         XIX
  233_259, B:   234 G-C   261 B:      stacked
  234_257, B:   235 G-C   259 B: +/+ cis         XIX
  234_258, B:   235 G-C   260 B:      stacked
  235_256, B:   236 G-C   258 B: +/+ cis         XIX
  236_255, B:   237 G-C   257 B: +/+ cis         XIX
  239_251, B:   240 G-U   253 B: W/W cis         XXVIII
  240_250, B:   241 G-C   252 B: +/+ cis         XIX
  241_249, B:   242 G-C   251 B: +/+ cis         XIX
  270_271, B:   272 C-U   273 B:   syn  stacked
  274_320, B:   276 A-C   326 B: H/S cis    syn    n/a
  275_294, B:   277 G-C   296 B: +/+ cis         XIX
  276_293, B:   278 G-C   295 B: +/+ cis         XIX
  277_292, B:   279 U-A   294 B: -/- cis         XX
  278_279, B:   280 G-U   281 B:      stacked
  278_291, B:   280 G-C   293 B: +/+ cis         XIX
  279_290, B:   281 U-A   292 B: -/- cis         XX
  280_289, B:   282 G-C   291 B: +/+ cis         XIX
  281_288, B:   283 C-G   290 B: +/+ cis         XIX
  282_287, B:   284 G-C   289 B: +/+ cis         XIX
  283_287, B:   285 G-C   289 B: W/W cis         n/a
  324_325, B:   330 U-U   331 B:      stacked
  328_329, B:   334 G-C   335 B:      stacked
  337_338, B:   343 C-C   344 B:      stacked
   46_312, B:    47 G-A   318 B: W/W cis    syn    !1H(b_b).
   48_314, B:    49 A-A   320 B: H/S tran        !1H(b_b).
  102_105, B:   103 G-A   106 B: S/H cis         !1H(b_b)
  116_122, B:   117 G-G   123 B: S/S cis         !1H(b_b)
  116_153, B:   117 G-U   154 B: H/W cis         !1H(b_b)
  127_149, B:   128 C-A   150 B: S/W cis         !1H(b_b)
  165_172, B:   166 G-C   173 B: S/W cis         !1H(b_b).
  171_176, B:   172 G-C   177 B: W/W tran        !1H(b_b).
  179_198, B:   180 G-G   199 B: W/H tran        !1H(b_b)
  220_269, B:   221 C-G   271 B: S/S tran        !1H(b_b).
  236_239, B:   237 G-G   240 B: S/S cis         !1H(b_b)
  239_255, B:   240 G-C   257 B: S/S tran        !1H(b_b)
  273_295, B:   275 G-C   297 B: H/W tran        !1H(b_b)
   22_298, B:    22 G-G   300 B: S/? cis         !(b_s)
   58_222, B:    59 U-A   223 B: S/S tran        !(b_s)
   73_189, B:    74 C-A   190 B: s/S cis         !(b_s)
   74_188, B:    75 G-C   189 B: S/W tran        !(b_s)
   79_321, B:    80 A-G   327 B: W/S tran        !(b_s)
   84_285, B:    85 C-A   287 B: s/S cis         !(b_s)
   85_284, B:    86 G-U   286 B: S/W tran        !(b_s)
   86_190, B:    87 G-A   191 B: S/W tran        !(b_s)
    92_94, B:    93 G-G    95 B: S/H tran        !(b_s)
  119_201, B:   120 G-U   202 B: W/S cis    syn syn  !(b_s)
  205_209, B:   206 A-C   210 B: S/W tran        !(b_s)
  271_318, B:   273 U-U   324 B: H/S tran   syn    !(b_s)
  297_303, B:   299 A-A   305 B: S/W cis         !(b_s)
  312_327, B:   318 A-U   333 B: S/s cis         !(b_s)
  313_326, B:   319 C-A   332 B: s/S cis         !(b_s)
     5_96, B:     5 A-C    97 B: S/S cis         !(s_s)
    11_12, B:    11 A-G    12 B: S/? tran        !(s_s)
   21_303, B:    21 G-A   305 B: S/S cis         !(s_s)
    33_34, B:    33 C-U    34 B: S/S cis         !(s_s)
    51_52, B:    52 U-C    53 B: S/H cis         !(s_s)
   72_190, B:    73 C-A   191 B: S/s cis         !(s_s)
   82_322, B:    83 C-G   328 B: S/S cis         !(s_s)
   83_286, B:    84 C-A   288 B: S/s cis         !(s_s)
   95_334, B:    96 A-C   340 B: s/S cis         !(s_s)
  103_104, B:   104 A-C   105 B: S/. cis         !(s_s)
  114_153, B:   115 G-U   154 B: S/S cis         !(s_s)
  115_122, B:   116 A-G   123 B: S/s cis         !(s_s)
  117_118, B:   118 A-A   119 B: S/H cis    syn    !(s_s)
  118_119, B:   119 A-G   120 B: S/. cis      syn  !(s_s)
  123_124, B:   124 A-C   125 B: S/H cis    syn    !(s_s)
  126_150, B:   127 G-G   151 B: S/W cis         !(s_s)
  128_167, B:   129 C-A   168 B: s/S cis         !(s_s)
  157_158, B:   158 A-C   159 B: S/S cis    syn    !(s_s)
  158_159, B:   159 C-G   160 B: S/. tran        !(s_s)
  166_168, B:   167 U-A   169 B: S/S tran        !(s_s)
  166_169, B:   167 U-G   170 B: S/H tran        !(s_s)
  205_206, B:   206 A-A   207 B: S/H cis         !(s_s)
  206_207, B:   207 A-C   208 B: S/? cis         !(s_s)
  216_243, B:   217 G-C   244 B: S/H tran        !(s_s)
  219_220, B:   220 G-C   221 B: S/H cis         !(s_s)
  219_222, B:   220 G-A   223 B: S/S cis         !(s_s)
  231_232, B:   232 A-G   233 B: S/S cis         !(s_s)
  236_238, B:   237 G-U   239 B: s/S cis         !(s_s)
  241_242, B:   242 G-U   243 B: S/. tran        !(s_s)
  271_272, B:   273 U-U   274 B: S/. tran   syn    !(s_s)
  283_285, B:   285 G-A   287 B: S/S tran        !(s_s)
  283_286, B:   285 G-A   288 B: S/H tran        !(s_s)
  296_297, B:   298 C-A   299 B: S/. cis    syn    !(s_s)
  297_319, B:   299 A-C   325 B: W/? cis         !(s_s)
  298_319, B:   300 G-C   325 B: W/S tran        !(s_s)
  299_302, B:   301 A-G   304 B: S/s cis         !(s_s)
  305_315, B:   307 G-G   321 B: ?/W tran     syn  !(s_s)
  317_318, B:   323 A-U   324 B: S/S tran   syn    !(s_s)
END_base-pair

Summary of triplets and higher multiplets
BEGIN_multiplets
3_94_335_| [1 3]  B: 3 A  +  B: 95 G  +  B: 341 U
75_83_286_| [2 3]  B: 76 G  +  B: 84 C  +  B: 288 A
4_92_95_| [3 3]  B: 4 G  +  B: 93 G  +  B: 96 A
102_105_209_| [4 3]  B: 103 G  +  B: 106 A  +  B: 210 C
106_205_208_| [5 3]  B: 107 G  +  B: 206 A  +  B: 209 C
127_146_168_| [6 3]  B: 128 C  +  B: 147 G  +  B: 169 A
160_171_176_| [7 3]  B: 161 G  +  B: 172 G  +  B: 177 C
END_multiplets

  The total base pairs = 134 (from  341 bases)
------------------------------------------------
 Standard  WW--cis  WW-tran  HH--cis  HH-tran  SS--cis  SS-tran
      101       15        0        0        0        1        4
  WH--cis  WH-tran  WS--cis  WS-tran  HS--cis  HS-tran
        2        2        2        3        2        2
------------------------------------------------
