BEGIN_base-pair
    91_96, B:    92 G-C    97 B: +/+ cis         XIX
    92_95, B:    93 G-A    96 B: W/H tran        n/a
   94_335, B:    95 G-U   341 B: S/s cis         n/a
  101_210, B:   102 G-C   211 B: +/+ cis         XIX
  101_210,-
91_96_92_95_94_335_101_210_0, click this line to see above pattern
0_0,---------
  131_142, B:   132 G-C   143 B: +/+ cis         XIX
  132_141, B:   133 G-U   142 B: W/W cis         XXVIII
  133_140, B:   134 G-U   141 B: W/W cis         XXVIII
  134_139, B:   135 G-C   140 B: +/+ cis         XIX
  134_139,-
131_142_132_141_133_140_134_139_0, click this line to see above pattern
0_0,---------
  110_202, B:   111 C-G   203 B: +/+ cis         XIX
  114_157, B:   115 G-A   158 B: S/W tran     syn  X
  115_152, B:   116 A-G   153 B: H/W cis         IX
  117_154, B:   118 A-G   155 B: W/S tran   syn    X
  124_151, B:   125 C-G   152 B: +/+ cis         XIX
  124_151,-
110_202_114_157_115_152_117_154_124_151_0, click this line to see above pattern
0_0,---------
  134_139, B:   135 G-C   140 B: +/+ cis         XIX
  135_138, B:   136 G-A   139 B: S/H tran        XI
  135_139, B:   136 G-C   140 B: W/W cis         n/a
  146_168, B:   147 G-A   169 B: S/S tran        n/a
  159_177, B:   160 G-C   178 B: +/+ cis         XIX
  159_177,-
134_139_135_138_135_139_146_168_159_177_0, click this line to see above pattern
0_0,---------
  186_191, B:   187 G-C   192 B: +/+ cis         XIX
  187_190, B:   188 G-A   191 B: W/H tran        n/a
  205_208, B:   206 A-C   209 B: S/H cis         n/a
  222_269, B:   223 A-G   271 B: H/S tran        XI
  223_268, B:   224 G-C   270 B: +/+ cis         XIX
  223_268,-
186_191_187_190_205_208_222_269_223_268_0, click this line to see above pattern
0_0,---------
END_base-pair
