The backbone torsional angle for nucleic acid 

 
Note: alpha:   O3'(i-1)-P-O5'-C5'
      beta:    P-O5'-C5'-C4'
      gamma:   O5'-C5'-C4'-C3'
      delta:   C5'-C4'-C3'-O3'
      epsilon: C4'-C3'-O3'-P(i+1)
      zeta:    C3'-O3'-P(i+1)-O5'(i+1)

      chi for pyrimidines(Y): O4'-C1'-N1-C2
          chi for purines(R): O4'-C1'-N9-C4

    (The number -9999.99 means that the angle can not be calculated) 

Ch Res  Num    alpha    beta     gamma    delta  epsilon    zeta     chi
B   G    1  -9999.99  -143.07   175.07    86.31  -154.17   -60.94  -141.79
B   A    2    -72.20  -178.94    52.39    81.69  -149.20   -79.24  -148.87
B   C    3    -59.23   156.24    61.08    83.80  -151.47   -98.27  -159.62
B   C    4     41.06   155.89   -41.84    96.73  -161.07   -58.21  -160.02
B   U    5    -71.54   173.23    60.93    84.81  -150.71   -81.31  -173.67
B   C    6    -67.87   163.27    62.02    85.62  -156.56   -61.52  -151.92
B   G    7    -80.77  -179.76    60.04    90.35     5.76  -164.81  -154.93
B   U    8     21.50   149.03    43.85    88.09  -177.39   -83.82   163.86
B   G    9    128.40   157.02   175.55    90.69   -47.28  -162.44  -166.19
B   G   10   -173.66  -130.07    67.32    92.23  -134.95   -95.16   168.86
B   C   11    158.48  -155.92   160.83    86.27  -143.64   -59.80  -176.10
B   G   12    -80.61  -162.86    48.55    83.45  -165.49   -72.78  -155.12
B   C   13    156.62  -160.14   174.91    83.45  -155.61   -73.18  -147.40
B   A   14    170.41   177.73   171.03    84.65  -160.57   -43.92  -151.20
B   A   15   -145.99   -90.42   178.20    84.91   156.33    72.43  -104.99
B   U   16   -177.28   -46.04  -165.71    77.49   118.04    48.06  -155.02
B   G   18   -140.62  -113.91    60.98    89.20   -74.92  -153.68  -179.95
B   G   19    -24.44   148.14    53.36    91.34  -101.95   -93.12   179.19
B   U   20   -165.90  -175.49    57.15    88.68  -119.30  -143.09  -167.12
B   A   21    110.80  -179.14    47.77    81.48  -150.71  -151.60  -165.24
B   G   22    -79.36   155.87    47.33    83.37  -110.60  -146.62  -141.38
B   C   23     86.46   -65.76  -167.12    83.73  -153.31  -114.07  -162.50
B   G   24     51.76   133.28   -49.38    88.75  -136.32   -51.95  -173.61
B   C   25    -89.62  -162.31    45.91    77.93  -150.85   -70.36  -156.42
B   G   26    -35.84   155.23    61.98    79.85   -98.64  -150.90   175.40
B   U   27     87.54   -91.28  -177.75    86.45   -72.79  -140.02   174.21
B   C   28    107.10  -105.26   173.93    83.93  -121.27   -97.52   179.43
B   U   29     38.12   162.24   -54.43    92.47  -163.69   -66.64  -163.77
B   G   30    -74.09  -178.62    55.12    84.92  -157.16   -62.74  -169.94
B   A   31    -63.51  -177.11    52.77    82.54  -139.73   -77.30  -157.60
B   C   32    -68.62   167.38    55.10    83.29  -129.28   -85.60  -158.95
B   U   33     42.77  -173.39   -62.76    92.92   158.02    60.14   162.91
B   C   34    -83.52  -135.39  -178.29    88.17   -97.11   -51.22  -162.92
B   C   35   -128.03   120.53   137.07    79.19  -109.86   -77.62   168.69
B   A   36    -55.06   153.88    47.51    76.48  -139.70   -70.57  -177.45
B   G   37    -62.92   166.05    63.92    82.36  -145.18   -60.29  -173.53
B   A   38    -60.25  -177.86    48.51    76.20  -149.86   -52.34    31.03
B   U   39    -63.73   174.12    51.10    80.76  -148.53   -73.36  -149.32
B   C   40    -58.43   172.42    47.99    79.27  -150.74   -69.94  -144.68
B   A   41    -63.74   178.58    45.65    79.80  -160.14   -78.98  -167.40
B   G   42    162.35  -163.43   171.37    86.81  -144.60   -77.64  -177.56
B   A   43    -64.07   177.26    52.61    82.44  -156.30   -78.73  -162.88
B   A   44    -56.77   159.59    62.04    86.26  -152.52   -77.97  -171.22
B   G   45    -35.22   148.93    76.29    83.51  -154.91    35.59  -103.21
B   G   46   -120.18  -132.01   168.48    87.43   -87.79  -139.85  -157.81
B   U   47   -121.00   136.50    70.21    88.45  -176.25   -23.46  -168.59
B   U   48    139.53   118.85   158.90    83.63   173.75    74.29  -149.87
B   G   49    147.36   154.90   -57.52    95.28  -161.99   -58.23  -164.62
B   C   50    155.33  -173.71   174.17    86.85  -118.28   -83.60  -177.13
B   G   51    -47.92   160.07    43.04    79.33  -155.54   -91.74  -160.71
B   U   52    140.74  -149.78  -179.41    83.12  -106.03   -53.22  -169.92
B   G   53    -95.98   104.73   147.72    88.27  -127.25   -72.04   173.94
B   U   54    -87.16  -178.96    53.58    82.53  -149.02   -51.09  -160.36
B   U   55    -79.59  -160.91    48.69    82.89  -142.36   -84.14    92.49
B   C   56     62.25  -178.49   159.65    85.84  -132.50   -43.11  -177.88
B   G   57    -82.77  -174.00    50.56    80.15  -149.73   -64.96  -155.72
B   A   58    -77.70  -145.09    54.57    87.37    18.87    91.46  -107.17
B   A   59     71.03   173.15    59.69    88.91  -140.88   -46.84  -176.70
B   U   60    -79.81  -174.83    64.09    94.00   -84.92   -76.66  -160.97
B   C   61    -80.82  -161.44    59.58    88.41  -160.41   -73.19  -166.88
B   A   62    -84.40  -166.21    53.83    84.19  -156.81   -71.95  -166.33
B   C   63    -65.60   174.71    53.37    79.82  -150.08   -66.88  -152.42
B   G   64    -72.43   175.48    57.21    78.36  -154.81   -64.96  -167.53
B   U   65    -61.20   175.46    52.40    80.30  -142.67   -92.90  -161.78
B   C   66    -55.64   158.44    50.81    79.84  -139.70   -80.83  -164.90
B   G   67    -60.66   168.74    48.48    80.82  -161.78   -75.23  -165.73
B   G   68    -62.09  -176.19    49.99    83.41  -150.13   -63.27  -169.52
B   G   69    -74.93   177.98    54.53    79.00  -161.00   -69.55  -162.19
B   G   70    -55.14   176.58    48.44    78.24  -162.28   -78.64  -168.10
B   U   71    168.48  -152.24   166.22    89.38  -111.56  -130.71  -162.46
B   C   72    139.09  -134.53   161.47    87.86  -106.87  -166.74  -173.92
B   A   73   -138.42  -152.97    57.86    85.78 -9999.99 -9999.99  -157.09
