The backbone torsional angle for nucleic acid 

 
Note: alpha:   O3'(i-1)-P-O5'-C5'
      beta:    P-O5'-C5'-C4'
      gamma:   O5'-C5'-C4'-C3'
      delta:   C5'-C4'-C3'-O3'
      epsilon: C4'-C3'-O3'-P(i+1)
      zeta:    C3'-O3'-P(i+1)-O5'(i+1)

      chi for pyrimidines(Y): O4'-C1'-N1-C2
          chi for purines(R): O4'-C1'-N9-C4

    (The number -9999.99 means that the angle can not be calculated) 

Ch Res  Num    alpha    beta     gamma    delta  epsilon    zeta     chi
D   G    1  -9999.99 -9999.99    49.63    88.70  -124.79   -93.20   177.95
D   C    2    -42.42   157.82    38.70    80.29  -135.93   -80.42  -160.34
D   C    3    -70.23   154.49    69.61    79.75  -142.86   -76.05  -163.89
D   C    4    -60.39   166.90    55.36    76.79  -140.69   -80.71  -164.73
D   G    5    -66.49   155.93    69.37    76.70  -146.26   -81.44  -173.30
D   G    6    -68.37   159.15    65.60    82.23  -127.89  -130.21  -175.85
D   A    7     -6.88   121.28    52.64   127.91   -98.21   -62.62  -144.62
D 4SU    8    -73.47  -168.68    65.34    89.30  -146.82  -116.12   178.52
D   A    9    -67.88  -156.79    65.90   135.47  -116.38   -34.41   -82.30
D   G   10    161.67   145.60    55.05    86.03  -124.68  -107.20  -177.06
D   C   11    -30.83   138.65    47.84    88.03  -119.03  -116.25  -163.32
D   U   12    -28.29   137.53    36.36    81.69  -143.29   -72.86  -144.71
D   C   13    128.13  -150.10  -153.09    86.54  -150.87  -100.68  -156.27
D   A   14    114.87  -151.01  -140.82    86.00  -143.56   -37.79   175.46
D   G   15    -87.36  -178.54    54.99    82.49  -125.91   -68.67  -153.23
D   U   16    -67.57  -159.80    42.27    83.51  -127.32   -99.84  -143.95
D   U   17    -86.00    81.30  -132.38   131.75  -118.20   179.27  -140.35
D   G   18     29.37   179.97   -66.00    92.97  -115.57  -126.05  -152.39
D   G   19    -30.06   141.43    68.79   145.37   -87.65    80.98  -113.50
D   G   20     62.81   146.29   -71.99   149.21  -150.88   137.53  -167.66
D   A   21     54.24   175.74   -78.91    88.98  -156.89   -85.04  -143.54
D   G   22   -144.76   120.32   134.03    90.96  -142.24   -84.97  -173.76
D   A   23    -64.27   173.82    50.44    85.09  -125.13   -92.96  -170.17
D   G   24    -55.66   145.20    59.31    85.31  -135.56   -89.24  -169.98
D   C   25    -49.25   159.98    45.93    77.89  -139.38   -90.65  -160.48
D   A   26    -37.24   169.36    48.61    80.59  -122.68   -60.56    -2.52
D   G   27    -73.42   157.15    65.51    82.78  -142.63   -91.29  -171.70
D   G   28    -54.06   164.01    49.23    78.68  -139.05   -78.71  -167.13
D   G   29    -62.06   158.52    61.18    75.14  -144.78   -72.22  -172.57
D   G   30    -81.47   160.29    87.77    79.49  -145.70   -71.23  -177.32
D   A   31    -63.24   178.22    51.81    80.34  -144.40   -67.10  -165.94
D PSU   32    -67.63   167.64    58.40    84.33  -129.24   -72.10 -9999.99
D   U   33    -63.12   177.03    48.96    78.57  -133.82   -73.53  -159.26
D   G   34    161.05   171.61    49.85    87.11  -130.41   -74.69  -174.39
D   A   35    -65.93   164.44    54.48    80.94  -148.41   -77.64  -163.48
D   A   36    -57.16   166.34    54.22    79.37  -144.35   -48.07  -166.23
D MIA   37   -134.87   140.08   135.82    81.93  -125.92   -62.04   173.54
D   A   38    -87.47   166.82    65.57    79.48  -135.39   -71.01  -173.80
D PSU   39    -64.51   164.06    62.10    81.97  -148.13   -77.31 -9999.99
D   C   40    -66.55   172.24    57.13    81.61  -139.16   -81.25  -168.19
D   C   41    -66.05   163.18    63.81    84.34  -140.32   -87.28  -168.47
D   C   42    -57.42   159.65    55.13    85.09  -138.26   -93.25  -162.44
D   C   43    -51.72   160.73    47.04    82.79  -121.75  -105.93  -151.84
D   G   44    -37.26   148.03    37.41    87.80  -115.82  -132.19    47.45
D   U   45    -19.19   131.53    42.43    89.34  -129.63  -104.22  -111.27
D G7M   46    -51.98   166.89    66.04   125.27  -131.42   -50.64   -92.87
D 3AU   47   -135.77    98.74   167.42   150.04   -97.23   127.84   -53.83
D   C   48    -67.26   145.06    38.00   133.32  -135.77    63.24  -153.36
D   C   49     75.70   157.68    50.81    85.84  -145.59   -85.01  -166.66
D   U   50    -92.72   179.54    72.10    85.86  -147.68   -78.06  -166.70
D   U   51    -64.02   165.79    58.48    78.26  -134.24   -78.47  -162.84
D   G   52    -92.66   150.70    83.84    82.39  -136.98   -84.09  -170.59
D   G   53    -78.89   150.09    79.61    82.95  -135.25   -89.51  -178.96
D   U   54    -47.49   168.56    35.98    82.49  -116.50   -89.83  -160.27
D PSU   55    -65.00   154.76    56.45    75.16  -111.39  -124.84 -9999.99
D   C   56    133.25  -131.42    72.32    84.19  -145.71   -72.41  -160.62
D   G   57    -83.43   159.54    75.48    80.88  -139.15   -57.22  -177.05
D   A   58    -76.86  -128.71    67.46   141.47  -113.48  -176.67   -94.95
D   U   59    112.83  -151.17    45.35    83.09  -132.69   -89.44  -165.47
D   C   60    -28.67   143.89    62.81   134.14   -98.97   -46.82  -143.48
D   C   61    -91.54  -171.44    40.20    85.03  -146.60   -86.07  -160.98
D   C   62    -67.24   169.28    56.80    84.16  -141.15   -83.92  -162.44
D   G   63    -65.10   164.34    49.95    77.74  -140.83   -81.68  -161.46
D   A   64    -76.31   157.46    71.72    82.24  -137.45   -83.97  -175.44
D   G   65    -71.84   162.17    66.88    83.83  -145.63   -73.68  -178.39
D   U   66    -79.18  -169.35    51.51    78.79  -117.92   -98.91  -160.98
D   C   67    -52.89   137.93    59.09    77.13  -130.03  -105.78  -162.13
D   C   68    -42.57   139.56    59.23    76.07  -143.83   -87.22  -165.04
D   G   69    -48.77   156.73    55.93    76.57  -137.14   -85.83  -177.96
D   G   70    -39.80   164.36    27.91    70.33  -149.71   -77.91  -162.99
D   G   71    -64.52   168.23    59.57    83.96  -147.84   -70.27  -164.96
D   C   72    -81.57   164.47    74.50    84.73  -144.83   -71.92  -169.13
D   A   73    -81.41   166.15    73.75    84.64  -133.69   -85.08  -175.35
D   C   74    -47.24   163.74    37.15    77.70  -116.29  -146.80  -161.56
D   C   75     49.41  -157.16    49.18   145.81   -92.46  -171.01  -124.53
D   A   76    -64.57   179.49  -177.38   143.65 -9999.99 -9999.99  -148.04
