The backbone torsional angle for nucleic acid 

 
Note: alpha:   O3'(i-1)-P-O5'-C5'
      beta:    P-O5'-C5'-C4'
      gamma:   O5'-C5'-C4'-C3'
      delta:   C5'-C4'-C3'-O3'
      epsilon: C4'-C3'-O3'-P(i+1)
      zeta:    C3'-O3'-P(i+1)-O5'(i+1)

      chi for pyrimidines(Y): O4'-C1'-N1-C2
          chi for purines(R): O4'-C1'-N9-C4

    (The number -9999.99 means that the angle can not be calculated) 

Ch Res  Num    alpha    beta     gamma    delta  epsilon    zeta     chi
N   A    2  -9999.99 -9999.99    55.25    81.75  -151.05   -77.77  -166.42
N   G    3    -59.20   168.97    54.79    82.93  -105.61   -99.40  -168.31
N   C    4     76.24  -126.24  -128.30    83.22  -133.19   -73.97  -173.52
N   A    5    -58.25   172.73    43.14    77.82  -148.32   -76.81  -162.41
N   G    6    -62.57   164.46    62.17    76.72  -143.08   -88.42  -163.99
N   A    7    -66.97   161.87    59.97    80.95  -144.92   -76.81  -168.04
N   G    8    -55.32   177.94    74.30   145.52  -125.20    -7.89  -120.57
N   U    9   -107.22  -110.83    -4.64    81.12   176.21   -87.01   178.79
N   G   10   -110.46   123.94   166.87   146.48  -122.84    14.37  -128.56
N   G   11    159.16   153.60    47.98    83.27  -168.85   -83.43  -179.67
N   C   12   -119.65  -130.84    82.89    82.03   -94.18  -121.91  -153.57
N   G   13    -76.69   144.49    49.73    85.53  -178.02   -84.04  -141.44
N   C   14    166.35  -131.59   153.39    83.80   -87.62  -161.83  -164.47
N   A   15    -18.32   111.01    34.05    81.38   -96.80  -159.97  -110.19
N   G   16    108.61   -93.28   165.23    82.03  -106.64  -161.38  -113.56
N   C   17    -96.47   -99.29  -165.90   147.73  -113.64   108.31  -115.96
N   G   18   -103.89   113.81   174.52   146.75  -107.26   -72.43   -63.57
N   G   19    -90.22   110.61   145.97   147.97   -95.39   -77.53  -113.51
N   A   20   -171.47  -154.63    91.47    82.85  -154.90   -82.79   -79.78
N   A   21    167.44   117.29    50.58   145.37  -143.04   150.59   -66.81
N   G   22   -167.36   178.54   102.29    80.19  -176.74   -90.60  -126.31
N   C   23    149.31  -167.71   170.12    80.45  -142.57   -57.81  -170.73
N   G   24    -70.30   167.80    61.67    82.38  -109.79   -78.44  -171.95
N   U   25     90.33  -137.91  -123.58    81.74  -111.25   -73.98  -168.38
N   G   26    100.19  -164.81  -136.54    82.91  -121.28   -75.71   174.88
N   C   27    -52.46   171.16    44.07    79.21  -149.63   -77.18  -166.30
N   U   28    -57.77   170.55    49.95    77.61  -135.67   -83.19  -163.98
N   G   29    -57.18   159.46    53.09    77.56  -145.48   -80.17  -171.57
N   G   30    -55.93   166.08    54.45    79.44  -164.60   -87.25  -167.08
N   G   31    164.81  -149.27   163.48    82.90  -145.90   -62.00   175.99
N   C   32   -148.48  -115.09    75.24    83.86  -112.07   -76.26  -139.98
N   C   33   -103.53    82.70   134.83    80.24   -99.45  -108.72  -162.92
N   C   34    164.75  -167.54    50.74    82.29   -83.78  -137.87  -153.99
N   A   35    -21.44   123.31    45.36   144.36  -135.05  -142.73  -109.48
N   U   36     44.83  -115.64  -128.27    80.36  -119.69   -61.69  -168.32
N   A   37    157.34  -170.84   168.14    81.35  -126.74   -80.91   178.85
N   A   38    -51.90   155.14    53.52    79.66  -130.08   -72.82  -179.07
N   C   39    -52.63   162.20    52.51    80.36  -145.63   -76.88  -174.48
N   C   40    -54.27   171.70    50.55    79.55  -149.95   -72.47  -173.43
N   C   41    -63.41   177.84    52.12    80.63  -154.97   -71.88  -168.02
N   A   42    -64.82  -179.52    46.20    81.07  -163.83   -85.68  -163.92
N   G   43    161.26  -149.48   163.65    82.38  -119.70  -117.38   172.80
N   A   44    -55.48   150.90    48.67    82.00  -124.41   -72.79  -175.17
N   G   45    -51.25   156.94    50.14    82.26  -114.32   159.25  -167.07
N   G   46     77.49   102.19    51.98   146.22  -132.33   -92.26   -51.83
N   U   47    159.43   173.83   -65.76    82.29   176.95   144.87  -162.11
N   C   48    -52.18  -164.65    62.67   144.96  -138.57    59.42  -123.93
N   G   49     61.15   158.34    45.13    81.75  -145.22   -74.63  -169.89
N   A   50    -68.22   170.19    58.67    80.18  -153.33   -76.33  -168.02
N   U   51    -61.29   171.64    57.95    81.41  -136.25   -93.08  -164.78
N   G   52    170.85  -157.20   145.25    81.68  -136.09   -87.86  -171.76
N   G   53    -59.02   152.54    63.21    80.79  -156.34  -133.79  -173.45
N   A   54     32.53   132.81   -35.61   149.13  -123.46   -82.39  -103.17
N   U   55    -73.89  -167.26    50.29    82.53  -112.76   -59.17  -160.05
N   C   56    110.95   172.27    59.33   145.72  -101.91   -90.23  -104.23
N   G   57    -82.62   167.04    43.42    80.87  -152.04   -87.66  -159.97
N   A   58   -165.64  -110.04  -178.62   147.18   -85.66  -113.97  -125.72
N   A   59     57.90   156.68    50.54    83.82  -110.97   -63.32  -178.32
N   A   60    -78.31  -159.40    61.34    84.53  -110.25   -51.44   -68.40
N   C   61    -85.87  -124.22    52.00    82.57  -146.97   -81.19  -160.22
N   C   62    -52.72   161.62    56.75    82.59  -143.96   -92.65  -158.21
N   A   63    177.38  -155.80   137.55    81.90  -140.59   -80.42  -178.17
N   U   64    -56.91   170.43    49.71    82.08  -150.35   -78.35  -163.82
N   C   65    -59.21   167.32    54.66    82.02  -146.36   -67.96  -161.00
N   C   66    -71.89  -160.70    55.30   147.45  -161.34  -106.84  -120.16
N   U   67    -96.80  -170.73    36.66    77.79  -156.68   -70.63  -153.71
N   C   68    -66.46   165.66    65.29    79.29  -152.49   -77.73  -159.33
N   U   69    -58.81   174.68    48.97    79.61  -149.43   -80.35  -160.80
N   G   70    -59.24   178.10    41.15    81.52  -148.41   -83.47  -166.13
N   C   71    -50.00   163.07    50.59    79.68  -145.02   -82.85  -162.52
N   U   72    -52.24   161.28    54.45    81.30  -142.55   -81.43  -159.81
N   A   73    -58.49   167.09    51.00    84.75  -119.37  -102.96  -158.57
N   C   74     75.54  -118.56  -108.76   150.13   -86.23  -104.01  -142.05
N   C   75     67.60   173.15    55.74    81.75  -153.81   -70.67  -161.62
N   A   76    148.51  -172.25   -63.58    83.38 -9999.99 -9999.99  -148.22
