The backbone torsional angle for nucleic acid 

 
Note: alpha:   O3'(i-1)-P-O5'-C5'
      beta:    P-O5'-C5'-C4'
      gamma:   O5'-C5'-C4'-C3'
      delta:   C5'-C4'-C3'-O3'
      epsilon: C4'-C3'-O3'-P(i+1)
      zeta:    C3'-O3'-P(i+1)-O5'(i+1)

      chi for pyrimidines(Y): O4'-C1'-N1-C2
          chi for purines(R): O4'-C1'-N9-C4

    (The number -9999.99 means that the angle can not be calculated) 

Ch Res  Num    alpha    beta     gamma    delta  epsilon    zeta     chi
B   G  902  -9999.99  -178.86    57.78    84.19  -154.64   -68.63  -170.48
B   G  903    -74.23   172.74    58.55    77.48  -154.52   -73.25  -170.32
B   G  904    -56.12   166.22    56.64    81.36  -152.42   -69.30  -168.20
B   G  905    145.41  -163.22   179.98    79.92  -141.29   -76.65  -176.00
B   U  906    -65.24   164.20    58.04    80.00  -156.30   -76.47  -167.65
B   A  907    -55.02   178.86    63.78   133.23   -87.47   -81.27  -122.77
B 4SU  908    -67.56  -153.14    59.62    80.42  -133.19  -141.86  -166.40
B   C  909   -106.29  -155.32    71.89    90.62    10.00   162.24  -117.59
B   G  910    111.22  -131.71    80.91    87.72  -154.50   -61.75   176.39
B   C  911    -91.67  -161.19    55.71    82.74  -162.47   -70.52  -158.47
B   C  912    145.81  -166.89   179.48    84.49  -131.18   -64.70  -171.29
B   A  913    -63.35   161.26    63.13    83.31  -158.08   -85.06  -167.16
B   A  914    -71.36   166.65    67.57    80.74  -130.38   -68.65  -167.51
B   G  915    -60.13   151.84    64.70    81.16   161.88    53.06  -151.31
B   C  916   -154.98  -143.05    65.29   131.44  -107.36    49.95  -149.10
B OMG  918   -162.41  -135.97   174.10    80.65   -72.94  -153.15  -171.36
B   G  919    -63.30   127.54    65.27    88.93     2.42   137.39  -137.02
B H2U  920    -92.53  -143.52    55.42   149.40  -116.81   -90.97   -81.55
B   A  921     71.16   150.46    60.85    78.19   165.46  -120.02  -131.19
B   A  922    161.21   157.66  -179.31    78.35  -127.11   -64.93  -169.03
B   G  923    -64.49   159.96    61.34    82.15  -160.24   -70.81  -170.46
B   G  924    -70.42   176.43    55.78    81.20  -148.69   -71.37  -174.55
B   C  925    -64.85   169.24    56.08    79.24  -145.70   -62.22  -168.60
B   A  926    -71.53   173.46    53.03    77.23  -141.34   -73.26  -167.07
B   C  927    -56.38   160.72    53.51    81.45  -144.03   -76.51  -160.48
B   C  928    -65.65   167.89    53.80    76.82  -143.65  -109.05  -165.43
B   G  929    139.97  -128.43   176.21    78.93  -103.73   -93.10   171.77
B   G  930    -60.28   144.15    60.63    78.48  -155.61   -79.22  -170.57
B   U  931    -64.69   171.65    54.51    79.06  -140.99   -73.41  -162.72
B OMU  932    -64.22   163.68    52.24    74.72  -140.31   -64.24  -175.83
B   U  933    -59.14   169.18    53.87    76.77  -116.89   -71.56  -157.21
B 1RN  934   -113.19   127.11   -65.87   159.96  -133.05  -152.86  -130.20
B   U  935    -32.47  -168.10    69.90   106.28  -131.59   -23.33  -146.53
B   G  936    -88.65  -118.10   169.83   137.30   -77.36   -28.21   -94.14
B 2MA  937    -79.95  -156.01    61.00    81.12  -138.17   -66.76   176.26
B PSU  938    -54.09   163.43    59.34    81.26  -136.60   -66.49 -9999.99
B   A  939    -69.78   164.89    56.38    80.56  -132.19   -83.14  -167.91
B   C  940    -50.17   152.54    53.63    78.64  -145.95   -77.10  -167.23
B   C  941    -71.43   173.27    55.33    79.34  -150.43   -70.40  -165.74
B   G  942    -68.82   166.42    56.58    75.87  -156.35   -75.82  -172.06
B   G  943    -62.56   170.22    56.82    78.95  -140.03   -58.05  -173.88
B   C  944    -90.78  -167.88    58.13    80.65   -98.37  -156.55  -146.10
B   A  945    -79.82  -179.17    63.77    81.50 -9999.99 -9999.99   -98.09
B   C  948  -9999.99  -163.25  -179.67   135.38  -143.70   104.40  -147.28
B   G  949     30.67   172.44    55.56    83.21  -145.96   -73.71  -179.35
B   C  950    -72.07   175.88    55.36    81.19  -157.48   -62.27  -162.70
B   A  951    -74.75  -177.70    52.02    79.65  -151.90  -116.52  -159.34
B   G  952    129.52  -113.37   173.27    80.98  -120.54   -78.27   173.89
B   G  953    -57.06   157.28    59.25    76.08  -159.33   -75.45  -172.96
B 5MU  954    -77.96  -177.87    53.60    76.57  -139.00   -67.11  -164.86
B PSU  955    -61.58   169.60    54.04    77.56  -125.18   -50.28 -9999.99
B   C  956    178.64   129.51    51.70    81.09  -125.00   -66.30   176.55
B   G  957    -65.18   166.40    60.48    78.50  -138.70   -69.21  -167.35
B   A  958    -52.50  -142.88    56.63   143.02  -109.26  -167.58   -64.64
B   A  959     85.94  -142.40    66.48    84.32  -168.58   -54.98  -165.69
B   U  960    153.94  -161.19   176.23   121.50   -77.58   -62.04  -148.99
B   C  961   -100.00  -159.04    59.18    81.25  -150.97   -72.32   179.44
B   C  962    -69.03   176.07    56.92    78.90  -148.61   -75.43  -173.69
B   U  963    -71.71   171.16    57.57    78.64  -138.45   -83.01  -163.32
B   G  964    -61.24   151.51    57.45    77.35  -143.40   -75.31  -175.39
B   C  965    -55.78   166.02    58.50    78.84  -151.01   -81.68  -164.67
B   U  966    -59.06   156.94    58.64    79.73  -151.49   -72.01  -173.64
B   A  967    -77.55   173.58    60.24    82.10  -137.93   -83.77  -162.06
B   C  968    -57.82   153.33    55.08    79.01  -151.82   -84.64  -159.14
B   C  969    -62.12   166.03    55.66    78.04  -148.98   -73.29  -167.01
B   C  970    -65.66   173.16    55.32    80.39  -150.47   -72.71  -169.53
B   C  971    -75.78   177.29    56.10    81.70  -133.77   -91.85  -155.66
B   A  972    -68.77  -165.43    59.47    87.14  -142.34    85.25  -162.18
B   G  973     61.49    89.51  -177.53   143.61  -110.77  -136.89    48.14
B   C  974     69.48  -152.29    63.60   138.98  -143.30    60.05  -129.78
B   C  975     82.22   104.84   173.98    83.42  -144.81   -68.41  -159.30
B   A  976    -62.39   163.95    53.63    75.63 -9999.99 -9999.99  -147.66
