PDB data file name: tRNA_dataset/4yco_chain_F.pdb_new
-----------------------------------------------------------
CRITERIA USED TO GENERATE BASE-PAIR: 
  3.40 --> upper H-bond length limits (ON..ON).
 26.00 --> max. distance between paired base origins.
  2.50 --> max. vertical distance between paired base origins.
 65.00 --> max. angle between paired bases [0-90].
  5.40 --> min. distance between RN9/YN1 atoms.
  8.00 --> max. distance criterion for helix break[0-12]
-----------------------------------------------------------
BASE-PAIR INSTRUCTIONS: 
Column 1 is rnaview assigned base numbers n1_n2, start from 1.
Column 2 & 3 are chain ID & residue number in input PDB file.
Column 4 is for base pair. The left & right are the bases as 
         identified by column 2 & 3 and 5 & 6.
Column 5 & 6 are residue number & chain ID in input PDB file.
Column 7 is for base pair annotation. The standard Watson-Crick
         (W.C.) pairs are annotated as -/- (AU,AT) or +/+ (GC).
         Other pairs are annotated as Leontis_Westhof Classification.
         The three edges: W(Watson-Crick); H(Hoogsteen); S(suger).
         e.g. W/H means the pair is edge of Watson-Crick & Hoogsteen.
Column 8 is glycosidic bond orientation (either cis or trans).
         e.g. 'W/H cis' means the pair is interaction on Watson-Crick
         and Hoogsteen side, glycosidic bond orientation is 'cis'.
Column 9 corresponds to Saenger Classification.

Other columns: 
        Syn sugar-base conformations are annotated as (syn).
        Stacked base pairs are annotated as (stack).
        Non-identified edges are annotated as (.) or (?)
        Tertiary interactions are marked by (!) in the line.
Reference:
Yang et al (2003) Nucleic Acids Research, Vol31,No13,p3450-3461.
-----------------------------------------------------------
BEGIN_base-pair
      1_2, F:     1 G-C     2 F:      stacked
     3_70, F:     3 G-C    70 F: +/+ cis         XIX
     4_69, F:     4 C-G    69 F: +/+ cis         XIX
     5_68, F:     5 G-C    68 F: +/+ cis         XIX
     6_67, F:     6 G-C    67 F: +/+ cis         XIX
     7_66, F:     7 A-U    66 F: -/- cis         XX
     8_14, F:     8 U-A    14 F: W/H tran        XXIV
     9_23, F:     9 A-A    23 F: H/H tran   syn    II
    10_25, F:    10 G-C    25 F: +/+ cis         XIX
    11_24, F:    11 C-G    24 F: +/+ cis         XIX
    12_13, F:    12 U-C    13 F:      stacked
    12_23, F:    12 U-A    23 F: -/- cis         XX
    13_22, F:    13 C-G    22 F: +/+ cis         XIX
    14_21, F:    14 A-A    21 F: W/S cis         n/a
    15_48, F:    15 G-C    48 F: W/W tran        XXII
    18_55, F:    18 G-U    55 F: W/S tran        n/a
    19_20, F:    19 G-U    20 F: S/H cis    syn    n/a
    19_56, F:    19 G-C    56 F: +/+ cis    syn    XIX
    22_46, F:    22 G-G    46 F: H/W tran        VII
    24_44, F:    24 G-G    44 F: H/W tran     syn  VII
    27_43, F:    27 G-C    43 F: +/+ cis         XIX
    28_42, F:    28 G-C    42 F: +/+ cis         XIX
    29_41, F:    29 G-C    41 F: +/+ cis         XIX
    30_40, F:    30 G-C    40 F: W/W cis         n/a
    31_40, F:    31 A-C    40 F: S/W cis         n/a
    38_39, F:    38 A-U    39 F: syn    stacked
    39_40, F:    39 U-C    40 F:      stacked
    49_65, F:    49 C-G    65 F: +/+ cis         XIX
    50_64, F:    50 U-A    64 F: -/- cis         XX
    51_63, F:    51 U-G    63 F: W/W cis         XXVIII
    52_62, F:    52 G-C    62 F: +/+ cis         XIX
    53_61, F:    53 G-C    61 F: +/+ cis         XIX
    54_58, F:    54 U-A    58 F: W/H tran     syn  XXIV
    31_38, F:    31 A-A    38 F: W/W tran     syn  !1H(b_b)
     8_21, F:     8 U-A    21 F: S/W tran        !(b_s)
     9_11, F:     9 A-C    11 F: S/H cis    syn    !(b_s)
    20_21, F:    20 U-A    21 F: S/? cis         !(s_s)
    33_36, F:    33 U-A    36 F: S/H tran        !(s_s)
    45_46, F:    45 U-G    46 F: S/H cis    syn    !(s_s)
    47_48, F:    47 U-C    48 F: S/. tran        !(s_s)
END_base-pair

Summary of triplets and higher multiplets
BEGIN_multiplets
8_14_21_| [1 3]  F: 8 U  +  F: 14 A  +  F: 21 A
9_12_23_| [2 3]  F: 9 A  +  F: 12 U  +  F: 23 A
11_24_44_| [3 3]  F: 11 C  +  F: 24 G  +  F: 44 G
13_22_46_| [4 3]  F: 13 C  +  F: 22 G  +  F: 46 G
19_20_56_| [5 3]  F: 19 G  +  F: 20 U  +  F: 56 C
END_multiplets

  The total base pairs =  29 (from   71 bases)
------------------------------------------------
 Standard  WW--cis  WW-tran  HH--cis  HH-tran  SS--cis  SS-tran
       17        2        1        0        1        0        0
  WH--cis  WH-tran  WS--cis  WS-tran  HS--cis  HS-tran
        0        4        2        1        1        0
------------------------------------------------
