The backbone torsional angle for nucleic acid 

 
Note: alpha:   O3'(i-1)-P-O5'-C5'
      beta:    P-O5'-C5'-C4'
      gamma:   O5'-C5'-C4'-C3'
      delta:   C5'-C4'-C3'-O3'
      epsilon: C4'-C3'-O3'-P(i+1)
      zeta:    C3'-O3'-P(i+1)-O5'(i+1)

      chi for pyrimidines(Y): O4'-C1'-N1-C2
          chi for purines(R): O4'-C1'-N9-C4

    (The number -9999.99 means that the angle can not be calculated) 

Ch Res  Num    alpha    beta     gamma    delta  epsilon    zeta     chi
F   G    1  -9999.99  -127.83    84.34    86.48  -106.37  -149.05  -139.84
F   C    2    102.06  -106.47   170.44    87.57  -171.74   -68.10  -138.07
F   G    3   -148.51  -103.59    77.92    78.65   173.74   -65.86  -172.12
F   C    4   -119.74  -156.09    91.04    78.59  -147.89   -73.42  -159.45
F   G    5    -60.97   176.98    43.66    79.44  -175.50   -77.14  -158.19
F   G    6    148.84  -161.27  -171.35    92.12  -131.92   -69.65  -176.66
F   A    7    -52.89   176.14    54.72   141.85   -93.60   -58.49  -133.10
F   U    8    -63.15  -170.85    57.26    76.59  -130.49  -121.93  -171.36
F   A    9    -70.42  -155.72    56.69   139.45   -94.59   -81.08   -74.62
F   G   10    177.61   155.38    53.59    89.79  -122.22   -91.84   170.06
F   C   11    -52.26   163.09    48.00    86.50  -153.69   -68.39  -166.80
F   U   12    -77.50  -177.59    55.84    76.09  -153.09   -70.00  -156.44
F   C   13    138.63  -151.26  -164.98    81.09  -157.76   -65.07  -169.59
F   A   14    -76.01  -173.48    59.20    73.81  -131.52   -67.25  -171.70
F   G   15    -64.65   165.14    54.89    74.90  -143.40  -174.47  -161.30
F   U   16     47.86   162.93  -179.17   145.66  -109.95   174.29  -123.57
F   C   17    -56.10   174.52    41.60    80.82  -151.37    66.94  -152.62
F   G   18     75.06   146.33    51.09   149.60  -138.15  -115.16  -100.57
F   G   19    -70.62  -163.80    40.24   143.01  -144.67   119.74   -72.58
F   U   20    -58.69   143.76    35.61   149.23  -117.66    85.29  -127.01
F   A   21    -79.43  -150.27    58.90    80.52  -158.20  -104.57  -135.00
F   G   22    -61.45   171.90    47.26   141.08  -146.28  -164.39  -105.27
F   A   23     80.01  -142.92  -151.77    87.70  -140.60   -66.36  -165.24
F   G   24    -74.54   172.46    52.99    75.34  -147.14   -66.36  -160.93
F   C   25    -62.82   170.37    49.02    71.83  -160.34   -59.10  -162.40
F   A   26    -76.97   174.03    70.19    78.87  -130.66   -63.45  -174.41
F   G   27    -59.55   172.42    48.38    76.86  -149.57   -69.69  -163.50
F   G   28    -58.82   173.61    51.42    77.41  -161.09   -66.39  -165.46
F   G   29    -70.08  -168.12    45.46    76.16  -162.80   -75.49  -162.31
F   G   30    161.44  -161.95   168.40    81.94  -129.34   -75.82  -179.03
F   A   31    -57.11   167.48    53.70    80.04  -125.10   -77.51  -175.34
F   U   32    -51.39   167.58    44.91    86.13  -130.47   -72.58  -164.83
F   U   33    -47.97   162.69    47.09    79.03  -131.95   -61.58  -151.05
F   G   34   -164.78   157.73    28.27    85.68  -147.04   -51.53  -165.53
F   A   35   -123.72   161.72    98.85    76.04  -148.75   -56.29  -171.51
F   A   36   -175.76   178.63   155.36    84.03  -122.75   -85.91   172.70
F   A   37    -59.87   157.62    56.45    84.00  -127.84   -74.18  -172.03
F   A   38    -50.70   166.73    50.38    73.85  -158.30   -44.88    15.53
F   U   39    -84.81   174.69    60.90    82.42  -145.69   -69.28  -155.77
F   C   40    -76.31   174.35    56.54    77.77  -141.80   -80.92  -140.23
F   C   41    -45.98   164.33    34.52    73.39  -132.76   -87.91  -166.46
F   C   42    -36.91   153.62    41.12    75.26  -160.11   -61.44  -161.03
F   C   43    -73.80  -171.31    54.82    82.30  -138.05   -51.03  -159.35
F   G   44    -74.78  -118.91    43.91   146.48  -124.89    90.41   -80.07
F   U   45     91.65   138.30    70.14   134.82   -77.83    76.39    20.68
F   G   46    104.83   135.89   150.33   146.75   -98.54   -85.64  -110.71
F   U   47     50.85   179.18    40.10   121.01   -59.65   -59.30  -139.37
F   C   48    -51.51  -133.24   126.16   128.30  -141.37    78.33  -144.81
F   C   49     63.90   155.20    38.88    83.73  -140.83   -76.91  -173.55
F   U   50    -69.53   175.01    56.02    78.62  -141.98   -71.34  -164.37
F   U   51    -66.54   167.65    61.84    78.12  -143.81   -82.42  -165.13
F   G   52    -66.99   163.35    57.84    76.59  -159.08   -53.97  -168.80
F   G   53    -85.91   176.90    76.35    76.06  -151.72   -73.16  -169.93
F   U   54    -60.91  -175.53    42.56    83.76  -141.43   -63.63  -156.19
F   U   55    -75.82   174.16    57.88    78.02  -135.28   -67.19  -150.22
F   C   56   -175.04   159.64    41.49    82.95  -133.96   -69.66  -167.94
F   G   57    -62.22   171.91    49.13    79.85  -153.38   -63.25  -164.77
F   A   58    -67.28  -130.92    70.72   152.67   -95.20  -175.12   -75.52
F   U   59     85.11  -159.12    67.28    85.69  -139.77   -59.58  -164.12
F   U   60    -58.56   171.81    62.69   134.72   -97.86   -74.71  -122.59
F   C   61    -81.99   176.48    39.14    77.85  -154.41   -72.20  -169.33
F   C   62    -76.27  -168.46    52.34    78.42  -156.79   -71.80  -163.65
F   G   63    -73.10  -176.97    58.22    76.67  -148.13   -69.28  -168.94
F   A   64    -67.99   175.32    57.22    74.47  -147.18   -72.66  -167.30
F   G   65    -63.45   167.81    59.07    72.14  -152.87   -70.61  -166.49
F   U   66    -62.92   168.68    62.88    82.12  -128.88   -86.24  -166.09
F   C   67    -66.91   151.46    60.48    78.10  -151.66   -70.57  -161.91
F   C   68    -72.93  -178.35    58.46    77.26  -153.17   -70.66  -159.62
F   G   69    -70.72   176.69    56.44    78.69  -155.11   -65.70  -160.77
F   C   70    -85.84  -179.48    67.36    76.12  -158.93   -96.62  -157.53
F   G   71    163.22  -148.17   161.44    85.50 -9999.99 -9999.99  -175.01
