BEGIN_base-pair
     7_66, F:     7 A-U    66 F: -/- cis         XX
     8_14, F:     8 U-A    14 F: W/H tran        XXIV
     9_23, F:     9 A-A    23 F: H/H tran   syn    II
    10_25, F:    10 G-C    25 F: +/+ cis         XIX
    10_25,-
7_66_8_14_9_23_10_25_0, click this line to see above pattern
0_0,---------
    19_56, F:    19 G-C    56 F: +/+ cis    syn    XIX
    22_46, F:    22 G-G    46 F: H/W tran        VII
    24_44, F:    24 G-G    44 F: H/W tran     syn  VII
    27_43, F:    27 G-C    43 F: +/+ cis         XIX
    27_43,-
19_56_22_46_24_44_27_43_0, click this line to see above pattern
0_0,---------
    29_41, F:    29 G-C    41 F: +/+ cis         XIX
    30_40, F:    30 G-C    40 F: W/W cis         n/a
    31_40, F:    31 A-C    40 F: S/W cis         n/a
    49_65, F:    49 C-G    65 F: +/+ cis         XIX
    49_65,-
29_41_30_40_31_40_49_65_0, click this line to see above pattern
0_0,---------
    13_22, F:    13 C-G    22 F: +/+ cis         XIX
    14_21, F:    14 A-A    21 F: W/S cis         n/a
    15_48, F:    15 G-C    48 F: W/W tran        XXII
    18_55, F:    18 G-U    55 F: W/S tran        n/a
    19_20, F:    19 G-U    20 F: S/H cis    syn    n/a
    19_56, F:    19 G-C    56 F: +/+ cis    syn    XIX
    19_56,-
13_22_14_21_15_48_18_55_19_20_19_56_0, click this line to see above pattern
0_0,---------
END_base-pair
