The backbone torsional angle for nucleic acid 

 
Note: alpha:   O3'(i-1)-P-O5'-C5'
      beta:    P-O5'-C5'-C4'
      gamma:   O5'-C5'-C4'-C3'
      delta:   C5'-C4'-C3'-O3'
      epsilon: C4'-C3'-O3'-P(i+1)
      zeta:    C3'-O3'-P(i+1)-O5'(i+1)

      chi for pyrimidines(Y): O4'-C1'-N1-C2
          chi for purines(R): O4'-C1'-N9-C4

    (The number -9999.99 means that the angle can not be calculated) 

Ch Res  Num    alpha    beta     gamma    delta  epsilon    zeta     chi
B   G    1  -9999.99 -9999.99   -73.93   102.75  -150.43   -55.40   177.49
B   G    2    164.57   161.99   162.71    94.24  -143.32   -57.85   177.95
B   C    3    -71.73  -166.11    44.69    74.18  -150.92   -48.00  -159.19
B   U    4   -123.29   126.70   153.30    88.02   -94.80  -106.33  -175.67
B   A    5    -48.98   135.43    46.44    84.40  -167.73   -74.70  -149.51
B   C    6    177.41  -171.74   152.57    85.67  -158.18   -66.68  -170.83
B   G    7   -120.52  -143.58    76.26    71.25    42.03   176.02  -167.68
B   U    8     -5.08   176.49    17.92    80.37  -149.69   -74.91  -144.08
B   A    9    -71.02  -142.69    28.21   144.88   -94.16   -79.51   -76.45
B   G   10   -155.37   131.77    37.81    79.59  -140.45   -71.73   178.46
B   C   11    -65.16  -172.41    49.23    80.51  -151.18   -61.66  -173.98
B   U   12    -78.88  -174.83    55.62    81.66  -175.48   -65.23  -155.82
B   C   13    165.06  -146.06   153.35    88.50  -113.77  -101.30  -170.40
B   A   14     45.07  -101.61   -83.20    84.23  -172.99    52.98  -175.34
B   G   15   -146.38    90.45   148.77    81.51  -172.09    48.59  -174.28
B   U   16   -100.70   164.30    65.69    80.08  -121.43   -43.45  -138.25
B   U   17   -177.39   119.56   179.03    90.15  -101.44    89.61  -130.89
B   G   18   -166.79   164.61  -173.27   144.70  -145.88   -64.94   176.16
B   G   19    109.29   176.42  -112.84    77.14  -143.04  -161.50  -149.51
B   U   20    -45.65  -151.18  -143.77   135.65  -153.76  -161.72    45.63
B   A   21    127.15   -61.65  -114.42    82.80   139.33    42.43   -83.08
B   G   22    133.32    61.96   124.90    85.66   170.44   -51.02  -171.23
B   A   23   -130.53  -141.57    89.73    70.55  -114.41  -123.42  -170.80
B   G   24    -59.45    99.48    95.49   112.72   159.73    14.21  -173.92
B   C   25    124.38   142.24   168.11    82.23  -109.07   -76.45  -171.22
B   A   26   -131.95   138.81   105.94   100.05  -141.25   -60.96  -171.93
B   C   27    -86.25   177.25    75.03    81.13  -141.11   -89.20  -169.03
B   A   28   -161.76  -161.00   112.74    82.55  -161.88   -67.83  -166.50
B   U   29    -81.71  -162.99    58.58    79.54  -173.14   -83.68  -151.40
B   C   30    159.85  -150.19   163.92    87.52  -140.62   -46.73  -168.89
B   A   31    -81.36  -160.71    50.32    78.03  -144.83   -94.41  -156.33
B   C   32     -7.78   148.13    28.36   104.48  -152.08   -77.48  -114.98
B   U   33    110.19   178.12  -154.20   101.13   -82.73  -103.78  -162.69
B   C   34     34.32  -156.27   172.07    95.71  -104.71   -71.45   169.23
B   A   35    -79.00   163.17    55.55    78.94  -178.25   -11.78  -154.35
B   U   36   -169.40    90.19   157.72    97.08   -97.60  -109.81  -175.89
B   A   37    -17.85   118.65    52.43    82.67  -168.99   -72.63  -168.04
B   A   38    171.98  -158.91   154.40    85.30  -144.52   -46.26  -162.65
B   U   39    167.77  -167.49   145.19    82.30  -141.53   -70.84  -157.53
B   G   40    -81.52  -179.18    60.34    76.20  -148.39   -63.04  -169.94
B   A   41    -70.33  -162.71    58.82   137.41   174.28   -94.91  -133.33
B   U   42    157.91   163.65   176.06    95.94   -79.67   -35.78  -167.29
B   G   43   -111.48    68.58   147.38    82.69  -148.18   -73.41  -164.14
B   G   44    -63.64   170.47    62.88    88.07   -65.69  -152.37  -161.89
B   G   45    -48.30   123.10    57.71    97.14  -134.01   -33.96  -126.21
B   G   46   -133.19    94.13  -172.20   145.69  -154.94    30.25  -147.75
B   U   47   -164.92   141.79  -176.79   143.42  -127.69    66.69  -131.29
B   C   48     64.54  -177.72   -53.90   144.24  -143.85    96.06  -116.18
B   A   49     43.70   136.08    73.21    88.68  -140.75   -68.57   174.46
B   C   50    168.23   160.47   168.86    89.48  -132.19   -56.99  -174.73
B   A   51    159.68  -142.27   163.62    83.83  -147.59   -46.40    37.53
B   G   52   -151.38    90.26   152.97    88.38  -145.52   -68.79   176.68
B   G   53    177.13   174.40   161.66    93.84  -141.26   -73.12  -172.59
B   U   54    -87.06   177.49    64.19    79.61  -145.91   -67.97  -164.36
B   U   55   -128.14  -157.12    93.05    78.96  -127.40   -49.66  -154.08
B   C   56    -99.98  -136.85   -82.51    86.81  -116.73   -34.88  -161.88
B   G   57    -75.06   175.40    75.44   126.13  -139.90   -48.16  -176.61
B   A   58    163.71   108.29  -146.96   144.09   -98.49   -84.01  -119.27
B   A   59    -35.62  -117.73   167.38    78.75  -175.02    30.66   116.31
B   U   60     84.33   161.90  -170.20   146.28   -94.84   -77.23  -154.98
B   C   61    147.56  -179.01   152.93    92.09  -113.71  -123.42   177.91
B   C   62    -12.56   106.65    56.43   108.03  -144.03   -58.80   169.08
B   C   63    111.84  -170.05  -163.17   104.09  -139.81  -112.53  -160.55
B   G   64    158.64   175.53   144.22   106.96  -107.95   -84.78  -176.85
B   U   65    -87.91   119.67   106.19   105.22  -156.21  -111.48  -143.95
B   C   66    117.13  -158.75  -154.94   100.66  -124.59  -100.75  -176.92
B   G   67    160.53  -104.19   135.29    84.04  -121.58  -165.22   172.88
B   U   68     27.60    88.10     4.45    74.62  -163.16   -79.97  -137.15
B   A   69    -71.40   161.71    67.32    89.16   180.00   -78.27  -153.00
B   G   70    117.81  -159.81  -147.31    86.05  -128.86   -63.14  -179.64
B   C   71    -64.50   172.23    56.56    74.84  -142.95   -71.20  -168.99
B   C   72    -92.23   155.21    90.73    74.04  -119.16   -87.18  -176.75
B   A   73    -57.93   138.99    72.65    75.82  -110.73   -81.80   177.76
B   C   74    -69.90   159.86    61.17    73.99  -120.96   -62.95  -155.61
B   C   75    -61.80   156.73    67.93    82.30  -145.18   119.44  -157.90
B   A   76    -83.23   150.76    43.91   137.01 -9999.99 -9999.99  -137.56
