The backbone torsional angle for nucleic acid 

 
Note: alpha:   O3'(i-1)-P-O5'-C5'
      beta:    P-O5'-C5'-C4'
      gamma:   O5'-C5'-C4'-C3'
      delta:   C5'-C4'-C3'-O3'
      epsilon: C4'-C3'-O3'-P(i+1)
      zeta:    C3'-O3'-P(i+1)-O5'(i+1)

      chi for pyrimidines(Y): O4'-C1'-N1-C2
          chi for purines(R): O4'-C1'-N9-C4

    (The number -9999.99 means that the angle can not be calculated) 

Ch Res  Num    alpha    beta     gamma    delta  epsilon    zeta     chi
D   C    1  -9999.99 -9999.99   -78.92    81.65  -132.45    53.39  -166.82
D   G    2     93.77   161.86   -44.07    86.06  -147.76   -44.87  -114.35
D   C    3   -121.29   142.76  -165.53    80.63  -153.64   -88.48  -142.95
D   G    4    -94.35   170.47    78.28    84.44  -146.16   -67.18   139.34
D   G    5    -60.49  -141.54    31.51    77.17  -169.88     5.12  -120.50
D   G    6   -139.40   119.46   179.75    82.77  -142.94   -91.64  -167.22
D   G    7    154.64  -126.36   163.42    82.35  -140.86    33.66  -153.64
D   U    8     88.53   120.76  -119.89    80.38  -173.87   154.37    15.68
D   G    9   -107.99  -156.48  -175.41    82.98  -169.57  -127.09   -97.69
D   G   10   -140.47   -95.49    73.53    80.49  -168.48  -168.05   155.87
D   A   11   -127.12   -91.12   170.73    82.96  -133.04   -54.17  -156.10
D   G   12    147.13   162.49   175.09    73.78  -146.52   -74.84  -154.77
D   C   13    169.45  -125.35  -179.31    82.96   -84.64  -119.03  -154.11
D   A   14   -154.26   156.47    42.47    82.71  -105.91   -80.88    78.78
D   G   15    -92.50  -169.40   164.55    84.51  -154.55    84.96    99.48
D   C   16   -170.97    78.44   157.41    78.22  -112.66    74.27  -133.71
D   C   17   -139.08  -107.97   -79.28    79.05  -107.25  -127.56  -141.55
D   U   17    -35.91   102.42    84.64    83.22   -87.48   102.76  -137.81
D   G   18    165.00   139.76  -160.14    80.00   -84.76  -143.37   -97.73
D   G   19   -172.61  -132.60   133.15    86.32   160.55   154.45  -129.15
D   U   20     98.65   146.07   167.56    77.46  -177.35   -16.92  -161.42
D   A   21    155.53  -129.54   173.98    80.31  -141.87  -151.41   115.56
D   G   22    166.94  -124.43   174.84    81.49   173.26   -74.73  -124.49
D   C   23    -60.97  -143.37     4.65   107.41  -114.91   -77.75   179.19
D   U   24   -103.76   145.02    83.00    83.60  -105.28   -71.23  -162.82
D   C   25   -179.69   154.44  -175.85    79.73  -102.77  -105.90  -161.91
D   G   26    -56.05   128.39    67.38    84.05  -114.39  -128.77  -176.16
D   U   27    143.54  -108.27   174.91    81.51   -96.59  -154.94  -163.04
D   C   28    126.99  -119.40   157.92    84.17  -119.24   -79.10  -162.33
D   G   29    -68.30   174.88    39.48    79.89  -136.40   -76.97  -167.52
D   G   30    -44.81  -162.73    17.68    76.89  -132.18   -41.75  -136.92
D   G   31    -93.11   121.80   165.98    84.83   -73.08  -133.47  -168.07
D   C   32    105.41  -131.61   174.81    79.86  -104.05   159.20  -157.37
D   U   33     38.67   173.68  -168.17    84.97   -93.64   116.53  -155.40
D   C   34   -103.37  -135.66   153.60    82.47  -177.59   -90.18  -157.12
D   A   35    177.58  -172.27   168.85    82.89  -114.04   -35.37  -117.50
D   U   36    175.71   162.98   172.42    79.86   172.97   -97.60  -160.61
D   A   37    145.04   140.91   137.65    82.74  -162.75    55.12   -49.83
D   A   38   -170.63  -110.91    40.36    78.65   163.33    29.46  -138.91
D   C   39   -167.74   116.79   170.83    79.21  -174.01   -72.37  -166.44
D   C   40    125.56   168.61  -142.33   106.52  -155.92   -10.77   172.42
D   C   41     96.69   133.71  -157.37    86.70  -121.56   -39.57  -124.26
D   G   42    -90.78  -175.42   172.19    81.98  -102.41  -142.34   -73.40
D   A   43   -155.14   144.48    69.06    84.35  -139.17   -55.88  -177.54
D   A   44    -65.90  -178.88    44.92    78.63    20.34   162.57  -157.59
D   G   45    -81.96   108.05    42.22    80.68  -152.01   -69.40   -91.89
D   A   46    -72.44   139.94   177.12    79.37  -107.48   -42.93  -151.05
D   U   47    -73.68  -141.70  -162.86    82.96  -114.94   -94.18  -134.01
D   C   48    153.11   -90.81   -73.24   143.50  -155.13  -168.14  -160.29
D   G   49     78.67   132.44   -52.53    79.00  -134.02   -86.15   166.40
D   U   50     79.63   164.97   -96.01    79.51  -126.67   -69.21  -155.46
D   C   51    -52.19   166.40    56.99    74.88  -143.76  -120.02  -164.79
D   G   52    -20.72   135.92    32.10    77.79  -132.21   -95.40  -146.51
D   G   53    -20.84   142.20    45.37    80.03  -144.82   -60.84   178.38
D   U   54    -62.02  -169.78    36.23    78.01  -113.93   -71.24  -156.52
D   U   55    -44.62   156.56    60.49    76.08  -156.63   -86.28    53.65
D   C   56    172.80   141.42    54.69    90.89   -59.10  -168.81  -163.68
D   A   57    114.34  -107.61   164.68    83.61  -106.69   -69.63  -162.34
D   A   58    -67.36   102.08  -179.83    79.15  -127.24  -100.12  -133.91
D   A   59     49.00   117.44  -158.35    82.93  -157.41   -59.93   -84.87
D   U   60   -177.26  -142.84   156.55    98.84   -88.76   -76.71  -156.92
D   C   61    -94.93  -179.48   101.32    82.83  -163.24   -82.33  -135.36
D   C   62   -129.21  -113.39    72.72    83.16  -156.74   -63.63  -172.43
D   G   63    -79.82   165.61    77.27    88.71  -128.12   -92.92  -169.82
D   G   64    -68.39   157.33    50.17    77.93  -153.67   -58.24  -163.46
D   C   65    -85.23  -149.88    40.37    74.93  -121.49   -86.94  -156.49
D   C   66    -57.52   108.96   135.40    81.18   -94.94  -111.56  -178.42
D   C   67    -72.38   157.20    45.49    84.05  -165.47   -65.20  -144.67
D   C   68    150.94  -171.62  -176.93    82.53  -116.90   -82.56  -177.78
D   C   69    -63.53   167.68    55.50    79.85  -158.99   -72.08  -154.84
D   G   70    132.23  -118.26  -123.91    83.23  -137.69    31.97   158.34
D   C   71    170.44    53.87   178.38   143.14  -100.64    85.33   -80.73
D   A   72    153.52   140.12   162.81    86.33  -132.09   152.85   -99.49
D   A   73     22.78    97.88    69.29    82.39  -166.52   -79.95  -107.31
D   C   74    -67.43   157.25   169.69    77.49   119.56   169.73   176.55
D   C   75   -170.81  -135.61   159.88    83.97  -168.87   164.61  -153.38
D   A   76   -166.84   171.17  -146.50   131.73 -9999.99 -9999.99  -144.56
