
Number of the total bases = 1494

=====Table of overall statistics =====
Distributions from total number of pairs (505):
The Standard W.C pairs =   279(55.2%)

    WW--cis    WW-tran    HH--cis    HH-tran    SS--cis    SS-tran
 108(21.4%)  12( 2.4%)   1( 0.2%)   2( 0.4%)   4( 0.8%)   4( 0.8%)

    WH--cis    WH-tran    WS--cis    WS-tran    HS--cis    HS-tran
   7( 1.4%)  34( 6.7%)  12( 2.4%)   9( 1.8%)   5( 1.0%)  28( 5.5%)

std -> the standard W.C. base pairs


=====Table of the pair and edge type statistics =====
     A-A  A-C  C-A  A-G  G-A  A-U  U-A  C-C  C-G  G-C  C-U  U-C  G-G  G-U  U-G  U-U  SUM    %
std    0    0    0    0    0   35   47    0   86  111    0    0    0    0    0    0  279 55.2
WWc    1    2    2   12    5    2    3    2    4   10    0    0    5   29   27    4  108 21.4
WHc    1    0    0    0    1    0    0    0    0    0    0    0    4    0    0    0    6  1.2
HWc    0    0    0    1    0    0    0    0    0    0    0    0    0    0    0    0    1  0.2
WSc    0    2    0    0    0    0    0    0    0    0    0    0    1    0    1    0    4  0.8
SWc    0    0    3    1    1    0    0    0    0    1    0    0    1    0    1    0    8  1.6
HHc    1    0    0    0    0    0    0    0    0    0    0    0    0    0    0    0    1  0.2
HSc    1    0    0    0    0    0    0    0    0    0    0    0    1    0    0    0    2  0.4
SHc    0    1    0    0    0    0    0    0    0    0    0    1    0    1    0    0    3  0.6
SSc    0    0    0    1    0    0    0    0    0    2    0    0    0    1    0    0    4  0.8
WWt    0    0    2    0    1    3    1    0    0    1    0    0    4    0    0    0   12  2.4
WHt    3    0    5    0    4    0    8    0    0    2    0    0    2    0    0    0   24  4.8
HWt    0    2    0    0    0    5    2    0    0    0    0    0    1    0    0    0   10  2.0
WSt    1    1    0    0    0    0    0    0    0    0    0    0    0    0    0    0    2  0.4
SWt    0    0    1    0    0    0    0    0    0    0    1    0    0    1    3    1    7  1.4
HHt    1    0    0    0    0    1    0    0    0    0    0    0    0    0    0    0    2  0.4
HSt    2    0    0    5    0    0    0    1    0    0    0    0    1    0    1    0   10  2.0
SHt    1    1    0    0   11    0    0    0    0    0    0    1    2    2    0    0   18  3.6
SSt    0    0    0    1    2    0    0    0    0    0    0    0    0    0    1    0    4  0.8
W.c    0    0    0    0    0    0    0    0    0    0    0    0    0    0    0    0    0  0.0
.Wc    0    0    0    0    0    0    0    0    0    0    0    0    0    0    0    0    0  0.0
H.c    0    0    0    0    0    0    0    0    0    0    0    0    0    0    0    0    0  0.0
.Hc    0    0    0    0    0    0    0    0    0    0    0    0    0    0    0    0    0  0.0
S.c    0    0    0    0    0    0    0    0    0    0    0    0    0    0    0    0    0  0.0
.Sc    0    0    0    0    0    0    0    0    0    0    0    0    0    0    0    0    0  0.0
..c    0    0    0    0    0    0    0    0    0    0    0    0    0    0    0    0    0  0.0
W.t    0    0    0    0    0    0    0    0    0    0    0    0    0    0    0    0    0  0.0
.Wt    0    0    0    0    0    0    0    0    0    0    0    0    0    0    0    0    0  0.0
H.t    0    0    0    0    0    0    0    0    0    0    0    0    0    0    0    0    0  0.0
.Ht    0    0    0    0    0    0    0    0    0    0    0    0    0    0    0    0    0  0.0
S.t    0    0    0    0    0    0    0    0    0    0    0    0    0    0    0    0    0  0.0
.St    0    0    0    0    0    0    0    0    0    0    0    0    0    0    0    0    0  0.0
..t    0    0    0    0    0    0    0    0    0    0    0    0    0    0    0    0    0  0.0
SUM   12    9   13   21   25   46   61    3   90  127    1    2   22   34   34    5
  %  2.4  1.8  2.6  4.2  5.0  9.1 12.1  0.6 17.8 25.1  0.2  0.4  4.4  6.7  6.7  1.0


NEW Table! (combine standard with W edge)

     A-A  A-C  C-A  A-G  G-A  A-U  U-A  C-C  C-G  G-C  C-U  U-C  G-G  G-U  U-G  U-U  SUM    %
WWc    1    2    2   12    5   37   50    2   90  121    0    0    5   29   27    4  387 76.6
     0.2  0.4  0.4  2.4  1.0  7.3  9.9  0.4 17.8 24.0  0.0  0.0  1.0  5.7  5.3  0.8
WHc    1    0    0    0    1    0    0    0    0    0    0    0    4    0    0    0    6  1.2
     0.2  0.0  0.0  0.0  0.2  0.0  0.0  0.0  0.0  0.0  0.0  0.0  0.8  0.0  0.0  0.0
HWc    0    0    0    1    0    0    0    0    0    0    0    0    0    0    0    0    1  0.2
     0.0  0.0  0.0  0.2  0.0  0.0  0.0  0.0  0.0  0.0  0.0  0.0  0.0  0.0  0.0  0.0
WSc    0    2    0    0    0    0    0    0    0    0    0    0    1    0    1    0    4  0.8
     0.0  0.4  0.0  0.0  0.0  0.0  0.0  0.0  0.0  0.0  0.0  0.0  0.2  0.0  0.2  0.0
SWc    0    0    3    1    1    0    0    0    0    1    0    0    1    0    1    0    8  1.6
     0.0  0.0  0.6  0.2  0.2  0.0  0.0  0.0  0.0  0.2  0.0  0.0  0.2  0.0  0.2  0.0
HHc    1    0    0    0    0    0    0    0    0    0    0    0    0    0    0    0    1  0.2
     0.2  0.0  0.0  0.0  0.0  0.0  0.0  0.0  0.0  0.0  0.0  0.0  0.0  0.0  0.0  0.0
HSc    1    0    0    0    0    0    0    0    0    0    0    0    1    0    0    0    2  0.4
     0.2  0.0  0.0  0.0  0.0  0.0  0.0  0.0  0.0  0.0  0.0  0.0  0.2  0.0  0.0  0.0
SHc    0    1    0    0    0    0    0    0    0    0    0    1    0    1    0    0    3  0.6
     0.0  0.2  0.0  0.0  0.0  0.0  0.0  0.0  0.0  0.0  0.0  0.2  0.0  0.2  0.0  0.0
SSc    0    0    0    1    0    0    0    0    0    2    0    0    0    1    0    0    4  0.8
     0.0  0.0  0.0  0.2  0.0  0.0  0.0  0.0  0.0  0.4  0.0  0.0  0.0  0.2  0.0  0.0
WWt    0    0    2    0    1    3    1    0    0    1    0    0    4    0    0    0   12  2.4
     0.0  0.0  0.4  0.0  0.2  0.6  0.2  0.0  0.0  0.2  0.0  0.0  0.8  0.0  0.0  0.0
WHt    3    0    5    0    4    0    8    0    0    2    0    0    2    0    0    0   24  4.8
     0.6  0.0  1.0  0.0  0.8  0.0  1.6  0.0  0.0  0.4  0.0  0.0  0.4  0.0  0.0  0.0
HWt    0    2    0    0    0    5    2    0    0    0    0    0    1    0    0    0   10  2.0
     0.0  0.4  0.0  0.0  0.0  1.0  0.4  0.0  0.0  0.0  0.0  0.0  0.2  0.0  0.0  0.0
WSt    1    1    0    0    0    0    0    0    0    0    0    0    0    0    0    0    2  0.4
     0.2  0.2  0.0  0.0  0.0  0.0  0.0  0.0  0.0  0.0  0.0  0.0  0.0  0.0  0.0  0.0
SWt    0    0    1    0    0    0    0    0    0    0    1    0    0    1    3    1    7  1.4
     0.0  0.0  0.2  0.0  0.0  0.0  0.0  0.0  0.0  0.0  0.2  0.0  0.0  0.2  0.6  0.2
HHt    1    0    0    0    0    1    0    0    0    0    0    0    0    0    0    0    2  0.4
     0.2  0.0  0.0  0.0  0.0  0.2  0.0  0.0  0.0  0.0  0.0  0.0  0.0  0.0  0.0  0.0
HSt    2    0    0    5    0    0    0    1    0    0    0    0    1    0    1    0   10  2.0
     0.4  0.0  0.0  1.0  0.0  0.0  0.0  0.2  0.0  0.0  0.0  0.0  0.2  0.0  0.2  0.0
SHt    1    1    0    0   11    0    0    0    0    0    0    1    2    2    0    0   18  3.6
     0.2  0.2  0.0  0.0  2.2  0.0  0.0  0.0  0.0  0.0  0.0  0.2  0.4  0.4  0.0  0.0
SSt    0    0    0    1    2    0    0    0    0    0    0    0    0    0    1    0    4  0.8
     0.0  0.0  0.0  0.2  0.4  0.0  0.0  0.0  0.0  0.0  0.0  0.0  0.0  0.0  0.2  0.0
W.c    0    0    0    0    0    0    0    0    0    0    0    0    0    0    0    0    0  0.0
     0.0  0.0  0.0  0.0  0.0  0.0  0.0  0.0  0.0  0.0  0.0  0.0  0.0  0.0  0.0  0.0
.Wc    0    0    0    0    0    0    0    0    0    0    0    0    0    0    0    0    0  0.0
     0.0  0.0  0.0  0.0  0.0  0.0  0.0  0.0  0.0  0.0  0.0  0.0  0.0  0.0  0.0  0.0
H.c    0    0    0    0    0    0    0    0    0    0    0    0    0    0    0    0    0  0.0
     0.0  0.0  0.0  0.0  0.0  0.0  0.0  0.0  0.0  0.0  0.0  0.0  0.0  0.0  0.0  0.0
.Hc    0    0    0    0    0    0    0    0    0    0    0    0    0    0    0    0    0  0.0
     0.0  0.0  0.0  0.0  0.0  0.0  0.0  0.0  0.0  0.0  0.0  0.0  0.0  0.0  0.0  0.0
S.c    0    0    0    0    0    0    0    0    0    0    0    0    0    0    0    0    0  0.0
     0.0  0.0  0.0  0.0  0.0  0.0  0.0  0.0  0.0  0.0  0.0  0.0  0.0  0.0  0.0  0.0
.Sc    0    0    0    0    0    0    0    0    0    0    0    0    0    0    0    0    0  0.0
     0.0  0.0  0.0  0.0  0.0  0.0  0.0  0.0  0.0  0.0  0.0  0.0  0.0  0.0  0.0  0.0
..c    0    0    0    0    0    0    0    0    0    0    0    0    0    0    0    0    0  0.0
     0.0  0.0  0.0  0.0  0.0  0.0  0.0  0.0  0.0  0.0  0.0  0.0  0.0  0.0  0.0  0.0
W.t    0    0    0    0    0    0    0    0    0    0    0    0    0    0    0    0    0  0.0
     0.0  0.0  0.0  0.0  0.0  0.0  0.0  0.0  0.0  0.0  0.0  0.0  0.0  0.0  0.0  0.0
.Wt    0    0    0    0    0    0    0    0    0    0    0    0    0    0    0    0    0  0.0
     0.0  0.0  0.0  0.0  0.0  0.0  0.0  0.0  0.0  0.0  0.0  0.0  0.0  0.0  0.0  0.0
H.t    0    0    0    0    0    0    0    0    0    0    0    0    0    0    0    0    0  0.0
     0.0  0.0  0.0  0.0  0.0  0.0  0.0  0.0  0.0  0.0  0.0  0.0  0.0  0.0  0.0  0.0
.Ht    0    0    0    0    0    0    0    0    0    0    0    0    0    0    0    0    0  0.0
     0.0  0.0  0.0  0.0  0.0  0.0  0.0  0.0  0.0  0.0  0.0  0.0  0.0  0.0  0.0  0.0
S.t    0    0    0    0    0    0    0    0    0    0    0    0    0    0    0    0    0  0.0
     0.0  0.0  0.0  0.0  0.0  0.0  0.0  0.0  0.0  0.0  0.0  0.0  0.0  0.0  0.0  0.0
.St    0    0    0    0    0    0    0    0    0    0    0    0    0    0    0    0    0  0.0
     0.0  0.0  0.0  0.0  0.0  0.0  0.0  0.0  0.0  0.0  0.0  0.0  0.0  0.0  0.0  0.0
..t    0    0    0    0    0    0    0    0    0    0    0    0    0    0    0    0    0  0.0
     0.0  0.0  0.0  0.0  0.0  0.0  0.0  0.0  0.0  0.0  0.0  0.0  0.0  0.0  0.0  0.0
SUM   12    9   13   21   25   46   61    3   90  127    1    2   22   34   34    5
  %  2.4  1.8  2.6  4.2  5.0  9.1 12.1  0.6 17.8 25.1  0.2  0.4  4.4  6.7  6.7  1.0


=======The table of 12 base pair family=======
    WWc      A          C          G          U
     A     1( 0.2)    2( 0.4)   12( 2.4)   37( 7.3)
     C     2( 0.4)    2( 0.4)   90(17.8)    0( 0.0)
     G     5( 1.0)  121(24.0)    5( 1.0)   29( 5.7)
     U    50( 9.9)    0( 0.0)   27( 5.3)    4( 0.8)

 WHc+HWc      A          C          G          U
     A     1( 0.2)    0( 0.0)    1( 0.2)    0( 0.0)
     C     0( 0.0)    0( 0.0)    0( 0.0)    0( 0.0)
     G     1( 0.2)    0( 0.0)    4( 0.8)    0( 0.0)
     U     0( 0.0)    0( 0.0)    0( 0.0)    0( 0.0)

 WSc+SWc      A          C          G          U
     A     0( 0.0)    2( 0.4)    1( 0.2)    0( 0.0)
     C     3( 0.6)    0( 0.0)    0( 0.0)    0( 0.0)
     G     1( 0.2)    1( 0.2)    2( 0.4)    0( 0.0)
     U     0( 0.0)    0( 0.0)    2( 0.4)    0( 0.0)

    HHc      A          C          G          U
     A     1( 0.2)    0( 0.0)    0( 0.0)    0( 0.0)
     C     0( 0.0)    0( 0.0)    0( 0.0)    0( 0.0)
     G     0( 0.0)    0( 0.0)    0( 0.0)    0( 0.0)
     U     0( 0.0)    0( 0.0)    0( 0.0)    0( 0.0)

 HSc+SHc      A          C          G          U
     A     1( 0.2)    1( 0.2)    0( 0.0)    0( 0.0)
     C     0( 0.0)    0( 0.0)    0( 0.0)    0( 0.0)
     G     0( 0.0)    0( 0.0)    1( 0.2)    1( 0.2)
     U     0( 0.0)    1( 0.2)    0( 0.0)    0( 0.0)

    SSc      A          C          G          U
     A     0( 0.0)    0( 0.0)    1( 0.2)    0( 0.0)
     C     0( 0.0)    0( 0.0)    0( 0.0)    0( 0.0)
     G     0( 0.0)    2( 0.4)    0( 0.0)    1( 0.2)
     U     0( 0.0)    0( 0.0)    0( 0.0)    0( 0.0)

    WWt      A          C          G          U
     A     0( 0.0)    0( 0.0)    0( 0.0)    3( 0.6)
     C     2( 0.4)    0( 0.0)    0( 0.0)    0( 0.0)
     G     1( 0.2)    1( 0.2)    4( 0.8)    0( 0.0)
     U     1( 0.2)    0( 0.0)    0( 0.0)    0( 0.0)

 WHt+HWt      A          C          G          U
     A     3( 0.6)    2( 0.4)    0( 0.0)    5( 1.0)
     C     5( 1.0)    0( 0.0)    0( 0.0)    0( 0.0)
     G     4( 0.8)    2( 0.4)    3( 0.6)    0( 0.0)
     U    10( 2.0)    0( 0.0)    0( 0.0)    0( 0.0)

 WSt+SWt      A          C          G          U
     A     1( 0.2)    1( 0.2)    0( 0.0)    0( 0.0)
     C     1( 0.2)    0( 0.0)    0( 0.0)    1( 0.2)
     G     0( 0.0)    0( 0.0)    0( 0.0)    1( 0.2)
     U     0( 0.0)    0( 0.0)    3( 0.6)    1( 0.2)

    HHt      A          C          G          U
     A     1( 0.2)    0( 0.0)    0( 0.0)    1( 0.2)
     C     0( 0.0)    0( 0.0)    0( 0.0)    0( 0.0)
     G     0( 0.0)    0( 0.0)    0( 0.0)    0( 0.0)
     U     0( 0.0)    0( 0.0)    0( 0.0)    0( 0.0)

 HSt+SHt      A          C          G          U
     A     3( 0.6)    1( 0.2)    5( 1.0)    0( 0.0)
     C     0( 0.0)    1( 0.2)    0( 0.0)    0( 0.0)
     G    11( 2.2)    0( 0.0)    3( 0.6)    2( 0.4)
     U     0( 0.0)    1( 0.2)    1( 0.2)    0( 0.0)

    SSt      A          C          G          U
     A     0( 0.0)    0( 0.0)    1( 0.2)    0( 0.0)
     C     0( 0.0)    0( 0.0)    0( 0.0)    0( 0.0)
     G     2( 0.4)    0( 0.0)    0( 0.0)    0( 0.0)
     U     0( 0.0)    0( 0.0)    1( 0.2)    0( 0.0)


=====Table of the three edge statistics =====

Statistics for each edge(total(A+U+G+C+T+P+I)=1009.0)
Percentage (in parentheses) is with respect to total edge.
base    edge(W.C.)    edge(Hoog)    edge(Sugar) 
   A     132( 13.1)    55(  5.5)    12(  1.2)
   G     326( 32.3)    11(  1.1)    38(  3.8)
   U     172( 17.0)     7(  0.7)     9(  0.9)
   C     230( 22.8)     7(  0.7)    10(  1.0)
   T       0(  0.0)     0(  0.0)     0(  0.0)
   P       0(  0.0)     0(  0.0)     0(  0.0)
   T       0(  0.0)     0(  0.0)     0(  0.0)

   R     458( 45.4)    66(  6.5)    50(  5.0)
   Y     402( 39.8)    14(  1.4)    19(  1.9)

Statistics for each edge for (A, G, C U)(total 1009.0)
Percentage (in parentheses) is with respect to three edges.
base    edge(W.C.)    edge(Hoog)    edge(Sugar) 
   A     132( 66.3)    55( 27.6)    12(  6.0)
   G     326( 86.9)    11(  2.9)    38( 10.1)
   U     172( 91.5)     7(  3.7)     9(  4.8)
   C     230( 93.1)     7(  2.8)    10(  4.0)

   R     458( 79.8)    66( 11.5)    50(  8.7)
   Y     402( 92.4)    14(  3.2)    19(  4.4)
