BEGIN_base-pair
     6_97, L:     6 C-G    97 L: +/+ cis         XIX
     7_96, L:     7 G-A    96 L: S/S tran        n/a
    10_96, L:    10 G-A    96 L: S/H tran        XI
    11_95, L:    11 A-G    95 L: H/S tran        XI
    12_94, L:    12 G-C    94 L: +/+ cis         XIX
    12_94,-
6_97_7_96_10_96_11_95_12_94_0, click this line to see above pattern
0_0,---------
    15_91, L:    15 G-C    91 L: +/+ cis         XIX
    16_90, L:    16 A-A    90 L: W/W cis         n/a
    19_86, L:    19 A-A    86 L: H/H tran        II
    21_85, L:    21 U-A    85 L: W/H tran        XXIV
    22_84, L:    22 A-G    84 L: H/S tran        XI
    23_83, L:    23 U-A    83 L: -/- cis         XX
    23_83,-
15_91_16_90_19_86_21_85_22_84_23_83_0, click this line to see above pattern
0_0,---------
    44_63, L:    44 C-G    63 L: +/+ cis      syn  XIX
    45_57, L:    45 G-G    57 L: W/W tran        III
    46_59, L:    46 A-G    59 L: W/S tran   syn    X
    47_69, L:    47 C-G    69 L: W/W cis         n/a
    48_69, L:    48 U-G    69 L: W/W cis         XXVIII
    49_67, L:    49 C-G    67 L: +/+ cis         XIX
    49_67,-
44_63_45_57_46_59_47_69_48_69_49_67_0, click this line to see above pattern
0_0,---------
END_base-pair
