The backbone torsional angle for nucleic acid 

 
Note: alpha:   O3'(i-1)-P-O5'-C5'
      beta:    P-O5'-C5'-C4'
      gamma:   O5'-C5'-C4'-C3'
      delta:   C5'-C4'-C3'-O3'
      epsilon: C4'-C3'-O3'-P(i+1)
      zeta:    C3'-O3'-P(i+1)-O5'(i+1)

      chi for pyrimidines(Y): O4'-C1'-N1-C2
          chi for purines(R): O4'-C1'-N9-C4

    (The number -9999.99 means that the angle can not be calculated) 

Ch Res  Num    alpha    beta     gamma    delta  epsilon    zeta     chi
L   G    1  -9999.99 -9999.99   101.84    82.85  -132.73   -81.41   177.74
L   G    2    -62.66   171.90    51.37    81.67  -152.09   -66.80  -170.22
L   G    3    -68.34  -173.54    49.59    80.20  -148.96   -89.77  -166.88
L   U    4    128.10  -148.01  -157.46    82.61  -128.36   -82.90  -169.61
L   G    5    -47.45   159.82    44.79    79.60  -143.43   -77.39  -161.65
L   C    6    -58.84   162.34    56.54    76.84  -145.10   -77.79  -155.04
L   G    7    -51.92   165.60    48.99    78.71  -130.73  -137.62  -156.28
L   A    8     42.54   179.92   -63.32   145.98  -126.00    85.75    56.44
L   U    9     46.79  -176.96    72.89   147.49   -83.26   -23.25  -128.06
L   G   10    -91.75  -136.88    60.17   145.95  -109.48   142.39  -104.43
L   A   11    -98.06   175.99    39.66    83.03  -129.86   -60.86  -171.90
L   G   12    -65.02   162.67    60.50    81.28  -148.20   -75.86  -166.77
L   A   13    -64.61   170.58    54.50    81.24  -134.10   -89.33  -161.60
L   A   14    -58.11   151.24    58.18    79.10  -150.43   -68.30  -168.62
L   G   15    -66.47   171.72    58.77    77.83  -144.97   -81.23  -169.82
L   A   16    -61.68   171.81    46.50    78.17  -118.94   -56.32  -170.43
L   A   17    -95.52   125.19   136.69    79.35  -111.04   -57.62   -23.63
L   G   18    -71.07   166.22    56.73    82.55  -135.56    40.06  -153.33
L   A   19    154.64   148.78    62.30   144.07   -86.04   122.37  -135.92
L   G   20     42.10  -107.37   -89.05   146.30  -152.27   149.65   -90.37
L   U   21    -85.82   153.86    32.70    81.62  -150.37   -72.37  -159.52
L   A   22    -61.14   173.15    52.06    82.02  -126.14   -67.65  -173.04
L   U   23    -56.17   158.61    55.11    80.57  -137.96   -72.43  -166.29
L   U   24    -52.73  -175.29    39.26    79.29  -138.98   -97.89  -165.68
L   A   25    116.62  -135.60  -152.75    84.06  -136.07   -98.48  -172.37
L   A   26    154.11  -136.09   154.41    80.94  -100.19   -61.60  -176.82
L   G   27   -110.36   100.20   132.85    80.09  -126.07   -93.62   175.14
L   G   28    -30.71   154.02    42.71    79.84  -118.96   -91.10  -176.07
L   A   29    -56.59   150.17    52.89    81.09  -111.40   -79.69  -170.08
L   U   30    -33.45   151.59    59.99   142.03  -132.55    85.19  -130.38
L   U   31    128.43  -126.05   144.13    81.87  -171.42    21.27  -174.03
L   U   32   -174.80    83.93   164.63    85.77  -106.64  -112.78  -175.23
L   A   33    125.35  -123.43   173.53    80.98  -115.90   -99.87   176.64
L   C   34    -38.19   146.53    44.15    78.41  -141.54   -87.95  -162.67
L   U   35    -51.26   163.37    45.13    78.23  -145.36   -82.07  -161.34
L   A   36    -53.92   165.99    46.01    81.45  -139.66   -78.55  -161.15
L   U   37    -52.59   158.77    53.80    81.86  -142.03   -79.54  -152.34
L   G   38    -47.57  -169.67    35.47   139.68  -135.74   126.93    78.42
L   A   39    -37.88   174.44    50.57    81.47  -137.06   -71.96  -167.10
L   U   40    -53.21   177.98    51.36    77.42  -124.30   -69.08  -163.23
L   U   41    -51.92   163.53    54.23    78.51  -123.72  -107.74  -154.00
L   A   42     79.71  -136.49  -127.61    83.63  -103.06   -45.55    17.67
L   G   43    -73.81   176.99    58.70    78.21  -136.81   -60.32  -154.29
L   C   44    169.54   143.86    59.00    83.15  -137.81   -64.28  -173.42
L   G   45    -67.89   169.29    65.34    81.80  -131.51   -79.43  -169.10
L   A   46    -51.95  -146.77    52.97   150.16   -80.42  -150.72   -76.88
L   C   47     56.38  -158.59    42.71    82.50  -146.74   -71.85  -169.78
L   U   48    -82.09   161.53    73.21    79.66  -158.79   -71.20  -162.57
L   C   49    -72.28  -172.12    53.26    80.10  -155.21   -79.15  -167.74
L   U   50    -61.15   177.69    47.97    79.25  -140.33   -79.06  -160.19
L   A   51    -55.54   162.91    47.44    78.53  -131.51  -116.34  -169.48
L   G   52    122.26  -120.84  -174.63    83.35   -86.33  -116.48   167.52
L   G   53     88.33  -101.21  -145.67    85.82  -101.61  -113.76   159.89
L   A   54     34.40   114.26     3.49   147.10  -168.30  -117.92  -111.51
L   U   55    -13.32   170.34   -18.44    78.52   161.63   -97.01  -131.81
L   A   56   -159.92   140.26    93.31    78.21  -141.05   -72.42  -168.37
L   G   57    -58.63   166.28    49.64    77.22  -137.84   -78.30  -170.06
L   U   58    -46.10   161.42    51.44    76.18  -134.64   -89.63  -156.40
L   G   59    140.89  -143.04  -177.73    79.77  -106.47  -105.84  -163.50
L   A   60    122.53  -159.69    84.08    86.16  -136.56   -77.16  -170.31
L   A   61    -55.53   162.66    50.95    83.68  -127.18   -72.23  -149.87
L   A   62   -134.85   159.05   162.76   150.06  -142.20  -110.69  -113.95
L   G   63    -54.23  -169.37    34.68   146.58  -107.20   -66.45   -85.91
L   C   64    -65.54  -176.44    40.91    81.39  -148.23   -76.28  -165.22
L   U   65    -53.72   172.48    44.01    78.51  -143.48   -80.82  -160.88
L   A   66    -43.76   161.09    40.40    78.56  -145.86  -103.73  -166.79
L   G   67    139.05  -132.53   179.86    81.05  -120.09   -99.97   178.54
L   A   68    -35.44   144.79    39.26    77.54  -140.05   -85.70  -172.04
L   G   69    -41.59   155.85    48.94    79.22  -168.66   -81.61  -167.20
L   G   70    156.69  -165.88  -176.55    79.80   -97.56  -156.38   174.35
L   A   71    102.47  -102.36   177.47    80.32  -106.60   -89.02   164.35
L   U   72    -56.57   169.27    40.15    79.41  -122.81  -122.20  -160.83
L   A   73    107.74  -118.64  -167.86    81.70  -131.25   -71.91  -177.47
L   G   74    -56.24   177.06    45.21    79.17  -161.79   -81.85  -159.06
L   U   75    149.61  -144.99  -176.06    81.14   -95.96  -129.13  -170.62
L   A   76    104.10  -115.17  -176.94    80.05  -114.12   -82.41   177.75
L   A   77    -45.91   165.31    44.20    77.73  -130.81   -71.84  -158.98
L   C   78    -51.29  -178.42    40.33    80.94  -158.89   -80.34  -157.23
L   C   79    174.91  -159.56   159.54    81.17  -120.25   -83.64  -177.85
L   U   80    -47.01   165.99    35.28    78.32  -144.06   -75.64  -161.08
L   U   81    -58.28   165.17    55.60    77.58  -143.70   -99.73  -162.13
L   A   82    -39.44   161.25    29.10    77.70  -159.64   -89.73  -156.19
L   A   83    151.45  -140.33   168.00    82.14  -111.39   -79.14   179.34
L   G   84    -46.34   156.85    44.72    81.08  -140.57   -88.42  -161.23
L   A   85   -108.49    77.29   164.03    82.03  -119.47   -78.97   175.45
L   A   86    -63.87   162.25    55.25    81.76  -142.77  -116.06   178.96
L   G   87    -43.29   164.59    40.70    78.83  -139.29   -87.99  -177.30
L   G   88    -54.05   165.19    49.78    79.14  -153.07   -74.10  -168.99
L   C   89    -65.55   172.41    58.69    80.54  -141.67   -60.81  -163.14
L   A   90    -67.92   173.68    50.46    80.18  -132.16   -66.09  -163.68
L   C   91    -63.07   176.32    55.65    78.46  -143.39  -120.49  -164.47
L   U   92     36.94   116.80    -2.58    79.76  -164.53   -87.96  -150.04
L   U   93    170.76  -164.12   149.30    81.62  -127.37   -87.22  -167.26
L   C   94    -46.55   155.13    46.70    80.26  -126.16   -67.49  -168.32
L   G   95    -51.06   177.19    66.94   142.43   -93.70  -175.61  -112.12
L   A   96   -102.83   161.47    47.02   145.17   -80.50    88.27  -135.61
L   G   97     90.87  -102.62   178.89    83.38  -143.66   -83.90  -168.48
L   C   98    -61.47   162.04    58.43    81.70  -146.02   -73.17  -161.61
L   A   99    -61.34   170.31    53.57    81.97  -145.08   -82.41  -168.15
L   C  100    -58.22   170.83    50.82    77.84  -144.24   -64.70  -153.75
L   C  101    -70.80   168.17    68.93    76.98  -148.67   -78.37  -159.09
L   C  102    -62.30  -173.70    58.90   143.17 -9999.99 -9999.99  -118.03
