The backbone torsional angle for nucleic acid 

 
Note: alpha:   O3'(i-1)-P-O5'-C5'
      beta:    P-O5'-C5'-C4'
      gamma:   O5'-C5'-C4'-C3'
      delta:   C5'-C4'-C3'-O3'
      epsilon: C4'-C3'-O3'-P(i+1)
      zeta:    C3'-O3'-P(i+1)-O5'(i+1)

      chi for pyrimidines(Y): O4'-C1'-N1-C2
          chi for purines(R): O4'-C1'-N9-C4

    (The number -9999.99 means that the angle can not be calculated) 

Ch Res  Num    alpha    beta     gamma    delta  epsilon    zeta     chi
D   G    1  -9999.99  -177.58    52.86    81.97  -146.98   -80.18  -169.09
D   G    2    -54.88   169.81    45.14    80.31  -148.06   -68.97  -156.42
D   C    3    -66.63   166.91    59.45    76.11  -145.81   -86.03  -162.28
D   C    4    -57.13   169.60    55.60    79.11  -151.18   -71.31  -161.38
D   A    5    -61.83   172.98    55.20    79.81  -144.68  -106.36  -163.50
D   G    6    135.72  -128.09   179.77    80.64  -137.04   -65.05   176.01
D   G    7    -59.10  -167.60    56.99   143.66  -102.09   -47.28  -129.81
D   U    8    -73.36  -158.32    45.46    79.82  -133.99  -125.73  -159.57
D   A    9    -64.10  -155.28    47.11   145.41  -110.30   -77.48   -66.80
D   G   10    172.32   171.89    62.34    81.96  -147.19   -78.30  -179.84
D   C   11    -64.68   178.06    57.61    80.45  -134.62   -73.78  -160.21
D   U   12    -59.87   159.47    57.83    81.72  -155.54   -69.81  -164.21
D   C   13    165.15  -169.01   167.80    81.13  -172.48   -81.71  -169.49
D   A   14    169.39  -173.62   179.24    80.21  -123.12   -47.43  -179.78
D   G   15    -73.35  -176.58    47.13    78.63 -9999.99 -9999.99  -158.10
D   G   18  -9999.99  -146.64   168.24   146.14  -125.62  -160.09  -119.12
D   G   19     39.77   118.21   -27.48   146.47    11.37   -76.97   -75.42
D   U   20    127.51    80.64    97.40    78.83  -169.95    20.19  -153.29
D   A   21    178.00  -113.64  -175.09    82.26  -149.41   -64.92  -153.17
D   G   22   -126.53   117.18   138.52    82.07  -145.24   -85.83  -176.59
D   A   23    -59.19   165.67    56.60    80.58  -145.51   -79.26  -167.65
D   G   24    -66.42   170.42    53.72    79.68  -139.31   -66.93  -168.03
D   C   25    -61.76   165.37    57.79    79.25  -141.02   -70.09  -160.76
D   A   26    -61.84   168.26    53.90    81.01  -137.31   -70.14  -177.70
D   C   27    -61.19   170.29    51.27    80.63  -143.49   -75.66  -164.55
D   U   28    -58.78   171.37    48.25    80.12  -145.42   -75.51  -162.73
D   G   29    -61.44   168.57    51.36    79.59  -147.06   -76.72  -166.47
D   G   30    -62.02   164.42    60.05    80.39  -151.24   -77.85  -166.96
D   A   31    -59.37   167.39    54.57    80.08  -130.94   -67.07  -168.54
D   C   32    -61.57   166.86    55.43    80.95  -131.39   -71.56  -163.16
D   U   33    -67.39   174.30    50.93    80.03  -134.06   -79.31  -159.24
D   G   34    170.74   170.47    48.11    81.32  -125.69   -72.06  -173.94
D   A   35    -71.49   165.49    57.77    81.23  -141.41   -78.57  -160.80
D   A   36    -65.29   160.39    61.95    80.74  -153.99   -73.60  -159.29
D   A   37    -66.53   167.49    59.39    80.18  -135.87   -61.30  -165.86
D   A   38    -64.78   165.01    60.59    80.75  -136.22   -68.05  -164.88
D   U   39    -62.30   167.47    55.33    80.09  -139.75   -78.05  -159.91
D   C   40    -65.13   167.35    56.85    80.00  -146.26   -76.18  -156.92
D   C   41    -64.01   171.40    53.19    79.33  -148.33   -77.03  -156.92
D   A   42    -59.31   166.43    57.73    80.53  -150.10  -110.04  -157.20
D   G   43   -176.07  -140.99   140.37    82.17   -82.06  -137.23  -156.26
D   G   44    -76.03   174.29    76.27   150.05   -55.38  -159.75   -71.30
D   U   45    172.20   121.33   -35.11   149.98   -94.12   -87.75  -131.53
D   G   46    -74.28  -129.02    88.84   149.28  -111.70   -72.81  -113.47
D   U   47    156.08  -131.65   -79.15    80.25  -172.18   118.70  -161.36
D   C   48   -159.33  -178.50  -174.57   147.49  -150.02    84.06  -144.66
D   G   49     55.79   167.46    54.34    82.38  -146.27   -77.66  -173.20
D   G   50    -68.63   178.70    54.60    80.85  -147.38   -82.62  -164.97
D   C   51    -64.73   164.65    60.99    79.58  -156.99   -70.76  -155.92
D   G   52    160.70  -158.80   168.83    81.78  -144.14   -77.35  -173.23
D   G   53    -60.87   168.88    51.67    81.42  -142.52   -80.06  -169.71
D   U   54    -64.67   179.18    46.77    80.61  -130.75   -72.46  -161.57
D   U   55    -62.94   165.11    58.79    80.69  -127.99   -51.47  -158.13
D   C   56    169.65   144.39    52.84    83.83  -133.72   -64.49  -162.30
D   G   57    -65.25   171.32    55.06    80.33  -137.40   -74.62  -177.76
D   A   58    -56.27  -149.29    69.35   148.67   -83.57  -172.77   -88.23
D   U   59     72.92  -158.03    70.38    81.67  -132.20   -69.92  -162.33
D   U   60    -57.12   176.93    62.00   145.69  -100.03  -111.17  -119.52
D   C   61     25.13   125.62   -27.79    81.81  -153.90   -70.26  -158.79
D   C   62    -67.89   179.10    53.91    80.30  -150.22   -77.35  -164.37
D   G   63    -62.34   176.10    48.49    80.08  -148.19   -78.43  -172.40
D   C   64    -52.57   168.89    49.22    80.57  -151.42   -83.27  -161.92
D   C   65    162.54  -152.16   165.47    80.11  -144.97   -76.21  -165.96
D   C   66    -56.85   179.94    44.92    80.71  -140.14   -82.70  -161.85
D   C   67    -55.65   163.28    50.71    80.53  -145.43   -76.36  -159.36
D   U   68    -56.02   175.87    44.77    78.83  -146.75   -77.89  -162.48
D   G   69    -57.18   163.85    49.74    79.31  -148.51   -76.80  -168.83
D   G   70    -64.74   166.01    61.42    78.76  -147.77   -80.36  -170.38
D   C   71    -60.79   173.86    51.40    80.57  -146.37   -73.92  -163.89
D   C   72    -70.25   170.15    60.68    81.33  -140.61   -83.07  -162.40
D   A   73    -85.37   163.96    71.92    80.99 -9999.99 -9999.99  -168.04
