The backbone torsional angle for nucleic acid 

 
Note: alpha:   O3'(i-1)-P-O5'-C5'
      beta:    P-O5'-C5'-C4'
      gamma:   O5'-C5'-C4'-C3'
      delta:   C5'-C4'-C3'-O3'
      epsilon: C4'-C3'-O3'-P(i+1)
      zeta:    C3'-O3'-P(i+1)-O5'(i+1)

      chi for pyrimidines(Y): O4'-C1'-N1-C2
          chi for purines(R): O4'-C1'-N9-C4

    (The number -9999.99 means that the angle can not be calculated) 

Ch Res  Num    alpha    beta     gamma    delta  epsilon    zeta     chi
N   C    1  -9999.99 -9999.99   175.82    79.99  -149.04   -67.62  -160.68
N   G    2    -64.25  -171.62    47.11    77.15  -124.07  -123.81  -179.42
N   C    3    145.38  -116.52   161.50    77.00  -126.44   -97.85  -162.95
N   G    4    -29.97   155.93    32.89    80.45  -131.52   -89.57  -167.81
N   G    5    -67.04   154.56    62.93    79.41  -152.87   -67.73  -169.60
N   G    6    -69.72   170.97    71.86    79.50  -150.20   -73.55  -176.66
N   G    7    -54.55  -174.57    56.09   141.99  -113.35   -48.62  -119.21
N 4SU    8    -88.51  -136.73    49.93    80.44  -152.57  -136.48   153.33
N   G    9     81.08   169.91   -71.92   140.23   -82.93   -82.77   -74.61
N   G   10   -157.95   166.42    60.81    86.61  -133.18   -88.63  -176.07
N   A   11    -43.89   171.10    24.60    74.90  -134.24  -104.54  -165.81
N   G   12     -6.40   136.15    38.12    78.94  -164.27   -61.47  -152.88
N   C   13    120.76   178.15  -150.24    86.32  -167.75   -71.69  -170.57
N   A   14    158.41  -163.58  -177.88    79.34  -126.29   -46.49   174.38
N   G   15    -63.78   175.07    57.65    75.25  -118.34   -67.71  -154.65
N   C   16    -88.62  -153.77    66.45   146.45   -85.18   -87.10  -127.95
N   C   17    -62.78   145.01    61.58    84.05   -82.48   -47.53  -105.98
N   U   17   -168.05  -163.79    51.89   144.38   -89.05   -80.93  -169.18
N   G   18    -42.76  -140.42   102.16   152.53  -169.12   -78.40  -126.16
N   G   19   -100.01  -117.98    47.02   146.38   -99.19   -58.97   -62.88
N   U   20    -65.41   172.74    37.18    81.84   -79.39  -119.92   -84.03
N   A   21    -64.21   130.59   135.61    83.33  -150.27  -120.64  -154.71
N   G   22    -88.66   139.36    88.02    80.87  -150.45   -70.42  -177.11
N   C   23    -80.00  -159.45    46.80    79.59  -149.48   -77.76  -157.09
N   U   24    -51.59   163.66    55.01    80.06  -136.36   -64.62  -173.03
N   C   25    -94.66   149.90    96.63    79.11  -110.33   -86.48  -167.89
N   G   26    -52.47   131.58    71.49    76.02  -131.63   -83.17  -174.10
N   U   27    -41.91   164.67    35.23    79.79  -127.41  -104.25  -167.93
N   C   28    -46.87   145.29    47.41    75.77  -151.73   -65.01  -170.78
N   G   29    -74.70  -154.13    44.27    83.42  -152.07   -65.32  -165.19
N   G   30    -68.99   162.94    72.84    72.36  -137.97   -65.09   178.85
N   G   31   -109.15   152.19   112.23    79.09   -98.94   -97.20   173.40
N 5MC   32    -57.42   140.56    72.76    80.18  -121.26   -57.40  -176.37
N   U   33    -54.25   173.77    34.86    77.22  -138.72   -74.47  -156.48
N   C   34    148.15   176.45    60.88    86.26  -122.01   -78.62  -162.22
N   A   35    -62.32   149.51    65.50    76.60  -141.40   -80.77  -168.51
N   U   36    -66.20   177.15    41.62    79.35  -154.15   -68.15  -160.82
N   A   37    -80.12   172.83    73.83    80.18  -140.66   -58.30  -165.11
N   A   38    -69.54   174.23    60.84    79.36  -116.22   -85.88  -170.26
N   C   39    -35.45   146.72    42.84    79.81  -148.58   -76.58  -149.65
N   C   40    -57.54   173.35    49.40    76.69  -149.60   -62.69   175.78
N   C   41    -65.60  -163.10    50.28    80.87  -158.94   -71.72  -173.32
N   G   42    122.08  -165.96  -149.35    81.72  -165.49   -81.15  -165.58
N   A   43    172.44  -126.68   150.09    78.28  -145.13   -86.41  -167.35
N   A   44    -49.05   156.83    51.26    80.66  -121.98   -86.59  -159.46
N   G   45    -52.58   150.23    60.71    80.56  -122.60  -104.34  -149.66
N   G   46    -93.82  -178.48    98.99    84.96  -133.60   -99.21  -113.44
N   U   47     81.83   122.33    43.43    77.75  -135.67   125.29  -133.80
N   C   48    -38.34   156.60   -20.08   142.75  -152.68    80.69  -124.34
N   G   49     53.84   145.31    58.57    83.97  -122.45   -85.09   178.95
N   U   50    -37.29   143.73    46.62    78.21  -145.53  -114.19  -158.74
N   C   51    132.21  -113.48  -177.43    78.00  -121.82   -45.09  -161.30
N   G   52   -132.33    99.65   146.99    80.27  -125.24   -67.70  -169.84
N   G   53    -45.58   154.53    55.14    82.94  -157.55   -84.71  -145.52
N 5MU   54    -55.01   178.46    36.68    78.74  -128.93   -81.46  -151.47
N PSU   55    -55.07   157.03    49.51    76.92  -116.56   -96.60 -9999.99
N   C   56     93.12  -161.59   134.11    86.21   -94.82   -86.69  -158.93
N   A   57    -70.90   137.75    64.94    79.57  -136.22  -102.99  -159.57
N   A   58    -34.53   154.73    80.37   146.55  -101.33  -124.41  -118.57
N   A   59     38.98  -172.49   128.91    82.51  -121.32   -42.10  -176.75
N   U   60    -67.85  -176.23    56.71   138.28  -108.06   -67.92  -111.03
N   C   61    -80.42  -176.83    32.68    80.26  -137.02   -86.68  -160.57
N   C   62    -53.11   154.31    57.46    84.55  -124.16   -92.97  -122.72
N   G   63    -81.37   154.28    69.21    82.85  -149.83   -94.34  -164.97
N   G   64    -49.81   164.79    41.12    77.36  -144.83   -74.43  -155.78
N   C   65    -62.83   167.73    57.68    80.70  -150.21   -77.50  -158.99
N   C   66    -62.00   174.26    52.21    76.64  -129.60   -77.69  -147.02
N   C   67    -60.80   160.16    65.45    77.63  -155.67   -75.93  -163.14
N   C   68    -64.93  -169.80    44.31    78.60  -137.53   -76.51  -169.59
N   C   69    -54.16   154.08    61.52    73.03  -150.43   -73.89  -157.63
N   G   70    -60.77  -172.17    43.10    79.50  -147.95   -77.91  -158.43
N   C   71    -82.58   157.72    82.91    79.46  -139.09   -50.79  -169.23
N   A   72   -140.23   149.96   139.64    87.26  -171.00   -59.00   179.48
N   A   73   -147.42  -114.52    66.66    80.51  -147.97   128.49  -146.97
N   C   74   -122.29   145.97    69.39    83.58  -101.96   -67.12  -152.62
N   C   75     77.49   110.57    -8.45    77.88  -153.07  -179.07   171.05
N   A   76   -133.47   135.76    47.91    86.08 -9999.99 -9999.99  -165.81
