PDB data file name: ./Datasets/pdb_select_tRNA_NoCopie/6boh_N(NC).pdb_new
uncommon residue 4SU    8  on chain N [#8] assigned to: u
uncommon residue 5MC   32  on chain N [#33] assigned to: c
uncommon residue 5MU   54  on chain N [#55] assigned to: u
uncommon residue PSU   55  on chain N [#56] assigned to: P
-----------------------------------------------------------
CRITERIA USED TO GENERATE BASE-PAIR: 
  3.40 --> upper H-bond length limits (ON..ON).
 26.00 --> max. distance between paired base origins.
  2.50 --> max. vertical distance between paired base origins.
 65.00 --> max. angle between paired bases [0-90].
  5.40 --> min. distance between RN9/YN1 atoms.
  8.00 --> max. distance criterion for helix break[0-12]
-----------------------------------------------------------
BASE-PAIR INSTRUCTIONS: 
Column 1 is rnaview assigned base numbers n1_n2, start from 1.
Column 2 & 3 are chain ID & residue number in input PDB file.
Column 4 is for base pair. The left & right are the bases as 
         identified by column 2 & 3 and 5 & 6.
Column 5 & 6 are residue number & chain ID in input PDB file.
Column 7 is for base pair annotation. The standard Watson-Crick
         (W.C.) pairs are annotated as -/- (AU,AT) or +/+ (GC).
         Other pairs are annotated as Leontis_Westhof Classification.
         The three edges: W(Watson-Crick); H(Hoogsteen); S(suger).
         e.g. W/H means the pair is edge of Watson-Crick & Hoogsteen.
Column 8 is glycosidic bond orientation (either cis or trans).
         e.g. 'W/H cis' means the pair is interaction on Watson-Crick
         and Hoogsteen side, glycosidic bond orientation is 'cis'.
Column 9 corresponds to Saenger Classification.

Other columns: 
        Syn sugar-base conformations are annotated as (syn).
        Stacked base pairs are annotated as (stack).
        Non-identified edges are annotated as (.) or (?)
        Tertiary interactions are marked by (!) in the line.
Reference:
Yang et al (2003) Nucleic Acids Research, Vol31,No13,p3450-3461.
-----------------------------------------------------------
BEGIN_base-pair
      2_3, N:     2 G-C     3 N:      stacked
     2_72, N:     2 G-C    71 N: +/+ cis         XIX
     3_71, N:     3 C-G    70 N: +/+ cis         XIX
     4_70, N:     4 G-C    69 N: +/+ cis         XIX
     5_69, N:     5 G-C    68 N: +/+ cis         XIX
      6_7, N:     6 G-G     7 N:      stacked
     6_68, N:     6 G-C    67 N: +/+ cis         XIX
     7_67, N:     7 G-C    66 N: W/W cis         n/a
     8_47, N:     8 u-G    46 N: s/S cis         n/a
    10_26, N:    10 G-C    25 N: +/+ cis         XIX
    11_25, N:    11 A-U    24 N: -/- cis         XX
    12_24, N:    12 G-C    23 N: +/+ cis         XIX
    13_23, N:    13 C-G    22 N: +/+ cis         XIX
    14_22, N:    14 A-A    21 N: W/S cis         n/a
    15_49, N:    15 G-C    48 N: W/W tran        XXII
    19_56, N:    18 G-P    55 N: W/S tran        n/a
    20_57, N:    19 G-C    56 N: W/W cis    syn    n/a
    27_45, N:    26 G-A    44 N: W/W cis         VIII
    28_44, N:    27 U-A    43 N: -/- cis         XX
    29_43, N:    28 C-G    42 N: +/+ cis         XIX
    30_42, N:    29 G-C    41 N: +/+ cis         XIX
    31_41, N:    30 G-C    40 N: +/+ cis         XIX
    32_40, N:    31 G-C    39 N: +/+ cis         XIX
    33_39, N:    32 c-A    38 N: W/W tran        XXVI
    42_43, N:    41 C-G    42 N:      stacked
    50_66, N:    49 G-C    65 N: +/+ cis         XIX
    50_67, N:    49 G-C    66 N:      stacked
    51_52, N:    50 U-C    51 N:      stacked
    51_65, N:    50 U-G    64 N: W/W cis         XXVIII
    52_53, N:    51 C-G    52 N:      stacked
    52_64, N:    51 C-G    63 N: W/W cis         n/a
    53_63, N:    52 G-C    62 N: W/W cis         n/a
    54_62, N:    53 G-C    61 N: +/+ cis         XIX
    54_63, N:    53 G-C    62 N: S/W cis         n/a
    55_59, N:    54 u-A    58 N: W/H tran        XXIV
     8_13, N:     8 u-C    13 N: W/H tran        !1H(b_b).
    10_46, N:    10 G-G    45 N: H/S cis         !1H(b_b)
    50_65, N:    49 G-G    64 N: W/W cis         !1H(b_b)
    59_61, N:    58 A-U    60 N: S/S tran        !(b_s)
    18_19, N:    17 U-G    18 N: S/? tran        !(s_s)
    34_36, N:    33 U-A    35 N: S/S tran        !(s_s)
    34_37, N:    33 U-U    36 N: S/H tran        !(s_s)
    48_49, N:    47 U-C    48 N: S/S tran        !(s_s)
    75_76, N:    74 C-C    75 N: S/H tran        !(s_s)
END_base-pair
  The total base pairs =  29 (from   77 bases)
------------------------------------------------
 Standard  WW--cis  WW-tran  HH--cis  HH-tran  SS--cis  SS-tran
       16        6        2        0        0        1        0
  WH--cis  WH-tran  WS--cis  WS-tran  HS--cis  HS-tran
        0        1        2        1        0        0
------------------------------------------------
