The backbone torsional angle for nucleic acid 

 
Note: alpha:   O3'(i-1)-P-O5'-C5'
      beta:    P-O5'-C5'-C4'
      gamma:   O5'-C5'-C4'-C3'
      delta:   C5'-C4'-C3'-O3'
      epsilon: C4'-C3'-O3'-P(i+1)
      zeta:    C3'-O3'-P(i+1)-O5'(i+1)

      chi for pyrimidines(Y): O4'-C1'-N1-C2
          chi for purines(R): O4'-C1'-N9-C4

    (The number -9999.99 means that the angle can not be calculated) 

Ch Res  Num    alpha    beta     gamma    delta  epsilon    zeta     chi
S   G    1  -9999.99   128.13    50.20    83.14  -131.33   -91.69   178.19
S   G    2    -69.34   166.21    55.75    84.51  -144.59   -73.48  -168.24
S   G    3    -67.23   161.10    68.60    80.73  -140.96   -74.51  -173.60
S   C    4    -57.24   164.97    53.98    83.06  -138.50   -28.63  -160.74
S   G    5   -140.68   105.42   151.36    84.89  -130.19   -88.48   179.37
S   U    6    -42.29   161.47    41.08    82.34  -139.38   -93.19  -165.76
S   G    7    -43.12   147.83    71.70   146.71  -104.98   -36.34  -138.84
S   U    8    -87.49  -153.00    59.74    81.52  -143.78  -121.87  -144.74
S   G    9    -47.44  -160.02    41.81   142.02   -93.80  -109.37   -73.74
S   G   10    165.20  -148.36    54.43    82.96  -128.62   -89.39   170.10
S   C   11    -59.73   170.55    55.27    82.97  -152.46   -70.93  -170.43
S   G   12    -68.94  -178.97    48.28    81.21  -131.00   -62.42  -162.06
S   U   13   -100.07   137.17   120.66    80.60  -150.78   -75.08  -175.00
S   A   14    -63.54  -176.20    44.25    78.88  -135.72   -84.63  -168.40
S   G   15    -42.86   148.81    76.85   141.65  -123.53   -70.90  -137.94
S   U   16   -174.79   120.94    65.52   146.54  -102.19   172.60  -109.10
S   C   17    111.07  -103.93   -52.96   149.41  -107.55  -140.12  -119.06
S   G   18    -66.24   172.90    46.87   142.80   -91.26   112.84   -76.40
S   G   19   -105.70  -112.24   176.29   149.20  -152.25   173.82   -55.18
S   U   20     28.17    74.64   168.01   143.15  -124.55   155.77   -94.31
S   A   21    -99.42   151.85    25.38    81.87  -108.84  -174.38  -172.34
S   G   22    -34.87   120.12    41.58    81.00  -168.78   -90.28  -154.65
S   C   23    153.30  -144.40   170.78    80.85  -132.47   -87.62  -168.73
S   G   24    -46.25   162.40    40.81    83.79  -135.25   -87.87  -172.23
S   C   25    110.22  -145.44  -145.64    83.41  -145.51   -64.63   177.09
S   G   26    165.71  -166.76   167.17    82.07  -137.16   -47.92   163.89
S   C   27    132.25   172.20  -158.35    86.58  -122.22  -111.42  -175.75
S   U   28    119.25  -124.86  -175.07    81.65  -118.40   -95.04   175.50
S   C   29    -34.48   146.99    41.44    79.94  -123.58   -92.99  -166.08
S   C   30     85.94  -132.12  -125.89    84.97  -136.09   -72.67  -176.80
S   C   31    -58.54   173.32    45.92    81.31  -129.85   -76.28  -167.90
S   U   32    -50.62   159.44    56.89    78.13  -130.71   -79.70  -174.11
S   U   33    -50.44   166.44    48.88    79.27  -135.16   -51.72    19.57
S   A   34    161.64   144.55    57.01    88.67  -132.18   -78.19  -177.09
S   G   35    -74.53   173.41    53.53    82.33  -156.62   -76.70  -159.07
S   C   36    131.62  -156.58  -159.56    82.51  -134.46   -69.27  -174.73
S   A   37    -66.47   167.29    54.94    80.52  -140.83   -54.28  -169.44
S   U   38    -79.32   168.57    74.15    76.18  -156.99   -73.46  -168.58
S   G   39    150.11  -150.40   175.76    83.77  -106.96  -105.88   170.26
S   G   40    -55.72   147.70    54.74    87.21  -126.45  -108.20  -172.41
S   G   41    113.41  -130.12  -161.57    81.67  -119.69  -101.24   173.59
S   A   42    -39.47   150.61    40.60    80.65  -143.24   -82.08  -173.31
S   G   43    -52.63   166.49    48.45    81.32  -159.54  -100.53  -169.87
S   A   44    150.01  -126.26  -179.50    83.99  -123.01   -48.33   162.59
S   G   45    120.55   179.44  -167.42    80.02   -96.16  -155.25  -171.08
S   G   46    -37.25   142.15    79.30   143.10   -89.94  -117.49   -84.11
S   U   47     15.19   139.03   142.18    83.67   -99.12   -32.01  -156.38
S   C   48   -137.73  -112.02  -165.95   148.84  -148.39    92.38  -148.83
S   U   49     37.30  -170.61    55.07    82.14  -144.31   -78.39  -166.91
S   C   50    -59.38   166.51    56.87    80.17  -145.26   -78.37  -164.91
S   C   51    -56.14   164.36    57.05    78.73  -143.13   -91.12  -164.61
S   G   52    157.24  -151.07   169.00    82.11  -150.87   -67.95  -173.22
S   G   53    -71.02   174.92    61.11    80.03  -146.45   -73.46  -170.30
S   U   54    -61.49   166.80    58.95    81.09  -129.90   -79.72  -166.14
S   U   55    -52.27   158.06    52.88    80.31  -119.15   -61.28  -165.59
S   C   56   -177.99   159.92    33.01    83.15  -132.82   -72.64   178.41
S   G   57    -64.79   171.63    48.40    82.33  -163.50   -91.48  -168.29
S   A   58   -154.97  -133.79   165.31   145.62  -115.58  -121.58  -125.56
S   U   59    138.28   176.84    44.05    90.39  -108.31   -77.42  -166.97
S   U   60    -76.47   129.59    99.98   146.53  -113.05   -29.38  -125.30
S   C   61    -95.29  -171.80    21.67    80.58  -147.09   -77.43  -167.37
S   C   62    -61.15   170.03    52.78    81.14  -137.99   -85.95  -161.88
S   G   63    -72.47   172.05    56.25    81.67  -149.16   -81.97   179.73
S   G   64    -77.22   174.54    64.83    84.65  -151.78   -71.59  -174.56
S   A   65    -73.14   178.26    57.89    82.65  -152.25   -74.31  -172.55
S   C   66    -65.91  -179.71    56.03    83.02  -145.50   -78.72  -164.09
S   U   67    -55.64   167.05    47.41    80.95  -131.58   -98.80  -156.26
S   C   68    -38.76   144.91    45.94    81.54  -144.76   -90.41  -147.76
S   G   69    -43.65   159.75    44.02    79.47  -174.51   -91.91  -162.22
S   U   70    168.95  -135.50   158.27    83.98  -127.84   -83.30  -178.75
S   C   71    -60.25   169.81    42.30    83.82  -174.42   -86.73  -151.91
S   C   72    171.94  -135.24   150.40    84.89   -99.29  -146.67  -167.85
S   G   73    102.87   -95.43   171.84    81.73  -115.14   132.29  -178.51
S   C   74   -115.33   178.58    75.43    81.95  -179.89   -84.15  -165.40
S   C   75   -144.69  -142.77   115.78    86.94   -84.78   -28.97  -156.85
S   A   76   -104.21    56.11  -171.10   141.22 -9999.99 -9999.99  -105.46
