PDB data file name: ./Datasets/pdb_select_tRNA_NoCopie/7zw0_s(NA).pdb_new
-----------------------------------------------------------
CRITERIA USED TO GENERATE BASE-PAIR: 
  3.40 --> upper H-bond length limits (ON..ON).
 26.00 --> max. distance between paired base origins.
  2.50 --> max. vertical distance between paired base origins.
 65.00 --> max. angle between paired bases [0-90].
  5.40 --> min. distance between RN9/YN1 atoms.
  8.00 --> max. distance criterion for helix break[0-12]
-----------------------------------------------------------
BASE-PAIR INSTRUCTIONS: 
Column 1 is rnaview assigned base numbers n1_n2, start from 1.
Column 2 & 3 are chain ID & residue number in input PDB file.
Column 4 is for base pair. The left & right are the bases as 
         identified by column 2 & 3 and 5 & 6.
Column 5 & 6 are residue number & chain ID in input PDB file.
Column 7 is for base pair annotation. The standard Watson-Crick
         (W.C.) pairs are annotated as -/- (AU,AT) or +/+ (GC).
         Other pairs are annotated as Leontis_Westhof Classification.
         The three edges: W(Watson-Crick); H(Hoogsteen); S(suger).
         e.g. W/H means the pair is edge of Watson-Crick & Hoogsteen.
Column 8 is glycosidic bond orientation (either cis or trans).
         e.g. 'W/H cis' means the pair is interaction on Watson-Crick
         and Hoogsteen side, glycosidic bond orientation is 'cis'.
Column 9 corresponds to Saenger Classification.

Other columns: 
        Syn sugar-base conformations are annotated as (syn).
        Stacked base pairs are annotated as (stack).
        Non-identified edges are annotated as (.) or (?)
        Tertiary interactions are marked by (!) in the line.
Reference:
Yang et al (2003) Nucleic Acids Research, Vol31,No13,p3450-3461.
-----------------------------------------------------------
BEGIN_base-pair
     4_69, S:     4 C-G    69 S: +/+ cis         XIX
    11_24, S:    11 C-G    24 S: +/+ cis         XIX
    27_43, S:    27 C-G    43 S: +/+ cis         XIX
    29_41, S:    29 C-G    41 S: +/+ cis         XIX
    30_40, S:    30 C-G    40 S: +/+ cis         XIX
    31_39, S:    31 C-G    39 S: +/+ cis         XIX
    50_64, S:    50 C-G    64 S: +/+ cis         XIX
    51_63, S:    51 C-G    63 S: +/+ cis         XIX
     1_72, S:     1 G-C    72 S: +/+ cis         XIX
     2_71, S:     2 G-C    71 S: +/+ cis         XIX
     5_68, S:     5 G-C    68 S: +/+ cis         XIX
     7_66, S:     7 G-C    66 S: +/+ cis         XIX
    10_25, S:    10 G-C    25 S: +/+ cis         XIX
    12_23, S:    12 G-C    23 S: +/+ cis         XIX
    18_56, S:    18 G-C    56 S: +/+ cis    syn    XIX
    52_62, S:    52 G-C    62 S: +/+ cis         XIX
    53_61, S:    53 G-C    61 S: +/+ cis         XIX
    28_42, S:    28 U-A    42 S: -/- cis         XX
    49_65, S:    49 U-A    65 S: -/- cis         XX
    26_44, S:    26 G-A    44 S: W/W cis         VIII
     3_70, S:     3 G-U    70 S: W/W cis         XXVIII
    13_22, S:    13 U-G    22 S: W/W cis         XXVIII
    15_48, S:    15 G-C    48 S: W/W tran        XXII
     8_14, S:     8 U-A    14 S: W/H tran        XXIV
    54_58, S:    54 U-A    58 S: W/H tran        XXIV
    14_21, S:    14 A-A    21 S: W/S cis         n/a
    22_46, S:    22 G-G    46 S: H/W tran     syn  VII
     9_23, S:     9 G-C    23 S: H/H tran   syn    n/a
END_base-pair

Summary of triplets and higher multiplets
BEGIN_multiplets
8_14_21_| [1 3]  S: 8 U  +  S: 14 A  +  S: 21 A
9_12_23_| [2 3]  S: 9 G  +  S: 12 G  +  S: 23 C
13_22_46_| [3 3]  S: 13 U  +  S: 22 G  +  S: 46 G
END_multiplets

  The total base pairs =  28 (from   76 bases)
------------------------------------------------
 Standard  WW--cis  WW-tran  HH--cis  HH-tran  SS--cis  SS-tran
       19        3        1        0        1        0        0
  WH--cis  WH-tran  WS--cis  WS-tran  HS--cis  HS-tran
        0        3        1        0        0        0
------------------------------------------------
