PDB data file name: Dataset/1zo3_B.pdb_new
-----------------------------------------------------------
CRITERIA USED TO GENERATE BASE-PAIR: 
  3.40 --> upper H-bond length limits (ON..ON).
 26.00 --> max. distance between paired base origins.
  2.50 --> max. vertical distance between paired base origins.
 65.00 --> max. angle between paired bases [0-90].
  5.40 --> min. distance between RN9/YN1 atoms.
  8.00 --> max. distance criterion for helix break[0-12]
-----------------------------------------------------------
BASE-PAIR INSTRUCTIONS: 
Column 1 is rnaview assigned base numbers n1_n2, start from 1.
Column 2 & 3 are chain ID & residue number in input PDB file.
Column 4 is for base pair. The left & right are the bases as 
         identified by column 2 & 3 and 5 & 6.
Column 5 & 6 are residue number & chain ID in input PDB file.
Column 7 is for base pair annotation. The standard Watson-Crick
         (W.C.) pairs are annotated as -/- (AU,AT) or +/+ (GC).
         Other pairs are annotated as Leontis_Westhof Classification.
         The three edges: W(Watson-Crick); H(Hoogsteen); S(suger).
         e.g. W/H means the pair is edge of Watson-Crick & Hoogsteen.
Column 8 is glycosidic bond orientation (either cis or trans).
         e.g. 'W/H cis' means the pair is interaction on Watson-Crick
         and Hoogsteen side, glycosidic bond orientation is 'cis'.
Column 9 corresponds to Saenger Classification.

Other columns: 
        Syn sugar-base conformations are annotated as (syn).
        Stacked base pairs are annotated as (stack).
        Non-identified edges are annotated as (.) or (?)
        Tertiary interactions are marked by (!) in the line.
Reference:
Yang et al (2003) Nucleic Acids Research, Vol31,No13,p3450-3461.
-----------------------------------------------------------
BEGIN_base-pair
      1_2, B:     1 G-C     2 B:      stacked
     1_72, B:     1 G-C    72 B: +/+ cis         XIX
     2_71, B:     2 C-G    71 B: W/W cis         n/a
     2_72, B:     2 C-C    72 B: W/W cis         n/a
     3_70, B:     3 G-C    70 B: +/+ cis         XIX
      4_5, B:     4 G-A     5 B:      stacked
     4_69, B:     4 G-U    69 B: W/W cis         XXVIII
     4_70, B:     4 G-C    70 B:      stacked
     5_68, B:     5 A-U    68 B: -/- cis         XX
     6_67, B:     6 U-A    67 B: -/- cis         XX
     6_68, B:     6 U-U    68 B: W/W cis         XVI
     7_66, B:     7 U-A    66 B: -/- cis         XX
     7_67, B:     7 U-A    67 B:      stacked
     8_14, B:     8 U-A    14 B: W/H tran        XXIV
     8_21, B:     8 U-A    21 B: S/W tran        n/a
     9_23, B:     9 A-A    23 B: H/H tran        II
     9_46, B:     9 A-G    46 B:   syn  stacked
    10_25, B:    10 G-C    25 B: +/+ cis         XIX
    11_24, B:    11 C-G    24 B: +/+ cis         XIX
    12_23, B:    12 U-A    23 B: -/- cis         XX
    12_24, B:    12 U-G    24 B:      stacked
    13_22, B:    13 C-G    22 B: +/+ cis         XIX
    13_23, B:    13 C-A    23 B:      stacked
    15_48, B:    15 G-C    48 B: W/W tran        XXII
    18_55, B:    18 G-U    55 B: W/H tran   syn    n/a
    19_56, B:    19 G-C    56 B: W/W cis    syn    n/a
    22_46, B:    22 G-G    46 B: H/W tran     syn  VII
    24_25, B:    24 G-C    25 B:      stacked
    26_44, B:    26 G-A    44 B: W/W cis         VIII
    27_43, B:    27 C-G    43 B: +/+ cis         XIX
    27_44, B:    27 C-A    44 B: W/W cis         n/a
    28_42, B:    28 C-G    42 B: +/+ cis         XIX
    28_43, B:    28 C-G    43 B:      stacked
    29_41, B:    29 A-U    41 B: -/- cis         XX
    30_40, B:    30 G-C    40 B: +/+ cis         XIX
    30_41, B:    30 G-U    41 B:      stacked
    31_39, B:    31 A-U    39 B: W/W cis         n/a
    31_40, B:    31 A-C    40 B:      stacked
    49_65, B:    49 C-G    65 B: +/+ cis         XIX
    49_66, B:    49 C-A    66 B:      stacked
    50_64, B:    50 U-A    64 B: -/- cis         XX
    50_65, B:    50 U-G    65 B:      stacked
    51_52, B:    51 G-U    52 B:      stacked
    51_63, B:    51 G-C    63 B: +/+ cis         XIX
    52_62, B:    52 U-A    62 B: -/- cis         XX
    53_54, B:    53 G-U    54 B:      stacked
    53_61, B:    53 G-C    61 B: +/+ cis         XIX
    54_58, B:    54 U-A    58 B: W/H tran     syn  XXIV
    54_61, B:    54 U-C    61 B: W/W cis         XVIII
    69_70, B:    69 U-C    70 B:      stacked
    71_72, B:    71 G-C    72 B:      stacked
    10_45, B:    10 G-G    45 B: H/S cis         !1H(b_b)
      7_8, B:     7 U-U     8 B: S/. cis         !(s_s)
     9_13, B:     9 A-C    13 B: H/W tran        !(s_s)
    16_17, B:    16 U-U    17 B: S/S tran   syn    !(s_s)
    32_36, B:    32 C-A    36 B: W/? tran        !(s_s)
    33_35, B:    33 U-A    35 B: S/S tran        !(s_s)
    33_36, B:    33 U-A    36 B: W/H tran        !(s_s)
    55_57, B:    55 U-G    57 B: S/S tran        !(s_s)
    58_60, B:    58 A-C    60 B: S/S tran   syn    !(s_s)
    60_61, B:    60 C-C    61 B: S/H cis         !(s_s)
END_base-pair

Summary of triplets and higher multiplets
BEGIN_multiplets
8_14_21_| [1 3]  B: 8 U  +  B: 14 A  +  B: 21 A
9_12_23_| [2 3]  B: 9 A  +  B: 12 U  +  B: 23 A
13_22_46_| [3 3]  B: 13 C  +  B: 22 G  +  B: 46 G
END_multiplets

  The total base pairs =  34 (from   76 bases)
------------------------------------------------
 Standard  WW--cis  WW-tran  HH--cis  HH-tran  SS--cis  SS-tran
       18        9        1        0        1        0        0
  WH--cis  WH-tran  WS--cis  WS-tran  HS--cis  HS-tran
        0        4        0        1        0        0
------------------------------------------------
