BEGIN_base-pair
     1_72, B:     1 G-C    72 B: +/+ cis         XIX
     2_71, B:     2 C-G    71 B: W/W cis         n/a
     2_72, B:     2 C-C    72 B: W/W cis         n/a
     3_70, B:     3 G-C    70 B: +/+ cis         XIX
     3_70,-
1_72_2_71_2_72_3_70_0, click this line to see above pattern
0_0,---------
     7_66, B:     7 U-A    66 B: -/- cis         XX
     8_14, B:     8 U-A    14 B: W/H tran        XXIV
     8_21, B:     8 U-A    21 B: S/W tran        n/a
     9_23, B:     9 A-A    23 B: H/H tran        II
    10_25, B:    10 G-C    25 B: +/+ cis         XIX
    10_25,-
7_66_8_14_8_21_9_23_10_25_0, click this line to see above pattern
0_0,---------
    13_22, B:    13 C-G    22 B: +/+ cis         XIX
    15_48, B:    15 G-C    48 B: W/W tran        XXII
    18_55, B:    18 G-U    55 B: W/H tran   syn    n/a
    19_56, B:    19 G-C    56 B: W/W cis    syn    n/a
    22_46, B:    22 G-G    46 B: H/W tran     syn  VII
    26_44, B:    26 G-A    44 B: W/W cis         VIII
    27_43, B:    27 C-G    43 B: +/+ cis         XIX
    27_43,-
13_22_15_48_18_55_19_56_22_46_26_44_27_43_0, click this line to see above pattern
0_0,---------
END_base-pair
