The backbone torsional angle for nucleic acid 

 
Note: alpha:   O3'(i-1)-P-O5'-C5'
      beta:    P-O5'-C5'-C4'
      gamma:   O5'-C5'-C4'-C3'
      delta:   C5'-C4'-C3'-O3'
      epsilon: C4'-C3'-O3'-P(i+1)
      zeta:    C3'-O3'-P(i+1)-O5'(i+1)

      chi for pyrimidines(Y): O4'-C1'-N1-C2
          chi for purines(R): O4'-C1'-N9-C4

    (The number -9999.99 means that the angle can not be calculated) 

Ch Res  Num    alpha    beta     gamma    delta  epsilon    zeta     chi
B   G    1  -9999.99   130.17    53.21    91.77  -171.64   -58.04  -161.29
B   C    2    -69.95  -171.22    46.41    86.38  -166.17   -64.20  -127.96
B   G    3    -67.99   171.02    46.82    79.85  -174.67   -68.33  -153.49
B   G    4    -65.53   171.22    55.21    83.45  -172.20   -66.98  -171.95
B   A    5    -68.58   172.43    55.16    84.20  -170.64   -62.05  -155.46
B   U    6    -70.11   170.42    54.58    85.71  -171.76   -71.68  -148.39
B   U    7    -71.42   172.71    62.29   129.54   -70.73   -77.12  -148.01
B   U    8    -63.13  -158.61    47.47    75.69  -168.63  -113.37  -161.14
B   A    9    -67.69  -163.30    66.91   137.11   -89.08   -80.22   -98.89
B   G   10   -177.87   171.40    47.58    93.65  -172.87   -61.50  -172.67
B   C   11    -68.16  -173.16    49.56    93.72  -168.56   -59.62  -154.02
B   U   12    -73.79   170.99    49.07    84.36  -176.43   -56.49  -149.78
B   C   13    170.55  -169.19   165.97    78.55  -178.10   -72.20  -153.42
B   A   14    -64.36   176.32    56.01    79.94  -164.36   -52.90  -176.71
B   G   15    -74.09   166.21    49.20    81.72  -171.85  -178.28  -173.17
B   U   16     69.10   177.74    37.12   160.05   -48.43    82.02   -55.91
B   U   17     48.86   157.88    65.81   119.02   -72.67   -81.13  -135.84
B   G   18   -111.26    90.85   -42.49   160.08   -73.45   162.06   -84.73
B   G   19    -77.09   165.04    42.76   158.28   -76.89   -82.39   -82.53
B   G   20    -61.51  -164.26    34.46    88.87  -155.56   -44.01  -174.84
B   A   21     63.02   173.75    20.17    85.66   177.69  -102.80  -135.09
B   G   22    -66.99   157.58    59.38    77.39   179.11   -83.55  -165.87
B   A   23    -65.04   176.80    51.21    83.86  -173.82   -68.48  -160.52
B   G   24    -70.23   175.06    50.53    85.32  -169.47   -58.73  -153.59
B   C   25    -67.67   166.71    53.83    82.84  -167.72   -54.63  -148.35
B   G   26    -66.73   168.04    56.88    85.33  -168.48   -63.31  -153.75
B   C   27    -74.87   179.87    45.89    85.75  -169.76   -67.68  -148.19
B   C   28    -71.71   177.14    46.95    83.41  -172.19   -64.74  -143.51
B   A   29    -68.09   167.20    55.99    81.35  -173.35   -64.67  -175.97
B   G   30    -64.78   170.05    60.80    83.73  -167.85   -58.79  -171.93
B   A   31    -67.21   168.03    54.20    82.72  -162.77   -53.19  -154.55
B   C   32    -67.51   168.85    52.92    81.40  -170.02   -64.77  -168.70
B   U   33    -72.21   175.99    44.60    85.31  -156.03   -59.41  -153.19
B   G   34    170.47  -175.13    37.10    83.98  -159.63   -52.57  -150.22
B   A   35    -70.45   161.79    57.50    80.36  -178.59   -58.32  -164.14
B   A   36    -68.30   166.94    60.35    84.71  -169.68   -56.34  -174.82
B   G   37     66.68   170.95  -104.41    99.16  -167.22   -55.63  -158.30
B   A   38    -69.35   171.22    52.96    89.22  -168.83   -52.73  -170.40
B   U   39    -71.95   177.98    50.72    87.65  -170.82   -63.33 -9999.99
B   C   40    -71.96   175.46    50.90    85.17  -171.17   -60.69  -156.03
B   U   41    -68.22   174.24    52.85    82.45  -170.48   -67.05  -159.65
B   G   42    -70.47   172.76    50.60    80.65  -175.75   -68.51  -163.66
B   G   43    -66.65   174.28    55.79    83.49  -176.66   -68.49  -162.09
B   A   44    -67.89   173.95    55.73    91.51  -165.71   -50.78  -147.56
B   G   45    -80.57   162.31    56.87    84.04   -78.39  -150.81  -178.57
B   G   46     53.84  -178.29   -65.43   166.25   -57.15  -161.86   -55.51
B   U   47    -44.04    89.36   178.87   116.57  -174.06    99.51  -177.95
B   C   48    -48.28   178.21    75.41   141.27  -148.94    67.83  -130.11
B   C   49     46.73  -179.86    52.14    88.88  -171.45   -62.80  -149.34
B   U   50    -72.15   172.86    50.64    83.82  -170.88   -69.14  -161.28
B   G   51    -72.00   176.47    54.19    80.90  -173.93   -62.47  -153.47
B   U   52    -70.39   169.98    53.46    82.36  -173.24   -60.42  -148.96
B   G   53    -65.60   164.98    61.93    82.57  -170.70   -62.10  -178.02
B   U   54    -69.40   178.97    50.45    83.10  -162.28   -56.05  -144.50
B   U   55    -70.10  -170.86    37.26    90.88  -169.45   -60.08 -9999.99
B   C   56    170.39   173.68    48.93    86.58  -166.82   -54.11  -150.40
B   G   57    -68.99   168.50    53.63    83.70  -164.68   -59.62  -167.50
B   A   58    -69.34  -149.31    62.14   146.01   -64.57  -179.11   -86.69
B   U   59     63.04  -149.14    57.22    85.14  -162.07   -54.10  -158.07
B   C   60    -69.62   174.92    62.06   146.54   -79.84   -73.82  -135.46
B   C   61    -68.16   160.47    37.22    85.32  -170.55   -73.26  -163.01
B   A   62    -70.78  -178.99    50.29    83.96  -171.26   -64.96  -161.29
B   C   63    -70.02   175.89    47.96    83.24  -173.60   -66.31  -144.84
B   A   64    -68.40   173.31    48.77    82.19  -172.05   -63.45  -166.19
B   G   65    -66.78   172.23    53.45    81.81  -173.17   -66.68  -172.96
B   A   66    -66.87   177.07    55.02    82.77  -171.71   -65.48  -162.37
B   A   67    -72.40   173.45    48.66    78.74  -177.65   -68.30  -171.88
B   U   68    -64.89  -168.46    54.15    92.25  -168.00   -61.67  -146.47
B   U   69    -67.66   168.32    53.21    84.84  -175.20   -70.00  -170.08
B   C   70    -70.41   174.82    51.68    82.53  -173.65   -68.03  -137.62
B   G   71    -70.86   172.25    54.14    81.67  -171.47   -56.53  -158.05
B   C   72    -67.34   167.47    58.66    81.03  -171.11   -62.11  -158.36
B   A   73    -70.50   171.98    52.55    82.43  -168.33   -61.30  -176.11
B   C   74    -70.97  -176.09    49.77    83.04  -168.55   -66.84  -164.88
B   C   75    -71.92  -179.82    48.71    92.82   168.60  -160.18  -164.75
B   A   76     55.92   133.31   154.81   163.19 -9999.99 -9999.99  -138.23
