The backbone torsional angle for nucleic acid 

 
Note: alpha:   O3'(i-1)-P-O5'-C5'
      beta:    P-O5'-C5'-C4'
      gamma:   O5'-C5'-C4'-C3'
      delta:   C5'-C4'-C3'-O3'
      epsilon: C4'-C3'-O3'-P(i+1)
      zeta:    C3'-O3'-P(i+1)-O5'(i+1)

      chi for pyrimidines(Y): O4'-C1'-N1-C2
          chi for purines(R): O4'-C1'-N9-C4

    (The number -9999.99 means that the angle can not be calculated) 

Ch Res  Num    alpha    beta     gamma    delta  epsilon    zeta     chi
2   G    1  -9999.99 -9999.99    17.94    85.69  -153.64   -66.05  -169.91
2   U    2    -73.48   174.36    69.54    78.94  -114.57   -90.65  -165.94
2   C    3    -57.11   146.10    53.91    76.67  -150.64   -69.71  -159.59
2   U    4    -70.25   170.44    63.74    76.05  -130.22   -94.41  -160.23
2   C    5    -61.80   139.75    75.66    80.85  -145.74   -75.69  -163.14
2   C    6    -68.95   174.53    53.36    79.83  -173.97   -76.56  -151.22
2   G    7    167.14  -163.75  -179.63   143.18   -82.98   -32.44  -156.41
2   U    8    -83.87  -152.47    73.46    81.44  -139.38   -80.84  -148.68
2   A    9   -170.78    99.74  -168.88   138.54   -89.58   -76.18  -113.55
2   G   10   -177.32  -158.49    67.53    85.42  -147.96   -63.07   178.98
2   U   11    -79.47  -174.63    59.96    78.03  -152.94   -64.84  -162.78
2   G   12    -81.62   179.29    60.80    80.54  -173.94   -15.08  -155.03
2   U   13   -165.56   127.39   163.57    83.43  -164.15   -67.96  -170.78
2   A   14    143.34   172.18  -161.51    90.16  -124.32   -55.85  -179.22
2   G   15    -66.14   172.79    51.33    81.21  -146.18  -157.28  -150.42
2   C   16    147.33  -174.40    52.81    81.98 -9999.99 -9999.99    -3.86
2   G   18  -9999.99    96.05   163.92   149.11  -149.54  -118.57  -119.28
2   G   19    -91.64  -150.39    74.10   143.29 -9999.99 -9999.99   -83.57
2   U   20  -9999.99   145.42    26.71   121.62 -9999.99 -9999.99   -69.12
2   U   20  -9999.99   161.55   115.61   104.89  -168.29    26.83   -49.82
2   A   21   -102.13  -103.01    84.23    84.01  -114.77  -167.25   172.01
2   U   22    -50.87   139.68    46.47    76.28  -141.36   -73.40  -171.88
2   C   23    -58.09   174.68    45.27    75.25  -138.24   -85.62  -165.92
2   A   24    -58.22   158.37    57.25    78.23  -132.07   -78.94  -168.69
2   C   25    -65.23   152.73    72.23    77.99  -138.42   -64.61  -171.63
2   G   26    -74.03   170.03    63.69    78.91  -143.05   -67.29  -174.18
2   U   27    -65.24   173.02    58.20    77.56  -139.22   -71.26  -168.29
2   U   28    -58.38   174.68    42.12    74.37  -151.11   -67.84  -162.13
2   C   29    -63.43  -177.41    47.15    71.79  -151.75   -67.78  -160.77
2   G   30    -63.34   176.88    54.92    72.11  -176.30   -70.71  -164.48
2   C   31    179.61  -147.44   149.72    79.84  -116.59   -80.21  -173.18
2   C   32    -51.50   157.98    48.35    80.87  -111.26   -71.12  -161.43
2   U   33    -68.21   156.61    59.73    67.99  -116.45   -71.64  -160.65
2   A   34   -162.74   158.02    20.43    91.01  -128.62   -78.20  -172.40
2   A   35    -68.48   161.98    59.68    77.23  -147.11   -73.54  -168.32
2   C   36    -60.43   174.01    50.66    74.94  -146.48   -61.84  -162.70
2   A   37    -72.37   173.60    65.42    76.62  -147.12   -58.35  -165.20
2   C   38    -72.62   173.27    62.08    78.16  -139.82   -56.83  -169.45
2   G   39    -67.06   169.68    58.06    79.98  -140.09   -72.27  -173.40
2   C   40    -55.88   174.35    45.08    78.29  -146.65   -72.16  -165.57
2   G   41    -67.44   170.30    60.07    77.73  -158.05   -40.98  -165.53
2   A   42   -163.80   145.06   150.65    82.34  -133.24   -72.33  -176.00
2   A   43    -85.89   155.45    91.51    78.07  -124.96   -95.60  -179.90
2   A   44    -55.85   147.71    61.11    82.18  -132.45   -78.39  -167.32
2   G   45    -54.67   161.41    48.46    84.77   -77.11  -140.04  -153.88
2   G   46     57.89  -107.09  -105.76   150.70   -91.90   -74.14  -119.66
2   U   47    107.45  -171.46    18.32   145.38  -108.91   -59.02  -128.79
2   C   48    -77.44  -175.47   162.30   145.17  -149.17   127.96  -143.19
2   C   49    -44.97  -143.70    98.18    80.25  -130.01   -71.87  -171.09
2   U   50    -61.50  -176.45    36.34    83.30  -147.29   -83.99  -160.45
2   C   51    -67.65   159.57    65.13    76.49  -153.38   -65.08  -161.50
2   G   52    -86.33   173.87    72.47    77.52  -157.13   -63.09  -169.24
2   G   53    -78.63   178.78    70.20    78.03  -150.59   -71.10  -168.45
2   U   54    -70.66   172.35    59.78    78.40  -130.35   -66.67  -155.23
2   U   55    -57.66   169.60    47.06    79.43  -133.09   -55.56  -151.47
2   C   56    174.51   153.03    43.66    86.41  -137.56   -64.27  -173.10
2   G   57    -74.25   171.85    65.89    82.80  -130.10  -100.08  -167.46
2   A   58     59.54   158.94   -32.45   148.46   -93.84   176.24   -85.15
2   A   59     92.98  -152.46    72.09    85.41  -133.28   -74.32  -177.74
2   A   60    -81.58   161.37    85.53   137.84  -148.27   -34.10  -132.72
2   C   61   -134.42  -142.06    42.87    79.46  -152.99   -69.54  -169.83
2   C   62    -69.09   178.33    63.73    80.76  -157.21   -66.54  -166.26
2   G   63    156.76   173.73   166.20    90.60  -104.84   -90.18  -175.69
2   G   64    -73.67   126.86    97.07    78.37  -153.13   -61.01   174.99
2   G   65    137.08   172.81  -169.45    96.05  -123.89   -77.22   176.72
2   C   66    -60.70   164.80    50.56    82.90  -158.89   -69.50  -160.06
2   G   67    116.58  -172.61  -151.40    86.10  -145.16   -59.29  -173.02
2   G   68    -71.06  -179.08    54.59    74.75  -155.05   -66.57  -164.53
2   A   69    -71.26   173.74    64.97    75.99  -171.29   -78.33  -162.28
2   A   70    164.40  -170.81   167.72    91.85  -128.04   -73.32  -174.07
2   A   71    -66.06   163.19    60.25    82.12  -145.73   -77.04  -163.81
2   C   72    101.58  -167.66  -133.66    87.16  -126.40   -64.62  -159.60
2   A   73    -60.63   169.78    49.26    79.10  -152.83   136.49  -142.75
2   C   74    -86.11   139.77    53.38    83.04  -141.02  -115.75  -177.52
2   C   75     39.42   130.53   -13.31    92.44  -127.80   -41.18  -131.12
2   A   76   -126.61    85.29   157.92   104.14 -9999.99 -9999.99  -117.48
