The backbone torsional angle for nucleic acid 

 
Note: alpha:   O3'(i-1)-P-O5'-C5'
      beta:    P-O5'-C5'-C4'
      gamma:   O5'-C5'-C4'-C3'
      delta:   C5'-C4'-C3'-O3'
      epsilon: C4'-C3'-O3'-P(i+1)
      zeta:    C3'-O3'-P(i+1)-O5'(i+1)

      chi for pyrimidines(Y): O4'-C1'-N1-C2
          chi for purines(R): O4'-C1'-N9-C4

    (The number -9999.99 means that the angle can not be calculated) 

Ch Res  Num    alpha    beta     gamma    delta  epsilon    zeta     chi
H   G    4  -9999.99 -9999.99   -56.76    85.63  -122.55  -135.89  -158.47
H   A    5    103.32   -73.83  -170.86    84.73  -111.51   -86.01   164.54
H   G    6    -81.25   170.01    56.68    84.91   165.56   -97.52  -162.50
H   G    7    172.47  -122.40   167.30    92.29  -165.64    77.27  -177.71
H   U    8   -146.51  -145.05    55.41    95.12  -119.93  -123.13   168.23
H   G    9    -61.62   173.84    45.03    84.12  -141.73   -85.69  -132.77
H   G   10   -151.36  -136.41    35.72    82.48  -160.20   -63.54  -177.61
H   U   11    -73.38  -171.14    54.90    85.50  -143.14   -54.51  -163.75
H   G   12   -125.10   104.33   141.99    91.84  -115.27   -54.79   169.92
H   G   13    -65.77   161.28    46.36    86.97  -167.02   -52.33  -165.13
H   A   14   -150.55   139.52   174.36    86.09  -135.63   -24.89   167.22
H   A   15   -135.92   114.80   156.71    88.67  -125.87  -169.87   164.92
H   U   16    -92.37  -158.72    54.21    86.76  -117.48   -69.57  -163.23
H   U   17   -118.68   -62.18  -133.67    85.29  -168.90   172.41  -102.63
H   G   18     49.71   179.07    65.01   102.39  -137.05  -108.84  -164.65
H   G   19    174.19  -128.12   160.82   105.27  -117.86  -132.29  -124.37
H   U   20    -88.47    47.27   178.42    85.62   -93.31   157.54  -154.05
H   A   20   -176.80   151.36   171.77    84.14  -139.25   -73.50  -150.26
H   G   21    -53.26   168.21    49.74    89.65  -128.41   122.24  -136.02
H   A   22    -84.49   153.53    39.77    80.54  -139.03   -47.78  -168.71
H   C   23    -65.04   171.42    39.50    77.79  -139.43   -73.91  -147.30
H   A   24    -62.79   164.75    53.24    78.13  -142.87   -93.36   178.49
H   C   25    -59.54   162.31    64.33    86.34  -140.63  -107.75  -168.24
H   G   26    152.61  -133.67   160.81    83.51  -132.41   -94.51  -178.56
H   C   27    -68.66   174.11    51.27    85.16  -142.04   -81.71  -161.59
H   U   28    -77.01  -175.91    54.30    78.97  -156.17   -82.02  -167.65
H   A   29    -36.60   170.25    43.12    83.67  -112.14  -106.31  -171.89
H   C   30    -37.31   127.23    55.54    82.10  -166.90   -80.27  -159.63
H   C   31    163.02   178.34   169.24    86.33 -9999.99 -9999.99   176.48
H   U   38  -9999.99  -104.58   161.73    86.08  -135.75   -74.78  -172.99
H   G   39    -45.75   155.92    47.03    83.03  -131.17  -137.49   173.35
H   G   40   -178.61  -114.40   168.19    84.67 -9999.99 -9999.99  -151.02
H   A   42  -9999.99   165.82  -179.48    83.86 -9999.99 -9999.99  -166.99
H   G   45  -9999.99  -164.85    57.45    83.29  -143.52   -83.35  -162.92
H   C   45    163.15  -166.71   164.94    87.88  -111.87  -132.37  -156.91
H   C   45    -53.67   133.83    52.70    87.01 -9999.99 -9999.99  -158.48
H   G   46  -9999.99    91.31    65.10    89.72  -174.51   -84.11   -93.85
H   G   46    152.03  -136.20   168.91    88.08  -150.38   -68.70  -151.94
H   C   46    -79.89   171.06    59.96    86.94  -160.81   -58.70  -153.44
H   U   47    169.09   173.01   168.59    86.13   -91.91  -153.10  -176.17
H   U   48      8.68   116.64    50.43    93.63   175.34   162.84  -175.37
H   A   49     45.92  -154.33    47.59    88.62  -149.13   -71.21   178.65
H   C   50    -82.01  -179.49    59.42    89.19  -153.30   -70.64  -155.43
H   G   51    -60.59   174.16    41.86    82.10  -171.71   -61.99  -157.82
H   G   52    154.57   179.90   171.87    81.99  -140.27   -78.30  -170.57
H   G   53    -48.37   165.28    51.14    85.25  -159.82   -75.32  -174.41
H   U   54    -59.73  -178.59    52.46    87.65  -148.29   -58.59   177.26
H   U   55     75.83   174.97   -90.73    88.63   177.82    -0.80  -151.36
H   C   56    147.06   122.86    50.37    82.48  -119.96   -69.97  -173.27
H   A   57    -57.00   164.38    43.67    87.22  -158.73  -158.78  -159.54
H   A   58     78.32    78.10    42.58    87.67    20.96   103.77  -127.23
H   G   59   -178.76  -156.83   -67.07    93.49  -153.81   -55.03  -134.92
H   U   60    159.50  -103.03   155.91   102.68   -92.18   -51.00  -148.87
H   C   61    -89.98  -175.28    47.27    91.34  -163.52   -71.55  -148.20
H   C   62    -95.90  -162.83    56.06    88.72  -163.05   -69.98  -152.94
H   C   63    -74.65  -177.28    59.84    83.92  -139.13   -78.40  -168.12
H   G   64     60.32  -148.47   -96.88    90.11  -111.40   -51.10  -177.14
H   U   65   -116.82   116.92   127.89    85.04  -142.61   -59.42  -174.41
H   C   66    -60.91  -166.83    42.33    84.70  -173.32   -72.37  -147.31
H   C   67    165.16  -177.95   162.79    89.72  -146.58   -60.58  -171.79
H   U   68    -74.52  -164.80    44.00    84.12  -135.03  -134.21  -166.75
H   C   69    112.68  -102.77  -178.78    79.27 -9999.99 -9999.99   177.45
