PDB data file name: tRNA_dataset/2nr0_chain_H.pdb_new
-----------------------------------------------------------
CRITERIA USED TO GENERATE BASE-PAIR: 
  3.40 --> upper H-bond length limits (ON..ON).
 26.00 --> max. distance between paired base origins.
  2.50 --> max. vertical distance between paired base origins.
 65.00 --> max. angle between paired bases [0-90].
  5.40 --> min. distance between RN9/YN1 atoms.
  8.00 --> max. distance criterion for helix break[0-12]
-----------------------------------------------------------
BASE-PAIR INSTRUCTIONS: 
Column 1 is rnaview assigned base numbers n1_n2, start from 1.
Column 2 & 3 are chain ID & residue number in input PDB file.
Column 4 is for base pair. The left & right are the bases as 
         identified by column 2 & 3 and 5 & 6.
Column 5 & 6 are residue number & chain ID in input PDB file.
Column 7 is for base pair annotation. The standard Watson-Crick
         (W.C.) pairs are annotated as -/- (AU,AT) or +/+ (GC).
         Other pairs are annotated as Leontis_Westhof Classification.
         The three edges: W(Watson-Crick); H(Hoogsteen); S(suger).
         e.g. W/H means the pair is edge of Watson-Crick & Hoogsteen.
Column 8 is glycosidic bond orientation (either cis or trans).
         e.g. 'W/H cis' means the pair is interaction on Watson-Crick
         and Hoogsteen side, glycosidic bond orientation is 'cis'.
Column 9 corresponds to Saenger Classification.

Other columns: 
        Syn sugar-base conformations are annotated as (syn).
        Stacked base pairs are annotated as (stack).
        Non-identified edges are annotated as (.) or (?)
        Tertiary interactions are marked by (!) in the line.
Reference:
Yang et al (2003) Nucleic Acids Research, Vol31,No13,p3450-3461.
-----------------------------------------------------------
BEGIN_base-pair
     1_62, H:     4 G-C    69 H: W/W cis         n/a
     2_61, H:     5 A-U    68 H: -/- cis         XX
     2_62, H:     5 A-C    69 H:      stacked
     3_60, H:     6 G-C    67 H: +/+ cis         XIX
     3_61, H:     6 G-U    68 H:      stacked
     4_59, H:     7 G-C    66 H: +/+ cis         XIX
     7_23, H:    10 G-C    25 H: +/+ cis         XIX
     8_22, H:    11 U-A    24 H: -/- cis         XX
     9_21, H:    12 G-C    23 H: +/+ cis         XIX
    10_20, H:    13 G-A    22 H: S/H tran        XI
    11_18, H:    14 A-A    20 H: W/S cis         n/a
    12_41, H:    15 A-U    48 H: W/W tran        XXI
    15_48, H:    18 G-U    55 H: W/S tran        n/a
    16_49, H:    19 G-C    56 H: +/+ cis         XIX
    26_33, H:    28 U-A    42 H: -/- cis         XX
    27_28, H:    29 A-C    30 H:      stacked
    28_32, H:    30 C-G    40 H: +/+ cis         XIX
    29_31, H:    31 C-G    39 H: W/W cis         n/a
    34_39, H:    45 G-C    46 H: +/+ cis         XIX
    35_38, H:    45 C-G    46 H: +/+ cis         XIX
    36_37, H:    45 C-G    46 H: +/+ cis         XIX
    42_57, H:    49 A-G    64 H: W/W cis         VIII
    42_58, H:    49 A-U    65 H: -/- cis         XX
    43_57, H:    50 C-G    64 H: +/+ cis         XIX
    44_56, H:    51 G-C    63 H: +/+ cis         XIX
    45_55, H:    52 G-C    62 H: +/+ cis         XIX
    46_54, H:    53 G-C    61 H: +/+ cis         XIX
    46_55, H:    53 G-C    62 H:      stacked
    47_48, H:    54 U-U    55 H:      stacked
    57_58, H:    64 G-U    65 H:      stacked
    61_62, H:    68 U-C    69 H:      stacked
    19_40, H:    21 G-U    47 H: W/W cis         !1H(b_b)
     5_19, H:     8 U-G    21 H: S/S tran        !(b_s)
    12_13, H:    15 A-U    16 H: S/? cis         !(s_s)
    19_20, H:    21 G-A    22 H: S/S tran        !(s_s)
    48_50, H:    55 U-A    57 H: S/S tran        !(s_s)
END_base-pair
  The total base pairs =  24 (from   62 bases)
------------------------------------------------
 Standard  WW--cis  WW-tran  HH--cis  HH-tran  SS--cis  SS-tran
       17        3        1        0        0        0        0
  WH--cis  WH-tran  WS--cis  WS-tran  HS--cis  HS-tran
        0        0        1        1        0        1
------------------------------------------------
