The backbone torsional angle for nucleic acid 

 
Note: alpha:   O3'(i-1)-P-O5'-C5'
      beta:    P-O5'-C5'-C4'
      gamma:   O5'-C5'-C4'-C3'
      delta:   C5'-C4'-C3'-O3'
      epsilon: C4'-C3'-O3'-P(i+1)
      zeta:    C3'-O3'-P(i+1)-O5'(i+1)

      chi for pyrimidines(Y): O4'-C1'-N1-C2
          chi for purines(R): O4'-C1'-N9-C4

    (The number -9999.99 means that the angle can not be calculated) 

Ch Res  Num    alpha    beta     gamma    delta  epsilon    zeta     chi
D   G  501  -9999.99   177.11    45.30    85.35  -141.62   -74.93  -171.64
D   G  502    -66.30   176.32    48.53    82.22  -137.88   -73.57  -167.45
D   C  503    -64.87   165.37    53.45    82.53  -144.65   -76.90  -160.75
D   C  504    -53.59   167.92    44.83    81.72  -152.15   -79.01  -161.30
D   C  505    -55.79   170.05    49.61    76.17  -155.52   -65.36  -161.54
D   C  506    -66.24   170.41    59.50    81.60  -162.86   -75.91  -158.93
D   A  507    -45.70  -173.12    46.53    99.26    80.94   132.08  -121.55
D   U  508    -84.66  -170.81    44.80    83.30  -132.06   -91.34  -156.66
D   C  509   -157.95   129.53   173.29   132.33   -74.11   -62.08  -108.24
D   G  510   -178.49   175.81    56.81    89.83  -145.86   -74.86  -178.49
D   U  511    -59.93   176.58    47.07    84.77  -153.85   -71.65  -163.45
D   C  512    -67.60  -173.05    43.95    80.89  -156.21   -66.37  -156.46
D   U  513    146.32  -154.87  -170.02    82.33  -151.33   -75.69   179.45
D   A  514    -62.45  -167.00    42.80    81.96  -149.08   -57.43  -160.87
D   G  515    -58.42   168.33    68.96   123.64  -131.64   -87.08  -124.00
D   C  516    164.42  -105.65   175.68    83.99  -111.00   116.71  -155.46
D   G  518     90.08  -165.57   -64.10   110.69    69.97    68.38  -109.16
D   G  519   -138.21  -133.27    48.82   113.04    82.62   126.96   -62.35
D   U  520    -40.82   134.18    32.27    84.24  -128.77   -66.29  -113.22
D   U  520    170.14   162.04    43.02    84.56  -130.22   -76.94  -147.52
D   A  521     95.76   135.51    80.64    81.13  -127.55  -157.40  -165.73
D   G  522    -67.97   142.13    44.95    79.20  -149.40   -82.34  -169.37
D   G  523    -51.37   169.24    50.11    83.37  -155.95   -70.71  -171.93
D   A  524    -70.76  -179.94    50.46    81.60  -155.13   -73.60  -169.27
D   C  525    -66.44  -176.88    52.98    85.22  -147.72   -58.61  -168.07
D   G  526    -73.34   178.34    50.89    85.13  -149.64   -65.35  -164.66
D   C  527    -64.22   174.04    50.59    80.69  -141.51   -80.74  -158.98
D   G  528    -56.99   167.15    44.90    79.82  -150.92   -74.49  -168.13
D   G  529    -68.03   173.07    59.58    79.38  -159.56   -67.02  -171.34
D   C  530    -76.07  -178.15    59.24    84.24  -151.85   -73.92  -161.92
D   C  531    -63.83   170.25    55.03    81.31  -137.54   -74.80  -160.81
D   C  532    -51.37   160.34    48.73    85.03  -117.43   -69.58  -162.03
D   U  533    -61.37   159.40    53.87    84.17  -165.68   -77.90  -141.10
D   C  534    164.67   155.53    45.62    85.40  -145.96  -107.34  -164.90
D   U  535    -54.27   166.12    53.66    85.56  -137.67   -75.60  -166.39
D   C  536    -51.39   159.52    47.12    81.41  -157.91   -79.40  -151.64
D   A  537    134.73  -148.37  -173.94    82.44  -134.42   -66.51  -178.60
D   A  538    -60.86   167.39    52.37    86.87  -140.77   -61.58  -169.55
D   G  539    -69.52   171.20    51.28    78.77  -151.85   -72.51  -166.02
D   G  540    -62.06   177.82    49.29    79.54  -151.85   -65.84  -165.72
D   C  541    -66.10   177.33    52.95    81.85  -161.78   -64.39  -157.71
D   C  542    -74.29   179.84    57.93    79.61  -152.86   -71.30  -166.32
D   G  543    -57.18   169.61    57.91    80.18  -155.04   -77.48  -163.13
D   A  544    -69.23   179.20    50.66    79.21  -140.60   -67.15  -153.23
D   A  545    -52.21   170.41    44.58    82.65  -125.28  -106.07  -152.83
D   A  546    -50.24   176.61    53.29    85.07  -147.25   -66.25  -130.39
D   C  548    -94.17   114.13   170.65   132.77  -151.66    76.42  -126.73
D   G  549     36.92   157.32    47.07    83.60  -140.35   -74.01  -175.46
D   G  550    -62.90   178.86    48.06    80.42  -153.90   -73.94  -165.11
D   G  551    -54.83   172.17    47.29    81.95  -163.55   -88.57  -161.84
D   G  552    159.13  -149.29   164.29    83.97  -109.16   -53.89   177.74
D   G  553   -107.24   100.75   146.11    87.39  -121.40   -69.74   164.28
D   U  554    -66.28  -178.39    42.83    83.60  -125.58   -75.91  -158.96
D   U  555    -46.05   154.68    49.07    79.70  -142.51   -60.18  -153.35
D   C  556    167.04   152.27    53.18    85.88  -131.18   -70.69  -174.64
D   G  557    -67.26   170.31    47.58    83.51  -133.85  -159.91  -153.82
D   A  558    140.33  -106.44  -163.20   103.70    88.46    80.50  -127.30
D   U  559     75.19   168.61    49.57    87.31  -150.14   -53.04  -171.34
D   U  560    -66.06   178.58    60.42   127.99   -97.33   -73.69  -129.10
D   C  561    -98.00  -161.91    46.74    85.29  -160.39   -70.59  -172.48
D   C  562    -70.40  -171.66    49.59    83.56  -156.65   -72.27  -162.58
D   C  563    -67.43   178.11    51.00    82.10  -156.02   -75.27  -161.35
D   C  564    -67.36   168.27    55.24    84.35  -163.50   -58.89  -173.31
D   C  565    -80.03  -164.42    61.47    82.03  -155.26   -68.94  -161.27
D   U  566    -62.48   174.81    50.25    80.89  -148.24   -70.70  -157.13
D   G  567    -55.17   168.71    45.57    82.36  -153.29   -72.76  -159.92
D   G  568    -61.64   175.98    44.77    81.19  -154.60   -72.87  -164.01
D   G  569    -55.58   169.16    49.43    80.79  -151.68   -76.53  -168.07
D   G  570    -48.60   169.43    47.59    85.57  -149.62   -70.34  -165.39
D   U  571    -71.13   168.68    54.69    84.99  -160.41   -71.42  -165.86
D   C  572    -78.11  -172.70    57.72    86.92  -144.64   141.75  -142.27
D   A  573    -87.25  -127.47  -143.22   117.22    57.48   121.64  -146.27
D   C  574      1.98  -145.74    32.67   115.36    78.97  -174.15  -103.36
D   C  575     29.51   153.85  -105.06    81.63  -179.89   -81.71  -134.44
D   A  576    156.69  -139.67   159.57    80.54 -9999.99 -9999.99  -163.37
