PDB data file name: ./Datasets/pdb_select_tRNA/3epl_E.pdb_new
uncommon residue 6IA   37  on chain E [#35] assigned to: a
-----------------------------------------------------------
CRITERIA USED TO GENERATE BASE-PAIR: 
  3.40 --> upper H-bond length limits (ON..ON).
 26.00 --> max. distance between paired base origins.
  2.50 --> max. vertical distance between paired base origins.
 65.00 --> max. angle between paired bases [0-90].
  5.40 --> min. distance between RN9/YN1 atoms.
  8.00 --> max. distance criterion for helix break[0-12]
-----------------------------------------------------------
BASE-PAIR INSTRUCTIONS: 
Column 1 is rnaview assigned base numbers n1_n2, start from 1.
Column 2 & 3 are chain ID & residue number in input PDB file.
Column 4 is for base pair. The left & right are the bases as 
         identified by column 2 & 3 and 5 & 6.
Column 5 & 6 are residue number & chain ID in input PDB file.
Column 7 is for base pair annotation. The standard Watson-Crick
         (W.C.) pairs are annotated as -/- (AU,AT) or +/+ (GC).
         Other pairs are annotated as Leontis_Westhof Classification.
         The three edges: W(Watson-Crick); H(Hoogsteen); S(suger).
         e.g. W/H means the pair is edge of Watson-Crick & Hoogsteen.
Column 8 is glycosidic bond orientation (either cis or trans).
         e.g. 'W/H cis' means the pair is interaction on Watson-Crick
         and Hoogsteen side, glycosidic bond orientation is 'cis'.
Column 9 corresponds to Saenger Classification.

Other columns: 
        Syn sugar-base conformations are annotated as (syn).
        Stacked base pairs are annotated as (stack).
        Non-identified edges are annotated as (.) or (?)
        Tertiary interactions are marked by (!) in the line.
Reference:
Yang et al (2003) Nucleic Acids Research, Vol31,No13,p3450-3461.
-----------------------------------------------------------
BEGIN_base-pair
     1_69, E:     2 C-G    71 E: +/+ cis         XIX
     2_68, E:     3 U-A    70 E:      stacked
      3_4, E:     4 C-G     5 E:      stacked
     3_67, E:     4 C-G    69 E:      stacked
     4_66, E:     5 G-C    68 E: +/+ cis         XIX
     5_65, E:     6 U-G    67 E: W/W cis         XXVIII
     6_47, E:     7 A-C    49 E:      stacked
     6_64, E:     7 A-U    66 E: -/- cis         XX
     7_13, E:     8 U-A    14 E: W/H tran        XXIV
     7_14, E:     8 U-G    15 E:      stacked
     8_21, E:     9 G-C    23 E: H/H tran        n/a
     9_23, E:    10 G-C    25 E: +/+ cis         XIX
    10_22, E:    11 C-G    24 E: +/+ cis         XIX
    11_21, E:    12 G-C    23 E: +/+ cis         XIX
    12_20, E:    13 C-G    22 E: +/+ cis         XIX
    14_46, E:    15 G-C    48 E: W/W tran        XXII
    15_57, E:    16 U-U    59 E: W/W tran        XII,XIII
    20_44, E:    22 G-G    46 E: H/W tran     syn  VII
    25_41, E:    27 G-U    43 E: W/W cis         XXVIII
    26_40, E:    28 C-G    42 E: +/+ cis         XIX
    27_39, E:    29 A-U    41 E: -/- cis         XX
    28_38, E:    30 G-C    40 E: +/+ cis         XIX
    28_39, E:    30 G-U    41 E:      stacked
    29_37, E:    31 A-U    39 E: -/- cis         XX
    46_57, E:    48 C-U    59 E:      stacked
    47_63, E:    49 C-G    65 E: +/+ cis         XIX
    48_62, E:    50 U-A    64 E: -/- cis         XX
    49_61, E:    51 U-G    63 E: W/W cis         XXVIII
    50_60, E:    52 A-U    62 E: -/- cis         XX
    51_59, E:    53 G-C    61 E: +/+ cis         XIX
    52_56, E:    54 U-A    58 E: W/H tran        XXIV
     1_68, E:     2 C-A    70 E: W/W cis         !1H(b_b)
    14_57, E:    15 G-U    59 E: W/W tran        !1H(b_b)
    24_42, E:    26 A-U    44 E: W/W cis         !1H(b_b).
    30_36, E:    32 U-A    38 E: W/W cis         !1H(b_b)
    19_45, E:    21 A-U    47 E: H/S tran        !(b_s)
    45_46, E:    47 U-C    48 E: S/H cis         !(s_s)
    53_55, E:    55 U-G    57 E: S/S tran        !(s_s)
END_base-pair

Summary of triplets and higher multiplets
BEGIN_multiplets
8_11_21_| [1 3]  E: 9 G  +  E: 12 G  +  E: 23 C
12_20_44_| [2 3]  E: 13 C  +  E: 22 G  +  E: 46 G
END_multiplets

  The total base pairs =  24 (from   69 bases)
------------------------------------------------
 Standard  WW--cis  WW-tran  HH--cis  HH-tran  SS--cis  SS-tran
       15        3        2        0        1        0        0
  WH--cis  WH-tran  WS--cis  WS-tran  HS--cis  HS-tran
        0        3        0        0        0        0
------------------------------------------------
