PDB data file name: tRNA_dataset/4kr7_chain_X.pdb_new
-----------------------------------------------------------
CRITERIA USED TO GENERATE BASE-PAIR: 
  3.40 --> upper H-bond length limits (ON..ON).
 26.00 --> max. distance between paired base origins.
  2.50 --> max. vertical distance between paired base origins.
 65.00 --> max. angle between paired bases [0-90].
  5.40 --> min. distance between RN9/YN1 atoms.
  8.00 --> max. distance criterion for helix break[0-12]
-----------------------------------------------------------
BASE-PAIR INSTRUCTIONS: 
Column 1 is rnaview assigned base numbers n1_n2, start from 1.
Column 2 & 3 are chain ID & residue number in input PDB file.
Column 4 is for base pair. The left & right are the bases as 
         identified by column 2 & 3 and 5 & 6.
Column 5 & 6 are residue number & chain ID in input PDB file.
Column 7 is for base pair annotation. The standard Watson-Crick
         (W.C.) pairs are annotated as -/- (AU,AT) or +/+ (GC).
         Other pairs are annotated as Leontis_Westhof Classification.
         The three edges: W(Watson-Crick); H(Hoogsteen); S(suger).
         e.g. W/H means the pair is edge of Watson-Crick & Hoogsteen.
Column 8 is glycosidic bond orientation (either cis or trans).
         e.g. 'W/H cis' means the pair is interaction on Watson-Crick
         and Hoogsteen side, glycosidic bond orientation is 'cis'.
Column 9 corresponds to Saenger Classification.

Other columns: 
        Syn sugar-base conformations are annotated as (syn).
        Stacked base pairs are annotated as (stack).
        Non-identified edges are annotated as (.) or (?)
        Tertiary interactions are marked by (!) in the line.
Reference:
Yang et al (2003) Nucleic Acids Research, Vol31,No13,p3450-3461.
-----------------------------------------------------------
BEGIN_base-pair
     1_35, X:     1 G-C    35 X: +/+ cis         XIX
     2_34, X:     2 C-G    34 X: +/+ cis         XIX
     3_33, X:     3 C-G    33 X: +/+ cis         XIX
     4_32, X:     4 C-G    32 X: +/+ cis         XIX
     5_31, X:     5 G-C    31 X: +/+ cis         XIX
     6_30, X:     6 G-C    30 X: +/+ cis         XIX
     7_29, X:     7 A-U    29 X: -/- cis         XX
     8_28, X:     8 U-G    28 X: W/W cis         XXVIII
     9_10, X:     9 A-G    10 X: S/W cis    syn syn  n/a
    12_15, X:    12 G-C    15 X: W/H tran   syn syn  n/a
    16_27, X:    16 U-A    27 X: -/- cis         XX
    17_26, X:    17 U-A    26 X: -/- cis         XX
    18_25, X:    18 G-C    25 X: +/+ cis         XIX
    19_24, X:    19 G-C    24 X: +/+ cis         XIX
    20_23, X:    20 G-A    23 X: W/W tran     syn  n/a
    10_14, X:    10 G-C    14 X: W/H cis    syn    !(s_s)
    11_12, X:    11 U-G    12 X: S/? tran   syn syn  !(s_s)
    11_23, X:    11 U-A    23 X: S/S tran   syn syn  !(s_s)
END_base-pair
  The total base pairs =  15 (from   39 bases)
------------------------------------------------
 Standard  WW--cis  WW-tran  HH--cis  HH-tran  SS--cis  SS-tran
       11        1        1        0        0        0        0
  WH--cis  WH-tran  WS--cis  WS-tran  HS--cis  HS-tran
        0        1        1        0        0        0
------------------------------------------------
