The backbone torsional angle for nucleic acid 

 
Note: alpha:   O3'(i-1)-P-O5'-C5'
      beta:    P-O5'-C5'-C4'
      gamma:   O5'-C5'-C4'-C3'
      delta:   C5'-C4'-C3'-O3'
      epsilon: C4'-C3'-O3'-P(i+1)
      zeta:    C3'-O3'-P(i+1)-O5'(i+1)

      chi for pyrimidines(Y): O4'-C1'-N1-C2
          chi for purines(R): O4'-C1'-N9-C4

    (The number -9999.99 means that the angle can not be calculated) 

Ch Res  Num    alpha    beta     gamma    delta  epsilon    zeta     chi
X   G    1  -9999.99 -9999.99    62.94    82.71  -153.74   -72.68  -176.07
X   C    2    -62.92   175.15    60.56    80.36  -154.10   -67.56  -164.89
X   C    3    -71.40  -179.12    53.33    79.77  -155.51   -69.16  -162.13
X   C    4    -74.46  -177.36    56.51    77.22  -150.32   -66.47  -154.69
X   G    5    -68.81   166.75    68.97    77.64  -140.88   -79.67  -171.74
X   G    6    -69.77   170.03    57.57    78.44  -147.61   -71.79  -169.13
X   A    7    -60.49   168.00    57.74    77.68  -137.44   -76.84  -164.74
X   U    8    -50.58   169.79    44.87    79.54  -113.67  -112.25  -155.01
X   A    9     36.28   127.70  -121.41   130.74    36.34  -126.40   -82.09
X   G   10    164.04  -107.31   169.61    78.55  -139.13    51.36   -66.97
X   U   11    -74.74  -104.41    77.88    80.34  -178.32   164.19   -75.03
X   G   12    -62.20  -100.19   -65.34    75.91  -122.53   -18.83    28.06
X   U   13     72.11   116.62   115.29   126.35    38.13   136.45   121.32
X   C   14     39.58   118.68    73.66    99.35  -166.94   179.75   105.23
X   C   15     47.03  -125.70   166.19    85.59   157.86   151.57    61.27
X   U   16    -52.02  -146.53   163.89    79.23  -118.71   -72.49  -176.23
X   U   17   -104.05   134.60   122.06    78.20  -127.05   -86.21   179.41
X   G   18    -50.24   169.90    35.76    78.78  -175.09   -85.77  -161.83
X   G   19    166.98  -146.43   161.82    83.12  -104.09   -51.35  -175.84
X   G   20    -94.54    89.25   157.95    80.97  -157.78   -59.85   168.70
X   A   21    160.31   -56.46  -154.42    82.31   152.71    44.92   -98.99
X   A   22    156.69   156.53   162.12    80.18  -106.42   -31.59   124.47
X   A   23    110.75  -175.11  -164.04    81.02  -147.00   -39.90    55.51
X   C   24    173.98  -136.36   179.70    82.09  -152.04   -77.70  -169.50
X   C   25    -65.75   174.15    54.56    80.11  -146.17   -65.44  -164.29
X   A   26   -105.59   160.61    92.74    79.61  -149.93   -67.08  -174.72
X   A   27    -66.10   174.97    63.57    78.39  -135.15   -73.62  -171.96
X   G   28    -56.12   163.09    54.50    81.03  -131.11   -78.79  -166.47
X   U   29    -54.75   155.91    51.45    79.67  -149.70   -73.58  -155.36
X   C   30    -66.74  -177.70    46.33    80.14  -152.08   -80.51  -157.19
X   C   31    -58.13   166.87    51.77    77.15  -143.58   -70.25  -158.82
X   G   32    -63.50   173.93    55.39    77.78  -147.39   -75.80  -164.84
X   G   33    -60.91   165.00    59.73    79.43  -150.08   -72.16  -166.46
X   G   34    -65.14   177.30    49.20    76.36  -152.83   -73.67  -172.33
X   C   35    -61.66   165.42    72.55    78.03   178.83     1.31  -171.33
X   A   36   -158.28    97.05   176.46    83.38  -114.16   -82.48   170.45
X   C   37    -46.23   152.35    49.29    83.52  -102.56   -79.16  -163.17
X   C   38    -85.91  -162.73    71.79   147.21   -22.68   -48.24  -121.17
X   A   39    163.08  -169.92   161.57    81.54 -9999.99 -9999.99    86.37
