
Number of the total bases = 39

=====Table of overall statistics =====
Distributions from total number of pairs (15):
The Standard W.C pairs =    11(73.3%)

    WW--cis    WW-tran    HH--cis    HH-tran    SS--cis    SS-tran
   1( 6.7%)   1( 6.7%)   0( 0.0%)   0( 0.0%)   0( 0.0%)   0( 0.0%)

    WH--cis    WH-tran    WS--cis    WS-tran    HS--cis    HS-tran
   0( 0.0%)   1( 6.7%)   1( 6.7%)   0( 0.0%)   0( 0.0%)   0( 0.0%)

std -> the standard W.C. base pairs


=====Table of the pair and edge type statistics =====
     A-A  A-C  C-A  A-G  G-A  A-U  U-A  C-C  C-G  G-C  C-U  U-C  G-G  G-U  U-G  U-U  SUM    %
std    0    0    0    0    0    1    2    0    3    5    0    0    0    0    0    0   11 73.3
WWc    0    0    0    0    0    0    0    0    0    0    0    0    0    0    1    0    1  6.7
WHc    0    0    0    0    0    0    0    0    0    0    0    0    0    0    0    0    0  0.0
HWc    0    0    0    0    0    0    0    0    0    0    0    0    0    0    0    0    0  0.0
WSc    0    0    0    0    0    0    0    0    0    0    0    0    0    0    0    0    0  0.0
SWc    0    0    0    1    0    0    0    0    0    0    0    0    0    0    0    0    1  6.7
HHc    0    0    0    0    0    0    0    0    0    0    0    0    0    0    0    0    0  0.0
HSc    0    0    0    0    0    0    0    0    0    0    0    0    0    0    0    0    0  0.0
SHc    0    0    0    0    0    0    0    0    0    0    0    0    0    0    0    0    0  0.0
SSc    0    0    0    0    0    0    0    0    0    0    0    0    0    0    0    0    0  0.0
WWt    0    0    0    0    1    0    0    0    0    0    0    0    0    0    0    0    1  6.7
WHt    0    0    0    0    0    0    0    0    0    1    0    0    0    0    0    0    1  6.7
HWt    0    0    0    0    0    0    0    0    0    0    0    0    0    0    0    0    0  0.0
WSt    0    0    0    0    0    0    0    0    0    0    0    0    0    0    0    0    0  0.0
SWt    0    0    0    0    0    0    0    0    0    0    0    0    0    0    0    0    0  0.0
HHt    0    0    0    0    0    0    0    0    0    0    0    0    0    0    0    0    0  0.0
HSt    0    0    0    0    0    0    0    0    0    0    0    0    0    0    0    0    0  0.0
SHt    0    0    0    0    0    0    0    0    0    0    0    0    0    0    0    0    0  0.0
SSt    0    0    0    0    0    0    0    0    0    0    0    0    0    0    0    0    0  0.0
W.c    0    0    0    0    0    0    0    0    0    0    0    0    0    0    0    0    0  0.0
.Wc    0    0    0    0    0    0    0    0    0    0    0    0    0    0    0    0    0  0.0
H.c    0    0    0    0    0    0    0    0    0    0    0    0    0    0    0    0    0  0.0
.Hc    0    0    0    0    0    0    0    0    0    0    0    0    0    0    0    0    0  0.0
S.c    0    0    0    0    0    0    0    0    0    0    0    0    0    0    0    0    0  0.0
.Sc    0    0    0    0    0    0    0    0    0    0    0    0    0    0    0    0    0  0.0
..c    0    0    0    0    0    0    0    0    0    0    0    0    0    0    0    0    0  0.0
W.t    0    0    0    0    0    0    0    0    0    0    0    0    0    0    0    0    0  0.0
.Wt    0    0    0    0    0    0    0    0    0    0    0    0    0    0    0    0    0  0.0
H.t    0    0    0    0    0    0    0    0    0    0    0    0    0    0    0    0    0  0.0
.Ht    0    0    0    0    0    0    0    0    0    0    0    0    0    0    0    0    0  0.0
S.t    0    0    0    0    0    0    0    0    0    0    0    0    0    0    0    0    0  0.0
.St    0    0    0    0    0    0    0    0    0    0    0    0    0    0    0    0    0  0.0
..t    0    0    0    0    0    0    0    0    0    0    0    0    0    0    0    0    0  0.0
SUM    0    0    0    1    1    1    2    0    3    6    0    0    0    0    1    0
  %  0.0  0.0  0.0  6.7  6.7  6.7 13.3  0.0 20.0 40.0  0.0  0.0  0.0  0.0  6.7  0.0


NEW Table! (combine standard with W edge)

     A-A  A-C  C-A  A-G  G-A  A-U  U-A  C-C  C-G  G-C  C-U  U-C  G-G  G-U  U-G  U-U  SUM    %
WWc    0    0    0    0    0    1    2    0    3    5    0    0    0    0    1    0   12 80.0
     0.0  0.0  0.0  0.0  0.0  6.7 13.3  0.0 20.0 33.3  0.0  0.0  0.0  0.0  6.7  0.0
WHc    0    0    0    0    0    0    0    0    0    0    0    0    0    0    0    0    0  0.0
     0.0  0.0  0.0  0.0  0.0  0.0  0.0  0.0  0.0  0.0  0.0  0.0  0.0  0.0  0.0  0.0
HWc    0    0    0    0    0    0    0    0    0    0    0    0    0    0    0    0    0  0.0
     0.0  0.0  0.0  0.0  0.0  0.0  0.0  0.0  0.0  0.0  0.0  0.0  0.0  0.0  0.0  0.0
WSc    0    0    0    0    0    0    0    0    0    0    0    0    0    0    0    0    0  0.0
     0.0  0.0  0.0  0.0  0.0  0.0  0.0  0.0  0.0  0.0  0.0  0.0  0.0  0.0  0.0  0.0
SWc    0    0    0    1    0    0    0    0    0    0    0    0    0    0    0    0    1  6.7
     0.0  0.0  0.0  6.7  0.0  0.0  0.0  0.0  0.0  0.0  0.0  0.0  0.0  0.0  0.0  0.0
HHc    0    0    0    0    0    0    0    0    0    0    0    0    0    0    0    0    0  0.0
     0.0  0.0  0.0  0.0  0.0  0.0  0.0  0.0  0.0  0.0  0.0  0.0  0.0  0.0  0.0  0.0
HSc    0    0    0    0    0    0    0    0    0    0    0    0    0    0    0    0    0  0.0
     0.0  0.0  0.0  0.0  0.0  0.0  0.0  0.0  0.0  0.0  0.0  0.0  0.0  0.0  0.0  0.0
SHc    0    0    0    0    0    0    0    0    0    0    0    0    0    0    0    0    0  0.0
     0.0  0.0  0.0  0.0  0.0  0.0  0.0  0.0  0.0  0.0  0.0  0.0  0.0  0.0  0.0  0.0
SSc    0    0    0    0    0    0    0    0    0    0    0    0    0    0    0    0    0  0.0
     0.0  0.0  0.0  0.0  0.0  0.0  0.0  0.0  0.0  0.0  0.0  0.0  0.0  0.0  0.0  0.0
WWt    0    0    0    0    1    0    0    0    0    0    0    0    0    0    0    0    1  6.7
     0.0  0.0  0.0  0.0  6.7  0.0  0.0  0.0  0.0  0.0  0.0  0.0  0.0  0.0  0.0  0.0
WHt    0    0    0    0    0    0    0    0    0    1    0    0    0    0    0    0    1  6.7
     0.0  0.0  0.0  0.0  0.0  0.0  0.0  0.0  0.0  6.7  0.0  0.0  0.0  0.0  0.0  0.0
HWt    0    0    0    0    0    0    0    0    0    0    0    0    0    0    0    0    0  0.0
     0.0  0.0  0.0  0.0  0.0  0.0  0.0  0.0  0.0  0.0  0.0  0.0  0.0  0.0  0.0  0.0
WSt    0    0    0    0    0    0    0    0    0    0    0    0    0    0    0    0    0  0.0
     0.0  0.0  0.0  0.0  0.0  0.0  0.0  0.0  0.0  0.0  0.0  0.0  0.0  0.0  0.0  0.0
SWt    0    0    0    0    0    0    0    0    0    0    0    0    0    0    0    0    0  0.0
     0.0  0.0  0.0  0.0  0.0  0.0  0.0  0.0  0.0  0.0  0.0  0.0  0.0  0.0  0.0  0.0
HHt    0    0    0    0    0    0    0    0    0    0    0    0    0    0    0    0    0  0.0
     0.0  0.0  0.0  0.0  0.0  0.0  0.0  0.0  0.0  0.0  0.0  0.0  0.0  0.0  0.0  0.0
HSt    0    0    0    0    0    0    0    0    0    0    0    0    0    0    0    0    0  0.0
     0.0  0.0  0.0  0.0  0.0  0.0  0.0  0.0  0.0  0.0  0.0  0.0  0.0  0.0  0.0  0.0
SHt    0    0    0    0    0    0    0    0    0    0    0    0    0    0    0    0    0  0.0
     0.0  0.0  0.0  0.0  0.0  0.0  0.0  0.0  0.0  0.0  0.0  0.0  0.0  0.0  0.0  0.0
SSt    0    0    0    0    0    0    0    0    0    0    0    0    0    0    0    0    0  0.0
     0.0  0.0  0.0  0.0  0.0  0.0  0.0  0.0  0.0  0.0  0.0  0.0  0.0  0.0  0.0  0.0
W.c    0    0    0    0    0    0    0    0    0    0    0    0    0    0    0    0    0  0.0
     0.0  0.0  0.0  0.0  0.0  0.0  0.0  0.0  0.0  0.0  0.0  0.0  0.0  0.0  0.0  0.0
.Wc    0    0    0    0    0    0    0    0    0    0    0    0    0    0    0    0    0  0.0
     0.0  0.0  0.0  0.0  0.0  0.0  0.0  0.0  0.0  0.0  0.0  0.0  0.0  0.0  0.0  0.0
H.c    0    0    0    0    0    0    0    0    0    0    0    0    0    0    0    0    0  0.0
     0.0  0.0  0.0  0.0  0.0  0.0  0.0  0.0  0.0  0.0  0.0  0.0  0.0  0.0  0.0  0.0
.Hc    0    0    0    0    0    0    0    0    0    0    0    0    0    0    0    0    0  0.0
     0.0  0.0  0.0  0.0  0.0  0.0  0.0  0.0  0.0  0.0  0.0  0.0  0.0  0.0  0.0  0.0
S.c    0    0    0    0    0    0    0    0    0    0    0    0    0    0    0    0    0  0.0
     0.0  0.0  0.0  0.0  0.0  0.0  0.0  0.0  0.0  0.0  0.0  0.0  0.0  0.0  0.0  0.0
.Sc    0    0    0    0    0    0    0    0    0    0    0    0    0    0    0    0    0  0.0
     0.0  0.0  0.0  0.0  0.0  0.0  0.0  0.0  0.0  0.0  0.0  0.0  0.0  0.0  0.0  0.0
..c    0    0    0    0    0    0    0    0    0    0    0    0    0    0    0    0    0  0.0
     0.0  0.0  0.0  0.0  0.0  0.0  0.0  0.0  0.0  0.0  0.0  0.0  0.0  0.0  0.0  0.0
W.t    0    0    0    0    0    0    0    0    0    0    0    0    0    0    0    0    0  0.0
     0.0  0.0  0.0  0.0  0.0  0.0  0.0  0.0  0.0  0.0  0.0  0.0  0.0  0.0  0.0  0.0
.Wt    0    0    0    0    0    0    0    0    0    0    0    0    0    0    0    0    0  0.0
     0.0  0.0  0.0  0.0  0.0  0.0  0.0  0.0  0.0  0.0  0.0  0.0  0.0  0.0  0.0  0.0
H.t    0    0    0    0    0    0    0    0    0    0    0    0    0    0    0    0    0  0.0
     0.0  0.0  0.0  0.0  0.0  0.0  0.0  0.0  0.0  0.0  0.0  0.0  0.0  0.0  0.0  0.0
.Ht    0    0    0    0    0    0    0    0    0    0    0    0    0    0    0    0    0  0.0
     0.0  0.0  0.0  0.0  0.0  0.0  0.0  0.0  0.0  0.0  0.0  0.0  0.0  0.0  0.0  0.0
S.t    0    0    0    0    0    0    0    0    0    0    0    0    0    0    0    0    0  0.0
     0.0  0.0  0.0  0.0  0.0  0.0  0.0  0.0  0.0  0.0  0.0  0.0  0.0  0.0  0.0  0.0
.St    0    0    0    0    0    0    0    0    0    0    0    0    0    0    0    0    0  0.0
     0.0  0.0  0.0  0.0  0.0  0.0  0.0  0.0  0.0  0.0  0.0  0.0  0.0  0.0  0.0  0.0
..t    0    0    0    0    0    0    0    0    0    0    0    0    0    0    0    0    0  0.0
     0.0  0.0  0.0  0.0  0.0  0.0  0.0  0.0  0.0  0.0  0.0  0.0  0.0  0.0  0.0  0.0
SUM    0    0    0    1    1    1    2    0    3    6    0    0    0    0    1    0
  %  0.0  0.0  0.0  6.7  6.7  6.7 13.3  0.0 20.0 40.0  0.0  0.0  0.0  0.0  6.7  0.0


=======The table of 12 base pair family=======
    WWc      A          C          G          U
     A     0( 0.0)    0( 0.0)    0( 0.0)    1( 6.7)
     C     0( 0.0)    0( 0.0)    3(20.0)    0( 0.0)
     G     0( 0.0)    5(33.3)    0( 0.0)    0( 0.0)
     U     2(13.3)    0( 0.0)    1( 6.7)    0( 0.0)

 WHc+HWc      A          C          G          U
     A     0( 0.0)    0( 0.0)    0( 0.0)    0( 0.0)
     C     0( 0.0)    0( 0.0)    0( 0.0)    0( 0.0)
     G     0( 0.0)    0( 0.0)    0( 0.0)    0( 0.0)
     U     0( 0.0)    0( 0.0)    0( 0.0)    0( 0.0)

 WSc+SWc      A          C          G          U
     A     0( 0.0)    0( 0.0)    1( 6.7)    0( 0.0)
     C     0( 0.0)    0( 0.0)    0( 0.0)    0( 0.0)
     G     0( 0.0)    0( 0.0)    0( 0.0)    0( 0.0)
     U     0( 0.0)    0( 0.0)    0( 0.0)    0( 0.0)

    HHc      A          C          G          U
     A     0( 0.0)    0( 0.0)    0( 0.0)    0( 0.0)
     C     0( 0.0)    0( 0.0)    0( 0.0)    0( 0.0)
     G     0( 0.0)    0( 0.0)    0( 0.0)    0( 0.0)
     U     0( 0.0)    0( 0.0)    0( 0.0)    0( 0.0)

 HSc+SHc      A          C          G          U
     A     0( 0.0)    0( 0.0)    0( 0.0)    0( 0.0)
     C     0( 0.0)    0( 0.0)    0( 0.0)    0( 0.0)
     G     0( 0.0)    0( 0.0)    0( 0.0)    0( 0.0)
     U     0( 0.0)    0( 0.0)    0( 0.0)    0( 0.0)

    SSc      A          C          G          U
     A     0( 0.0)    0( 0.0)    0( 0.0)    0( 0.0)
     C     0( 0.0)    0( 0.0)    0( 0.0)    0( 0.0)
     G     0( 0.0)    0( 0.0)    0( 0.0)    0( 0.0)
     U     0( 0.0)    0( 0.0)    0( 0.0)    0( 0.0)

    WWt      A          C          G          U
     A     0( 0.0)    0( 0.0)    0( 0.0)    0( 0.0)
     C     0( 0.0)    0( 0.0)    0( 0.0)    0( 0.0)
     G     1( 6.7)    0( 0.0)    0( 0.0)    0( 0.0)
     U     0( 0.0)    0( 0.0)    0( 0.0)    0( 0.0)

 WHt+HWt      A          C          G          U
     A     0( 0.0)    0( 0.0)    0( 0.0)    0( 0.0)
     C     0( 0.0)    0( 0.0)    0( 0.0)    0( 0.0)
     G     0( 0.0)    1( 6.7)    0( 0.0)    0( 0.0)
     U     0( 0.0)    0( 0.0)    0( 0.0)    0( 0.0)

 WSt+SWt      A          C          G          U
     A     0( 0.0)    0( 0.0)    0( 0.0)    0( 0.0)
     C     0( 0.0)    0( 0.0)    0( 0.0)    0( 0.0)
     G     0( 0.0)    0( 0.0)    0( 0.0)    0( 0.0)
     U     0( 0.0)    0( 0.0)    0( 0.0)    0( 0.0)

    HHt      A          C          G          U
     A     0( 0.0)    0( 0.0)    0( 0.0)    0( 0.0)
     C     0( 0.0)    0( 0.0)    0( 0.0)    0( 0.0)
     G     0( 0.0)    0( 0.0)    0( 0.0)    0( 0.0)
     U     0( 0.0)    0( 0.0)    0( 0.0)    0( 0.0)

 HSt+SHt      A          C          G          U
     A     0( 0.0)    0( 0.0)    0( 0.0)    0( 0.0)
     C     0( 0.0)    0( 0.0)    0( 0.0)    0( 0.0)
     G     0( 0.0)    0( 0.0)    0( 0.0)    0( 0.0)
     U     0( 0.0)    0( 0.0)    0( 0.0)    0( 0.0)

    SSt      A          C          G          U
     A     0( 0.0)    0( 0.0)    0( 0.0)    0( 0.0)
     C     0( 0.0)    0( 0.0)    0( 0.0)    0( 0.0)
     G     0( 0.0)    0( 0.0)    0( 0.0)    0( 0.0)
     U     0( 0.0)    0( 0.0)    0( 0.0)    0( 0.0)


=====Table of the three edge statistics =====

Statistics for each edge(total(A+U+G+C+T+P+I)=30.0)
Percentage (in parentheses) is with respect to total edge.
base    edge(W.C.)    edge(Hoog)    edge(Sugar) 
   A       4( 13.3)     0(  0.0)     1(  3.3)
   G      12( 40.0)     0(  0.0)     0(  0.0)
   U       4( 13.3)     0(  0.0)     0(  0.0)
   C       8( 26.7)     1(  3.3)     0(  0.0)
   T       0(  0.0)     0(  0.0)     0(  0.0)
   P       0(  0.0)     0(  0.0)     0(  0.0)
   T       0(  0.0)     0(  0.0)     0(  0.0)

   R      16( 53.3)     0(  0.0)     1(  3.3)
   Y      12( 40.0)     1(  3.3)     0(  0.0)

Statistics for each edge for (A, G, C U)(total 30.0)
Percentage (in parentheses) is with respect to three edges.
base    edge(W.C.)    edge(Hoog)    edge(Sugar) 
   A       4( 80.0)     0(  0.0)     1( 20.0)
   G      12(100.0)     0(  0.0)     0(  0.0)
   U       4(100.0)     0(  0.0)     0(  0.0)
   C       8( 88.9)     1( 11.1)     0(  0.0)

   R      16( 94.1)     0(  0.0)     1(  5.9)
   Y      12( 92.3)     1(  7.7)     0(  0.0)
