BEGIN_base-pair
     7_64, C:     7 U-A    66 C: -/- cis         XX
     8_14, C:     8 U-A    14 C: W/H tran        XXIV
     9_22, C:     9 A-A    23 C: H/H tran   syn    II
    10_24, C:    10 G-C    25 C: +/+ cis         XIX
    10_24,-
7_64_8_14_9_22_10_24_0, click this line to see above pattern
0_0,---------
    18_54, C:    19 G-C    56 C: +/+ cis    syn    XIX
    21_45, C:    22 G-G    46 C: H/W tran     syn  VII
    25_43, C:    26 A-A    44 C: W/W cis         n/a
    26_42, C:    27 U-A    43 C: -/- cis         XX
    26_42,-
18_54_21_45_25_43_26_42_0, click this line to see above pattern
0_0,---------
    29_39, C:    30 G-C    40 C: +/+ cis         XIX
    30_38, C:    31 U-U    39 C: W/W cis         XVI
    31_33, C:    32 U-U    34 C: W/W cis         XVI
    34_35, C:    35 G-U    36 C: S/H cis         n/a
    47_63, C:    49 U-A    65 C: -/- cis         XX
    47_63,-
29_39_30_38_31_33_34_35_47_63_0, click this line to see above pattern
0_0,---------
    12_22, C:    12 U-A    23 C: -/- cis         XX
    13_21, C:    13 U-G    22 C: W/W cis         XXVIII
    14_20, C:    14 A-A    21 C: W/S cis         n/a
    15_46, C:    15 A-U    48 C: W/W tran        XXI
    17_53, C:    18 G-U    55 C: W/S tran        n/a
    18_54, C:    19 G-C    56 C: +/+ cis    syn    XIX
    18_54,-
12_22_13_21_14_20_15_46_17_53_18_54_0, click this line to see above pattern
0_0,---------
END_base-pair
