The backbone torsional angle for nucleic acid 

 
Note: alpha:   O3'(i-1)-P-O5'-C5'
      beta:    P-O5'-C5'-C4'
      gamma:   O5'-C5'-C4'-C3'
      delta:   C5'-C4'-C3'-O3'
      epsilon: C4'-C3'-O3'-P(i+1)
      zeta:    C3'-O3'-P(i+1)-O5'(i+1)

      chi for pyrimidines(Y): O4'-C1'-N1-C2
          chi for purines(R): O4'-C1'-N9-C4

    (The number -9999.99 means that the angle can not be calculated) 

Ch Res  Num    alpha    beta     gamma    delta  epsilon    zeta     chi
B   G    5  -9999.99  -172.74   149.48    87.35  -118.69   -78.15  -175.45
B   C    6    -71.39   143.95    83.46    78.92  -143.93   -69.35  -164.28
B   G    7    -64.83   179.99    63.21   136.34   -93.81   -62.21  -137.70
B   U    8    -59.55  -164.86    52.80    80.95  -135.33  -109.96  -172.39
B   A    9    -39.02  -152.92    26.75   134.22   -98.78   -89.04   -83.34
B   G   10    177.14  -177.10    62.44    85.76  -125.81   -86.79   177.90
B   U   11    -56.90   154.57    55.31    81.40  -155.94   -70.73  -164.46
B   U   12    -76.35  -170.20    50.42    79.98  -157.62   -66.86  -148.74
B   C   13    139.51  -158.61  -174.73    78.19  -154.74   -61.39  -168.83
B   A   14    -67.40  -172.91    60.02    69.73  -139.83   -67.22  -174.63
B   A   15    -61.52   171.64    51.26    78.37  -149.77   179.61  -164.66
B   U   16     79.76   131.98   177.26   152.44  -102.37  -173.99  -128.19
B   U   17    -61.24   166.79    44.12    75.35  -151.58    67.58  -146.05
B   G   18     66.89   147.83    51.67   146.66  -157.04  -107.69  -102.97
B   G   19    -85.54  -147.40    56.12   145.87  -135.35   117.27   -75.82
B   U   20    -72.30   148.93    43.86   141.69  -139.74   100.91  -132.50
B   A   21    -79.18   173.82    74.70    85.39  -113.81  -148.94  -154.19
B   G   22    -54.23   148.82    43.53   144.72  -152.05  -154.19  -111.04
B   A   23     91.82  -151.02  -158.41    89.88  -139.50   -71.33  -171.69
B   G   24    -77.21   178.37    54.61    78.83  -151.07   -65.87  -163.25
B   C   25    -79.00   171.61    65.96    79.56  -144.58   -63.56  -163.49
B   A   26    -67.08   175.98    53.59    82.91  -149.11   -54.46  -165.87
B   C   27    -79.61   176.02    65.39    80.12  -140.89   -82.64  -161.12
B   C   28    -59.55   168.13    48.66    79.10  -154.05   -66.38  -153.94
B   G   29    -82.17   177.31    67.52    76.58  -156.15   -68.75  -169.81
B   G   30    -80.82   179.28    70.61    83.29  -144.82   -79.38  -168.80
B   U   31    -63.98   172.99    51.79    82.10  -127.82   -67.35  -150.48
B   C   32    -77.55   170.14    72.61    85.64 -9999.99 -9999.99  -127.03
B   A   36  -9999.99 -9999.99    63.81    76.81  -129.49   -83.19  -174.23
B   A   37    -49.70   158.78    52.28    83.95  -152.47   -58.99  -165.05
B   A   38    -83.45   178.81    69.11    80.57  -136.21   -74.89  -158.20
B   A   39    -63.23   161.34    52.78    80.32  -135.79   -86.53  -158.81
B   C   40    -52.75   153.48    53.84    80.29  -146.82   -67.36  -153.68
B   C   41    -72.10   175.23    59.24    76.15  -149.20   -69.80  -160.56
B   G   42    -73.55   171.81    63.92    76.49  -156.72   -64.77  -165.92
B   G   43    -89.58   173.81    79.74    80.54  -126.30   -57.63  -169.81
B   G   44    -70.06  -130.08    50.20   130.96 -9999.99 -9999.99   -96.05
B   G   46  -9999.99   163.60   157.03    86.47 -9999.99 -9999.99  -118.23
B   U   48  -9999.99   142.70    50.29   140.53  -150.17    91.68  -134.57
B   G   49     46.10  -178.48    37.47    86.79  -139.44   -81.35   177.58
B   G   50    -65.06   176.15    55.95    77.03  -136.11   -62.95  -168.36
B   G   51    -83.73   165.61    75.75    72.11  -146.91   -72.45  -172.17
B   A   52    -63.01   169.68    61.29    75.74  -158.11   -65.13  -171.86
B   G   53    -72.87  -175.77    64.52    78.18  -136.30   -78.76  -168.78
B   U   54    -56.58   167.43    47.92    80.68  -135.95   -67.50  -151.79
B   U   55    -65.79   172.16    48.62    75.04  -138.67   -75.62  -146.91
B   C   56    168.75   178.49    52.13    84.54  -143.48   -62.97  -168.89
B   G   57    -73.42   179.12    54.34    80.12  -153.50   -64.84  -165.92
B   A   58    -67.96  -133.09    75.13   144.96   -89.79  -168.86   -83.20
B   G   59     65.16  -159.15    79.13    85.64  -130.10   -63.83  -172.17
B   U   60    -52.68   167.05    59.35   134.37   -92.62   -67.73  -125.59
B   C   61    -92.99  -178.64    41.90    76.93  -147.62   -69.58  -165.36
B   U   62    -67.97   175.42    59.34    77.43  -143.92   -81.67  -163.71
B   C   63    -73.48   161.37    70.31    77.11  -141.22   -74.88  -166.77
B   U   64    -64.66   170.33    53.55    81.18  -141.22   -82.79  -160.82
B   C   65    -63.11   160.11    53.09    75.18  -151.58   -68.33  -156.81
B   C   66    -65.73   170.09    63.44    76.12  -149.81   -66.87  -162.68
B   G   67    -78.79  -179.73    61.10    76.19  -156.53   -72.79  -166.67
B   C   68    -77.24  -176.82    61.10    76.79  -160.11   -74.82  -156.61
B   C   69    178.38   176.74   157.40    90.00 -9999.99 -9999.99  -173.26
