PDB data file name: Dataset/2deu_D.pdb_new
uncommon residue AMP  134  on chain D [#75] assigned to: a
-----------------------------------------------------------
CRITERIA USED TO GENERATE BASE-PAIR: 
  3.40 --> upper H-bond length limits (ON..ON).
 26.00 --> max. distance between paired base origins.
  2.50 --> max. vertical distance between paired base origins.
 65.00 --> max. angle between paired bases [0-90].
  5.40 --> min. distance between RN9/YN1 atoms.
  8.00 --> max. distance criterion for helix break[0-12]
-----------------------------------------------------------
BASE-PAIR INSTRUCTIONS: 
Column 1 is rnaview assigned base numbers n1_n2, start from 1.
Column 2 & 3 are chain ID & residue number in input PDB file.
Column 4 is for base pair. The left & right are the bases as 
         identified by column 2 & 3 and 5 & 6.
Column 5 & 6 are residue number & chain ID in input PDB file.
Column 7 is for base pair annotation. The standard Watson-Crick
         (W.C.) pairs are annotated as -/- (AU,AT) or +/+ (GC).
         Other pairs are annotated as Leontis_Westhof Classification.
         The three edges: W(Watson-Crick); H(Hoogsteen); S(suger).
         e.g. W/H means the pair is edge of Watson-Crick & Hoogsteen.
Column 8 is glycosidic bond orientation (either cis or trans).
         e.g. 'W/H cis' means the pair is interaction on Watson-Crick
         and Hoogsteen side, glycosidic bond orientation is 'cis'.
Column 9 corresponds to Saenger Classification.

Other columns: 
        Syn sugar-base conformations are annotated as (syn).
        Stacked base pairs are annotated as (stack).
        Non-identified edges are annotated as (.) or (?)
        Tertiary interactions are marked by (!) in the line.
Reference:
Yang et al (2003) Nucleic Acids Research, Vol31,No13,p3450-3461.
-----------------------------------------------------------
BEGIN_base-pair
    12_24, D:    12 C-G    23 D: +/+ cis         XIX
    28_44, D:    27 C-G    43 D: +/+ cis         XIX
    29_43, D:    28 C-G    42 D: +/+ cis         XIX
    31_41, D:    30 C-G    40 D: +/+ cis         XIX
    32_40, D:    31 C-G    39 D: +/+ cis         XIX
    10_26, D:    10 G-C    25 D: +/+ cis         XIX
    30_42, D:    29 G-C    41 D: +/+ cis         XIX
    51_63, D:    51 G-C    63 D: +/+ cis         XIX
    52_62, D:    52 G-C    62 D: +/+ cis         XIX
    53_61, D:    53 G-C    61 D: +/+ cis         XIX
    11_25, D:    11 U-A    24 D: -/- cis         XX
    27_45, D:    26 A-U    44 D: W/W cis         n/a
     5_67, D:     5 C-G    67 D: W/W cis         n/a
    18_56, D:    18 G-C    56 D: W/W cis         n/a
    50_65, D:    50 G-U    65 D: W/W cis         XXVIII
    13_23, D:    13 U-G    22 D: W/W cis         XXVIII
    15_48, D:    15 G-C    47 D: W/W tran        XXII
     8_14, D:     8 U-A    14 D: W/H tran        XXIV
    54_58, D:    54 U-A    58 D: W/H tran        XXIV
    14_22, D:    14 A-A    21 D: W/S cis         n/a
    17_55, D:    17 G-U    55 D: W/S tran        n/a
    23_47, D:    22 G-A    46 D: H/W tran        n/a
     9_24, D:     9 C-G    23 D: H/H tran        n/a
    15_20, D:    15 G-C    20 D: S/W tran        n/a
END_base-pair

Summary of triplets and higher multiplets
BEGIN_multiplets
8_14_22_| [1 3]  D: 8 U  +  D: 14 A  +  D: 21 A
9_12_24_| [2 3]  D: 9 C  +  D: 12 C  +  D: 23 G
13_23_47_| [3 3]  D: 13 U  +  D: 22 G  +  D: 46 A
15_20_48_| [4 3]  D: 15 G  +  D: 20 C  +  D: 47 C
END_multiplets

  The total base pairs =  24 (from   75 bases)
------------------------------------------------
 Standard  WW--cis  WW-tran  HH--cis  HH-tran  SS--cis  SS-tran
       11        5        1        0        1        0        0
  WH--cis  WH-tran  WS--cis  WS-tran  HS--cis  HS-tran
        0        3        1        2        0        0
------------------------------------------------
