The backbone torsional angle for nucleic acid 

 
Note: alpha:   O3'(i-1)-P-O5'-C5'
      beta:    P-O5'-C5'-C4'
      gamma:   O5'-C5'-C4'-C3'
      delta:   C5'-C4'-C3'-O3'
      epsilon: C4'-C3'-O3'-P(i+1)
      zeta:    C3'-O3'-P(i+1)-O5'(i+1)

      chi for pyrimidines(Y): O4'-C1'-N1-C2
          chi for purines(R): O4'-C1'-N9-C4

    (The number -9999.99 means that the angle can not be calculated) 

Ch Res  Num    alpha    beta     gamma    delta  epsilon    zeta     chi
B   G  901  -9999.99   148.92   169.76    81.36  -127.68   -76.32   177.78
B   C  902    171.53  -168.86   154.95    82.59  -134.88   -61.45  -167.32
B   G  903    -69.62   174.15    54.99    81.07  -158.11   -77.63  -175.85
B   C  904    -61.77  -178.63    55.58    80.78  -146.01   -69.00  -157.59
B   U  905    -64.70   179.22    47.20    80.73  -162.92   -72.26  -163.14
B   C  906    138.65  -153.18  -165.20    82.07  -146.64   -81.23  -170.38
B   G  907    -49.10   172.52    59.20   145.44   -93.12   -54.65  -135.89
B   U  908    -58.88  -169.91    66.06    80.26  -105.10  -132.73  -165.43
B   A  909     43.00  -175.95   -68.03   147.26   -98.39   -75.57   -85.09
B   G  910    170.00   176.17    57.78    87.11  -147.15   -70.31   174.38
B   C  911    -66.99  -173.99    54.48    82.37  -148.96   -69.24  -163.67
B   U  912    -66.15   178.31    49.98    78.96  -159.08   -55.93  -162.26
B   C  913    147.44  -175.63  -175.45    79.54  -160.69   -77.07  -160.43
B   A  914    120.64  -164.54  -134.32    84.39  -126.94   -64.66  -179.37
B   A  915    -58.63   165.91    53.16    81.08  -146.14   158.41  -162.48
B   U  916    -86.61   156.51    46.91    82.69  -151.89   146.38  -166.67
B   U  917   -154.31    97.97   136.32   148.13  -165.38   156.95    49.82
B   G  918     37.33  -127.96    52.45   148.78   -77.67   138.73   -75.98
B   G  919    138.39  -146.24   157.00   148.74   -78.11  -177.44  -109.20
B   A  920    -55.44   152.31    47.84   145.70   -89.86   -80.67  -128.93
B   U  921    166.71  -161.34    50.59   147.79   -80.26  -117.68  -170.91
B   A  922     49.56   167.79    55.26    85.34   -98.53  -176.05  -158.04
B   G  923     95.83  -113.48  -178.83    83.45  -132.50  -105.17  -169.94
B   A  924    120.82  -150.02  -167.93    81.09  -130.10   -85.41  -171.12
B   G  925    -44.54   164.87    39.20    81.58  -160.07   -84.71  -156.33
B   C  926    159.84  -155.99   166.65    81.59  -118.93   -73.36  -166.41
B   A  927    -51.55   161.22    47.64    80.68  -135.90   -71.02  -166.22
B   U  928    -58.96   179.16    50.23    80.12  -154.68  -102.93  -152.12
B   C  929    175.61  -140.28   140.22    82.71 -9999.99 -9999.99  -161.47
B   A  942  -9999.99  -124.09   169.08    82.29   -99.18  -115.83  -124.45
B   G  943    -62.20   112.37    76.01    81.43  -137.70   -56.75  -158.20
B   A  944    -66.04  -168.97    54.24    77.34  -145.78   -72.12  -169.62
B   A  945    -60.63   161.63    59.89    80.41  -133.34   -77.19  -166.61
B   G  946    -54.07   154.48    57.98    81.65  -106.11  -149.41  -168.19
B   G  947     67.77   117.15    -9.06   144.24  -128.44  -140.55   -52.07
B   U  948     44.47  -164.01    48.58   146.13   -86.95   -51.88  -143.75
B   U  949    -71.17  -138.61   136.22   146.67  -152.78    98.09  -137.58
B   A  950     32.62  -173.03    55.65    84.32  -129.45   -74.24   178.32
B   G  951    -60.84   173.14    47.78    78.33  -151.60   -81.26  -163.85
B   G  952    -62.67   167.28    57.52    75.91  -142.83   -69.66  -168.90
B   G  953    -62.23   171.49    53.92    78.36  -148.97   -73.34  -168.99
B   G  954    -57.65   164.93    58.63    79.94  -147.13   -83.32  -171.56
B   U  955    -47.28   170.94    43.55    80.94  -154.63   -56.10  -166.69
B   U  956   -110.78  -127.33    68.13   149.21  -173.82   -96.46  -110.74
B   C  957    158.11   157.39    53.59    82.67  -141.95   -58.73  -150.68
B   G  958    -69.23  -178.21    40.72    69.51   106.46    61.22  -163.13
B   A  959   -137.03  -137.25    60.46   142.57   -94.59  -158.54   -74.76
B   A  960     41.06  -147.15   103.01    83.39  -126.67   -67.40  -172.72
B   U  961    -55.65   168.45    63.79   143.35   -93.68   -64.52  -130.45
B   C  962    -72.03  -178.94    10.80    73.03    89.08    68.65  -171.42
B   C  963   -150.23  -175.06    54.86    77.99  -148.88   -78.54  -169.84
B   U  964    -52.06   171.59    44.14    80.41  -161.09   -85.49  -155.64
B   C  965    150.99  -151.89   177.23    80.91  -121.70   -85.02  -171.18
B   U  966    -48.83   162.27    42.53    77.53  -142.08   -79.65  -162.57
B   C  967    -55.68   159.56    53.73    79.04  -140.70   -73.86  -161.40
B   G  968    -58.81   168.95    48.81    80.78  -154.56   -86.11  -165.38
B   A  969    -52.45   169.24    48.19    79.09  -145.21   -76.76  -165.43
B   G  970    -62.57   175.00    47.12    79.04  -151.02   -72.73  -161.56
B   C  971    -61.58   169.21    59.52    78.28   177.93   -84.25  -151.03
B   G  972    164.90  -148.12   167.13    82.25  -114.85   -62.76   175.69
B   C  973   -132.00   135.34   129.15    80.32  -147.84    -9.15  -160.63
B   G  974    174.49   127.99   175.63    80.50   -99.79  -117.54   175.59
B   C  975    -61.62   142.49    63.83    81.66 -9999.99 -9999.99  -137.33
