The backbone torsional angle for nucleic acid 

 
Note: alpha:   O3'(i-1)-P-O5'-C5'
      beta:    P-O5'-C5'-C4'
      gamma:   O5'-C5'-C4'-C3'
      delta:   C5'-C4'-C3'-O3'
      epsilon: C4'-C3'-O3'-P(i+1)
      zeta:    C3'-O3'-P(i+1)-O5'(i+1)

      chi for pyrimidines(Y): O4'-C1'-N1-C2
          chi for purines(R): O4'-C1'-N9-C4

    (The number -9999.99 means that the angle can not be calculated) 

Ch Res  Num    alpha    beta     gamma    delta  epsilon    zeta     chi
6   U    1  -9999.99  -136.08    56.90    81.62  -155.96   -74.51  -161.32
6   C    2    -60.53   170.23    54.02    80.36  -147.68   -76.14  -163.73
6   C    3    -54.86   167.54    48.20    77.91  -137.52   -75.64  -164.10
6   G    4    -57.39   166.88    49.88    77.30  -153.64   -75.46  -158.91
6   A    5    -59.29   168.79    52.36    78.69  -148.68   -83.52  -167.02
6   U    6    -51.17   164.45    53.53    81.13  -140.00   -79.12  -164.92
6   A    7    -66.01  -179.88    59.00   124.29   -90.81  -122.13  -140.81
6   U    8   -113.19  -123.99   107.77    87.04  -126.96  -149.61  -176.50
6   A    9     57.10  -147.78   -74.92   149.27   -96.39   -88.20   -77.97
6   G   10    173.31  -149.14    60.17    82.93  -129.15   -87.32   173.72
6   C   11    -75.70  -172.97    53.12    82.57  -151.77   -71.68  -164.03
6   G   12    -66.98   169.49    58.03    82.61  -139.53   -72.39  -163.78
6   U   13    -58.42   164.56    62.90    82.10  -137.08   -97.83  -160.78
6   A   14    -74.18   162.15    55.16    82.84  -155.53   -78.52  -132.43
6   A   15    -56.77   152.02    96.40   147.99   -93.57   -84.74  -110.70
6   C   16     92.95   171.00    61.50   146.82  -152.83   -68.90  -130.07
6   G   17    150.28   157.27     1.30   147.71  -118.41  -170.30   -76.84
6   G   18    -86.53  -166.78    68.82   147.97   -95.58   111.32   -56.56
6   C   19    -90.32  -129.10   176.73   148.46  -139.90   -96.45  -126.49
6   U   20    -59.68  -167.28  -165.81    81.19  -149.54  -167.81  -158.93
6   A   21    -79.43   146.98    47.86    81.61  -140.96  -149.98  -175.70
6   U   22    -66.38   166.44    65.94    81.92  -166.30   -68.03  -147.31
6   C   23    147.95  -145.18   175.62    82.04   -94.92  -112.42  -169.43
6   A   24    -64.23   148.46    43.30    82.09  -149.37   -73.71  -162.93
6   C   25    -58.75   165.40    56.64    80.47  -129.54   -77.64  -162.85
6   A   26    -62.21   173.19    45.40    81.40  -142.93   -59.90   170.19
6   U   27    -66.70  -162.15    61.57   145.48  -148.81  -136.68  -125.97
6   C   28     17.46   148.57   -53.37    81.67  -156.15   -69.14  -149.42
6   A   29    -68.93   164.72    61.48    81.53  -153.14   -74.91  -167.79
6   C   30    -58.97   166.85    59.44    83.25  -133.86   -85.24  -164.87
6   G   31     92.42  -144.26  -126.82    85.53  -118.73   -85.78   177.03
6   C   32    -53.79   163.77    41.15    83.80  -140.93  -107.63  -161.75
6   U   33    168.43  -127.59   159.36    83.16   -99.63   -47.76  -159.08
6   U   34    168.15   140.50    40.43    81.57  -131.91   -59.59   178.61
6   U   35    -65.47   169.54    54.07    80.25  -152.39   -71.58  -172.11
6   C   36    -62.15   176.00    52.54    79.75  -161.26   -73.78  -168.68
6   A   37    150.30  -151.12  -177.93    81.80  -137.87   -67.18   169.71
6   C   38    166.02  -166.19   158.18    81.60  -130.31   -57.36   178.36
6   C   39    -65.52   174.34    50.25    80.60  -148.14   -80.50  -164.20
6   G   40    -56.25   172.85    56.20    80.06  -150.98   -75.99  -164.12
6   U   41    -58.66   168.27    56.63    80.41  -140.30  -115.69  -160.81
6   G   42    169.91  -136.40   139.11    83.13  -154.08   -91.57  -163.96
6   G   43    179.31  -152.90   159.88    82.36  -136.03  -118.87  -160.98
6   A   44     -7.57   131.40    22.56    82.33  -120.39  -129.92  -140.38
6   G   45    112.13   -89.18  -173.38    82.97   -82.76   -25.31  -167.07
6   A   46   -177.57   104.62   170.54    81.55   176.99   -89.71  -136.56
6   C   47   -171.88  -131.30   177.06   148.87  -128.46    57.28  -117.05
6   C   48    137.61   131.48   -15.80    81.08  -156.50   -75.23  -161.41
6   G   49    -64.94   171.51    56.52    80.68  -148.54   -74.56  -173.15
6   G   50    -64.54   172.38    56.75    81.17  -157.72   -77.71  -172.40
6   G   51    172.84  -165.43   157.28    82.49  -133.87   -81.75   177.84
6   G   52    -59.24   167.70    50.50    83.20  -151.63   -76.30  -173.11
6   U   53    -60.91   177.27    50.16    82.58  -108.65   -94.75  -167.54
6   U   54    -51.13   131.79    63.89    81.05  -100.73  -121.30  -159.40
6   C   55    164.26  -162.62    27.41    80.00  -110.21  -117.30  -174.99
6   G   56    -25.17   136.94    53.85    81.68  -133.09   -83.56  -146.35
6   A   57   -156.69  -174.80  -172.40   148.51   -83.71  -123.76   -94.34
6   C   58     72.02  -139.44    59.99    78.97   150.54    37.13   169.07
6   U   59   -138.42  -173.86    64.86   144.18   -89.54   -74.78  -120.85
6   C   60    -84.03   177.68    44.63    81.33  -152.81   -93.43  -161.38
6   C   61    179.20  -151.61   141.96    81.90  -141.07   -77.84  -167.98
6   C   62    -62.41  -177.92    44.79    82.03  -150.82   -74.26  -170.82
6   C   63    -62.56   174.51    52.34    81.04  -150.13   -76.38  -166.27
6   G   64    -61.81   163.65    59.49    81.13  -150.97   -71.07  -171.05
6   U   65    -62.58   176.41    52.94    80.99  -126.20   -87.18  -162.40
6   A   66    -61.38   162.60    46.92    80.49  -150.85   -74.88  -165.35
6   U   67    -57.47   169.80    52.79    79.10  -146.88   -80.28  -160.64
6   C   68    -54.06   166.29    48.75    79.11  -147.60   -84.30  -156.02
6   G   69    -56.41   170.61    45.64    81.41  -151.43   -78.20  -168.83
6   G   70    -56.77   173.92    44.97    82.18  -173.97   -86.16  -159.31
6   A   71    167.35  -138.50   151.11    81.44   -97.02  -105.28   179.97
6   G   72    -65.64   158.90    45.35    81.21  -163.90   -91.46  -140.16
6   C   73    -48.14   150.78    79.60   146.00   -79.04  -112.32  -125.59
6   C   74     54.33   171.45    64.12    83.52  -133.01   -81.73  -145.58
6   A   75    -57.50   151.84   151.34    82.75 -9999.99 -9999.99   179.34
