BEGIN_base-pair
    18_55, 6:    18 G-C    55 6: +/+ cis    syn    XIX
    26_45, 6:    26 A-G    45 6: W/W cis         VIII
    27_43, 6:    27 U-G    43 6: W/W cis         XXVIII
    27_44, 6:    27 U-A    44 6: W/W cis         n/a
    28_42, 6:    28 C-G    42 6: +/+ cis         XIX
    28_42,-
18_55_26_45_27_43_27_44_28_42_0, click this line to see above pattern
0_0,---------
    10_25, 6:    10 G-C    25 6: +/+ cis         XIX
    10_45, 6:    10 G-G    45 6: H/W cis         VI
    11_24, 6:    11 C-A    24 6: W/W cis         n/a
    11_25, 6:    11 C-C    25 6: W/W cis         n/a
    12_23, 6:    12 G-C    23 6: +/+ cis         XIX
    12_23,-
10_25_10_45_11_24_11_25_12_23_0, click this line to see above pattern
0_0,---------
    12_23, 6:    12 G-C    23 6: +/+ cis         XIX
    15_21, 6:    15 A-A    21 6: W/S cis         n/a
    17_54, 6:    17 G-U    54 6: W/S tran   syn    n/a
    18_55, 6:    18 G-C    55 6: +/+ cis    syn    XIX
    18_55,-
12_23_15_21_17_54_18_55_0, click this line to see above pattern
0_0,---------
     7_65, 6:     7 A-U    65 6: -/- cis         XX
     8_14, 6:     8 U-A    14 6: W/H tran        XXIV
     8_21, 6:     8 U-A    21 6: S/W tran        n/a
     9_23, 6:     9 A-C    23 6: H/H tran   syn    n/a
    10_25, 6:    10 G-C    25 6: +/+ cis         XIX
    10_25,-
7_65_8_14_8_21_9_23_10_25_0, click this line to see above pattern
0_0,---------
END_base-pair
