The backbone torsional angle for nucleic acid 

 
Note: alpha:   O3'(i-1)-P-O5'-C5'
      beta:    P-O5'-C5'-C4'
      gamma:   O5'-C5'-C4'-C3'
      delta:   C5'-C4'-C3'-O3'
      epsilon: C4'-C3'-O3'-P(i+1)
      zeta:    C3'-O3'-P(i+1)-O5'(i+1)

      chi for pyrimidines(Y): O4'-C1'-N1-C2
          chi for purines(R): O4'-C1'-N9-C4

    (The number -9999.99 means that the angle can not be calculated) 

Ch Res  Num    alpha    beta     gamma    delta  epsilon    zeta     chi
B GNP 2435  -9999.99 -9999.99    46.58   143.63 -9999.99 -9999.99  -117.24
B   G    1  -9999.99 -9999.99   -64.03    83.90  -163.39   -75.30   172.88
B   C    2   -133.23  -152.12    96.11    81.42  -151.38   -72.74  -161.77
B   C    3    -65.53   174.08    53.22    80.21  -165.22   -70.07  -155.34
B   C    4    151.88  -166.12   177.47    81.90  -142.49   -69.01  -175.29
B   G    5    -63.44   176.08    54.30    80.93  -168.76   -72.60  -158.69
B   G    6    176.46  -168.96   177.21   145.68  -113.52   171.20  -148.67
B   A    7    -66.04   168.62    46.49   147.24  -102.62   -88.02  -121.55
B   U    8    -49.87  -178.78    60.85    85.71  -110.32  -111.07  -142.41
B   A    9    -65.30  -132.88    54.06   145.57  -113.38   -75.43   -64.28
B   G   10    176.62   164.12    59.24    92.30  -135.93   -81.03   178.93
B   C   11    -68.45   166.23    59.11    85.16  -150.77   -74.12  -169.82
B   U   12    -72.56  -178.23    48.15    83.28  -152.51   -90.44  -148.88
B   C   13    141.59  -130.84  -179.50    85.97  -168.68   -49.93  -169.07
B   A   14   -177.46   138.31   178.70    84.06  -132.99   -48.92   173.29
B   G   15    -68.71  -168.06    46.67    80.94  -166.69   -71.57  -141.01
B   U   16    -64.93  -170.47    40.96    78.19  -113.44  -136.42  -135.10
B   C   17     44.02  -126.79   159.09   133.89  -113.46   -59.82  -141.52
B   G   18     77.45  -163.40    60.36   145.97  -163.22  -154.54   -93.75
B   G   19   -179.84  -136.75   173.89   151.64  -101.83    28.77  -102.51
B   U   20   -141.33    71.97   165.44    86.08  -105.87   -54.06  -157.21
B   A   21     -1.09   157.22    61.02    83.25  -106.84   -93.69  -163.46
B   G   22     18.96   -91.23   -95.36    88.01  -147.98  -102.99  -167.94
B   A   23    145.94  -139.64   164.12    81.51  -121.45   -94.30   177.07
B   G   24    -55.58   154.07    52.23    81.76  -142.16   -64.59  -161.77
B   C   25    -67.58   177.58    48.96    80.22  -156.38   -63.18  -149.99
B   A   26    -56.83   174.33    54.89    83.77  -138.73   -63.17  -166.08
B   G   27    -59.57   169.16    54.57    81.06  -145.45   -85.32  -167.82
B   G   28    -54.58   173.21    37.23    79.21  -151.27   -67.69  -165.02
B   G   29    -57.44  -169.21    40.73    81.27  -171.15   -67.43  -155.01
B   G   30    168.95  -179.75   166.67    86.73  -137.23   -56.50  -172.15
B   A   31    -53.90  -170.83    42.13    79.97  -161.96   -84.21  -164.05
B   U   32    166.85  -145.75   155.64    79.77  -112.04   -62.44   175.21
B   U   33    -59.10  -173.75    35.59    81.33  -136.83   -56.09  -155.99
B   G   34    172.36   153.38    48.00    90.45  -141.79   -69.73  -175.14
B   A   35    -61.27  -179.42    40.81    80.96  -172.03   -77.10  -148.85
B   A   36    157.65  -158.20   175.57    82.32  -137.96   -39.53  -172.74
B   A   37   -175.95   147.04   161.56    82.39  -115.52   -71.28   178.74
B   A   38    -48.48   153.37    48.89    80.18  -133.40   -68.38  -178.03
B   U   39    -54.32   164.12    51.35    84.00  -148.95   -70.25  -177.82
B   C   40    -55.78  -177.28    38.87    79.14  -153.04  -115.59  -163.64
B   C   41    143.36  -123.70   173.55    83.22  -104.87   -78.94   163.66
B   C   42     37.49  -142.80   -78.59    96.89  -161.95   -61.56  -155.67
B   C   43    153.88  -157.05   171.38    86.69  -127.67  -102.19  -176.17
B   G   44    -59.80   160.61    52.67    86.76  -153.37   -67.08  -159.05
B   U   45    -60.19  -178.17    54.16    87.53   -97.01  -177.85  -118.75
B   G   46     92.48   -81.77  -168.70   140.74   -98.95   -50.78  -145.66
B   U   47    179.71  -174.13   -60.89   139.64  -167.11     8.33  -124.88
B   C   48   -130.86  -141.00   160.03   141.57  -127.64    69.92  -167.12
B   C   49     60.08   134.18    54.29    82.77  -142.02   -82.33  -157.45
B   U   50    -64.28   173.84    49.39    83.18  -146.84   -59.31  -155.80
B   U   51    -58.22   167.58    56.46    80.34  -112.15  -152.32  -169.75
B   G   52    110.91  -106.75   168.32    85.67  -130.31   -74.42   178.42
B   G   53    -58.54   171.36    45.11    79.56  -150.34   -84.72  -171.57
B   U   54    -43.86   161.77    47.56    81.78  -131.52   -70.50  -166.02
B   U   55    -47.75   167.44    42.33    79.41  -139.27   -42.26  -148.57
B   C   56   -175.82   138.43    51.50    80.73  -156.47   -66.74  -165.40
B   G   57    150.22  -167.88   168.61    85.14  -116.58   -63.42   178.47
B   A   58    -52.76  -137.39    54.34   146.85  -110.85  -177.78   -76.22
B   U   59     97.99  -150.51    61.75    86.63  -142.62   -71.55  -169.60
B   U   60    -45.13   166.27    55.93   137.38  -140.85   -49.35  -133.15
B   C   61   -134.66  -120.71    49.21    83.43  -175.55   -76.88  -158.39
B   C   62    168.30  -168.41   163.07    82.94  -128.07   -75.53   176.89
B   G   63    -60.32   175.32    42.02    78.31  -140.21   -83.01  -171.71
B   A   64    -53.10   169.22    49.00    79.26  -152.51   -67.62  -164.77
B   G   65    -62.60   178.41    54.84    83.11  -166.73   -71.60  -166.35
B   U   66    -64.85  -173.07    47.44    83.10  -152.75   -68.13  -157.34
B   C   67    -60.32   176.61    53.78    85.56  -117.15   -95.19  -151.19
B   C   68    -56.79   138.13    61.37    83.22  -145.16   -61.73  -158.49
B   G   69    -66.12  -141.84    57.56    79.90  -162.00   -69.48  -164.66
B   G   70    148.83  -165.19   175.11    82.50  -142.80   -68.49   179.76
B   G   71    -65.48   171.78    51.97    79.79  -162.53   -73.10  -162.75
B   C   72    149.98  -169.18   174.67    81.30  -136.78   -64.40  -164.08
B   A   73    166.75   168.02    51.55    92.32   -94.57   107.23  -107.06
B   C   74     65.79  -135.25   179.80    81.83  -145.98   -68.58  -101.65
B   C   75    -63.13   175.92    53.92    80.67  -102.48   -46.71  -157.78
B   A   76   -117.41    88.74   174.19   147.60 -9999.99 -9999.99  -120.14
B   G   77  -9999.99   130.03   106.01    87.58  -144.28   -64.48  -167.13
B   U   78    -83.06   160.16    83.86    89.47  -155.69   -68.59  -162.35
B   C   79    -90.42   176.55    74.74    85.88  -156.38   -45.23  -159.72
B   U   80    -90.57   175.94    64.96    77.53  -169.52   -87.45  -143.08
B   A   81    -78.30   173.13    84.92    80.57   172.01    40.24  -143.21
B   G   82   -105.21   145.94    86.88   155.19  -140.94   132.71  -116.91
B   C   83     96.82   144.72    98.28   104.24  -116.30   -62.85  -132.54
B   C   84    -66.08   147.84    77.07    91.65  -122.43   -73.03  -152.24
B   A   85    120.18  -177.56  -126.85   128.05  -116.67  -149.26  -127.36
B   U   86     37.01  -117.32   155.44   143.99  -102.31   -78.60  -122.03
B   G   87    -84.32   165.37    65.56    86.82  -147.90   -67.09  -162.07
B   G   88   -106.24   167.27   100.90    91.86  -157.84   -59.92  -168.64
B   C   89   -102.95   178.45    88.46    88.60  -168.68   -68.22  -147.28
B   G   90    144.27  -176.51   173.56   100.84  -144.60   -49.54  -160.60
B   U   91   -114.99   159.89   108.93    84.79  -153.96   -49.04  -163.06
B   U   92    -95.00   179.74    60.98    73.60  -179.69    55.21  -141.45
B   A   93    117.70   170.84    81.01   159.54   -84.88   173.47  -133.06
B   G   94    -89.00    68.93  -168.59   150.37  -164.17   138.76   -98.26
B   U   95    -87.05   155.84    63.68   105.22  -138.03   -56.18  -179.26
B   A   96    -95.27   171.81    76.11    85.30  -151.12   -43.45  -169.62
B   U   97   -111.36   164.22    84.21    85.64  -165.50   -64.81  -155.46
B   G   98   -101.23   169.70    99.46    98.19  -148.66   -52.96  -168.31
B   A   99    166.02   156.81   150.94    92.44  -123.40   -54.46  -168.23
B   G  100   -154.64   132.42   146.79    91.72  -140.81   -89.09  -159.65
B   U  101   -175.44  -172.64   143.83    91.71  -153.25  -138.99  -151.15
B   G  102    146.77  -118.54  -176.15    91.58  -171.41   -26.78  -127.87
B   U  103   -137.12   129.46   147.74    91.32  -168.53   -59.31  -136.22
B   C  104   -131.88  -155.91    93.18    86.02  -141.04   -90.18  -134.77
B   G  105    -76.02   172.79    80.88   143.13  -108.18   -91.89  -110.84
B   U  106    -52.25   153.13    94.85   154.15   -66.16    90.86  -159.25
B   G  107   -177.56    82.29  -152.13    82.24  -113.52   -83.90   165.00
B   C  108    -75.49   168.66    59.89    86.45  -141.77   -67.54  -159.16
B   A  109    -88.21   177.63    68.54    85.90  -150.54   -61.59  -156.32
B   G  110    -81.34   175.99    71.15   107.54  -113.82   -52.08  -139.52
B   C  111    -77.35   170.67    66.91    79.84  -146.11   -63.48  -164.80
B   C  112   -100.25   161.00    82.45    76.75  -159.37   -71.42  -153.26
B   U  113    -86.53   168.16    80.39    86.30  -162.44   -63.22  -148.95
B   C  114    -95.51   170.40    77.79    82.01  -157.93   -60.89  -149.89
B   C  115    -92.58   161.76    88.76    85.04  -154.03   -62.79  -157.58
B   A  116   -100.18   156.33   101.52    91.84  -108.45   -69.18  -168.86
B   G  117    -94.22   105.95   124.18    79.99  -138.20   -88.26  -173.86
B   G  118   -111.13   179.92    67.35    87.44  -167.50   -19.84   176.43
B   A  119     84.05   159.15   -85.19   165.23   -54.82  -168.14  -144.73
B   C  120    -29.00  -146.68  -179.43   105.52   165.85   147.57   157.33
B   C  121    -81.22  -126.06   178.03    84.09  -120.25   -67.31  -175.67
B   C  122    -58.57  -152.87    64.34    80.41   163.90    32.82  -154.28
B   C  123   -139.51  -179.81    73.30    98.41  -106.33   -68.52  -154.91
B   C  124    -90.64   161.11    64.21    69.99  -168.62   -83.88  -153.58
B   C  125    -76.23   169.23    80.28    78.15  -137.12   -67.73  -142.65
B   C  126    -89.60   164.80    74.99    62.91  -105.85   -93.88  -168.18
B   U  127    -65.25    88.88   133.76   101.31  -100.25   -81.35  -178.43
B   C  128    -80.93   159.88    66.41    87.43  -136.88   -71.26  -150.84
B   C  129    -97.82   165.05    84.85    82.29  -147.53   -65.02  -149.31
B   C  130   -106.05   162.48   100.07    81.54  -145.96   -68.03  -152.01
B   G  131   -104.14   170.59    86.28    83.56  -164.53   -72.38  -150.31
B   G  132    148.26   171.19  -178.98   108.44  -144.37   -68.26  -157.71
B   G  133    160.32   163.02   166.20   113.20  -108.47   -99.34  -155.15
B   A  134    -81.41   128.22    74.66    83.26  -144.22   -73.13  -159.69
B   G  135    -86.69  -178.94    61.96    81.32  -133.05   -68.95  -165.87
B   A  136   -172.52  -162.46  -178.93   151.57   -96.52   175.06   -25.92
B   G  137   -151.41   171.25    49.57    82.74  -154.64   -74.82  -174.88
B   C  138    -86.77   179.29    71.20    83.56  -159.53   -74.07  -158.83
B   C  139    -85.26  -176.92    71.63    87.77  -154.08   -80.38  -152.54
B   A  140    153.64  -179.09   165.47   114.43  -160.38   -34.97  -171.05
B   U  141   -116.80  -172.86    78.87    80.79  -155.80   -56.24  -159.12
B   A  142   -145.21   171.77   107.26    81.94  -149.92   -68.69  -156.70
B   G  143    -98.08   172.65    79.60    84.74  -154.99   -58.71  -160.72
B   U  144    -89.90   172.28    74.25    83.79  -156.66   -65.25  -153.92
B   G  145    -93.25   178.99    66.25    76.39  -161.23   -72.36  -164.35
B   G  146    -88.19  -170.10    66.09    79.39  -155.06   -74.17  -153.05
B   U  147    -84.32   172.59    73.85    85.03  -153.94   -67.86  -153.51
B   C  148    -85.79   163.89    87.77    86.48  -170.94   -70.79  -163.93
B   U  149   -135.08  -112.42    69.27    81.65  -177.49    46.32  -123.59
B   G  150   -145.64    69.82  -163.59    71.52  -144.98   -86.36  -175.14
B   C  151    -78.93   173.08    69.35    89.27  -153.74   -63.70  -144.68
B   G  152    -92.72   166.68    84.50    77.91  -145.66   -55.75  -163.45
B   G  153    -84.98   165.87    85.60    67.26   169.45   155.34  -158.40
B   A  154   -131.72   111.13  -158.71    79.90  -173.60   -80.43   179.63
B   A  155    -88.93  -131.20    70.01    87.01  -161.08   -89.86  -155.72
B   C  156    158.75  -155.29   173.17   108.55  -100.99   -79.14  -161.26
B   C  157    -92.19   151.50    78.76    84.61  -149.88  -118.44  -149.57
B   G  158     60.42   166.53   -84.96   113.63  -151.53   -64.97  -163.57
B   G  159    -93.53   169.15    86.79    82.42  -163.18   -67.79  -156.30
B   U  160    130.09  -173.56  -159.05    78.37    58.90   131.23  -168.95
B   G  161    -69.47   157.37   -36.95   104.83  -173.52   -53.89  -144.33
B   A  162    136.04  -163.04  -169.79    92.51  -144.80   -65.37  -153.49
B   G  163    144.41  -161.19   179.24   149.55   -99.30   179.47    53.68
B   U  164    -31.88  -117.73  -168.95   167.80  -175.03   -89.99   -65.57
B   A  165   -120.20   147.54    96.00    88.61  -166.96   -45.98  -138.68
B   C  166    133.90   179.79  -151.14    88.54  -164.97   -69.26  -152.98
B   A  167    152.22   169.85   173.67   110.43  -162.16   -61.01  -170.83
B   C  168    139.75   175.15  -159.56    97.57  -142.71   -63.36  -166.66
B   C  169    -90.84   175.72    62.61    81.48  -160.11   -51.27  -149.24
B   G  170   -101.64   164.31    89.17    80.10  -158.09   -69.69  -162.83
B   G  171    -88.78   165.38    84.35    88.46  -161.74   -35.20  -168.55
B   A  172   -147.58  -170.18    98.65    85.90   177.63   -62.52  -160.79
B   A  173    -88.69  -168.55    68.82    92.25  -155.38   -59.70  -164.01
B   U  174    -51.60  -175.91    29.72    92.87 -9999.99 -9999.99  -148.18
B   G  224  -9999.99   175.02    59.82    80.85  -153.21   -72.25  -167.20
B   A  225    -64.38   173.18    62.14    81.37  -146.68  -100.98  -166.79
B   U  226    -10.65   141.76    29.65    86.62  -175.66   -65.95  -156.86
B   U  227    -98.18   179.42    90.48    96.37  -116.11  -104.31  -152.87
B   U  228    -94.70   115.52   105.39    86.67   -74.81  -158.36  -139.64
B   G  229     59.89   122.34  -171.19    81.98  -162.78   -71.33  -169.96
B   G  230    151.52   178.52  -172.46   106.63  -139.92   -65.53   174.26
B   G  231    161.25   164.49   159.07   123.52   -90.18   -66.39  -170.75
B   C  232    -64.28  -156.78   -64.55   117.39  -153.72   -53.46  -111.48
B   G  233     99.21  -179.53   165.10   100.67  -166.45   -91.47  -167.01
B   U  234    -94.18  -179.67    78.79   109.65  -159.69   -59.83  -146.92
B   G  235    120.89  -174.72  -174.18    98.30  -101.67   -62.02  -169.84
B   C  236    -70.25   129.21   100.77    90.54  -166.14   -78.50  -151.65
B   C  237    165.83  -159.61   148.63    97.02  -135.80   -60.47  -150.21
B   C  238   -103.83  -177.20    67.31    75.05  -158.29   -67.42  -161.71
B   C  239    -84.52   174.43    76.49    80.51  -156.36   -64.56  -160.48
B   C  240    -79.74   172.71    75.10    85.27  -143.59   -50.58  -160.01
B   G  241    -84.55   171.67    60.33    67.40  -169.64   -76.42  -152.79
B   C  242    147.40  -170.84  -170.33    99.51   -64.55   -40.96  -161.62
B   A  243    -52.16   -19.06  -162.96    82.68  -159.32   -64.86  -125.27
B   A  244    -93.46   159.90    86.74    76.57  -158.87   -67.73  -153.75
B   G  245    -99.38   167.58    93.34    84.94  -147.03   -71.65  -158.92
B   A  246   -111.73   166.66    96.58    91.50  -137.90   -62.13  -161.50
B   C  247   -106.59   167.80    91.86    87.23  -140.61   -58.55  -156.03
B   U  248   -102.91   165.36    87.73    79.65  -146.04   -68.72  -150.74
B   G  249   -101.21   166.48    80.98    73.33  -155.73   -72.41  -159.70
B   C  250    -81.00   177.38    75.06    81.27  -156.60   -80.98  -147.21
B   U  251   -109.62  -154.66    76.90    83.22  -158.89   -67.14  -131.33
B   A  252    155.70   159.64  -165.32   115.89    49.05   -55.11   -99.74
B   G  253   -169.33   -81.97  -113.81    74.88  -157.75   -78.83  -162.46
B   C  254    -64.32   167.34    76.39    96.34  -169.40   -68.64  -157.41
B   C  255   -174.85  -176.13   134.58    96.98   166.90    55.00  -169.56
B   G  256   -104.97   124.00    90.24    98.47   153.20   -87.31   175.25
B   A  257    118.59  -172.65    37.55   143.60    41.68    88.90  -140.40
B   G  258   -176.73    85.71  -137.80   154.04  -149.61   119.99   -75.96
B   U  259   -151.52   168.60    90.48   112.99  -163.80   -44.96   179.93
B   A  260   -105.34  -169.37    65.25    79.24   166.57    15.50  -161.84
B   G  261   -128.00   163.46    79.18    84.59  -157.40   -51.02  -162.16
B   U  262    -94.93   165.09    84.71    83.95  -150.03   -58.19  -158.70
B   G  263    -87.65   175.18    61.16    73.25  -149.12   -66.46  -147.50
B   U  264    -89.84   166.23    71.52    80.57  -134.87   -61.33  -147.21
B   U  265    -55.67   158.54    72.51   132.75    67.60  -148.50  -127.56
B   G  266   -127.64  -154.08    69.42   130.09    54.26    81.87  -114.17
B   G  267     54.11  -173.64   157.07   130.51  -108.67   -45.65   -79.00
B   G  268    127.19   171.54   146.89   154.91  -104.40    93.15  -164.98
B   U  269     37.07  -177.56   158.50    71.49   168.74    50.01   -76.55
B   C  270   -117.12  -169.98    71.63    95.03  -125.63  -106.71   178.48
B   G  271    -66.18   168.84    62.39   111.69  -141.93   -55.69  -167.96
B   C  272    -90.55   158.89    80.94    93.96  -162.19   -35.11  -154.52
B   G  273   -103.25   176.01    60.16    82.30  -158.98   -50.11  -143.93
B   A  274   -134.10    78.74  -170.05    84.38  -149.58   -59.87  -169.38
B   A  275    -88.18  -177.19    60.87    80.89   -72.81   -17.59  -150.66
B   A  276    -56.01  -127.95  -173.85   177.38   176.90   -21.77   106.38
B   G  277   -134.51   136.43   174.10    98.03  -143.14   -61.96  -149.29
B   G  278    -87.66   161.21    70.24    86.60  -157.53   -59.13  -151.51
B   C  279    -86.44   160.63    88.49    78.92  -133.79   -71.61  -165.20
B   C  280     76.53  -177.86   162.93    87.30  -167.87   -98.02   178.49
B   U  281   -119.84   171.53    35.71   158.27  -117.57   -82.53   170.99
B   U  282    -69.49   169.01   -62.85    86.62  -158.31   -70.26  -167.13
B   G  283   -155.83  -173.25  -171.84    99.26   -94.47   119.26   149.41
B   U  284    -72.43    85.08   122.21   108.93  -169.54   -65.13  -134.16
B   G  285    -87.24   173.43    73.40    90.72  -165.14   -66.18  -154.55
B   G  286   -104.95  -175.95    76.32    84.04  -142.84   -74.05  -163.89
B   U  287    -90.08   174.69    62.46    93.51  -165.83   -78.98  -176.95
B   A  288    169.40   160.61  -159.05    85.18  -144.84   -61.77   178.02
B   C  289   -126.73  -156.59    78.52    75.60  -149.23   -78.01  -165.49
B   U  290    -56.51   160.65    85.08   141.96    56.65  -153.56  -159.97
B   G  291   -117.95    91.81   163.12   116.18  -126.91   -71.76   173.84
B   C  292    -69.92   164.24    65.47    92.89  -130.94   -63.33  -152.58
B   C  293    -90.02   166.08    71.84    84.57  -152.33   -54.34  -154.63
B   U  294    -93.85   172.15    74.26    80.67  -132.68   -57.22  -161.34
B   G  295    -89.87   148.23    99.78    70.56  -168.88   -77.64  -152.10
B   A  296    -75.67   162.29    95.11   159.99  -144.73  -129.15  -110.45
B   U  297    -74.89   112.39   123.90   136.19  -159.04    56.70  -124.36
B   A  298     91.94  -121.87   167.11   103.41  -160.65   -55.01  -147.62
B   G  299   -143.11  -148.77    85.32    85.71  -176.08   -69.70  -145.25
B   G  300    123.37  -161.86  -140.85    93.69  -142.55   -76.90  -176.07
B   G  301    150.60   170.03   171.29   107.47  -136.98   -58.99  -171.55
B   U  302    -82.87   174.52    64.80    76.35  -171.20   -90.10  -156.63
B   G  303    -89.08  -178.06    70.54    83.38  -139.25   -78.18  -164.10
B   C  304    -77.85   174.75    62.75    76.11   169.77   127.83  -153.80
B   U  305     44.20   144.03    74.33   126.09    45.66   144.63   -84.60
B   U  306     68.26  -135.63    66.76    79.51  -167.57   -86.10  -150.80
B   G  307    -92.09  -175.75    88.04    93.86  -146.29   -64.19  -157.84
B   C  308   -101.57   174.45    84.64    84.45  -166.11   -82.02  -141.25
B   G  309    152.45  -174.25   179.76   109.97  -128.17   -64.25  -162.94
B   A  310   -101.07  -177.29    55.52    75.31  -163.67   -64.86  -148.89
B   G  311    122.91  -172.46  -138.02   100.13   -84.99   -91.28  -155.75
B   U  312   -132.88  -176.34    47.77    68.23  -132.71   -49.37  -140.22
B   G  313    -33.02   131.81   143.24    73.41  -137.84   -75.39  -177.16
B   C  314    -84.62  -172.90    56.37    79.48   -90.31  -107.38  -155.12
B   C  315    -57.12  -110.85    93.31    76.30  -137.05   -66.97  -149.31
B   C  316    -72.14   164.83    73.56    83.38  -136.82   -70.25  -161.88
B   C  317    -80.08   161.82    75.94    81.91  -143.70   -61.38  -155.67
B   G  318    -87.39   165.73    69.35    72.76  -156.22   -71.99  -160.24
B   G  319    -88.02   165.61    87.02    83.04  -145.42   -65.11  -159.96
B   G  320    -89.85   173.55    68.61    79.41  -152.91   -63.67  -154.17
B   A  321    -91.56   172.84    74.31    81.93  -163.29   -69.97  -153.04
B   G  322   -113.86   163.53   109.75    85.99  -141.57   -62.28  -161.71
B   G  323    -77.32   172.15    66.63    98.40    28.68    63.60  -161.69
B   U  324    165.76  -161.43  -173.57   153.28   154.91   138.86  -166.25
B   C  325     45.78  -114.71     5.71   103.58  -161.72   -83.90  -140.50
B   U  326    -89.12  -169.38    64.38    90.09  -144.50   -58.92  -150.15
B   C  327    -85.86   174.17    70.37    75.40  -158.57   -76.90  -159.92
B   G  328    -84.47   173.12    73.74    82.77  -156.96   -62.62  -156.68
B   U  329   -120.55   172.90    99.57    84.21  -113.16   -93.30  -165.22
B   A  330    -92.73   129.42   100.91    87.18   -91.48  -173.45  -165.57
B   G  331    -56.51   156.12    50.35    81.12  -170.24   -68.32  -106.24
B   A  332    157.49  -158.81  -179.38    85.78  -150.63   -70.28  -171.52
B   C  333    -56.00   178.33    60.28   147.91  -130.16  -154.08    53.53
B   C  334     81.60  -142.88  -161.60    81.29  -127.57   -82.34   161.08
B   G  335    149.04  -157.68   172.52    93.90  -147.67   -65.17  -156.82
B   U  336    -83.34   171.57    77.26    77.34  -126.30   -88.20  -167.46
B   G  337     98.89  -175.67  -148.85    94.17  -104.59   -58.82  -169.62
B   C  338   -133.73  -143.38  -172.40    92.03   -89.56   -94.74    60.33
B   A  339    118.69  -138.76  -158.59    96.59  -122.42   -90.15  -142.56
B   C  340    172.25   168.60  -178.61    83.91  -142.00  -178.45    65.62
B   C  341     80.14   -57.98  -177.12    80.09  -127.04   -63.67   177.97
B   A  342   -103.71  -133.49   107.92    94.58  -161.96   -53.64  -171.49
B   U  343    -94.40  -175.86    68.85    73.41   158.76    29.83  -152.32
B   G  344   -167.04    72.60   166.55   107.48   -87.13   167.04  -167.96
B   A  345    -83.44   165.79    55.69    90.42  -135.34   -80.49  -163.12
B   G  346     -7.27   174.87   -18.35    86.08  -118.90   -97.47  -155.69
B   C  347    -56.48   137.85    62.85    81.81  -149.28   -71.09  -148.27
B   A  348    -64.53   174.11    53.67    82.97  -137.80   -66.45  -154.58
B   C  349    -60.40  -136.25    53.68   136.86    42.58   175.49  -101.44
B   G  350    -86.29  -126.36  -178.77    96.79   150.95    27.75   157.37
B   A  351    172.38    69.21  -147.87    94.87  -160.13   -55.24   167.49
B   A  352    164.70   158.51  -172.21    93.72  -168.25   -42.97   151.30
B   U  353   -108.44  -127.02    59.58    92.09 -9999.99 -9999.99  -123.75
