BEGIN_base-pair
    32_40, D:    31 G-C    39 D: +/+ cis         XIX
    50_66, D:    49 G-C    65 D: W/W cis         n/a
    51_65, D:    50 U-G    64 D: W/W cis         XXVIII
    52_64, D:    51 C-G    63 D: +/+ cis         XIX
    52_64,-
32_40_50_66_51_65_52_64_0, click this line to see above pattern
0_0,---------
     5_69, D:     5 G-C    68 D: +/+ cis         XIX
     9_11, D:     9 G-A    11 D: H/H cis    syn    n/a
    10_27, D:    10 G-G    26 D: W/S cis         n/a
    11_26, D:    11 A-C    25 D: W/W cis         n/a
    12_25, D:    12 G-U    24 D: W/W cis         XXVIII
    13_24, D:    13 C-C    23 D: S/W cis         n/a
    14_23, D:    14 A-G    22 D: W/S cis         n/a
    19_55, D:    18 G-u    54 D: W/W tran        XXVII
    20_57, D:    19 G-C    56 D: W/W cis    syn    n/a
    28_44, D:    27 U-A    43 D: -/- cis         XX
    28_44,-
5_69_9_11_10_27_11_26_12_25_13_24_14_23_19_55_20_57_28_44_0, click this line to see above pattern
0_0,---------
END_base-pair
