The backbone torsional angle for nucleic acid 

 
Note: alpha:   O3'(i-1)-P-O5'-C5'
      beta:    P-O5'-C5'-C4'
      gamma:   O5'-C5'-C4'-C3'
      delta:   C5'-C4'-C3'-O3'
      epsilon: C4'-C3'-O3'-P(i+1)
      zeta:    C3'-O3'-P(i+1)-O5'(i+1)

      chi for pyrimidines(Y): O4'-C1'-N1-C2
          chi for purines(R): O4'-C1'-N9-C4

    (The number -9999.99 means that the angle can not be calculated) 

Ch Res  Num    alpha    beta     gamma    delta  epsilon    zeta     chi
D   C    1  -9999.99 -9999.99    57.49    80.83  -149.38   -58.27  -175.47
D   G    2    -83.71  -172.57    60.39    77.37  -173.39   -88.49  -170.57
D   C    3    176.23  -130.51   153.92    83.65  -151.19   -82.45  -154.05
D   G    4    152.76  -170.23   170.13    77.71  -146.10   -51.55  -177.73
D   G    5    -81.40  -136.67    56.49   150.03  -177.03  -124.55  -112.21
D   G    6    109.88  -146.76  -125.07    80.96  -114.00   -76.97   -92.36
D   G    7   -110.16    95.90   134.37   146.12  -146.08    17.63  -107.23
D 4SU    8    -99.05   178.02    56.02    86.04   -80.16  -159.83  -123.18
D   G    9     57.53   140.49   -49.18   145.94  -115.22   -89.50   -36.62
D   G   10    145.13  -164.06    62.78    82.74  -152.24   -90.52  -179.11
D   A   11    -44.11   162.09    49.54    84.99  -111.90  -104.43  -174.50
D   G   12    -25.01   131.50    44.86    80.05  -135.61   -47.80   178.00
D   C   13    -84.38  -170.22    57.26    78.22  -138.34  -133.78  -157.77
D   A   14    -79.91   113.74    84.26    79.26  -155.27   -49.97  -150.71
D   G   15    136.23  -163.74  -167.28    75.98  -146.58    18.18  -178.72
D   C   16    168.71  -105.36    33.33   140.03   -66.86  -142.33  -173.65
D   C   17    -58.41   124.57    51.68    84.39  -136.88    55.61  -141.33
D   U   17    161.93   143.85    64.78   145.95  -110.56   -97.32  -161.78
D   G   18    -24.41  -142.83   110.59   147.29  -106.50  -175.01   -97.03
D   G   19    158.40  -132.67   165.92   147.86   -83.69   -92.41   -75.88
D   U   20   -126.16  -142.46    69.89    84.81  -124.23   -76.22  -141.89
D   A   21     83.19  -176.95    65.64    83.69  -151.47   -89.38   -80.64
D   G   22   -128.21   118.93   120.54    82.66  -138.52  -110.19  -111.04
D   C   23    -99.65   154.16    73.76    80.14   -96.33  -119.05  -152.59
D   U   24    -49.85   122.85    52.40    80.81  -154.29   -69.59  -134.29
D   C   25    -73.68  -162.33    50.83    84.60  -152.38   -55.26   165.22
D   G   26    -70.91  -173.59    66.01    79.59  -140.44   -55.05  -108.98
D   U   27   -156.31   147.91   139.14    79.96  -104.13  -131.13  -167.18
D   C   28    -12.16   125.75    28.22    79.82  -139.34   -73.72  -162.40
D   G   29    -53.71   166.34    47.38    79.54  -131.64   -94.21  -175.78
D   G   30    -44.94   159.32    42.30    74.23  -148.19   -72.56  -163.29
D   G   31    -54.60   164.17    62.49    81.61  -107.64   -88.53  -177.31
D 5MC   32    -53.17   138.52    57.75    79.13  -134.71   -61.61  -150.12
D   U   33    -51.96   160.86    73.03    78.59   -87.53  -113.55  -154.63
D   C   34     74.92  -155.26    83.38    88.12   -96.50   -56.88  -167.04
D   A   35   -106.74    99.80   119.90    82.91  -119.15   -79.12  -175.20
D   U   36    -53.14   156.18    45.67    81.18  -142.62   -76.64  -153.21
D   A   37     98.67  -148.83  -130.87    85.47   -98.47  -109.30  -158.88
D   A   38    -41.61   123.50    52.31    79.10  -146.97   -56.56  -154.24
D   C   39    -65.26   172.04    59.10    79.55  -123.52   -99.89  -162.19
D   C   40    -30.01   153.52    24.91    76.94  -156.22   -73.56  -158.97
D   C   41    -66.55  -170.77    47.29    80.91  -146.00   -74.48  -172.52
D   G   42    -52.71   168.07    49.22    80.34  -136.32  -106.32  -158.57
D   A   43    -52.59   136.23    62.21    79.07  -149.14   -80.08  -164.34
D   A   44    -45.52   154.41    66.36    88.30  -104.57   -66.92  -165.88
D   G   45    -48.70   172.13    30.25    82.83  -142.10  -109.38  -113.21
D   G   46    -41.63   157.66    35.78    81.06   -98.90  -138.94  -169.50
D   U   47     46.25  -128.96   148.91    80.96   162.89    27.89   148.90
D   C   48   -141.57  -156.41   152.65   146.69  -143.05    96.67  -125.70
D   G   49    152.03   167.43   -50.93    84.65  -143.23   -67.38  -176.17
D   U   50    -60.28   173.97    54.03    78.95  -133.81   -85.14  -158.59
D   C   51    -71.41   134.45    93.78    84.49  -136.61   -44.99  -177.52
D   G   52    -77.19   172.00    44.39    75.76  -159.53   -77.80  -162.85
D   G   53    -56.56   162.38    64.88    77.00  -158.49   -77.33  -170.24
D 5MU   54    -59.89  -174.68    51.59    75.97  -144.33   -62.10  -164.92
D PSU   55    161.67  -160.57   162.80    81.71  -117.66   -71.52 -9999.99
D   C   56   -149.31   154.85    24.16    78.94  -135.77   -77.84  -156.75
D   A   57    -50.51   159.01    45.75    77.36  -127.86  -110.81  -175.06
D   A   58    -49.48   129.67    87.82    82.03  -145.73  -104.51  -176.58
D   A   59   -168.42  -158.91    46.61    79.05  -116.67  -112.08  -162.93
D   U   60    -36.12   147.58    53.58   141.41  -103.16   -54.29  -137.81
D   C   61    -88.09  -177.05    39.67    82.06  -142.83   -90.20  -146.53
D   C   62    -70.42   168.74    62.43    77.06  -147.54   -73.83  -158.32
D   G   63    -80.72  -172.33    60.23    76.93  -153.89   -71.13  -155.98
D   G   64    -68.63   167.83    57.77    78.00  -126.49   -95.58  -174.23
D   C   65    -24.28   133.79    57.40    80.66  -137.35   -92.67  -152.16
D   C   66    -37.38   147.43    46.05    83.26  -130.33   -97.01  -155.13
D   C   67    -48.74   144.97    52.65    76.06  -146.44   -80.96  -136.38
D   C   68    -88.37   153.88    74.44    73.63  -158.03   -75.39  -158.77
D   C   69    -58.85   170.45    59.00    82.40  -119.71   -75.47  -165.79
D   G   70    -66.67   153.06    68.97    75.20  -148.71  -117.59  -177.11
D   C   71      7.44   125.29    24.95    77.34  -153.45   -75.59  -162.70
D   A   72    -58.82   171.48    40.13    74.11  -117.98   -90.95  -177.03
D   A   73    -74.94   122.68   106.40    77.41  -127.56   -72.12  -172.90
D   C   74    -71.09   172.46    64.33    79.14  -150.45   -70.33  -147.53
D   C   75    -57.72   163.96    64.58    75.64  -118.44   130.18  -125.18
D   A   76    -12.18   133.53   -13.56    85.86 -9999.99 -9999.99  -133.24
