The backbone torsional angle for nucleic acid 

 
Note: alpha:   O3'(i-1)-P-O5'-C5'
      beta:    P-O5'-C5'-C4'
      gamma:   O5'-C5'-C4'-C3'
      delta:   C5'-C4'-C3'-O3'
      epsilon: C4'-C3'-O3'-P(i+1)
      zeta:    C3'-O3'-P(i+1)-O5'(i+1)

      chi for pyrimidines(Y): O4'-C1'-N1-C2
          chi for purines(R): O4'-C1'-N9-C4

    (The number -9999.99 means that the angle can not be calculated) 

Ch Res  Num    alpha    beta     gamma    delta  epsilon    zeta     chi
V   C    1  -9999.99 -9999.99  -158.86    81.60  -133.91   -76.01  -113.57
V   G    2    -63.28   176.08    46.92    86.65  -155.42   -87.29   178.34
V   C    3    175.94  -168.93   154.37    78.55  -131.99  -101.28  -169.56
V   G    4     35.29   141.77   -15.18   147.95  -172.19  -111.40  -126.69
V   G    5    -74.28   171.34    58.40    80.00  -161.33   -66.76  -142.74
V   G    6    -64.24  -175.56    44.00    80.21   175.38   -77.16  -156.76
V   G    7   -171.42  -173.53   169.78   142.79  -120.86    -4.86  -153.25
V   U    8    -93.34  -133.98    54.59    77.08  -114.74  -148.21  -152.49
V   G    9     66.64  -173.75   -87.11   161.16   -97.67   -75.85   -84.21
V   G   10    175.28  -177.67    56.87    82.84  -146.96   -63.96   172.84
V   A   11    -79.47  -171.43    58.67    77.75  -146.63   -70.85  -161.90
V   G   12    -52.85   164.56    45.59    73.50  -164.57   -52.23  -155.26
V   C   13    163.13   159.03  -179.95    88.03  -150.75   -48.94  -169.41
V   A   14    169.41   170.56   176.99    77.73  -125.16   -67.66   163.59
V   G   15    -67.80  -179.88    56.39    84.69  -118.41   -64.18  -155.79
V   C   16    -49.77  -162.01    52.45   139.53  -122.74   -13.65  -109.32
V   C   17   -164.67    79.96   159.62    82.88  -126.59    84.49  -124.23
V   U   17   -177.44   137.56    49.87    89.84   -92.23  -107.64  -115.80
V   G   18    -58.72   148.43   177.02   144.57  -139.33   -83.66  -146.23
V   G   19   -173.99   179.59   167.13   149.37   -91.15   -58.12  -114.65
V   U   20    173.98  -169.71   162.62    90.22   -98.18   -72.93   -25.32
V   A   21     15.95   157.69    62.36    80.59  -143.08  -166.69  -163.58
V   G   22    -42.78   135.39    41.37    87.37  -160.19   -67.46  -166.07
V   C   23    -63.93  -175.13    56.38    80.49  -147.03   -66.22  -169.93
V   U   24    -75.88  -179.91    47.56    75.97  -151.80   -73.54  -152.79
V   C   25    -66.41   168.53    64.34    84.96  -146.01   -57.19  -164.83
V   G   26    -81.16  -170.86    60.09    83.86  -155.33   -66.69  -162.11
V   U   27    -70.66  -176.36    56.71    80.89  -138.51   -66.64  -158.23
V   C   28    -64.02   177.78    48.57    74.41  -145.72   -87.15  -156.00
V   G   29    -50.41   173.11    38.02    84.41  -149.41   -73.67  -160.79
V   G   30    -49.55   174.91    51.33    80.53  -173.45   -67.76  -171.12
V   G   31    167.24  -161.28   168.50    79.44  -114.38   -69.60   177.01
V   C   32    -58.40   176.63    38.44    88.42  -122.24   -82.79  -160.74
V   U   33    -42.10   154.81    46.23    74.33  -122.07   -90.52  -173.60
V   C   34    145.25  -170.74    62.26    88.46  -127.74   -76.06  -167.31
V   A   35    -59.32   152.16    59.15    78.88  -153.74   -62.93  -159.79
V   U   36    -70.71  -162.17    30.00    80.85   177.45   -72.42  -148.30
V   A   37    174.44  -161.92   157.95    77.11  -120.69   -62.14  -177.86
V   A   38    -54.00   173.28    45.78    90.47  -144.69   -60.33  -169.53
V   C   39    -55.59   167.56    41.15    76.88  -146.32   -91.21  -147.33
V   C   40    -41.98   162.64    49.52    90.87  -140.25   -87.92   173.03
V   C   41    -65.29   168.59    63.25    80.41  -149.91   -65.43  -164.68
V   G   42    -63.23   160.81    61.98    78.05  -169.83   -91.87  -173.67
V   A   43    165.06  -141.52   167.90    78.35  -129.95   -91.53  -179.84
V   A   44    -52.72   161.36    45.97    77.45  -143.39   -67.05  -147.98
V   G   45    -68.10   178.60    53.17    85.46  -132.75  -105.05  -144.03
V   G   46    -75.16  -165.57    58.17    79.44  -100.07  -122.55  -126.14
V   U   47    -17.52   -91.10   163.63    92.07  -160.96    48.88  -155.11
V   C   48    -74.16  -153.44    54.91   147.97  -144.93    76.12  -126.14
V   G   49     53.06   159.82    44.82    85.84  -134.55   -76.96  -179.96
V   U   50    -62.79   169.39    48.38    80.02  -162.15   -72.60  -151.81
V   C   51    -61.50  -169.87    49.32    89.47  -147.09   -93.97  -161.65
V   G   52    148.23  -147.44   169.76    85.74  -165.99   -63.04  -178.89
V   G   53    -91.95  -161.78    63.72    86.98  -158.28   -69.49  -171.00
V   U   54    -51.31  -172.98    37.15    77.99  -139.57   -57.93  -150.80
V   U   55    -59.02   169.60    58.61    85.68  -137.62   -78.06  -147.69
V   C   56    155.88  -168.84    49.17    90.47  -155.98   -48.88  -139.00
V   A   57    -81.18   179.80    55.58    85.05  -144.80   -69.33  -151.18
V   A   58    -52.21  -141.06    54.14   157.39   -81.19  -169.80   -82.13
V   A   59     69.62  -150.47    63.50    94.84  -141.89   -57.81  -174.32
V   U   60    -61.10   179.71    62.81   137.24  -107.71   -63.97  -129.59
V   C   61    -96.42  -171.45    33.58    86.64  -164.97   -66.64  -170.16
V   C   62    -54.64  -172.52    36.31    83.27  -129.56  -125.23  -162.73
V   G   63    108.83  -109.51  -167.56    80.27  -109.84   -88.45   171.25
V   G   64    -57.36   173.20    41.49    82.88  -169.37   -78.80  -159.49
V   C   65    165.84  -157.60   157.37    81.39  -137.63   -58.88   179.62
V   C   66    -59.55  -158.19    36.81    83.79  -155.46   -91.93  -154.43
V   C   67    157.23  -150.46   155.40    83.15  -163.01   -47.34  -178.79
V   C   68    -94.75  -138.51    44.58    81.06  -156.26   -83.15  -150.59
V   C   69    -45.96   160.99    43.40    78.63  -162.14   -67.73  -158.83
V   G   70    -56.85   177.52    54.07    88.47  -128.79  -115.11  -169.12
V   C   71    110.12  -122.59  -162.57    75.93  -115.61   -73.28   141.28
V   A   72    -62.77   174.86    59.48    80.90  -142.88   -82.12  -152.51
V   A   73    -56.04   161.65    52.92    86.21  -136.87   150.01  -154.06
V   C   74    145.04   -99.03    81.35    89.88  -138.40   -95.53   173.11
V   C   75     72.57  -129.53   -49.35   103.31  -117.11   -48.54   -98.12
V   A   76   -112.44    65.70   175.03   136.53 -9999.99 -9999.99   -98.12
