The backbone torsional angle for nucleic acid 

 
Note: alpha:   O3'(i-1)-P-O5'-C5'
      beta:    P-O5'-C5'-C4'
      gamma:   O5'-C5'-C4'-C3'
      delta:   C5'-C4'-C3'-O3'
      epsilon: C4'-C3'-O3'-P(i+1)
      zeta:    C3'-O3'-P(i+1)-O5'(i+1)

      chi for pyrimidines(Y): O4'-C1'-N1-C2
          chi for purines(R): O4'-C1'-N9-C4

    (The number -9999.99 means that the angle can not be calculated) 

Ch Res  Num    alpha    beta     gamma    delta  epsilon    zeta     chi
6   U    1  -9999.99   127.18    26.78    85.70  -148.69   -72.03  -174.02
6   C    2    -59.38   173.57    53.75    84.25  -137.36   -79.80  -171.05
6   C    3    -68.75   171.03    52.30    80.35  -143.78   -87.39  -162.32
6   U    4    -34.92   157.20    35.54    73.89  -144.66   -79.30  -163.78
6   U    5    -58.40   157.98    65.31    78.27  -147.77   -73.57  -170.86
6   G    6    -72.70  -179.95    66.58    80.06  -151.24   -80.92  -169.71
6   U    7    -51.57   161.18    71.42   146.93   -91.71   -51.97  -136.31
6   U    8    -82.66  -171.89    74.12    80.26  -119.91  -148.13  -155.93
6   A    9     56.35   157.75   -48.93   148.71   -95.61   -75.26   -67.11
6   G   10   -178.25   144.18    63.16    90.62  -113.20   -94.34   164.30
6   C   11    -56.81   168.96    41.32    85.52  -154.74   -71.78  -159.23
6   U   12    -68.02  -179.26    51.52    85.02  -159.87   -37.53  -149.04
6   C   13   -139.08   156.45   128.69    77.64  -153.74   -82.43  -158.60
6   A   14    -67.39  -178.70    59.78    78.08  -150.28   -69.72  -171.47
6   G   15    -60.35  -173.23    58.99   134.92  -119.68  -108.75  -132.87
6   U   16    141.52   139.06    62.93   150.01  -131.59  -106.06  -121.03
6   U   17    175.41  -114.75   -68.89   153.19  -143.48  -106.65  -116.56
6   G   18    -95.75  -157.43    60.18   151.04   -60.99    83.82   -75.95
6   G   19   -147.96   -92.35   158.23   148.24   -53.90  -157.92  -110.40
6   U   20      2.40   125.77  -167.87    87.04   -97.90   163.81  -106.55
6   A   21   -143.83  -147.59    50.83    84.32  -165.71   -89.74  -149.81
6   G   22    -61.97  -173.85    39.56    79.35   166.83   -79.95  -148.93
6   A   23    162.03  -153.66   167.35    79.19  -103.94  -109.84   172.02
6   G   24    -38.71   136.66    43.03    77.12  -136.44   -79.67  -172.07
6   C   25    -53.69   157.62    54.22    76.81  -147.27   -58.77  -172.77
6   G   26    -68.02   170.67    63.13    78.81  -138.37   -66.34  -178.05
6   U   27    -58.30   179.58    45.21    79.88  -145.81   -68.91  -173.91
6   U   28    -58.93   173.48    47.76    78.62  -151.99   -68.60  -168.48
6   C   29    -66.07  -179.66    53.08    77.23  -144.68   -79.35  -165.79
6   G   30    -54.48   169.58    44.51    76.52  -151.03   -67.41  -166.68
6   G   31    -65.96   170.05    68.04    80.52  -151.08   -64.70  -173.87
6   C   32    -71.67  -168.62    48.87    87.83  -132.61   -68.94  -158.46
6   U   33    -62.30   169.11    46.59    78.26  -126.27   -54.56  -145.93
6   U   34   -172.01   142.62    42.81    82.46  -142.62   -67.86  -177.04
6   U   35    -68.77  -176.77    44.97    82.02  -155.42   -74.67  -155.38
6   U   36    -57.68   174.82    44.44    79.35  -170.04   -69.39  -149.68
6   A   37    158.29  -150.79   166.56    78.33  -106.18   -80.94   173.72
6   A   38    -56.55   149.01    58.54    77.96  -143.97   -50.60  -179.76
6   C   39    -75.15  -175.52    55.11    82.55  -147.98   -75.38  -166.96
6   C   40    -54.88   177.72    38.91    76.62  -165.12  -107.71  -165.33
6   G   41    160.53  -114.91   162.70    80.54  -102.54   -99.41   175.62
6   A   42     89.02  -126.77  -132.44    85.97  -122.63  -109.87  -174.21
6   A   43    118.19  -128.89  -167.59    82.29  -108.74  -121.58  -178.37
6   A   44    -25.48   133.46    32.79    80.33  -146.06   -84.15  -152.96
6   U   45    -43.98   152.22    65.27    81.24  -136.37   -73.43  -156.03
6   G   46    -61.87  -142.34    65.86   153.20   -88.93   -91.31   -78.35
6   U   47    -66.23   113.00   175.88   143.36  -111.76     4.10  -101.04
6   C   48   -140.02  -107.48   168.56   143.07  -145.54    83.68  -147.62
6   A   49     33.26  -174.75    51.01    82.38  -151.10   -70.92  -161.95
6   G   50    -60.25   170.11    54.18    78.16  -141.55   -67.96  -172.85
6   G   51    -58.75  -175.28    44.20    80.67  -160.80   -92.27  -151.64
6   G   52    152.84  -146.39   167.44    83.07  -104.75  -104.18   171.38
6   G   53    -43.56   132.70    61.97    80.36  -163.05   -67.09  -174.94
6   U   54    -82.92  -151.75    42.47    85.08  -133.11   -80.41  -149.11
6   U   55    -46.15   162.09    49.11    82.87  -129.51   -49.67  -141.02
6   C   56   -166.79   138.15    43.03    84.73  -154.75   -50.18  -178.03
6   G   57    -85.92  -169.14    51.50    81.97  -146.38   -82.72  -160.19
6   A   58    -49.97  -160.70    72.17   150.14   -78.32  -173.76   -86.39
6   G   59     75.34  -159.70    69.60    83.01  -126.34   -73.59  -178.37
6   C   60    -61.43   160.66    72.04   145.06  -110.99   -51.55  -133.64
6   C   61    -84.87  -177.65    33.02    79.77  -122.09   -94.77  -160.25
6   C   62    -69.05   155.74    58.37    81.62  -139.51   -91.70  -167.94
6   C   63    -43.97   148.81    56.01    86.59  -140.06   -74.54  -166.19
6   C   64   -155.94   164.56   122.44    84.16  -152.53   -71.74  -174.12
6   U   65    -61.36  -177.21    43.38    85.39  -140.76   -83.72  -159.83
6   A   66    -46.42   167.66    39.51    81.81  -146.07   -75.14  -157.70
6   U   67    -53.47   160.12    53.98    80.95  -140.44   -81.88  -162.79
6   G   68    -44.30   167.57    40.30    78.19  -143.12   -87.00  -171.20
6   A   69    -51.04   154.61    50.62    78.58  -163.06   -70.35  -168.71
6   G   70    -68.62  -173.60    48.28    79.79  -147.07   -73.68  -160.69
6   G   71    -60.17   163.90    62.39    74.73  -147.70   -68.84  -166.33
6   A   72    -57.61  -177.45    52.55    81.41  -119.17  -118.61  -147.24
6   G   73    104.34  -110.80  -169.39    83.65  -109.21   122.93  -164.76
6   C   74    -82.17   138.05    52.24    84.94  -154.01   -72.18  -161.06
6   C   75    -83.07  -149.95    45.25    90.92  -110.42   -60.22  -113.94
6   A   76   -100.43    88.62   161.94   142.04 -9999.99 -9999.99  -108.16
