The backbone torsional angle for nucleic acid 

 
Note: alpha:   O3'(i-1)-P-O5'-C5'
      beta:    P-O5'-C5'-C4'
      gamma:   O5'-C5'-C4'-C3'
      delta:   C5'-C4'-C3'-O3'
      epsilon: C4'-C3'-O3'-P(i+1)
      zeta:    C3'-O3'-P(i+1)-O5'(i+1)

      chi for pyrimidines(Y): O4'-C1'-N1-C2
          chi for purines(R): O4'-C1'-N9-C4

    (The number -9999.99 means that the angle can not be calculated) 

Ch Res  Num    alpha    beta     gamma    delta  epsilon    zeta     chi
D   G    1  -9999.99    82.93   168.15    89.25  -151.08   -73.38  -175.39
D   G    2    -66.21  -171.88    49.50    82.14  -138.07   -82.64  -179.90
D   A    3    -52.56   175.43    47.47    79.78  -155.53   -70.09  -161.06
D   C    4    -75.54   168.68    68.43    79.16  -135.80   -74.60  -172.65
D   C    5    -79.64   158.95    84.34    80.04  -153.45   -74.46  -166.34
D   U    6    -88.96   167.94    83.66    83.76  -106.68  -119.99   177.32
D   U    7    -27.48   118.39    78.02   108.79   172.99    56.36  -158.03
D   U    8    -35.08  -163.44   -28.56   116.96  -129.73  -170.84   145.02
D   A    9    178.97  -127.05   149.55   133.51   -84.36   -62.45  -124.61
D   G   10   -172.45   170.15    42.35   101.26  -142.29   -77.83  -168.93
D   C   11    -48.18   177.13    44.95    84.49  -163.90   -71.51  -151.91
D   U   12    175.72  -167.26   143.82    80.23   -97.71  -113.49   158.32
D   C   13    102.04  -134.45  -154.76    83.07  -174.66   -30.67  -164.33
D   A   14    -81.08  -147.84    36.93    82.02  -148.29   -57.68  -174.16
D   G   15    -70.29   173.46    63.36    81.05  -130.04  -149.22  -177.83
D   U   16    -18.44   -70.43   -91.08    93.29   172.14   137.53   -92.24
D   U   17    -62.35   -93.36   159.67    77.95   162.67    35.79  -142.84
D   G   18     60.65   102.11    90.28    94.63   -84.96  -137.04  -151.70
D   G   19    -49.91   167.58    25.52   105.30  -151.71  -133.52  -113.51
D   U   20     34.60  -107.45   178.64    74.73    88.15   -62.13  -117.79
D   U   21   -164.81  -150.26    38.67   143.14  -159.21  -106.62   -62.51
D   A   22    119.53  -158.97   -32.82   115.11  -154.57  -124.43  -121.88
D   G   23    132.09  -154.05  -178.80    77.88  -153.19   -87.60  -166.84
D   A   24    169.80  -157.59   163.03    79.41  -124.31   -92.59  -176.59
D   G   25    -31.50   154.03    37.02    76.19  -158.74   -61.49  -168.02
D   C   26    -71.43  -172.73    45.48    80.56  -159.27   -55.33  -170.14
D   A   27    -93.30   177.30    79.92    86.90  -124.89   -71.94  -179.21
D   G   28    -53.94  -179.64    37.42    85.22  -140.62   -75.86  -174.87
D   A   29    -66.66   178.75    50.77    86.68  -153.93   -59.69  -169.46
D   C   30    -63.63   176.16    53.33    73.37  -141.62   -81.77  -177.37
D   G   31    -37.46   172.06    29.21    79.95  -165.59   -62.77  -166.22
D   G   32   -166.83   170.16   150.75    84.93  -128.41   -79.04   173.77
D   C   33    -55.30  -172.78    42.04    81.24  -166.41   -34.22  -154.58
D   U   34   -109.35  -166.23    83.57    96.96   -76.34   167.98  -132.36
D   C   35    101.14     2.40  -167.42   106.55  -141.57   101.66  -111.28
D   A   36    -86.67   165.60    44.61    67.33  -138.14   -67.30    55.78
D   U   37    147.64  -154.65   -82.71    92.79   109.67   -58.06   103.50
D   A   38    158.43  -154.74   167.43   128.98   -87.27   -44.31  -115.66
D   A   39   -134.59    53.67   174.29   118.94  -169.61   163.65     1.97
D   C   40     79.09  -154.41  -146.95    84.22  -151.17   -73.47  -148.03
D   C   41    -55.50  -170.54    36.62    80.20  -171.51   -89.94  -179.59
D   G   42    178.12  -132.26   144.76    78.71  -153.10   -70.25  -172.64
D   U   43    -67.74  -162.09    53.91    84.91  -161.54   -65.68  -158.34
D   C   44    -73.08   166.21    70.91    81.96  -145.77   -75.37  -173.50
D   C   45    -59.99   174.66    45.86    81.09  -125.12   -86.42  -179.79
D   G   46    -59.50   146.39    66.11    83.11   -96.51   -73.00   165.37
D   G   47    -47.96  -134.53    21.46    94.06   166.49   -96.76   -75.50
D   C   48    151.91   102.74    84.94   108.74  -101.49   -84.68  -179.52
D   C   49    167.28  -113.36  -155.76   129.29  -169.02   153.10   114.16
D   G   50     48.74  -170.73    58.40   101.83  -145.29  -106.78   176.81
D   U   51    159.74  -147.73   162.18    84.58   -82.88  -131.76   173.25
D   A   52    -20.89   116.66    32.73    77.41  -172.36   -68.81  -174.12
D   G   53    -77.69  -163.75    57.73    83.74  -166.41  -101.10  -171.04
D   G   54    153.48  -122.01   177.57    86.46  -130.12   -80.40   164.63
D   U   55    -63.48  -174.22    45.71    81.94  -150.35   -66.03  -166.69
D   U   56    175.38  -155.13   154.08    80.22  -126.91   -45.84  -148.43
D   C   57    169.54   132.10    52.47    81.71  -117.27   -69.62   179.19
D   G   58    -64.08   163.35    62.33    82.62  -102.87  -133.69  -162.43
D   A   59    -22.13   122.06    75.69    96.86  -130.60  -114.89  -128.47
D   G   60    125.47  -169.81    76.60    85.31  -131.89   -69.20  -171.15
D   U   61    -30.46   168.73    45.14    91.81   169.14    23.25  -112.06
D   C   62   -155.64  -125.40    51.09   136.83  -162.53  -103.93  -151.80
D   C   63    -53.80  -177.02    33.14   111.84  -155.81   -86.23  -154.92
D   U   64    -56.75  -178.54    41.91    81.13  -153.20   -76.09  -155.77
D   A   65    -58.66   164.47    52.96    81.11  -143.13   -75.22  -161.01
D   C   66    -52.51   163.65    49.88    84.07  -148.56   -68.81  -175.15
D   A   67    -65.10  -171.30    46.08    85.52  -155.77   -83.21  -156.19
D   A   68    -60.94   167.06    62.29    87.39  -160.91   -57.83  -151.76
D   G   69    -95.93   179.39    76.77    84.94  -159.65   -53.09  -168.10
D   G   70    171.31   166.01   168.99    86.06  -130.78   -80.17  -170.61
D   U   71    -60.32   177.93    38.43    84.19  -166.66   -64.08  -150.84
D   C   72    146.92   176.25  -173.24    88.98  -142.84   -61.12  -163.01
D   C   73    -79.88   164.93    78.33    75.89  -135.91   -75.55  -166.16
D   A   74    -46.15   164.98    41.11    84.51  -159.21   -63.77  -159.35
D   C   75    -71.45  -174.28    55.68    87.01  -138.76   -52.25  -142.33
D   C   76    -64.99   168.26    70.21    78.13  -139.63   -56.45  -159.03
D   A   77    148.10  -153.12  -155.05    72.85 -9999.99 -9999.99   -68.19
