PDB data file name: tRNA_dataset/3a2k_chain_D.pdb_new
-----------------------------------------------------------
CRITERIA USED TO GENERATE BASE-PAIR: 
  3.40 --> upper H-bond length limits (ON..ON).
 26.00 --> max. distance between paired base origins.
  2.50 --> max. vertical distance between paired base origins.
 65.00 --> max. angle between paired bases [0-90].
  5.40 --> min. distance between RN9/YN1 atoms.
  8.00 --> max. distance criterion for helix break[0-12]
-----------------------------------------------------------
BASE-PAIR INSTRUCTIONS: 
Column 1 is rnaview assigned base numbers n1_n2, start from 1.
Column 2 & 3 are chain ID & residue number in input PDB file.
Column 4 is for base pair. The left & right are the bases as 
         identified by column 2 & 3 and 5 & 6.
Column 5 & 6 are residue number & chain ID in input PDB file.
Column 7 is for base pair annotation. The standard Watson-Crick
         (W.C.) pairs are annotated as -/- (AU,AT) or +/+ (GC).
         Other pairs are annotated as Leontis_Westhof Classification.
         The three edges: W(Watson-Crick); H(Hoogsteen); S(suger).
         e.g. W/H means the pair is edge of Watson-Crick & Hoogsteen.
Column 8 is glycosidic bond orientation (either cis or trans).
         e.g. 'W/H cis' means the pair is interaction on Watson-Crick
         and Hoogsteen side, glycosidic bond orientation is 'cis'.
Column 9 corresponds to Saenger Classification.

Other columns: 
        Syn sugar-base conformations are annotated as (syn).
        Stacked base pairs are annotated as (stack).
        Non-identified edges are annotated as (.) or (?)
        Tertiary interactions are marked by (!) in the line.
Reference:
Yang et al (2003) Nucleic Acids Research, Vol31,No13,p3450-3461.
-----------------------------------------------------------
BEGIN_base-pair
     3_71, D:     3 A-U    71 D: -/- cis         XX
    29_43, D:    29 A-U    43 D: -/- cis         XX
    52_64, D:    52 A-U    64 D: -/- cis         XX
     4_70, D:     4 C-G    70 D: +/+ cis         XIX
     5_69, D:     5 C-G    69 D: +/+ cis         XIX
    11_25, D:    11 C-G    25 D: +/+ cis         XIX
    13_23, D:    13 C-G    23 D: +/+ cis         XIX
    30_42, D:    30 C-G    42 D: +/+ cis         XIX
     1_73, D:     1 G-C    73 D: +/+ cis         XIX
     2_72, D:     2 G-C    72 D: +/+ cis         XIX
    10_26, D:    10 G-C    26 D: +/+ cis         XIX
    19_57, D:    19 G-C    57 D: +/+ cis         XIX
    28_44, D:    28 G-C    44 D: +/+ cis         XIX
    31_41, D:    31 G-C    41 D: +/+ cis         XIX
    32_40, D:    32 G-C    40 D: +/+ cis         XIX
    50_66, D:    50 G-C    66 D: +/+ cis         XIX
    53_63, D:    53 G-C    63 D: +/+ cis         XIX
    54_62, D:    54 G-C    62 D: +/+ cis         XIX
     6_68, D:     6 U-A    68 D: -/- cis         XX
     7_67, D:     7 U-A    67 D: -/- cis         XX
    12_24, D:    12 U-A    24 D: -/- cis         XX
    51_65, D:    51 U-A    65 D: -/- cis         XX
     8_13, D:     8 U-C    13 D: W/W tran        XVII
    55_59, D:    55 U-A    59 D: W/H tran        XXIV
    14_22, D:    14 A-A    22 D: W/S cis         n/a
    49_60, D:    49 C-G    60 D: W/S cis         n/a
    18_56, D:    18 G-U    56 D: W/S tran        n/a
    23_47, D:    23 G-G    47 D: H/W tran     syn  VII
END_base-pair

Summary of triplets and higher multiplets
BEGIN_multiplets
13_23_47_| [1 3]  D: 13 C  +  D: 23 G  +  D: 47 G
END_multiplets

  The total base pairs =  28 (from   77 bases)
------------------------------------------------
 Standard  WW--cis  WW-tran  HH--cis  HH-tran  SS--cis  SS-tran
       22        0        1        0        0        0        0
  WH--cis  WH-tran  WS--cis  WS-tran  HS--cis  HS-tran
        0        2        2        1        0        0
------------------------------------------------
