The backbone torsional angle for nucleic acid 

 
Note: alpha:   O3'(i-1)-P-O5'-C5'
      beta:    P-O5'-C5'-C4'
      gamma:   O5'-C5'-C4'-C3'
      delta:   C5'-C4'-C3'-O3'
      epsilon: C4'-C3'-O3'-P(i+1)
      zeta:    C3'-O3'-P(i+1)-O5'(i+1)

      chi for pyrimidines(Y): O4'-C1'-N1-C2
          chi for purines(R): O4'-C1'-N9-C4

    (The number -9999.99 means that the angle can not be calculated) 

Ch Res  Num    alpha    beta     gamma    delta  epsilon    zeta     chi
6   U    1  -9999.99  -126.03    53.85    84.37  -154.91   -68.64  -165.02
6   U    2    -71.68   173.10    57.83    80.75  -142.13   -78.27  -169.42
6   C    3    -59.69   169.35    49.23    78.57  -149.75   -70.04  -164.07
6   C    4    -65.43   169.60    58.95    78.18  -146.02   -74.46  -167.68
6   U    5    -62.13   168.19    60.55    79.24   179.39   -83.60  -168.99
6   C    6   -148.78  -140.07   110.43    82.20  -144.10   -85.42  -168.05
6   G    7    -42.90   163.71    66.38   146.55   -81.26   -56.56  -135.96
6   U    8    -70.06  -177.25    67.43    85.84   -92.86  -162.51  -149.43
6   G    9     29.68   171.25   -63.49   147.02   -91.89  -107.70   -83.38
6   G   10    170.07  -151.85    64.88    86.77  -149.29   -70.64   178.90
6   C   11    -73.25  -174.18    53.73    86.68  -153.12   -68.64  -164.69
6   C   12    -71.73  -175.09    46.53    81.73  -162.10   -84.73  -151.46
6   C   13    143.24  -148.95   177.29    83.08  -141.68   -74.44  -173.08
6   A   14    -63.54  -179.33    58.10    77.53  -155.01   -75.74  -172.25
6   A   15    -57.63   160.67    75.68   146.96  -126.14   -57.33  -144.93
6   U   16    126.59   102.96    81.65    82.03  -152.43   -60.87  -146.46
6   G   17   -164.95  -118.08   -66.64   149.98  -117.45  -115.92  -109.47
6   G   18    -91.82  -172.22    44.25   145.67   -79.95   106.49   -62.90
6   U   19   -113.40  -133.67   162.70   148.40  -109.29   -96.06  -123.09
6   C   20    -31.71  -177.42  -173.73    81.98  -113.69   139.78  -152.33
6   A   21      9.05   112.18   -22.09   149.53  -133.36   160.50  -109.52
6   C   22     30.40   147.00   -67.71    83.17  -168.27   -79.37  -139.31
6   G   23    160.80  -141.18   156.41    81.82  -132.73   -88.00  -176.19
6   G   24    -53.80   154.67    50.11    78.66  -147.12   -78.49  -170.54
6   C   25    -61.88   163.59    57.98    79.24  -132.54   -69.46  -169.83
6   G   26    -61.18   164.13    57.17    84.72  -122.72   -85.45   170.25
6   U   27    -49.85   161.56    44.58    80.21  -153.31   -70.00  -173.98
6   C   28    -62.82   178.78    48.66    81.22  -151.79   -71.20  -167.24
6   U   29    -61.55  -171.25    49.38    82.68  -165.17   -84.16  -154.69
6   G   30    165.70  -154.11   162.69    82.25  -135.26   -69.32  -177.60
6   G   31    -54.04   176.89    41.54    76.66  -154.77   -71.92  -162.34
6   C   32    -59.32   177.77    49.46    78.34  -146.87   -34.74  -172.94
6   U   33    -84.20  -159.67    39.68    77.33  -131.01   -76.58  -134.96
6   U   34    176.19   164.71    50.56    76.01  -123.84   -82.14   172.60
6   C   35    -48.58   164.23    45.46    80.65  -151.13   -71.60  -168.58
6   G   36    -53.05   172.90    46.26    75.65  -166.79   -63.36  -161.80
6   A   37    154.85  -164.73   168.49    79.39  -113.40   -75.40   172.98
6   A   38    -47.10   157.02    45.42    86.14  -137.83   -64.72  -167.90
6   C   39    -59.40   164.38    54.82    83.87  -147.75   -77.29  -156.71
6   C   40    -59.43   177.16    40.67    79.88  -141.36   -76.12  -158.48
6   A   41    -54.86   172.66    49.29    80.75  -164.88   -73.13  -156.44
6   G   42    151.81  -157.88   177.53    79.57  -147.79   -73.08  -176.55
6   A   43    -57.91   179.16    49.94    81.19  -150.26   -80.51  -165.68
6   A   44    -53.70   160.18    55.54    81.43  -135.67  -100.12  -166.54
6   G   45    -37.59   145.77    46.19    81.34  -115.74   -71.87  -165.59
6   A   46    -56.93  -123.29    15.41   147.15   -98.74   141.21   -50.48
6   U   47     24.88    86.42   122.07   148.18  -117.39    49.10  -129.56
6   U   48   -102.06  -113.33    66.89   148.16  -153.12    77.19  -120.93
6   C   49     49.71   160.95    34.12    82.39  -148.35   -69.21  -177.23
6   C   50    -72.28  -174.81    51.32    81.83  -154.76   -71.86  -163.61
6   A   51    -68.19  -173.27    50.50    81.28  -169.03   -77.11  -157.78
6   G   52    154.59  -147.31   172.02    81.99  -124.57   -87.10   172.67
6   G   53    -51.98   160.73    49.82    81.25  -152.14   -68.73  -176.33
6   U   54    -71.41  -168.28    45.39    82.99  -136.11   -81.23  -159.57
6   U   55    -53.78   158.92    50.62    82.73  -124.03   -45.21  -161.59
6   C   56   -159.41   128.15    33.26    82.13  -138.83   -74.87  -174.42
6   A   57    -54.96   165.18    49.81    80.41   -95.88  -167.81  -171.88
6   A   58    102.18   -79.42  -159.56   150.22   -85.42   -93.37  -140.60
6   G   59     82.32  -147.74    61.13    81.59   168.35    27.29   166.22
6   U   60    161.51   139.78   155.91   144.35   -85.57   -32.82  -154.66
6   C   61    -93.06  -157.97    29.70    80.18  -157.44   -72.89  -174.46
6   C   62    -75.52  -177.37    60.99    83.75  -159.39   -71.96  -169.98
6   U   63    -67.07  -177.18    51.73    83.06  -146.53   -77.07  -164.06
6   G   64    -56.71   163.37    49.19    79.60  -147.14   -74.95  -174.42
6   G   65    -62.87   176.66    49.48    81.60  -152.91   -72.04  -175.78
6   C   66    -65.85  -179.45    52.05    82.38  -150.26   -73.87  -166.69
6   G   67    -62.42   164.91    57.87    81.66  -146.13   -67.84  -171.88
6   G   68    -65.39  -177.16    44.18    79.53  -148.64   -81.28  -169.11
6   G   69    -51.63   160.85    51.01    80.93  -147.02   -84.85  -172.16
6   G   70    -50.34   162.95    47.93    81.28  -149.93   -80.37  -173.33
6   A   71    -62.01   171.11    54.16    85.01  -152.92   -72.90  -168.33
6   A   72    -60.19   178.88    42.99    83.31  -164.09   -88.55  -151.92
6   G   73    178.30  -133.55   142.02    78.07  -108.95   119.92  -151.84
6   C   74    -99.15   150.85    51.76    87.17  -153.11   -71.86  -158.19
6   C   75    -72.89  -162.40    37.42    86.80  -105.71   -60.87  -121.53
6   A   76    -97.23    75.65   165.56   143.24 -9999.99 -9999.99  -113.85
