PDB data file name: ./Datasets/pdb_select_tRNA/2dxi_D.pdb_new
-----------------------------------------------------------
CRITERIA USED TO GENERATE BASE-PAIR: 
  3.40 --> upper H-bond length limits (ON..ON).
 26.00 --> max. distance between paired base origins.
  2.50 --> max. vertical distance between paired base origins.
 65.00 --> max. angle between paired bases [0-90].
  5.40 --> min. distance between RN9/YN1 atoms.
  8.00 --> max. distance criterion for helix break[0-12]
-----------------------------------------------------------
BASE-PAIR INSTRUCTIONS: 
Column 1 is rnaview assigned base numbers n1_n2, start from 1.
Column 2 & 3 are chain ID & residue number in input PDB file.
Column 4 is for base pair. The left & right are the bases as 
         identified by column 2 & 3 and 5 & 6.
Column 5 & 6 are residue number & chain ID in input PDB file.
Column 7 is for base pair annotation. The standard Watson-Crick
         (W.C.) pairs are annotated as -/- (AU,AT) or +/+ (GC).
         Other pairs are annotated as Leontis_Westhof Classification.
         The three edges: W(Watson-Crick); H(Hoogsteen); S(suger).
         e.g. W/H means the pair is edge of Watson-Crick & Hoogsteen.
Column 8 is glycosidic bond orientation (either cis or trans).
         e.g. 'W/H cis' means the pair is interaction on Watson-Crick
         and Hoogsteen side, glycosidic bond orientation is 'cis'.
Column 9 corresponds to Saenger Classification.

Other columns: 
        Syn sugar-base conformations are annotated as (syn).
        Stacked base pairs are annotated as (stack).
        Non-identified edges are annotated as (.) or (?)
        Tertiary interactions are marked by (!) in the line.
Reference:
Yang et al (2003) Nucleic Acids Research, Vol31,No13,p3450-3461.
-----------------------------------------------------------
BEGIN_base-pair
     7_65, D:   507 A-U   566 D: -/- cis         XX
     3_69, D:   503 C-G   570 D: +/+ cis         XIX
     4_68, D:   504 C-G   569 D: +/+ cis         XIX
     5_67, D:   505 C-G   568 D: +/+ cis         XIX
     6_66, D:   506 C-G   567 D: +/+ cis         XIX
    12_23, D:   512 C-G   523 D: +/+ cis         XIX
    27_43, D:   527 C-G   543 D: +/+ cis         XIX
    30_40, D:   530 C-G   540 D: +/+ cis         XIX
    31_39, D:   531 C-G   539 D: +/+ cis         XIX
     1_71, D:   501 G-C   572 D: +/+ cis         XIX
    10_25, D:   510 G-C   525 D: +/+ cis         XIX
    28_42, D:   528 G-C   542 D: +/+ cis         XIX
    29_41, D:   529 G-C   541 D: +/+ cis         XIX
    48_64, D:   549 G-C   565 D: +/+ cis         XIX
    49_63, D:   550 G-C   564 D: +/+ cis         XIX
    50_62, D:   551 G-C   563 D: +/+ cis         XIX
    51_61, D:   552 G-C   562 D: +/+ cis         XIX
    52_60, D:   553 G-C   561 D: +/+ cis         XIX
    11_24, D:   511 U-A   524 D: -/- cis         XX
    32_38, D:   532 C-A   538 D: W/W cis         n/a
    26_44, D:   526 G-A   544 D: W/W cis         VIII
    18_55, D:   519 G-C   556 D: W/W cis    syn    n/a
     2_70, D:   502 G-U   571 D: W/W cis         XXVIII
    13_22, D:   513 U-G   522 D: W/W cis         XXVIII
    15_47, D:   515 G-C   548 D: W/W tran        XXII
     8_14, D:   508 U-A   514 D: W/H tran        XXIV
    53_57, D:   554 U-A   558 D: W/H tran        XXIV
    14_21, D:   514 A-A   521 D: W/S cis         n/a
    17_54, D:   518 G-U   555 D: W/S tran        n/a
    22_46, D:   522 G-A   546 D: H/W tran        n/a
     9_23, D:   509 C-G   523 D: H/H tran        n/a
END_base-pair

Summary of triplets and higher multiplets
BEGIN_multiplets
8_14_21_| [1 3]  D: 508 U  +  D: 514 A  +  D: 521 A
9_12_23_| [2 3]  D: 509 C  +  D: 512 C  +  D: 523 G
13_22_46_| [3 3]  D: 513 U  +  D: 522 G  +  D: 546 A
END_multiplets

  The total base pairs =  31 (from   75 bases)
------------------------------------------------
 Standard  WW--cis  WW-tran  HH--cis  HH-tran  SS--cis  SS-tran
       19        5        1        0        1        0        0
  WH--cis  WH-tran  WS--cis  WS-tran  HS--cis  HS-tran
        0        3        1        1        0        0
------------------------------------------------
