The backbone torsional angle for nucleic acid 

 
Note: alpha:   O3'(i-1)-P-O5'-C5'
      beta:    P-O5'-C5'-C4'
      gamma:   O5'-C5'-C4'-C3'
      delta:   C5'-C4'-C3'-O3'
      epsilon: C4'-C3'-O3'-P(i+1)
      zeta:    C3'-O3'-P(i+1)-O5'(i+1)

      chi for pyrimidines(Y): O4'-C1'-N1-C2
          chi for purines(R): O4'-C1'-N9-C4

    (The number -9999.99 means that the angle can not be calculated) 

Ch Res  Num    alpha    beta     gamma    delta  epsilon    zeta     chi
D   G  501  -9999.99   175.37    47.25    85.59  -145.63   -76.84  -171.67
D   G  502    -69.29   179.12    49.36    84.54  -139.53   -73.65  -165.41
D   C  503    -62.02   165.51    51.04    81.92  -148.22   -72.63  -158.39
D   C  504    -63.33   171.50    50.88    79.97  -154.22   -76.74  -163.14
D   C  505    -56.08   172.05    49.50    80.13  -154.89   -70.01  -157.42
D   C  506    -60.10   169.93    56.13    84.21  -167.33   -67.08  -163.37
D   A  507    -57.53  -161.43    47.57   108.85    56.26   138.63  -121.49
D   U  508    -58.69   173.35    33.18    83.27  -132.73   -80.95  -151.85
D   C  509   -160.84   121.52   176.21   130.47   -80.92   -58.41  -111.17
D   G  510   -178.66   174.78    56.78    88.37  -145.57   -72.39  -179.77
D   U  511    -62.34   179.44    43.66    80.87  -155.09   -68.84  -171.88
D   C  512    -67.05  -170.74    47.20    81.50  -157.76   -57.92  -153.17
D   U  513    152.64  -168.31  -175.24    85.30  -153.67   -75.76  -174.39
D   A  514    -58.06  -172.80    44.49    81.77  -146.14   -57.22  -164.65
D   G  515    -52.94   166.86    62.20   128.22  -136.73   -60.15  -122.15
D   C  516    171.76  -161.41  -178.70   108.97  -127.07   113.46  -142.55
D   G  518     78.00  -154.98   -61.01   103.20    76.57    59.14  -108.86
D   G  519   -125.78  -136.67    53.25   113.48    89.36   121.27   -64.93
D   U  520    -42.04   136.74    29.34    85.95  -125.81   -82.15  -111.39
D   U  520    150.36  -178.73    56.61    87.66  -128.84   -73.52  -151.51
D   A  521    102.18   135.62    68.63    81.07  -135.14  -158.91  -164.82
D   G  522    -62.98   141.03    44.70    78.52  -149.17   -77.52  -171.23
D   G  523    -54.26   170.98    52.73    79.46  -150.94   -71.50  -170.05
D   A  524    -66.68   177.11    50.07    82.08  -152.21   -76.88  -167.78
D   C  525    -58.00   176.60    50.01    86.04  -144.80   -62.52  -166.10
D   G  526    -66.06   172.42    48.63    83.89  -147.04   -67.55  -165.52
D   C  527    -61.93   176.08    47.18    79.35  -146.72   -73.72  -157.35
D   G  528    -66.89   178.21    47.83    80.27  -152.32   -76.25  -164.91
D   G  529    -57.26   169.72    52.04    79.75  -156.04   -66.85  -170.02
D   C  530    -71.50   178.38    57.09    84.01  -155.48   -71.47  -163.29
D   C  531    -63.93   173.56    55.18    83.89  -137.51   -74.03  -163.11
D   C  532    -55.12   159.88    50.64    85.45  -118.20   -72.55  -161.30
D   U  533    -65.86   159.27    54.78    85.89  -161.71   -84.88  -144.07
D   C  534    163.03   164.10    46.35    84.28  -149.19   -97.46  -166.31
D   U  535    -58.99   170.25    54.80    85.28  -136.86   -78.18  -166.17
D   C  536    -49.65   160.71    45.42    82.25  -160.43   -74.19  -152.88
D   A  537    137.56  -156.54  -174.74    86.47  -139.64   -61.77  -174.36
D   A  538    -62.66   168.14    52.78    85.24  -139.19   -61.82  -167.91
D   G  539    -66.64   170.53    49.87    79.57  -150.93   -75.18  -165.51
D   G  540    -54.60   172.01    45.61    78.77  -149.56   -67.60  -165.22
D   C  541    -63.81   172.24    52.32    81.45  -151.11   -72.15  -162.82
D   C  542    -66.92   167.24    59.89    80.12  -153.50   -73.17  -166.29
D   G  543    -54.84   172.62    50.98    80.19  -156.33   -79.43  -161.35
D   A  544    -65.67   173.10    52.59    81.00  -135.54   -65.28  -157.16
D   A  545    -57.19   172.25    45.81    80.54  -127.79  -110.68  -148.73
D   A  546    -49.31   176.28    52.85    85.28  -142.04   -70.53  -130.41
D   C  548    -87.98   107.24   173.18   133.54  -147.39    63.00  -125.81
D   G  549     46.44   150.49    43.50    85.43  -145.16   -75.03   174.28
D   G  550    -63.39  -176.71    51.82    82.91  -161.97   -60.75  -168.80
D   G  551    -70.40  -171.94    49.75    81.01  -172.60   -80.51  -162.84
D   G  552    161.75  -151.04   166.20    85.37  -101.03   -44.99   178.33
D   G  553   -101.93    81.53   159.29    88.05  -126.72   -61.81   167.53
D   U  554    -61.62  -174.77    33.07    80.65  -121.64   -75.49  -161.53
D   U  555    -51.11   151.15    57.22    80.71  -139.78   -60.20  -153.16
D   C  556    163.85   154.66    52.88    85.31  -135.24   -64.28  -165.55
D   G  557    -72.99   176.56    51.55    84.44  -127.32  -160.58  -146.76
D   A  558    126.53  -104.84  -160.72    99.96    88.20    88.56  -129.47
D   U  559     79.15   177.30    45.83    88.76  -162.82   -58.82  -166.51
D   U  560    162.27  -172.87   176.13   131.14   -82.46   -61.29  -152.24
D   C  561    -91.38  -166.66    44.53    82.71  -151.31   -78.68  -173.71
D   C  562    -68.96  -177.67    49.32    83.99  -164.23   -68.03  -163.31
D   C  563    -70.35  -170.24    47.75    85.48  -153.94   -78.48  -160.29
D   C  564    -57.69   161.92    52.21    82.25  -158.27   -62.36  -166.69
D   C  565    -65.01  -177.19    54.51    81.46  -153.32   -64.76  -162.93
D   U  566    -67.98   178.69    49.62    83.17  -153.89   -66.34  -160.00
D   G  567    -62.39   176.33    48.48    79.98  -150.84   -72.63  -167.94
D   G  568    -58.28   172.03    48.68    80.05  -157.00   -69.87  -168.36
D   G  569    -54.10   173.31    48.17    82.30  -160.65   -70.82  -167.26
D   G  570    -59.23   174.14    52.79    83.73  -155.08   -66.64  -165.56
D   U  571    -63.72   172.45    54.19    86.46  -169.49   -88.54  -157.53
D   C  572    168.46  -148.89   158.62    88.99  -134.82   111.37  -156.03
D   A  573   -116.01  -139.83   -73.45   115.23    70.83    83.45  -122.41
D   C  574    155.69   173.77   -73.58   130.90  -179.91   117.71  -120.07
D   C  575     60.05   112.09  -166.06    85.71  -161.73   -77.97  -148.71
D   A  576    154.27  -138.76   158.14    81.18 -9999.99 -9999.99  -159.82
