The backbone torsional angle for nucleic acid 

 
Note: alpha:   O3'(i-1)-P-O5'-C5'
      beta:    P-O5'-C5'-C4'
      gamma:   O5'-C5'-C4'-C3'
      delta:   C5'-C4'-C3'-O3'
      epsilon: C4'-C3'-O3'-P(i+1)
      zeta:    C3'-O3'-P(i+1)-O5'(i+1)

      chi for pyrimidines(Y): O4'-C1'-N1-C2
          chi for purines(R): O4'-C1'-N9-C4

    (The number -9999.99 means that the angle can not be calculated) 

Ch Res  Num    alpha    beta     gamma    delta  epsilon    zeta     chi
6   U    1  -9999.99  -116.76    56.90    81.45  -154.71   -65.71  -169.13
6   U    2    -69.41  -176.06    56.35    82.10  -153.96   -61.66  -165.11
6   C    3    -70.36  -177.94    52.54    82.28  -163.87   -51.32  -159.99
6   C    4    -86.38  -174.42    59.89    75.12  -162.20   -59.77  -157.96
6   U    5    -75.14   174.53    64.30    75.60  -155.56   -72.02  -162.57
6   C    6    -64.45   172.65    59.44    77.91  -151.38   -79.16  -164.23
6   G    7    -55.95   169.54    69.50   150.67   -85.06   -62.91  -130.71
6   U    8    -60.47  -175.90    60.60    82.58  -115.14  -151.59  -152.48
6   G    9     45.33   164.66   -49.94   151.01   -98.26   -90.49   -72.63
6   G   10    176.21  -173.07    58.31    83.54  -141.91   -73.08   177.13
6   C   11    -70.04  -172.39    50.82    81.70  -154.29   -66.74  -163.93
6   C   12    -70.93  -175.53    50.19    79.60  -157.66   -47.35  -160.68
6   C   13    -80.79  -178.47    70.06    75.66  -171.10   -67.53  -163.43
6   A   14    -79.51  -177.20    65.09    76.11  -158.32   -61.81  -168.43
6   A   15    -72.57   173.17    88.41   143.92  -114.52   -69.89  -140.32
6   U   16     83.82   142.26    77.25   144.39  -154.97   -70.76  -115.45
6   G   17   -173.72  -114.40   -63.85   143.88  -138.59   -78.55  -122.39
6   G   18    -81.73  -150.14    22.55   149.26   -71.54    99.37   -58.45
6   U   19   -150.55  -131.67   165.04   147.63  -118.25   -41.54  -129.62
6   C   20    -66.30  -135.25   173.16    81.37  -112.63   150.30  -157.12
6   A   21    -58.06   152.66    -0.91    80.17  -178.82  -109.21  -165.73
6   C   22    -49.49  -173.79    58.33    81.49  -165.99   -58.29  -161.46
6   G   23    117.70  -178.83  -157.61    82.58  -137.74  -114.35  -174.57
6   G   24     18.59   125.91     8.41    78.14  -152.31   -67.35  -165.10
6   C   25    -61.77   173.03    57.73    77.91  -150.05   -54.14  -170.53
6   G   26    -72.69   177.65    62.97    80.03  -141.49   -60.60  -175.92
6   U   27    -63.32  -177.82    49.66    77.02  -151.20   -64.72  -172.37
6   C   28    -63.88  -174.85    45.92    78.74  -151.64   -64.89  -164.12
6   U   29    -62.12  -176.01    46.29    73.29  -147.97   -71.55  -161.02
6   G   30    -55.68   170.20    51.46    76.41  -150.07   -66.53  -169.62
6   G   31    -60.72   173.15    59.97    78.83  -143.05   -67.16  -172.47
6   C   32    -99.01   170.52    90.74    82.72  -120.06   -52.97   178.66
6   U   33    -61.64   175.92    40.73    76.89  -106.15   -95.53  -152.42
6   I   34     98.04  -161.17   100.33    78.66  -121.87   -65.77   173.45
6   C   35    -64.96  -177.01    42.56    76.53  -155.55   -66.72  -156.22
6   G   36    -65.58   179.45    53.54    78.31  -165.85   -64.18  -162.91
6   A   37    163.10  -163.18   173.30    77.98  -116.29   -66.19   174.79
6   A   38    -54.01   165.58    44.29    79.85  -140.17   -58.98  -172.41
6   C   39    -64.11   178.10    55.20    79.31  -152.41   -69.64  -168.48
6   C   40    -59.80   176.36    60.57    84.95  -133.42   -85.52  -165.39
6   A   41     82.67  -150.88  -120.56    94.68  -137.72   -61.78  -164.77
6   G   42     97.45  -159.37  -132.68    79.80  -162.45   -87.38  -166.96
6   A   43    163.87  -148.47   167.14    83.74  -122.69   -90.58  -170.63
6   A   44    -48.92   149.01    52.43    79.00  -145.43   -76.78  -157.33
6   G   45    -51.54   164.58    49.43    82.08  -131.09   -69.47  -149.08
6   A   46    -51.04  -134.19    42.41   147.22   -80.44  -129.16   -67.77
6   U   47    -51.68   113.50   147.80   152.56   -72.44   -20.64  -148.00
6   U   48    -86.00  -152.94   163.94   147.82  -158.90    95.22  -151.53
6   C   49     48.32   169.39    46.32    81.44  -142.14   -79.17  -168.28
6   C   50    -57.12   171.79    49.89    79.84  -151.46   -64.01  -165.99
6   A   51    -66.97  -167.90    48.73    79.99  -167.48   -63.80  -157.12
6   G   52    155.30  -170.66   174.39    81.33  -138.40   -70.41  -178.32
6   G   53    -65.25   170.09    63.82    78.25  -160.73   -61.73  -174.29
6   U   54    -75.37  -160.45    51.78    82.35  -132.81   -69.83  -159.80
6   U   55    -54.11   165.69    49.87    80.77  -146.65   -48.62  -154.49
6   C   56    175.43   148.83    47.00    83.97  -131.63   -74.59  -176.56
6   A   57    -66.74   163.57    56.54    78.79  -105.65  -165.38  -169.16
6   A   58    105.77   -77.31  -159.07   150.36   -89.18  -102.47  -143.12
6   G   59     71.40  -147.32    85.37    84.52  -167.65   -31.69  -174.25
6   U   60    -96.53  -173.22    73.61   146.71  -120.54   -50.42  -133.26
6   C   61    -85.97  -175.21    26.00    78.86  -146.88   -75.36  -173.38
6   C   62    -77.49  -169.95    52.06    82.22  -164.73   -71.78  -166.82
6   U   63    -76.21  -168.49    53.02    79.12  -150.34   -69.04  -160.01
6   G   64    -63.08   176.65    52.93    77.90  -141.26   -76.93  -174.88
6   G   65    -72.34   161.26    71.67    79.42  -148.58   -66.73  -179.09
6   C   66    -63.23  -176.69    45.23    80.15  -115.30   -99.71  -165.28
6   G   67    -50.55   138.17    59.20    78.33  -145.01   -76.28  -174.38
6   G   68    -53.90  -176.36    35.64    77.22  -152.66   -70.48  -163.06
6   G   69    -60.09   170.10    56.35    76.36  -152.42   -72.98  -167.83
6   G   70    -58.75   172.55    56.30    80.42  -150.24   -69.00  -168.09
6   A   71    -66.00  -177.40    49.48    81.71  -157.06   -57.15  -157.96
6   A   72    -72.63   177.71    67.73    84.16  -131.45   -92.73  -150.09
6   G   73     96.48  -142.94  -149.75    88.03  -111.58   131.84  -151.39
6   C   74    -93.82   151.71    51.23    82.43  -154.08   -66.49  -162.61
6   C   75    -69.69  -156.00    40.24    87.77   -92.28   -49.65  -123.41
6   A   76    -84.12    64.78  -174.85   140.48 -9999.99 -9999.99  -117.53
