The backbone torsional angle for nucleic acid 

 
Note: alpha:   O3'(i-1)-P-O5'-C5'
      beta:    P-O5'-C5'-C4'
      gamma:   O5'-C5'-C4'-C3'
      delta:   C5'-C4'-C3'-O3'
      epsilon: C4'-C3'-O3'-P(i+1)
      zeta:    C3'-O3'-P(i+1)-O5'(i+1)

      chi for pyrimidines(Y): O4'-C1'-N1-C2
          chi for purines(R): O4'-C1'-N9-C4

    (The number -9999.99 means that the angle can not be calculated) 

Ch Res  Num    alpha    beta     gamma    delta  epsilon    zeta     chi
C   G  901  -9999.99   157.83   -55.61    88.69  -142.27   -61.41   174.94
C   C  902    -78.07  -162.93    34.35    73.27  -142.76   -77.42  -144.23
C   G  903    -40.33   146.15    60.25    77.52  -146.77   -79.28  -161.02
C   G  904    -70.34  -178.07    53.73    82.11  -160.43   -56.63  -171.40
C   G  905    -76.99  -164.68    52.31    82.32   171.25   -79.53  -141.51
C   G  906    151.19  -134.62  -177.11    86.58  -136.87  -135.45   163.20
C   G  907    140.71   -91.62   177.41    93.50  -141.58    42.38   172.57
C   U  908   -138.85  -132.63    67.99    85.56  -129.82  -124.85  -158.01
C   U  909    -78.39   146.27    66.93    98.01   -85.42   -98.49  -162.85
C   G  910   -172.56  -145.11    38.23    78.34  -155.21   -80.29  -163.04
C   C  911    -59.72   174.43    51.40    88.13  -156.74   -66.65  -149.44
C   C  912    -78.12   172.71    58.27    83.60  -141.49   -60.82  -179.27
C   G  913    -75.58   168.15    70.41    84.51  -163.82   -61.90  -162.14
C   A  914   -156.47   142.12   162.94    83.93  -122.04   -66.96  -178.84
C   G  915    -45.89   151.44    54.02    83.32  -163.57    49.06  -147.13
C   C  916   -162.29    67.71  -168.96    79.98  -146.00    26.25  -125.14
C   C  917   -165.93  -131.06    78.33    82.71  -171.87    61.25  -148.12
C   U  918    147.05   136.98    54.09    94.45   -78.53   172.97   160.99
C   G  919     62.70    75.56   153.67    94.92   175.61    85.54  -168.69
C   G  920   -163.48    65.21   168.82    86.41  -157.43    70.07  -167.56
C   U  921   -164.14   172.33    50.62    74.97  -163.51   109.30  -146.53
C   C  922     64.96  -176.48    61.01   106.93   -23.47    56.71  -136.12
C   A  923     60.19  -176.58   -62.10    94.06    63.12   -41.09  -113.57
C   A  924    143.55   161.36   172.06    88.81  -121.02  -168.05  -173.41
C   A  925    -62.63   173.69    56.70    77.60  -136.63   -51.07  -153.85
C   G  926    -69.06  -171.32    49.66    81.22  -152.31   -74.55  -158.42
C   G  927    -47.47   165.09    50.86    81.81  -148.73   -70.60  -161.67
C   C  928    -62.22   165.82    54.48    81.64  -144.99   -74.61  -160.13
C   G  929    -67.28   167.21    47.54    81.82  -135.22   -82.12  -175.62
C   G  930    -51.34   164.50    50.00    81.54  -133.14   -83.91  -177.08
C   G  931    -53.09   163.49    52.62    78.28  -160.38   -71.88  -170.91
C   G  932    -72.66  -173.08    45.44    79.48  -155.62   -70.73  -158.06
C   G  933    -61.91   170.50    60.86    80.17  -157.06   -78.95  -166.43
C   A  934    -65.41  -177.46    55.71    83.90  -146.83   -42.19  -144.45
C   C  935    149.92  -131.00   173.89    80.89  -113.68   -56.77   174.48
C   U  936    154.73  -109.63   169.22    86.60  -170.27   162.43  -150.84
C   C  937    120.55  -176.38    58.41    85.30  -148.33   -62.97  -156.30
C   A  938    -59.62   167.91    58.09    88.21  -136.99   -46.05  -166.98
C   A  939   -137.34    72.46   170.63    85.73  -128.89   -55.41   168.07
C   G  940    149.93  -154.54   177.36    85.06  -141.03   -55.04   173.00
C   A  941    -77.50   175.08    54.12    78.37  -154.10   -78.00  -168.79
C   U  942    -67.55   173.21    55.70    81.94  -145.80   -72.64  -165.23
C   C  943    -64.85   168.04    58.70    74.86  -151.79   -73.44  -157.15
C   C  944    -55.15   171.46    47.26    74.48  -144.84   -71.96  -159.09
C   C  945    -64.43   178.33    51.44    79.70  -154.14   -76.86  -159.08
C   C  946    -61.05  -175.46    46.98    80.34  -154.16   -63.94  -159.03
C   U  947    -60.76  -174.44    51.01    78.16  -148.04  -157.26  -158.23
C   C  948     70.38  -174.47    60.43    85.12  -150.91   -70.46   178.61
C   C  949    -73.08  -175.26    50.54    77.99  -146.00   -68.23  -166.40
C   C  950    -66.31   172.99    58.74    79.15  -147.49   -67.70  -169.19
C   G  951    -58.74   177.38    51.69    81.63  -125.00   -84.51  -158.84
C   U  952    -29.61  -139.10   157.23    89.04  -140.87   172.58  -128.74
C   A  953    179.35  -135.11   155.58    96.58   -80.48   150.82  -168.99
C   G  954    -88.00   146.67    48.84    88.31  -161.75    99.58   169.25
C   G  955    -92.26   149.79    57.24    80.12  -152.54   -71.26  -159.53
C   G  956    -57.80   173.95    50.43    79.54  -151.78   -74.08  -166.85
C   G  957    -51.64   178.39    41.91    78.34  -164.76   -57.42  -159.27
C   U  958    -70.91  -162.81    43.24    81.51  -176.27   -57.73  -126.41
C   U  959    165.92  -171.12  -177.00    80.24  -130.32   -89.79   170.11
C   C  960    -78.82  -159.40    55.38    90.90    59.18  -118.35  -163.03
C   C  961     97.49   166.63    56.99    86.91  -154.81   -64.59  -166.36
C   G  962    -72.92  -163.91    45.60    80.01  -154.98   -57.30  -145.97
C   G  963    -70.37  -174.24    48.76    79.05  -170.74   -75.91  -147.72
C   G  964    150.72  -162.30   171.57    81.81  -154.99   -61.90  -178.29
C   G  965    -63.02  -162.14    47.23    81.47  -138.70   -75.84  -171.04
C   U  966    -46.25   162.28    55.70    77.96  -137.06   -77.90  -162.62
C   U  967    151.04  -159.48   167.73    78.70  -107.93  -114.88  -157.25
C   C  968    150.00  -143.17    56.50    84.17  -144.04   -68.13  -149.84
C   G  969    -65.86   175.13    54.38    85.74  -154.22   -65.31  -155.75
C   A  970    -63.17  -136.65    63.92    87.39    53.88    78.67   -92.83
C   A  971     65.30   175.43    55.28    85.52  -164.32   -59.66   168.52
C   U  972    176.59  -113.21   137.95   100.39   -73.37   -74.68  -162.50
C   C  973    -85.74   173.98    52.51    80.94  -143.73   -83.76   178.82
C   C  974    -64.56  -179.90    50.79    82.41  -159.40   -67.57  -167.35
C   C  975    -70.43  -176.65    55.48    83.95  -153.83   -73.94  -154.56
C   C  976    -67.72   175.57    48.19    78.46  -160.87   -59.75  -150.02
C   G  977    -62.63  -174.05    46.94    77.55  -152.80   -73.56  -162.63
C   C  978    -53.51   170.76    48.08    78.29  -152.68   -62.42  -155.38
C   C  979    -62.42   173.24    53.34    78.11  -147.80   -84.70  -155.17
C   C  980    -53.80   164.09    56.35    79.21  -143.75   -85.39  -167.79
C   C  981    -70.33   168.64    56.67    80.35  -155.95   -71.19  -175.68
C   C  982    -69.16  -176.71    61.72    87.51  -133.58  -138.35  -148.67
C   G  983    120.96  -118.48   172.48    87.45  -103.52   -80.33   170.01
C   C  984    -75.08   169.92    60.10    82.34  -148.51   144.68  -160.60
C   A  985    -60.88   115.02    53.60    81.94  -107.61  -178.21  -146.27
C   C  986    -49.63   116.33    45.72    91.59   -56.69    74.90  -129.06
C   C  987     37.69   177.56   172.31    78.27  -120.76  -139.90  -117.66
C   A  988    128.80  -129.07   167.43    75.63 -9999.99 -9999.99   -97.67
D   G  901  -9999.99   147.72    62.03    86.08  -159.70   -67.39  -177.36
D   C  902    -82.19  -157.04    47.38    80.99  -129.76   -67.78  -156.98
D   G  903     56.58  -139.34   -81.10    88.36  -148.88   -67.44  -163.30
D   G  904    -59.77   163.87    53.29    79.60  -130.21   -79.50  -166.74
D   G  905     47.52  -165.16   -76.13    91.15  -167.57   -71.34  -157.17
D   G  906    159.23  -146.29   169.90    84.58  -164.75   -81.85  -173.48
D   G  907   -177.36  -133.67   154.21    99.21   -58.36   -57.61  -175.49
D   U  908    -56.93  -151.78    68.22    89.08  -135.17  -128.79  -151.79
D   U  909   -104.84   178.39    65.39    94.42   -69.02  -137.63  -124.49
D   G  910   -166.96  -125.16    53.05    79.37  -159.20   -65.37  -168.12
D   C  911    -67.84  -176.35    49.49    80.92  -157.57   -63.52  -164.26
D   C  912    -73.74  -170.91    52.78    80.55  -160.11   -71.62  -167.82
D   G  913    157.65  -143.54   168.96    82.31  -143.91   -91.24  -178.99
D   A  914    -48.54   172.68    47.78    78.98  -137.39   -61.85  -151.89
D   G  915    -57.09   161.00    60.70    83.32  -116.39   -74.48  -144.89
D   C  916    -56.33   159.47    62.46   101.71  -117.85   -55.59  -130.17
D   C  917   -111.59  -137.07    66.75    90.03  -169.01    57.09  -131.68
D   U  918    169.18   134.78    53.88    88.42   -92.39   -94.53  -144.14
D   G  919    -91.57  -121.14   174.70    85.73  -118.42  -121.18  -176.04
D   G  920    165.46  -111.88  -177.52    96.35  -115.23   -30.91  -133.95
D   U  921   -128.28  -160.07    55.22    84.91  -151.06    84.51  -151.64
D   C  922     76.41   162.88    64.08   100.49   -19.92    56.87  -154.29
D   A  923     61.88  -179.86   -57.52    93.86    60.62   -47.83  -102.95
D   A  924    140.03   164.37   178.00    84.04  -112.97  -178.04   164.50
D   A  925    -59.46   176.18    51.18    80.59  -140.07   -53.21  -159.78
D   G  926    -70.50   166.69    56.28    79.45  -143.34   -82.60  -169.05
D   G  927    -65.09   175.11    58.59    81.01  -150.44   -75.12  -172.38
D   C  928    -56.34   167.56    59.09    83.08  -146.85   -58.81  -177.38
D   G  929    -75.08   178.06    49.19    79.28  -142.80   -69.30  -168.01
D   G  930    -61.05   172.33    51.91    75.79  -141.67   -80.57  -177.12
D   G  931    -55.90   160.23    65.35    79.95  -141.35   -73.26  -174.03
D   G  932    -72.48   171.71    62.99    75.11  -157.39   -71.66  -168.86
D   G  933    -66.99  -179.25    56.04    80.54  -159.86   -68.83  -165.65
D   A  934    -58.03  -176.53    51.81    79.17  -146.57   -46.26  -160.00
D   C  935    150.89  -109.90  -175.48    80.72  -116.35    -0.28  -172.03
D   U  936     92.58  -148.66   -70.05    84.85  -136.43   -66.99  -162.41
D   C  937    -44.17  -131.14    63.61    84.21  -134.00   -48.90   167.89
D   A  938    174.59  -162.80   154.71    86.94  -143.54   -31.32   176.34
D   A  939   -172.57    92.65  -172.93    82.34  -137.49   -72.00  -167.97
D   G  940    135.41  -127.79   167.13    82.18  -121.78   -74.90   175.13
D   A  941    -62.31   162.18    57.13    79.94  -151.25   -76.12  -169.44
D   U  942    -62.80   172.28    54.31    85.36  -157.28   -64.21  -154.29
D   C  943    -65.99   173.29    51.85    80.88  -162.61   -71.79  -155.45
D   C  944    -68.15   176.38    51.62    82.45  -149.34   -77.81  -162.98
D   C  945    -64.94   165.27    62.48    82.36  -161.77   -67.49  -176.27
D   C  946    -73.63  -170.54    51.91    78.99  -144.11   -70.62  -155.56
D   U  947    -60.27  -178.45    47.06    80.74  -155.27  -157.03  -147.78
D   C  948     62.44  -166.53    73.33    86.49  -140.00   -78.10  -170.28
D   C  949    -57.29   160.00    52.69    76.66  -148.83   -77.86  -164.24
D   C  950    -46.42   165.82    49.92    81.54  -165.68   -51.93  -173.20
D   G  951    153.26   173.04   178.70    86.64  -110.76   -83.01  -169.20
D   U  952    -25.33  -135.08   142.81    77.75  -136.49  -163.97  -125.33
D   A  953    -51.76   160.22    56.37    87.64  -145.43  -173.42  -159.34
D   G  954    -49.11   134.89    58.42    88.46  -140.97    87.94   174.78
D   G  955   -104.10   159.39    62.72    88.24  -156.19   -67.25  -165.82
D   G  956    -75.32  -176.81    55.54    80.49  -157.69   -69.23  -163.31
D   G  957    -63.65   177.64    51.16    76.15  -157.15   -65.48  -160.97
D   U  958    -57.04   178.30    52.26    81.00  -172.37   -47.95  -149.01
D   U  959    178.66   155.68   172.18    82.92  -141.02   -76.85   172.69
D   C  960    -81.96  -154.70    56.46    80.44    82.64  -115.08  -162.23
D   C  961     85.39   170.72    50.62    82.20  -147.17   -69.05   162.90
D   G  962    -82.00  -158.02    51.94    85.87  -156.49   -59.45  -163.35
D   G  963    -66.74  -177.27    54.14    83.73  -158.53   -87.00  -164.78
D   G  964    149.85  -145.04   171.88    80.16  -138.77   -81.51  -176.02
D   G  965    -65.21   164.37    56.57    80.46  -158.45   -71.04  -168.76
D   U  966    -67.65  -174.99    55.38    82.85  -145.64   -58.27  -159.36
D   U  967    -68.10  -175.65    50.85    84.76  -145.39   -59.54  -130.04
D   C  968    164.58   157.95    52.97    85.65  -129.33   -66.13  -168.46
D   G  969    -71.16   170.32    53.77    82.49  -154.72   -66.26  -163.25
D   A  970    -58.61  -137.40    52.83    83.30    58.67    75.32  -103.18
D   A  971     85.72   168.52    49.63    85.43  -140.40   -42.33  -177.11
D   U  972    -86.23  -176.43    69.11   110.78   -73.89   -89.08  -148.30
D   C  973    -66.01   176.34    45.09    79.04  -143.73   -76.82  -160.99
D   C  974    -63.42   178.75    46.58    80.93  -149.88   -82.05  -156.41
D   C  975    -70.73   176.55    57.03    85.93  -153.38   -75.83  -167.10
D   C  976    -82.35   179.76    62.18    81.68  -158.60   -61.81  -167.06
D   G  977    -62.85  -165.67    45.32    80.62  -158.67   -69.36  -161.72
D   C  978    -60.82   174.08    49.24    80.90  -147.19   -67.31  -168.99
D   C  979    -55.79   173.49    51.62    80.09  -146.48   -80.18  -150.48
D   C  980    -71.78   168.11    55.36    81.92  -166.65   -69.34  -165.31
D   C  981    -64.20   178.96    53.87    77.36  -140.31   -84.70  -173.76
D   C  982    -61.41   165.57    55.18    81.61  -163.18   -56.46  -155.10
D   G  983    170.31   161.62   174.72    84.99  -135.25   -83.46  -167.09
D   C  984     56.47   173.37   -69.22    97.28  -128.13   147.44  -132.34
D   A  985   -155.10   123.77   169.85    81.76  -166.86   -39.71   -68.57
D   C  986    157.50   169.56   171.15    86.33  -175.06  -172.79  -171.20
D   C  987     65.48  -138.49   167.23    88.37  -101.30   -98.50  -126.18
D   A  988    166.74   174.01   163.15    82.34 -9999.99 -9999.99   -82.75
