PDB data file name: dataset/1wz2.pdb_new
-----------------------------------------------------------
CRITERIA USED TO GENERATE BASE-PAIR: 
  3.40 --> upper H-bond length limits (ON..ON).
 26.00 --> max. distance between paired base origins.
  2.50 --> max. vertical distance between paired base origins.
 65.00 --> max. angle between paired bases [0-90].
  5.40 --> min. distance between RN9/YN1 atoms.
  8.00 --> max. distance criterion for helix break[0-12]
-----------------------------------------------------------
BASE-PAIR INSTRUCTIONS: 
Column 1 is rnaview assigned base numbers n1_n2, start from 1.
Column 2 & 3 are chain ID & residue number in input PDB file.
Column 4 is for base pair. The left & right are the bases as 
         identified by column 2 & 3 and 5 & 6.
Column 5 & 6 are residue number & chain ID in input PDB file.
Column 7 is for base pair annotation. The standard Watson-Crick
         (W.C.) pairs are annotated as -/- (AU,AT) or +/+ (GC).
         Other pairs are annotated as Leontis_Westhof Classification.
         The three edges: W(Watson-Crick); H(Hoogsteen); S(suger).
         e.g. W/H means the pair is edge of Watson-Crick & Hoogsteen.
Column 8 is glycosidic bond orientation (either cis or trans).
         e.g. 'W/H cis' means the pair is interaction on Watson-Crick
         and Hoogsteen side, glycosidic bond orientation is 'cis'.
Column 9 corresponds to Saenger Classification.

Other columns: 
        Syn sugar-base conformations are annotated as (syn).
        Stacked base pairs are annotated as (stack).
        Non-identified edges are annotated as (.) or (?)
        Tertiary interactions are marked by (!) in the line.
Reference:
Yang et al (2003) Nucleic Acids Research, Vol31,No13,p3450-3461.
-----------------------------------------------------------
BEGIN_base-pair
      1_2, C:   901 G-C   902 C:      stacked
     1_84, C:   901 G-C   984 C: +/+ cis         XIX
     2_83, C:   902 C-G   983 C: +/+ cis         XIX
     3_82, C:   903 G-C   982 C: +/+ cis         XIX
     4_81, C:   904 G-C   981 C: +/+ cis         XIX
     4_82, C:   904 G-C   982 C:      stacked
     5_80, C:   905 G-C   980 C: +/+ cis         XIX
     6_79, C:   906 G-C   979 C: +/+ cis         XIX
     7_78, C:   907 G-C   978 C: +/+ cis         XIX
     8_14, C:   908 U-A   914 C: W/H tran        XXIV
     9_13, C:   909 U-G   913 C: H/W tran        n/a
    10_11, C:   910 G-C   911 C:      stacked
    10_28, C:   910 G-C   928 C: +/+ cis         XIX
    11_27, C:   911 C-G   927 C: +/+ cis         XIX
    12_26, C:   912 C-G   926 C: +/+ cis         XIX
    14_24, C:   914 A-A   924 C: W/S cis         n/a
    15_24, C:   915 G-A   924 C: W/S cis         n/a
    15_60, C:   915 G-C   960 C: W/W tran        XXII
    19_67, C:   919 G-U   967 C: W/S tran        n/a
    20_68, C:   920 G-C   968 C: W/W cis         n/a
    29_47, C:   929 G-U   947 C: W/W cis         XXVIII
    30_46, C:   930 G-C   946 C: +/+ cis         XIX
    31_45, C:   931 G-C   945 C: +/+ cis         XIX
    31_46, C:   931 G-C   946 C:      stacked
    32_44, C:   932 G-C   944 C: +/+ cis         XIX
    32_45, C:   932 G-C   945 C:      stacked
    33_43, C:   933 G-C   943 C: +/+ cis         XIX
    34_42, C:   934 A-U   942 C: -/- cis         XX
    48_57, C:   948 C-G   957 C: +/+ cis         XIX
    49_56, C:   949 C-G   956 C: +/+ cis         XIX
    50_55, C:   950 C-G   955 C: +/+ cis         XIX
    57_58, C:   957 G-U   958 C:      stacked
    61_77, C:   961 C-G   977 C: +/+ cis         XIX
    62_76, C:   962 G-C   976 C: +/+ cis         XIX
    63_75, C:   963 G-C   975 C: +/+ cis         XIX
    63_76, C:   963 G-C   976 C:      stacked
    64_74, C:   964 G-C   974 C: +/+ cis         XIX
    65_73, C:   965 G-C   973 C: +/+ cis         XIX
    66_67, C:   966 U-U   967 C:      stacked
    66_70, C:   966 U-A   970 C: W/H tran        XXIV
   89_172, D:   901 G-C   984 D: W/W cis         n/a
   90_171, D:   902 C-G   983 D: +/+ cis         XIX
   91_170, D:   903 G-C   982 D: +/+ cis         XIX
   92_169, D:   904 G-C   981 D: +/+ cis         XIX
   93_168, D:   905 G-C   980 D: +/+ cis         XIX
   94_167, D:   906 G-C   979 D: +/+ cis         XIX
   95_166, D:   907 G-C   978 D: +/+ cis         XIX
   96_102, D:   908 U-A   914 D: W/H tran        XXIV
   97_101, D:   909 U-G   913 D: H/W tran        n/a
   98_116, D:   910 G-C   928 D: +/+ cis         XIX
   99_115, D:   911 C-G   927 D: +/+ cis         XIX
  100_114, D:   912 C-G   926 D: +/+ cis         XIX
  101_102, D:   913 G-A   914 D:      stacked
  101_113, D:   913 G-A   925 D: S/H tran        XI
  102_112, D:   914 A-A   924 D: W/S cis         n/a
  103_110, D:   915 G-C   922 D: S/W tran        n/a
  103_148, D:   915 G-C   960 D: W/W tran        XXII
  107_155, D:   919 G-U   967 D: W/S tran        n/a
  108_156, D:   920 G-C   968 D: W/W cis         n/a
  110_148, D:   922 C-C   960 D: S/W tran        n/a
  110_159, D:   922 C-A   971 D:      stacked
  111_146, D:   923 A-U   958 D: H/W tran        XXIV
  112_147, D:   924 A-U   959 D: H/W tran        XXIV
  117_135, D:   929 G-U   947 D: W/W cis         XXVIII
  118_134, D:   930 G-C   946 D: +/+ cis         XIX
  119_133, D:   931 G-C   945 D: +/+ cis         XIX
  120_132, D:   932 G-C   944 D: +/+ cis         XIX
  121_131, D:   933 G-C   943 D: +/+ cis         XIX
  122_129, D:   934 A-A   941 D: W/W cis         n/a
  122_130, D:   934 A-U   942 D: -/- cis         XX
  129_130, D:   941 A-U   942 D:      stacked
  136_137, D:   948 C-C   949 D:      stacked
  136_145, D:   948 C-G   957 D: +/+ cis         XIX
  137_144, D:   949 C-G   956 D: +/+ cis         XIX
  138_143, D:   950 C-G   955 D: +/+ cis         XIX
  149_150, D:   961 C-G   962 D:      stacked
  149_165, D:   961 C-G   977 D: +/+ cis         XIX
  150_164, D:   962 G-C   976 D: +/+ cis         XIX
  151_163, D:   963 G-C   975 D: +/+ cis         XIX
  151_164, D:   963 G-C   976 D:      stacked
  152_162, D:   964 G-C   974 D: +/+ cis         XIX
  152_163, D:   964 G-C   975 D:      stacked
  153_161, D:   965 G-C   973 D: +/+ cis         XIX
  154_155, D:   966 U-U   967 D:      stacked
  154_158, D:   966 U-A   970 D: W/H tran        XXIV
  166_167, D:   978 C-C   979 D:      stacked
  169_170, D:   981 C-C   982 D:      stacked
    24_59, C:   924 A-U   959 C: H/W tran        !1H(b_b)
     8_24, C:   908 U-A   924 C: S/W tran        !(b_s)
    13_25, C:   913 G-A   925 C: S/H tran        !(b_s)
    15_22, C:   915 G-C   922 C: S/W tran        !(b_s)
    16_71, C:   916 C-A   971 C: S/W tran        !(b_s)
   96_112, D:   908 U-A   924 D: S/W tran        !(b_s)
  104_161, D:   916 C-C   973 D: S/? cis         !(b_s)
  105_160, D:   917 C-U   972 D: ?/S cis         !(b_s)
      8_9, C:   908 U-U   909 C: S/H cis         !(s_s)
    17_72, C:   917 C-U   972 C: ?/S cis         !(s_s)
    17_73, C:   917 C-C   973 C: ?/? cis         !(s_s)
    35_36, C:   935 C-U   936 C: S/S tran        !(s_s)
    36_37, C:   936 U-C   937 C: S/H cis         !(s_s)
    36_38, C:   936 U-A   938 C: S/H cis         !(s_s)
    60_61, C:   960 C-C   961 C: S/S cis         !(s_s)
    72_73, C:   972 U-C   973 C: S/H cis         !(s_s)
  104_160, D:   916 C-U   972 D: S/S cis         !(s_s)
  123_124, D:   935 C-U   936 D: S/S cis         !(s_s)
END_base-pair

Summary of triplets and higher multiplets
BEGIN_multiplets
8_14_24_| [1 3]  C: 908 U  +  C: 914 A  +  C: 924 A
96_102_112_147_| [2 4]  D: 908 U  +  D: 914 A  +  D: 924 A  +  D: 959 U
97_101_113_| [3 3]  D: 909 U  +  D: 913 G  +  D: 925 A
103_110_148_| [4 3]  D: 915 G  +  D: 922 C  +  D: 960 C
END_multiplets

  The total base pairs =  69 (from  176 bases)
------------------------------------------------
 Standard  WW--cis  WW-tran  HH--cis  HH-tran  SS--cis  SS-tran
       45        6        2        0        0        0        0
  WH--cis  WH-tran  WS--cis  WS-tran  HS--cis  HS-tran
        0        8        3        4        0        1
------------------------------------------------
