PDB data file name: tRNA_dataset/1wz2_chain_D.pdb_new
-----------------------------------------------------------
CRITERIA USED TO GENERATE BASE-PAIR: 
  3.40 --> upper H-bond length limits (ON..ON).
 26.00 --> max. distance between paired base origins.
  2.50 --> max. vertical distance between paired base origins.
 65.00 --> max. angle between paired bases [0-90].
  5.40 --> min. distance between RN9/YN1 atoms.
  8.00 --> max. distance criterion for helix break[0-12]
-----------------------------------------------------------
BASE-PAIR INSTRUCTIONS: 
Column 1 is rnaview assigned base numbers n1_n2, start from 1.
Column 2 & 3 are chain ID & residue number in input PDB file.
Column 4 is for base pair. The left & right are the bases as 
         identified by column 2 & 3 and 5 & 6.
Column 5 & 6 are residue number & chain ID in input PDB file.
Column 7 is for base pair annotation. The standard Watson-Crick
         (W.C.) pairs are annotated as -/- (AU,AT) or +/+ (GC).
         Other pairs are annotated as Leontis_Westhof Classification.
         The three edges: W(Watson-Crick); H(Hoogsteen); S(suger).
         e.g. W/H means the pair is edge of Watson-Crick & Hoogsteen.
Column 8 is glycosidic bond orientation (either cis or trans).
         e.g. 'W/H cis' means the pair is interaction on Watson-Crick
         and Hoogsteen side, glycosidic bond orientation is 'cis'.
Column 9 corresponds to Saenger Classification.

Other columns: 
        Syn sugar-base conformations are annotated as (syn).
        Stacked base pairs are annotated as (stack).
        Non-identified edges are annotated as (.) or (?)
        Tertiary interactions are marked by (!) in the line.
Reference:
Yang et al (2003) Nucleic Acids Research, Vol31,No13,p3450-3461.
-----------------------------------------------------------
BEGIN_base-pair
     1_84, D:   901 G-C   984 D: W/W cis         n/a
     2_83, D:   902 C-G   983 D: +/+ cis         XIX
     3_82, D:   903 G-C   982 D: +/+ cis         XIX
     4_81, D:   904 G-C   981 D: +/+ cis         XIX
     5_80, D:   905 G-C   980 D: +/+ cis         XIX
     6_79, D:   906 G-C   979 D: +/+ cis         XIX
     7_78, D:   907 G-C   978 D: +/+ cis         XIX
     8_14, D:   908 U-A   914 D: W/H tran        XXIV
     9_13, D:   909 U-G   913 D: H/W tran        n/a
    10_28, D:   910 G-C   928 D: +/+ cis         XIX
    11_27, D:   911 C-G   927 D: +/+ cis         XIX
    12_26, D:   912 C-G   926 D: +/+ cis         XIX
    13_14, D:   913 G-A   914 D:      stacked
    13_25, D:   913 G-A   925 D: S/H tran        XI
    14_24, D:   914 A-A   924 D: W/S cis         n/a
    15_22, D:   915 G-C   922 D: S/W tran        n/a
    15_60, D:   915 G-C   960 D: W/W tran        XXII
    19_67, D:   919 G-U   967 D: W/S tran        n/a
    20_68, D:   920 G-C   968 D: W/W cis         n/a
    22_60, D:   922 C-C   960 D: S/W tran        n/a
    22_71, D:   922 C-A   971 D:      stacked
    23_58, D:   923 A-U   958 D: H/W tran        XXIV
    24_59, D:   924 A-U   959 D: H/W tran        XXIV
    29_47, D:   929 G-U   947 D: W/W cis         XXVIII
    30_46, D:   930 G-C   946 D: +/+ cis         XIX
    31_45, D:   931 G-C   945 D: +/+ cis         XIX
    32_44, D:   932 G-C   944 D: +/+ cis         XIX
    33_43, D:   933 G-C   943 D: +/+ cis         XIX
    34_41, D:   934 A-A   941 D: W/W cis         n/a
    34_42, D:   934 A-U   942 D: -/- cis         XX
    41_42, D:   941 A-U   942 D:      stacked
    48_49, D:   948 C-C   949 D:      stacked
    48_57, D:   948 C-G   957 D: +/+ cis         XIX
    49_56, D:   949 C-G   956 D: +/+ cis         XIX
    50_55, D:   950 C-G   955 D: +/+ cis         XIX
    61_62, D:   961 C-G   962 D:      stacked
    61_77, D:   961 C-G   977 D: +/+ cis         XIX
    62_76, D:   962 G-C   976 D: +/+ cis         XIX
    63_75, D:   963 G-C   975 D: +/+ cis         XIX
    63_76, D:   963 G-C   976 D:      stacked
    64_74, D:   964 G-C   974 D: +/+ cis         XIX
    64_75, D:   964 G-C   975 D:      stacked
    65_73, D:   965 G-C   973 D: +/+ cis         XIX
    66_67, D:   966 U-U   967 D:      stacked
    66_70, D:   966 U-A   970 D: W/H tran        XXIV
    78_79, D:   978 C-C   979 D:      stacked
    81_82, D:   981 C-C   982 D:      stacked
     8_24, D:   908 U-A   924 D: S/W tran        !(b_s)
    16_73, D:   916 C-C   973 D: S/? cis         !(b_s)
    17_72, D:   917 C-U   972 D: ?/S cis         !(b_s)
    16_72, D:   916 C-U   972 D: S/S cis         !(s_s)
    35_36, D:   935 C-U   936 D: S/S cis         !(s_s)
END_base-pair

Summary of triplets and higher multiplets
BEGIN_multiplets
8_14_24_59_| [1 4]  D: 908 U  +  D: 914 A  +  D: 924 A  +  D: 959 U
9_13_25_| [2 3]  D: 909 U  +  D: 913 G  +  D: 925 A
15_22_60_| [3 3]  D: 915 G  +  D: 922 C  +  D: 960 C
END_multiplets

  The total base pairs =  37 (from   88 bases)
------------------------------------------------
 Standard  WW--cis  WW-tran  HH--cis  HH-tran  SS--cis  SS-tran
       22        4        1        0        0        0        0
  WH--cis  WH-tran  WS--cis  WS-tran  HS--cis  HS-tran
        0        5        1        3        0        1
------------------------------------------------
