BEGIN_base-pair
     7_78, C:   907 G-C   978 C: +/+ cis         XIX
     8_14, C:   908 U-A   914 C: W/H tran        XXIV
     9_13, C:   909 U-G   913 C: H/W tran        n/a
    10_28, C:   910 G-C   928 C: +/+ cis         XIX
    10_28,-
7_78_8_14_9_13_10_28_0, click this line to see above pattern
0_0,---------
    65_73, C:   965 G-C   973 C: +/+ cis         XIX
    66_70, C:   966 U-A   970 C: W/H tran        XXIV
   89_172, D:   901 G-C   984 D: W/W cis         n/a
   90_171, D:   902 C-G   983 D: +/+ cis         XIX
   90_171,-
65_73_66_70_89_172_90_171_0, click this line to see above pattern
0_0,---------
   95_166, D:   907 G-C   978 D: +/+ cis         XIX
   96_102, D:   908 U-A   914 D: W/H tran        XXIV
   97_101, D:   909 U-G   913 D: H/W tran        n/a
   98_116, D:   910 G-C   928 D: +/+ cis         XIX
   98_116,-
95_166_96_102_97_101_98_116_0, click this line to see above pattern
0_0,---------
    12_26, C:   912 C-G   926 C: +/+ cis         XIX
    14_24, C:   914 A-A   924 C: W/S cis         n/a
    15_24, C:   915 G-A   924 C: W/S cis         n/a
    15_60, C:   915 G-C   960 C: W/W tran        XXII
    19_67, C:   919 G-U   967 C: W/S tran        n/a
    20_68, C:   920 G-C   968 C: W/W cis         n/a
    29_47, C:   929 G-U   947 C: W/W cis         XXVIII
    30_46, C:   930 G-C   946 C: +/+ cis         XIX
    30_46,-
12_26_14_24_15_24_15_60_19_67_20_68_29_47_30_46_0, click this line to see above pattern
0_0,---------
  100_114, D:   912 C-G   926 D: +/+ cis         XIX
  101_113, D:   913 G-A   925 D: S/H tran        XI
  102_112, D:   914 A-A   924 D: W/S cis         n/a
  103_110, D:   915 G-C   922 D: S/W tran        n/a
  103_148, D:   915 G-C   960 D: W/W tran        XXII
  107_155, D:   919 G-U   967 D: W/S tran        n/a
  108_156, D:   920 G-C   968 D: W/W cis         n/a
  110_148, D:   922 C-C   960 D: S/W tran        n/a
  111_146, D:   923 A-U   958 D: H/W tran        XXIV
  112_147, D:   924 A-U   959 D: H/W tran        XXIV
  117_135, D:   929 G-U   947 D: W/W cis         XXVIII
  118_134, D:   930 G-C   946 D: +/+ cis         XIX
  118_134,-
100_114_101_113_102_112_103_110_103_148_107_155_108_156_110_148_111_146_112_147_117_135_118_134_0, click this line to see above pattern
0_0,---------
END_base-pair
