PDB data file name: ./Datasets/pdb_select_tRNA/4v7c_V.pdb_new
-----------------------------------------------------------
CRITERIA USED TO GENERATE BASE-PAIR: 
  3.40 --> upper H-bond length limits (ON..ON).
 26.00 --> max. distance between paired base origins.
  2.50 --> max. vertical distance between paired base origins.
 65.00 --> max. angle between paired bases [0-90].
  5.40 --> min. distance between RN9/YN1 atoms.
  8.00 --> max. distance criterion for helix break[0-12]
-----------------------------------------------------------
BASE-PAIR INSTRUCTIONS: 
Column 1 is rnaview assigned base numbers n1_n2, start from 1.
Column 2 & 3 are chain ID & residue number in input PDB file.
Column 4 is for base pair. The left & right are the bases as 
         identified by column 2 & 3 and 5 & 6.
Column 5 & 6 are residue number & chain ID in input PDB file.
Column 7 is for base pair annotation. The standard Watson-Crick
         (W.C.) pairs are annotated as -/- (AU,AT) or +/+ (GC).
         Other pairs are annotated as Leontis_Westhof Classification.
         The three edges: W(Watson-Crick); H(Hoogsteen); S(suger).
         e.g. W/H means the pair is edge of Watson-Crick & Hoogsteen.
Column 8 is glycosidic bond orientation (either cis or trans).
         e.g. 'W/H cis' means the pair is interaction on Watson-Crick
         and Hoogsteen side, glycosidic bond orientation is 'cis'.
Column 9 corresponds to Saenger Classification.

Other columns: 
        Syn sugar-base conformations are annotated as (syn).
        Stacked base pairs are annotated as (stack).
        Non-identified edges are annotated as (.) or (?)
        Tertiary interactions are marked by (!) in the line.
Reference:
Yang et al (2003) Nucleic Acids Research, Vol31,No13,p3450-3461.
-----------------------------------------------------------
BEGIN_base-pair
     1_72, V:     1 G-C    72 V: W/W cis         n/a
     2_71, V:     2 C-G    71 V: W/W cis         n/a
     2_72, V:     2 C-C    72 V: W/W cis         n/a
     3_70, V:     3 C-G    70 V: W/W cis         n/a
     4_69, V:     4 C-G    69 V: +/+ cis         XIX
     5_68, V:     5 G-C    68 V: +/+ cis         XIX
     6_67, V:     6 G-C    67 V: +/+ cis         XIX
     6_68, V:     6 G-C    68 V: W/W cis         n/a
     7_66, V:     7 A-U    66 V: -/- cis         XX
     8_14, V:     8 U-A    14 V: W/H tran        XXIV
     9_22, V:     9 A-G    22 V: H/H tran        n/a
     9_45, V:     9 A-U    45 V: S/W cis         n/a
    10_25, V:    10 G-C    25 V: +/+ cis         XIX
    11_24, V:    11 C-G    24 V: +/+ cis         XIX
    13_22, V:    13 C-G    22 V: +/+ cis         XIX
    13_23, V:    13 C-A    23 V: W/W cis         n/a
    15_48, V:    15 G-C    48 V: W/W tran        XXII
    15_59, V:    15 G-U    59 V: W/W tran        XXVII
    24_25, V:    24 G-C    25 V:      stacked
    26_44, V:    26 A-G    44 V: W/W cis         VIII
    27_28, V:    27 G-G    28 V:      stacked
    27_43, V:    27 G-C    43 V: S/H tran        n/a
    28_42, V:    28 G-C    42 V: +/+ cis         XIX
    29_41, V:    29 G-C    41 V: +/+ cis         XIX
    30_40, V:    30 G-C    40 V: +/+ cis         XIX
    30_41, V:    30 G-C    41 V:      stacked
    31_32, V:    31 A-U    32 V:      stacked
    31_39, V:    31 A-U    39 V: -/- cis         XX
    44_45, V:    44 G-U    45 V:      stacked
    50_64, V:    50 U-A    64 V: -/- cis         XX
    50_65, V:    50 U-G    65 V:      stacked
    51_63, V:    51 U-G    63 V: W/W cis         XXVIII
    51_64, V:    51 U-A    64 V:      stacked
    52_62, V:    52 G-C    62 V: +/+ cis         XIX
    53_61, V:    53 G-C    61 V: W/W cis         n/a
    54_58, V:    54 U-A    58 V: W/H tran        XXIV
    71_72, V:    71 G-C    72 V:      stacked
    74_75, V:    74 C-C    75 V:      stacked
     9_23, V:     9 A-A    23 V: W/H tran        !1H(b_b).
    15_20, V:    15 G-U    20 V: S/W tran        !1H(b_b)
    32_38, V:    32 U-A    38 V: S/W cis         !1H(b_b)
    10_45, V:    10 G-U    45 V: H/S cis         !(b_s)
     8_48, V:     8 U-C    48 V: S/S cis         !(s_s)
    12_24, V:    12 U-G    24 V: W/W cis         !(s_s)
    33_36, V:    33 U-A    36 V: S/H tran        !(s_s)
    48_49, V:    48 C-C    49 V: S/S cis         !(s_s)
    55_57, V:    55 U-G    57 V: S/H tran   syn    !(s_s)
    55_58, V:    55 U-A    58 V: H/H tran   syn    !(s_s)
END_base-pair

Summary of triplets and higher multiplets
BEGIN_multiplets
2_71_72_| [1 3]  V: 2 C  +  V: 71 G  +  V: 72 C
END_multiplets

  The total base pairs =  29 (from   76 bases)
------------------------------------------------
 Standard  WW--cis  WW-tran  HH--cis  HH-tran  SS--cis  SS-tran
       13        9        2        0        1        0        0
  WH--cis  WH-tran  WS--cis  WS-tran  HS--cis  HS-tran
        0        2        1        0        0        1
------------------------------------------------
