PDB data file name: ./Datasets/pdb_select_tRNA/7o5b_U.pdb_new
-----------------------------------------------------------
CRITERIA USED TO GENERATE BASE-PAIR: 
  3.40 --> upper H-bond length limits (ON..ON).
 26.00 --> max. distance between paired base origins.
  2.50 --> max. vertical distance between paired base origins.
 65.00 --> max. angle between paired bases [0-90].
  5.40 --> min. distance between RN9/YN1 atoms.
  8.00 --> max. distance criterion for helix break[0-12]
-----------------------------------------------------------
BASE-PAIR INSTRUCTIONS: 
Column 1 is rnaview assigned base numbers n1_n2, start from 1.
Column 2 & 3 are chain ID & residue number in input PDB file.
Column 4 is for base pair. The left & right are the bases as 
         identified by column 2 & 3 and 5 & 6.
Column 5 & 6 are residue number & chain ID in input PDB file.
Column 7 is for base pair annotation. The standard Watson-Crick
         (W.C.) pairs are annotated as -/- (AU,AT) or +/+ (GC).
         Other pairs are annotated as Leontis_Westhof Classification.
         The three edges: W(Watson-Crick); H(Hoogsteen); S(suger).
         e.g. W/H means the pair is edge of Watson-Crick & Hoogsteen.
Column 8 is glycosidic bond orientation (either cis or trans).
         e.g. 'W/H cis' means the pair is interaction on Watson-Crick
         and Hoogsteen side, glycosidic bond orientation is 'cis'.
Column 9 corresponds to Saenger Classification.

Other columns: 
        Syn sugar-base conformations are annotated as (syn).
        Stacked base pairs are annotated as (stack).
        Non-identified edges are annotated as (.) or (?)
        Tertiary interactions are marked by (!) in the line.
Reference:
Yang et al (2003) Nucleic Acids Research, Vol31,No13,p3450-3461.
-----------------------------------------------------------
BEGIN_base-pair
     1_73, U:     1 G-C    72 U: +/+ cis         XIX
     2_72, U:     2 G-C    71 U: +/+ cis         XIX
     2_73, U:     2 G-C    72 U:      stacked
     3_71, U:     3 U-A    70 U: -/- cis         XX
     4_70, U:     4 C-G    69 U: +/+ cis         XIX
     5_69, U:     5 C-G    68 U: +/+ cis         XIX
     6_68, U:     6 G-C    67 U: +/+ cis         XIX
     7_67, U:     7 G-C    66 U: +/+ cis         XIX
     7_68, U:     7 G-C    67 U:      stacked
     8_14, U:     8 U-A    14 U: W/H tran        XXIV
     9_24, U:     9 A-A    23 U: H/H tran   syn    II
    10_26, U:    10 G-U    25 U: W/W cis         XXVIII
    11_25, U:    11 U-A    24 U: -/- cis         XX
    12_24, U:    12 U-A    23 U: -/- cis         XX
    12_25, U:    12 U-A    24 U:      stacked
    13_23, U:    13 C-G    22 U: +/+ cis         XIX
    13_24, U:    13 C-A    23 U:      stacked
    15_49, U:    15 G-C    48 U: W/W tran        XXII
    19_56, U:    18 G-U    55 U: W/W tran        XXVII
    23_47, U:    22 G-G    46 U: H/W tran        VII
    27_45, U:    26 G-A    44 U: W/W cis         VIII
    28_44, U:    27 C-G    43 U: +/+ cis         XIX
    29_43, U:    28 C-G    42 U: +/+ cis         XIX
    30_42, U:    29 U-A    41 U: -/- cis         XX
    31_41, U:    30 G-C    40 U: +/+ cis         XIX
    32_40, U:    31 C-G    39 U: +/+ cis         XIX
    50_66, U:    49 G-U    65 U: W/W cis         XXVIII
    50_67, U:    49 G-C    66 U:      stacked
    51_65, U:    50 C-G    64 U: +/+ cis         XIX
    52_64, U:    51 G-C    63 U: +/+ cis         XIX
    53_63, U:    52 G-C    62 U: W/W cis         n/a
    53_64, U:    52 G-C    63 U:      stacked
    54_63, U:    53 G-C    62 U: +/+ cis         XIX
    10_46, U:    10 G-G    45 U: H/S cis         !1H(b_b)
    15_60, U:    15 G-G    59 U: W/S tran     syn  !1H(b_b).
    49_60, U:    48 C-G    59 U: H/S cis      syn  !1H(b_b).
     7_16, U:     7 G-U    16 U: ?/W tran        !(s_s)
    34_36, U:    33 U-U    35 U: S/S tran        !(s_s)
    34_37, U:    33 U-C    36 U: W/H tran        !(s_s)
    56_59, U:    55 U-A    58 U: W/H tran        !(s_s)
    59_61, U:    58 A-U    60 U: S/S tran     syn  !(s_s)
END_base-pair

Summary of triplets and higher multiplets
BEGIN_multiplets
9_12_24_| [1 3]  U: 9 A  +  U: 12 U  +  U: 23 A
13_23_47_| [2 3]  U: 13 C  +  U: 22 G  +  U: 46 G
END_multiplets

  The total base pairs =  27 (from   77 bases)
------------------------------------------------
 Standard  WW--cis  WW-tran  HH--cis  HH-tran  SS--cis  SS-tran
       18        4        2        0        1        0        0
  WH--cis  WH-tran  WS--cis  WS-tran  HS--cis  HS-tran
        0        2        0        0        0        0
------------------------------------------------
