The backbone torsional angle for nucleic acid 

 
Note: alpha:   O3'(i-1)-P-O5'-C5'
      beta:    P-O5'-C5'-C4'
      gamma:   O5'-C5'-C4'-C3'
      delta:   C5'-C4'-C3'-O3'
      epsilon: C4'-C3'-O3'-P(i+1)
      zeta:    C3'-O3'-P(i+1)-O5'(i+1)

      chi for pyrimidines(Y): O4'-C1'-N1-C2
          chi for purines(R): O4'-C1'-N9-C4

    (The number -9999.99 means that the angle can not be calculated) 

Ch Res  Num    alpha    beta     gamma    delta  epsilon    zeta     chi
A LSS  901  -9999.99 -9999.99 -9999.99 -9999.99 -9999.99 -9999.99     0.00
A VRT  902  -9999.99 -9999.99   177.16   101.83 -9999.99 -9999.99   -89.45
B   G    1  -9999.99   173.61    63.19    85.44  -129.73   -74.21   179.01
B   C    2    -66.32   166.47    52.58    77.82  -139.35   -82.93  -161.86
B   C    3    -60.41   168.06    49.71    77.07  -146.91   -70.91  -158.88
B   C    4    -63.02   177.44    49.97    76.33  -167.08   -73.75  -158.82
B   G    5    154.49  -167.66   177.20    88.82  -129.79   -76.49  -179.82
B   G    6    -63.53   163.50    62.63    80.77  -147.72   -81.64  -174.54
B   A    7    -61.11   169.38    74.76   140.03   -93.93   -57.16  -131.80
B   U    8    -53.01  -169.91    60.84    86.00  -113.88   -79.52  -162.77
B   G    9   -172.21   114.92   175.56   134.73   -88.49   -56.05    60.49
B   G   10    -65.68   177.82   -58.98    91.61  -153.94   -56.25   177.81
B   U   11    -95.58  -156.18    64.25    79.27  -159.02   -74.31  -168.22
B   G   12    -74.67  -177.65    58.59    73.88  -155.32   -63.75  -157.72
B   G   13    156.54  -158.04   175.43    97.93  -153.88   -69.78   179.20
B   A   14    -80.05  -169.15    66.89    80.12  -137.48   -65.90  -174.43
B   A   15    -70.69   169.40    56.82    82.17  -144.27    70.84  -156.66
B   U   16   -156.38  -120.88    70.96   136.86   -79.85  -105.05  -131.69
B   C   17   -170.01  -144.40    49.90   128.26   -78.69  -114.14    50.39
B   G   18   -102.52   154.29   -72.43   147.74  -127.09  -150.36   -97.88
B   G   19    -52.86   164.77    54.03   140.01   -85.88  -158.75   -95.51
B   U   20    -57.49  -148.88    52.30   142.06  -101.30   -63.51  -144.20
B   A   20    -68.41   144.06  -179.75    88.94  -143.08   -74.25  -174.12
B   G   21    -67.35   167.50    69.03    88.91  -160.32   158.26  -143.35
B   A   22    -62.68   138.71    49.88    83.62  -135.82   -47.10  -177.09
B   C   23    -77.18   178.79    48.59    79.18  -158.89   -66.62  -157.09
B   A   24    142.28  -169.65  -173.25    84.53  -141.91   -71.36  -171.22
B   C   25    -63.67   169.49    60.43    79.95  -151.40   -57.85  -164.31
B   A   26    -89.58  -179.58    66.20    78.48  -153.07   -60.73  -164.37
B   A   27    -79.24   176.34    66.62    76.95  -141.98   -76.91  -163.42
B   G   28    -67.41   166.84    61.51    78.37  -136.48   -75.45  -168.57
B   G   29    -75.08   162.49    69.24    78.99  -156.20   -63.56  -170.46
B   G   30    -92.03   170.49    90.95    78.49  -153.40   -58.71  -178.01
B   A   31    -83.46  -170.83    61.06    79.95  -166.12   -74.92  -148.93
B   U   32    134.37  -174.77  -166.28    83.96  -123.76   -50.54  -168.83
B   U   33    -66.27   167.38    72.18    80.40 -9999.99 -9999.99  -140.70
B   A   37  -9999.99   143.71    69.08    86.27  -129.15   -70.27  -175.62
B   A   38    -70.70   165.33    56.52    82.99  -156.13   -64.66  -154.35
B   U   39    -80.63   176.69    68.77    79.70  -157.02   -69.69  -133.14
B   C   40    -74.82   172.80    66.31    79.66  -163.69   -72.96  -134.42
B   C   41    154.28  -170.47   170.69    83.57  -123.09   -88.36  -166.97
B   C   42    -52.33   157.32    49.55    78.30  -138.17   -79.87  -162.31
B   U   43    -61.84   166.68    53.82    80.15  -141.70   -66.59  -154.46
B   C   44    -72.36   171.22    58.05    79.30  -156.74  -142.27  -143.75
B   G   45     55.63  -174.75    74.03    79.09  -145.09   -68.29  -174.46
B   G   46    -70.06   175.31    60.29    79.83  -150.97   -71.02  -165.10
B   C   47    -71.55   173.01    59.22    77.84  -151.70   -64.42  -151.80
B   G   47    -78.63  -179.56    68.11    81.43 -9999.99 -9999.99  -148.49
B   C   47  -9999.99   130.28    86.74   139.27  -145.83   102.99     5.48
B   G   47     73.14  -166.93    76.18   147.31   -90.23   -66.42  -112.18
B   C   47    171.34  -175.49   169.76    83.39  -141.08   -70.02  -145.73
B   G   47    -70.33   175.41    50.33    76.32  -163.27   -68.27  -156.08
B   C   47    -80.78   169.26    73.52    77.93  -152.62   -59.30  -151.86
B   U   47    -77.94   170.94    71.17    79.61  -154.09   -66.27  -160.26
B   G   47    -77.99   178.59    63.68    82.34  -149.22   -97.19  -151.94
B   U   48    -56.64  -159.12    68.63   135.92  -154.62    84.94  -136.85
B   G   49     45.57   154.46    49.88    84.01  -141.67   -70.99   177.73
B   C   50    -65.06  -175.95    48.34    76.24  -150.55   -69.20  -163.34
B   G   51    -68.70  -174.49    51.42    76.81  -164.12   -70.84  -159.38
B   G   52    152.98  -171.91   175.86    85.49  -136.03   -63.40  -178.32
B   G   53    -65.12   173.98    62.77    76.32  -154.88   -70.69  -173.20
B   U   54    -74.69   178.01    64.57    80.12  -138.74   -62.55  -156.67
B   U   55    -71.03   176.22    54.41    79.79  -144.85   -54.59  -142.70
B   C   56   -178.99   148.01    46.07    81.65  -143.56   -58.52  -167.65
B   A   57    -75.65  -179.02    54.64    79.89  -149.67   -62.86  -159.55
B   A   58    -65.55  -129.38    63.23   144.79   -95.91  -171.07   -72.15
B   G   59     58.56  -153.71    90.42    82.69  -134.50   -53.81  -163.63
B   U   60    -68.10   176.81    68.74   132.24  -100.70   -66.80  -126.86
B   C   61    -87.92  -177.90    44.79    81.17  -150.91   -71.87  -171.10
B   C   62    -72.41  -179.72    57.58    77.35  -140.32   -81.68  -161.22
B   C   63    -59.41   174.00    44.70    78.36  -150.33   -69.22  -158.71
B   G   64    -72.63   175.01    64.01    76.89  -157.14   -48.24  -167.38
B   C   65   -167.15   153.34   158.96    87.08  -140.97   -74.54  -169.07
B   U   66    -63.75   169.67    56.16    80.48  -138.83   -76.13  -164.69
B   C   67    -65.02   158.30    62.79    80.25  -155.24   -64.98  -155.66
B   C   68    -78.95   176.11    62.77    75.01  -155.94   -64.40  -154.12
B   G   69   -109.85   169.62    98.77    73.41  -146.75   -72.13  -175.42
B   G   70    -67.67   178.47    52.33    75.82  -143.68   -71.69  -164.48
B   G   71    -69.33   168.57    63.54    77.79  -144.67   -59.86  -166.17
B   U   72    -71.07   177.49    56.99    77.11  -160.89   132.67  -150.91
B   A   73    -47.43   125.81    53.64   138.90  -144.82    67.17  -135.57
B   C   74     65.24   163.06    60.13   144.37   -71.57   102.49  -124.07
B   C   75     72.79   120.09    65.47    86.87  -122.19   -85.05  -165.76
B   A   76    -63.71   146.21    63.99    83.93 -9999.99 -9999.99  -133.55
D LSS  901  -9999.99 -9999.99 -9999.99 -9999.99 -9999.99 -9999.99  -133.55
D VRT  902  -9999.99 -9999.99  -177.93    95.90 -9999.99 -9999.99   -90.78
E   G    1  -9999.99   167.17    50.72    90.78  -127.34   -73.41   177.92
E   C    2    -63.93   164.35    54.06    80.82  -139.22   -79.46  -166.08
E   C    3    -72.52   170.17    56.65    77.72  -151.03   -68.30  -156.55
E   C    4    -72.45   179.49    57.81    76.50  -152.33   -66.39  -163.19
E   G    5    -75.50   173.26    69.57    75.00  -159.14   -70.96  -172.10
E   G    6    -76.16   173.14    76.13    82.33  -152.67   -74.48  -168.99
E   A    7    -72.70   178.20    77.79   141.44   -94.40   -56.12  -128.44
E   U    8    -55.19  -168.99    62.83    84.30  -115.46   -76.32  -161.30
E   G    9   -172.26   111.71   177.83   135.56  -110.35   -58.25    57.22
E   G   10    170.68  -156.77    47.63    79.88  -156.64   -63.53   178.75
E   U   11    -87.15  -161.12    58.25    78.37  -158.38   -74.86  -163.09
E   G   12    -77.98   176.21    67.42    74.36  -133.63   -50.21  -161.91
E   G   13    -93.87   153.72   104.74    85.68  -163.62   -72.75  -176.22
E   A   14    -83.20  -163.56    67.15    80.18  -149.36   -58.39  -169.54
E   A   15    -84.56  -178.53    61.77    83.90  -146.54    74.12  -152.44
E   U   16   -150.30  -127.73    73.08   139.17   -88.99   -81.69  -137.48
E   C   17   -156.11  -172.32    76.32    87.42  -126.86   -74.17    57.06
E   G   18    156.19  -177.28    22.58   140.01   -92.77   174.50   -90.69
E   G   19    -60.72   154.25    47.09   135.65   -84.45  -155.93   -99.77
E   U   20    -56.83  -155.75    51.71   139.31   -90.33   -67.44  -139.50
E   A   20    -68.74   135.66  -173.45    89.48  -153.34   -64.18  -170.81
E   G   21    -77.81   177.03    72.03    86.06  -164.79   163.98  -143.07
E   A   22    -64.24   139.55    51.53    84.44  -132.22   -52.33  -177.75
E   C   23    -71.36   177.17    48.17    83.01  -162.31   -68.07  -155.89
E   A   24    142.91  -167.26  -179.77    84.80  -136.95   -74.50  -171.93
E   C   25    -55.47   169.99    50.29    78.07  -149.00   -61.94  -162.09
E   A   26    -77.68   175.62    65.12    78.01  -153.08   -57.70  -168.95
E   A   27    -80.15   176.86    68.51    78.68  -145.21   -75.15  -165.99
E   G   28    -78.80   172.21    63.30    77.16  -154.00   -63.52  -163.58
E   G   29    -79.04  -179.30    67.13    77.48  -154.76   -63.46  -170.41
E   G   30    -81.99  -176.32    66.26    78.87  -171.19   -81.11  -163.50
E   A   31    170.07  -176.62   162.83    89.18 -9999.99 -9999.99  -172.23
E   A   37  -9999.99   115.74    72.28    83.35  -128.72   -60.92  -169.76
E   A   38    -82.24   168.46    62.71    79.50  -160.51   -78.74  -141.71
E   U   39    147.26  -156.43  -178.36    84.70  -140.95   -59.86  -167.66
E   C   40    -69.89  -178.99    52.67    78.32  -157.33   -69.95  -157.91
E   C   41    -76.69   176.44    61.74    76.74  -150.67   -75.26  -147.58
E   C   42    -67.79   167.27    64.81    77.73  -148.28   -65.12  -155.90
E   U   43    -76.03  -179.35    59.45    80.64  -140.56   -70.94  -158.64
E   C   44    -69.62   166.62    58.12    79.67  -158.30  -139.24  -145.40
E   G   45     56.68   175.64    78.33    79.18  -144.62   -67.91  -176.03
E   G   46    -65.33  -176.40    48.55    79.00  -166.06   -74.48  -164.10
E   C   47    168.09  -158.23   160.83    85.38  -116.17   -82.89  -165.95
E   G   47    -54.82   148.72    68.17    82.17  -137.19   -48.78  -150.67
E   U   47    161.92   117.97    -7.70    86.84    11.72    66.92   -53.62
E   U   47   -157.78  -116.14    55.05   131.80    68.53  -169.87  -172.10
E   C   47    -80.51   123.30    59.54   129.05  -159.25   121.81   -25.57
E   G   47     79.48  -156.42    70.66   144.25  -144.14    63.75  -120.77
E   C   47    175.71    78.45   157.38    90.74  -105.60   -87.75  -168.75
E   G   47    -80.24   150.32    64.07    75.80  -160.98   -71.43  -158.15
E   C   47    -76.06   166.65    74.87    79.09  -152.88   -57.37  -154.03
E   U   47    -81.34   173.57    68.59    79.57  -153.46   -62.70  -157.88
E   G   47    -80.23   178.15    63.39    79.15  -166.89   -83.27  -153.07
E   U   48    -73.09  -136.23    76.50   137.59  -155.62    84.01  -132.70
E   G   49     33.32   167.20    51.77    87.03  -141.09   -69.16   179.47
E   C   50    -68.93   179.71    55.53    80.81  -148.70   -65.67  -163.38
E   G   51    -82.40   177.56    66.15    78.57  -148.02   -90.86  -162.10
E   G   52    112.47  -153.37  -156.06    84.92  -147.45   -55.31  -173.48
E   G   53    -78.34  -174.94    65.52    78.39  -157.45   -69.91  -171.08
E   U   54    -81.44  -174.88    60.88    78.93  -139.32   -56.44  -146.58
E   U   55    -71.91  -179.94    59.51    79.02  -145.89   -53.46  -145.79
E   C   56    175.36   146.41    48.48    82.86  -144.39   -57.04  -170.31
E   A   57    -78.29  -176.97    53.43    78.29  -150.84   -61.25  -161.21
E   A   58    -67.46  -126.26    64.87   141.88   -98.35  -174.04   -70.59
E   G   59     56.45  -148.39    94.85    83.31  -136.69   -58.24  -169.28
E   U   60    -68.23   175.41    69.37   133.25   -99.12   -69.86  -126.15
E   C   61    -87.11  -177.70    40.77    83.68  -148.58   -73.41  -167.21
E   C   62    -73.64   177.41    62.36    79.51  -150.32   -64.80  -161.01
E   C   63    -84.92  -176.29    62.82    76.66  -143.80   -71.54  -160.18
E   G   64   -104.92   156.46    99.58    77.62  -146.61   -67.95  -173.60
E   C   65    -70.38   176.55    60.54    77.33  -147.71   -74.21  -162.89
E   U   66    -69.19   174.80    56.08    78.86  -152.18   -66.96  -155.33
E   C   67    -74.92   169.91    63.57    76.53  -155.30   -65.89  -153.86
E   C   68    -71.75   177.09    65.13    77.16  -163.62   -73.48  -161.84
E   G   69    147.51  -179.23  -177.02    88.06  -135.40   -73.12  -177.12
E   G   70    -63.63   173.37    51.00    78.31  -140.20   -71.74  -168.86
E   G   71    -72.78   167.08    68.40    79.44  -150.46   -58.98  -170.13
E   U   72    -79.95   179.23    63.19    79.77  -167.39   136.33  -155.87
E   A   73    -53.54   133.85    61.51   141.38  -142.59    69.69  -135.62
E   C   74     64.37   158.77    63.61   146.17   -75.25   107.33  -122.27
E   C   75     77.96   116.81    65.67    83.73  -119.61   -89.60  -151.89
E   A   76    -59.35   143.08    59.32    83.01 -9999.99 -9999.99  -138.73
