BEGIN_base-pair
   98_110, E:    12 G-C    23 E: +/+ cis         XIX
   99_108, E:    13 G-G    21 E: W/S cis         n/a
   99_109, E:    13 G-A    22 E: S/H tran        XI
  100_107, E:    14 A-A    20 E: W/S cis         n/a
  101_140, E:    15 A-U    48 E: W/W tran        XXI
  104_147, E:    18 G-U    55 E: W/S tran        n/a
  105_148, E:    19 G-C    56 E: W/W cis         n/a
  113_126, E:    26 A-C    44 E: W/W cis         n/a
  114_125, E:    27 A-U    43 E: -/- cis         XX
  114_125,-
98_110_99_108_99_109_100_107_101_140_104_147_105_148_113_126_114_125_0, click this line to see above pattern
0_0,---------
    14_26, B:    12 G-C    23 B: +/+ cis         XIX
    15_24, B:    13 G-G    21 B: W/S cis         n/a
    15_25, B:    13 G-A    22 B: S/H tran        XI
    16_23, B:    14 A-A    20 B: W/S cis         n/a
    17_56, B:    15 A-U    48 B: W/W tran        XXI
    20_63, B:    18 G-U    55 B: W/S tran        n/a
    21_64, B:    19 G-C    56 B: W/W cis         n/a
    29_44, B:    26 A-C    44 B: W/W cis         n/a
    30_43, B:    27 A-U    43 B: -/- cis         XX
    30_43,-
14_26_15_24_15_25_16_23_17_56_20_63_21_64_29_44_30_43_0, click this line to see above pattern
0_0,---------
    32_41, B:    29 G-C    41 B: +/+ cis         XIX
    33_40, B:    30 G-C    40 B: W/W cis         n/a
    34_39, B:    31 A-U    39 B: W/W cis         n/a
    35_38, B:    32 U-A    38 B: -/- cis         XX
    35_38,-
32_41_33_40_34_39_35_38_0, click this line to see above pattern
0_0,---------
    61_69, B:    53 G-C    61 B: +/+ cis         XIX
    62_66, B:    54 U-A    58 B: W/H tran     syn  XXIV
   87_164, E:     1 G-U    72 E: W/W cis         XXVIII
   88_163, E:     2 C-G    71 E: +/+ cis         XIX
   88_163,-
61_69_62_66_87_164_88_163_0, click this line to see above pattern
0_0,---------
   93_158, E:     7 A-U    66 E: -/- cis         XX
   94_100, E:     8 U-A    14 E: W/H tran        XXIV
    95_98, E:     9 G-G    12 E: W/H cis    syn    VI
   96_112, E:    10 G-C    25 E: +/+ cis         XIX
   96_112,-
93_158_94_100_95_98_96_112_0, click this line to see above pattern
0_0,---------
     9_74, B:     7 A-U    66 B: -/- cis         XX
    10_16, B:     8 U-A    14 B: W/H tran        XXIV
    11_14, B:     9 G-G    12 B: W/H cis    syn    VI
    12_28, B:    10 G-C    25 B: +/+ cis         XIX
    12_28,-
9_74_10_16_11_14_12_28_0, click this line to see above pattern
0_0,---------
END_base-pair
