The backbone torsional angle for nucleic acid 

 
Note: alpha:   O3'(i-1)-P-O5'-C5'
      beta:    P-O5'-C5'-C4'
      gamma:   O5'-C5'-C4'-C3'
      delta:   C5'-C4'-C3'-O3'
      epsilon: C4'-C3'-O3'-P(i+1)
      zeta:    C3'-O3'-P(i+1)-O5'(i+1)

      chi for pyrimidines(Y): O4'-C1'-N1-C2
          chi for purines(R): O4'-C1'-N9-C4

    (The number -9999.99 means that the angle can not be calculated) 

Ch Res  Num    alpha    beta     gamma    delta  epsilon    zeta     chi
8   U    1  -9999.99  -170.26    47.48    82.79  -157.06   -68.14  -177.68
8   C    2    -73.83  -159.01    41.49    80.36  -142.96   -74.12  -167.90
8   C    3    -49.00   167.55    45.82    79.28  -149.67   -74.52  -166.79
8   U    4    -52.67   167.17    56.10    79.27  -138.13   -75.55  -166.61
8   U    5    -48.62   165.30    32.93    71.71  -152.97   -81.59  -157.42
8   G    6    -48.38   166.00    56.34    78.21  -148.59   -79.93  -174.48
8   U    7    -47.75   156.77    73.32   149.09   -79.79   -57.78  -145.30
8   U    8    -73.20  -166.90    68.89    80.36  -150.36  -146.60  -144.31
8   A    9     48.58   159.54   -24.80   151.98   -87.83  -101.68   -80.17
8   G   10    149.87  -144.07    64.02    84.33  -157.51   -68.15  -178.46
8   C   11    -71.30  -170.20    54.15    84.00  -164.07   -57.24  -168.09
8   U   12    -84.70  -158.20    51.43    82.25  -154.04   -60.81  -157.86
8   C   13    -68.38   176.68    54.80    81.45  -174.51   -71.62  -161.99
8   A   14    -77.33   175.31    71.95    76.33  -152.44   -62.44  -174.97
8   G   15    -63.91   171.02    76.73   141.53   -99.62   -76.90  -146.37
8   U   16     90.87   144.50    79.60   143.86  -150.85   -67.67  -123.44
8   U   17    178.32  -121.28   -59.09   143.38  -135.59   -91.11  -133.06
8   G   18    -91.76  -158.54    41.28   145.85   -65.00    89.65   -70.56
8   G   19   -159.95  -126.18   167.19   147.53   -94.95   -58.86  -106.32
8   U   20    -36.90  -150.06   163.72    79.96   -98.50   136.44  -153.40
8   A   21    -45.29   150.21   -28.33    82.23   161.07   -80.77  -149.66
8   G   22    -76.72  -142.19    48.50    83.71  -170.27   -77.09  -155.21
8   A   23    151.55  -159.84   171.61    82.04  -134.76  -113.61   179.02
8   G   24      9.03   128.17    13.39    77.27  -153.14   -68.53  -170.70
8   C   25    -58.59   173.71    57.36    79.58  -124.03   -59.42  -176.92
8   G   26    -55.51   164.21    51.95    76.89  -147.55   -84.55   179.88
8   U   27    -63.75   175.08    58.61    83.19  -146.64   -67.33  -174.58
8   U   28    -58.37   176.10    47.35    81.04  -148.91   -68.01  -164.62
8   C   29    -60.06  -171.62    36.59    77.05  -158.71   -60.71  -163.15
8   G   30    -69.08   177.94    56.67    75.56  -142.37   -64.52  -172.61
8   G   31    -55.97   170.67    57.48    76.25  -172.40   -72.40  -173.44
8   C   32   -110.13  -141.86    70.32    82.74  -134.89   -63.20  -175.32
8   U   33    -53.92   167.34    47.18    84.52   -89.84  -102.45  -173.15
8   U   34    117.00  -161.83    77.50    85.13  -139.23   -62.98  -177.79
8   U   35    -60.18  -179.14    37.39    78.30  -145.95   -75.05  -164.73
8   U   36    -49.74   166.04    51.10    81.20  -168.30   -56.42  -160.94
8   A   37    132.09  -164.59  -162.31    82.28  -129.15   -58.60   169.15
8   A   38   -100.76   179.28    72.33    84.61  -126.86   -68.62  -177.30
8   C   39    -49.81   165.25    43.11    80.01  -165.63   -67.06  -169.36
8   C   40    -70.80  -175.51    64.81    85.90  -126.51   -95.08  -165.13
8   G   41     69.30  -138.49  -118.24    93.00   -97.94   -80.38  -172.93
8   A   42     80.95  -125.16  -115.38    83.87  -158.96   -61.36  -176.71
8   A   43    163.36  -175.94   166.01    81.50  -119.93   -98.21  -179.73
8   A   44    -48.43   140.02    60.00    80.80  -127.18   -85.37  -174.94
8   U   45    -41.86   154.68    44.29    84.38  -140.81   -79.31  -162.07
8   G   46    -56.96  -119.64    48.11   151.74   -72.26  -147.18   -47.05
8   U   47    -57.82   100.09   146.36   150.14   -71.35   -25.16  -145.78
8   C   48    -99.95  -123.22   153.85   143.31  -142.23    89.84  -136.66
8   A   49     24.46   178.94    52.92    83.66  -133.72   -85.12  -178.20
8   G   50    -44.60   154.11    50.39    82.41  -138.20   -75.78  -169.94
8   G   51    -48.97   173.89    29.78    78.35  -156.61   -81.51  -158.81
8   G   52    142.69  -161.37  -177.23    82.90  -106.26  -104.51   176.59
8   G   53    -53.62   139.74    57.36    79.80  -158.73   -70.64  -179.72
8   U   54    -75.39  -161.93    54.78    86.50   -86.55  -114.21  -159.36
8   U   55    -47.16   127.44    55.45    85.48  -132.04   -87.24  -141.24
8   C   56   -177.43  -173.29    34.44    83.93  -134.99   -61.18  -173.71
8   G   57    -57.85   171.53    57.20    80.82  -140.24  -141.81  -164.81
8   A   58    133.65   -95.96  -158.36   148.93   -79.72  -103.37  -151.44
8   G   59     53.28  -155.92    96.36    85.66  -127.49   -49.22   165.21
8   C   60    -67.49   175.91    59.15   139.75   -98.17   -61.46  -131.39
8   C   61    -47.01  -176.23    -3.34    83.29  -147.53   -77.16  -163.89
8   C   62    -72.90  -171.91    45.26    80.78  -156.95   -67.14  -166.36
8   C   63    -66.21   175.17    60.69    78.93  -141.43   -81.95  -167.22
8   C   64    -48.21   171.21    37.61    82.29  -144.26   -86.28  -154.92
8   U   65    -49.75   150.25    60.68    79.88  -151.99   -58.08  -159.87
8   A   66    -70.81  -168.35    40.27    80.45  -136.43   -85.95  -160.24
8   U   67    -45.38   151.84    53.50    76.29  -148.22   -76.63  -160.03
8   G   68    -49.81  -177.82    25.15    73.17  -150.34   -76.60  -168.95
8   A   69    -51.04   164.61    53.93    80.47  -144.33   -81.80  -172.31
8   G   70    -45.37   160.18    53.55    83.30  -140.72   -76.79  -171.66
8   G   71    -56.00   171.49    38.54    77.13  -137.81   -72.79  -161.20
8   A   72    -59.72   159.40    70.77    73.61   -90.32  -125.52  -157.27
8   G   73     79.10   -89.00  -154.13    81.79  -107.20   132.54  -169.64
8   C   74   -107.14   163.20    66.64    93.27   167.94   -66.05  -152.74
8   C   75   -145.26  -103.03    66.88    89.41   -97.03   -72.29  -101.96
8   A   76    -79.61    60.19   172.14   149.82 -9999.99 -9999.99   -97.33
