PDB data file name: ./Datasets/pdb_select_tRNA_NoCopie/8fvy_g.pdb_new
-----------------------------------------------------------
CRITERIA USED TO GENERATE BASE-PAIR: 
  3.40 --> upper H-bond length limits (ON..ON).
 26.00 --> max. distance between paired base origins.
  2.50 --> max. vertical distance between paired base origins.
 65.00 --> max. angle between paired bases [0-90].
  5.40 --> min. distance between RN9/YN1 atoms.
  8.00 --> max. distance criterion for helix break[0-12]
-----------------------------------------------------------
BASE-PAIR INSTRUCTIONS: 
Column 1 is rnaview assigned base numbers n1_n2, start from 1.
Column 2 & 3 are chain ID & residue number in input PDB file.
Column 4 is for base pair. The left & right are the bases as 
         identified by column 2 & 3 and 5 & 6.
Column 5 & 6 are residue number & chain ID in input PDB file.
Column 7 is for base pair annotation. The standard Watson-Crick
         (W.C.) pairs are annotated as -/- (AU,AT) or +/+ (GC).
         Other pairs are annotated as Leontis_Westhof Classification.
         The three edges: W(Watson-Crick); H(Hoogsteen); S(suger).
         e.g. W/H means the pair is edge of Watson-Crick & Hoogsteen.
Column 8 is glycosidic bond orientation (either cis or trans).
         e.g. 'W/H cis' means the pair is interaction on Watson-Crick
         and Hoogsteen side, glycosidic bond orientation is 'cis'.
Column 9 corresponds to Saenger Classification.

Other columns: 
        Syn sugar-base conformations are annotated as (syn).
        Stacked base pairs are annotated as (stack).
        Non-identified edges are annotated as (.) or (?)
        Tertiary interactions are marked by (!) in the line.
Reference:
Yang et al (2003) Nucleic Acids Research, Vol31,No13,p3450-3461.
-----------------------------------------------------------
BEGIN_base-pair
    11_23, G:    11 C-G    23 G: +/+ cis         XIX
    47_63, G:    47 C-G    63 G: +/+ cis         XIX
     1_70, G:     1 G-C    70 G: +/+ cis         XIX
    10_24, G:    10 G-C    24 G: +/+ cis         XIX
    25_42, G:    25 G-C    42 G: +/+ cis         XIX
     4_67, G:     4 U-A    67 G: -/- cis         XX
    51_59, G:    51 U-A    59 G: -/- cis         XX
     6_65, G:     6 A-A    65 G: W/W cis         n/a
     5_66, G:     5 A-C    66 G: W/W cis         n/a
     6_66, G:     6 A-C    66 G: W/W cis         n/a
    13_22, G:    13 C-A    22 G: W/W cis         n/a
    26_41, G:    26 C-C    41 G: W/W cis         n/a
    49_61, G:    49 C-C    61 G: W/W cis         n/a
    12_22, G:    12 G-A    22 G: W/W cis         VIII
    29_38, G:    29 G-A    38 G: W/W cis         VIII
    52_59, G:    52 G-A    59 G: W/W cis         VIII
     2_69, G:     2 G-U    69 G: W/W cis         XXVIII
     3_68, G:     3 G-U    68 G: W/W cis         XXVIII
    30_37, G:    30 G-U    37 G: W/W cis         XXVIII
    50_60, G:    50 G-U    60 G: W/W cis         XXVIII
    48_62, G:    48 U-C    62 G: W/W cis         XVIII
    15_46, G:    15 G-G    46 G: W/W tran        III
    31_35, G:    31 G-C    35 G: W/H tran        n/a
    52_56, G:    52 G-U    56 G: W/H tran        n/a
    14_21, G:    14 A-U    21 G: W/S cis         n/a
    27_41, G:    27 G-C    41 G: W/S cis         n/a
    17_53, G:    17 U-A    53 G: W/S tran        n/a
    21_44, G:    21 U-G    44 G: H/W tran     syn  n/a
END_base-pair

Summary of triplets and higher multiplets
BEGIN_multiplets
14_21_44_| [1 3]  G: 14 A  +  G: 21 U  +  G: 44 G
END_multiplets

  The total base pairs =  28 (from   74 bases)
------------------------------------------------
 Standard  WW--cis  WW-tran  HH--cis  HH-tran  SS--cis  SS-tran
        7       14        1        0        0        0        0
  WH--cis  WH-tran  WS--cis  WS-tran  HS--cis  HS-tran
        0        3        2        1        0        0
------------------------------------------------
