The backbone torsional angle for nucleic acid 

 
Note: alpha:   O3'(i-1)-P-O5'-C5'
      beta:    P-O5'-C5'-C4'
      gamma:   O5'-C5'-C4'-C3'
      delta:   C5'-C4'-C3'-O3'
      epsilon: C4'-C3'-O3'-P(i+1)
      zeta:    C3'-O3'-P(i+1)-O5'(i+1)

      chi for pyrimidines(Y): O4'-C1'-N1-C2
          chi for purines(R): O4'-C1'-N9-C4

    (The number -9999.99 means that the angle can not be calculated) 

Ch Res  Num    alpha    beta     gamma    delta  epsilon    zeta     chi
W   C    1  -9999.99    80.28   153.53   147.86  -101.88   108.28   -88.59
W   G    2   -113.57   150.06    55.77    81.14  -176.83   -89.48  -160.78
W   C    3    164.69  -133.89   162.57    81.85  -102.39  -101.97  -176.34
W   G    4     85.94  -135.17  -146.97    85.42  -121.21   -85.19   177.48
W   G    5    -61.16   161.53    50.41    80.23  -152.23   -72.82  -170.94
W   G    6    -68.87   176.91    61.91    82.13  -117.85   -75.81  -168.26
W   G    7    -90.02   106.92   142.65   149.57   -99.81   -11.16  -162.45
W   U    8   -100.42  -161.64    79.87    77.13  -105.77  -102.03  -164.38
W   G    9   -159.91   113.11   163.30   146.55   -84.82   -39.62  -104.88
W   G   10   -151.86   156.78    38.80    86.06  -144.02   -75.24  -167.90
W   A   11    -64.03   170.31    50.32    80.82  -152.57   -77.17  -165.57
W   G   12    -63.17   172.28    52.15    81.53  -110.71  -110.13  -163.07
W   C   13    102.67  -110.36  -149.46    85.07  -156.85   -73.16  -177.59
W   A   14    176.08  -179.27   163.60    81.31  -118.67   -59.95  -179.47
W   G   15    -66.20   154.10    78.75    86.60  -103.42   -44.81  -172.38
W   C   16   -111.65   175.79    66.51    81.09   -98.40   -19.36  -125.44
W   C   17    128.90   139.63   -76.15    81.85 -9999.99 -9999.99  -157.33
W   U  117  -9999.99   123.58    59.47    79.88  -120.57   -82.16  -140.11
W   G   18    -37.73  -159.57  -163.43   157.14   -79.07  -144.02  -117.03
W   G   19    -58.65   159.66    32.83   144.84   -57.66  -148.01   -70.62
W   U   20   -145.81  -109.78    66.63   133.36    66.32    71.13  -156.96
W   A   21    138.64  -150.99  -174.95    82.08    32.34   162.86  -167.60
W   G   22    -31.68   -94.89  -158.07    82.77  -145.38   -90.68  -171.33
W   C   23    -76.51  -174.45    53.48    84.16  -169.37   -94.04  -163.17
W   U   24   -177.19  -140.86   142.31    86.65  -108.31   -58.83  -168.06
W   C   25   -109.92   107.67   120.33    82.50  -152.34   -64.53   179.74
W   G   26   -139.97  -118.76    92.26   156.84  -162.37   -78.95  -147.01
W   U   27    -86.12  -159.66    16.57   139.43  -163.42  -115.72  -109.94
W   C   28    -43.07   168.62    16.72    78.59  -177.39   -88.14  -145.25
W   U   29    140.93  -154.00  -177.49    80.75  -118.43  -104.55  -178.71
W   G   30    -21.36   137.21    31.85    76.93  -145.94   -85.97  -169.71
W   G   31    -50.73   164.12    47.88    77.60  -135.68   -68.10  -173.06
W   C   32    -61.58   170.06    57.50    80.26  -127.05   -78.41  -171.78
W   U   33    -60.54   166.86    55.49    79.20  -121.78   -57.37  -158.90
W   C   34    172.82   146.78    44.62    83.22  -118.58   -91.46  -170.73
W   A   35    -73.08   153.92    59.06    79.67  -144.63   -71.95  -165.83
W   U   36    -66.80   163.54    70.44    76.84   173.08    75.01  -168.96
W   A   37    -70.69   -49.79  -123.37    81.44  -150.45   -63.45   173.25
W   A   38   -154.70  -139.41   100.63    84.32  -137.97   -75.18  -176.40
W   C   39    -56.36   167.48    53.93    80.85  -132.63   -85.70  -169.22
W   C   40    -43.94   156.50    47.15    77.45  -143.05   -92.12  -166.47
W   A   41    -39.09   156.94    42.19    80.58  -159.13   -86.59  -162.63
W   G   42    154.97  -155.91   169.84    84.46  -125.85   -88.89  -177.30
W   A   43    -45.25   159.31    47.63    77.66  -134.06   -97.48  -156.53
W   A   44    -72.59   135.48    80.85    79.75  -159.36   -76.25  -166.48
W   G   45    160.05  -122.04   155.52    82.84  -111.96    36.32  -179.56
W   A   46    142.06    66.43   156.30   143.14   -88.33  -109.08   -78.86
W   U   47    -40.26   108.81   166.94    78.26  -156.70   124.11  -166.46
W   C   48     22.92   136.85    14.33   145.55  -152.06   124.93  -124.85
W   G   49    -33.62  -126.11    67.91    82.83  -152.69   -75.81  -170.14
W   U   50    -65.88   179.79    52.09    81.40  -166.04   -83.63  -165.24
W   C   51    167.88  -145.55   156.99    77.62  -103.05  -105.63  -179.74
W   G   52     87.29  -123.90  -143.60    84.31  -118.47  -111.14   170.45
W   G   53      2.72   137.65    35.40   126.78    71.88    78.39  -143.84
W   U   54   -165.10  -166.45     5.31    79.83   177.88   -92.37  -124.89
W   U   55    151.69  -146.52   165.70    77.40  -177.39    64.32  -161.87
W   C   56    -83.18  -111.61   176.95    85.00  -110.33   -76.67   176.47
W   A   57    -71.60   152.63    59.53    81.03  -134.98   -70.93  -169.51
W   A   58    -59.60  -142.61    61.70   143.45   -88.77  -172.86   -76.48
W   A   59     87.56  -157.88    63.57    85.36  -134.40   -61.54   172.88
W   U   60    -69.67   172.00    70.14   144.36  -107.55   -44.35  -142.95
W   C   61    -89.04  -168.99    25.86    79.05  -154.97   -74.57  -165.20
W   C   62    -64.58   175.68    52.81    79.19  -167.71   -91.99  -159.96
W   G   63    165.47  -149.42   162.34    83.59  -109.62   -92.92   168.89
W   G   64    -56.70   156.22    47.27    82.03  -143.59   -82.33  -170.06
W   C   65    -56.66   166.33    52.77    82.04  -148.39   -76.20  -162.39
W   C   66    -63.05   172.47    50.30    80.79  -147.10   -78.33  -154.39
W   C   67    -59.13   165.34    50.60    79.21  -126.53   -73.95  -147.87
W   C   68    -99.29   128.62   117.34    79.77  -116.39  -126.00   169.43
W   C   69     19.38   118.44     5.64    79.87  -177.62   -92.83  -154.49
W   G   70    167.52  -133.31   153.48    78.99  -136.93   -83.47  -175.25
W   C   71    -51.12   166.35    45.87    81.38  -107.82   -56.76  -161.78
W   A   72    -85.94    92.03   165.17    79.39  -179.83    73.17   172.75
W   A   73    -75.92   -58.64  -143.77    81.35  -140.73    -9.55  -161.49
W   C   74    120.79   162.86  -176.97    82.40  -108.87   176.80  -130.29
W   C   75     24.19  -128.19    63.48   143.62   -88.99   116.01  -112.50
W   A   76     20.29    93.68   146.40   148.00 -9999.99 -9999.99  -148.14
