The backbone torsional angle for nucleic acid 

 
Note: alpha:   O3'(i-1)-P-O5'-C5'
      beta:    P-O5'-C5'-C4'
      gamma:   O5'-C5'-C4'-C3'
      delta:   C5'-C4'-C3'-O3'
      epsilon: C4'-C3'-O3'-P(i+1)
      zeta:    C3'-O3'-P(i+1)-O5'(i+1)

      chi for pyrimidines(Y): O4'-C1'-N1-C2
          chi for purines(R): O4'-C1'-N9-C4

    (The number -9999.99 means that the angle can not be calculated) 

Ch Res  Num    alpha    beta     gamma    delta  epsilon    zeta     chi
D   G  901  -9999.99   122.81   -38.82    90.02   176.57   -68.06  -140.31
D   G  902    163.70  -159.73   169.47    86.35  -108.95  -107.06   168.99
D   G  903    112.96  -127.95  -168.31    83.16  -127.73   -74.47   179.75
D   C  904    -51.54   168.21    48.20    78.08  -163.17   -66.94  -145.89
D   G  905    -66.58  -178.83    45.65    78.40  -151.29   -71.47  -159.59
D   G  906    -59.30   168.51    57.21    82.34  -142.65   -78.18  -164.33
D   C  907    -62.09  -175.11    47.87   100.04     3.77  -164.49  -109.93
D   U  908    -32.03   148.12    35.45    79.19  -143.13   176.06  -162.81
D   A  909     63.22   101.07     3.33    92.90    10.02   159.33   -83.18
D   G  910     98.04  -137.83    84.22    89.98  -151.30   -68.94  -176.07
D   C  911    -73.63  -178.03    54.84    83.95  -146.73   -67.50  -160.04
D   U  912    -70.29   179.65    51.06    79.68  -170.51   -26.38  -163.85
D   C  913   -168.72   139.06   164.93    86.22  -167.30   -46.77  -175.45
D   A  914   -177.25   151.06   165.98    84.41  -149.54   -70.08   179.10
D   G  915    168.20  -150.10   153.08    92.48   -94.99   -74.80  -173.94
D   C  916    -84.57  -167.38    60.97   104.22   -49.56    77.85  -102.67
D   G  917     56.12   159.05   -57.91    97.88    25.72   147.63   -95.54
D   G  918    -37.29   -96.05  -123.28    93.07   159.34   -95.33  -122.70
D   A  919    -83.29  -144.39   170.14    89.05  -179.44    12.15  -123.89
D   A  920   -174.68   -74.81  -155.64    88.75  -154.76  -118.11  -163.46
D   G  921    119.37  -178.24  -168.87    82.76  -155.53   -83.90  -173.68
D   A  922    -51.07   168.49    51.70    83.18  -157.76   -69.55  -160.24
D   G  923    -73.52  -175.34    46.92    85.25  -140.94   -75.01  -159.50
D   C  924    -60.07   163.44    54.41    81.26  -150.56   -62.53  -164.23
D   G  925    -73.60   179.06    55.95    82.21  -146.89   -65.90  -159.47
D   C  926    -58.98   179.90    46.18    81.76  -150.02   -70.20  -153.09
D   U  927    -55.99  -172.64    35.15    79.57  -155.71   -64.63  -154.23
D   C  928    -58.67  -172.07    36.44    79.33  -172.23   -64.53  -144.89
D   G  929    160.57  -176.49   165.05    83.01  -100.48  -130.65   175.48
D   C  930    110.87  -115.98  -169.26    87.74  -105.70   -95.29   172.60
D   C  931     15.07   171.32    47.80    96.07   -56.17  -139.46  -173.19
D   U  932    -59.89   -94.01    90.95    93.07   -97.19  -152.15  -167.63
D   C  933   -151.64   118.78    49.74    83.82  -162.15   168.00  -115.86
D   A  934     44.18  -154.25    56.53    86.34  -153.20   -72.67  -144.62
D   C  935    -77.74   167.78    63.94    84.71  -139.77   -87.41  -147.26
D   A  936    -67.61  -136.92    87.95   109.59   -20.24    52.06  -161.84
D   C  937    137.44   118.11    32.60    87.29    98.70   109.59  -133.17
D   G  938    -50.57   132.68    26.59    76.41  -168.19   -66.50  -176.46
D   C  939    -77.27  -160.66    48.26    82.71  -167.84   -62.90  -161.15
D   G  940    -88.99  -164.18    55.92    81.72  -166.70   -63.33  -166.39
D   A  941    -65.56  -172.93    53.94    86.39  -173.76   -57.72  -162.66
D   G  942    158.10  -173.14   177.44    81.58  -151.92   -73.51  -175.64
D   A  943    -64.97   177.79    54.65    83.43  -138.56   -66.34  -159.99
D   G  944    -59.98   164.35    56.30    83.50  -123.09   -80.31  -149.55
D   G  945    -76.51  -152.23    52.22    85.05  -169.10   -45.28   -87.98
D   U  946    -89.23   -98.16   168.60    81.95  -144.79    90.39  -146.04
D   C  947   -103.46  -138.21    72.21    93.80   145.91   166.21  -140.97
D   G  948     50.40  -173.34    47.76    82.92  -150.17   -69.49  -178.63
D   U  949    -58.56  -175.84    42.33    81.25  -155.34   -66.60  -170.40
D   A  950    -69.91  -173.21    44.78    81.27  -167.87   -84.44  -155.09
D   G  951    149.67  -142.66   176.40    82.78  -109.30   -57.07   175.34
D   G  952   -109.26   104.71   142.75    86.43  -127.49   -60.55   163.48
D   U  953    -73.13  -168.92    46.12    85.38  -138.52   -80.83  -155.29
D   U  954    -68.95   159.50    59.22    86.71  -144.54   -51.88  -150.14
D   C  955    165.76   152.14    50.10    85.67  -144.14   -87.95  -164.85
D   A  956    151.23  -148.88   160.96    86.18   -79.49  -157.77   176.91
D   A  957     21.40   107.87    49.33    95.12   -53.55  -177.36  -106.92
D   G  958    -79.18   136.75   -91.97    82.05  -175.11    30.94     2.94
D   U  959   -115.30  -176.70    63.95   108.33   -52.04  -122.95  -132.77
D   C  960    -61.15   150.30    38.86    82.65  -156.52   -66.37  -158.53
D   C  961    -65.53  -162.03    43.23    84.49  -164.43   -57.74  -170.94
D   U  962    -76.82  -158.59    45.15    81.33  -162.92   -98.19  -153.01
D   A  963    150.98  -136.32   167.77    86.52  -137.65   -66.52   173.16
D   C  964    -50.10   171.54    36.77    78.92  -141.30   -94.12  -163.77
D   G  965    -42.16   151.50    47.07    81.88  -120.69  -131.86  -177.40
D   C  966    111.67  -114.08  -179.56    88.74  -121.73   -76.95   178.18
D   C  967    -70.70   174.95    49.07    82.42  -153.87   -69.00  -156.63
D   G  968    -57.59   176.23    42.14    78.29   179.13   -71.67  -154.93
D   C  969    163.68  -175.85   172.09    88.41  -131.86   -73.84  -172.29
D   C  970    -55.09   164.18    48.24    80.04  -144.94   -76.05  -160.12
D   C  971    -60.66   175.13    51.27    84.00  -155.98   -58.80  -140.56
D   A  972    -75.93  -171.67    51.92    78.32  -150.66   -77.17  -149.73
D   C  973    150.10   152.49    51.31    92.59  -131.71  -171.52   176.82
D   C  974    109.37   -83.49   -97.97    92.72   175.57   -68.70  -118.14
D   A  975   -159.82    94.32   174.87   128.68 -9999.99 -9999.99   -52.93
