The backbone torsional angle for nucleic acid 

 
Note: alpha:   O3'(i-1)-P-O5'-C5'
      beta:    P-O5'-C5'-C4'
      gamma:   O5'-C5'-C4'-C3'
      delta:   C5'-C4'-C3'-O3'
      epsilon: C4'-C3'-O3'-P(i+1)
      zeta:    C3'-O3'-P(i+1)-O5'(i+1)

      chi for pyrimidines(Y): O4'-C1'-N1-C2
          chi for purines(R): O4'-C1'-N9-C4

    (The number -9999.99 means that the angle can not be calculated) 

Ch Res  Num    alpha    beta     gamma    delta  epsilon    zeta     chi
2   G    1  -9999.99 -9999.99    39.39    84.94  -138.63   -77.47   178.21
2   C    2    -60.50   175.71    48.83    81.42  -143.47   -69.96  -164.33
2   C    3    -70.66   171.82    56.85    74.33  -156.62   -67.13  -161.06
2   C    4    -69.17   177.22    56.34    75.83  -172.81   -86.91  -154.89
2   G    5    168.83  -149.08   156.78    82.52  -131.64   -73.69  -173.81
2   G    6    -56.12  -171.56    45.60   139.73  -162.19   -91.44  -136.05
2   A    7    -60.86  -169.62    39.11   136.81   -97.24   -63.65  -103.30
2   U    8    -50.74  -172.21    32.23    82.10  -115.16  -154.03    48.63
2   A    9     37.85   147.41   -48.34   146.97   -90.16   -89.72   -64.72
2   G   10   -167.91   169.93    51.59    85.40  -141.78   -68.29   178.12
2   C   11    -67.75  -179.26    56.12    79.10  -156.97   -64.44  -161.62
2   U   12    -81.40   175.98    67.10    77.95   174.32    25.76  -150.23
2   C   13   -172.30    93.14   159.09    85.98  -165.09   -70.35  -169.14
2   A   14    133.31   171.48  -147.88    89.14  -127.20   -49.92   179.74
2   G   15    -70.60   170.24    60.73    77.35  -124.95  -155.95  -157.87
2   C   16    135.75  -174.80    54.62    84.27 -9999.99 -9999.99    -5.09
2   U   18  -9999.99   173.74   169.59   142.03  -144.58   -91.39  -134.36
2   G   19    -77.33  -143.28    43.27   139.80 -9999.99 -9999.99   -72.37
2   U   20  -9999.99  -162.46    52.69   138.32  -161.10    30.72   -61.58
2   A   21   -101.42  -107.99    75.15    85.48  -115.71  -155.30  -176.72
2   G   22    -69.19   138.85    55.72    78.35  -151.03   -73.80  -172.43
2   A   23    -68.14   176.38    57.42    79.36  -128.90   -83.14  -157.50
2   G   24    -69.62   153.73    64.61    77.82  -154.96   -62.91  -159.36
2   C   25   -106.51   161.76    99.33    75.44  -133.59   -62.81  -164.87
2   A   26    -65.28   173.24    48.19    75.21  -151.06   -55.07  -172.06
2   U   27    -68.62  -173.76    62.66    73.61  -127.03   -74.43  -175.90
2   C   28    -46.31   151.69    60.64    71.99  -137.08   -76.47  -172.79
2   A   29    -70.83   162.46    60.27    72.41  -167.20   -76.43  -164.60
2   G   30    156.04  -171.46  -179.39    83.41  -147.54   -65.66  -172.76
2   A   31    166.10  -170.65   163.11    87.28  -111.31   -72.62   179.83
2   C   32    -56.29   155.59    56.60    83.00  -110.79   -80.92  -161.18
2   U   33    -77.38   139.67    75.57    77.49  -122.09   -53.14  -142.41
2   U   34    146.34   162.64    58.55   137.25  -148.35   -73.14  -157.98
2   U   35    133.53   176.59   166.80    83.69  -165.04   -63.06  -150.63
2   U   36    -94.25   165.63    95.48    83.48  -150.47   -52.30  -165.15
2   A   37    149.08  -173.17   159.92    86.66  -135.64   -57.54  -176.30
2   A   38    -64.56   177.17    41.48    69.87  -133.63   -64.52  -168.20
2   U   39    -53.31   169.02    61.79    80.79  -157.01   -61.13  -166.35
2   C   40   -155.26   176.26   123.19    81.21  -140.40   -75.42  -167.89
2   U   41    -61.86   169.18    56.09    80.40  -111.64   -64.59  -163.83
2   G   42   -109.31    91.26   138.41    87.94  -143.41   -48.56  -177.31
2   A   43   -174.75   156.55   150.56    93.89  -106.37  -112.98   174.76
2   G   44    -41.62   128.97    64.96    79.60  -138.25   -70.99  -170.77
2   G   45    -64.83   163.35    55.98    83.13   -92.72  -115.52  -151.86
2   G   46     71.20  -126.77   -89.22   146.12  -111.31   -63.27  -110.05
2   U   47    116.86   176.09    -3.29   148.30   -99.31   -57.81  -126.74
2   C   48    -64.12   176.79   158.48   147.15  -153.82   138.00  -141.19
2   C   49    -51.82  -118.99    95.31    79.02  -151.94   -67.08  -173.91
2   A   50    -77.71  -169.32    50.20    77.83  -153.74   -68.58  -159.42
2   G   51    -90.58   169.63    80.74    77.10  -153.23   -63.08  -165.58
2   G   52    -96.86   176.68    79.10    76.04  -156.58   -65.10  -170.23
2   G   53    -88.09   174.32    85.46    78.59  -154.16   -67.56  -172.95
2   U   54    -76.90   179.81    60.43    77.19  -123.75   -65.28  -158.15
2   U   55    -62.86   169.56    53.90    78.85  -139.16   -56.54  -138.12
2   C   56    160.21   151.38    56.31    94.01  -128.97   -65.74  -168.74
2   A   57    -89.74   170.44    75.38    81.55  -152.48   -94.92  -160.97
2   A   58     78.78   137.79   -35.30   150.08   -98.61  -176.76   -90.52
2   G   59     89.67  -149.88    76.50    85.55  -152.13   -52.60   179.31
2   U   60    -90.91  -178.38    83.84   133.11  -141.33   -41.82  -138.54
2   C   61   -131.44  -146.97    49.86    79.80  -147.25   -73.24  -168.24
2   C   62    -68.14   170.84    64.30    83.00   -91.83  -127.16  -166.45
2   C   63     77.04  -106.76  -160.08    83.18  -140.08   -61.02  -161.64
2   U   64    -69.31  -179.63    55.96    84.07  -148.30   -77.54  -164.40
2   G   65    124.20  -164.13  -165.73    87.79  -146.57   -68.58  -173.24
2   U   66    -72.66   176.36    57.69    81.36  -138.32   -97.87  -157.88
2   U   67    132.26  -123.46  -169.15    83.03  -127.30   -63.80  -178.18
2   C   68    -70.83   164.18    57.20    83.44  -122.84   -57.66  -158.94
2   G   69   -110.92    88.63   149.49    86.81  -154.71   -65.69  -171.29
2   G   70    147.06   168.85   166.24    85.78  -117.77   -95.64  -168.89
2   G   71    -29.08   135.14    48.89    64.41    91.20    68.08  -163.03
2   C   72     41.51  -175.51  -158.25    83.33  -118.83   -73.37  -149.32
2   G   73    -69.23   161.56    56.06    76.10  -140.56   144.02  -148.03
2   C   74    -97.31   136.95    53.10    80.31  -149.88  -116.26  -164.99
2   C   75     50.81   135.25   -25.07    99.96  -111.14   -41.47  -125.04
2   A   76   -113.55    74.20   156.42    97.33 -9999.99 -9999.99  -123.58
