The backbone torsional angle for nucleic acid 

 
Note: alpha:   O3'(i-1)-P-O5'-C5'
      beta:    P-O5'-C5'-C4'
      gamma:   O5'-C5'-C4'-C3'
      delta:   C5'-C4'-C3'-O3'
      epsilon: C4'-C3'-O3'-P(i+1)
      zeta:    C3'-O3'-P(i+1)-O5'(i+1)

      chi for pyrimidines(Y): O4'-C1'-N1-C2
          chi for purines(R): O4'-C1'-N9-C4

    (The number -9999.99 means that the angle can not be calculated) 

Ch Res  Num    alpha    beta     gamma    delta  epsilon    zeta     chi
B   G  902  -9999.99 -9999.99   163.37    88.59  -140.85   -65.61   178.33
B   G  903    -70.41   177.65    54.43    77.17  -156.20   -75.12  -168.66
B   G  904    -37.25   164.47    45.34    80.09  -159.05   -60.06  -160.37
B   G  905    153.58  -176.67  -179.21    82.43  -144.12   -73.92  -171.01
B   U  906    -61.10   172.15    52.35    81.65   176.52   -79.21  -157.35
B   A  907    179.30  -134.94   169.96   104.33   -81.38   -49.92  -167.22
B   U  908    -66.70  -138.41    57.57    82.01  -152.14  -128.15  -161.38
B   C  909   -114.29  -145.03    93.58   108.19   -63.88  -100.90  -121.84
B   G  910   -148.67   158.19    41.72    87.58  -150.60   -67.60  -176.89
B   C  911    -75.57  -167.10    52.19    83.91  -162.11   -74.24  -159.84
B   C  912    136.32  -165.81  -171.56    83.34  -126.82   -63.14  -172.33
B   A  913    -45.27   165.12    50.84    78.99  -177.65   -73.62  -156.69
B   A  914    174.79   170.54   172.25    90.45  -119.67   -62.76  -169.98
B   G  915    -47.63   152.63    55.43    83.32   173.76    24.92  -144.43
B   C  916   -153.50  -102.51    49.86    89.11    74.05  -140.55   105.97
B   G  918     40.54  -173.46    37.30    92.64   -27.50   147.16  -117.96
B   G  919   -105.45   124.52    77.62    89.51  -170.17  -156.14  -133.53
B   U  920    -47.37   112.33    82.14    90.57   -91.22   118.53  -150.57
B   A  921    174.39   178.45   175.09    87.80  -147.83  -125.74  -155.06
B   A  922    154.13   142.98   175.80    84.47  -134.72   -60.50  -163.27
B   G  923    -54.48   166.16    48.45    80.90  -154.28   -75.89  -170.89
B   G  924    -62.22   173.86    55.97    80.57  -149.91   -69.21  -167.19
B   C  925    -58.65   170.15    50.68    77.10  -147.48   -53.94  -166.52
B   A  926    -72.13  -178.95    53.66    80.55  -154.98   -59.36  -159.16
B   C  927    -57.10   174.40    49.40    79.16  -152.11   -69.42  -154.28
B   C  928    -68.39  -165.73    45.40    85.79  -176.80   -61.86  -139.62
B   G  929    150.98   176.17  -179.50    87.71  -126.58   -73.95  -175.39
B   G  930    -62.95   163.76    49.31    78.16  -166.22   -66.95  -170.75
B   A  931    -56.88  -166.28    45.11    83.57  -154.60   -93.96  -153.31
B   U  932    132.74  -136.36  -177.35    84.75  -108.50   -76.67   179.03
B   U  933    -59.04   162.17    50.82    83.92  -109.14  -119.73  -154.00
B   C  934     57.41  -130.35    45.61    94.42    13.87    80.96  -127.06
B   U  935   -139.62  -134.41   106.15   105.54  -138.33    -0.76  -149.87
B   G  936   -104.35  -100.55   158.50    97.89  -143.29    61.02  -128.91
B   A  937   -117.44  -166.78    59.63    80.38  -144.45   -62.09  -175.64
B   U  938    -59.68   164.29    58.14    83.82  -137.92   -63.49  -167.63
B   U  939    -62.03   175.80    49.66    85.35  -158.11   -58.96  -156.61
B   C  940    -61.80   179.14    45.02    85.42  -124.90  -134.76  -156.32
B   C  941    106.39  -110.87  -178.77    83.86  -105.46   -94.81   179.95
B   G  942    -49.44   145.49    52.42    76.04  -151.21   -69.06  -170.12
B   G  943    -60.86  -179.41    49.54    77.43  -148.59   -71.72  -159.91
B   C  944    -53.14   170.91    47.61    79.35  -104.05  -128.22  -141.43
B   A  945    -36.16  -175.40    57.84    85.57   169.16    20.19  -113.28
B   U  946    103.74   118.52   -74.82    83.65  -167.46  -173.88  -171.87
B   U  947    -80.45   116.90    49.83    86.20  -176.81  -133.72   124.73
B   C  948     -5.86   130.66    49.60    97.46   176.96   152.78  -152.99
B   C  949     28.84  -148.13    46.80    86.95  -154.39   -66.37  -166.74
B   G  950    -58.44   179.51    50.48    82.81  -155.08   -76.13  -159.88
B   A  951    -56.96   172.99    38.86    80.35  -159.85   -85.31  -152.43
B   G  952    146.66  -156.25   178.35    82.12  -132.30   -76.75  -177.96
B   G  953    -35.83   159.79    46.57    80.89  -159.34   -64.40  -172.01
B   U  954    -85.47  -157.94    50.49    86.40  -160.00   -59.59  -160.69
B   U  955    -77.60  -177.19    54.59    88.08  -122.76  -101.26  -162.51
B   C  956    151.46  -152.44    49.31    84.58  -139.67   -75.38  -164.99
B   G  957    -57.34   156.73    57.60    84.66  -152.64   -49.56   179.89
B   A  958    -73.23  -118.13    67.16   103.41  -176.55  -101.54   -91.54
B   A  959    164.31  -164.42    46.37    87.25  -167.59   -65.84  -160.24
B   U  960    162.15  -127.31   160.57    96.67   -70.15   -66.31  -165.49
B   C  961    -90.20  -161.05    50.88    85.45  -152.89   -76.57  -168.97
B   C  962    -67.25  -178.67    53.35    85.09  -165.84   -56.54  -170.53
B   U  963    -73.25  -165.27    46.23    80.16  -152.40   -87.63  -152.51
B   C  964    -47.77   154.91    46.39    83.76  -152.28   -87.43  -152.79
B   G  965    144.76  -145.85  -178.35    84.89  -134.66   -78.72   177.86
B   U  966    -56.79   171.94    44.30    80.70  -153.55   -75.60  -161.91
B   A  967    -53.37   171.51    46.79    83.04  -149.40   -78.28  -154.43
B   C  968    -63.49   166.50    54.46    80.83  -161.12   -70.98  -152.95
B   C  969    -67.70   179.02    55.63    82.15  -148.13   -72.88  -172.41
B   C  970    -66.42   175.97    52.49    80.56  -150.77   -76.28  -160.30
B   C  971    -61.15   178.25    50.20    84.27  -136.97   -88.21  -148.19
B   A  972    -66.47  -166.10    55.40    86.65  -141.28    98.13  -164.27
B   G  973     56.42   119.24   169.25   116.68   -97.31  -131.39    32.09
B   C  974     39.73  -134.05    82.43   115.79  -156.40    76.81  -139.03
B   C  975     82.04   103.36   178.01    82.43  -139.52   -70.17  -160.27
B   A  976    -57.74   163.11    54.52    87.75 -9999.99 -9999.99  -150.66
