PDB data file name: ./Datasets/pdb_select_tRNA/8btr_v.pdb_new
-----------------------------------------------------------
CRITERIA USED TO GENERATE BASE-PAIR: 
  3.40 --> upper H-bond length limits (ON..ON).
 26.00 --> max. distance between paired base origins.
  2.50 --> max. vertical distance between paired base origins.
 65.00 --> max. angle between paired bases [0-90].
  5.40 --> min. distance between RN9/YN1 atoms.
  8.00 --> max. distance criterion for helix break[0-12]
-----------------------------------------------------------
BASE-PAIR INSTRUCTIONS: 
Column 1 is rnaview assigned base numbers n1_n2, start from 1.
Column 2 & 3 are chain ID & residue number in input PDB file.
Column 4 is for base pair. The left & right are the bases as 
         identified by column 2 & 3 and 5 & 6.
Column 5 & 6 are residue number & chain ID in input PDB file.
Column 7 is for base pair annotation. The standard Watson-Crick
         (W.C.) pairs are annotated as -/- (AU,AT) or +/+ (GC).
         Other pairs are annotated as Leontis_Westhof Classification.
         The three edges: W(Watson-Crick); H(Hoogsteen); S(suger).
         e.g. W/H means the pair is edge of Watson-Crick & Hoogsteen.
Column 8 is glycosidic bond orientation (either cis or trans).
         e.g. 'W/H cis' means the pair is interaction on Watson-Crick
         and Hoogsteen side, glycosidic bond orientation is 'cis'.
Column 9 corresponds to Saenger Classification.

Other columns: 
        Syn sugar-base conformations are annotated as (syn).
        Stacked base pairs are annotated as (stack).
        Non-identified edges are annotated as (.) or (?)
        Tertiary interactions are marked by (!) in the line.
Reference:
Yang et al (2003) Nucleic Acids Research, Vol31,No13,p3450-3461.
-----------------------------------------------------------
BEGIN_base-pair
     4_68, V:     4 A-U    68 V: -/- cis         XX
     6_66, V:     6 A-U    66 V: -/- cis         XX
    49_63, V:    49 A-U    63 V: -/- cis         XX
     3_69, V:     3 C-G    69 V: +/+ cis         XIX
    11_23, V:    11 C-G    23 V: +/+ cis         XIX
    13_21, V:    13 C-G    21 V: +/+ cis         XIX
     2_70, V:     2 G-C    70 V: +/+ cis         XIX
     5_67, V:     5 G-C    67 V: +/+ cis         XIX
     7_65, V:     7 G-C    65 V: +/+ cis         XIX
    12_22, V:    12 G-C    22 V: +/+ cis         XIX
    18_55, V:    18 G-C    55 V: +/+ cis    syn    XIX
    28_40, V:    28 G-C    40 V: +/+ cis         XIX
    29_39, V:    29 G-C    39 V: +/+ cis         XIX
    30_38, V:    30 G-C    38 V: +/+ cis         XIX
    48_64, V:    48 G-C    64 V: +/+ cis         XIX
    51_61, V:    51 G-C    61 V: +/+ cis         XIX
    52_60, V:    52 G-C    60 V: +/+ cis         XIX
    27_41, V:    27 U-A    41 V: -/- cis         XX
    50_62, V:    50 U-A    62 V: -/- cis         XX
    14_19, V:    14 A-A    19 V: W/W cis         n/a
    25_43, V:    25 G-A    43 V: W/W cis         VIII
    10_24, V:    10 G-U    24 V: W/W cis         XXVIII
    24_44, V:    24 U-G    44 V: W/W cis         XXVIII
    15_47, V:    15 G-C    47 V: W/W tran        XXII
     8_14, V:     8 U-A    14 V: W/H tran        XXIV
    14_20, V:    14 A-A    20 V: W/S tran        n/a
    17_54, V:    17 G-U    54 V: W/S tran        n/a
    21_45, V:    21 G-G    45 V: H/W tran        VII
     9_22, V:     9 G-C    22 V: H/H tran   syn    n/a
    26_42, V:    26 C-G    42 V: S/W cis         n/a
    15_19, V:    15 G-A    19 V: S/H tran        XI
END_base-pair

Summary of triplets and higher multiplets
BEGIN_multiplets
8_14_20_| [1 3]  V: 8 U  +  V: 14 A  +  V: 20 A
9_12_22_| [2 3]  V: 9 G  +  V: 12 G  +  V: 22 C
10_24_44_| [3 3]  V: 10 G  +  V: 24 U  +  V: 44 G
13_21_45_| [4 3]  V: 13 C  +  V: 21 G  +  V: 45 G
15_19_47_| [5 3]  V: 15 G  +  V: 19 A  +  V: 47 C
END_multiplets

  The total base pairs =  31 (from   75 bases)
------------------------------------------------
 Standard  WW--cis  WW-tran  HH--cis  HH-tran  SS--cis  SS-tran
       19        4        1        0        1        0        0
  WH--cis  WH-tran  WS--cis  WS-tran  HS--cis  HS-tran
        0        2        1        2        0        1
------------------------------------------------
