The backbone torsional angle for nucleic acid 

 
Note: alpha:   O3'(i-1)-P-O5'-C5'
      beta:    P-O5'-C5'-C4'
      gamma:   O5'-C5'-C4'-C3'
      delta:   C5'-C4'-C3'-O3'
      epsilon: C4'-C3'-O3'-P(i+1)
      zeta:    C3'-O3'-P(i+1)-O5'(i+1)

      chi for pyrimidines(Y): O4'-C1'-N1-C2
          chi for purines(R): O4'-C1'-N9-C4

    (The number -9999.99 means that the angle can not be calculated) 

Ch Res  Num    alpha    beta     gamma    delta  epsilon    zeta     chi
B   G    1  -9999.99   -73.43  -159.65   107.82  -103.28   -77.86   163.32
B   C    2    -64.68   158.11    45.99    80.18  -130.60  -106.81  -149.68
B   C    3    -28.99   143.57    27.57    69.67   165.05   -73.54  -175.66
B   C    4   -175.77  -101.98   116.69    63.41  -108.08  -123.03   175.60
B   G    5     63.32  -103.91  -132.88   108.26  -101.23   -95.41   171.29
B   G    6     94.64  -131.67  -147.90    99.34  -120.99   -94.10  -179.18
B   A    7    -53.76   153.88    74.33   140.50   -91.18   -52.13  -146.22
B   U    8    -55.25  -176.12    46.85    88.27  -106.25   -70.98  -167.36
B   G    9   -166.51    94.94   165.54   149.65  -120.18   -66.47    72.86
B   G   10    154.31  -150.93    51.93    77.78  -169.90   -65.49   176.64
B   U   11   -102.26  -161.87    75.25    77.49  -157.76   -68.33  -170.06
B   G   12    -51.02  -170.54    23.64    66.62   149.14    64.08  -142.70
B   G   13   -153.94    87.25   147.69    98.38  -149.75   -90.66  -177.34
B   A   14     98.60   167.41  -105.76   108.74  -147.94   -55.27  -162.65
B   A   15    -65.35   176.16    35.28    78.68  -178.30   164.95  -152.92
B   U   16   -106.00   164.39    38.56   144.47  -101.67   -85.70  -115.69
B   C   17   -160.95  -141.44    44.88   147.78   -78.88  -107.87  -132.67
B   G   18     37.36  -138.32    77.38   141.29  -134.20  -103.76  -117.78
B   G   19    -83.11  -163.92    44.38   131.88  -118.87  -168.32   -86.26
B   U   20    -74.77  -124.14    82.56   138.58   -90.31   -79.57  -115.92
B   A   20    -45.57   148.01   159.62    91.98  -139.55   -63.90  -173.16
B   G   21    -68.38   170.91    54.56    83.83  -152.89   138.26  -147.50
B   A   22    -53.51   138.27    34.81    88.20  -119.20   -60.84  -171.15
B   C   23    -79.22   170.60    55.23    79.92  -144.48   -69.78  -159.78
B   A   24    -69.53   158.90    68.38    76.00  -138.67   -84.68  -164.15
B   C   25    -52.20   160.14    53.10    78.52  -150.11   -65.91  -166.46
B   A   26    -57.25   173.42    44.72    84.10  -119.16   -72.91  -162.32
B   A   27     55.96  -119.16   -89.17   113.67  -128.32   -51.89  -161.86
B   G   28    -82.61   151.15    68.33    62.24  -147.69   -69.08  -161.30
B   G   29    -61.95   153.17    53.16    70.82  -146.72   -81.63  -164.84
B   G   30    -55.03   163.57    56.21    67.88  -146.94   -75.62  -172.63
B   A   31    -40.11  -171.43    57.89   134.69 -9999.99 -9999.99   176.10
B   U   39  -9999.99   155.72    96.99    87.87   -73.81  -152.18   134.16
B   C   40    -46.04   114.07    54.11    78.30   154.58   -85.86  -127.67
B   C   41   -164.25   -94.12    94.95    71.64  -155.65   -60.48  -157.06
B   C   42    -76.59   164.70    78.89    78.74  -133.75   -89.93  -163.78
B   U   43    -56.17   168.71    35.99    82.34  -131.06  -113.93  -164.25
B   C   44     11.42   118.32    21.66    76.60  -152.87  -135.83  -151.52
B   G   45     49.70  -165.87    71.76    77.95  -153.96   -67.07  -172.76
B   G   46    -74.72  -167.54    50.90    81.53  -154.49   -66.16  -160.46
B   C   47    -81.94  -169.58    48.97    79.64  -168.69   -62.73  -163.88
B   G   47   -109.11  -149.57    73.78    77.01  -168.43   -54.86  -160.62
B   U   47    -80.59  -173.82    71.30    79.04  -153.89   -92.74  -152.80
B   U   47   -143.85   130.34    50.68   130.23  -119.93   -64.78  -123.79
B   C   47   -132.96  -122.36    92.66   147.82   -82.10    52.92  -103.17
B   G   47    161.95  -163.34    88.59    71.06  -167.72   -78.37    73.25
B   C   47    161.21  -130.87   176.09    91.57  -170.74   -53.26  -162.06
B   G   47    -85.29  -176.79    54.71    80.61  -126.59  -100.27  -174.37
B   C   47    -48.45   136.58    57.53    75.78  -123.17   -93.81  -176.09
B   U   47    -31.88   145.10    46.91    79.23  -142.63   -78.47  -165.01
B   G   47    -62.18   163.39    62.07    77.91  -157.42   -94.27  -155.43
B   U   48    -46.62  -153.25    59.19   140.63  -158.74    83.83  -125.04
B   G   49     56.65   157.80    28.79    88.96  -178.09   -89.55  -171.67
B   C   50   -167.13  -124.09   117.36    72.11  -151.97   -86.93  -172.34
B   G   51   -178.30  -148.08   143.95    67.61   -99.13  -121.80   176.45
B   G   52     81.40  -109.99  -149.74    87.77  -115.80   -79.78   176.78
B   G   53    -57.27   163.37    62.38    73.21  -130.87   -88.43  -175.05
B   U   54    -40.45   173.43    35.84    84.62  -147.62   -55.47  -148.84
B   U   55    -58.00   165.13    38.45    81.32  -134.10   -71.67  -154.06
B   C   56    170.70   159.96    45.89    84.02  -119.02   -83.39  -178.52
B   A   57    -46.60   171.10    38.36    90.96  -146.75  -100.99  -163.06
B   A   58     51.86   163.40    -8.55   161.74   -87.26   177.49   -74.41
B   G   59     68.83  -160.16    74.80    85.96  -143.92   -56.51  -174.16
B   U   60    -62.17   171.85    63.88   135.72  -101.38   -62.50  -134.63
B   C   61    -86.96  -172.39    37.24    83.68  -161.15   -68.67  -163.08
B   C   62    -81.57  -175.95    59.81    82.12  -168.17   -61.77  -159.71
B   C   63    -90.40  -162.04    56.92    82.78  -151.05   -38.70  -155.54
B   G   64   -134.53   102.87   148.23    91.72  -100.38  -104.50  -178.86
B   C   65     89.94  -133.36  -151.56   104.43  -100.62  -101.31   170.87
B   U   66    -39.82   156.24    37.16    79.42  -161.58   -61.65  -158.08
B   C   67    -89.38   175.43    80.18    81.02  -141.65  -116.48  -173.15
B   C   68      3.15   122.92    34.42    71.60  -155.00   -79.87  -167.82
B   G   69    -66.74   170.68    57.13    84.30  -135.46  -129.28  -168.18
B   G   70     13.50   111.48    25.04    70.12   178.27   -82.67  -162.69
B   G   71   -172.28  -138.62   140.46    76.86  -127.01   -75.58  -179.09
B   U   72    -53.12   163.01    44.77    74.57  -162.01  -124.01  -159.65
B   A   73     22.36   133.78     7.72    77.53  -165.18   -65.87  -151.92
B   C   74   -109.62   160.47  -156.21   151.27   -84.28   -58.08   -95.54
B   C   75    -62.88  -158.73    36.90   149.39  -109.33    68.89  -109.20
B DJF   76   -129.56   178.78    65.59    98.89 -9999.99 -9999.99   -89.29
