The backbone torsional angle for nucleic acid 

 
Note: alpha:   O3'(i-1)-P-O5'-C5'
      beta:    P-O5'-C5'-C4'
      gamma:   O5'-C5'-C4'-C3'
      delta:   C5'-C4'-C3'-O3'
      epsilon: C4'-C3'-O3'-P(i+1)
      zeta:    C3'-O3'-P(i+1)-O5'(i+1)

      chi for pyrimidines(Y): O4'-C1'-N1-C2
          chi for purines(R): O4'-C1'-N9-C4

    (The number -9999.99 means that the angle can not be calculated) 

Ch Res  Num    alpha    beta     gamma    delta  epsilon    zeta     chi
V   A    1  -9999.99 -9999.99   -81.68    85.46  -118.80  -107.11  -178.75
V   G    2    -30.73   140.05    40.52    88.34  -116.92   -84.38  -171.29
V   C    3    -42.36   146.22    45.89    74.49  -140.68   -67.82  -162.96
V   A    4   -105.57   170.85    93.85    86.23  -141.08   -59.29  -174.44
V   G    5   -136.79   129.53   133.44    89.95  -133.76   -63.87   173.97
V   A    6    -87.66  -175.01    61.17    82.81  -122.13   -78.89  -166.52
V   G    7   -100.96    99.63   142.00   149.10  -119.51    -9.44  -169.30
V   U    8   -133.71  -129.33    77.44    82.15  -125.64  -145.63  -167.66
V   G    9     77.73  -141.52   -96.42   147.03   -97.00   -45.26  -104.25
V   G   10    140.60   175.05    90.66    81.06  -120.13  -102.51   172.94
V   C   11    -21.83   141.34    43.17    89.67  -160.35   -91.50  -165.59
V   G   12    167.55  -134.60   141.55    72.72  -129.11   -53.04  -172.13
V   C   13   -118.86   135.53   131.31    85.67  -122.50  -108.52  -179.56
V   A   14     83.89  -130.77  -122.32    88.04  -113.03   -35.23   178.83
V   G   15   -120.43   118.44   126.90   100.10   -99.63  -154.30   167.64
V   C   16     83.71   109.49    26.85   141.70   -83.77   106.71   -67.84
V   G   17     51.08  -127.31   -64.03   132.52   -92.24  -117.44  -160.26
V   G   18    -14.84   125.68     9.45   142.78  -108.91   -24.31   -91.68
V   A   19    -99.53  -134.66     8.14    87.53  -153.77  -103.94   167.17
V   A   20    131.80   -90.10  -131.67   105.01  -114.11  -140.28   177.18
V   G   21   -101.01   139.22    77.22    80.02  -132.52  -101.81   179.89
V   C   22    -32.77   146.76    46.82    78.28  -124.76  -117.81  -169.56
V   G   23    -10.91   125.89    31.95    85.28  -131.80   -53.57  -161.18
V   U   24   -117.56   132.03   113.13    82.19  -124.08   -91.60  -172.98
V   G   25    -47.43   151.98    51.59    89.87  -127.43   -67.13  -168.31
V   C   26    -75.19   161.07    62.78    79.31  -127.37  -109.09  -156.82
V   U   27    -37.92   141.32    42.66    73.22  -134.36   -45.72  -156.29
V   G   28   -130.97   105.68   142.24    78.62  -112.09  -112.06   167.89
V   G   29    -11.15   148.41    22.36    81.94  -132.67   -46.44  -168.54
V   G   30   -129.85   111.19   141.46    98.53  -116.47   -71.20   173.39
V   C   31    -79.96   160.16    73.74    85.09  -151.91    31.40  -166.93
V   C   32    174.75    97.11   137.87    88.22  -108.92   -45.91  -161.74
V   C   33   -157.47   131.29    24.64    88.35  -153.62   -98.29  -168.09
V   A   34    156.45  -135.76   151.90    83.76  -125.77  -109.90  -179.79
V   U   35    -27.81   142.06    40.73    81.50  -145.57   -18.90  -159.86
V   A   36   -150.48    97.49   164.09    93.66  -111.51   -30.50   174.02
V   A   37   -125.93   105.66   138.03    76.15  -115.35   -37.57   -14.87
V   C   38    -80.30   178.03    63.05    85.30  -130.88   -82.84  -166.99
V   C   39    -79.27   157.66    65.05    81.04  -149.06   -80.64  -164.84
V   C   40    -59.13   168.50    49.40    75.04  -136.14   -90.00  -163.36
V   A   41    112.57  -147.59  -141.09    81.48  -133.37   -84.83  -174.05
V   G   42    -67.43   151.61    72.39    83.52  -121.82   -90.91  -174.06
V   A   43    -69.54   138.29    76.62    88.95  -125.43   -28.33  -176.02
V   G   44   -133.45    84.50   163.94   102.58   -69.01  -156.41  -175.91
V   G   45     14.72   106.49    32.96    95.87   -93.82  -150.45  -110.01
V   U   46     35.98   104.36   150.39    72.61  -156.48    93.52  -169.28
V   C   47     16.15   110.20    30.21    91.04  -118.51   133.24  -154.44
V   G   48    -74.04  -128.41    99.63    78.43  -137.62  -114.09   175.26
V   A   49    153.57  -143.78   164.35    82.09  -125.33   -74.18   174.13
V   U   50    -58.31   170.11    57.34    77.86  -128.86   -29.99  -163.82
V   G   51   -118.12    97.64   161.69    76.46  -125.93   -59.71   176.13
V   G   52    -99.34   158.04    91.41    84.88  -123.23  -103.77   172.75
V   A   53    -23.25   129.43    67.44    86.34  -120.91   -75.42  -130.56
V   U   54    -49.59   175.96   -36.43    72.97  -144.27   -91.86  -163.97
V   C   55    159.14  -149.09    83.29   151.56  -137.08   -75.73  -174.37
V   G   56    134.55   121.88   138.29   106.78  -134.08  -118.68   164.58
V   A   57     91.67   111.81     3.00   147.87  -133.36   156.21   -63.59
V   A   58      6.10   137.82  -112.93    86.42  -129.62   -35.23   178.84
V   A   59   -102.45   157.26   102.58   140.22  -120.97   -30.34  -152.98
V   C   60    -94.30  -170.91    17.14    76.30  -134.06  -104.68  -169.38
V   C   61    -35.95   143.77    46.92    83.93  -141.85  -114.28  -157.67
V   A   62    119.48  -139.90  -171.44    93.65  -117.16  -106.67   179.97
V   U   63    -16.60   140.50    19.15    78.26  -139.47   -70.44  -151.13
V   C   64    -95.44   150.04    91.24    75.47  -136.37  -100.76  -171.82
V   C   65    -15.22   142.89    28.02    82.01  -127.83   -92.10  -165.84
V   U   66    -35.99   144.29    45.67    78.63  -120.66   -58.22  -158.81
V   C   67   -113.57    98.54   143.91    90.48  -138.37   -53.48  -176.11
V   U   68   -100.18   161.96   110.93   118.49  -157.08   -97.06  -165.50
V   G   69    170.53  -155.71   126.51    79.49  -155.41  -108.82  -156.90
V   C   70    152.72  -131.48   151.90    89.64  -131.52   -89.13  -142.87
V   U   71   -100.87   136.23    96.99    93.51  -151.30  -164.36  -111.11
V   A   72     99.14   158.87   -62.63    99.63  -106.19  -130.76  -179.72
V   C   73     -9.02   116.15    49.02   128.72   -85.84  -172.68  -133.85
V   C   74     18.02  -111.74   161.03   144.20  -128.11   155.80   -59.19
V   A   75    -35.63   116.57    33.35    86.73 -9999.99 -9999.99  -122.53
