PDB data file name: tRNA_dataset/4yye_chain_D.pdb_new
-----------------------------------------------------------
CRITERIA USED TO GENERATE BASE-PAIR: 
  3.40 --> upper H-bond length limits (ON..ON).
 26.00 --> max. distance between paired base origins.
  2.50 --> max. vertical distance between paired base origins.
 65.00 --> max. angle between paired bases [0-90].
  5.40 --> min. distance between RN9/YN1 atoms.
  8.00 --> max. distance criterion for helix break[0-12]
-----------------------------------------------------------
BASE-PAIR INSTRUCTIONS: 
Column 1 is rnaview assigned base numbers n1_n2, start from 1.
Column 2 & 3 are chain ID & residue number in input PDB file.
Column 4 is for base pair. The left & right are the bases as 
         identified by column 2 & 3 and 5 & 6.
Column 5 & 6 are residue number & chain ID in input PDB file.
Column 7 is for base pair annotation. The standard Watson-Crick
         (W.C.) pairs are annotated as -/- (AU,AT) or +/+ (GC).
         Other pairs are annotated as Leontis_Westhof Classification.
         The three edges: W(Watson-Crick); H(Hoogsteen); S(suger).
         e.g. W/H means the pair is edge of Watson-Crick & Hoogsteen.
Column 8 is glycosidic bond orientation (either cis or trans).
         e.g. 'W/H cis' means the pair is interaction on Watson-Crick
         and Hoogsteen side, glycosidic bond orientation is 'cis'.
Column 9 corresponds to Saenger Classification.

Other columns: 
        Syn sugar-base conformations are annotated as (syn).
        Stacked base pairs are annotated as (stack).
        Non-identified edges are annotated as (.) or (?)
        Tertiary interactions are marked by (!) in the line.
Reference:
Yang et al (2003) Nucleic Acids Research, Vol31,No13,p3450-3461.
-----------------------------------------------------------
BEGIN_base-pair
     4_67, D:     4 A-U    69 D: -/- cis         XX
     6_65, D:     6 A-U    67 D: -/- cis         XX
    11_22, D:    11 C-G    24 D: +/+ cis         XIX
    27_39, D:    29 C-G    41 D: +/+ cis         XIX
     1_70, D:     1 G-C    72 D: +/+ cis         XIX
    10_23, D:    10 G-C    25 D: +/+ cis         XIX
    17_54, D:    19 G-C    56 D: +/+ cis    syn    XIX
    28_38, D:    30 G-C    40 D: +/+ cis         XIX
    49_61, D:    51 G-C    63 D: +/+ cis         XIX
    50_60, D:    52 G-C    62 D: +/+ cis         XIX
    51_59, D:    53 G-C    61 D: +/+ cis         XIX
     2_69, D:     2 U-A    71 D: -/- cis         XX
     3_68, D:     3 U-A    70 D: -/- cis         XX
     5_66, D:     5 U-A    68 D: -/- cis         XX
     7_64, D:     7 U-A    66 D: -/- cis         XX
    12_21, D:    12 U-A    23 D: -/- cis         XX
    25_41, D:    27 U-A    43 D: -/- cis         XX
    26_40, D:    28 U-A    42 D: -/- cis         XX
    47_63, D:    49 U-A    65 D: -/- cis         XX
    24_42, D:    26 A-A    44 D: W/W cis         n/a
    48_62, D:    50 G-U    64 D: W/W cis         XXVIII
    13_20, D:    13 U-G    22 D: W/W cis         XXVIII
    29_37, D:    31 U-U    39 D: W/W cis         XVI
    30_32, D:    32 U-U    34 D: W/W cis         XVI
    15_46, D:    15 A-U    48 D: W/W tran        XXI
     8_14, D:     8 U-A    14 D: W/H tran        XXIV
    52_56, D:    54 U-A    58 D: W/H tran     syn  XXIV
    14_19, D:    14 A-A    21 D: W/S cis         n/a
    16_53, D:    18 G-U    55 D: W/S tran        n/a
    20_44, D:    22 G-G    46 D: H/W tran     syn  VII
     9_21, D:     9 A-A    23 D: H/H tran   syn    II
    17_18, D:    19 G-U    20 D: S/H cis    syn    n/a
    33_34, D:    35 G-U    36 D: S/H cis         n/a
END_base-pair

Summary of triplets and higher multiplets
BEGIN_multiplets
8_14_19_| [1 3]  D: 8 U  +  D: 14 A  +  D: 21 A
9_12_21_| [2 3]  D: 9 A  +  D: 12 U  +  D: 23 A
13_20_44_| [3 3]  D: 13 U  +  D: 22 G  +  D: 46 G
17_18_54_| [4 3]  D: 19 G  +  D: 20 U  +  D: 56 C
END_multiplets

  The total base pairs =  33 (from   72 bases)
------------------------------------------------
 Standard  WW--cis  WW-tran  HH--cis  HH-tran  SS--cis  SS-tran
       19        5        1        0        1        0        0
  WH--cis  WH-tran  WS--cis  WS-tran  HS--cis  HS-tran
        0        3        1        1        2        0
------------------------------------------------
