The backbone torsional angle for nucleic acid 

 
Note: alpha:   O3'(i-1)-P-O5'-C5'
      beta:    P-O5'-C5'-C4'
      gamma:   O5'-C5'-C4'-C3'
      delta:   C5'-C4'-C3'-O3'
      epsilon: C4'-C3'-O3'-P(i+1)
      zeta:    C3'-O3'-P(i+1)-O5'(i+1)

      chi for pyrimidines(Y): O4'-C1'-N1-C2
          chi for purines(R): O4'-C1'-N9-C4

    (The number -9999.99 means that the angle can not be calculated) 

Ch Res  Num    alpha    beta     gamma    delta  epsilon    zeta     chi
D   G    1  -9999.99  -170.88    61.65    82.20  -149.36   -74.55  -166.14
D   U    2    -60.75   175.22    46.23    81.82  -144.40   -73.52  -161.25
D   U    3    -65.14   172.41    49.23    78.90  -150.40   -74.81  -152.45
D   A    4    -58.04   169.77    46.83    80.36  -146.31   -73.10  -159.67
D   U    5    -58.13   166.77    55.02    79.26  -152.90   -60.69  -158.16
D   A    6    -90.66   160.43    92.71    78.34  -149.09   -79.71  -169.03
D   U    7    -47.43   171.75    54.77   141.54   -91.77   -61.70  -123.87
D   U    8    -57.68  -174.19    60.47    81.12   -96.72  -134.94  -166.24
D   A    9    -78.56  -167.42    41.70   139.43   -91.59   -77.16   -74.88
D   G   10    178.71   162.50    51.54    88.99  -137.40   -79.52   177.07
D   C   11    -51.53   169.34    44.81    81.89  -155.08   -67.71  -166.18
D   U   12    -71.35   177.36    57.88    79.99  -146.36   -36.86  -164.40
D   U   13   -133.40   140.75   141.93    76.10  -143.09   -87.71  -176.33
D   A   14    -45.88   175.80    42.59    78.52  -145.65   -65.66  -163.54
D   A   15    -71.74   164.33    70.18    81.74 -9999.99 -9999.99  -165.57
D   G   18  -9999.99  -124.95    53.37   137.17     2.32   147.85  -103.97
D   G   19   -132.14   174.85    42.01   146.49  -124.07   115.13   -75.87
D   U   20    -66.62   154.02    30.33   147.82  -123.77    75.99  -141.25
D   A   21    164.21  -174.92  -177.37    83.43  -104.16  -134.31  -160.79
D   G   22    -78.16   141.30    48.00    74.39  -165.34   -66.52  -158.14
D   A   23    -73.38   165.65    76.66    76.97  -154.67   -75.00  -163.69
D   G   24    -71.44   176.10    51.90    79.82  -145.66   -73.47  -163.94
D   C   25    -66.47   167.73    59.21    81.14  -139.00   -68.07  -166.14
D   A   26    -65.19   168.36    55.65    81.21  -151.13   -59.32  -169.62
D   U   27    -71.73  -172.57    53.26    82.51  -144.51   -74.54  -161.37
D   U   28    -73.82   177.98    54.27    80.87  -140.39   -78.37  -160.48
D   C   29    -71.93   164.57    61.10    75.68  -153.03   -70.77  -161.43
D   G   30    -67.08   173.23    58.42    81.64  -145.15   -62.95  -170.83
D   U   31    -71.75   171.87    61.42    81.00  -141.94   -71.03  -162.57
D   U   32    -59.33   174.78    47.02    80.42  -140.26   -69.06  -158.01
D   U   33    -61.36  -162.35    51.74   148.82   -92.11   101.70  -133.35
D   U   34     51.59  -141.77  -155.26   132.65   -93.55   -70.40   -94.81
D   G   35    -50.20  -156.06    53.79   149.49  -131.67   135.51  -109.50
D   U   36    -75.38   159.78    48.31   151.21  -101.64   142.50  -132.07
D   A   37    -79.67  -125.49    69.42   149.80  -111.59   130.14  -116.61
D   A   38    -89.15  -168.94    52.36   145.34   -67.86  -102.44   -89.10
D   U   39    -62.01  -143.29   179.52    78.50  -120.59   -89.74  -170.21
D   C   40    -50.66   149.10    51.09    74.75  -141.26   -83.10  -160.00
D   G   41    -44.46   160.15    48.61    74.26  -154.20   -73.67  -164.83
D   A   42    -62.15   165.85    59.58    80.05  -157.07   -70.40  -161.58
D   A   43    -61.92   171.03    58.92    80.53  -147.43   -70.86  -158.08
D   A   44    -59.65   166.16    56.38    79.87  -149.35   -67.05  -156.81
D   G   45    -65.40   169.40    58.06    80.02  -116.86   -72.12  -157.41
D   G   46    -50.75  -144.78    34.23   141.02   -94.09   -89.43   -65.93
D   U   47    -91.10    94.49   174.81    81.03  -115.61   141.46  -170.96
D   U   48    -59.59   154.99    43.01   145.11  -141.27    75.52  -140.13
D   U   49     55.70   163.14    38.42    82.82  -145.99   -74.63  -176.34
D   G   50    -65.82  -174.23    49.85    79.51  -139.92   -75.75  -169.60
D   G   51    -54.97   165.50    49.93    76.81  -150.43   -69.31  -166.04
D   G   52    -63.93   173.17    54.60    74.24  -158.69   -59.44  -170.43
D   G   53    -71.85   176.01    67.80    77.91  -146.99   -71.92  -173.11
D   U   54    -57.42   176.47    48.30    78.69  -133.71   -67.21  -158.96
D   U   55    -55.18   168.81    47.46    77.35  -140.92   -73.92  -153.17
D   C   56    159.27   174.19    60.53    81.59  -133.41   -70.87  -170.77
D   A   57    -61.59   165.81    55.19    82.83  -139.75   -71.53  -162.86
D   A   58    -58.66  -141.11    61.08   152.38   -84.87  -172.35   -76.32
D   A   59     67.79  -159.93    72.56    85.94  -133.23   -64.40  -171.73
D   U   60    -52.28   169.41    56.24   143.41  -103.42   -66.44  -126.45
D   C   61    -86.47  -172.54    36.45    81.03  -151.90   -72.70  -169.53
D   C   62    -70.96  -179.51    55.50    80.55  -146.86   -76.89  -166.83
D   C   63    -59.82   172.65    50.20    79.01  -151.10   -65.68  -161.09
D   U   64    -66.12   171.70    58.95    79.65  -156.37   -74.88  -162.24
D   A   65    -71.65   177.09    53.61    78.34  -150.79   -72.31  -162.82
D   A   66    -57.24   171.47    50.93    79.07  -138.76   -79.24  -159.85
D   U   67    -59.49   155.49    62.55    75.32  -154.93   -72.52  -159.35
D   A   68    -59.98   173.28    55.77    83.08  -146.67   -71.40  -161.20
D   U   69    -70.89   175.64    51.47    79.67  -147.27   -68.11  -153.20
D   A   70    -67.88   171.98    53.68    76.57  -146.99   -84.73  -156.08
D   A   71    -45.68   163.61    41.08    85.87  -155.35   -67.11  -155.45
D   C   72    -83.23   167.08    74.53    81.15  -146.49   -72.60  -168.69
D   A   73    -61.87   164.57    58.19    84.35  -134.42   -60.45  -164.66
D   C   74    -58.93   177.92    45.51    77.56 -9999.99 -9999.99  -157.86
