The backbone torsional angle for nucleic acid 

 
Note: alpha:   O3'(i-1)-P-O5'-C5'
      beta:    P-O5'-C5'-C4'
      gamma:   O5'-C5'-C4'-C3'
      delta:   C5'-C4'-C3'-O3'
      epsilon: C4'-C3'-O3'-P(i+1)
      zeta:    C3'-O3'-P(i+1)-O5'(i+1)

      chi for pyrimidines(Y): O4'-C1'-N1-C2
          chi for purines(R): O4'-C1'-N9-C4

    (The number -9999.99 means that the angle can not be calculated) 

Ch Res  Num    alpha    beta     gamma    delta  epsilon    zeta     chi
B   G  902  -9999.99 -9999.99    87.56    84.19  -151.05   -65.28  -177.68
B   G  903    -74.12  -178.80    55.16    78.92  -155.71   -71.46  -165.25
B   G  904    -49.54   169.30    48.54    77.75  -157.11   -66.72  -165.20
B   G  905    154.18  -173.62  -178.83    85.39  -137.81   -78.29  -173.60
B   U  906    -56.50   164.02    52.37    81.11  -176.12   -88.74  -163.28
B   A  907    175.03  -126.33   171.43   105.72   -66.54   -62.69  -167.22
B   U  908    -53.36  -151.58    55.36    80.18  -133.74  -131.78  -166.55
B   C  909    -98.57  -175.79    90.11   101.85   -72.15  -104.03  -124.51
B   G  910   -159.88  -172.45    54.57    88.65  -146.40   -69.29  -179.93
B   C  911    -70.72  -174.37    49.20    82.09  -161.72   -65.23  -159.77
B   C  912    149.87  -177.01  -179.48    84.79  -132.23   -59.28  -170.82
B   A  913    -51.79   170.31    50.95    81.57  -176.76   -81.89  -156.58
B   A  914    167.63  -173.30   172.10    85.69  -111.51   -74.21  -179.31
B   G  915    -36.99   146.04    52.39    83.21   173.60    19.18  -143.41
B   C  916   -152.52   -99.00    54.72    89.31   113.62  -168.24   168.21
B   G  918    -24.82   121.13   139.05    87.58   -73.02  -140.30  -172.71
B   G  919    -60.59   142.31    56.27   102.16   -38.42    98.67  -120.58
B   U  920   -145.17   143.24    75.62    88.43   -87.45   117.26  -113.46
B   A  921    162.22   170.85   177.90    85.90  -169.72  -115.66  -134.11
B   A  922    161.52   143.13  -178.88    83.64  -127.77   -68.28  -171.12
B   G  923    -55.91   161.16    52.14    82.78  -153.91   -75.93  -170.10
B   G  924    -54.44   177.41    47.65    82.91  -154.04   -66.80  -168.99
B   C  925    -67.36   174.77    53.01    81.13  -147.38   -57.63  -167.01
B   A  926    -67.05   179.69    50.24    80.58  -149.18   -67.10  -163.49
B   C  927    -52.35   165.57    52.71    79.44  -150.18   -70.88  -166.41
B   C  928    -66.40  -172.04    44.20    81.04  -167.53   -74.96  -147.64
B   G  929    152.65  -168.22   173.98    84.79  -118.86   -85.37   179.70
B   G  930    -56.55   158.35    50.38    78.48  -160.45   -69.94  -171.64
B   A  931    -55.51  -169.93    40.81    79.12  -166.12   -80.97  -158.91
B   U  932    151.90  -151.93   177.17    85.47  -105.70   -78.78  -178.13
B   U  933    -48.30   157.36    44.36    80.75  -126.84  -117.53  -154.26
B   C  934     75.69  -155.22    62.27   103.17   -64.06   148.87  -140.52
B   U  935    -38.08   154.90    60.59   103.51  -140.73     2.55  -155.59
B   G  936   -109.07   -93.15   163.07    98.00  -136.09    49.30  -129.62
B   A  937   -115.79  -156.68    58.45    84.10  -154.98   -50.92  -172.82
B   U  938    -74.17   176.32    58.74    84.59  -148.18   -60.48  -170.44
B   U  939    -67.31  -179.66    48.24    84.40  -147.80   -70.06  -165.00
B   C  940    -48.87   167.26    48.99    83.72  -137.61  -113.68  -158.07
B   C  941    123.93  -141.13  -176.66    82.87  -119.31   -80.04  -176.72
B   G  942    -53.86   160.08    47.67    76.74  -149.14   -78.56  -176.11
B   G  943    -51.28   175.50    50.44    80.83  -145.92   -67.75  -158.94
B   C  944    -59.93   173.31    47.12    80.40  -118.73  -142.95  -151.89
B   A  945    -16.63   174.21    56.21    82.54   162.54    40.01  -112.04
B   U  946     90.43   126.00   -74.65    85.25  -171.00  -171.38  -142.81
B   U  947    -82.49   116.81    60.12    84.00   177.62  -102.67  -155.52
B   C  948    -36.23   158.85    60.18    96.30  -171.76   145.26  -162.69
B   C  949     28.00  -153.85    48.99    86.16  -156.87   -63.28  -166.74
B   G  950    -70.77  -173.24    53.13    84.31  -161.88   -63.10  -160.56
B   A  951    -70.89  -173.37    47.63    81.66  -162.45   -89.58  -157.09
B   G  952    147.25  -151.64   175.31    82.10  -134.80   -68.61  -178.38
B   G  953    -51.82   170.97    50.71    79.87  -154.43   -73.93  -168.98
B   U  954    -66.28  -174.79    45.76    80.82  -142.90   -59.00  -163.47
B   U  955    -62.06  -177.57    49.75    83.14  -140.65   -52.53  -156.15
B   C  956    174.75   143.20    47.08    83.04  -125.70   -79.22  -173.19
B   G  957    -60.20   163.28    50.92    80.76  -156.88   -55.79  -167.14
B   A  958    -62.36  -128.49    61.87   100.64  -179.67   -90.80   -91.51
B   A  959    170.90  -171.09    48.36    82.49  -166.78   -63.33  -167.60
B   U  960    163.86  -135.82   161.92    96.21   -89.58   -57.74  -179.57
B   C  961   -116.49  -132.58    58.04    83.24  -166.06   -66.40  -170.84
B   C  962    -70.17  -169.29    51.99    83.64  -160.65   -64.04  -165.48
B   U  963    -68.93  -170.11    46.71    80.58  -158.51   -77.23  -155.86
B   C  964    -58.36   170.79    47.13    79.58  -156.06   -91.77  -154.99
B   G  965    148.70  -132.86   177.62    82.88  -114.23   -90.37   168.70
B   U  966    -51.14   150.60    51.82    78.49  -145.27   -84.07  -176.37
B   A  967    -59.06   171.54    50.19    82.09  -146.73   -78.89  -155.33
B   C  968    -57.17   158.88    54.71    80.14  -153.28   -78.45  -157.05
B   C  969    -57.89   175.45    49.26    83.78  -155.38   -72.10  -162.89
B   C  970    -74.05  -172.94    50.61    84.91  -156.13   -71.30  -160.48
B   C  971    -62.64  -179.49    49.61    84.70  -134.53   -87.69  -149.39
B   A  972    -60.05  -166.61    48.08    86.15  -150.95   105.80  -162.03
B   G  973     48.36   126.74   171.00   119.58  -101.42  -139.27    38.86
B   C  974     49.81  -144.08    80.28   108.67  -161.82    87.17  -149.81
B   C  975     72.42   110.61  -179.13    83.24  -142.33   -68.89  -162.66
B   A  976    -61.10   163.49    54.08    82.40 -9999.99 -9999.99  -149.09
