The backbone torsional angle for nucleic acid 

 
Note: alpha:   O3'(i-1)-P-O5'-C5'
      beta:    P-O5'-C5'-C4'
      gamma:   O5'-C5'-C4'-C3'
      delta:   C5'-C4'-C3'-O3'
      epsilon: C4'-C3'-O3'-P(i+1)
      zeta:    C3'-O3'-P(i+1)-O5'(i+1)

      chi for pyrimidines(Y): O4'-C1'-N1-C2
          chi for purines(R): O4'-C1'-N9-C4

    (The number -9999.99 means that the angle can not be calculated) 

Ch Res  Num    alpha    beta     gamma    delta  epsilon    zeta     chi
N   A    2  -9999.99 -9999.99    53.67    81.45  -152.50   -76.68  -166.08
N   G    3    -61.72   174.59    50.44    81.40  -146.46   -77.12  -162.96
N   C    4    -55.21   168.46    51.51    78.41  -140.16   -75.64  -158.93
N   A    5    -57.62   165.29    52.05    76.43  -150.80   -78.10  -164.45
N   G    6    -59.12   169.05    53.29    77.89  -148.52   -85.61  -166.28
N   A    7    -60.39   161.85    56.74    81.08  -147.83   -76.92  -168.33
N   G    8    -53.01   178.10    69.31   140.70  -112.40   -20.59  -126.72
N   U    9    -94.37  -130.84    16.08    79.77  -172.41  -119.70  -162.69
N   G   10   -114.73   138.28   158.27   147.21  -127.95    33.00  -120.25
N   G   11    172.24   134.77    47.88    85.25  -149.46   -76.12  -166.01
N   C   12    -60.90   171.79    53.53    82.48  -172.73   -77.16  -158.39
N   G   13   -136.64  -125.87    79.68    82.22  -171.55   -86.60  -150.42
N   C   14    153.40  -137.79   178.81    82.49  -164.38   -77.76  -175.30
N   A   15   -130.43  -117.47    79.82    85.17   173.83   -86.14   -97.79
N   G   16   -113.29  -153.91    73.98    89.26  -154.63  -141.59   -89.06
N   C   17    121.36  -109.50  -177.44   148.54  -130.82  -130.77  -110.39
N   G   18    -38.53   115.02   117.52   148.50  -158.62  -178.84   -51.99
N   G   19    146.08  -148.83   176.56    81.15  -175.71   168.34  -156.66
N   A   20    154.36  -133.48    77.08    84.42  -135.77   -59.64  -174.00
N   A   21    155.10   166.29   -72.72    83.23   177.60   -88.80  -144.40
N   G   22   -177.40   169.12   163.55    81.96  -163.91   -78.85  -156.06
N   C   23    -66.36   167.69    60.64    80.12  -137.27   -64.31  -155.15
N   G   24    -74.43  -169.81    41.41    80.93  -172.34   -83.60  -146.06
N   U   25    157.90  -133.13   164.86    81.80  -124.10   -73.72  -164.30
N   G   26     88.27  -171.32  -115.37    84.10  -113.22   -66.40   162.78
N   C   27    -58.18   174.63    46.79    79.44  -154.65   -75.03  -165.42
N   U   28    -59.92   170.74    53.69    79.58  -145.10   -78.09  -165.68
N   G   29    -54.28   167.20    44.46    78.90  -166.76   -95.06  -164.63
N   G   30    155.43  -131.93   171.03    82.66  -104.49   -99.64   172.55
N   G   31     84.19  -130.71  -132.37    86.38  -110.02   -81.19   163.73
N   C   32    -64.48   176.47    43.68    84.77  -133.54   -72.43  -171.46
N   C   33    -56.61   170.33    47.80    83.65  -104.56   -82.05  -154.32
N   C   34    -71.88    92.58   165.67   147.55  -151.47  -133.83  -117.89
N   A   35    -81.87    72.29   148.96    81.15  -154.26   -62.61  -171.11
N   U   36    143.66  -107.46  -171.76   147.34   -99.75     3.17  -118.58
N   A   37   -117.24   146.96   130.06    82.50  -149.37   -63.95    -3.90
N   A   38    163.42  -141.87   144.96    83.28  -127.37   -74.04  -177.23
N   C   39    -56.20   159.05    48.81    82.25  -144.25   -77.53  -158.96
N   C   40    -56.31   176.21    43.96    79.90  -151.06   -74.69  -169.84
N   C   41    -61.22   173.50    55.23    80.35  -152.02   -76.34  -165.38
N   A   42    -58.25   172.19    51.12    80.87  -163.26   -86.36  -158.35
N   G   43    155.07  -143.32   172.73    80.69  -126.80   -98.20  -177.45
N   A   44    -46.59   151.93    48.73    82.06  -131.48   -74.40  -177.11
N   G   45    -55.39   162.38    50.13    81.54  -102.44  -108.34  -167.27
N   G   46     65.52  -163.39   -65.28   148.07  -106.63  -118.81   -84.05
N   U   47    169.50  -107.69   -84.81    80.10  -159.95   115.92  -154.61
N   C   48    -54.04  -163.20    73.53   145.89  -152.91    64.59  -128.60
N   G   49     56.84   166.56    35.87    80.70  -147.44   -77.93  -172.16
N   A   50    -61.62   168.88    57.18    82.29  -150.08   -75.16  -168.95
N   U   51    -57.98   170.38    53.85    81.57  -143.95   -89.77  -161.10
N   G   52    144.88  -153.11   171.26    80.92  -135.24   -86.47   179.32
N   G   53    -47.59   160.66    48.37    80.48  -146.38   -87.12  -176.00
N   A   54    -56.57   171.39    48.83    82.69  -118.76   -82.31  -175.72
N   U   55    -48.07   154.43    54.41    82.17  -116.74   -89.78  -164.40
N   C   56    168.56   173.58    41.17    82.44   -90.58  -156.56  -157.17
N   G   57    123.23  -113.05   175.50   144.93  -140.44   -85.58  -123.21
N   A   58    158.99   176.55   157.97   150.44   -58.42  -146.70   -55.50
N   A   59     74.91  -164.77    75.09    83.70  -107.79   -90.51  -144.17
N   A   60    -35.83   130.39    72.72    82.67  -116.54   -44.45  -147.97
N   C   61   -117.93  -112.40    52.44    81.49  -149.55   -74.53  -168.90
N   C   62    -61.88   174.27    55.20    81.66  -160.16   -88.31  -162.02
N   A   63   -178.94  -152.70   139.79    82.38  -131.65   -89.70   179.94
N   U   64    -54.96   161.25    50.64    82.54  -149.28   -74.92  -164.23
N   C   65    -61.24   165.86    58.28    82.64  -152.39   -66.25  -163.06
N   C   66    -76.68  -157.41    54.25   145.80  -163.40  -100.36  -137.21
N   U   67    -97.30  -174.05    43.77    74.29  -160.80   -68.58  -156.45
N   C   68    -70.08   166.08    67.52    78.03  -154.26   -73.97  -171.33
N   U   69    -59.60   175.78    53.88    81.28  -145.48   -82.09  -170.18
N   G   70    -48.74   171.47    33.62    79.93  -170.61   -88.54  -158.64
N   C   71    160.01  -148.24   165.75    82.68  -123.82   -90.25  -178.86
N   U   72    -44.06   155.82    42.85    79.90  -138.53   -81.76  -165.35
N   A   73    -50.74   161.63    52.05    80.14  -142.27   -78.12  -165.41
N   C   74    -51.01   163.18    53.97    82.86   -86.41  -156.03  -157.13
N   C   75    -19.70  -171.19  -177.24    83.59   -83.33  -144.91  -157.07
N   A   76     92.49   -67.40   -65.82   149.61 -9999.99 -9999.99  -146.87
