BEGIN_base-pair
     7_65, 1:     7 G-C    66 1: +/+ cis         XIX
     8_14, 1:     8 U-A    14 1: W/H tran        XXIV
    10_24, 1:    10 G-U    25 1: W/W cis         XXVIII
    11_23, 1:    11 C-G    24 1: +/+ cis         XIX
    11_23,-
7_65_8_14_10_24_11_23_0, click this line to see above pattern
0_0,---------
    13_21, 1:    13 C-G    22 1: +/+ cis         XIX
    15_47, 1:    15 G-C    48 1: W/W tran        XXII
    17_54, 1:    18 G-U    55 1: W/S tran        n/a
    18_55, 1:    19 G-C    56 1: +/+ cis    syn    XIX
    18_55,-
13_21_15_47_17_54_18_55_0, click this line to see above pattern
0_0,---------
    18_55, 1:    19 G-C    56 1: +/+ cis    syn    XIX
    21_45, 1:    22 G-G    46 1: H/W tran     syn  VII
    25_43, 1:    26 G-A    44 1: W/W cis         VIII
    26_42, 1:    27 C-G    43 1: +/+ cis         XIX
    26_42,-
18_55_21_45_25_43_26_42_0, click this line to see above pattern
0_0,---------
END_base-pair
