PDB data file name: Dataset/2du4_C.pdb_new
-----------------------------------------------------------
CRITERIA USED TO GENERATE BASE-PAIR: 
  3.40 --> upper H-bond length limits (ON..ON).
 26.00 --> max. distance between paired base origins.
  2.50 --> max. vertical distance between paired base origins.
 65.00 --> max. angle between paired bases [0-90].
  5.40 --> min. distance between RN9/YN1 atoms.
  8.00 --> max. distance criterion for helix break[0-12]
-----------------------------------------------------------
BASE-PAIR INSTRUCTIONS: 
Column 1 is rnaview assigned base numbers n1_n2, start from 1.
Column 2 & 3 are chain ID & residue number in input PDB file.
Column 4 is for base pair. The left & right are the bases as 
         identified by column 2 & 3 and 5 & 6.
Column 5 & 6 are residue number & chain ID in input PDB file.
Column 7 is for base pair annotation. The standard Watson-Crick
         (W.C.) pairs are annotated as -/- (AU,AT) or +/+ (GC).
         Other pairs are annotated as Leontis_Westhof Classification.
         The three edges: W(Watson-Crick); H(Hoogsteen); S(suger).
         e.g. W/H means the pair is edge of Watson-Crick & Hoogsteen.
Column 8 is glycosidic bond orientation (either cis or trans).
         e.g. 'W/H cis' means the pair is interaction on Watson-Crick
         and Hoogsteen side, glycosidic bond orientation is 'cis'.
Column 9 corresponds to Saenger Classification.

Other columns: 
        Syn sugar-base conformations are annotated as (syn).
        Stacked base pairs are annotated as (stack).
        Non-identified edges are annotated as (.) or (?)
        Tertiary interactions are marked by (!) in the line.
Reference:
Yang et al (2003) Nucleic Acids Research, Vol31,No13,p3450-3461.
-----------------------------------------------------------
BEGIN_base-pair
     4_68, C:   904 A-U   968 C: -/- cis         XX
    12_22, C:   912 A-U   922 C: -/- cis         XX
    30_38, C:   930 A-U   938 C: -/- cis         XX
     3_69, C:   903 C-G   969 C: +/+ cis         XIX
    11_23, C:   911 C-G   923 C: +/+ cis         XIX
    27_41, C:   927 C-G   941 C: +/+ cis         XIX
    48_64, C:   948 C-G   964 C: +/+ cis         XIX
    49_63, C:   949 C-G   963 C: +/+ cis         XIX
    50_62, C:   950 C-G   962 C: +/+ cis         XIX
     1_71, C:   901 G-C   971 C: +/+ cis         XIX
     5_67, C:   905 G-C   967 C: +/+ cis         XIX
     7_65, C:   907 G-C   965 C: +/+ cis         XIX
    10_24, C:   910 G-C   924 C: +/+ cis         XIX
    28_40, C:   928 G-C   940 C: +/+ cis         XIX
    29_39, C:   929 G-C   939 C: +/+ cis         XIX
    51_61, C:   951 G-C   961 C: +/+ cis         XIX
    52_60, C:   952 G-C   960 C: +/+ cis         XIX
    31_37, C:   931 C-A   937 C: W/W cis         n/a
     6_66, C:   906 G-C   966 C: W/W cis         n/a
    18_55, C:   918 G-C   955 C: W/W cis    syn    n/a
    15_47, C:   915 G-C   947 C: W/W tran        XXII
     8_14, C:   908 U-A   914 C: W/H tran        XXIV
    53_57, C:   953 U-A   957 C: W/H tran        XXIV
    17_54, C:   917 G-U   954 C: W/S tran        n/a
    20_58, C:   920 U-A   958 C: H/W cis         XXIII
     9_13, C:   909 G-G   913 C: H/W tran        VII
    16_58, C:   916 G-A   958 C: S/S tran        n/a
END_base-pair
  The total base pairs =  27 (from   71 bases)
------------------------------------------------
 Standard  WW--cis  WW-tran  HH--cis  HH-tran  SS--cis  SS-tran
       17        3        1        0        0        0        1
  WH--cis  WH-tran  WS--cis  WS-tran  HS--cis  HS-tran
        1        3        0        1        0        0
------------------------------------------------
