The backbone torsional angle for nucleic acid 

 
Note: alpha:   O3'(i-1)-P-O5'-C5'
      beta:    P-O5'-C5'-C4'
      gamma:   O5'-C5'-C4'-C3'
      delta:   C5'-C4'-C3'-O3'
      epsilon: C4'-C3'-O3'-P(i+1)
      zeta:    C3'-O3'-P(i+1)-O5'(i+1)

      chi for pyrimidines(Y): O4'-C1'-N1-C2
          chi for purines(R): O4'-C1'-N9-C4

    (The number -9999.99 means that the angle can not be calculated) 

Ch Res  Num    alpha    beta     gamma    delta  epsilon    zeta     chi
E   G    1  -9999.99  -102.10    63.60    83.05  -147.59   -70.32  -176.45
E   C    2    -67.03   175.65    47.18    81.28  -146.41   -81.44  -157.37
E   C    3    -61.81   171.02    45.67    77.62  -150.15   -69.44  -164.69
E   C    4    -65.58  -178.42    55.02    74.67  -168.32   -73.62  -163.67
E   G    5    158.38  -158.25   172.82    82.99  -116.68   -92.42   176.02
E   G    6    -46.59   140.07    65.96    79.59  -139.46   -88.72   177.62
E   A    7    -54.91  -176.66    61.67   140.69   -99.94   -49.29  -126.21
E   U    8    -59.79  -142.10    53.73    87.12  -131.23   -75.24  -150.88
E   G    9    172.64   124.97  -179.29   137.79   -87.09   -69.35    70.59
E   G   10    -37.21   163.56   -80.69    99.40  -154.67   -51.38   175.80
E   U   11    -83.91  -162.82    51.71    80.16  -153.03   -77.90  -168.75
E   G   12    -77.20   178.94    64.44    75.16  -150.48   -70.38  -158.22
E   G   13    145.52  -143.28  -179.22    91.46  -152.07   -67.15  -173.85
E   A   14    -80.08  -165.88    63.05    78.91  -143.05   -66.66  -172.49
E   A   15    -59.76   168.92    48.71    85.14  -148.26    64.49  -154.15
E   U   16   -159.08  -120.60    84.74   144.25   -98.11   -60.51  -132.21
E   C   17   -153.02   165.50    77.65    85.08  -110.75   -76.32    51.61
E   G   18    173.94  -162.96    -3.95   150.42  -136.02  -123.50   -96.87
E   G   19    -55.72  -163.81    36.24   150.57   -86.76  -164.56   -74.91
E   U   20    -80.67  -143.86    63.79   136.82   -86.93   -84.63  -124.65
E   A   20    -46.38   116.93   170.48    95.47  -135.75   -77.15  -175.94
E   G   21    -59.20   171.75    55.79    88.97  -164.67   162.85  -142.23
E   A   22    -76.84   147.54    53.08    83.83  -128.08   -57.33   175.55
E   C   23    -62.06   174.43    44.25    81.81  -142.65   -61.21  -158.85
E   A   24    -80.33   159.34    78.09    67.90  -152.12   -84.69  -166.93
E   C   25    -45.42   165.40    49.34    79.72  -160.02   -47.32  -162.78
E   A   26    -88.56  -167.23    61.62    82.26  -149.26   -67.16  -163.57
E   A   27    -71.65   165.57    67.68    77.45  -136.36   -81.00  -167.07
E   G   28    -68.79   157.49    67.99    76.78  -144.97   -73.49  -173.07
E   G   29    -64.87  -178.48    50.69    73.66  -161.17   -76.43  -169.03
E   G   30    179.91  -172.05   166.57    94.46  -115.11   -68.95   179.17
E   A   31    -99.63   137.56   114.70    74.90 -9999.99 -9999.99  -174.99
E   U   39  -9999.99   158.25    84.05    77.51  -156.62   -67.99  -149.14
E   C   40    -71.27  -170.85    58.22    82.39  -177.80   -70.28  -154.90
E   C   41   -133.87  -160.20   103.43    73.21  -126.17   -93.13  -161.72
E   C   42    -45.22   155.89    51.27    78.69  -147.79   -64.56  -166.51
E   U   43    -61.71  -176.59    44.84    77.14  -134.33   -87.06  -162.64
E   C   44    -41.61   156.36    46.00    75.83  -150.21  -122.93  -157.78
E   G   45      3.20  -165.91   116.12    81.83  -134.13   -70.53   179.03
E   G   46    -59.71  -179.13    43.49    79.02  -155.93   -61.57  -171.11
E   C   47    -78.29   178.91    65.86    81.26  -155.04   -77.91  -167.22
E   G   47   -105.66  -162.42    84.06    89.81 -9999.99 -9999.99  -131.37
E   C   47  -9999.99   -62.37  -147.97   156.60  -175.01   148.89    -2.01
E   G   47     83.61  -143.13    72.91   149.36   -72.15   -83.89  -114.01
E   C   47    132.86  -167.00  -158.55    85.83  -122.31   -65.72  -168.44
E   G   47   -105.61   137.38   108.36    67.43  -127.33   -90.46  -176.37
E   C   47    -45.80   146.44    59.33    75.88  -131.81   -87.66  -168.69
E   U   47    -36.32   151.56    43.84    81.01  -146.82   -78.27  -163.68
E   G   47    -55.60   162.81    50.97    83.77  -166.10   -80.39  -157.03
E   U   48    -72.73  -127.20    70.42   134.58  -151.74    83.22  -125.87
E   G   49     47.35   160.48    41.19    89.32  -150.21   -53.61  -173.67
E   C   50    -78.49  -166.54    50.06    73.68  -151.04   -64.67  -156.27
E   G   51    -69.46   174.26    61.74    73.40  -147.38   -97.41  -168.74
E   G   52    133.45  -142.20  -172.60    82.34  -127.00   -72.75   176.31
E   G   53    -78.95   169.61    78.22    69.21  -153.66   -71.87  -172.33
E   U   54    -59.45   179.99    47.00    76.36  -114.89   -84.70  -153.18
E   U   55    -34.36   155.62    48.77    83.94  -147.48   -43.25  -147.63
E   C   56   -177.33   137.00    38.83    80.90  -137.58   -66.22  -168.02
E   A   57    -68.88  -173.60    48.06    84.74  -154.11   -60.24  -158.77
E   A   58    -62.88  -132.71    63.44   144.29   -94.27  -170.98   -74.71
E   G   59     52.51  -146.69    94.01    79.83  -131.39   -67.29  -171.53
E   U   60    -51.71   160.31    65.54   126.00  -106.47   -57.54  -139.72
E   C   61    -84.01  -165.30    26.78    81.27  -156.03   -60.77  -165.66
E   C   62    -72.45  -166.49    51.86    80.56  -158.79   -67.85  -162.95
E   C   63    -98.37  -178.82    78.16    72.17  -113.15   -83.74  -171.30
E   G   64    -83.43   121.05   102.21    76.89  -110.11   -96.71   168.70
E   C   65    -63.78   160.77    61.90    79.78  -144.29   -76.75  -168.06
E   U   66    -58.98  -179.91    48.15    80.51  -148.63   -62.89  -158.88
E   C   67   -102.16   158.57    99.37    78.22  -122.27   -86.58  -167.11
E   C   68    -39.93   166.27    34.41    76.91  -167.93   -63.77  -161.91
E   G   69    -95.17   177.91    81.93    76.55  -157.78   -62.47  -175.88
E   G   70    -80.59  -175.27    55.66    75.59  -142.95   -67.04  -168.93
E   G   71    -72.56   170.00    64.51    76.79  -148.93   -64.27  -164.72
E   C   72    -65.25   173.69    54.68    78.72  -159.19   129.53  -159.60
E   A   73    -48.94   130.95    47.51   145.41  -148.07    73.17  -137.81
E   C   74     52.25   172.46    63.90   150.07   -70.65   104.70  -114.68
E   C   75     82.77   127.92    50.72    87.90  -144.76   -73.37  -151.93
E   A   76    -71.76   157.62    76.47   154.34 -9999.99 -9999.99  -114.14
