The backbone torsional angle for nucleic acid 

 
Note: alpha:   O3'(i-1)-P-O5'-C5'
      beta:    P-O5'-C5'-C4'
      gamma:   O5'-C5'-C4'-C3'
      delta:   C5'-C4'-C3'-O3'
      epsilon: C4'-C3'-O3'-P(i+1)
      zeta:    C3'-O3'-P(i+1)-O5'(i+1)

      chi for pyrimidines(Y): O4'-C1'-N1-C2
          chi for purines(R): O4'-C1'-N9-C4

    (The number -9999.99 means that the angle can not be calculated) 

Ch Res  Num    alpha    beta     gamma    delta  epsilon    zeta     chi
D   G    1  -9999.99   104.20    67.83    80.76  -135.72   -81.31   176.35
D   C    2    -52.28   169.26    50.86    81.02  -131.98   -84.22  -159.60
D   C    3    -59.12   153.35    60.89    77.01  -141.18   -77.35  -166.44
D   C    4    -52.26   165.54    49.27    77.28  -140.11   -84.65  -153.67
D   G    5    -54.85   163.63    43.11    77.26  -149.63   -72.46  -159.70
D   G    6    -57.26   174.12    47.82    77.20  -157.70  -106.86  -160.59
D   A    7    143.11  -117.73   178.24    83.64  -121.25   -74.26   165.93
D   U    8    -68.29   177.24    49.46    84.95   -95.56   -48.82  -145.29
D   A    9    159.28   100.02    86.84    82.88   162.39   -96.51   -76.33
D   G   10    135.15   117.87    68.65    86.00  -171.01    92.90   129.27
D   U   11    112.63  -163.23   147.27    84.65   174.91   175.29  -160.19
D   G   12     95.26   139.17   170.64    87.04   -88.06  -172.06  -165.68
D   U   13   -109.84   111.55   179.65    81.02  -110.23   -51.18  -110.11
D   C   14   -140.98  -130.83    67.40    89.18   157.59  -106.75  -109.60
D   C   15    -69.04  -139.33   116.99    92.35  -167.61  -159.44  -176.89
D   U   16     47.00    98.88    60.35    79.66   169.19    69.21   162.24
D   U   17    -84.84   153.27    48.50    79.63   -93.55  -150.69  -132.61
D   G   18    -35.95   -90.79   176.07    81.70   162.42    65.70  -177.69
D   G   19    -83.34   -68.78  -103.93    84.57  -160.19   -70.34  -169.30
D   G   20    177.13  -135.68   134.99    86.56   -98.51   -92.63  -175.42
D   A   21    -70.18  -162.80   179.55    85.63  -176.51  -168.24  -122.35
D   A   22   -103.30    70.99   147.07    81.72  -106.74   -98.32  -110.21
D   A   23     64.24   109.17    51.66    79.75  -121.07   159.04  -130.89
D   C   24   -167.88    80.53   133.62    81.43  -155.20   -61.21  -122.92
D   C   25    -71.02  -163.20    41.96    75.84  -105.75  -137.21  -157.88
D   A   26     91.34  -100.85  -173.06    78.19  -121.80   -72.47   176.98
D   A   27    -43.41   172.92    42.11    76.52  -143.06  -106.23  -147.43
D   G   28    126.36  -122.48  -178.44    84.01  -122.53   -77.01   172.43
D   U   29    -43.56   164.24    38.88    78.17  -139.14   -83.36  -153.15
D   C   30    -40.70   168.73    34.07    79.46  -165.10   -80.10  -151.97
D   C   31    170.95  -167.00   155.63    79.88  -118.75   -97.77   173.52
D   G   32    -22.05   157.36    19.69    76.92  -139.64   -83.21  -167.67
D   G   33    -46.90   153.93    59.48    77.57  -152.72   -69.70  -169.37
D   G   34    -60.66   179.53    47.37    76.23  -162.23   -77.50  -162.51
D   C   35    153.33  -159.43  -176.73    82.84  -128.66   -80.37  -173.92
D   A   36    -44.09   153.09    54.12    76.44  -142.64   -77.57  -168.60
D   C   37    -49.86   162.11    48.24    80.29  -105.40   -77.17  -162.57
D   C   38    -90.00  -165.44    74.35   119.87     8.08   -58.76  -130.83
D   A   39    178.01   170.75   160.07    84.03 -9999.99 -9999.99    88.57
