The backbone torsional angle for nucleic acid 

 
Note: alpha:   O3'(i-1)-P-O5'-C5'
      beta:    P-O5'-C5'-C4'
      gamma:   O5'-C5'-C4'-C3'
      delta:   C5'-C4'-C3'-O3'
      epsilon: C4'-C3'-O3'-P(i+1)
      zeta:    C3'-O3'-P(i+1)-O5'(i+1)

      chi for pyrimidines(Y): O4'-C1'-N1-C2
          chi for purines(R): O4'-C1'-N9-C4

    (The number -9999.99 means that the angle can not be calculated) 

Ch Res  Num    alpha    beta     gamma    delta  epsilon    zeta     chi
P   G    1  -9999.99   166.57    48.33    81.19  -143.58   -74.55  -164.83
P   G    2    -57.41   163.14    54.19    80.34  -142.38   -89.40  -168.46
P   G    3    -36.29   162.26    55.29   147.42  -162.91  -112.49  -127.82
P   U    4    128.85  -169.86   172.06    77.56  -141.63   -81.39  -157.81
P   C    5    -49.30   161.18    49.52    78.11  -148.62   -77.81  -161.86
P   G    6    -53.05   164.15    52.82    79.54  -143.69   -85.84  -169.19
P   U    7    -41.55   168.83    55.01   142.69   -94.97   -50.97  -138.17
P   U    8    -76.16  -160.84    61.53    79.79  -122.80  -103.24  -161.23
P   A    9   -155.90    96.58   177.53   148.46  -155.98    48.35    55.01
P   G   10    157.62   133.72    50.99    82.61  -138.68   -80.27   176.98
P   C   11    -58.73   172.84    48.91    81.54  -148.38   -71.51  -165.95
P   U   12    -68.61   168.90    60.89    79.79  -160.21   -14.41  -165.88
P   C   13   -160.85   125.37   160.73    81.79  -162.63   -76.48  -168.07
P   A   14    171.02  -172.45   165.32    81.48  -127.82   -58.19   179.59
P   G   15    -71.21   168.15    62.81    81.16  -121.61  -167.08  -165.30
P H2U   16    -87.07   -90.09  -116.07   132.38  -133.00  -164.07   -36.48
P H2U   17    -16.68   -87.45   -52.70    89.82  -151.16  -130.45   156.10
P   G   18    -39.13  -138.72    71.82   150.63  -132.35   179.85  -106.99
P   G   19    166.39  -126.32   159.57   140.34  -100.72   171.50  -111.76
P H2U   20   -126.28    43.72  -160.71    95.34  -118.52   171.27  -119.07
P   A   21    164.94  -129.89   165.69    82.51  -113.80   -79.06  -153.09
P   G   22   -100.20    67.67   152.40    82.05  -133.46   -83.47   176.19
P   A   23    -54.88   172.01    43.26    79.76  -142.49   -82.73  -162.40
P   G   24    -48.97   162.10    45.07    80.46  -156.25   -83.73  -156.49
P   C   25    129.29  -163.99  -167.77    97.06  -125.53   -66.00  -168.56
P   A   26    -58.10   170.01    44.48    79.20  -137.72   -68.11  -171.81
P   G   27    -59.67   168.85    56.88    78.76  -140.40   -71.69  -174.19
P   U   28    -59.07   172.31    49.92    79.13  -147.73   -72.10  -163.91
P   U   29    -61.18   172.13    51.73    79.75  -166.96   -86.17  -159.32
P   G   30    159.12  -150.31   166.75    80.59  -125.89   -82.13   179.10
P   A   31    -47.46   162.50    44.22    79.45  -129.05   -78.02  -166.08
P   C   32    -47.36   159.68    48.81    80.25  -121.00   -82.66  -160.73
P   U   33    -59.79   162.07    53.10    79.80  -137.79   -69.71  -155.48
P U8U   34    175.59   170.75    42.65    86.66  -138.20   -75.70  -163.38
P   U   35    -58.88   168.72    45.42    78.99  -161.94   -73.72  -155.42
P   U   36    127.23  -154.52  -159.75    85.96  -128.16   -75.91  -175.37
P T6A   37    -66.84   157.21    62.09    76.52  -149.77   -80.07  -174.78
P   A   38    157.52  -141.41   159.30    81.28  -114.10   -81.34  -177.99
P PSU   39    -44.47   148.07    51.26    76.32  -135.44   -84.38 -9999.99
P   C   40    -41.13   165.15    37.00    79.60  -159.56   -91.93  -156.77
P   A   41    149.12  -143.33   172.86    80.48  -112.50   -94.63   176.50
P   A   42    -51.62   146.02    55.80    78.12  -138.20   -77.56  -171.40
P   U   43    -52.79   161.40    52.10    79.54  -145.96  -124.21  -162.40
P   U   44    -43.92   136.02    61.81    80.31  -122.42   -76.01  -164.46
P   G   45    -45.11   146.40    63.83    84.53  -109.99   -51.47  -157.00
P   G   46   -141.94    94.97  -174.10   154.22  -105.59   -72.38  -116.34
P 3AU   47    106.45  -172.89    20.23   154.56  -131.21   -61.08   -95.65
P   C   48   -103.38  -159.03   164.23   154.69  -103.81    43.10  -144.48
P   G   49    100.05   135.98    35.09    79.99  -145.76   -82.27  -174.49
P   C   50    -49.17   168.69    45.63    81.76  -154.01   -85.05  -160.03
P   A   51    158.46  -151.25   160.67    80.74  -130.65   -86.03  -177.59
P   G   52    -46.29   159.25    45.03    77.32  -146.19   -76.75  -171.18
P   G   53    -54.52   162.71    61.49    79.51  -146.01   -74.39  -171.53
P 5MU   54    -64.43   175.02    51.22    79.32  -129.84   -70.05  -160.25
P PSU   55    -59.82   162.57    57.45    79.07  -130.19   -66.88 -9999.99
P   C   56    176.57   161.71    43.40    82.40  -132.40   -68.60  -167.76
P   G   57    -63.14   165.22    58.14    79.89  -139.48   -69.87  -168.50
P   A   58    -55.73  -147.90    65.02   146.16   -81.54  -172.58   -86.97
P   A   59     68.41  -155.20    75.01    82.72  -130.75   -66.83  -176.97
P   U   60    -58.46   170.76    63.11   146.66  -109.02   -60.48  -127.85
P   C   61    -92.59  -175.43    36.62    79.95  -148.69   -72.99  -158.62
P   C   62    -67.29  -174.85    40.77    74.03    69.05    73.37  -163.38
P   U   63     56.51  -164.81  -167.94    81.39  -131.48   -90.01  -168.50
P   G   64    -37.81   155.92    38.49    80.27  -154.60   -92.30  -158.16
P   C   65    139.24  -140.42  -175.69    81.39  -118.88   -82.69  -168.46
P   A   66    -42.78   164.54    35.04    78.79  -136.75   -85.11  -157.20
P   C   67    -44.81   157.96    44.21    79.34  -165.48   -83.48  -158.77
P   G   68    148.86  -151.13   176.61    81.15  -125.73   -94.39  -178.88
P   A   69    -41.90   151.44    44.41    80.48  -140.75  -110.49  -170.29
P   C   70    127.82  -125.61  -167.55    82.15  -120.54   -80.65  -174.68
P   C   71    -46.48   155.62    42.71    77.32  -171.49   -86.79  -155.57
P   C   72   -174.66  -147.57   134.20    77.89  -128.46   -91.94  -167.24
P   A   73    -28.47   157.58    30.35    84.36   -95.94  -162.08  -160.28
P   C   74   -140.18   137.49  -172.66    85.54  -128.15   -56.27  -167.38
P   C   75    -53.25   158.97    56.43    71.71  -138.56  -101.14  -149.46
P   A   76    -55.87   134.24    60.59    80.68 -9999.99 -9999.99  -137.15
