The backbone torsional angle for nucleic acid 

 
Note: alpha:   O3'(i-1)-P-O5'-C5'
      beta:    P-O5'-C5'-C4'
      gamma:   O5'-C5'-C4'-C3'
      delta:   C5'-C4'-C3'-O3'
      epsilon: C4'-C3'-O3'-P(i+1)
      zeta:    C3'-O3'-P(i+1)-O5'(i+1)

      chi for pyrimidines(Y): O4'-C1'-N1-C2
          chi for purines(R): O4'-C1'-N9-C4

    (The number -9999.99 means that the angle can not be calculated) 

Ch Res  Num    alpha    beta     gamma    delta  epsilon    zeta     chi
A   G    1  -9999.99   156.62    35.51    79.33  -133.01   -93.36  -169.66
A   C    2    -51.07   149.21    61.66    83.35  -143.13   -79.71  -168.01
A   C    3    -60.48   172.61    48.78    81.85  -142.37   -85.30  -164.08
A   C    4    -53.83   167.88    40.20    80.29  -162.01   -69.19  -153.96
A   G    5    -80.91  -179.41    55.70    83.42  -158.53   -73.65  -173.60
A 2MG    6    -69.77   179.31    57.73    86.26  -147.58   -67.70  -179.62
A   A    7    -60.16  -176.80    58.63   131.01   -81.85   -69.49  -135.77
A   U    8    -75.16  -144.98    50.68    83.11  -148.57  -123.45   176.17
A   A    9    -58.50  -148.26    56.27   138.51   -99.17  -100.73   -65.69
A 2MG   10    179.73  -159.46    48.96    89.05  -179.02   -73.47  -162.43
A   C   11   -170.96  -137.44   126.36    76.81  -124.53   -96.05   174.25
A   U   12    -53.16   160.59    51.28    84.14  -149.54   -69.29  -167.26
A   C   13    133.50  -167.47  -172.54    90.45  -149.99   -72.91  -167.48
A   A   14    -57.20  -176.42    39.41    80.69  -144.83   -61.37  -164.84
A   G   15    -65.01   171.37    55.53    83.89  -159.57  -177.07  -174.90
A H2U   16   -130.66    77.42   164.68   113.86   -86.55   -54.57  -122.73
A   C   17    169.56  -179.83    47.67   108.32     4.86  -170.48  -154.46
A   G   18      8.85   127.11   152.51   141.75  -136.28   -95.10  -133.12
A   G   19    152.50   177.55   174.99   128.83   -31.72   166.68  -113.89
A H2U   20   -134.51  -154.49    79.87   101.51   -70.57   -98.87  -163.50
A   A   21     78.04   170.89    40.43    83.36  -150.01   -72.18  -140.52
A   G   22   -125.88   106.61   131.83    83.07  -155.92   -81.77  -169.08
A   A   23    -70.43   178.23    58.86    86.29  -158.64   -66.62  -157.95
A   G   24    -86.39  -179.29    57.98    83.71  -136.86   -72.38  -160.84
A   C   25    -60.00   165.78    49.80    82.52  -152.11   -60.68  -170.50
A   A   26    -66.21  -177.13    49.07    80.31  -140.40   -78.20  -169.70
A PSU   27    -44.64   162.08    41.11    83.46  -142.55   -76.72 -9999.99
A   C   28    -56.16   179.56    40.54    82.62  -154.21   -71.22  -174.46
A   A   29    -66.92   178.49    49.36    84.91  -153.18   -73.09  -163.97
A   G   30    -68.49   158.19    62.58    78.41  -157.52   -70.13   178.88
A   A   31    -73.79  -170.81    55.99    84.40  -134.94   -69.42  -165.69
A   C   32    -56.29   171.63    55.58    73.25  -145.02   -47.58  -166.36
A   U   33    -72.44  -173.71    47.82    81.76  -132.31   -76.64  -146.78
A 70U   34    149.08  -177.59    56.62    83.37  -127.91   -78.20  -177.08
A   U   35    -73.92   154.83    64.19    76.12  -154.66   -67.17  -178.38
A   U   36    -69.50  -158.95    48.05    80.69  -171.64   -46.73  -155.84
A 12A   37    159.35   166.11  -179.45    96.13  -119.31   -61.10  -177.66
A   A   38    -71.17   151.86    65.50    76.00  -114.92   -92.87   178.08
A PSU   39    -29.60   135.59    47.85    83.33  -139.33   -81.11 -9999.99
A   C   40    -71.10  -178.35    50.99    81.69  -157.10   -61.95  -158.26
A   U   41    -67.39  -175.66    49.95    78.78  -151.41   -74.35  -159.87
A   G   42    -63.37   164.73    55.51    79.23  -156.18   -78.53  -174.87
A   A   43    -62.55   164.87    62.65    86.01  -121.77   -97.71  -177.68
A   G   44    -70.42   125.07    81.23    84.29  -123.35   -73.87   165.31
A   G   45    -71.04   174.89    57.48    87.09  -118.32  -125.32  -145.70
A 7MG   46     10.45   135.15    44.14    98.08  -125.67  -150.97  -101.90
A H2U   47     75.06    83.80   146.52    93.85  -105.42   -16.48  -141.59
A 5MC   48   -154.09   -83.22   174.01    99.38  -133.45   104.14  -167.87
A 5MC   49     39.43   176.11    42.44    83.39  -140.50   -72.03   163.31
A   A   50    -67.48  -176.05    56.29    85.47  -168.43   -67.18  -158.06
A   G   51    -70.70  -174.27    43.88    86.26  -157.62   -64.86  -160.73
A   G   52    -75.01   167.20    62.40    84.74  -146.91   -70.15   177.11
A   G   53    -70.61   175.74    62.06    80.35  -152.29   -76.16  -171.61
A 2MU   54    -69.74   175.31    53.88    85.72  -117.75   -96.20  -159.55
A PSU   55    -35.63   144.47    46.45    82.80  -142.51   -76.48 -9999.99
A   C   56    161.93   171.77    54.15    90.60  -143.23   -58.03  -168.53
A   A   57    -81.53   172.08    63.81    82.03  -130.27   -84.40  -164.82
A 1MA   58    -36.83  -164.71    53.71   142.32  -108.57  -172.85   -68.51
A   G   59     86.61  -151.02    73.40    89.73  -146.92   -58.98  -177.91
A   U   60    -39.31  -172.61    36.69    86.77   105.79   125.15  -103.42
A   C   61   -142.79   154.13    43.86    85.63  -143.71   -87.63  -169.10
A   C   62    -53.55  -177.80    37.05    88.00  -150.77   -78.33  -149.86
A   C   63    -55.88   163.37    48.87    79.28  -145.26   -71.16  -159.16
A   U   64    -68.74  -176.26    43.02    84.66  -168.77   -62.94  -158.07
A   G   65    -72.31  -175.20    55.57    84.77  -179.58   -51.16  -167.49
A   U   66    -82.89  -159.45    51.42    86.19  -150.25   -74.09  -160.00
A   U   67    -45.94   159.24    45.13    82.93  -145.29   -93.68  -176.87
A   C   68    -70.02   167.23    54.80    81.99  -136.28   -80.23  -176.17
A   G   69    -62.60   162.16    58.27    80.30  -149.81   -76.72  -174.21
A   G   70    -73.30   172.82    57.33    78.61  -154.48   -69.98  -168.78
A   G   71    -61.60  -175.98    46.54    81.32  -152.29   -60.23  -158.49
A   C   72    -73.83   169.32    67.23    78.08  -142.10   -82.11  -174.88
A   G   73    -51.96   154.77    65.19    78.32  -142.37   -68.40  -176.68
A   C   74    -66.60   169.05    58.77    83.33  -148.79    64.11  -151.69
A   C   75   -151.57   178.99   170.60    83.71  -141.47   -84.97  -175.76
A   A   76    -95.39  -171.01    55.82    77.25 -9999.99 -9999.99  -121.41
