BEGIN_base-pair
     7_66, A:     7 A-U    66 A: -/- cis         XX
     8_14, A:     8 U-A    14 A: W/H tran        XXIV
     9_23, A:     9 A-A    23 A: H/H tran   syn    II
    10_25, A:    10 g-C    25 A: +/+ cis         XIX
    10_25,-
7_66_8_14_9_23_10_25_0, click this line to see above pattern
0_0,---------
    30_40, A:    30 G-C    40 A: +/+ cis         XIX
    31_39, A:    31 A-P    39 A: W/W cis         n/a
    32_38, A:    32 C-A    38 A: W/W tran        XXVI
    49_65, A:    49 c-G    65 A: +/+ cis         XIX
    49_65,-
30_40_31_39_32_38_49_65_0, click this line to see above pattern
0_0,---------
    13_22, A:    13 C-G    22 A: +/+ cis         XIX
    14_21, A:    14 A-A    21 A: W/S cis         n/a
    15_48, A:    15 G-c    48 A: W/W tran        XXII
    18_55, A:    18 G-P    55 A: W/S tran        n/a
    19_56, A:    19 G-C    56 A: +/+ cis         XIX
    19_56,-
13_22_14_21_15_48_18_55_19_56_0, click this line to see above pattern
0_0,---------
    19_56, A:    19 G-C    56 A: +/+ cis         XIX
    22_46, A:    22 G-g    46 A: H/W tran        VII
    26_44, A:    26 A-G    44 A: W/W cis         VIII
    27_43, A:    27 P-A    43 A: W/W cis         n/a
    28_42, A:    28 C-G    42 A: +/+ cis         XIX
    28_42,-
19_56_22_46_26_44_27_43_28_42_0, click this line to see above pattern
0_0,---------
END_base-pair
