The backbone torsional angle for nucleic acid 

 
Note: alpha:   O3'(i-1)-P-O5'-C5'
      beta:    P-O5'-C5'-C4'
      gamma:   O5'-C5'-C4'-C3'
      delta:   C5'-C4'-C3'-O3'
      epsilon: C4'-C3'-O3'-P(i+1)
      zeta:    C3'-O3'-P(i+1)-O5'(i+1)

      chi for pyrimidines(Y): O4'-C1'-N1-C2
          chi for purines(R): O4'-C1'-N9-C4

    (The number -9999.99 means that the angle can not be calculated) 

Ch Res  Num    alpha    beta     gamma    delta  epsilon    zeta     chi
A   G    1  -9999.99  -168.09    53.23    91.70  -171.64   -57.99  -161.30
A   C    2    -69.95  -171.26    46.38    86.42  -166.18   -64.25  -127.99
A   G    3    -67.93   170.97    46.76    79.86  -174.70   -68.32  -153.44
A   G    4    -65.53   171.20    55.23    83.41  -172.18   -67.00  -171.92
A   A    5    -68.53   172.37    55.16    84.19  -170.62   -62.11  -155.48
A   U    6    -70.05   170.41    54.52    85.77  -171.74   -71.73  -148.40
A   U    7    -71.38   172.72    62.27   129.54   -70.71   -77.16  -148.03
A   U    8    -63.11  -158.62    47.47    75.69  -168.64  -113.37  -161.18
A   A    9    -67.71  -163.32    66.91   137.13   -89.04   -80.24   -98.91
A   G   10   -177.90   171.42    47.57    93.65  -172.88   -61.47  -172.68
A   C   11    -68.15  -173.16    49.57    93.71  -168.13   -60.60  -153.96
A   U   12    -71.61   171.00    49.07    84.33  -175.27   -56.80  -149.75
A   C   13    169.94  -169.22   165.98    78.57  -178.06   -72.23  -153.44
A   A   14    -64.29   176.31    55.96    79.98  -164.37   -52.86  -176.72
A   G   15    -74.13   166.20    49.19    81.74  -171.88  -178.25  -173.17
A   U   16     69.10   177.72    37.12   160.03   -48.40    82.00   -55.90
A   U   17     48.92   157.84    65.79   119.03   -72.66   -81.14  -135.84
A   G   18   -111.28    90.84   -42.50   160.08   -73.43   162.05   -84.65
A   G   19    -77.08   165.03    42.79   158.27   -76.93   -82.36   -82.53
A   G   20    -61.53  -164.26    34.49    88.87  -155.57   -44.00  -174.84
A   A   21     63.01   173.76    20.16    85.64   177.69  -102.80  -135.10
A   G   22    -66.94   157.54    59.33    77.41   179.11   -83.58  -165.89
A   A   23    -65.00   176.77    51.23    83.86  -173.82   -68.48  -160.52
A   G   24    -70.23   175.07    50.52    85.32  -169.49   -58.72  -153.58
A   C   25    -67.69   166.72    53.84    82.78  -167.75   -54.55  -148.35
A   G   26    -66.74   168.02    56.89    85.30  -168.48   -63.34  -153.73
A   C   27    -74.80   179.81    45.89    85.72  -169.74   -67.69  -148.19
A   C   28    -71.69   177.07    46.99    83.36  -172.18   -64.71  -143.52
A   A   29    -68.08   167.19    55.96    81.34  -173.35   -64.67  -175.96
A   G   30    -64.76   170.02    60.79    83.73  -167.89   -58.74  -171.92
A   A   31    -67.29   168.07    54.20    82.74  -162.79   -53.19  -154.60
A   C   32    -67.50   168.89    52.89    81.43  -170.04   -64.75  -168.71
A   U   33    -72.22   176.02    44.60    85.31  -156.04   -59.45  -153.21
A   G   34    170.44  -175.11    37.10    83.97  -159.60   -52.56  -150.22
A   A   35    -70.48   161.84    57.48    80.37  -178.65   -58.26  -164.09
A   A   36    -68.34   166.95    60.33    84.75  -169.66   -56.35  -174.84
A   G   37     66.72   170.94  -104.43    99.15  -167.24   -55.60  -158.33
A   A   38    -69.36   171.20    52.95    89.20  -168.88   -52.69  -170.43
A   U   39    -71.97   177.97    50.76    87.60  -170.79   -63.33 -9999.99
A   C   40    -71.94   175.51    50.87    85.15  -171.15   -60.64  -156.01
A   U   41    -68.25   174.28    52.84    82.48  -170.46   -67.09  -159.66
A   G   42    -70.47   172.75    50.62    80.58  -175.76   -68.43  -163.61
A   G   43    -66.67   174.26    55.83    83.45  -176.70   -68.45  -162.08
A   A   44    -67.93   173.98    55.74    91.54  -165.71   -50.82  -147.58
A   G   45    -80.55   162.35    56.82    84.09   -78.42  -150.84  -178.60
A   G   46     53.90  -178.30   -65.42   166.28   -57.21  -161.85   -55.60
A   U   47    -44.04    89.39   178.88   116.55  -174.07    99.52  -177.93
A   C   48    -48.29   178.22    75.43   141.24  -148.96    67.85  -130.13
A   C   49     46.73  -179.91    52.17    88.86  -171.48   -62.78  -149.35
A   U   50    -72.22   172.88    50.65    83.77  -170.87   -69.12  -161.27
A   G   51    -71.95   176.44    54.13    80.96  -173.95   -62.45  -153.46
A   U   52    -70.41   170.00    53.44    82.38  -173.24   -60.46  -148.99
A   G   53    -65.61   164.97    62.00    82.52  -170.71   -62.04  -178.04
A   U   54    -69.43   178.98    50.46    83.07  -162.25   -56.01  -144.47
A   U   55    -70.09  -170.86    37.23    90.87  -169.45   -60.06 -9999.99
A   C   56    170.34   173.70    48.93    86.61  -166.83   -54.11  -150.42
A   G   57    -69.01   168.53    53.67    83.69  -164.73   -59.57  -167.50
A   A   58    -69.37  -149.28    62.16   146.00   -64.55  -179.15   -86.73
A   U   59     63.00  -149.13    57.24    85.14  -162.04   -54.11  -158.07
A   C   60    -69.63   174.94    62.07   146.56   -79.85   -73.80  -135.47
A   C   61    -68.18   160.52    37.17    85.34  -170.54   -73.24  -163.02
A   A   62    -70.77  -178.97    50.27    83.95  -171.26   -64.94  -161.32
A   C   63    -70.01   175.88    47.91    83.29  -173.57   -66.36  -144.82
A   A   64    -68.43   173.33    48.80    82.17  -172.02   -63.47  -166.23
A   G   65    -66.80   172.23    53.44    81.80  -173.20   -66.63  -172.93
A   A   66    -66.89   177.06    54.99    82.81  -171.76   -65.46  -162.36
A   A   67    -72.43   173.48    48.65    78.76  -177.61   -68.32  -171.84
A   U   68    -64.88  -168.49    54.17    92.23  -167.97   -61.63  -146.42
A   U   69    -67.69   168.33    53.19    84.86  -175.18   -69.97  -170.02
A   C   70    -70.42   174.82    51.69    82.53  -173.71   -67.99  -137.60
A   G   71    -70.84   172.23    54.15    81.63  -171.49   -56.53  -158.05
A   C   72    -67.30   167.46    58.65    81.07  -171.09   -62.17  -158.40
A   A   73    -70.47   172.00    52.55    82.43  -168.37   -61.26  -176.18
A   C   74    -71.02  -176.11    49.80    83.05  -168.58   -66.85  -164.91
A   C   75    -71.96  -179.83    48.74    92.80   168.57  -160.19  -164.71
A   A   76     55.97   133.27   154.76   163.17 -9999.99 -9999.99  -138.29
