PDB data file name: ./Datasets/pdb_select_tRNA/1zo3_A.pdb_new
-----------------------------------------------------------
CRITERIA USED TO GENERATE BASE-PAIR: 
  3.40 --> upper H-bond length limits (ON..ON).
 26.00 --> max. distance between paired base origins.
  2.50 --> max. vertical distance between paired base origins.
 65.00 --> max. angle between paired bases [0-90].
  5.40 --> min. distance between RN9/YN1 atoms.
  8.00 --> max. distance criterion for helix break[0-12]
-----------------------------------------------------------
BASE-PAIR INSTRUCTIONS: 
Column 1 is rnaview assigned base numbers n1_n2, start from 1.
Column 2 & 3 are chain ID & residue number in input PDB file.
Column 4 is for base pair. The left & right are the bases as 
         identified by column 2 & 3 and 5 & 6.
Column 5 & 6 are residue number & chain ID in input PDB file.
Column 7 is for base pair annotation. The standard Watson-Crick
         (W.C.) pairs are annotated as -/- (AU,AT) or +/+ (GC).
         Other pairs are annotated as Leontis_Westhof Classification.
         The three edges: W(Watson-Crick); H(Hoogsteen); S(suger).
         e.g. W/H means the pair is edge of Watson-Crick & Hoogsteen.
Column 8 is glycosidic bond orientation (either cis or trans).
         e.g. 'W/H cis' means the pair is interaction on Watson-Crick
         and Hoogsteen side, glycosidic bond orientation is 'cis'.
Column 9 corresponds to Saenger Classification.

Other columns: 
        Syn sugar-base conformations are annotated as (syn).
        Stacked base pairs are annotated as (stack).
        Non-identified edges are annotated as (.) or (?)
        Tertiary interactions are marked by (!) in the line.
Reference:
Yang et al (2003) Nucleic Acids Research, Vol31,No13,p3450-3461.
-----------------------------------------------------------
BEGIN_base-pair
      1_2, A:     1 G-C     2 A:      stacked
     1_72, A:     1 G-C    72 A: +/+ cis         XIX
     2_71, A:     2 C-G    71 A: W/W cis         n/a
     2_72, A:     2 C-C    72 A: W/W cis         n/a
     3_70, A:     3 G-C    70 A: +/+ cis         XIX
      4_5, A:     4 G-A     5 A:      stacked
     4_69, A:     4 G-U    69 A: W/W cis         XXVIII
     4_70, A:     4 G-C    70 A:      stacked
     5_68, A:     5 A-U    68 A: -/- cis         XX
     6_67, A:     6 U-A    67 A: -/- cis         XX
     6_68, A:     6 U-U    68 A: W/W cis         XVI
     7_66, A:     7 U-A    66 A: -/- cis         XX
     7_67, A:     7 U-A    67 A:      stacked
     8_14, A:     8 U-A    14 A: W/H tran        XXIV
     8_21, A:     8 U-A    21 A: S/W tran        n/a
     9_23, A:     9 A-A    23 A: H/H tran        II
     9_46, A:     9 A-G    46 A:   syn  stacked
    10_25, A:    10 G-C    25 A: +/+ cis         XIX
    11_24, A:    11 C-G    24 A: +/+ cis         XIX
    12_23, A:    12 U-A    23 A: -/- cis         XX
    13_22, A:    13 C-G    22 A: +/+ cis         XIX
    13_23, A:    13 C-A    23 A:      stacked
    15_48, A:    15 G-C    48 A: W/W tran        XXII
    18_55, A:    18 G-U    55 A: W/H tran   syn    n/a
    19_56, A:    19 G-C    56 A: W/W cis    syn    n/a
    22_46, A:    22 G-G    46 A: H/W tran     syn  VII
    24_25, A:    24 G-C    25 A:      stacked
    26_44, A:    26 G-A    44 A: W/W cis         VIII
    27_43, A:    27 C-G    43 A: +/+ cis         XIX
    27_44, A:    27 C-A    44 A: W/W cis         n/a
    28_42, A:    28 C-G    42 A: +/+ cis         XIX
    28_43, A:    28 C-G    43 A:      stacked
    29_41, A:    29 A-U    41 A: -/- cis         XX
    30_40, A:    30 G-C    40 A: +/+ cis         XIX
    30_41, A:    30 G-U    41 A:      stacked
    31_39, A:    31 A-U    39 A: W/W cis         n/a
    31_40, A:    31 A-C    40 A:      stacked
    49_65, A:    49 C-G    65 A: +/+ cis         XIX
    49_66, A:    49 C-A    66 A:      stacked
    50_64, A:    50 U-A    64 A: -/- cis         XX
    50_65, A:    50 U-G    65 A:      stacked
    51_52, A:    51 G-U    52 A:      stacked
    51_63, A:    51 G-C    63 A: +/+ cis         XIX
    52_62, A:    52 U-A    62 A: -/- cis         XX
    53_54, A:    53 G-U    54 A:      stacked
    53_61, A:    53 G-C    61 A: +/+ cis         XIX
    54_58, A:    54 U-A    58 A: W/H tran     syn  XXIV
    54_61, A:    54 U-C    61 A: W/W cis         XVIII
    69_70, A:    69 U-C    70 A:      stacked
    71_72, A:    71 G-C    72 A:      stacked
    10_45, A:    10 G-G    45 A: H/S cis         !1H(b_b)
      7_8, A:     7 U-U     8 A: S/. cis         !(s_s)
     9_13, A:     9 A-C    13 A: H/W tran        !(s_s)
    16_17, A:    16 U-U    17 A: S/S tran   syn    !(s_s)
    32_36, A:    32 C-A    36 A: W/? tran        !(s_s)
    33_35, A:    33 U-A    35 A: S/S tran        !(s_s)
    33_36, A:    33 U-A    36 A: W/H tran        !(s_s)
    55_57, A:    55 U-G    57 A: S/S tran        !(s_s)
    58_60, A:    58 A-C    60 A: S/S tran   syn    !(s_s)
    60_61, A:    60 C-C    61 A: S/H cis         !(s_s)
END_base-pair

Summary of triplets and higher multiplets
BEGIN_multiplets
8_14_21_| [1 3]  A: 8 U  +  A: 14 A  +  A: 21 A
9_12_23_| [2 3]  A: 9 A  +  A: 12 U  +  A: 23 A
13_22_46_| [3 3]  A: 13 C  +  A: 22 G  +  A: 46 G
END_multiplets

  The total base pairs =  34 (from   76 bases)
------------------------------------------------
 Standard  WW--cis  WW-tran  HH--cis  HH-tran  SS--cis  SS-tran
       18        9        1        0        1        0        0
  WH--cis  WH-tran  WS--cis  WS-tran  HS--cis  HS-tran
        0        4        0        1        0        0
------------------------------------------------
