The backbone torsional angle for nucleic acid 

 
Note: alpha:   O3'(i-1)-P-O5'-C5'
      beta:    P-O5'-C5'-C4'
      gamma:   O5'-C5'-C4'-C3'
      delta:   C5'-C4'-C3'-O3'
      epsilon: C4'-C3'-O3'-P(i+1)
      zeta:    C3'-O3'-P(i+1)-O5'(i+1)

      chi for pyrimidines(Y): O4'-C1'-N1-C2
          chi for purines(R): O4'-C1'-N9-C4

    (The number -9999.99 means that the angle can not be calculated) 

Ch Res  Num    alpha    beta     gamma    delta  epsilon    zeta     chi
A   G    1  -9999.99   166.49    23.07    81.52  -148.34  -109.38  -146.89
A   C    2    125.20  -121.98  -179.92    77.22  -111.75   -96.27   162.56
A   G    3    -30.37   152.40    40.01    79.67  -139.21   -98.75  -166.93
A   G    4    136.53  -145.93  -177.27    79.48  -122.37   -81.85   177.45
A   A    5    -77.58   145.23    82.94    80.86  -118.15   -89.32   179.57
A   U    6    -56.80   158.85    57.56    79.78  -143.18   -82.37  -178.05
A   U    7    -56.88   170.13    62.81   141.90   -93.25   -57.02  -135.82
A   U    8    -85.45  -144.52    60.79    82.38  -145.47  -130.45  -174.47
A   A    9    -70.89  -146.65    52.95   146.36   -81.44   -85.74   -77.34
A 2MG   10   -150.25   135.14    32.04    80.78  -164.26   -61.18   175.38
A   C   11   -101.10  -158.84    61.93    81.52   175.43   -43.72  -160.67
A   U   12   -103.58  -154.35    58.50    82.46   176.99   -52.39  -145.10
A   C   13    164.87  -169.84   170.38    79.80  -169.72   -72.33  -160.98
A   A   14   -162.34   173.58   149.53    76.57  -115.73   -86.86   178.98
A   G   15      2.69   147.89     8.27    82.04  -156.78  -165.13  -156.11
A H2U   16    -49.41  -155.27  -153.89   142.43   -96.56  -178.03   -73.10
A H2U   17    -34.06  -121.90    43.71   144.47   -53.98  -158.90   110.60
A   G   18     69.55  -125.40    37.59   150.85   -59.43   152.32   -91.43
A   G   19   -130.76  -166.68    84.89   142.84   -66.37   -93.87   -89.25
A   G   20    -92.76  -173.52    73.88    80.96   -95.37   -66.13   165.02
A   A   21    -73.92   132.82  -165.56    81.18   171.54   -57.23  -147.43
A   G   22    173.83   155.46   156.41    82.92  -142.80   -88.69   175.55
A   A   23    -63.03   172.14    58.57    80.31  -133.29  -100.12  -167.65
A   G   24    -27.78   147.17    23.50    76.73   157.82    48.80  -170.52
A   C   25   -167.33    89.55   127.01    81.88  -107.19   -93.21   168.25
A M2G   26    -26.53   150.60    27.32    82.22  -138.63   -85.54  -165.13
A   C   27    -21.74   165.25     8.70    80.35   176.83   -56.36  -166.27
A   C   28   -133.06  -155.26    93.54    80.28  -128.73   -72.80  -171.22
A   A   29   -106.57   137.92   106.34    78.79  -132.50   -84.04  -178.33
A   G   30     -8.61   168.88    19.31    82.08  -148.34   -54.87  -161.39
A   A   31   -107.83   151.53    99.64    80.79  -117.83   -83.48   178.89
A OMC   32    -45.93   154.25    38.50    81.09  -115.05   -87.91  -162.81
A   U   33    -92.21   134.38    99.31    80.42   -81.96  -112.88  -164.40
A OMG   34    107.96  -141.03    78.75    82.51  -164.94  -106.26  -174.68
A   A   35    165.47  -107.79   138.60    78.15  -105.97   -44.14   170.10
A   A   36   -116.39    91.83   161.16    80.24  -117.67   -79.33   169.57
A  YG   37    -39.74   178.48    19.64    81.10  -141.87  -103.22  -161.45
A   A   38    -20.09   125.83    46.26    82.97  -130.12   -68.23  -176.16
A PSU   39    -69.05   165.40    69.82    80.51  -134.51   -85.33 -9999.99
A 5MC   40    -67.97   156.49    51.35    80.81  -150.59   -78.92  -172.50
A   U   41    -65.98  -169.92    40.52    83.09  -162.33   -72.23  -157.59
A   G   42    -62.72   171.43    60.60    81.97  -155.13   -77.52  -170.67
A   G   43    -50.21   175.80    42.61    81.78  -157.09   -94.13  -158.93
A   A   44    -43.67   158.18    54.19    82.32  -152.75   -46.44  -158.03
A   G   45    -60.25  -171.03    40.18    82.61  -146.53   -91.63  -142.17
A 7MG   46   -175.39  -175.11  -177.86   140.51   -77.34  -113.38   -96.59
A   U   47     75.11  -145.21    35.09   145.56  -142.15   -67.03  -105.47
A   C   48   -141.66  -124.66  -160.71   143.26  -130.78    73.74  -154.68
A 5MC   49     68.94   156.63    40.77    80.10  -151.26   -75.95  -167.99
A   U   50    -47.07  -176.74    32.61    80.27   168.47   -42.19  -154.62
A   G   51   -119.16  -165.33    76.83    81.36  -154.89   -74.13  -152.04
A   U   52    -61.94   166.99    47.29    80.09  -146.69   -72.62  -165.02
A   G   53    -88.09   152.99    89.72    80.83  -141.31   -77.49   178.40
A 5MU   54    -49.79  -177.64    39.01    81.26  -161.20   -48.84  -150.73
A PSU   55   -118.79  -166.50    89.56    80.02  -126.56   -91.36 -9999.99
A   C   56    133.95  -176.58    80.28    79.51  -129.82   -70.31  -172.61
A   G   57    -68.68   166.92    57.33    80.69  -130.41   -86.71  -165.16
A 1MA   58    -29.50  -162.07    49.32   146.86   -59.00   167.58   -91.32
A   U   59     83.44  -151.73    41.62    79.80   157.41   -16.54  -168.54
A   C   60    176.89  -159.13   133.13   142.51   -75.31   -76.50  -130.75
A   C   61    -47.05   167.55    17.14    79.72   166.64   -50.59  -164.09
A   A   62   -116.70  -160.20    74.00    82.15  -124.80  -100.73  -174.51
A   C   63    -47.60   145.78    54.65    81.11  -152.84   -71.89  -156.88
A   A   64    -98.31   160.56    82.43    77.98  -105.01   -95.42   178.32
A   G   65    -60.52   122.79    90.66    76.35  -127.44   -91.74   175.77
A   A   66    -51.49   165.18    53.80    80.76  -143.91   -82.09  -163.83
A   A   67    -59.48   168.53    55.11    82.16  -142.12   -86.30  -161.58
A   U   68    -49.68   154.93    51.11    80.40  -140.79   -75.58  -168.82
A   U   69    -70.73   164.77    66.69    82.05  -147.21   -88.51  -160.20
A   C   70    -85.12   164.48    74.41    81.22  -146.67   -80.75  -159.67
A   G   71    -64.48   166.78    54.46    80.24  -140.86   -81.33  -168.20
A   C   72    -52.56   165.41    54.22    80.46  -150.65   -70.10  -171.01
A   A   73    -68.49   178.93    50.47    81.10  -151.53   -73.07  -162.60
A   C   74    -30.96   166.89    41.92    80.29  -166.47   -35.62  -161.36
A   C   75    167.92  -170.75   137.22    82.38   -47.26    78.75  -168.76
A   A   76   -113.54  -155.88   167.90    81.61 -9999.99 -9999.99    -5.44
