PDB data file name: ./Datasets/pdb_select_tRNA/7r81_t.pdb_new
-----------------------------------------------------------
CRITERIA USED TO GENERATE BASE-PAIR: 
  3.40 --> upper H-bond length limits (ON..ON).
 26.00 --> max. distance between paired base origins.
  2.50 --> max. vertical distance between paired base origins.
 65.00 --> max. angle between paired bases [0-90].
  5.40 --> min. distance between RN9/YN1 atoms.
  8.00 --> max. distance criterion for helix break[0-12]
-----------------------------------------------------------
BASE-PAIR INSTRUCTIONS: 
Column 1 is rnaview assigned base numbers n1_n2, start from 1.
Column 2 & 3 are chain ID & residue number in input PDB file.
Column 4 is for base pair. The left & right are the bases as 
         identified by column 2 & 3 and 5 & 6.
Column 5 & 6 are residue number & chain ID in input PDB file.
Column 7 is for base pair annotation. The standard Watson-Crick
         (W.C.) pairs are annotated as -/- (AU,AT) or +/+ (GC).
         Other pairs are annotated as Leontis_Westhof Classification.
         The three edges: W(Watson-Crick); H(Hoogsteen); S(suger).
         e.g. W/H means the pair is edge of Watson-Crick & Hoogsteen.
Column 8 is glycosidic bond orientation (either cis or trans).
         e.g. 'W/H cis' means the pair is interaction on Watson-Crick
         and Hoogsteen side, glycosidic bond orientation is 'cis'.
Column 9 corresponds to Saenger Classification.

Other columns: 
        Syn sugar-base conformations are annotated as (syn).
        Stacked base pairs are annotated as (stack).
        Non-identified edges are annotated as (.) or (?)
        Tertiary interactions are marked by (!) in the line.
Reference:
Yang et al (2003) Nucleic Acids Research, Vol31,No13,p3450-3461.
-----------------------------------------------------------
BEGIN_base-pair
     1_72, T:     1 U-A    72 T: -/- cis         XX
     2_71, T:     2 U-A    71 T: -/- cis         XX
     3_70, T:     3 C-G    70 T: +/+ cis         XIX
     4_69, T:     4 C-G    69 T: +/+ cis         XIX
     5_68, T:     5 U-G    68 T: W/W cis         XXVIII
     6_67, T:     6 C-G    67 T: +/+ cis         XIX
     7_66, T:     7 G-C    66 T: +/+ cis         XIX
     8_14, T:     8 U-A    14 T: W/H tran        XXIV
    10_25, T:    10 G-C    25 T: +/+ cis         XIX
    11_24, T:    11 C-G    24 T: +/+ cis         XIX
    12_23, T:    12 C-G    23 T: +/+ cis         XIX
    12_24, T:    12 C-G    24 T:      stacked
    13_22, T:    13 C-C    22 T: W/W cis         n/a
    14_21, T:    14 A-A    21 T: W/S cis         n/a
    15_48, T:    15 A-U    48 T: W/W tran        XXI
    17_55, T:    17 G-U    55 T: W/S tran        n/a
    18_56, T:    18 G-C    56 T: +/+ cis    syn    XIX
    26_44, T:    26 G-A    44 T: W/W cis         VIII
    27_43, T:    27 U-A    43 T: -/- cis         XX
    28_42, T:    28 C-G    42 T: +/+ cis         XIX
    29_41, T:    29 U-A    41 T: -/- cis         XX
    30_40, T:    30 G-C    40 T: +/+ cis         XIX
    31_39, T:    31 G-C    39 T: +/+ cis         XIX
    49_65, T:    49 C-G    65 T: +/+ cis         XIX
    50_64, T:    50 C-G    64 T: +/+ cis         XIX
    51_63, T:    51 A-U    63 T: -/- cis         XX
    52_62, T:    52 G-C    62 T: +/+ cis         XIX
    52_63, T:    52 G-U    63 T:      stacked
    53_61, T:    53 G-C    61 T: +/+ cis         XIX
    54_58, T:    54 U-A    58 T: W/H tran     syn  XXIV
    10_45, T:    10 G-G    45 T: H/S cis         !1H(b_b)
    25_45, T:    25 C-G    45 T: W/W cis         !1H(b_b)
     8_21, T:     8 U-A    21 T: S/W tran        !(b_s)
    16_60, T:    16 U-U    60 T: S/S tran        !(b_s)
    58_60, T:    58 A-U    60 T: S/H tran   syn    !(b_s)
    22_46, T:    22 C-A    46 T: H/W tran     syn  !(s_s)
    33_36, T:    33 U-G    36 T: S/H tran        !(s_s)
    47_48, T:    47 U-U    48 T: S/? tran        !(s_s)
    60_61, T:    60 U-C    61 T: S/H cis         !(s_s)
END_base-pair

Summary of triplets and higher multiplets
BEGIN_multiplets
8_14_21_| [1 3]  T: 8 U  +  T: 14 A  +  T: 21 A
END_multiplets

  The total base pairs =  28 (from   76 bases)
------------------------------------------------
 Standard  WW--cis  WW-tran  HH--cis  HH-tran  SS--cis  SS-tran
       20        3        1        0        0        0        0
  WH--cis  WH-tran  WS--cis  WS-tran  HS--cis  HS-tran
        0        2        1        1        0        0
------------------------------------------------
