The backbone torsional angle for nucleic acid 

 
Note: alpha:   O3'(i-1)-P-O5'-C5'
      beta:    P-O5'-C5'-C4'
      gamma:   O5'-C5'-C4'-C3'
      delta:   C5'-C4'-C3'-O3'
      epsilon: C4'-C3'-O3'-P(i+1)
      zeta:    C3'-O3'-P(i+1)-O5'(i+1)

      chi for pyrimidines(Y): O4'-C1'-N1-C2
          chi for purines(R): O4'-C1'-N9-C4

    (The number -9999.99 means that the angle can not be calculated) 

Ch Res  Num    alpha    beta     gamma    delta  epsilon    zeta     chi
I   C    1  -9999.99 -9999.99   -82.60    74.50  -148.13    36.41  -120.43
I   G    2     68.89   173.08   167.99    75.39  -139.75   -99.32  -156.27
I   C    3    -44.94   159.75    45.26    78.75  -118.94   -90.26  -170.63
I   G    4    -64.03   150.90    59.37    81.41  -160.50   -76.90  -175.26
I   G    5    -67.99   169.77    70.78    84.25  -106.86   -93.90  -171.90
I   G    6    -91.17   137.81    81.19    79.24  -155.19   -70.60  -176.78
I   G    7    -61.47  -179.04    85.75   140.52  -151.46    13.36  -134.64
I 4SU    8   -117.12  -150.51    40.49    79.62  -161.34  -146.62  -162.50
I   G    9     93.58   153.61   -74.30   139.16   -75.50  -113.95   -70.25
I   G   10    179.99  -168.75    74.32    89.08  -129.17   -86.38   175.03
I   A   11    -67.39   170.62    58.84    80.46  -134.42   -71.65  -169.59
I   G   12    -56.06   169.30    50.61    77.66  -164.32   -69.78  -149.89
I   C   13    136.69  -171.41  -161.39    81.52  -153.18   -42.17  -177.79
I   A   14   -170.62   136.32   166.18    79.65  -120.44   -66.25  -178.40
I   G   15    -51.73   156.68    58.61    79.48   -99.15   -50.63  -160.60
I   C   16    -69.43  -142.24    60.06   135.26  -129.11   -70.60  -156.10
I   C   17    -87.79  -174.23    65.23    88.59  -105.95   -55.84  -170.41
I   U   17   -171.33  -141.44    51.41   138.33   -80.17   -64.41  -135.15
I   G   18    -59.94  -114.68    69.92   143.30   -91.08  -161.66  -169.92
I   G   19    127.88  -163.17  -174.29   146.57   -79.38   -35.13  -121.69
I   U   20    -76.41  -174.40    58.85    83.72  -120.71   -73.32  -178.20
I   A   21    154.33   149.72   -91.94   140.00  -151.86  -174.26  -114.68
I   G   22    -87.00   139.08    57.48    81.42  -129.62  -105.20   178.88
I   C   23    -42.22   150.85    44.76    78.78  -148.97   -74.19  -157.76
I   U   24    -63.15   171.68    49.78    84.01  -139.21   -58.45  -154.27
I   C   25   -118.50   126.97   125.47    81.74  -114.70   -75.33  -173.91
I   G   26    -51.41   149.14    54.85    78.78  -121.69   -87.88  -179.36
I   U   27    -38.42   156.14    51.89    79.49  -130.07   -82.70  -174.99
I   C   28    -73.56   159.44    56.42    76.20  -137.81  -111.04  -158.11
I   G   29      1.22   133.26    19.66    75.85  -164.81   -83.95  -174.85
I   G   30    175.80  -159.33   161.23    81.85  -104.85   -58.41   163.59
I   G   31   -121.62   126.24   140.28    85.40  -119.64   -75.82   177.50
I 5MC   32    -56.09   162.34    53.83    84.12  -110.33   -74.24  -173.45
I   U   33    -68.82   151.79    59.31    74.44  -136.79   -49.40  -170.32
I   C   34    175.45   130.22    50.55    79.97  -113.75   -84.00  -174.68
I   A   35    -68.98   151.87    67.74    81.13  -125.98   -97.56  -177.62
I   U   36    -43.29   161.65    32.13    77.67  -154.48   -69.75  -153.72
I   A   37    -69.29   166.67    64.62    79.74  -145.05   -59.79  -168.17
I   A   38    -74.58   169.79    67.09    80.31  -114.21   -73.37  -173.04
I   C   39    -53.72   149.85    59.86    82.19  -127.93   -92.48  -164.24
I   C   40    -65.83   160.36    54.34    77.49  -149.43   -67.94  -173.96
I   C   41    -57.78  -176.09    49.31    83.04  -152.24   -45.92  -172.67
I   G   42   -149.71   131.01   143.29    80.46  -150.56   -97.01   175.57
I   A   43    170.81  -121.26   150.44    80.95  -139.29   -94.50   177.43
I   A   44    -37.92   151.82    47.35    78.82  -115.82   -98.31  -176.53
I   G   45    -36.77   132.84    65.59    85.46  -117.00  -109.60  -152.14
I   G   46   -176.88  -167.96   159.71    84.32  -153.36  -143.93  -110.76
I   U   47    179.23   -23.84  -134.08    74.51  -161.41   171.91  -119.88
I   C   48    -51.46  -177.53    43.20   137.81  -113.21    66.65  -136.73
I   G   49     78.51   115.67    46.00    85.54  -122.54   -73.28   175.60
I   U   50    -64.29   154.04    64.03    78.25  -147.47  -115.40  -147.54
I   C   51    130.18  -133.62   171.94    80.23  -105.34   -85.32  -158.83
I   G   52    -67.71   138.81    70.10    80.68  -159.21   -63.12  -167.07
I   G   53    -69.71   171.05    70.02    76.25  -110.00  -116.00  -170.42
I 5MU   54    -48.11   140.23    41.82    75.41  -140.21   -85.28  -147.75
I PSU   55    -50.27   163.22    49.35    80.23  -117.06   -51.59 -9999.99
I   C   56   -164.64   141.57    52.36    81.39  -147.62   -74.07  -173.69
I   A   57    167.65  -162.61   155.25    82.88   -97.18  -112.42  -163.07
I   A   58    -51.12   101.44   118.12   155.45  -127.79   -79.82  -105.43
I   A   59     97.85   154.35    79.19    86.35  -119.55   -51.39   174.57
I   U   60    -60.08   173.66    49.93   139.68   -98.29   -87.21   -98.98
I   C   61    -83.56   166.15    44.91    81.99  -125.18   -76.08  -157.42
I   C   62    -51.69   173.60    43.16    79.64  -136.35   -96.57  -162.59
I   G   63    -90.58   141.91    84.07    77.47  -130.09   -84.77   176.40
I   G   64    -74.46   169.99    65.50    79.99  -126.35  -130.58  -165.70
I   C   65    103.33  -116.05  -172.54    80.01  -144.50   -35.75   178.75
I   C   66    -83.27  -146.20    45.97    76.10  -146.57   -71.07  -161.95
I   C   67    136.75  -163.67  -155.99    78.92  -127.55   -68.06  -172.67
I   C   68    -62.36   166.29    52.55    76.09  -140.77   -65.98  -171.79
I   C   69    -61.19   177.56    55.41    73.86  -145.23   -50.10  -143.47
I   G   70   -129.89    95.32   141.44    78.27  -169.50    18.85   158.98
I   C   71   -130.94  -151.86    39.17    79.35  -135.99  -106.96  -148.14
I   A   72    -96.78    75.53   134.80    80.06  -176.86    43.57   163.66
I   A   73   -152.25  -175.60    50.29    75.99  -153.61   129.90  -146.66
I   C   74    -92.19   142.83    46.28    77.56  -119.16    49.68  -159.52
I   C   75   -154.47    64.60  -137.24    78.95   -99.92  -177.65  -109.19
I   A   76    -69.32   162.15    12.41    84.10 -9999.99 -9999.99   -99.91
