PDB data file name: tRNA_dataset/1il2_chain_D.pdb_new
uncommon residue PSU 1913  on chain D [#12] assigned to: P
uncommon residue H2U 1916  on chain D [#15] assigned to: u
uncommon residue H2U 1919  on chain D [#18] assigned to: u
uncommon residue PSU 1932  on chain D [#31] assigned to: P
uncommon residue 1MG 1937  on chain D [#36] assigned to: g
uncommon residue 5MC 1949  on chain D [#47] assigned to: c
uncommon residue 5MU 1954  on chain D [#52] assigned to: u
uncommon residue PSU 1955  on chain D [#53] assigned to: P
-----------------------------------------------------------
CRITERIA USED TO GENERATE BASE-PAIR: 
  3.40 --> upper H-bond length limits (ON..ON).
 26.00 --> max. distance between paired base origins.
  2.50 --> max. vertical distance between paired base origins.
 65.00 --> max. angle between paired bases [0-90].
  5.40 --> min. distance between RN9/YN1 atoms.
  8.00 --> max. distance criterion for helix break[0-12]
-----------------------------------------------------------
BASE-PAIR INSTRUCTIONS: 
Column 1 is rnaview assigned base numbers n1_n2, start from 1.
Column 2 & 3 are chain ID & residue number in input PDB file.
Column 4 is for base pair. The left & right are the bases as 
         identified by column 2 & 3 and 5 & 6.
Column 5 & 6 are residue number & chain ID in input PDB file.
Column 7 is for base pair annotation. The standard Watson-Crick
         (W.C.) pairs are annotated as -/- (AU,AT) or +/+ (GC).
         Other pairs are annotated as Leontis_Westhof Classification.
         The three edges: W(Watson-Crick); H(Hoogsteen); S(suger).
         e.g. W/H means the pair is edge of Watson-Crick & Hoogsteen.
Column 8 is glycosidic bond orientation (either cis or trans).
         e.g. 'W/H cis' means the pair is interaction on Watson-Crick
         and Hoogsteen side, glycosidic bond orientation is 'cis'.
Column 9 corresponds to Saenger Classification.

Other columns: 
        Syn sugar-base conformations are annotated as (syn).
        Stacked base pairs are annotated as (stack).
        Non-identified edges are annotated as (.) or (?)
        Tertiary interactions are marked by (!) in the line.
Reference:
Yang et al (2003) Nucleic Acids Research, Vol31,No13,p3450-3461.
-----------------------------------------------------------
BEGIN_base-pair
     1_69, D:  1902 C-G  1971 D: +/+ cis         XIX
     1_70, D:  1902 C-A  1972 D:      stacked
     2_68, D:  1903 C-G  1970 D: +/+ cis         XIX
     3_67, D:  1904 G-C  1969 D: +/+ cis         XIX
     4_66, D:  1905 U-G  1968 D: W/W cis         XXVIII
     5_65, D:  1906 G-C  1967 D: +/+ cis         XIX
     6_64, D:  1907 A-U  1966 D: -/- cis         XX
     7_13, D:  1908 U-A  1914 D: W/H tran        XXIV
     8_22, D:  1909 A-A  1923 D: H/H tran        II
     9_24, D:  1910 G-U  1925 D: W/W cis         XXVIII
    10_11, D:  1911 U-U  1912 D:      stacked
    10_23, D:  1911 U-A  1924 D: -/- cis         XX
    11_22, D:  1912 U-A  1923 D: -/- cis         XX
    12_21, D:  1913 P-G  1922 D: W/W cis         n/a
    13_20, D:  1914 A-A  1921 D: W/S cis         n/a
    14_46, D:  1915 A-U  1948 D: W/W tran        XXI
    15_57, D:  1916 u-U  1959 D: W/W tran        XII,XIII
    16_53, D:  1917 G-P  1955 D: W/S tran        n/a
    17_54, D:  1918 G-C  1956 D: +/+ cis    syn    XIX
    21_45, D:  1922 G-A  1946 D: H/W tran        n/a
    24_44, D:  1925 U-G  1945 D: W/W cis         XXVIII
    25_43, D:  1926 G-A  1944 D: W/W cis         VIII
    26_42, D:  1927 G-C  1943 D: +/+ cis         XIX
    27_41, D:  1928 G-C  1942 D: +/+ cis         XIX
    28_40, D:  1929 C-G  1941 D: +/+ cis         XIX
    29_39, D:  1930 G-U  1940 D: W/W cis         XXVIII
    30_38, D:  1931 C-G  1939 D: +/+ cis         XIX
    31_37, D:  1932 P-C  1938 D: W/W cis         n/a
    47_63, D:  1949 c-G  1965 D: +/+ cis         XIX
    48_62, D:  1950 G-C  1964 D: +/+ cis         XIX
    49_61, D:  1951 G-C  1963 D: +/+ cis         XIX
    50_60, D:  1952 G-C  1962 D: +/+ cis         XIX
    51_59, D:  1953 G-C  1961 D: +/+ cis         XIX
    52_56, D:  1954 u-A  1958 D: W/H tran     syn  XXIV
     6_63, D:  1907 A-G  1965 D: W/W cis         !1H(b_b)
     9_44, D:  1910 G-G  1945 D: H/S cis         !1H(b_b)
    23_44, D:  1924 A-G  1945 D: H/W tran        !1H(b_b)
     7_20, D:  1908 U-A  1921 D: S/W tran        !(b_s)
     7_45, D:  1908 U-A  1946 D: s/S cis         !(s_s)
    32_33, D:  1933 U-G  1934 D: S/H cis         !(s_s)
    53_55, D:  1955 P-A  1957 D: S/S tran        !(s_s)
    56_58, D:  1958 A-U  1960 D: S/S tran   syn    !(s_s)
    58_59, D:  1960 U-C  1961 D: S/H cis         !(s_s)
END_base-pair

Summary of triplets and higher multiplets
BEGIN_multiplets
7_13_20_| [1 3]  D: 1908 U  +  D: 1914 A  +  D: 1921 A
8_11_22_| [2 3]  D: 1909 A  +  D: 1912 U  +  D: 1923 A
9_24_44_| [3 3]  D: 1910 G  +  D: 1925 U  +  D: 1945 G
12_21_45_| [4 3]  D: 1913 P  +  D: 1922 G  +  D: 1946 A
END_multiplets

  The total base pairs =  32 (from   70 bases)
------------------------------------------------
 Standard  WW--cis  WW-tran  HH--cis  HH-tran  SS--cis  SS-tran
       17        7        2        0        1        0        0
  WH--cis  WH-tran  WS--cis  WS-tran  HS--cis  HS-tran
        0        3        1        1        0        0
------------------------------------------------
