The backbone torsional angle for nucleic acid 

 
Note: alpha:   O3'(i-1)-P-O5'-C5'
      beta:    P-O5'-C5'-C4'
      gamma:   O5'-C5'-C4'-C3'
      delta:   C5'-C4'-C3'-O3'
      epsilon: C4'-C3'-O3'-P(i+1)
      zeta:    C3'-O3'-P(i+1)-O5'(i+1)

      chi for pyrimidines(Y): O4'-C1'-N1-C2
          chi for purines(R): O4'-C1'-N9-C4

    (The number -9999.99 means that the angle can not be calculated) 

Ch Res  Num    alpha    beta     gamma    delta  epsilon    zeta     chi
D   G  901  -9999.99   168.83    55.57    83.19  -137.10   -85.53  -169.31
D   C  902    -96.42  -173.46    58.74    86.40  -156.64   -76.94  -172.94
D   C  903    -73.27  -164.57    53.81    82.58  -146.97   -68.84  -170.58
D   A  904    -64.82   172.96    60.60    84.62  -156.93   -78.40  -165.27
D   G  905    -67.73   170.27    59.09    82.47  -177.65    10.94  -161.44
D   G  906   -168.58   113.71   169.79    82.38  -163.95   -92.88  -179.12
D   G  907    171.60  -135.41   164.05    91.33   -60.06  -146.69   175.83
D   U  908     69.91   102.63    57.12    86.67  -114.56  -171.23  -155.31
D   G  909    120.22  -115.07   166.11    95.23   -41.49   -67.03  -160.14
D   G  910   -165.02   141.01    55.33    87.85  -134.71   -75.29   174.00
D   C  911    -71.58   176.30    51.34    81.92  -156.48   -59.90  -158.68
D   A  912    -68.15  -173.39    49.44    81.38  -151.32   -70.70  -169.34
D   G  913    -56.55   165.44    55.11    85.52   177.74   -82.24  -152.60
D   A  914    164.26  -178.85   172.77    84.71  -129.33   -67.10  -175.93
D   G  915    -53.11   164.53    54.63    85.59  -134.05  -102.63  -137.03
D   G  916    -40.16   133.63    56.68    89.78   176.59   -96.08  -140.40
D   G  917    -73.94   177.06   175.06    78.18    66.14    82.69  -146.86
D   G  918   -144.53  -163.29    67.46    89.59   143.18    41.35  -101.05
D   C  919   -167.57  -128.55    58.46    85.27  -153.74   -67.28  -153.07
D   U  920    151.02  -158.80   169.91    85.44  -107.24  -105.55  -164.45
D   U  921    -74.55   103.00   179.98    81.45  -120.64   -47.68  -174.73
D   U  922    -64.41   167.15    53.34    83.26  -154.97   -75.13  -146.18
D   G  923    -73.40   177.71    52.35    82.40  -158.39   -71.37  -155.86
D   C  924    -58.91   169.14    55.37    82.04  -148.31   -56.43  -161.81
D   G  925    -63.37   176.49    49.18    80.70  -146.97   -73.75  -163.27
D   G  926    -45.19   160.92    51.39    84.51  -142.54   -83.91  -170.05
D   C  927    -64.24   163.77    53.22    83.09  -152.79   -73.37  -159.85
D   G  928    -76.30  -179.39    52.50    82.54  -154.93   -70.46  -169.35
D   G  929    -66.15   170.47    58.01    81.42  -163.23   -67.81  -170.47
D   A  930    -70.21  -179.94    57.73    84.43  -149.97   -63.55  -169.79
D   C  931    -78.39  -171.33    53.48    84.54  -147.01   -82.42  -148.79
D   U  932    -51.95  -130.21   169.44    85.66  -150.92   176.00  -169.41
D   G  933     54.69  -111.61   178.38    82.08  -134.56   -70.27  -121.22
D   C  934   -103.66  -132.10    58.57    88.95     7.61   -67.71  -138.74
D   A  935   -158.35  -116.66   172.14    86.05   176.06   -99.25  -163.95
D   G  936    162.68  -130.99   174.65    86.24  -124.86   112.10  -166.04
D   A  937     79.57  -137.13  -170.78    82.91  -145.67   -70.37   178.73
D   U  938    -66.68  -172.52    49.89    83.00  -150.33   -78.28  -154.04
D   C  939    -64.06   169.67    52.94    81.83  -150.03   -78.71  -146.57
D   C  940    -67.46   172.57    54.55    82.52  -152.27   -74.29  -162.39
D   G  941    -66.73   168.55    57.22    81.41  -146.41   -58.21  -179.43
D   C  942    -52.59  -170.82    54.77    79.42  -152.86   -90.82   171.68
D   U  943    -16.41   167.57    63.92    87.00  -127.19   -95.43  -172.18
D   U  944    -26.01   158.40   -55.62    91.63  -135.17   -84.78  -174.66
D   U  945   -164.94  -155.02   -67.23    85.63  -146.55  -146.68  -175.25
D   A  946    111.56  -156.48   169.61    87.45  -106.06  -108.16   156.33
D   C  947    -53.19   146.02    53.47    86.39  -104.16   131.29  -161.41
D   C  948    -73.11  -169.55    50.97    84.84  -137.96   -71.53  -179.08
D   C  949    -77.18  -177.78    56.34    83.18  -161.46   -62.48  -153.27
D   C  950    -73.43  -173.46    49.60    79.09  -157.30   -88.99  -152.63
D   G  951    143.11  -144.58   176.83    82.71  -130.43   -78.64   177.99
D   G  952    -53.59   162.57    54.42    81.52  -152.66   -67.55  -174.14
D   U  953    -71.69  -173.51    47.73    82.72  -132.84   -71.73  -150.42
D   U  954    -58.52   159.34    54.12    75.24  -139.29   -82.36  -143.51
D   C  955    161.32  -179.64    58.86    84.12  -135.62   -68.84  -158.17
D   G  956    -69.29   169.56    57.34    82.87  -144.20   -75.97  -159.65
D   A  957    -75.18  -144.88    63.83    83.30    49.09    66.47  -106.06
D   A  958    109.11   154.58    48.52    83.92  -153.05   -90.82   173.39
D   U  959    159.69  -123.55   157.87    95.23   -78.34   -63.84  -165.18
D   C  960    -99.40  -152.89    53.89    84.09  -152.16   -73.19  -159.29
D   C  961    -69.58  -178.88    55.26    82.26  -154.32   -73.85  -160.80
D   G  962    -75.91   179.57    53.28    79.17  -154.33   -71.57  -164.21
D   G  963    -61.49   169.03    57.43    79.92  -160.14   -64.14  -168.63
D   G  964    -74.48  -166.93    49.52    80.97  -165.53   -79.18  -157.26
D   C  965    158.96  -153.09   169.54    88.22  -133.27   -64.93  -172.77
D   C  966    -83.64   177.32    57.18    83.19  -155.37   -76.63  -173.01
D   C  967    -85.78  -166.76    56.33    81.36  -158.41   -71.74  -154.65
D   U  968    -59.31   169.46    60.65    84.31  -166.46   -79.60  -163.15
D   G  969    -91.99  -161.23    50.03    82.83  -150.28   -50.38  -160.11
D   G  970    177.31   167.79   175.12    82.91  -141.20   -64.44   160.09
D   C  971    -78.61  -148.42    54.29    79.11 -9999.99 -9999.99  -159.50
