PDB data file name: tRNA_dataset/1exd_chain_B.pdb_new
-----------------------------------------------------------
CRITERIA USED TO GENERATE BASE-PAIR: 
  3.40 --> upper H-bond length limits (ON..ON).
 26.00 --> max. distance between paired base origins.
  2.50 --> max. vertical distance between paired base origins.
 65.00 --> max. angle between paired bases [0-90].
  5.40 --> min. distance between RN9/YN1 atoms.
  8.00 --> max. distance criterion for helix break[0-12]
-----------------------------------------------------------
BASE-PAIR INSTRUCTIONS: 
Column 1 is rnaview assigned base numbers n1_n2, start from 1.
Column 2 & 3 are chain ID & residue number in input PDB file.
Column 4 is for base pair. The left & right are the bases as 
         identified by column 2 & 3 and 5 & 6.
Column 5 & 6 are residue number & chain ID in input PDB file.
Column 7 is for base pair annotation. The standard Watson-Crick
         (W.C.) pairs are annotated as -/- (AU,AT) or +/+ (GC).
         Other pairs are annotated as Leontis_Westhof Classification.
         The three edges: W(Watson-Crick); H(Hoogsteen); S(suger).
         e.g. W/H means the pair is edge of Watson-Crick & Hoogsteen.
Column 8 is glycosidic bond orientation (either cis or trans).
         e.g. 'W/H cis' means the pair is interaction on Watson-Crick
         and Hoogsteen side, glycosidic bond orientation is 'cis'.
Column 9 corresponds to Saenger Classification.

Other columns: 
        Syn sugar-base conformations are annotated as (syn).
        Stacked base pairs are annotated as (stack).
        Non-identified edges are annotated as (.) or (?)
        Tertiary interactions are marked by (!) in the line.
Reference:
Yang et al (2003) Nucleic Acids Research, Vol31,No13,p3450-3461.
-----------------------------------------------------------
BEGIN_base-pair
     1_68, B:   902 G-C   971 B: +/+ cis         XIX
     2_67, B:   903 G-C   970 B: +/+ cis         XIX
     3_66, B:   904 G-C   969 B: +/+ cis         XIX
     4_65, B:   905 G-C   968 B: +/+ cis         XIX
      5_6, B:   906 U-A   907 B:      stacked
     5_64, B:   906 U-A   967 B: -/- cis         XX
     6_63, B:   907 A-U   966 B: -/- cis         XX
     7_12, B:   908 U-A   913 B:      stacked
     7_13, B:   908 U-A   914 B: W/H tran        XXIV
     8_43, B:   909 C-G   945 B:      stacked
     9_23, B:   910 G-C   925 B: +/+ cis         XIX
     9_43, B:   910 G-G   945 B: H/S cis         n/a
    10_22, B:   911 C-G   924 B: +/+ cis         XIX
    11_21, B:   912 C-G   923 B: +/+ cis         XIX
    12_20, B:   913 A-A   922 B: S/W tran        n/a
    13_19, B:   914 A-A   921 B: W/S cis         n/a
    14_45, B:   915 G-U   948 B: W/W tran        XXVII
    16_52, B:   918 G-U   955 B: W/S tran        n/a
    17_18, B:   919 G-U   920 B: S/H cis         n/a
    17_53, B:   919 G-C   956 B: +/+ cis         XIX
    24_42, B:   926 A-A   944 B: W/W cis         n/a
    25_41, B:   927 C-G   943 B: +/+ cis         XIX
    26_40, B:   928 C-G   942 B: +/+ cis         XIX
    27_28, B:   929 G-G   930 B:      stacked
    27_39, B:   929 G-C   941 B: +/+ cis         XIX
    28_38, B:   930 G-C   940 B: +/+ cis         XIX
    29_37, B:   931 A-U   939 B: -/- cis         XX
    31_35, B:   933 U-A   937 B: S/H tran        n/a
    38_39, B:   940 C-C   941 B:      stacked
    46_62, B:   949 C-G   965 B: +/+ cis         XIX
    47_48, B:   950 G-A   951 B:      stacked
    47_61, B:   950 G-C   964 B: +/+ cis         XIX
    48_60, B:   951 A-U   963 B: -/- cis         XX
    49_59, B:   952 G-C   962 B: +/+ cis         XIX
    50_58, B:   953 G-C   961 B: +/+ cis         XIX
    51_52, B:   954 U-U   955 B:      stacked
    51_55, B:   954 U-A   958 B: W/H tran        XXIV
    56_57, B:   959 A-U   960 B:      stacked
    12_44, B:   913 A-G   946 B: W/S tran        !1H(b_b).
    30_36, B:   932 U-U   938 B: W/W cis         !1H(b_b)
     7_19, B:   908 U-A   921 B: S/W tran        !(b_s)
    45_56, B:   948 U-A   959 B: S/S cis         !(b_s)
    15_16, B:   916 C-G   918 B: S/? cis         !(s_s)
    15_57, B:   916 C-U   960 B: s/S tran        !(s_s)
    20_44, B:   922 A-G   946 B: ?/W tran        !(s_s)
    34_35, B:   936 G-A   937 B: S/H tran        !(s_s)
    45_46, B:   948 U-C   949 B: S/S cis         !(s_s)
    71_72, B:   974 C-C   975 B: S/? cis         !(s_s)
END_base-pair

Summary of triplets and higher multiplets
BEGIN_multiplets
7_13_19_| [1 3]  B: 908 U  +  B: 914 A  +  B: 921 A
9_23_43_| [2 3]  B: 910 G  +  B: 925 C  +  B: 945 G
17_18_53_| [3 3]  B: 919 G  +  B: 920 U  +  B: 956 C
END_multiplets

  The total base pairs =  30 (from   73 bases)
------------------------------------------------
 Standard  WW--cis  WW-tran  HH--cis  HH-tran  SS--cis  SS-tran
       20        1        1        0        0        0        0
  WH--cis  WH-tran  WS--cis  WS-tran  HS--cis  HS-tran
        0        2        1        2        2        1
------------------------------------------------
