The backbone torsional angle for nucleic acid 

 
Note: alpha:   O3'(i-1)-P-O5'-C5'
      beta:    P-O5'-C5'-C4'
      gamma:   O5'-C5'-C4'-C3'
      delta:   C5'-C4'-C3'-O3'
      epsilon: C4'-C3'-O3'-P(i+1)
      zeta:    C3'-O3'-P(i+1)-O5'(i+1)

      chi for pyrimidines(Y): O4'-C1'-N1-C2
          chi for purines(R): O4'-C1'-N9-C4

    (The number -9999.99 means that the angle can not be calculated) 

Ch Res  Num    alpha    beta     gamma    delta  epsilon    zeta     chi
B   G  902  -9999.99 -9999.99   174.17    89.27  -134.71   -66.77   175.24
B   G  903    -71.94   179.91    53.21    81.60  -166.27   -63.67  -165.05
B   G  904    -61.77  -177.51    53.81    81.14  -156.42   -69.09  -159.27
B   G  905    145.50  -164.31  -172.82    79.21  -139.77   -68.62  -174.79
B   U  906    -60.17   178.65    47.80    80.97   175.75   -82.70  -158.03
B   A  907   -172.63  -130.16   164.68   112.39   -69.29   -73.28  -157.02
B   U  908    -39.10  -162.56    53.73    83.74  -122.93  -151.80  -165.51
B   C  909    161.81  -147.15  -172.97    86.45  -167.01    44.42  -121.47
B   G  910    158.00   151.24    52.49    79.14  -155.75   -67.37  -173.85
B   C  911    -65.39  -172.29    49.20    80.74  -158.47   -71.95  -154.33
B   C  912    148.19  -165.23   178.35    85.29  -129.83   -63.49  -170.62
B   A  913    -53.10   161.13    56.68    82.22  -176.31   -82.70  -146.51
B   A  914    157.24   174.96   178.04    87.52  -138.13   -80.24  -172.59
B   G  915    -38.99   159.74    46.34    87.44  -114.50   -31.28  -150.51
B   C  916    -59.08  -145.33    48.33    85.28   140.71  -106.88    95.56
B   G  918     13.92  -140.52    40.45    85.47    -4.57   136.52  -120.11
B   G  919   -110.49   150.03    55.34    97.72  -160.44   178.58  -102.72
B   U  920    -49.75   103.82    58.64    87.21  -145.44   178.95   142.26
B   A  921   -113.18   101.03   154.61    87.54  -160.08  -123.84  -162.93
B   A  922   -165.39   145.84   161.06    88.79  -120.42   -63.24  -178.20
B   G  923    -54.17   164.68    40.58    82.17  -142.42   -87.13  -174.67
B   G  924    -56.85   159.82    56.42    77.93  -140.84   -73.34  -170.16
B   C  925    -63.31   161.84    57.67    74.32  -146.64   -64.43  -167.36
B   A  926    -68.32  -174.84    52.09    77.13  -149.25   -65.91  -158.68
B   C  927    -57.86   178.45    50.23    82.32  -148.53   -69.11  -163.66
B   C  928    -59.30  -178.52    42.31    78.83  -157.26  -103.68  -162.59
B   G  929    149.06  -137.25   169.13    85.21  -118.72   -86.24   170.31
B   G  930    -73.10   169.03    56.64    79.40  -176.46   -58.11  -177.51
B   A  931    -81.52  -141.11    47.85    82.78  -169.44   -91.68  -164.44
B   U  932    157.44  -139.34   165.63    83.35  -135.76   -59.58   178.26
B   U  933    -72.63  -166.89    45.17    82.27  -119.22  -111.93  -154.96
B   C  934     84.69  -153.81    64.64   104.03  -103.23  -177.97  -154.67
B   U  935     -8.36   144.47    56.57   100.86   -84.32   -33.99  -145.44
B   G  936    -64.89   -88.95   148.20   105.37  -136.41    24.17  -116.29
B   A  937   -102.67  -158.00    54.12    81.76  -143.61   -62.41  -170.18
B   U  938    -51.56   163.28    56.32    82.79  -128.47   -59.93   170.12
B   U  939    -68.44   176.40    48.24    86.16  -153.30   -70.81  -172.31
B   C  940    -62.39   163.86    54.92    84.69  -108.78  -147.61   174.10
B   C  941    105.84  -105.18   179.05    82.64  -129.94   -69.05   173.77
B   G  942    -67.43   179.44    41.91    78.37  -156.88   -77.91  -177.40
B   G  943    -56.67   176.48    50.90    70.29    83.54    54.69  -168.33
B   A  944     96.24  -176.40   162.95    92.16   -85.68  -135.74  -167.98
B   G  945     86.99   -97.27  -177.05    85.41  -103.05   -93.20  -168.32
B   G  946    -55.18  -179.47    47.59    80.95  -160.23   -71.85  -121.17
B   U  948    -99.47   148.71   156.77    96.01  -175.10   136.07  -166.63
B   C  949     19.37  -170.52    48.36    87.83  -144.11   -78.77  -166.78
B   G  950    -49.58   169.19    46.13    84.76  -152.81   -63.87  -164.78
B   A  951    -67.36   178.56    49.05    78.30  -175.75   -37.79  -149.73
B   G  952    178.35   148.87   160.41    83.97  -147.43   -68.57  -169.37
B   G  953    -54.99   178.56    42.13    79.07  -155.71   -67.78  -168.06
B   U  954    -63.87  -172.80    50.71    86.27  -140.03   -68.33  -165.07
B   U  955    -59.28   170.26    49.03    83.11  -134.83   -81.47  -143.88
B   C  956    155.07  -167.83    50.18    86.34  -146.85   -71.57  -156.40
B   G  957    -57.79   164.27    53.67    87.57  -130.87   -70.01  -161.55
B   A  958    -38.33  -166.06    60.47   101.28  -158.93  -126.45  -115.05
B   A  959    161.18  -152.20    46.52    91.89  -171.76   -84.54  -160.26
B   U  960    164.94  -112.55   156.97    97.46   -87.97   -58.10  -162.12
B   C  961    -98.96  -164.92    52.33    84.58  -158.88   -66.61  -169.70
B   C  962    -66.41  -171.62    44.63    80.59  -147.44   -74.71  -166.18
B   U  963    -55.94   175.64    48.25    79.51  -171.80   -69.48  -148.87
B   C  964    -71.04  -168.56    39.67    80.07  -172.67   -75.83  -150.50
B   G  965    156.85  -148.98   174.78    84.10  -106.86   -88.50   166.09
B   U  966    -48.35   142.31    57.27    77.01  -149.41   -79.73  -170.02
B   A  967    -53.66   174.74    43.45    83.31  -152.74   -75.05  -155.06
B   C  968    -59.51   170.83    51.00    81.58  -159.61   -68.11  -156.80
B   C  969    -64.13  -176.91    47.88    81.08  -162.59   -60.78  -166.13
B   C  970    -69.59  -167.85    45.21    84.29  -164.37   -62.99  -153.63
B   C  971    -75.57  -173.53    54.57    81.56  -145.38   -74.48  -146.56
B   A  972    -63.92  -146.80    43.01    85.98  -173.14   132.93  -158.90
B   G  973     43.21   153.04   167.55   112.66   -85.40  -150.87    38.36
B   C  974     44.79  -138.32    73.26    98.02  -177.30   118.37  -147.96
B   C  975     62.80   126.88   174.48    82.97  -132.36   -79.95  -150.49
B   A  976    -58.76   152.14    55.76    87.54 -9999.99 -9999.99  -155.71
