The backbone torsional angle for nucleic acid 

 
Note: alpha:   O3'(i-1)-P-O5'-C5'
      beta:    P-O5'-C5'-C4'
      gamma:   O5'-C5'-C4'-C3'
      delta:   C5'-C4'-C3'-O3'
      epsilon: C4'-C3'-O3'-P(i+1)
      zeta:    C3'-O3'-P(i+1)-O5'(i+1)

      chi for pyrimidines(Y): O4'-C1'-N1-C2
          chi for purines(R): O4'-C1'-N9-C4

    (The number -9999.99 means that the angle can not be calculated) 

Ch Res  Num    alpha    beta     gamma    delta  epsilon    zeta     chi
D   G    1  -9999.99   172.03    49.60    82.36  -151.44   -75.67  -172.56
D   C    2    -59.89   179.43    48.28    80.91  -146.29   -76.64  -165.26
D   C    3    -56.06   171.81    46.55    79.11  -149.88   -74.50  -162.95
D   C    4    -58.47   167.43    54.73    77.82  -149.32   -79.20  -165.32
D   G    5    -54.59   166.80    53.06    79.74  -148.99   -74.80  -167.95
D   G    6    -60.70   171.03    51.66    80.39  -147.70   -82.31  -164.83
D   A    7    -67.40   164.59    77.80   127.00   -91.19   -95.73  -149.96
D 4SU    8     66.73   116.89   -12.13    99.25  -149.52  -113.32  -153.47
D   A    9    -70.26  -141.22    32.07   135.49   -98.68  -120.93   -75.52
D   G   10    165.56  -156.01    68.47    85.58  -123.02  -100.75   173.33
D   C   11    -38.44   151.36    43.88    87.07  -140.03   -78.24  -163.79
D   U   12    -72.19   160.24    66.92    82.14  -140.14   -54.26  -162.65
D   C   13   -116.16   140.94   126.04    86.01  -143.70  -108.70  -171.02
D   A   14    100.90  -145.76  -138.71    84.12  -128.47   -48.06   176.63
D   G   15    -67.53  -176.81    43.73    83.66   -81.72  -163.72  -159.15
D   U   16    -61.81   121.55    50.07    83.60  -101.44   -90.92  -131.66
D   U   17    -77.40   126.04  -168.87   144.28  -103.21  -175.28  -108.47
D   G   18   -158.25   108.22   176.25   113.11  -138.62   -56.92  -176.04
D   G   19   -104.62  -127.11    79.30   146.59   -39.70  -154.39   -68.22
D   G   20   -140.39  -102.28    53.68   135.86    55.82    74.01    70.16
D   A   21    111.13  -140.51  -126.14    85.84  -145.13   -77.72  -167.95
D   G   22   -137.84   116.20   140.62    92.21  -116.40  -125.54   170.76
D   A   23     -4.31   126.56    23.93    82.72  -156.27  -104.67  -160.67
D   G   24    154.34  -139.35   157.22    87.34  -112.06  -101.87  -179.23
D   C   25    -37.92   140.32    42.22    75.79  -140.00   -72.08  -160.76
D   A   26    -60.74   167.10    58.67    79.85  -138.28   -68.01   177.51
D   G   27    -58.26   175.49    46.63    81.17  -144.57   -78.64  -175.26
D   G   28    -52.80   172.03    40.44    80.21  -150.51   -75.01  -164.34
D   G   29    -59.40   165.61    52.36    77.45  -148.22   -71.02  -170.87
D   G   30    -62.22   167.40    60.40    76.93  -147.76   -71.48  -176.14
D   A   31    -59.28   169.28    56.60    78.81  -132.68   -75.59   174.66
D PSU   32    -54.67   167.70    57.51    79.49  -134.94   -62.88 -9999.99
D   U   33    -84.74   175.11    64.44    81.83  -128.04   -78.09  -165.48
D   G   34    126.35   174.01    76.56    90.82  -106.06   -95.46   172.22
D   A   35    -52.10   141.94    51.12    78.96  -135.79   -80.15  -172.90
D   A   36    -67.19   158.64    62.81    76.68  -133.75   -90.17  -174.62
D MIA   37    -50.90   148.94    60.56    84.76  -137.44   -74.62  -173.70
D   A   38    -61.15   168.07    45.89    82.45  -166.21   -80.68  -159.82
D PSU   39    166.67  -133.28   149.52    78.22  -120.02   -82.63 -9999.99
D   C   40    -49.33   169.50    41.18    80.31  -146.03   -78.53  -161.89
D   C   41    -57.30   175.62    46.00    81.13  -152.55   -74.89  -161.14
D   C   42    -60.40   167.62    53.85    79.61  -149.31   -76.43  -160.60
D   C   43    -55.34   163.38    60.61    80.13  -123.42  -130.81  -161.71
D   G   44      5.05   117.85    14.45    84.68  -148.35   -56.63  -142.68
D   U   45   -122.37   100.25   170.10   138.62   -92.51  -132.01  -154.65
D G7M   46    116.10  -107.49   179.56   136.80  -134.64   -10.54  -123.74
D 3AU   47    122.44   123.11    -9.87   102.63  -135.71   -21.01   -75.64
D   C   48   -106.84  -129.98   170.80   141.95  -139.78    76.21  -143.95
D   C   49     74.18   152.89    26.99    78.63  -128.62  -111.77  -168.10
D   U   50    -28.36   139.11    46.63    83.92  -135.14   -90.30  -166.66
D   U   51    -56.39   157.13    51.89    76.00  -145.17   -83.59  -161.63
D   G   52    -65.61   169.49    53.87    80.63  -150.89   -71.64  -167.63
D   G   53    -62.46   166.67    61.03    80.51  -150.83   -73.85  -174.74
D   U   54    -63.68  -179.14    50.57    84.18  -123.45   -80.78  -165.46
D PSU   55    -46.92   154.31    42.05    82.36  -124.52   -53.01 -9999.99
D   C   56   -148.01   121.03    35.21    89.07  -150.80   -88.34  -161.87
D   G   57    138.15  -155.78   178.16    90.91  -123.28  -122.93   175.49
D   A   58     64.01   115.66    14.92   142.90   -84.87   175.46   -85.15
D   U   59     77.16  -150.62    68.17    84.54  -135.16   -82.34  -174.48
D   C   60    -46.73   147.98    68.41   148.16  -157.94   -11.14  -136.32
D   C   61   -157.95  -147.65    40.95    79.48  -149.90   -63.45  -156.78
D   C   62   -120.23   135.87   123.92    83.20  -122.50  -101.82  -178.57
D   G   63    -29.14   153.42    27.16    80.09  -131.32   -83.07   178.09
D   A   64    -50.45   162.17    45.50    79.20  -141.91   -83.52  -173.64
D   G   65    -56.16   158.16    59.02    80.28  -154.12   -71.35  -179.07
D   U   66    -66.62  -166.50    45.64    82.20  -149.81   -73.75  -161.68
D   C   67    -59.13   165.18    52.45    79.92  -150.76   -76.60  -162.58
D   C   68    -55.93   165.18    56.27    80.69  -116.88   -98.47  -163.27
D   G   69     86.01  -134.38  -136.63    84.09  -132.96   -86.55  -179.93
D   G   70    -48.71   167.69    39.78    80.00  -140.18   -80.65  -164.87
D   G   71    -56.81   167.27    48.79    78.80  -148.39   -75.05  -161.38
D   C   72    -59.23   163.68    60.58    78.41  -148.28   -73.46  -161.40
D   A   73    -59.12   170.23    56.42    81.34  -138.71   -71.39  -172.15
D   C   74    -57.40   170.31    47.77    80.02  -109.36  -145.29  -156.56
D   C   75     47.11  -152.79    55.02   146.17   -88.93  -168.15  -127.17
D   A   76    -60.66   171.74   176.32   148.59 -9999.99 -9999.99  -142.56
