The backbone torsional angle for nucleic acid 

 
Note: alpha:   O3'(i-1)-P-O5'-C5'
      beta:    P-O5'-C5'-C4'
      gamma:   O5'-C5'-C4'-C3'
      delta:   C5'-C4'-C3'-O3'
      epsilon: C4'-C3'-O3'-P(i+1)
      zeta:    C3'-O3'-P(i+1)-O5'(i+1)

      chi for pyrimidines(Y): O4'-C1'-N1-C2
          chi for purines(R): O4'-C1'-N9-C4

    (The number -9999.99 means that the angle can not be calculated) 

Ch Res  Num    alpha    beta     gamma    delta  epsilon    zeta     chi
N   C    1  -9999.99 -9999.99    60.64    81.89  -159.81   -65.39  -117.20
N   G    2    -70.68  -176.39    57.86    80.08  -134.25   -84.62  -179.00
N   C    3    -60.65   164.02    51.70    77.23  -145.52   -80.94  -159.76
N   G    4    -68.96   165.27    63.66    77.44  -140.61   -80.22  -172.79
N   G    5    -62.33   165.81    65.04    77.87  -134.73   -77.46  -172.62
N   G    6    -67.60   157.05    77.83    80.26  -151.79   -75.18  -175.52
N   G    7    -60.26  -170.60    64.18   141.71  -118.43   -33.73  -120.18
N 4SU    8    -85.04  -143.50    50.22    80.66  -129.79  -150.77  -164.73
N   G    9     88.30   164.21   -91.62   154.24   -86.10   -99.00   -79.69
N   G   10    154.65  -167.43    85.18    83.47  -134.10   -83.76   171.96
N   A   11    -55.64   178.91    44.51    80.24  -142.12   -70.28  -164.12
N   G   12    -57.95   173.56    50.58    76.78  -157.45   -41.38  -152.43
N   C   13   -159.13   148.49   151.95    80.01  -159.28   -66.13  -173.34
N   A   14    160.76   172.90  -171.24    84.52  -126.11   -57.93  -177.99
N   G   15    -63.96   174.08    56.42    85.32  -112.47   -66.79  -159.21
N   C   16    -63.92  -162.81    53.98   143.24  -101.16   -70.32  -124.87
N   C   17    -56.78   172.08    42.28    83.56  -164.11    77.65  -134.75
N   U   17   -174.70   139.57    29.78   142.25   -94.97   -90.28  -130.53
N   G   18    -19.53  -138.75    83.75   152.87  -142.11  -103.63  -116.58
N   G   19    -64.23  -152.99    37.44   145.85   -42.98  -112.82   -74.40
N   U   20    -65.78   121.05    70.34    80.62  -117.27   -95.81  -113.94
N   A   21     53.32   136.13    35.98    72.34  -176.98  -118.61  -141.82
N   G   22    -64.07   149.34    67.73    76.89  -139.42   -88.35  -175.75
N   C   23    -51.41   162.32    49.61    76.79  -132.14   -99.37  -161.94
N   U   24    -39.81   153.96    38.43    80.29  -151.45   -62.09  -165.36
N   C   25    -77.51   165.63    72.10    76.47  -133.84   -77.60  -165.75
N   G   26    -53.09   158.59    56.62    80.93  -140.14   -69.62  -171.41
N   U   27    -57.12   169.20    53.33    77.81  -132.36   -90.66  -166.93
N   C   28    -49.94   159.08    44.78    79.68  -141.94   -80.81  -160.37
N   G   29    -61.80   172.57    50.30    78.86  -144.99   -70.88  -170.14
N   G   30    -66.91   170.50    62.60    78.54  -158.04   -61.37  -174.30
N   G   31   -179.73   174.65   164.35    85.75  -114.29   -85.08   178.84
N 5MC   32    -44.69   155.13    52.66    78.39  -127.04   -60.56  -178.29
N   U   33    -74.27   171.15    51.97    77.12  -128.17   -60.77  -165.03
N   C   34   -161.58   144.55    32.62    83.65  -133.95   -73.71  -171.21
N   A   35    -74.26   166.12    62.98    80.61  -149.10   -76.75  -166.43
N   U   36    -60.62   177.13    43.43    79.13  -145.70   -67.17  -168.87
N   A   37    -68.73   164.07    69.40    76.88  -143.32   -65.34  -165.61
N   A   38    -78.64   167.88    63.37    82.61  -124.03   -67.95  -174.11
N   C   39    -56.28   168.93    49.81    83.08  -138.80   -87.63  -166.60
N   C   40    -48.36   167.60    42.50    80.93  -151.90   -73.12  -155.59
N   C   41    -62.72   175.88    54.41    78.97  -151.60   -59.79  -173.40
N   G   42    -85.24   178.64    65.40    75.31  -158.67   -70.02  -163.25
N   A   43    -72.38   167.71    77.54    80.07  -146.82   -88.59  -177.64
N   A   44    -52.61   155.58    64.86    83.37  -136.32   -72.32  -163.11
N   G   45    -59.90   159.30    59.74    83.28  -113.13  -102.14  -149.68
N   G   46    -59.13   169.95    74.84    88.18  -115.41  -105.41  -117.74
N   U   47     23.29   101.89    85.34    88.03  -100.12   114.50  -173.37
N   C   48   -113.48  -167.52    62.06   147.17  -150.63    79.19  -140.20
N   G   49     46.83   152.92    51.80    85.38  -124.84   -89.08  -176.25
N   U   50    -37.74   157.93    32.51    79.52  -163.21  -104.96  -158.32
N   C   51    146.78  -129.49   171.03    80.31  -104.79   -47.36  -176.61
N   G   52   -121.82    99.07   142.40    83.45  -108.87   -83.42   169.31
N   G   53    -62.01   155.26    67.59    77.15  -152.58   -69.91  -179.40
N 5MU   54    -67.00  -175.34    52.23    80.13  -124.80   -78.64  -166.06
N PSU   55    -48.90   156.91    51.05    74.84  -132.60   -83.30 -9999.99
N   C   56    165.58   178.11    59.57    80.72  -126.95   -70.09  -153.85
N   A   57    -63.45   164.09    61.55    79.83  -147.61   -61.20  -152.19
N   A   58    -65.27  -136.25    60.86   151.64   -79.95  -176.59   -77.12
N   A   59     71.39  -158.58    68.44    85.82  -137.91   -49.13  -173.86
N   U   60    -67.48   178.70    64.24   138.70   -97.08   -68.03  -131.06
N   C   61    -78.09   177.52    34.60    78.84  -146.13   -73.91  -172.37
N   C   62    -69.16  -177.00    52.27    81.73  -151.95   -78.17  -171.05
N   G   63    -77.18   177.23    64.59    79.57  -142.47   -80.77  -167.85
N   G   64    -55.24   167.06    53.04    77.23  -151.77   -69.28  -171.84
N   C   65    -67.83   170.17    60.23    82.24  -148.96   -77.14  -163.32
N   C   66    -61.69   173.55    50.31    79.10  -140.06   -86.41  -171.72
N   C   67    -50.51   161.85    45.70    78.54  -155.28   -69.50  -169.28
N   C   68    -73.77  -177.54    62.69    82.35  -150.89   -70.41  -165.13
N   C   69    -64.35   178.33    53.07    77.88  -149.25   -81.13  -159.91
N   G   70    -61.35   166.43    54.00    76.84  -144.31   -78.36  -164.88
N   C   71    -50.10   164.29    53.35    78.62  -145.12   -66.84  -167.19
N   A   72    -64.16   175.89    59.14    78.60  -133.28   -80.78  -161.68
N   A   73    -52.34   159.07    47.38    79.82  -155.73   142.23  -158.37
N   C   74    -77.52   130.80    52.34    80.96  -151.19   -64.23  -159.22
N   C   75    -79.27  -158.23    45.45    84.47   -99.12   -45.40  -131.68
N   A   76    -99.62    62.16  -177.72   140.11 -9999.99 -9999.99  -111.29
