PDB data file name: tRNA_dataset/1u0b_chain_A.pdb_new
-----------------------------------------------------------
CRITERIA USED TO GENERATE BASE-PAIR: 
  3.40 --> upper H-bond length limits (ON..ON).
 26.00 --> max. distance between paired base origins.
  2.50 --> max. vertical distance between paired base origins.
 65.00 --> max. angle between paired bases [0-90].
  5.40 --> min. distance between RN9/YN1 atoms.
  8.00 --> max. distance criterion for helix break[0-12]
-----------------------------------------------------------
BASE-PAIR INSTRUCTIONS: 
Column 1 is rnaview assigned base numbers n1_n2, start from 1.
Column 2 & 3 are chain ID & residue number in input PDB file.
Column 4 is for base pair. The left & right are the bases as 
         identified by column 2 & 3 and 5 & 6.
Column 5 & 6 are residue number & chain ID in input PDB file.
Column 7 is for base pair annotation. The standard Watson-Crick
         (W.C.) pairs are annotated as -/- (AU,AT) or +/+ (GC).
         Other pairs are annotated as Leontis_Westhof Classification.
         The three edges: W(Watson-Crick); H(Hoogsteen); S(suger).
         e.g. W/H means the pair is edge of Watson-Crick & Hoogsteen.
Column 8 is glycosidic bond orientation (either cis or trans).
         e.g. 'W/H cis' means the pair is interaction on Watson-Crick
         and Hoogsteen side, glycosidic bond orientation is 'cis'.
Column 9 corresponds to Saenger Classification.

Other columns: 
        Syn sugar-base conformations are annotated as (syn).
        Stacked base pairs are annotated as (stack).
        Non-identified edges are annotated as (.) or (?)
        Tertiary interactions are marked by (!) in the line.
Reference:
Yang et al (2003) Nucleic Acids Research, Vol31,No13,p3450-3461.
-----------------------------------------------------------
BEGIN_base-pair
     1_70, A:     1 G-C    72 A: +/+ cis         XIX
     2_69, A:     2 G-C    71 A: +/+ cis         XIX
     3_68, A:     3 C-G    70 A: +/+ cis         XIX
     4_67, A:     4 G-C    69 A: +/+ cis         XIX
     5_66, A:     5 C-G    68 A: +/+ cis         XIX
     6_65, A:     6 G-C    67 A: +/+ cis         XIX
     7_64, A:     7 U-A    66 A: -/- cis         XX
     8_14, A:     8 U-A    14 A: W/H tran        XXIV
     9_13, A:     9 A-A    13 A: H/W tran        V
    10_24, A:    10 A-U    25 A: -/- cis         XX
    10_44, A:    10 A-U    45 A: H/S cis         n/a
    11_23, A:    11 C-G    24 A: +/+ cis         XIX
    12_22, A:    12 A-U    23 A: -/- cis         XX
    13_21, A:    13 A-A    22 A: S/H tran        n/a
    15_46, A:    15 G-G    48 A: W/W tran        III
    16_57, A:    16 C-C    59 A: W/W tran        XIV,XV
    17_53, A:    18 G-U    55 A: W/S tran        n/a
    18_54, A:    19 G-C    56 A: W/W cis         n/a
    26_42, A:    27 G-U    43 A: W/W cis         XXVIII
    27_41, A:    28 C-G    42 A: +/+ cis         XIX
    28_40, A:    29 G-C    41 A: +/+ cis         XIX
    29_39, A:    30 G-C    40 A: +/+ cis         XIX
    30_38, A:    31 A-U    39 A: -/- cis         XX
    31_37, A:    32 U-A    38 A: W/W cis         n/a
    47_63, A:    49 U-A    65 A: -/- cis         XX
    48_62, A:    50 C-G    64 A: +/+ cis         XIX
    49_61, A:    51 C-G    63 A: +/+ cis         XIX
    50_60, A:    52 G-C    62 A: +/+ cis         XIX
    51_59, A:    53 G-C    61 A: +/+ cis         XIX
    52_53, A:    54 U-U    55 A:      stacked
    52_56, A:    54 U-A    58 A: W/H tran        XXIV
    71_72, A:    73 U-C    74 A: S/H cis         n/a
    14_45, A:    14 A-A    46 A: W/W tran        !1H(b_b).
     8_45, A:     8 U-A    46 A: s/S cis         !(s_s)
    20_21, A:    21 U-A    22 A: S/S tran   syn    !(s_s)
    32_35, A:    33 U-A    36 A: S/H tran        !(s_s)
    70_71, A:    72 C-U    73 A: S/S cis         !(s_s)
    70_73, A:    72 C-C    75 A: ?/H cis         !(s_s)
END_base-pair

Summary of triplets and higher multiplets
BEGIN_multiplets
9_13_21_| [1 3]  A: 9 A  +  A: 13 A  +  A: 22 A
10_24_44_| [2 3]  A: 10 A  +  A: 25 U  +  A: 45 U
END_multiplets

  The total base pairs =  31 (from   74 bases)
------------------------------------------------
 Standard  WW--cis  WW-tran  HH--cis  HH-tran  SS--cis  SS-tran
       19        3        2        0        0        0        0
  WH--cis  WH-tran  WS--cis  WS-tran  HS--cis  HS-tran
        0        3        0        1        2        1
------------------------------------------------
