BEGIN_base-pair
     7_64, A:     7 U-A    66 A: -/- cis         XX
     8_14, A:     8 U-A    14 A: W/H tran        XXIV
     9_13, A:     9 A-A    13 A: H/W tran        V
    10_24, A:    10 A-U    25 A: -/- cis         XX
    10_24,-
7_64_8_14_9_13_10_24_0, click this line to see above pattern
0_0,---------
    12_22, A:    12 A-U    23 A: -/- cis         XX
    13_21, A:    13 A-A    22 A: S/H tran        n/a
    15_46, A:    15 G-G    48 A: W/W tran        III
    16_57, A:    16 C-C    59 A: W/W tran        XIV,XV
    17_53, A:    18 G-U    55 A: W/S tran        n/a
    18_54, A:    19 G-C    56 A: W/W cis         n/a
    26_42, A:    27 G-U    43 A: W/W cis         XXVIII
    27_41, A:    28 C-G    42 A: +/+ cis         XIX
    27_41,-
12_22_13_21_15_46_16_57_17_53_18_54_26_42_27_41_0, click this line to see above pattern
0_0,---------
END_base-pair
