The backbone torsional angle for nucleic acid 

 
Note: alpha:   O3'(i-1)-P-O5'-C5'
      beta:    P-O5'-C5'-C4'
      gamma:   O5'-C5'-C4'-C3'
      delta:   C5'-C4'-C3'-O3'
      epsilon: C4'-C3'-O3'-P(i+1)
      zeta:    C3'-O3'-P(i+1)-O5'(i+1)

      chi for pyrimidines(Y): O4'-C1'-N1-C2
          chi for purines(R): O4'-C1'-N9-C4

    (The number -9999.99 means that the angle can not be calculated) 

Ch Res  Num    alpha    beta     gamma    delta  epsilon    zeta     chi
V   U    1  -9999.99  -158.07    34.56    81.53   -96.22  -141.91  -161.26
V   G    2     93.07  -102.42   179.59    81.59  -172.00   -85.76  -164.51
V   C    3    173.52  -134.73   153.29    80.19  -137.17   -55.49  -162.43
V   C    4    -81.14  -162.52    46.46    77.81  -161.96   -89.14  -150.71
V   C    5    147.29  -153.40  -179.85    82.72  -148.96   -65.05  -161.04
V   G    6    -79.00  -174.41    51.86    81.85  -151.62   -83.88  -171.06
V   G    7    -58.49   160.70    79.59   148.93   -81.45  -123.65  -144.36
V   U    8    166.88  -124.65   161.70    82.74  -160.95   -88.87  -148.77
V   A    9    -59.31  -145.58    72.15   142.31   -92.93   -95.92  -111.39
V   G   10    146.80  -117.42    48.28    80.26 -9999.99 -9999.99  -162.50
V   C   11  -9999.99  -131.42    25.78    82.69  -145.84  -113.99  -159.20
V   C   12    147.52  -128.01   167.21    80.03  -123.06   -95.92  -176.22
V   C   13    148.87  -127.94   171.61    78.78  -148.91   -86.43  -165.83
V   C   14    -48.33   179.65    54.37    77.13  -109.45  -125.92  -154.05
V   G   15    108.98   -90.41  -169.53    81.74   -95.51  -116.04  -156.55
V   A   16     17.78   109.03   -59.23   145.77   -64.80    97.00  -169.59
V   A   17   -127.65   179.15    39.87   141.08 -9999.99 -9999.99   166.56
V   G   18  -9999.99   103.62   -77.85   148.57   -89.44   174.37  -121.93
V   G   19    132.31  -100.77  -178.92   150.28  -144.75    97.85  -112.68
V   U   20    161.52    76.90   141.67    77.46  -145.88   -25.69  -128.69
V   A   21   -100.84   158.66   155.83    82.74 -9999.99 -9999.99  -161.01
V   G   22  -9999.99    86.32   177.60   148.38  -154.03  -129.30  -135.85
V   A   23    112.47   170.18  -166.72    77.94  -123.32   -74.42    22.96
V   G   24    -61.72   153.25    68.44    83.63  -141.57   -64.48  -174.06
V   C   25    -68.86  -179.74    51.60    75.94  -130.15   -89.45  -158.25
V   A   26    -39.23   152.46    43.54    79.22  -133.07   -86.72  -177.60
V   G   27    -46.97   160.64    43.73    80.34  -129.96   -87.96  -175.45
V   G   28    -41.00   157.54    46.44    76.28  -141.02  -100.46  -168.10
V   G   29    121.93  -138.54  -158.31    82.64  -121.93  -111.09  -177.94
V   G   30    124.96  -125.28  -170.83    81.06  -123.79   -73.14   175.75
V   A   31    -57.03   167.93    53.65    79.40  -143.55   -67.18  -167.63
V   U   32    -77.57   174.45    69.80    82.12  -125.26   -67.06  -159.11
V   U   33    -62.86   179.27    38.33    76.34  -130.91  -100.75  -144.15
V   C   34    141.42  -155.73    72.39    81.00  -137.58   -74.20  -159.03
V   C   35    -67.30   175.97    49.80    79.91  -169.59   -93.28  -154.05
V   G   36    154.21  -143.60   165.00    81.77  -114.99   -72.22  -178.90
V   A   37    -59.24   162.72    53.28    75.42  -131.89   -66.77  -167.00
V   A   38    -84.76   151.84    85.20    77.60  -122.20   -65.44  -177.73
V   U   39    -57.89   166.74    62.91    79.73  -145.69   -77.87  -163.05
V   C   40    -66.24   172.54    53.13    76.31  -141.64   -70.36  -169.13
V   C   41    -63.38   163.46    81.07    79.24 -9999.99 -9999.99  -163.99
V   C   42  -9999.99  -174.90    68.19    78.26  -154.79   -86.56  -154.13
V   C   43    146.81  -144.07   178.58    79.54  -101.56  -109.19  -165.89
V   G   44    -25.75   127.63    34.79    74.97  -139.92   -70.48  -159.25
V   U   45    -57.90   169.85    58.01    79.64   -95.77  -136.73  -152.10
V   G   46     36.97   147.54   -21.54   148.54  -114.70  -132.33   -55.80
V   U   47   -158.72   165.15   -63.57    81.85  -130.08   -98.85  -163.60
V   C   48     89.04    96.38   141.67   150.14   -25.54  -154.65  -148.14
V   C   49    162.38  -118.61    39.16    79.10  -153.45   -84.15  -156.32
V   U   50    -56.47  -165.66    47.91   136.31    59.38    77.48  -100.09
V   U   51     94.07   144.98   135.71    81.49  -164.11   -84.82  -169.38
V   G   52    153.06  -142.86   172.62    81.21  -143.81   -68.96   170.48
V   G   53    -76.33  -169.65    56.40    84.52  -132.91  -155.96  -163.99
V   U   54    118.84  -105.61   172.54    85.18  -142.61   -60.79  -150.76
V   U   55   -164.68  -146.16   111.21    84.10  -136.46   -20.03  -162.92
V   C   56   -169.21   134.94    43.18   142.62  -149.55   175.20  -120.04
V   G   57    122.69  -108.87   163.99    83.10   166.07    37.29  -136.33
V   A   58   -158.94   163.33   103.71    88.40  -126.43  -114.77  -109.14
V   U   59    160.83   160.59    50.32    84.91  -135.07   -59.14   179.27
V   U   60    -69.33   162.80    79.10   141.23  -145.59   -59.64  -153.92
V   C   61    113.04  -166.07  -172.14    82.58  -111.37    27.98   124.19
V   C   62    171.93    90.34   139.04    79.46   -98.04  -118.77  -172.15
V   G   63    -74.24   117.07    75.00    83.33  -165.02   -84.08  -157.14
V   A   64    142.51  -149.80  -179.54    80.61  -100.04  -113.04   179.41
V   G   65    -41.55   140.22    39.67    75.99  -140.13   -62.10   174.57
V   U   66    -69.10  -163.57    53.81    76.54  -146.29   -81.69  -163.54
V   C   67    -54.77   164.74    53.99    77.88  -175.80   -92.62  -163.76
V   C   68    166.61  -127.82   152.67    83.48  -117.25   -48.68  -159.04
V   G   69   -147.64   132.33   127.00    81.33  -131.31  -119.18  -161.62
V   G   70    145.13  -123.06   167.38    82.51   168.77    37.94  -164.03
V   G   71    150.25    90.58   160.27   151.61   -87.30  -114.95   112.41
V   C   72    121.46  -140.75   169.12   148.53  -161.04  -135.78   -88.71
V   A   73    107.27  -150.16  -159.64    82.46  -135.99   -64.34  -174.38
V   C   74    -74.80  -165.81    66.84   147.68   -95.49  -111.70   -82.32
V   C   75    -10.62  -119.35    80.38   146.09  -155.38  -114.09   -99.64
V   A   76    -55.02   136.63   169.71   148.65 -9999.99 -9999.99  -161.77
