BEGIN_base-pair
    31_39, V:    31 A-U    39 V: -/- cis         XX
    32_38, V:    32 U-A    38 V: W/W cis         n/a
    50_65, V:    50 U-G    65 V: W/W cis         XXVIII
    51_64, V:    51 U-A    64 V: -/- cis         XX
    51_64,-
31_39_32_38_50_65_51_64_0, click this line to see above pattern
0_0,---------
    16_59, V:    16 A-U    59 V: -/- cis         XX
    17_60, V:    17 A-U    60 V: W/W cis         n/a
    18_54, V:    18 G-U    54 V: W/W tran        XXVII
    18_58, V:    18 G-A    58 V: W/S cis         n/a
    19_56, V:    19 G-C    56 V: W/W cis         n/a
    22_46, V:    22 G-G    46 V: H/W tran     syn  VII
    26_44, V:    26 A-G    44 V: W/W cis         VIII
    27_43, V:    27 G-C    43 V: +/+ cis         XIX
    27_43,-
16_59_17_60_18_54_18_58_19_56_22_46_26_44_27_43_0, click this line to see above pattern
0_0,---------
     7_67, V:     7 G-C    67 V: +/+ cis         XIX
     8_14, V:     8 U-C    14 V: W/H tran        n/a
     8_21, V:     8 U-A    21 V: W/W tran        XXI
    10_25, V:    10 G-C    25 V: W/W cis         n/a
    11_24, V:    11 C-G    24 V: W/W cis         n/a
    11_25, V:    11 C-C    25 V: W/W cis         n/a
    13_22, V:    13 C-G    22 V: W/W cis         n/a
    15_48, V:    15 G-C    48 V: W/W tran        XXII
    16_59, V:    16 A-U    59 V: -/- cis         XX
    16_59,-
7_67_8_14_8_21_10_25_11_24_11_25_13_22_15_48_16_59_0, click this line to see above pattern
0_0,---------
END_base-pair
