PDB data file name: ./Datasets/pdb_select_tRNA/5w4k_2.pdb_new
uncommon residue 4SU    8  on chain 2 [#8] assigned to: u
uncommon residue PSU   32  on chain 2 [#29] assigned to: P
uncommon residue PSU   39  on chain 2 [#36] assigned to: P
uncommon residue G7M   46  on chain 2 [#43] assigned to: g
uncommon residue 5MU   54  on chain 2 [#51] assigned to: u
uncommon residue PSU   55  on chain 2 [#52] assigned to: P
-----------------------------------------------------------
CRITERIA USED TO GENERATE BASE-PAIR: 
  3.40 --> upper H-bond length limits (ON..ON).
 26.00 --> max. distance between paired base origins.
  2.50 --> max. vertical distance between paired base origins.
 65.00 --> max. angle between paired bases [0-90].
  5.40 --> min. distance between RN9/YN1 atoms.
  8.00 --> max. distance criterion for helix break[0-12]
-----------------------------------------------------------
BASE-PAIR INSTRUCTIONS: 
Column 1 is rnaview assigned base numbers n1_n2, start from 1.
Column 2 & 3 are chain ID & residue number in input PDB file.
Column 4 is for base pair. The left & right are the bases as 
         identified by column 2 & 3 and 5 & 6.
Column 5 & 6 are residue number & chain ID in input PDB file.
Column 7 is for base pair annotation. The standard Watson-Crick
         (W.C.) pairs are annotated as -/- (AU,AT) or +/+ (GC).
         Other pairs are annotated as Leontis_Westhof Classification.
         The three edges: W(Watson-Crick); H(Hoogsteen); S(suger).
         e.g. W/H means the pair is edge of Watson-Crick & Hoogsteen.
Column 8 is glycosidic bond orientation (either cis or trans).
         e.g. 'W/H cis' means the pair is interaction on Watson-Crick
         and Hoogsteen side, glycosidic bond orientation is 'cis'.
Column 9 corresponds to Saenger Classification.

Other columns: 
        Syn sugar-base conformations are annotated as (syn).
        Stacked base pairs are annotated as (stack).
        Non-identified edges are annotated as (.) or (?)
        Tertiary interactions are marked by (!) in the line.
Reference:
Yang et al (2003) Nucleic Acids Research, Vol31,No13,p3450-3461.
-----------------------------------------------------------
BEGIN_base-pair
     1_69, 2:     1 G-C    72 2: +/+ cis         XIX
     2_68, 2:     2 C-G    71 2: +/+ cis         XIX
     3_67, 2:     3 C-G    70 2: +/+ cis         XIX
     4_66, 2:     4 C-G    69 2: +/+ cis         XIX
     5_65, 2:     5 G-C    68 2: +/+ cis         XIX
      6_7, 2:     6 G-A     7 2:      stacked
     6_64, 2:     6 G-C    67 2: +/+ cis         XIX
     7_63, 2:     7 A-U    66 2: -/- cis         XX
     8_13, 2:     8 u-C    13 2:      stacked
     8_14, 2:     8 u-A    14 2: W/H tran        XXIV
     9_20, 2:     9 A-A    23 2: H/H tran   syn    II
    10_22, 2:    10 G-C    25 2: +/+ cis         XIX
    11_21, 2:    11 C-G    24 2: +/+ cis         XIX
    12_13, 2:    12 U-C    13 2:      stacked
    12_20, 2:    12 U-A    23 2: -/- cis         XX
    13_19, 2:    13 C-G    22 2: +/+ cis         XIX
    15_45, 2:    15 G-C    48 2: W/W tran        XXII
    16_52, 2:    18 G-P    55 2: W/S tran        n/a
    17_53, 2:    19 G-C    56 2: +/+ cis    syn    XIX
    19_43, 2:    22 G-g    46 2: H/W tran     syn  VII
    23_41, 2:    26 A-G    44 2: W/W cis         VIII
    24_40, 2:    27 G-C    43 2: +/+ cis         XIX
    25_39, 2:    28 G-C    42 2: +/+ cis         XIX
    26_38, 2:    29 G-C    41 2: +/+ cis         XIX
    26_39, 2:    29 G-C    42 2:      stacked
    27_37, 2:    30 G-C    40 2: +/+ cis         XIX
    27_38, 2:    30 G-C    41 2:      stacked
    28_36, 2:    31 A-P    39 2: W/W cis         n/a
    36_37, 2:    39 P-C    40 2:      stacked
    46_62, 2:    49 C-G    65 2: +/+ cis         XIX
    47_61, 2:    50 U-A    64 2: -/- cis         XX
    48_60, 2:    51 U-G    63 2: W/W cis         XXVIII
    48_61, 2:    51 U-A    64 2:      stacked
    49_50, 2:    52 G-G    53 2:      stacked
    49_59, 2:    52 G-C    62 2: +/+ cis         XIX
    50_58, 2:    53 G-C    61 2: +/+ cis         XIX
    50_59, 2:    53 G-C    62 2:      stacked
    51_55, 2:    54 u-A    58 2: W/H tran     syn  XXIV
    10_41, 2:    10 G-G    44 2: H/W cis         !1H(b_b)
    22_41, 2:    25 C-G    44 2: ./W cis         !1H(b_b)
    29_35, 2:    32 P-A    38 2: W/W cis         !1H(b_b)
     8_18, 2:     8 u-A    21 2: S/W tran        !(b_s)
    10_42, 2:    10 G-U    45 2: H/S cis         !(b_s)
    44_45, 2:    47 U-C    48 2: S/. tran   syn    !(s_s)
    44_48, 2:    47 U-U    51 2: H/? tran   syn    !(s_s)
    72_73, 2:    75 C-A    76 2: S/S cis         !(s_s)
END_base-pair

Summary of triplets and higher multiplets
BEGIN_multiplets
9_12_20_| [1 3]  2: 9 A  +  2: 12 U  +  2: 23 A
13_19_43_| [2 3]  2: 13 C  +  2: 22 G  +  2: 46 g
END_multiplets

  The total base pairs =  29 (from   73 bases)
------------------------------------------------
 Standard  WW--cis  WW-tran  HH--cis  HH-tran  SS--cis  SS-tran
       20        3        1        0        1        0        0
  WH--cis  WH-tran  WS--cis  WS-tran  HS--cis  HS-tran
        0        3        0        1        0        0
------------------------------------------------
