BEGIN_base-pair
     7_63, 2:     7 A-U    66 2: -/- cis         XX
     8_14, 2:     8 u-A    14 2: W/H tran        XXIV
     9_20, 2:     9 A-A    23 2: H/H tran   syn    II
    10_22, 2:    10 G-C    25 2: +/+ cis         XIX
    10_22,-
7_63_8_14_9_20_10_22_0, click this line to see above pattern
0_0,---------
    13_19, 2:    13 C-G    22 2: +/+ cis         XIX
    15_45, 2:    15 G-C    48 2: W/W tran        XXII
    16_52, 2:    18 G-P    55 2: W/S tran        n/a
    17_53, 2:    19 G-C    56 2: +/+ cis    syn    XIX
    17_53,-
13_19_15_45_16_52_17_53_0, click this line to see above pattern
0_0,---------
    17_53, 2:    19 G-C    56 2: +/+ cis    syn    XIX
    19_43, 2:    22 G-g    46 2: H/W tran     syn  VII
    23_41, 2:    26 A-G    44 2: W/W cis         VIII
    24_40, 2:    27 G-C    43 2: +/+ cis         XIX
    24_40,-
17_53_19_43_23_41_24_40_0, click this line to see above pattern
0_0,---------
END_base-pair
