The backbone torsional angle for nucleic acid 

 
Note: alpha:   O3'(i-1)-P-O5'-C5'
      beta:    P-O5'-C5'-C4'
      gamma:   O5'-C5'-C4'-C3'
      delta:   C5'-C4'-C3'-O3'
      epsilon: C4'-C3'-O3'-P(i+1)
      zeta:    C3'-O3'-P(i+1)-O5'(i+1)

      chi for pyrimidines(Y): O4'-C1'-N1-C2
          chi for purines(R): O4'-C1'-N9-C4

    (The number -9999.99 means that the angle can not be calculated) 

Ch Res  Num    alpha    beta     gamma    delta  epsilon    zeta     chi
A   G    1  -9999.99   158.03    42.64    87.07  -143.22   -73.75  -162.59
A   C    2    -65.48   167.06    49.49    78.06  -153.73   -71.53  -155.98
A   C    3    -71.05  -177.17    53.31    80.17  -147.13   -77.03  -160.26
A   C    4    -68.49   176.46    49.75    78.77  -149.34   -71.67  -161.36
A   G    5    -71.34   173.18    59.36    76.35  -148.01   -73.66  -169.68
A   G    6    -69.52   167.44    68.44    74.27  -153.74   -70.52  -176.57
A   A    7    -75.67  -170.43    56.48    76.94  -149.26   -64.99  -164.14
A   U    8    -70.07   164.71    66.59    78.88  -160.99   -79.79  -165.24
A   A    9    -62.20   157.80    74.70    75.83  -155.71   -63.18   178.86
A   G   10    148.62  -127.35  -176.48   156.35  -100.00   -84.82  -149.39
A   U   11     64.32  -175.96    45.48   146.93   -94.15   -65.75  -102.12
A   G   12    -55.97  -118.65    66.35   139.90   -87.13  -101.39  -131.25
A   U   13    -80.18   175.18    45.83   136.92  -128.78   -68.14  -141.77
A   C   14    170.31   145.90    44.84    81.14  -148.51   -69.86  -164.92
A   C   15    -70.11   164.73    68.48    80.93  -144.56   -64.39  -164.93
A   U   16    -70.39  -179.13    49.68    79.23  -162.88   -80.42  -163.31
A   U   17    -79.98  -169.38    53.40    83.79  -141.84   -61.53  -159.83
A   G   18    -66.29   169.72    71.42   133.88  -147.45   -71.87  -132.83
A   G   19   -166.75   125.40   169.60   150.04   -93.83   107.32  -118.95
A   G   20     59.20  -115.53  -135.93    82.88  -165.23    67.85    71.43
A   A   21     72.70   161.54    53.48    82.46  -160.72   -81.28  -167.43
A   A   22    -54.47   160.18    62.28    84.41  -140.45   -63.89  -159.23
A   A   23    -74.00   165.59    56.89    80.51  -146.34   -60.62  -164.78
A   C   24    -73.17   176.93    62.03    78.80  -141.57   -72.05  -164.57
A   C   25    -67.96   173.44    58.57    84.85  -145.94   -59.18  -163.62
A   G   26    -70.00   173.77    51.60    81.39  -155.91   -83.84  -154.24
A   A   27   -111.50    86.18   157.26    93.48  -135.78   -48.61   158.45
A   G   28    -71.55  -116.50   -65.58   153.55  -111.50   -55.65    73.77
A   U   29    -69.57  -173.20    46.34    82.37  -147.51   -73.42  -167.58
A   C   30    -64.59   173.23    52.14    78.92  -150.05   -75.39  -161.28
A   C   31    -67.47   177.83    55.77    79.08  -150.41   -74.43  -166.82
A   G   32    -72.39   175.09    56.58    74.56  -142.49   -78.43  -168.93
A   G   33    -63.73   164.77    58.45    76.12  -150.18   -68.94  -171.05
A   G   34    -69.99   177.27    61.96    80.37  -151.55   -71.10  -167.92
A   C   35    -66.42  -179.12    55.02    82.17  -138.72   -74.35  -151.00
A   A   36    -67.59   163.34    62.42    86.36  -135.64   -75.69  -136.20
A   C   37    -67.53  -170.88    57.45   137.57  -104.70   -67.37  -131.42
A   C   38   -117.05  -179.01    62.25    84.07 -9999.99 -9999.99  -157.98
