PDB data file name: tRNA_dataset/2zy6_chain_A.pdb_new
-----------------------------------------------------------
CRITERIA USED TO GENERATE BASE-PAIR: 
  3.40 --> upper H-bond length limits (ON..ON).
 26.00 --> max. distance between paired base origins.
  2.50 --> max. vertical distance between paired base origins.
 65.00 --> max. angle between paired bases [0-90].
  5.40 --> min. distance between RN9/YN1 atoms.
  8.00 --> max. distance criterion for helix break[0-12]
-----------------------------------------------------------
BASE-PAIR INSTRUCTIONS: 
Column 1 is rnaview assigned base numbers n1_n2, start from 1.
Column 2 & 3 are chain ID & residue number in input PDB file.
Column 4 is for base pair. The left & right are the bases as 
         identified by column 2 & 3 and 5 & 6.
Column 5 & 6 are residue number & chain ID in input PDB file.
Column 7 is for base pair annotation. The standard Watson-Crick
         (W.C.) pairs are annotated as -/- (AU,AT) or +/+ (GC).
         Other pairs are annotated as Leontis_Westhof Classification.
         The three edges: W(Watson-Crick); H(Hoogsteen); S(suger).
         e.g. W/H means the pair is edge of Watson-Crick & Hoogsteen.
Column 8 is glycosidic bond orientation (either cis or trans).
         e.g. 'W/H cis' means the pair is interaction on Watson-Crick
         and Hoogsteen side, glycosidic bond orientation is 'cis'.
Column 9 corresponds to Saenger Classification.

Other columns: 
        Syn sugar-base conformations are annotated as (syn).
        Stacked base pairs are annotated as (stack).
        Non-identified edges are annotated as (.) or (?)
        Tertiary interactions are marked by (!) in the line.
Reference:
Yang et al (2003) Nucleic Acids Research, Vol31,No13,p3450-3461.
-----------------------------------------------------------
BEGIN_base-pair
     1_35, A:     1 G-C    35 A: +/+ cis         XIX
     2_34, A:     2 C-G    34 A: +/+ cis         XIX
     3_33, A:     3 C-G    33 A: +/+ cis         XIX
     4_32, A:     4 C-G    32 A: +/+ cis         XIX
     5_31, A:     5 G-C    31 A: +/+ cis         XIX
     6_30, A:     6 G-C    30 A: +/+ cis         XIX
     7_29, A:     7 A-U    29 A: -/- cis         XX
     8_27, A:     8 U-A    27 A: W/H tran        XXIV
     9_26, A:     9 A-G    26 A: H/S tran        XI
    10_25, A:    10 G-C    25 A: +/+ cis         XIX
    12_19, A:    12 G-G    19 A: H/W tran        VII
    12_24, A:    12 G-C    24 A: +/+ cis         XIX
    11_28, A:    11 U-G    28 A: H/W cis      syn  !(s_s)
END_base-pair

Summary of triplets and higher multiplets
BEGIN_multiplets
12_19_24_| [1 3]  A: 12 G  +  A: 19 G  +  A: 24 C
END_multiplets

  The total base pairs =  12 (from   38 bases)
------------------------------------------------
 Standard  WW--cis  WW-tran  HH--cis  HH-tran  SS--cis  SS-tran
        9        0        0        0        0        0        0
  WH--cis  WH-tran  WS--cis  WS-tran  HS--cis  HS-tran
        0        2        0        0        0        1
------------------------------------------------
