The backbone torsional angle for nucleic acid 

 
Note: alpha:   O3'(i-1)-P-O5'-C5'
      beta:    P-O5'-C5'-C4'
      gamma:   O5'-C5'-C4'-C3'
      delta:   C5'-C4'-C3'-O3'
      epsilon: C4'-C3'-O3'-P(i+1)
      zeta:    C3'-O3'-P(i+1)-O5'(i+1)

      chi for pyrimidines(Y): O4'-C1'-N1-C2
          chi for purines(R): O4'-C1'-N9-C4

    (The number -9999.99 means that the angle can not be calculated) 

Ch Res  Num    alpha    beta     gamma    delta  epsilon    zeta     chi
J   G    1  -9999.99  -168.49    52.95    83.07  -137.81   -78.80  -174.33
J   G    2    -83.27   174.90    54.32    83.82  -169.87   -66.99  -166.21
J   G    3    -73.24  -170.17    54.62    83.18  -152.99   -72.51  -153.00
J   A    4    -48.33   162.19    45.69    80.25  -155.07   -81.04  -158.01
J   G    5    -53.66   169.00    46.83    84.53  -157.13   -62.39  -165.63
J   U    5    -78.78  -171.68    53.09    77.49  -144.16   -65.12  -157.21
J   A    6    -47.27   174.16    59.15    81.40  -165.46   -91.22  -141.24
J   G    7    -44.33   168.66    56.08   148.30  -114.69   -76.91  -108.83
J   A    8    -40.74  -135.54    54.11   148.01  -177.00  -101.13  -115.20
J   U    9   -168.13   172.38    53.81   140.20  -141.41    69.45  -140.83
J   A   10     46.69   146.85    43.31    85.99  -131.38   -74.79   172.03
J   G   11    -80.39   174.71    59.63    82.34  -154.88   -80.38  -177.46
J   G   12    -93.13  -171.53    65.07    81.86  -153.86   -66.78  -179.22
J   C   13    -89.64  -174.05    74.69    87.58  -163.92   -56.67  -164.41
J   G   14   -103.06  -173.73    72.29    78.66  -170.13   -67.01  -169.00
J   C   15    -67.37  -178.29    66.33    88.95  -169.43   -63.56  -158.59
J   U   16    -90.61  -171.63    57.22    82.94  -163.64   -68.35  -154.89
J   G   18    179.26   163.58   -63.80   138.01   -90.93  -150.31  -115.19
J   G   19    -71.42   169.71    48.40   146.74   -87.71    95.85   -72.85
J   U   20   -121.55  -166.02    56.67   146.21  -102.51    68.85  -133.27
J   G   20   -134.00   119.81   173.94    83.83  -143.26   -76.02   179.52
J   U   21    -62.23   166.32    60.06    85.58  -166.40   -81.70  -166.78
J   G   22    -88.19  -174.01    64.04    86.90  -163.78   -66.87  -165.43
J   C   23    -79.27  -177.25    58.33    84.19  -158.01   -56.96  -165.15
J   C   24    -86.61  -174.07    58.80    78.98  -165.72   -60.52  -158.07
J   U   25    -66.09   178.54    54.77    77.65  -161.25   -63.95  -162.37
J   C   26    -61.31  -178.47    46.81    77.19  -147.71   -74.22  -157.61
J   C   27    -42.76   162.86    33.28    67.13  -133.39   -80.99  -147.85
J   U   28    -34.17   151.95    48.78    75.74  -156.67   -76.68  -147.59
J   A   29    -45.31   165.26    40.33    81.81  -163.58   -75.08  -157.03
J   G   30    -60.16   168.90    50.86    81.43  -158.82   -71.79  -156.84
J   A   31    -52.00   176.51    44.62    83.88  -148.38   -70.51  -156.89
J   C   32    -50.82   161.61    53.38    85.22  -152.62   -75.17  -150.51
J   U   33    -83.33   164.73    64.60    94.00  -113.70   -64.99  -160.19
J   U   34    154.53   150.25    41.25    84.22  -145.10   -54.00   175.91
J   C   35    -95.26  -153.71    50.67    83.32  -161.96   -75.17  -160.79
J   A   36    -56.95   154.05    67.46    88.53  -140.43   -64.39  -160.38
J   A   37    -63.46   162.20    49.75    81.40  -148.59   -68.06  -151.73
J   A   38    -50.42   159.49    53.20    84.38  -166.09   -50.68  -161.85
J   U   39    -67.29   176.31    47.93    78.35  -149.77   -83.97  -157.46
J   C   40    -42.63   151.26    49.87    80.65  -137.59   -96.18  -158.60
J   U   41    -38.52   145.74    50.37    81.74  -153.65   -72.75  -162.39
J   A   42    -51.87  -170.60    53.98   143.44   -92.04   -91.20  -112.02
J   C   42    172.45  -158.19   -63.16    85.87  -172.86    65.48  -172.35
J   G   43     72.26   144.07   -55.39    99.50  -170.67   -60.30  -159.25
J   G   44    -78.56  -178.68    78.26   148.35  -125.96   -77.44  -132.97
J   U   45    -80.70  -154.61    55.14    83.48  -148.15   -73.30  -165.81
J   C   46    -52.48   163.04    55.59    88.02  -140.55   -73.62  -160.24
J   U   47    -69.07   163.76    49.70    80.87  -151.39   -83.96  -150.43
J   C   47    -46.23   153.58    46.30    78.30  -156.68   -74.20  -155.65
J   G   47    -57.31   164.56    47.40    77.86  -156.02   -76.04  -168.54
J   C   47    -54.78   171.21    51.72    81.10  -148.27   -80.97  -164.64
J   U   47    -65.59   170.24    53.91    82.58  -143.56   -68.47  -157.24
J   A   47    -69.82   171.63    51.51    83.74  -137.61   -48.65  -158.64
J   U   47    -57.16   159.60    66.02    81.24  -138.07  -123.01  -145.70
J   U   47     58.09  -149.13   113.60    88.64  -146.08   -48.14  -159.55
J   U   47    -75.67   166.60    63.82    82.98  -152.62   -60.86  -151.60
J   A   47    -58.57   155.07    76.02    84.46  -146.01   -41.33  -152.98
J   A   47    -71.77   166.04    48.05    77.98  -146.72   -84.44  -160.08
J   G   47    -51.69   157.62    52.47    80.94  -153.80   -72.29  -162.02
J   C   47    -49.13   168.95    47.23    80.06  -166.12   -75.27  -154.61
J   G   47    -65.65   170.26    50.27    80.79  -147.07   -81.31  -165.35
J   A   47    -59.43   169.25    58.22    84.72  -128.13   -87.05  -151.86
J   G   47    -59.90   149.13    58.23    84.22  -158.83   -81.05  -152.81
J   A   47    -59.27   168.26    44.28    71.31  -121.46   -59.59  -150.60
J   G   48    -42.67  -117.65    46.92   144.30  -124.03    69.93  -126.13
J   G   49     43.12   159.38    41.72    89.80  -133.19   -68.84   179.28
J   U   50    -69.91  -175.78    46.76    78.62  -150.11   -71.43  -159.61
J   G   51    -63.03   170.57    51.81    79.98  -154.83   -71.82  -170.00
J   G   52    -55.86   170.46    55.44    82.08  -157.70   -68.77  -165.69
J   G   53    -61.10   176.13    53.90    82.94  -167.27   -65.93  -156.97
J   U   54    -70.19  -172.48    47.30    83.24  -141.13   -68.02  -160.22
J   U   55    -51.65   161.53    51.15    85.76  -136.82   -79.40  -148.94
J   C   56    145.84  -176.93    53.16    89.71  -141.89   -72.10  -169.15
J   G   57    -71.01   172.47    53.92    87.33  -146.40   -58.78  -161.04
J   A   58    -62.24  -121.99    50.70   150.76  -103.20   153.02   -60.92
J   U   59    103.01  -143.00    53.45    80.59  -149.37   -68.06  -168.77
J   U   60    -48.51   175.96    60.71   144.06  -114.49   -57.73  -110.15
J   C   61    -85.90  -179.62    38.08    78.05  -143.22   -85.79  -171.25
J   C   62    -51.31   164.66    49.03    82.78  -144.72   -81.18  -157.08
J   C   63    -44.51   159.94    43.05    78.98  -147.71   -79.80  -161.08
J   A   64    -59.97   169.18    44.01    80.98  -148.85   -80.99  -161.04
J   C   65    -59.80   168.95    49.09    82.29  -149.64   -78.64  -157.12
J   A   66    -51.68   158.19    51.12    84.14  -141.93   -79.28  -170.64
J   U   67    -60.13   164.72    54.21    84.86  -158.43   -74.06  -167.97
J   A   67    -81.38  -174.08    56.41    87.46  -160.40   -73.60  -166.06
J   C   68    -85.06  -179.12    63.93    84.00  -145.44   -75.37  -163.12
J   U   69    -62.71   168.38    63.06    87.34  -163.65   -69.38  -164.92
J   C   70    -97.49   175.44    75.79    85.75  -171.15   -65.77  -170.47
J   C   71   -104.84  -157.83    70.66    86.14  -164.77   -64.67  -156.80
J   C   72    -91.51   169.16    77.83    86.30  -166.52   -71.36  -169.10
J   G   73   -118.34  -138.67    68.74    80.88 -9999.99 -9999.99  -141.44
