PDB data file name: tRNA_dataset/3w1k_chain_J.pdb_new
-----------------------------------------------------------
CRITERIA USED TO GENERATE BASE-PAIR: 
  3.40 --> upper H-bond length limits (ON..ON).
 26.00 --> max. distance between paired base origins.
  2.50 --> max. vertical distance between paired base origins.
 65.00 --> max. angle between paired bases [0-90].
  5.40 --> min. distance between RN9/YN1 atoms.
  8.00 --> max. distance criterion for helix break[0-12]
-----------------------------------------------------------
BASE-PAIR INSTRUCTIONS: 
Column 1 is rnaview assigned base numbers n1_n2, start from 1.
Column 2 & 3 are chain ID & residue number in input PDB file.
Column 4 is for base pair. The left & right are the bases as 
         identified by column 2 & 3 and 5 & 6.
Column 5 & 6 are residue number & chain ID in input PDB file.
Column 7 is for base pair annotation. The standard Watson-Crick
         (W.C.) pairs are annotated as -/- (AU,AT) or +/+ (GC).
         Other pairs are annotated as Leontis_Westhof Classification.
         The three edges: W(Watson-Crick); H(Hoogsteen); S(suger).
         e.g. W/H means the pair is edge of Watson-Crick & Hoogsteen.
Column 8 is glycosidic bond orientation (either cis or trans).
         e.g. 'W/H cis' means the pair is interaction on Watson-Crick
         and Hoogsteen side, glycosidic bond orientation is 'cis'.
Column 9 corresponds to Saenger Classification.

Other columns: 
        Syn sugar-base conformations are annotated as (syn).
        Stacked base pairs are annotated as (stack).
        Non-identified edges are annotated as (.) or (?)
        Tertiary interactions are marked by (!) in the line.
Reference:
Yang et al (2003) Nucleic Acids Research, Vol31,No13,p3450-3461.
-----------------------------------------------------------
BEGIN_base-pair
     4_88, J:     4 A-U    69 J: -/- cis         XX
     7_85, J:     6 A-U    67 J: -/- cis         XX
    30_42, J:    29 A-U    41 J: -/- cis         XX
    32_40, J:    31 A-U    39 J: -/- cis         XX
    14_23, J:    13 C-G    22 J: +/+ cis         XIX
    16_21, J:    15 C-G    20 J: +/+ cis         XIX
    27_46, J:    26 C-G    44 J: +/+ cis         XIX
    28_45, J:    27 C-G    43 J: +/+ cis         XIX
    48_64, J:    46 C-G    47 J: +/+ cis         XIX
    50_62, J:    47 C-G    47 J: +/+ cis         XIX
    52_60, J:    47 C-G    47 J: +/+ cis         XIX
     1_91, J:     1 G-C    72 J: +/+ cis         XIX
     2_90, J:     2 G-C    71 J: +/+ cis         XIX
     3_89, J:     3 G-C    70 J: +/+ cis         XIX
     5_87, J:     5 G-C    68 J: +/+ cis         XIX
    12_25, J:    11 G-C    24 J: +/+ cis         XIX
    13_24, J:    12 G-C    23 J: +/+ cis         XIX
    19_74, J:    19 G-C    56 J: +/+ cis    syn    XIX
    31_41, J:    30 G-C    40 J: +/+ cis         XIX
    51_61, J:    47 G-C    47 J: +/+ cis         XIX
    67_83, J:    49 G-C    65 J: +/+ cis         XIX
    69_81, J:    51 G-C    63 J: +/+ cis         XIX
    70_80, J:    52 G-C    62 J: +/+ cis         XIX
    71_79, J:    53 G-C    61 J: +/+ cis         XIX
     6_86, J:     5 U-A    67 J: -/- cis         XX
    29_43, J:    28 U-A    42 J: -/- cis         XX
    47_65, J:    45 U-A    47 J: -/- cis         XX
    49_63, J:    47 U-A    47 J: -/- cis         XX
    53_59, J:    47 U-A    47 J: -/- cis         XX
    68_82, J:    50 U-A    64 J: -/- cis         XX
    33_39, J:    32 C-A    38 J: W/W cis         n/a
     8_84, J:     7 G-A    66 J: W/W cis         VIII
    15_22, J:    14 G-U    21 J: W/W cis         XXVIII
    17_77, J:    16 U-U    59 J: W/W tran        XII,XIII
    72_76, J:    54 U-A    58 J: W/H tran     syn  XXIV
    18_73, J:    18 G-U    55 J: W/S tran        n/a
    21_66, J:    20 G-G    48 J: H/W tran        VII
    54_58, J:    47 A-A    47 J: S/H tran        n/a
END_base-pair

Summary of triplets and higher multiplets
BEGIN_multiplets
16_21_66_| [1 3]  J: 15 C  +  J: 20 G  +  J: 48 G
END_multiplets

  The total base pairs =  38 (from   92 bases)
------------------------------------------------
 Standard  WW--cis  WW-tran  HH--cis  HH-tran  SS--cis  SS-tran
       30        3        1        0        0        0        0
  WH--cis  WH-tran  WS--cis  WS-tran  HS--cis  HS-tran
        0        2        0        1        0        1
------------------------------------------------
