PDB data file name: Dataset/3jcd_8.pdb_new
-----------------------------------------------------------
CRITERIA USED TO GENERATE BASE-PAIR: 
  3.40 --> upper H-bond length limits (ON..ON).
 26.00 --> max. distance between paired base origins.
  2.50 --> max. vertical distance between paired base origins.
 65.00 --> max. angle between paired bases [0-90].
  5.40 --> min. distance between RN9/YN1 atoms.
  8.00 --> max. distance criterion for helix break[0-12]
-----------------------------------------------------------
BASE-PAIR INSTRUCTIONS: 
Column 1 is rnaview assigned base numbers n1_n2, start from 1.
Column 2 & 3 are chain ID & residue number in input PDB file.
Column 4 is for base pair. The left & right are the bases as 
         identified by column 2 & 3 and 5 & 6.
Column 5 & 6 are residue number & chain ID in input PDB file.
Column 7 is for base pair annotation. The standard Watson-Crick
         (W.C.) pairs are annotated as -/- (AU,AT) or +/+ (GC).
         Other pairs are annotated as Leontis_Westhof Classification.
         The three edges: W(Watson-Crick); H(Hoogsteen); S(suger).
         e.g. W/H means the pair is edge of Watson-Crick & Hoogsteen.
Column 8 is glycosidic bond orientation (either cis or trans).
         e.g. 'W/H cis' means the pair is interaction on Watson-Crick
         and Hoogsteen side, glycosidic bond orientation is 'cis'.
Column 9 corresponds to Saenger Classification.

Other columns: 
        Syn sugar-base conformations are annotated as (syn).
        Stacked base pairs are annotated as (stack).
        Non-identified edges are annotated as (.) or (?)
        Tertiary interactions are marked by (!) in the line.
Reference:
Yang et al (2003) Nucleic Acids Research, Vol31,No13,p3450-3461.
-----------------------------------------------------------
BEGIN_base-pair
     1_72, 8:     1 G-C    72 8: +/+ cis         XIX
      2_3, 8:     2 C-C     3 8:      stacked
     2_71, 8:     2 C-G    71 8: +/+ cis         XIX
     3_70, 8:     3 C-G    70 8: +/+ cis         XIX
     3_71, 8:     3 C-G    71 8:      stacked
     4_69, 8:     4 C-G    69 8: W/W cis         n/a
     4_70, 8:     4 C-G    70 8:      stacked
     5_68, 8:     5 G-C    68 8: +/+ cis         XIX
      6_7, 8:     6 G-A     7 8:      stacked
     6_67, 8:     6 G-C    67 8: +/+ cis         XIX
     7_66, 8:     7 A-U    66 8: -/- cis         XX
     8_14, 8:     8 U-A    14 8: W/H tran        XXIV
     8_15, 8:     8 U-G    15 8:      stacked
     9_23, 8:     9 A-A    23 8: H/H tran   syn    II
    10_25, 8:    10 G-C    25 8: +/+ cis         XIX
    11_12, 8:    11 C-U    12 8:      stacked
    11_24, 8:    11 C-G    24 8: +/+ cis         XIX
    12_13, 8:    12 U-C    13 8:      stacked
    12_23, 8:    12 U-A    23 8: -/- cis         XX
    13_22, 8:    13 C-G    22 8: +/+ cis         XIX
    15_48, 8:    15 G-C    48 8: W/W tran        XXII
    16_59, 8:    16 U-U    59 8: W/W tran        XII,XIII
    18_55, 8:    18 G-U    55 8: W/S tran        n/a
    19_56, 8:    19 G-C    56 8: W/W cis         n/a
    22_46, 8:    22 G-G    46 8: H/W tran        VII
    24_25, 8:    24 G-C    25 8:      stacked
    26_44, 8:    26 A-G    44 8: W/W cis         VIII
    27_28, 8:    27 G-G    28 8:      stacked
    27_43, 8:    27 G-C    43 8: +/+ cis         XIX
    28_29, 8:    28 G-G    29 8:      stacked
    28_42, 8:    28 G-C    42 8: +/+ cis         XIX
    29_41, 8:    29 G-C    41 8: +/+ cis         XIX
    30_40, 8:    30 G-C    40 8: +/+ cis         XIX
    30_41, 8:    30 G-C    41 8:      stacked
    31_39, 8:    31 A-U    39 8: -/- cis         XX
    32_38, 8:    32 U-A    38 8: W/W cis         n/a
    36_37, 8:    36 A-A    37 8:      stacked
    37_38, 8:    37 A-A    38 8:      stacked
    40_41, 8:    40 C-C    41 8:      stacked
    49_65, 8:    49 C-G    65 8: +/+ cis         XIX
    50_51, 8:    50 U-U    51 8:      stacked
    50_64, 8:    50 U-A    64 8: -/- cis         XX
    51_52, 8:    51 U-G    52 8:      stacked
    51_63, 8:    51 U-G    63 8: W/W cis         XXVIII
    52_53, 8:    52 G-G    53 8:      stacked
    52_62, 8:    52 G-C    62 8: +/+ cis         XIX
    53_61, 8:    53 G-C    61 8: +/+ cis         XIX
    54_58, 8:    54 U-A    58 8: W/H tran        XXIV
    67_68, 8:    67 C-C    68 8:      stacked
    49_66, 8:    49 C-U    66 8: W/W cis         !1H(b_b).
    58_60, 8:    58 A-U    60 8: S/S tran     syn  !(b_s)
    33_35, 8:    33 U-A    35 8: S/S tran        !(s_s)
    47_48, 8:    47 U-C    48 8: S/H tran        !(s_s)
END_base-pair

Summary of triplets and higher multiplets
BEGIN_multiplets
9_12_23_| [1 3]  8: 9 A  +  8: 12 U  +  8: 23 A
13_22_46_| [2 3]  8: 13 C  +  8: 22 G  +  8: 46 G
END_multiplets

  The total base pairs =  31 (from   76 bases)
------------------------------------------------
 Standard  WW--cis  WW-tran  HH--cis  HH-tran  SS--cis  SS-tran
       19        5        2        0        1        0        0
  WH--cis  WH-tran  WS--cis  WS-tran  HS--cis  HS-tran
        0        3        0        1        0        0
------------------------------------------------
