The backbone torsional angle for nucleic acid 

 
Note: alpha:   O3'(i-1)-P-O5'-C5'
      beta:    P-O5'-C5'-C4'
      gamma:   O5'-C5'-C4'-C3'
      delta:   C5'-C4'-C3'-O3'
      epsilon: C4'-C3'-O3'-P(i+1)
      zeta:    C3'-O3'-P(i+1)-O5'(i+1)

      chi for pyrimidines(Y): O4'-C1'-N1-C2
          chi for purines(R): O4'-C1'-N9-C4

    (The number -9999.99 means that the angle can not be calculated) 

Ch Res  Num    alpha    beta     gamma    delta  epsilon    zeta     chi
V   C    1  -9999.99 -9999.99   179.16    85.15  -129.00   -77.62  -125.61
V   G    2    -65.96  -179.40    50.13    95.03  -147.13   -90.84   178.87
V   C    3    161.04  -165.00   157.81    82.45  -125.41  -103.76   177.36
V   G    4     26.39   148.54   -14.41   144.81  -175.81  -109.55  -118.57
V   G    5    -74.90   173.26    56.88    91.40  -159.41   -67.19  -151.64
V   G    6    -70.19   177.39    55.78    75.64   178.58   -85.95  -165.89
V   G    7    172.89  -174.64  -174.66   151.32  -119.85    -3.02  -148.49
V   U    8    -91.69  -133.77    45.53    80.29  -114.45  -142.43  -164.48
V   G    9     58.02  -157.25   -79.60   158.56   -99.74   -73.95   -97.59
V   G   10   -171.29  -170.28    44.39    87.90  -160.56   -68.99   175.48
V   A   11    -68.81  -167.44    45.69    79.68  -143.20   -75.43  -162.71
V   G   12    -46.02   167.78    48.34    71.38  -158.85   -38.33  -159.80
V   C   13    164.05   162.59   172.87    80.83  -147.62   -64.19  -169.46
V   A   14    175.82   171.55   175.35    82.27  -128.64   -59.39   169.31
V   G   15    -64.23  -172.97    51.90    89.50  -119.79   -69.15  -149.72
V   C   16    -66.56  -161.39    58.45   146.07  -119.34   -12.56  -115.78
V   C   17   -166.82    83.66   158.48    92.63  -115.28    77.30  -119.89
V   U   17   -170.37   131.93    45.48    94.47   -80.55  -111.65  -110.65
V   G   18    -65.85   161.86   171.70   131.71  -145.84   -77.95  -148.39
V   G   19   -174.57  -174.21   161.93   158.18   -92.35   -55.97  -111.05
V   U   20    177.52  -164.98   138.28    87.74  -106.35   -74.03   -42.16
V   A   21      9.67   166.31    60.98    76.07  -133.59  -158.25  -160.02
V   G   22    -62.74   133.40    59.69    77.34  -154.72   -70.79  -166.53
V   C   23    -69.81  -170.02    52.93    85.23  -159.40   -54.35  -164.98
V   U   24    -73.01  -167.66    37.01    87.44  -161.31   -63.40  -147.72
V   C   25    -69.57   167.51    57.25    80.64  -155.33   -58.68  -167.90
V   G   26    -71.90   179.83    53.88    80.82  -150.27   -62.73  -166.46
V   U   27    -74.67  -171.48    47.96    79.08  -147.76   -69.11  -161.90
V   C   28    -65.45   177.13    39.28    78.63  -159.33   -84.74  -156.31
V   G   29    -66.30   173.01    58.81    86.43  -152.62   -73.14  -164.11
V   G   30    -47.19   177.99    39.78    83.59  -177.84   -74.13  -177.17
V   G   31    172.38  -158.10   172.69    86.45  -112.13   -72.64  -174.43
V   C   32    -52.94   166.72    47.78    78.79  -129.35   -73.92  -168.25
V   U   33    -41.42   163.33    46.72    77.47  -135.73   -72.46  -165.89
V   C   34    155.42  -179.26    49.57    92.05  -128.87   -70.44  -173.15
V   A   35    -73.00   153.41    72.36    82.47  -151.46   -69.20  -164.47
V   U   36    -57.84  -163.31    13.53    83.23   175.94   -61.68  -150.09
V   A   37    178.28  -166.43   155.36    77.94  -127.54   -62.16  -178.02
V   A   38    -45.48   163.52    44.19    90.71  -152.26   -57.74  -167.60
V   C   39    -67.01   176.54    43.71    81.25  -146.00   -83.15  -148.32
V   C   40    -55.86   167.45    57.69    90.59  -156.15   -77.99  -177.95
V   C   41    -65.38   178.92    64.90    89.37  -152.54   -62.04  -164.99
V   G   42    -60.39   170.36    50.00    82.81  -164.66   -81.63  -175.49
V   A   43    179.23  -149.96   149.78    76.64  -134.23   -87.29  -177.79
V   A   44    -55.61   167.60    47.79    81.63  -138.48   -61.77  -145.22
V   G   45    -69.30   170.31    56.40    80.29  -137.14  -101.32  -142.12
V   G   46    -77.79  -163.50    53.67    76.79  -125.41  -107.43  -124.86
V   U   47    -17.88   -86.79   168.25    95.70  -155.27    43.47  -169.15
V   C   48    -93.47  -146.73    62.19   150.15  -134.77    66.73  -123.17
V   G   49     61.42   148.12    47.18    84.35  -128.05   -76.81   177.37
V   U   50    -51.44   165.42    38.53    79.26  -163.55   -71.50  -152.54
V   C   51    -58.82  -172.51    46.52    86.95  -148.74   -90.71  -156.32
V   G   52    153.29  -144.91   163.34    80.86  -160.78   -68.42   176.12
V   G   53    -82.39  -159.93    54.43    89.37  -165.12   -67.52  -168.18
V   U   54    -57.63  -173.26    44.47    85.52  -133.96   -59.77  -153.63
V   U   55    -48.89   161.24    44.84    76.23  -141.96   -77.62  -148.34
V   C   56    141.24   178.73    68.20    85.62  -143.75   -59.51  -152.65
V   A   57    -77.65  -178.35    61.56    76.57  -152.13   -60.43  -150.02
V   A   58    -50.00  -143.62    53.04   154.20   -97.66  -175.96   -81.69
V   A   59     76.51  -153.45    72.81    87.92  -142.92   -43.62  -172.28
V   U   60    -73.19  -175.08    62.93   135.16   -93.66   -81.20  -124.09
V   C   61   -104.83  -165.18    49.85    85.78  -159.67   -66.52  -165.00
V   C   62    -68.07  -172.70    51.43    70.30  -129.49  -124.98  -164.73
V   G   63    108.07  -110.96  -164.06    87.57  -116.30   -83.59   163.68
V   G   64    -63.51  -175.91    41.55    83.24  -177.39   -78.12  -156.41
V   C   65    162.24  -152.86   168.14    88.23  -127.34   -77.00   178.14
V   C   66    -59.26  -174.82    39.57    77.56  -153.86   -87.86  -159.97
V   C   67    154.68  -162.14   163.48    92.36  -160.33   -59.97  -175.32
V   C   68    -99.11  -130.91    50.05    79.83  -159.44   -81.50  -149.33
V   C   69    -46.80   167.60    40.83    92.59  -144.24   -83.83  -163.51
V   G   70    -53.41   169.72    53.01    77.28  -140.00  -114.47  -169.31
V   C   71    113.99  -126.80  -165.46    87.65  -116.00   -63.64   149.27
V   A   72    -79.69  -174.85    49.47    85.75  -144.50   -82.90  -160.48
V   A   73    -57.76   159.19    56.36    94.78  -135.58   161.46  -157.17
V   C   74    136.17   -97.95    85.62    96.26  -140.66  -109.43  -166.47
V   C   75     74.24  -132.01   -45.50    86.05  -123.38   -42.34   -91.72
V   A   76   -115.14    64.90   168.68   142.03 -9999.99 -9999.99   159.24
