The backbone torsional angle for nucleic acid 

 
Note: alpha:   O3'(i-1)-P-O5'-C5'
      beta:    P-O5'-C5'-C4'
      gamma:   O5'-C5'-C4'-C3'
      delta:   C5'-C4'-C3'-O3'
      epsilon: C4'-C3'-O3'-P(i+1)
      zeta:    C3'-O3'-P(i+1)-O5'(i+1)

      chi for pyrimidines(Y): O4'-C1'-N1-C2
          chi for purines(R): O4'-C1'-N9-C4

    (The number -9999.99 means that the angle can not be calculated) 

Ch Res  Num    alpha    beta     gamma    delta  epsilon    zeta     chi
P   G    1  -9999.99   172.94    61.20    75.25  -129.96   -84.89   178.99
P   G    2    -87.54   161.06    85.75    83.48  -135.03   -82.46  -179.10
P   G    3    -67.76   161.94    63.13    76.61  -136.48   -80.70  -169.60
P   U    4    -57.54   155.91    67.89    82.87  -139.81   -78.70  -163.81
P   C    5    -67.48   160.39    63.00    79.24  -139.27   -83.78  -163.68
P   G    6    -72.70   147.70    80.82    80.02  -137.00   -96.71  -176.95
P   U    7    -39.20   150.04    62.35   122.43  -102.81   -33.29  -146.18
P   U    8    -86.78  -140.13    53.41    85.96  -132.43  -129.52  -160.45
P   A    9    168.41   171.14   179.60   118.66   -59.14  -128.32  -116.49
P   G   10    150.26  -125.00    78.62    90.75  -145.63   -79.38   179.75
P   C   11    -83.71   177.59    66.58    85.91  -142.23   -79.61  -164.66
P   U   12    -63.64   160.67    60.29    83.72  -146.74   -30.37  -161.03
P   C   13   -143.51   114.98   145.63    80.03  -137.80   -74.84  -178.33
P   A   14    -43.18  -168.32    35.05    78.05  -149.28   -58.51  -163.69
P   G   15    -93.42   157.74    92.89    82.56  -121.90   156.92  -171.15
P H2U   16     13.14   126.56     4.15   107.13  -137.38   -89.30   -38.61
P H2U   17    109.05  -179.64    75.59   107.42  -163.65   131.72   -41.39
P   G   18     91.76   118.07   -51.29   157.85  -144.41  -172.75   -95.87
P   G   19     40.33   138.94    -5.68   150.62  -114.55   138.48   -73.57
P   U   20    167.77    89.47   159.76   162.74  -109.16   123.58   -58.96
P   A   21   -149.48  -139.41    99.08    87.73  -150.86  -164.81  -152.86
P   G   22      7.01   104.57    32.85    79.46  -155.17   -55.30  -158.09
P   A   23   -132.02   114.78   140.75    84.80  -103.72  -125.86   174.63
P   G   24    -25.21   124.07    37.11    77.16  -134.88   -70.79  -169.02
P   C   25    -66.39   161.27    60.79    78.73  -140.27   -72.83  -166.52
P   A   26    -69.90   161.31    66.92    80.77  -120.13   -99.88  -177.70
P   G   27    -27.03   137.63    45.82    82.97  -134.47   -90.47  -174.40
P   U   28    -41.36   161.10    36.45    73.99  -153.02   -70.63  -159.99
P   U   29    -64.26   171.26    55.68    76.92  -141.09   -73.90  -165.47
P   G   30    -80.34   158.95    76.89    78.82  -137.33   -67.30  -175.96
P   A   31    -94.53   158.46    98.19    73.77  -122.14   -90.15   179.49
P   C   32    -44.95   157.08    40.95    81.96  -129.40   -69.28  -162.30
P   U   33    -66.14   166.88    52.49    77.32  -129.03   -72.58  -162.87
P U8U   34    153.74   167.17    58.88    88.68  -128.94   -85.09  -173.95
P   U   35    -64.20   160.78    54.73    80.31  -141.43   -81.10  -164.19
P   U   36    -56.61   161.16    55.10    74.74  -146.43   -73.34  -164.38
P T6A   37    -73.28   163.97    67.70    83.49  -132.01   -73.72  -177.99
P   A   38    -65.93   166.17    53.41    84.40  -136.18   -67.78  -170.34
P PSU   39    -63.53   163.00    57.18    84.02  -140.78   -88.27 -9999.99
P   C   40    -51.75   165.51    49.80    82.58  -132.81   -87.46  -166.24
P   A   41    -59.13   156.51    55.14    74.73  -145.62   -76.64  -168.21
P   A   42    -71.93   159.76    69.58    79.97  -146.47   -72.13  -171.10
P   U   43    -63.84   170.13    62.00    81.35  -150.77  -106.18  -164.10
P   U   44    -38.13   155.93    50.74    80.95  -131.09   -44.68    24.54
P   G   45   -120.24   108.72   151.16   135.37  -113.99   -83.89  -160.09
P 7MG   46    -75.86  -176.27    48.30   127.60  -104.17  -112.73   -97.15
P 3AU   47     66.95   155.23    72.43    93.68  -149.46    48.66   -69.27
P   C   48   -125.98  -120.33   117.29   115.58  -136.31   126.03  -156.83
P   G   49    -44.47  -128.90    84.28    83.67  -136.32   -89.16  -177.11
P   C   50    -53.37   159.28    50.28    82.38  -141.76   -80.31  -163.05
P   A   51    -66.90   160.41    58.50    78.95  -144.15   -83.39  -169.68
P   G   52    -68.08   164.17    61.28    78.54  -126.25   -89.64  -173.82
P   G   53    -54.22   141.91    72.46    84.63  -141.53   -80.38   178.65
P 5MU   54    -67.56   174.10    50.89    83.22  -133.65   -67.75  -161.87
P PSU   55    -70.70   159.64    62.28    76.20  -125.63   -61.60 -9999.99
P   C   56   -162.95   133.70    36.80    82.92  -131.20   -71.29  -170.59
P   G   57    -66.90   161.76    62.70    79.02  -145.75  -111.94  -171.23
P   A   58     72.69   138.23   -12.58   151.19  -101.75  -176.62   -75.20
P   A   59     82.74  -157.52    77.85    85.59  -117.51  -100.71   179.67
P   U   60    -15.88   128.08    55.18   123.78  -115.29   -52.78  -146.44
P   C   61   -101.54  -168.51    45.30    83.70  -130.38  -124.48  -168.83
P   C   62      1.70   119.00    25.36    79.91  -146.02   -81.56  -161.03
P   U   63    -76.79   160.78    72.75    80.59  -147.17   -80.29  -169.16
P   G   64    -81.42   175.86    62.92    76.70  -133.47   -82.60  -173.09
P   C   65    -59.72   148.36    73.19    82.30  -140.64   -87.20  -172.13
P   A   66    -42.54   164.88    30.30    72.33  -145.56   -77.79  -162.77
P   C   67    -51.15   160.73    54.63    76.05  -131.61   -81.84  -166.53
P   G   68    -61.33   156.16    68.66    77.48  -145.76   -74.28  -172.34
P   A   69    -90.90   163.29    85.01    78.09  -131.51   -86.63  -176.89
P   C   70    -59.80   149.42    62.43    75.72  -116.91  -115.74  -168.67
P   C   71    -35.48   124.97    57.89    79.09  -138.10   -77.85  -169.21
P   C   72    -68.18   157.17    61.85    74.73  -148.37  -103.79  -164.83
P   A   73    140.15  -142.18  -177.96    89.43  -112.20    65.98   173.02
P   C   74    131.76  -109.52   143.30    92.94  -135.15   -67.06   179.87
P   C   75    -84.47  -166.54    42.90    87.05  -114.12   -41.97  -119.14
P   A   76   -100.60    77.99   176.32    93.61 -9999.99 -9999.99  -134.74
