PDB data file name: ./Datasets/pdb_select_tRNA/7n31_P.pdb_new
uncommon residue H2U   16  on chain P [#16] assigned to: u
uncommon residue H2U   17  on chain P [#17] assigned to: u
uncommon residue U8U   34  on chain P [#34] assigned to: u
uncommon residue T6A   37  on chain P [#37] assigned to: a
uncommon residue PSU   39  on chain P [#39] assigned to: P
uncommon residue 7MG   46  on chain P [#46] assigned to: g
uncommon residue 3AU   47  on chain P [#47] assigned to: u
uncommon residue 5MU   54  on chain P [#54] assigned to: u
uncommon residue PSU   55  on chain P [#55] assigned to: P
-----------------------------------------------------------
CRITERIA USED TO GENERATE BASE-PAIR: 
  3.40 --> upper H-bond length limits (ON..ON).
 26.00 --> max. distance between paired base origins.
  2.50 --> max. vertical distance between paired base origins.
 65.00 --> max. angle between paired bases [0-90].
  5.40 --> min. distance between RN9/YN1 atoms.
  8.00 --> max. distance criterion for helix break[0-12]
-----------------------------------------------------------
BASE-PAIR INSTRUCTIONS: 
Column 1 is rnaview assigned base numbers n1_n2, start from 1.
Column 2 & 3 are chain ID & residue number in input PDB file.
Column 4 is for base pair. The left & right are the bases as 
         identified by column 2 & 3 and 5 & 6.
Column 5 & 6 are residue number & chain ID in input PDB file.
Column 7 is for base pair annotation. The standard Watson-Crick
         (W.C.) pairs are annotated as -/- (AU,AT) or +/+ (GC).
         Other pairs are annotated as Leontis_Westhof Classification.
         The three edges: W(Watson-Crick); H(Hoogsteen); S(suger).
         e.g. W/H means the pair is edge of Watson-Crick & Hoogsteen.
Column 8 is glycosidic bond orientation (either cis or trans).
         e.g. 'W/H cis' means the pair is interaction on Watson-Crick
         and Hoogsteen side, glycosidic bond orientation is 'cis'.
Column 9 corresponds to Saenger Classification.

Other columns: 
        Syn sugar-base conformations are annotated as (syn).
        Stacked base pairs are annotated as (stack).
        Non-identified edges are annotated as (.) or (?)
        Tertiary interactions are marked by (!) in the line.
Reference:
Yang et al (2003) Nucleic Acids Research, Vol31,No13,p3450-3461.
-----------------------------------------------------------
BEGIN_base-pair
     1_72, P:     1 G-C    72 P: +/+ cis         XIX
     2_71, P:     2 G-C    71 P: +/+ cis         XIX
     3_70, P:     3 G-C    70 P: +/+ cis         XIX
     4_69, P:     4 U-A    69 P: -/- cis         XX
     5_68, P:     5 C-G    68 P: +/+ cis         XIX
     6_67, P:     6 G-C    67 P: +/+ cis         XIX
     7_66, P:     7 U-A    66 P: -/- cis         XX
     8_14, P:     8 U-A    14 P: W/H tran        XXIV
    10_25, P:    10 G-C    25 P: +/+ cis         XIX
    11_24, P:    11 C-G    24 P: +/+ cis         XIX
    12_23, P:    12 U-A    23 P: -/- cis         XX
    13_22, P:    13 C-G    22 P: +/+ cis         XIX
    14_21, P:    14 A-A    21 P: W/S cis         n/a
    15_48, P:    15 G-C    48 P: W/W tran        XXII
    18_55, P:    18 G-P    55 P: W/S tran        n/a
    19_56, P:    19 G-C    56 P: +/+ cis    syn    XIX
    22_46, P:    22 G-g    46 P: H/W tran        VII
    26_44, P:    26 A-U    44 P: W/H cis      syn  XXIII
    27_43, P:    27 G-U    43 P: W/W cis         XXVIII
    28_42, P:    28 U-A    42 P: -/- cis         XX
    29_41, P:    29 U-A    41 P: -/- cis         XX
    30_40, P:    30 G-C    40 P: +/+ cis         XIX
    31_39, P:    31 A-P    39 P: W/W cis         n/a
    32_38, P:    32 C-A    38 P: W/W cis         n/a
    49_65, P:    49 G-C    65 P: +/+ cis         XIX
    50_64, P:    50 C-G    64 P: +/+ cis         XIX
    51_63, P:    51 A-U    63 P: -/- cis         XX
    52_62, P:    52 G-C    62 P: +/+ cis         XIX
    53_61, P:    53 G-C    61 P: +/+ cis         XIX
    54_58, P:    54 u-A    58 P: W/H tran     syn  XXIV
    10_45, P:    10 G-G    45 P: H/W cis         !1H(b_b)
     8_21, P:     8 U-A    21 P: S/W tran        !(b_s)
    17_18, P:    17 u-G    18 P: S/? tran   syn    !(s_s)
    33_36, P:    33 U-U    36 P: S/H tran        !(s_s)
    47_48, P:    47 u-C    48 P: S/? tran   syn    !(s_s)
END_base-pair

Summary of triplets and higher multiplets
BEGIN_multiplets
8_14_21_| [1 3]  P: 8 U  +  P: 14 A  +  P: 21 A
13_22_46_| [2 3]  P: 13 C  +  P: 22 G  +  P: 46 g
END_multiplets

  The total base pairs =  30 (from   76 bases)
------------------------------------------------
 Standard  WW--cis  WW-tran  HH--cis  HH-tran  SS--cis  SS-tran
       20        3        1        0        0        0        0
  WH--cis  WH-tran  WS--cis  WS-tran  HS--cis  HS-tran
        1        3        1        1        0        0
------------------------------------------------
