The backbone torsional angle for nucleic acid 

 
Note: alpha:   O3'(i-1)-P-O5'-C5'
      beta:    P-O5'-C5'-C4'
      gamma:   O5'-C5'-C4'-C3'
      delta:   C5'-C4'-C3'-O3'
      epsilon: C4'-C3'-O3'-P(i+1)
      zeta:    C3'-O3'-P(i+1)-O5'(i+1)

      chi for pyrimidines(Y): O4'-C1'-N1-C2
          chi for purines(R): O4'-C1'-N9-C4

    (The number -9999.99 means that the angle can not be calculated) 

Ch Res  Num    alpha    beta     gamma    delta  epsilon    zeta     chi
D   G  501  -9999.99  -176.68    53.71    86.12  -145.38   -76.99  -170.28
D   G  502    -74.52  -178.82    50.50    84.59  -143.56   -72.61  -164.12
D   C  503    -66.83   169.13    53.23    82.86  -149.36   -71.05  -158.41
D   C  504    -61.74   177.53    46.38    82.91  -158.55   -74.33  -157.37
D   C  505    -64.67   174.25    55.90    80.23  -152.20   -72.15  -162.92
D   C  506    -63.02   171.61    55.79    84.48  -166.10   -66.69  -164.32
D   A  507    -54.72  -158.54    43.90   103.89    80.37   134.01  -120.55
D   U  508    -98.33  -157.69    50.40    84.29  -135.70   -92.73  -148.58
D   C  509   -158.48   157.42   162.34   106.12   -68.92   -67.55  -130.87
D   G  510   -169.29   173.12    53.43    88.38  -142.96   -75.27  -176.05
D   U  511    -58.76   174.69    46.36    81.33  -151.18   -70.67  -168.24
D   C  512    -63.46  -169.53    42.91    82.67  -163.04   -55.43  -153.22
D   U  513    149.02  -165.41  -172.58    81.37  -153.00   -80.92  -174.57
D   A  514    -51.67  -179.84    45.60    80.31  -152.20   -47.78  -167.99
D   G  515    178.88   157.96   164.08    94.15    36.93   165.64  -156.15
D   C  516     62.23   -56.57  -160.75    89.92  -136.26   171.59  -146.03
D   G  518     26.93  -144.81    11.35   105.84    56.87    57.76   -90.15
D   G  519   -128.88  -122.50    47.83   112.36    86.60   134.12   -60.08
D   U  520    -61.63   144.39    43.84    84.72  -119.22   -82.79  -121.93
D   U  520    159.06   177.60    50.77    86.29  -129.85   -69.68  -150.05
D   A  521    106.40   133.59    68.00    81.06  -144.27  -150.17  -164.10
D   G  522    -62.63   149.19    46.27    79.20  -147.47   -78.73  -169.88
D   G  523    -53.07   166.94    54.90    78.92  -148.15   -72.14  -173.18
D   A  524    -67.59   178.34    51.39    80.87  -153.81   -76.44  -165.86
D   C  525    -57.99   175.48    50.75    83.85  -146.42   -57.29  -172.76
D   G  526    -75.32   179.80    53.66    83.24  -150.91   -63.10  -161.61
D   C  527    -67.66   178.93    50.38    78.89  -145.47   -75.70  -158.04
D   G  528    -70.19   179.60    50.72    81.64  -157.47   -68.17  -165.05
D   G  529    -69.49  -179.95    53.66    79.61  -156.28   -69.60  -167.45
D   C  530    -59.01   173.74    51.10    81.98  -155.81   -68.29  -161.21
D   C  531    -62.21   175.03    54.05    81.86  -144.27   -67.70  -163.17
D   C  532    -67.60   172.34    53.64    87.23  -121.44   -65.97  -160.19
D   U  533    -72.32   164.29    60.12    86.15  -160.99   -93.80  -144.21
D   C  534    152.14   176.59    53.04    86.32  -148.15  -102.93  -161.58
D   U  535    -57.31   169.27    53.11    86.33  -136.74   -77.46  -165.57
D   C  536    -53.38   160.78    48.83    82.08  -150.94   -87.91  -158.55
D   A  537    136.52  -143.86  -175.53    84.10  -131.46   -70.64  -175.62
D   A  538    -53.26   164.66    48.25    85.41  -142.16   -58.21  -167.59
D   G  539    -73.53   174.35    53.76    80.30  -144.74   -81.38  -168.46
D   G  540    -52.83   166.67    47.71    79.96  -151.74   -67.43  -167.88
D   C  541    -62.81   178.56    48.26    80.81  -155.25   -67.69  -157.92
D   C  542    -66.66   173.90    56.25    79.69  -155.30   -69.45  -161.14
D   G  543    -55.40   171.24    54.40    82.11  -159.73   -76.57  -162.28
D   A  544    -72.65  -178.18    50.10    78.56  -135.51   -66.07  -153.27
D   A  545    -55.15   166.65    53.28    78.39  -121.36  -109.85  -155.94
D   A  546    -58.90   178.52    58.98    85.90  -137.92   -77.63  -128.89
D   C  548    -78.97   102.39   170.91   133.34  -150.95    79.04  -126.95
D   G  549     41.59   158.77    38.41    84.27  -141.25   -75.58  -177.23
D   G  550    -56.80   178.21    47.55    82.34  -153.57   -74.60  -161.56
D   G  551    -60.21   172.77    48.03    82.36  -162.58   -86.11  -164.93
D   G  552    162.04  -153.76   165.81    85.60   -97.66   -49.20   177.68
D   G  553    -95.94    82.22   158.24    86.67  -112.98   -74.87   160.95
D   U  554    -62.02   174.70    41.50    82.67  -127.77   -73.00  -161.29
D   U  555    -53.44   159.52    51.38    81.15  -136.46   -59.28  -149.27
D   C  556    169.22   151.83    51.20    84.70  -134.17   -68.39  -169.56
D   G  557    -78.77   175.14    56.80    83.58  -118.81  -147.63  -160.47
D   A  558     -4.64   108.22    72.56    71.63    68.45    87.23  -138.51
D   U  559     92.53   177.79    47.44    85.01  -158.23   -76.47  -164.33
D   U  560    150.41  -155.36  -177.01   127.19   -84.41   -60.10  -149.26
D   C  561    -97.57  -160.84    49.21    84.17  -156.64   -72.10   178.61
D   C  562    -73.98  -173.40    52.64    83.07  -155.89   -70.56  -167.59
D   C  563    -74.29  -174.01    53.60    82.42  -160.98   -73.97  -164.28
D   C  564    -73.85   176.34    58.42    83.36  -157.54   -64.12  -168.65
D   C  565    -61.59   174.80    55.89    88.16  -166.66   -54.78  -170.63
D   U  566    -80.48  -166.33    48.32    80.11  -152.83   -63.74  -157.42
D   G  567    -58.20   173.92    46.82    80.15  -153.43   -71.93  -161.19
D   G  568    -64.31   170.87    49.68    79.32  -152.40   -75.97  -170.66
D   G  569    -51.42   167.70    47.26    82.51  -159.16   -74.52  -170.12
D   G  570    -53.68   171.25    50.79    84.38  -151.51   -67.99  -168.05
D   U  571    -64.28   170.86    52.10    85.65  -159.90  -103.20  -162.61
D   C  572    148.86  -137.10   165.50    84.20  -111.25   140.29  -169.88
D   A  573    -94.81  -114.56  -155.40   114.30    82.09    98.03  -136.14
D   C  574     18.72  -164.64    36.98   107.85   102.90   173.33  -116.37
D   C  575     74.68   153.51  -166.69    81.78  -119.32  -128.09  -149.38
D   A  576    107.48  -100.14  -178.21    83.55 -9999.99 -9999.99   165.93
