The backbone torsional angle for nucleic acid 

 
Note: alpha:   O3'(i-1)-P-O5'-C5'
      beta:    P-O5'-C5'-C4'
      gamma:   O5'-C5'-C4'-C3'
      delta:   C5'-C4'-C3'-O3'
      epsilon: C4'-C3'-O3'-P(i+1)
      zeta:    C3'-O3'-P(i+1)-O5'(i+1)

      chi for pyrimidines(Y): O4'-C1'-N1-C2
          chi for purines(R): O4'-C1'-N9-C4

    (The number -9999.99 means that the angle can not be calculated) 

Ch Res  Num    alpha    beta     gamma    delta  epsilon    zeta     chi
N   G    0  -9999.99   153.02    49.40    80.69  -158.39   -55.89  -148.66
N   G    1    155.36  -146.67   168.56    82.32  -142.69   -76.37  -169.91
N   C    2    -54.16   167.98    49.21    78.30  -151.36   -71.06  -158.98
N   C    3    -56.76   171.21    51.73    78.92  -148.66   -68.67  -166.02
N   C    4    -65.64   177.05    52.51    78.30  -154.66   -71.70  -162.67
N   G    5    -50.91   178.09    43.60    79.31  -169.61   -79.29  -159.08
N   G    6    146.69  -156.74  -173.16    82.75  -130.05   -75.77   173.78
N   A    7    -50.69   179.55    53.79   147.97   -95.41   -67.34  -125.86
N   U    8    -57.40  -152.63    55.83    82.22  -137.41   -68.62  -154.29
N   A    9    -56.77  -141.19    41.10   142.25   -95.11   -85.52   -88.47
N   G   10    173.29   175.35    54.43    87.23  -141.91   -75.26   177.74
N   C   11    -56.86   173.09    46.91    82.04  -145.20   -73.13  -170.35
N   U   12    -48.89   169.13    43.09    78.85  -174.10   -74.34  -163.07
N   C   13    156.55  -162.60  -178.78    83.31  -142.85  -105.24  -172.98
N   A   14    135.26  -131.31  -160.71   148.26  -100.04   -23.68  -160.93
N   G   15    151.10    89.90    89.19   148.62  -112.41  -111.69   -79.05
N   U   16     61.01   170.14    55.88   144.08   -96.76   -73.89  -119.71
N   C   17    -62.57  -105.09    46.92   142.52  -105.58   -72.72   -40.15
N   G   18    -27.39   150.18   174.74   146.00   -89.46  -128.69  -123.81
N   G   19    125.92   131.27   -11.12   146.94   -97.09  -158.73    85.13
N   U   20    -73.34  -144.04    38.57   148.49   -85.66    99.30    25.16
N   A   21     60.68   151.83   -31.52   150.64  -102.47    86.63     4.40
N   G   22     55.47   168.62  -174.09    82.20  -166.53   -62.95  -155.63
N   A   23    152.08  -167.24  -172.87    82.38  -140.06   -84.42  -170.99
N   G   24    -51.12   159.95    48.81    80.91  -146.95   -71.28  -165.17
N   C   25    -58.52   168.62    54.09    80.17  -133.44   -68.27  -167.23
N   A   26    -59.21   158.96    55.70    81.40  -148.88   -64.59  -161.20
N   U   27    -66.29   175.72    53.54    81.35  -146.85   -72.45  -159.18
N   C   28    -59.95   171.86    48.90    80.62  -160.58   -67.79  -156.24
N   A   29    -72.02   178.99    57.76    82.52  -157.51   -69.82  -161.29
N   G   30    -65.37   176.76    53.03    82.55  -149.91   -68.78  -158.63
N   A   31    -66.23   167.93    56.42    81.60  -146.84   -64.86  -158.21
N   C   32    -68.19   171.33    56.44    80.96  -155.36   -79.03  -157.57
N   U   33    -53.20   177.07    59.72   147.08  -169.83  -104.21  -114.03
N   U   34   -143.91   154.23    53.49   149.58  -132.18   -95.82  -130.89
N   U   35    -66.86  -162.03    55.31   146.86  -114.05   169.26  -147.78
N   U   36     76.91   169.66    36.44   144.91  -107.29   -31.20   114.39
N   A   37    -77.18   157.30    98.48    80.39  -158.32   -83.00  -179.04
N   A   38    -54.94   171.65    58.04    83.98  -146.89   -66.10  -166.90
N   U   39    -65.15   172.11    54.24    81.64  -141.63   -83.14  -161.89
N   C   40    -63.69   161.01    57.70    81.15  -149.75   -71.65  -158.93
N   U   41    -62.46   170.75    52.81    80.53  -150.63   -67.02  -161.14
N   G   42    -64.78   166.15    62.28    77.56  -164.31   -66.78  -163.84
N   A   43    -63.83   176.72    57.64    81.99  -153.88   -79.00  -159.59
N   G   44    -60.05   168.23    55.20    82.83  -136.42   -64.54  -157.75
N   G   45    -64.76   173.22    52.59    80.42  -132.71   -71.22  -160.42
N   G   46    -65.51  -130.14    48.48   147.03   -78.54  -153.68   -64.92
N   U   47    -73.57   139.20    67.24    86.61   -94.86   113.68   174.99
N   C   48     61.66  -148.07  -173.66   144.92  -126.37    79.65  -131.60
N   C   49     49.00   139.82    48.17    81.24  -140.68   -77.70  -176.81
N   A   50    -57.80   173.52    47.01    80.43  -146.53   -73.77  -163.46
N   G   51    -66.97   169.44    53.58    75.81  -149.39   -78.36  -167.47
N   G   52    -57.30   165.26    60.66    78.56  -152.97   -72.03  -167.06
N   G   53    -58.00   169.26    60.09    80.82  -141.05   -69.91  -169.67
N   U   54    -65.12   162.55    60.65    81.30  -165.87   -73.69  -158.91
N   U   55    -62.37  -164.61    48.71    80.99   157.83    40.18  -162.12
N   C   56     85.84   155.54    42.68   152.49   -77.71   150.00  -114.24
N   A   57    103.34  -112.73    56.12   137.16   -80.78   -70.05    66.74
N 1MA   58    -49.20  -112.36   -66.85    76.97  -138.64   -60.97    12.62
N   G   59   -125.86   165.10   174.74   143.44    25.56   117.91    74.20
N   U   60    -68.30   148.74   166.98   148.80   -91.34   -57.88  -144.65
N   C   61    -54.31  -155.85    72.97    82.55  -155.33   -70.80  -166.91
N   C   62    -60.66   174.75    56.35    80.97  -153.82   -75.10  -165.99
N   C   63    -63.60   174.16    55.51    81.26  -144.88   -74.37  -159.48
N   U   64    -62.80   169.37    55.46    80.16  -158.26   -66.38  -161.15
N   G   65    -61.68  -178.91    48.09    81.24  -145.92   -74.00  -162.31
N   U   66    -59.07   171.37    50.00    80.15  -137.12   -74.56  -161.54
N   U   67    -59.53   159.82    54.23    79.56  -158.90   -78.64  -162.26
N   C   68    -63.68   177.77    47.80    78.44  -148.13   -66.15  -161.78
N   G   69    -75.95   166.05    73.19    74.75  -157.07   -74.79  -172.97
N   G   70    -66.18  -178.14    52.17    80.09  -149.87   -71.37  -168.43
N   G   71    -57.17   168.97    56.69    78.79  -159.55   -69.74  -166.87
N   C   72    -55.09  -178.22    46.52    80.35  -167.02   -76.48  -154.77
N   G   73    179.07  -138.78   138.04    85.32   160.41   -74.38  -155.85
N   C   74    -69.24  -175.62    88.76   150.58   -95.96    97.07  -139.20
N   C   75   -174.01   178.53    64.26    81.72  -172.58  -122.37   129.53
N   A   76     43.50   118.03     2.06    82.16 -9999.99 -9999.99   129.53
