PDB data file name: ./Datasets/pdb_select_tRNA/8fvy_g.pdb_new
-----------------------------------------------------------
CRITERIA USED TO GENERATE BASE-PAIR: 
  3.40 --> upper H-bond length limits (ON..ON).
 26.00 --> max. distance between paired base origins.
  2.50 --> max. vertical distance between paired base origins.
 65.00 --> max. angle between paired bases [0-90].
  5.40 --> min. distance between RN9/YN1 atoms.
  8.00 --> max. distance criterion for helix break[0-12]
-----------------------------------------------------------
BASE-PAIR INSTRUCTIONS: 
Column 1 is rnaview assigned base numbers n1_n2, start from 1.
Column 2 & 3 are chain ID & residue number in input PDB file.
Column 4 is for base pair. The left & right are the bases as 
         identified by column 2 & 3 and 5 & 6.
Column 5 & 6 are residue number & chain ID in input PDB file.
Column 7 is for base pair annotation. The standard Watson-Crick
         (W.C.) pairs are annotated as -/- (AU,AT) or +/+ (GC).
         Other pairs are annotated as Leontis_Westhof Classification.
         The three edges: W(Watson-Crick); H(Hoogsteen); S(suger).
         e.g. W/H means the pair is edge of Watson-Crick & Hoogsteen.
Column 8 is glycosidic bond orientation (either cis or trans).
         e.g. 'W/H cis' means the pair is interaction on Watson-Crick
         and Hoogsteen side, glycosidic bond orientation is 'cis'.
Column 9 corresponds to Saenger Classification.

Other columns: 
        Syn sugar-base conformations are annotated as (syn).
        Stacked base pairs are annotated as (stack).
        Non-identified edges are annotated as (.) or (?)
        Tertiary interactions are marked by (!) in the line.
Reference:
Yang et al (2003) Nucleic Acids Research, Vol31,No13,p3450-3461.
-----------------------------------------------------------
BEGIN_base-pair
     1_70, G:     1 G-C    70 G: +/+ cis         XIX
     2_69, G:     2 G-U    69 G: W/W cis         XXVIII
     3_68, G:     3 G-U    68 G: W/W cis         XXVIII
     4_67, G:     4 U-A    67 G: -/- cis         XX
     5_66, G:     5 A-C    66 G: W/W cis         n/a
     6_65, G:     6 A-A    65 G: W/W cis         n/a
     6_66, G:     6 A-C    66 G: W/W cis         n/a
     7_65, G:     7 U-A    65 G:      stacked
    10_24, G:    10 G-C    24 G: +/+ cis         XIX
    11_23, G:    11 C-G    23 G: +/+ cis         XIX
    11_24, G:    11 C-C    24 G:      stacked
    12_13, G:    12 G-C    13 G:      stacked
    12_22, G:    12 G-A    22 G: W/W cis         VIII
    12_23, G:    12 G-G    23 G:      stacked
    13_22, G:    13 C-A    22 G: W/W cis         n/a
    14_21, G:    14 A-U    21 G: W/S cis         n/a
    15_46, G:    15 G-G    46 G: W/W tran        III
    17_53, G:    17 U-A    53 G: W/S tran        n/a
    20_44, G:    20 U-G    44 G:   syn  stacked
    21_44, G:    21 U-G    44 G: H/W tran     syn  n/a
    25_26, G:    25 G-C    26 G:      stacked
    25_42, G:    25 G-C    42 G: +/+ cis         XIX
    26_27, G:    26 C-G    27 G:      stacked
    26_41, G:    26 C-C    41 G: W/W cis         n/a
    27_41, G:    27 G-C    41 G: W/S cis         n/a
    29_38, G:    29 G-A    38 G: W/W cis         VIII
    30_37, G:    30 G-U    37 G: W/W cis         XXVIII
    31_35, G:    31 G-C    35 G: W/H tran        n/a
    47_63, G:    47 C-G    63 G: +/+ cis         XIX
    48_49, G:    48 U-C    49 G:      stacked
    48_62, G:    48 U-C    62 G: W/W cis         XVIII
    49_61, G:    49 C-C    61 G: W/W cis         n/a
    50_60, G:    50 G-U    60 G: W/W cis         XXVIII
    50_61, G:    50 G-C    61 G:      stacked
    51_52, G:    51 U-G    52 G:      stacked
    51_59, G:    51 U-A    59 G: -/- cis         XX
    51_60, G:    51 U-U    60 G:      stacked
    52_56, G:    52 G-U    56 G: W/H tran        n/a
    52_59, G:    52 G-A    59 G: W/W cis         VIII
     8_15, G:     8 U-G    15 G: W/H tran        !1H(b_b)
    28_39, G:    28 C-A    39 G: W/W cis         !1H(b_b).
    15_19, G:    15 G-G    19 G: S/H tran        !(b_s)
    33_34, G:    33 C-U    34 G: S/S tran        !(s_s)
    34_35, G:    34 U-C    35 G: S/S cis         !(s_s)
    44_45, G:    44 G-A    45 G: S/. tran   syn    !(s_s)
    46_47, G:    46 G-C    47 G: S/S cis         !(s_s)
    53_56, G:    53 A-U    56 G: W/H tran        !(s_s)
    56_58, G:    56 U-G    58 G: S/S tran        !(s_s)
    58_59, G:    58 G-A    59 G: S/H cis         !(s_s)
END_base-pair

Summary of triplets and higher multiplets
BEGIN_multiplets
14_21_44_| [1 3]  G: 14 A  +  G: 21 U  +  G: 44 G
END_multiplets

  The total base pairs =  28 (from   74 bases)
------------------------------------------------
 Standard  WW--cis  WW-tran  HH--cis  HH-tran  SS--cis  SS-tran
        7       14        1        0        0        0        0
  WH--cis  WH-tran  WS--cis  WS-tran  HS--cis  HS-tran
        0        3        2        1        0        0
------------------------------------------------
