BEGIN_base-pair
     5_70, B:     4 C-G    69 B: +/+ cis         XIX
     6_69, B:     5 G-C    68 B: W/W cis         n/a
     7_68, B:     6 G-C    67 B: W/W cis         n/a
     8_67, B:     7 A-U    66 B: -/- cis         XX
     8_67,-
5_70_6_69_7_68_8_67_0, click this line to see above pattern
0_0,---------
    20_57, B:    19 G-C    56 B: +/+ cis         XIX
    23_47, B:    22 G-G    46 B: H/W tran        VII
    27_45, B:    26 A-G    44 B: W/W cis         VIII
    28_44, B:    27 G-C    43 B: +/+ cis         XIX
    28_44,-
20_57_23_47_27_45_28_44_0, click this line to see above pattern
0_0,---------
  144_202, B:   143 G-C   250 B: +/+ cis         XIX
  145_201, B:   144 U-G   249 B: W/W cis         XXVIII
  146_200, B:   145 G-U   248 B: W/W cis         XXVIII
  147_199, B:   146 G-C   247 B: +/+ cis         XIX
  147_199,-
144_202_145_201_146_200_147_199_0, click this line to see above pattern
0_0,---------
  154_191, B:   153 G-C   239 B: +/+ cis         XIX
  156_173, B:   155 A-A   172 B: W/S cis         n/a
  156_180, B:   155 A-U   228 B: H/W cis         XXIII
  157_172, B:   156 C-G   171 B: +/+ cis         XIX
  157_172,-
154_191_156_173_156_180_157_172_0, click this line to see above pattern
0_0,---------
  215_222, B:   263 G-C   270 B: +/+ cis         XIX
  216_220, B:   264 U-G   268 B: W/W tran        XXVII
  243_254, B:   291 G-U   302 B: W/W cis         XXVIII
  244_253, B:   292 C-G   301 B: +/+ cis         XIX
  244_253,-
215_222_216_220_243_254_244_253_0, click this line to see above pattern
0_0,---------
  245_252, B:   293 C-G   300 B: +/+ cis         XIX
  246_251, B:   294 U-G   299 B: W/W cis         XXVIII
  247_250, B:   295 G-A   298 B: S/H tran        XI
  255_266, B:   303 G-C   314 B: +/+ cis         XIX
  255_266,-
245_252_246_251_247_250_255_266_0, click this line to see above pattern
0_0,---------
    32_40, B:    31 A-U    39 B: -/- cis         XX
    33_39, B:    32 U-A    38 B: W/W cis         n/a
   35_296, B:    34 G-G   344 B: W/W cis         n/a
   37_294, B:    36 A-A   342 B: W/W cis         n/a
    50_66, B:    49 C-G    65 B: +/+ cis         XIX
    50_66,-
32_40_33_39_35_296_37_294_50_66_0, click this line to see above pattern
0_0,---------
    80_88, B:    79 C-G    87 B: +/+ cis         XIX
    95_96, B:    94 G-U    95 B: S/H cis         n/a
  119_121, B:   118 G-C   120 B: W/H cis         n/a
  120_122, B:   119 A-C   121 B: W/H cis         n/a
  126_275, B:   125 C-G   323 B: +/+ cis         XIX
  126_275,-
80_88_95_96_119_121_120_122_126_275_0, click this line to see above pattern
0_0,---------
    14_23, B:    13 C-G    22 B: +/+ cis         XIX
    15_22, B:    14 A-A    21 B: W/S cis         n/a
    16_49, B:    15 G-C    48 B: W/W tran        XXII
    17_60, B:    16 U-U    59 B: W/W tran        XII,XIII
    19_56, B:    18 G-U    55 B: W/S tran        n/a
    20_57, B:    19 G-C    56 B: +/+ cis         XIX
    20_57,-
14_23_15_22_16_49_17_60_19_56_20_57_0, click this line to see above pattern
0_0,---------
  207_229, B:   255 C-G   277 B: +/+ cis         XIX
  209_227, B:   257 A-A   275 B: H/H tran        II
  210_211, B:   258 G-U   259 B: S/H cis    syn    n/a
  211_226, B:   259 U-A   274 B: W/H tran        XXIV
  212_225, B:   260 A-G   273 B: H/S tran        XI
  213_224, B:   261 G-C   272 B: +/+ cis         XIX
  213_224,-
207_229_209_227_210_211_211_226_212_225_213_224_0, click this line to see above pattern
0_0,---------
END_base-pair
