The backbone torsional angle for nucleic acid 

 
Note: alpha:   O3'(i-1)-P-O5'-C5'
      beta:    P-O5'-C5'-C4'
      gamma:   O5'-C5'-C4'-C3'
      delta:   C5'-C4'-C3'-O3'
      epsilon: C4'-C3'-O3'-P(i+1)
      zeta:    C3'-O3'-P(i+1)-O5'(i+1)

      chi for pyrimidines(Y): O4'-C1'-N1-C2
          chi for purines(R): O4'-C1'-N9-C4

    (The number -9999.99 means that the angle can not be calculated) 

Ch Res  Num    alpha    beta     gamma    delta  epsilon    zeta     chi
D   C    1  -9999.99 -9999.99   170.88    80.59  -132.76   -62.82  -173.78
D   G    2    -91.26  -162.84    61.29    80.16  -165.17   -91.33  -170.09
D   C    3    173.83  -131.67   163.75    83.11  -121.76   -84.00  -172.76
D   G    4    -58.92   159.54    48.35    77.54  -151.13   -71.74  -164.81
D   G    5    -56.07  -169.33    55.56   142.82  -160.77  -137.62  -108.53
D   G    6    102.19  -144.10  -157.47    82.45  -138.39  -103.07  -173.90
D   G    7    -13.68   144.87    44.97   144.03  -147.44     8.36  -133.87
D 4SU    8   -126.55  -153.64    51.95    84.20  -102.88  -149.17  -169.07
D   G    9    -79.96  -173.13    37.48   147.87  -103.36   -56.06   -79.40
D   G   10   -175.45   141.00    48.95    81.21  -143.55   -89.41   177.28
D   A   11    -50.47   174.46    42.47    83.88  -123.18   -85.26  -174.81
D   G   12    -79.66   154.03    70.14    77.09  -146.05   -53.16   176.04
D   C   13    -79.27  -168.14    74.53    85.25  -129.41  -121.52  -162.03
D   A   14    -84.52   135.86    74.83    80.88  -157.93   -62.03  -162.68
D   G   15    155.33  -148.38   178.51    80.34  -139.44    91.29  -178.18
D   C   16    -72.21   -78.03  -121.28   143.41   -86.44   -67.43  -147.94
D   C   17    -78.97   171.81    60.64    83.86  -163.58    88.84  -175.33
D   U   17   -156.78   127.04     6.17   142.18   -83.24  -170.85  -129.79
D   G   18     65.47   158.35    51.76   147.64  -109.48  -170.17  -114.84
D   G   19    157.44  -132.09   158.05   152.74   -71.95   -47.64   -86.69
D   U   20    165.16   177.12   155.04    80.78  -104.95   -86.19   -63.72
D   A   21     63.64   179.57    34.34    84.48  -103.68  -144.15   -94.21
D   G   22   -135.75   104.70    84.74    80.31  -156.58   -71.36  -175.28
D   C   23    -63.73  -168.65    46.40    76.60  -142.98   -83.89  -152.14
D   U   24    -51.33   156.62    51.98    77.39  -134.15   -76.51  -163.10
D   C   25    -63.62   160.05    56.71    77.03  -148.31   -56.96  -173.53
D   G   26    -75.02  -168.38    57.34    82.52  -128.70   -90.33  -171.78
D   U   27    -52.61   160.90    46.88    79.56  -149.29   -72.15  -169.83
D   C   28    -58.37   178.23    50.17    78.51  -130.83   -86.65  -154.67
D   G   29    -61.85   153.50    61.38    77.79  -130.95   -83.27  -175.11
D   G   30    -65.96   161.16    61.04    78.14  -149.21   -75.07  -172.25
D   G   31    -67.96   179.46    60.59    80.11  -130.60   -77.85  -168.30
D 5MC   32    -59.19   166.53    51.18    80.01  -129.99   -76.42  -144.47
D   U   33    -55.39   146.98    79.37    80.10  -108.82   -64.57  -164.37
D   C   34   -173.04   133.00    29.46    84.63  -101.18   -57.24   179.81
D   A   35   -106.81   100.98   118.97    81.60  -123.64  -100.95  -178.86
D   U   36    -24.87   137.01    43.57    82.13  -112.26   -48.42  -157.40
D   A   37   -115.86   104.31   134.57    82.34  -116.78   -77.25  -177.78
D   A   38    -61.01   152.56    55.30    80.96  -136.44   -68.84  -174.92
D   C   39    -50.99   169.01    47.91    77.62  -126.20   -88.31  -162.50
D   C   40    -41.91   156.73    42.19    78.46  -154.13   -78.29  -153.21
D   C   41    -66.22  -173.32    43.15    78.57  -148.83   -71.66  -170.23
D   G   42    -62.30   163.73    66.71    79.70  -149.89   -67.18  -176.27
D   A   43    -64.53   173.23    58.91    75.84  -145.15   -98.04  -158.21
D   A   44    -61.77   153.98    62.09    85.21  -114.86   -89.73  -158.48
D   G   45    -41.04   139.56    52.79    82.33   -99.88  -114.47  -159.79
D   G   46   -100.80  -165.05    66.13    79.45  -141.01  -126.26  -116.65
D   U   47     48.59  -151.15  -178.35    80.20  -166.06    29.79  -148.09
D   C   48   -131.84  -179.19   149.76   145.57  -153.35   112.19  -133.98
D   G   49     44.29  -177.00    51.48    80.48  -144.94   -87.97  -173.58
D   U   50    -44.07   153.67    59.33    82.68  -110.41   -96.24  -170.06
D   C   51    -67.57   138.15    66.78    78.15  -138.21   -85.00  -161.10
D   G   52    -63.23   158.81    56.27    79.04  -146.35   -70.48  -172.26
D   G   53    -67.97   173.02    63.45    79.35  -167.35   -77.54  -175.36
D 5MU   54    -88.75  -158.15    65.86    79.24  -140.76   -52.27  -159.96
D PSU   55    -74.42   179.78    62.78    77.38  -134.59   -89.44 -9999.99
D   C   56    163.45  -177.02    55.66    79.49  -123.48   -81.33  -149.94
D   A   57    -70.53   156.85    62.61    81.47  -122.01  -115.06  -176.25
D   A   58     -5.02   125.22    78.11    87.60  -111.85   -87.72  -148.54
D   A   59    168.91   158.21    35.72    80.97  -126.69   -57.79   173.82
D   U   60    -58.58  -168.40    55.16   145.49   -91.51  -106.39  -139.48
D   C   61     33.50   125.12   -33.42    84.70  -178.85   -83.07  -166.86
D   C   62    157.34  -150.69   171.25    80.89  -115.91   -84.77  -172.12
D   G   63    -84.46   177.00    56.77    78.11  -143.98   -87.41  -163.33
D   G   64    -43.61   154.63    49.86    82.18  -135.35   -86.48  -168.07
D   C   65    -38.13   155.68    40.74    78.44  -153.66   -81.01  -164.76
D   C   66    -51.58   174.25    48.42    78.59  -133.12   -81.78  -166.87
D   C   67    -46.07   155.82    52.34    77.79  -152.56   -81.57  -140.52
D   C   68    -64.76   175.79    46.39    77.59  -154.54   -70.60  -164.22
D   C   69    -63.46   167.14    61.27    81.97  -147.59   -66.55  -171.63
D   G   70    -58.77   167.09    57.23    74.05  -143.80   -81.26   178.35
D   C   71    -39.59   175.39    33.53    76.45  -140.43   -79.24  -160.93
D   A   72    -56.25   159.80    58.67    78.84  -153.00   -67.47  -164.65
D   A   73    -81.79   162.78    78.43    72.22  -145.24   -74.89  -167.83
D   C   74    -55.90   176.55    52.19    77.52  -145.85   -70.38  -160.88
D   C   75    -62.39   161.70    67.25    81.77  -107.88   156.19  -158.20
D   A   76    -85.17   151.81    39.89    88.12 -9999.99 -9999.99  -157.57
