The backbone torsional angle for nucleic acid 

 
Note: alpha:   O3'(i-1)-P-O5'-C5'
      beta:    P-O5'-C5'-C4'
      gamma:   O5'-C5'-C4'-C3'
      delta:   C5'-C4'-C3'-O3'
      epsilon: C4'-C3'-O3'-P(i+1)
      zeta:    C3'-O3'-P(i+1)-O5'(i+1)

      chi for pyrimidines(Y): O4'-C1'-N1-C2
          chi for purines(R): O4'-C1'-N9-C4

    (The number -9999.99 means that the angle can not be calculated) 

Ch Res  Num    alpha    beta     gamma    delta  epsilon    zeta     chi
B   G    1  -9999.99   159.02    49.62    83.36  -146.61  -114.51  -178.21
B   G    2    164.25  -124.95   150.60    83.00  -124.87   -89.61   177.80
B   C    3    -66.54   165.07    61.86    81.70  -151.02   -54.08  -158.86
B   A    4   -149.59   142.82   148.44    82.66  -141.18   -80.16  -171.29
B   G    5    154.96  -142.75   159.80    82.23  -130.07   -61.28   177.10
B   G    6    -70.91  -156.61    54.08   145.47   -91.46   -68.69  -110.45
B   U    7    -82.10  -163.07    43.63    79.99  -112.48   170.54  -155.89
B   A    8    -36.95   128.91    57.17   143.24  -120.08   -21.31   -98.31
B   G    9    166.91   143.68    51.59    83.95  -138.41   -81.15  -176.87
B   C   10    -67.68   174.28    58.92    82.29  -146.59   -75.40  -162.44
B   U   11    -64.82   167.25    59.25    81.20  -150.31   -20.46  -161.75
B   C   12    177.78   130.81   166.07    81.20  -168.34   -84.78  -160.93
B   A   13    172.22  -168.32   168.21    81.82  -131.70   -56.06  -172.34
B   G   14    -69.42   176.81    58.33    81.17  -130.10  -136.31  -173.37
B   U   15     70.95   134.90    58.07   147.34   -75.30  -151.75  -134.54
B   U   16     73.16   -96.58   -49.32    81.85  -163.46   109.50  -160.23
B   G   17    -59.41  -168.91   176.61   148.04  -104.06  -140.11  -119.32
B   G   18     36.18   122.21   -49.07   145.97     9.06   -78.99   -61.77
B   U   19    127.24    99.56    29.38   144.02  -111.87   -94.17  -113.42
B   A   20   -163.65   -88.57  -168.25    81.51   169.75    27.29  -150.58
B   G   21    169.06    73.92   163.53    81.97  -152.34   -84.21  -171.82
B   A   22    -59.70  -176.61    56.82    82.22  -136.12   -78.59  -155.01
B   G   23    -63.01   166.27    51.68    81.79  -145.07   -93.80  -160.54
B   C   24    168.44  -145.73   151.11    81.85  -148.94   -85.38  -159.86
B   A   25    166.88  -163.34   166.89    80.53  -171.85     4.16    20.22
B   C   26   -120.22  -133.87    31.95    78.96  -156.42   -84.91  -157.70
B   U   27    -57.01   162.64    56.32    80.21  -139.99   -71.78  -154.29
B   G   28    -63.36   173.75    48.19    80.67  -136.97   -92.93  -167.90
B   G   29    -57.52   149.24    61.18    80.59  -153.46   -76.35  -164.46
B   A   30    -63.50   178.47    46.34    79.87  -126.85   -57.99  -170.64
B   C   31    -64.69   178.17    51.32    80.29  -117.93   -83.60  -158.51
B   U   32    -58.25   164.12    58.17    80.55  -145.14   -59.79  -160.61
B   G   33    169.95   141.61    46.60    82.33  -121.87   -79.30  -175.51
B   A   34    -70.20   162.27    60.02    80.88  -138.31   -72.61  -159.36
B   A   35    -65.59   161.95    62.26    81.47  -142.54   -77.42  -156.50
B   A   36    -64.24   158.88    68.21    81.48  -149.42   -70.56  -162.08
B   A   37    -66.88   166.07    59.53    81.93  -131.90   -66.63  -165.14
B   U   38    -62.40   160.90    57.14    80.82  -152.69   -75.05  -159.72
B   C   39    -62.78  -178.51    43.99    78.65  -151.66   -80.75  -158.36
B   C   40    -54.18   163.80    54.55    80.23  -101.06  -115.42  -159.11
B   A   41     96.45   -94.19  -152.17    82.42   -95.02   -56.29  -167.70
B   G   42   -103.06   100.39   127.92    81.09  -129.22  -109.98  -175.35
B   G   43     53.74   172.83   -73.51    80.11  -109.32   -20.16  -151.81
B   U   44    -96.76   111.74  -161.20   143.54   -92.59   -69.31  -135.24
B   G   45    156.00  -156.90   170.82   147.03  -115.51  -104.70   -80.76
B   U   46    137.58  -129.55   -73.34    79.32  -152.51   109.49  -155.41
B   C   47   -168.45  -142.72   161.98    83.04  -105.05   134.79  -164.54
B   G   48     -8.16   179.30    56.46    81.89  -143.61   -71.17  -177.75
B   G   49    -67.19  -179.23    48.42    80.52  -146.33   -73.92  -166.10
B   C   50    -60.64   169.41    55.14    79.60  -159.84   -78.81  -157.84
B   G   51    156.37  -159.90   171.38    81.22  -142.53   -72.90  -171.72
B   G   52    -60.22   165.40    57.42    81.05  -139.79   -77.40  -169.84
B   U   53    -64.46   175.91    49.46    80.66  -135.90   -69.94  -161.26
B   U   54    -60.44   164.49    55.45    80.56  -130.13   -59.90  -157.72
B   C   55    165.24   159.36    47.90    81.07  -125.40   -81.21  -156.77
B   G   56    -61.38   158.59    60.68    82.62  -130.93   -79.37  -157.93
B   A   57    -54.88  -157.99    75.71   148.88   -84.44  -168.85   -80.58
B   U   58     71.11  -157.75    73.25    80.82  -130.09   -67.00  -158.33
B   U   59    -61.19  -176.78    63.76   145.93  -102.02  -115.02  -120.73
B   C   60     33.19   122.40   -33.31    82.83  -147.73   -73.42  -159.92
B   C   61    -66.49   165.60    61.68    80.89  -151.15   -70.49  -161.27
B   G   62    -67.78  -178.99    51.78    79.76  -150.85   -79.35  -163.95
B   C   63    -62.02   165.95    59.04    80.64  -155.91   -71.02  -159.37
B   C   64    161.08  -160.14   166.90    81.30  -151.02   -72.14  -164.50
B   C   65    -64.97  -173.08    45.61    80.22  -140.06   -79.28  -162.25
B   C   66    -55.77   164.34    56.47    80.70  -142.37   -81.86  -160.61
B   U   67    -60.60   161.88    55.71    80.49  -141.62   -78.65  -159.00
B   G   68    -72.42   168.91    53.14    74.57    67.88    75.87  -161.47
B   C   69     60.58  -161.17   179.15    81.00  -158.26   -80.76  -157.17
B   C   70    -59.79   160.84    65.10    81.96  -150.60   -58.93  -160.94
B   A   71    162.41  -170.90   164.08    80.88   -99.14   -47.22  -174.06
B   C   72    -96.55    77.45   175.15    80.56  -139.79  -102.84  -162.13
B   C   73     91.13  -161.98  -129.55    81.90 -9999.99 -9999.99  -160.05
