PDB data file name: tRNA_dataset/2v0g_chain_F.pdb_new
uncommon residue ANZ   76  on chain F [#76] assigned to: a
-----------------------------------------------------------
CRITERIA USED TO GENERATE BASE-PAIR: 
  3.40 --> upper H-bond length limits (ON..ON).
 26.00 --> max. distance between paired base origins.
  2.50 --> max. vertical distance between paired base origins.
 65.00 --> max. angle between paired bases [0-90].
  5.40 --> min. distance between RN9/YN1 atoms.
  8.00 --> max. distance criterion for helix break[0-12]
-----------------------------------------------------------
BASE-PAIR INSTRUCTIONS: 
Column 1 is rnaview assigned base numbers n1_n2, start from 1.
Column 2 & 3 are chain ID & residue number in input PDB file.
Column 4 is for base pair. The left & right are the bases as 
         identified by column 2 & 3 and 5 & 6.
Column 5 & 6 are residue number & chain ID in input PDB file.
Column 7 is for base pair annotation. The standard Watson-Crick
         (W.C.) pairs are annotated as -/- (AU,AT) or +/+ (GC).
         Other pairs are annotated as Leontis_Westhof Classification.
         The three edges: W(Watson-Crick); H(Hoogsteen); S(suger).
         e.g. W/H means the pair is edge of Watson-Crick & Hoogsteen.
Column 8 is glycosidic bond orientation (either cis or trans).
         e.g. 'W/H cis' means the pair is interaction on Watson-Crick
         and Hoogsteen side, glycosidic bond orientation is 'cis'.
Column 9 corresponds to Saenger Classification.

Other columns: 
        Syn sugar-base conformations are annotated as (syn).
        Stacked base pairs are annotated as (stack).
        Non-identified edges are annotated as (.) or (?)
        Tertiary interactions are marked by (!) in the line.
Reference:
Yang et al (2003) Nucleic Acids Research, Vol31,No13,p3450-3461.
-----------------------------------------------------------
BEGIN_base-pair
      1_2, F:     1 G-C     2 F:      stacked
     1_72, F:     1 G-C    72 F: +/+ cis         XIX
     2_71, F:     2 C-G    71 F: W/W cis         n/a
     2_72, F:     2 C-C    72 F: W/W cis         n/a
     3_70, F:     3 C-G    70 F: +/+ cis         XIX
     4_69, F:     4 G-C    69 F: +/+ cis         XIX
     5_68, F:     5 G-C    68 F: +/+ cis         XIX
     6_67, F:     6 G-C    67 F: +/+ cis         XIX
     6_68, F:     6 G-C    68 F:      stacked
     7_66, F:     7 G-C    66 F: +/+ cis         XIX
     8_14, F:     8 U-A    14 F: W/H tran        XXIV
     9_12, F:     9 G-G    12 F: W/H cis    syn    VI
    10_24, F:    10 G-C    25 F: +/+ cis         XIX
    11_23, F:    11 C-G    24 F: +/+ cis         XIX
    12_22, F:    12 G-C    23 F: +/+ cis         XIX
    13_20, F:    13 G-G    21 F: W/S cis         n/a
    13_21, F:    13 G-A    22 F: S/H tran        XI
    14_19, F:    14 A-A    20 F: W/S cis         n/a
    15_48, F:    15 A-U    48 F: W/W tran        XXI
    16_55, F:    18 G-U    55 F: W/S tran        n/a
    17_56, F:    19 G-C    56 F: +/+ cis    syn    XIX
    19_20, F:    20 A-G    21 F:      stacked
    19_47, F:    20 A-G    47 F: H/W tran        n/a
    20_47, F:    21 G-G    47 F: H/S tran        n/a
    22_23, F:    23 C-G    24 F:      stacked
    25_38, F:    26 G-U    44 F: W/W cis         XXVIII
    26_37, F:    27 C-G    43 F: +/+ cis         XIX
    27_36, F:    28 A-U    42 F: -/- cis         XX
    28_35, F:    29 U-A    41 F: -/- cis         XX
    29_34, F:    30 G-C    40 F: +/+ cis         XIX
    31_32, F:    32 C-A    38 F: W/W cis         n/a
    39_46, F:    45 G-C    47 F: +/+ cis         XIX
    40_45, F:    46 C-G    47 F: +/+ cis         XIX
    41_44, F:    47 G-A    47 F: W/H tran        n/a
    49_65, F:    49 G-C    65 F: +/+ cis         XIX
    50_64, F:    50 C-G    64 F: +/+ cis         XIX
    50_65, F:    50 C-C    65 F:      stacked
    51_63, F:    51 G-C    63 F: +/+ cis         XIX
    51_64, F:    51 G-G    64 F:      stacked
    52_62, F:    52 G-C    62 F: +/+ cis         XIX
    52_63, F:    52 G-C    63 F:      stacked
    53_61, F:    53 G-C    61 F: +/+ cis         XIX
    54_58, F:    54 U-A    58 F: W/H tran        XXIV
    67_68, F:    67 C-C    68 F:      stacked
     8_19, F:     8 U-A    20 F: S/W tran        !(b_s)
    17_18, F:    19 G-U    20 F: S/. cis    syn    !(s_s)
    44_45, F:    47 A-G    47 F: S/S tran        !(s_s)
    55_57, F:    55 U-A    57 F: S/S tran        !(s_s)
    60_61, F:    60 U-C    61 F: S/H cis         !(s_s)
END_base-pair

Summary of triplets and higher multiplets
BEGIN_multiplets
8_14_19_| [1 3]  F: 8 U  +  F: 14 A  +  F: 20 A
9_12_22_| [2 3]  F: 9 G  +  F: 12 G  +  F: 23 C
13_20_47_| [3 3]  F: 13 G  +  F: 21 G  +  F: 47 G
13_21_47_| [4 3]  F: 13 G  +  F: 22 A  +  F: 47 G
END_multiplets

  The total base pairs =  36 (from   76 bases)
------------------------------------------------
 Standard  WW--cis  WW-tran  HH--cis  HH-tran  SS--cis  SS-tran
       21        4        1        0        0        0        0
  WH--cis  WH-tran  WS--cis  WS-tran  HS--cis  HS-tran
        1        4        2        1        0        2
------------------------------------------------
