PDB data file name: dataset/2v0g.pdb_new
uncommon residue ANZ   76  on chain B [#76] assigned to: a
uncommon residue ANZ   76  on chain F [#152] assigned to: a
-----------------------------------------------------------
CRITERIA USED TO GENERATE BASE-PAIR: 
  3.40 --> upper H-bond length limits (ON..ON).
 26.00 --> max. distance between paired base origins.
  2.50 --> max. vertical distance between paired base origins.
 65.00 --> max. angle between paired bases [0-90].
  5.40 --> min. distance between RN9/YN1 atoms.
  8.00 --> max. distance criterion for helix break[0-12]
-----------------------------------------------------------
BASE-PAIR INSTRUCTIONS: 
Column 1 is rnaview assigned base numbers n1_n2, start from 1.
Column 2 & 3 are chain ID & residue number in input PDB file.
Column 4 is for base pair. The left & right are the bases as 
         identified by column 2 & 3 and 5 & 6.
Column 5 & 6 are residue number & chain ID in input PDB file.
Column 7 is for base pair annotation. The standard Watson-Crick
         (W.C.) pairs are annotated as -/- (AU,AT) or +/+ (GC).
         Other pairs are annotated as Leontis_Westhof Classification.
         The three edges: W(Watson-Crick); H(Hoogsteen); S(suger).
         e.g. W/H means the pair is edge of Watson-Crick & Hoogsteen.
Column 8 is glycosidic bond orientation (either cis or trans).
         e.g. 'W/H cis' means the pair is interaction on Watson-Crick
         and Hoogsteen side, glycosidic bond orientation is 'cis'.
Column 9 corresponds to Saenger Classification.

Other columns: 
        Syn sugar-base conformations are annotated as (syn).
        Stacked base pairs are annotated as (stack).
        Non-identified edges are annotated as (.) or (?)
        Tertiary interactions are marked by (!) in the line.
Reference:
Yang et al (2003) Nucleic Acids Research, Vol31,No13,p3450-3461.
-----------------------------------------------------------
BEGIN_base-pair
      1_2, B:     1 G-C     2 B:      stacked
     1_72, B:     1 G-C    72 B: W/W cis         n/a
     2_71, B:     2 C-G    71 B: W/W cis         n/a
     2_72, B:     2 C-C    72 B: W/W cis         n/a
     3_70, B:     3 C-G    70 B: +/+ cis         XIX
     3_71, B:     3 C-G    71 B:      stacked
      4_5, B:     4 G-G     5 B:      stacked
     4_69, B:     4 G-C    69 B: W/W cis         n/a
     5_68, B:     5 G-C    68 B: +/+ cis         XIX
     6_67, B:     6 G-C    67 B: +/+ cis         XIX
     7_66, B:     7 G-C    66 B: +/+ cis         XIX
     8_13, B:     8 U-G    13 B:      stacked
     8_14, B:     8 U-A    14 B:      stacked
    10_24, B:    10 G-C    25 B: +/+ cis         XIX
    11_23, B:    11 C-G    24 B: +/+ cis         XIX
    12_22, B:    12 G-C    23 B: +/+ cis         XIX
    13_20, B:    13 G-G    21 B: W/S cis         n/a
    13_21, B:    13 G-A    22 B: S/H tran        XI
    14_15, B:    14 A-A    15 B:      stacked
    14_19, B:    14 A-A    20 B: W/S cis         n/a
    15_48, B:    15 A-U    48 B: W/W tran        XXI
    17_56, B:    19 G-C    56 B: W/W cis    syn    n/a
    20_47, B:    21 G-G    47 B: H/S tran        n/a
    25_38, B:    26 G-U    44 B: W/W cis         XXVIII
    26_37, B:    27 C-G    43 B: +/+ cis         XIX
    27_36, B:    28 A-U    42 B: -/- cis         XX
    28_35, B:    29 U-A    41 B: -/- cis         XX
    29_34, B:    30 G-C    40 B: W/W cis         n/a
    33_34, B:    39 U-C    40 B:      stacked
    36_37, B:    42 U-G    43 B:      stacked
    39_46, B:    45 G-C    47 B: +/+ cis         XIX
    40_41, B:    46 C-G    47 B:      stacked
    40_45, B:    46 C-G    47 B: +/+ cis         XIX
    45_46, B:    47 G-C    47 B:      stacked
    49_65, B:    49 G-C    65 B: +/+ cis         XIX
    50_64, B:    50 C-G    64 B: +/+ cis         XIX
    51_63, B:    51 G-C    63 B: +/+ cis         XIX
    52_62, B:    52 G-C    62 B: W/W cis         n/a
    52_63, B:    52 G-C    63 B:      stacked
    53_61, B:    53 G-C    61 B: +/+ cis         XIX
    53_62, B:    53 G-C    62 B:      stacked
    54_58, B:    54 U-A    58 B: W/H tran        XXIV
    59_60, B:    59 G-U    60 B:      stacked
    64_65, B:    64 G-C    65 B:      stacked
   77_148, F:     1 G-C    72 F: +/+ cis         XIX
   78_147, F:     2 C-G    71 F: W/W cis         n/a
   78_148, F:     2 C-C    72 F: W/W cis         n/a
   79_146, F:     3 C-G    70 F: +/+ cis         XIX
   80_145, F:     4 G-C    69 F: +/+ cis         XIX
   81_144, F:     5 G-C    68 F: +/+ cis         XIX
   82_143, F:     6 G-C    67 F: +/+ cis         XIX
   82_144, F:     6 G-C    68 F:      stacked
   83_142, F:     7 G-C    66 F: +/+ cis         XIX
    84_90, F:     8 U-A    14 F: W/H tran        XXIV
    85_88, F:     9 G-G    12 F: W/H cis    syn    VI
   86_100, F:    10 G-C    25 F: +/+ cis         XIX
    87_99, F:    11 C-G    24 F: +/+ cis         XIX
    88_98, F:    12 G-C    23 F: +/+ cis         XIX
    89_96, F:    13 G-G    21 F: W/S cis         n/a
    89_97, F:    13 G-A    22 F: S/H tran        XI
    90_95, F:    14 A-A    20 F: W/S cis         n/a
   91_124, F:    15 A-U    48 F: W/W tran        XXI
   92_131, F:    18 G-U    55 F: W/S tran        n/a
   93_132, F:    19 G-C    56 F: +/+ cis    syn    XIX
    95_96, F:    20 A-G    21 F:      stacked
   95_123, F:    20 A-G    47 F: H/W tran        n/a
   96_123, F:    21 G-G    47 F: H/S tran        n/a
    98_99, F:    23 C-G    24 F:      stacked
  101_114, F:    26 G-U    44 F: W/W cis         XXVIII
  102_113, F:    27 C-G    43 F: +/+ cis         XIX
  103_112, F:    28 A-U    42 F: -/- cis         XX
  104_111, F:    29 U-A    41 F: -/- cis         XX
  105_110, F:    30 G-C    40 F: +/+ cis         XIX
  107_108, F:    32 C-A    38 F: W/W cis         n/a
  115_122, F:    45 G-C    47 F: +/+ cis         XIX
  116_121, F:    46 C-G    47 F: +/+ cis         XIX
  117_120, F:    47 G-A    47 F: W/H tran        n/a
  125_141, F:    49 G-C    65 F: +/+ cis         XIX
  126_140, F:    50 C-G    64 F: +/+ cis         XIX
  126_141, F:    50 C-C    65 F:      stacked
  127_139, F:    51 G-C    63 F: +/+ cis         XIX
  127_140, F:    51 G-G    64 F:      stacked
  128_138, F:    52 G-C    62 F: +/+ cis         XIX
  128_139, F:    52 G-C    63 F:      stacked
  129_137, F:    53 G-C    61 F: +/+ cis         XIX
  130_134, F:    54 U-A    58 F: W/H tran        XXIV
  143_144, F:    67 C-C    68 F:      stacked
     8_20, B:     8 U-G    21 B: S/S tran        !1H(b_b)
     9_22, B:     9 G-C    23 B: W/W tran   syn    !1H(b_b)
    16_55, B:    18 G-U    55 B: W/S tran        !1H(b_b)
    30_32, B:    31 A-A    38 B: W/W cis         !1H(b_b).
     8_19, B:     8 U-A    20 B: S/W tran        !(b_s)
    10_39, B:    10 G-G    45 B: ?/S cis         !(b_s)
   44_125, B:    47 A-G    49 F: S/S tran        !(b_s)
   44_142, B:    47 A-C    66 F: S/S cis         !(b_s)
   49_120, B:    49 G-A    47 F: S/S tran        !(b_s)
    58_60, B:    58 A-U    60 B: S/S tran        !(b_s)
   66_119, B:    66 C-A    47 F: s/S cis         !(b_s)
   67_118, B:    67 C-C    47 F: S/W tran        !(b_s)
    84_95, F:     8 U-A    20 F: S/W tran        !(b_s)
     9_39, B:     9 G-G    45 B: S/S cis    syn    !(s_s)
    17_18, B:    19 G-U    20 B: S/. cis    syn    !(s_s)
    41_44, B:    47 G-A    47 B: S/H tran        !(s_s)
   43_142, B:    47 A-C    66 F: S/s cis         !(s_s)
    44_45, B:    47 A-G    47 B: S/S tran        !(s_s)
   44_141, B:    47 A-C    65 F: s/S cis         !(s_s)
   45_126, B:    47 G-C    50 F: S/S cis         !(s_s)
   66_120, B:    66 C-A    47 F: S/S cis         !(s_s)
    93_94, F:    19 G-U    20 F: S/. cis    syn    !(s_s)
  120_121, F:    47 A-G    47 F: S/S tran        !(s_s)
  131_133, F:    55 U-A    57 F: S/S tran        !(s_s)
  136_137, F:    60 U-C    61 F: S/H cis         !(s_s)
END_base-pair

Summary of triplets and higher multiplets
BEGIN_multiplets
13_21_47_| [1 3]  B: 13 G  +  B: 22 A  +  B: 47 G
13_20_47_| [2 3]  B: 13 G  +  B: 21 G  +  B: 47 G
84_90_95_| [3 3]  F: 8 U  +  F: 14 A  +  F: 20 A
85_88_98_| [4 3]  F: 9 G  +  F: 12 G  +  F: 23 C
89_96_123_| [5 3]  F: 13 G  +  F: 21 G  +  F: 47 G
89_97_123_| [6 3]  F: 13 G  +  F: 22 A  +  F: 47 G
END_multiplets

  The total base pairs =  66 (from  152 bases)
------------------------------------------------
 Standard  WW--cis  WW-tran  HH--cis  HH-tran  SS--cis  SS-tran
       37       12        2        0        0        0        0
  WH--cis  WH-tran  WS--cis  WS-tran  HS--cis  HS-tran
        1        5        4        1        0        4
------------------------------------------------
