The backbone torsional angle for nucleic acid 

 
Note: alpha:   O3'(i-1)-P-O5'-C5'
      beta:    P-O5'-C5'-C4'
      gamma:   O5'-C5'-C4'-C3'
      delta:   C5'-C4'-C3'-O3'
      epsilon: C4'-C3'-O3'-P(i+1)
      zeta:    C3'-O3'-P(i+1)-O5'(i+1)

      chi for pyrimidines(Y): O4'-C1'-N1-C2
          chi for purines(R): O4'-C1'-N9-C4

    (The number -9999.99 means that the angle can not be calculated) 

Ch Res  Num    alpha    beta     gamma    delta  epsilon    zeta     chi
C GTP    1  -9999.99 -9999.99   120.85    95.83  -121.58   -77.31   165.00
C   C    2    -50.90   180.00    38.39    79.52  -147.36   -70.62  -160.55
C   G    3    -60.71   165.97    57.33    78.60  -152.82   -66.12  -155.89
C   C    4    -71.63  -174.41    41.42    80.30  -116.90  -102.26  -160.15
C   C    5    -74.94   145.89    75.43    79.74  -172.03   -75.47  -157.51
C   G    6    154.78  -150.11   178.99    84.52  -126.20   -84.16  -178.92
C   C    7    -33.74   167.60    47.11   146.09   -88.03   -72.85  -122.29
C   U    8    -48.66  -162.73    46.15    81.00  -116.23  -159.80  -170.07
C   G    9    112.82  -146.89  -128.98   134.47   -91.37   -65.98  -110.32
C   G   10   -177.91  -165.33    64.16    83.61  -140.95   -68.98   174.65
C   U   11    -70.01  -178.58    46.66    82.96  -136.70   -77.14  -161.13
C   G   12    -56.09   164.08    55.68    72.91  -167.28   -67.63  -157.31
C   U   13    156.52  -165.14   176.91    82.98  -145.10   -77.37  -164.33
C   A   14    -55.13  -175.11    43.76    78.77  -136.06   -71.87  -170.53
C   G   15    -55.95   162.86    53.42    82.12  -157.98   -81.84  -162.91
C   U   16    -61.31   163.04    62.69    81.60  -151.82   -52.47  -154.99
C   G   18   -147.75   131.22   -84.46   143.54  -110.02  -154.49  -114.68
C   G   19    -75.94  -179.86    58.93   150.99  -130.92    81.22   -74.87
C   U   20   -121.93  -134.25    51.55   144.58   -80.60    78.56    66.49
C   A   21   -169.30  -146.39    85.19    82.32   179.30  -113.34  -159.46
C   U   22    -43.67  -177.38    38.58    82.01  -155.87   -65.52  -158.46
C   C   23    -75.15   169.70    63.86    81.38  -145.67   -73.83  -159.03
C   A   24    -71.11   162.86    72.78    73.74  -138.59   -73.14  -171.15
C   U   25    -74.13   159.01    73.52    81.03  -135.81   -77.08  -160.17
C   G   26    -43.97   158.65    45.13    82.51  -131.05   -86.55  -163.21
C   C   27    -51.62   150.17    50.66    82.38  -141.65   -89.83  -153.65
C   A   28    -38.13   164.28    32.33    79.49  -139.34   -80.63  -160.12
C   A   29    -55.10   167.59    50.44    78.78  -141.13   -83.46  -159.86
C   G   30    -47.72   171.44    38.52    80.46  -174.88   -76.41  -147.86
C   A   31    156.58  -151.65   165.75    83.15  -117.17   -75.12  -176.84
C   U   32    -52.57   162.34    52.65    78.22  -137.07   -73.53  -161.89
C   U   33    -51.20   160.01    52.75    77.04  -129.71   -83.82    31.92
C   C   34    -43.81   159.00    66.68   146.25   -93.62   140.33  -122.63
C   C   35    -55.47  -165.47    50.62   145.74   -98.49   150.50  -123.65
C   C   36    -61.64   150.01    38.24   141.13   -92.65   123.50  -142.18
C   A   37     75.93   154.50   -68.11   146.75   -72.23   -48.09   -90.60
C   U   38    -72.43  -125.57   124.62    76.55  -129.48   -77.40  -169.95
C   U   39    -53.53   166.32    45.09    81.14  -147.81   -75.67  -153.12
C   C   40    -55.78   175.29    41.59    80.42  -156.55   -71.44  -155.60
C   U   41    -67.22   172.58    52.76    79.90  -140.90   -85.57  -161.00
C   U   42    -42.35   156.44    47.07    79.71  -149.13   -75.88  -165.79
C   G   43    -56.80   167.11    59.30    78.05  -158.49   -71.70  -174.73
C   C   44    -65.15   177.82    54.22    86.52  -142.41   -78.33  -164.54
C   G   45    -50.84   169.80    36.73    82.66  -166.53   -78.02  -138.05
C   A   46    -82.07  -154.66    78.53    85.72  -156.45   -65.00  -132.42
C   C   48   -112.68   140.13   169.40   139.69  -153.02    65.63  -126.93
C   C   49     43.06   158.14    47.14    81.70  -145.67   -70.83  -170.03
C   C   50    -73.53   172.55    59.92    78.51  -146.05   -74.54  -170.25
C   G   51    -71.84   174.91    57.84    78.48  -150.59   -67.55  -165.40
C   G   52    -75.69   171.23    65.46    77.95  -147.15   -73.09  -170.78
C   G   53    -58.25   168.09    59.56    78.83  -126.57   -90.16  -167.30
C   U   54    -60.35   151.87    57.99    79.58  -120.02   -73.71  -159.98
C   U   55    -56.76   167.96    47.56    78.90  -126.49   -88.96  -149.56
C   C   56    130.61  -167.37    82.74    83.06  -124.83   -80.33  -169.49
C   G   57    -61.89   156.66    61.51    82.27  -137.08   -66.77  -167.11
C   A   58    -50.46  -139.52    40.09   146.89   -77.64   170.94    97.83
C   U   59     64.87  -144.31    84.59    83.96  -142.01   -73.03  -169.51
C   U   60    -49.82   172.71    51.74   142.67  -109.01   -60.58  -126.05
C   C   61   -104.90  -173.82    48.04    80.22  -140.79   -80.56  -170.45
C   C   62    -50.47   167.53    46.08    77.37  -155.50   -66.92  -162.30
C   C   63    -67.99   177.53    52.87    76.91  -147.21   -74.04  -160.26
C   G   64    -56.51   169.75    48.93    79.07  -162.58   -90.50  -162.31
C   G   65    150.22  -147.07   177.95    80.86  -113.63   -86.05   176.71
C   G   66    -42.37   158.76    42.31    80.49  -137.42   -76.34  -168.54
C   C   67    -56.30   167.20    46.06    79.43  -151.44   -75.84  -163.43
C   G   68    -62.01   170.99    59.11    77.47  -145.92   -82.10  -163.33
C   G   69    -60.22   159.53    65.49    79.78  -139.86   -66.37  -164.48
C   C   70    -85.21  -172.25    55.53    76.87  -154.43   -91.00  -142.96
C   G   71    166.22  -154.95   168.40    82.98 -9999.99 -9999.99  -178.63
