The backbone torsional angle for nucleic acid 

 
Note: alpha:   O3'(i-1)-P-O5'-C5'
      beta:    P-O5'-C5'-C4'
      gamma:   O5'-C5'-C4'-C3'
      delta:   C5'-C4'-C3'-O3'
      epsilon: C4'-C3'-O3'-P(i+1)
      zeta:    C3'-O3'-P(i+1)-O5'(i+1)

      chi for pyrimidines(Y): O4'-C1'-N1-C2
          chi for purines(R): O4'-C1'-N9-C4

    (The number -9999.99 means that the angle can not be calculated) 

Ch Res  Num    alpha    beta     gamma    delta  epsilon    zeta     chi
I   C    1  -9999.99 -9999.99   171.33    80.66  -132.41   -63.02  -173.93
I   G    2    -91.23  -163.33    61.53    79.94  -165.71   -90.98  -169.67
I   C    3    173.47  -130.75   163.55    82.42  -122.11   -83.52  -172.83
I   G    4    -59.62   160.18    48.82    77.86  -151.00   -71.43  -164.71
I   G    5    -57.19  -168.75    56.51   143.02  -161.16  -138.01  -107.54
I   G    6    102.52  -143.98  -158.11    82.60  -138.72  -103.16  -174.19
I   G    7    -13.98   144.82    45.29   144.24  -148.47     8.44  -133.65
I 4SU    8   -127.87  -152.60    51.61    84.42  -103.28  -149.78  -169.54
I   G    9    -78.85  -173.09    36.97   147.99  -103.40   -55.97   -79.42
I   G   10   -175.91   141.42    49.23    81.34  -143.49   -89.47   177.37
I   A   11    -50.12   174.44    41.78    83.92  -123.12   -85.62  -174.82
I   G   12    -79.19   153.42    70.06    77.22  -145.80   -53.08   175.82
I   C   13    -79.03  -167.85    74.59    84.98  -129.63  -121.03  -162.04
I   A   14    -84.71   136.06    75.01    80.65  -157.60   -62.33  -162.31
I   G   15    154.56  -148.39   179.70    80.68  -139.12    91.12  -178.06
I   C   16    -72.36   -77.89  -121.35   143.52   -86.61   -67.09  -147.67
I   C   17    -79.00   171.77    60.41    84.39  -163.53    88.69  -175.30
I   U   17   -156.98   127.05     6.61   142.10   -83.08  -170.74  -129.53
I   G   18     65.01   158.73    51.83   147.81  -109.74  -170.07  -114.14
I   G   19    157.87  -132.53   157.89   153.18   -72.07   -48.01   -86.42
I   U   20    162.89   177.65   156.72    80.42  -104.30   -87.06   -64.17
I   A   21     64.19   179.52    34.40    84.21  -103.94  -143.74   -93.76
I   G   22   -134.74   103.87    84.77    79.60  -156.18   -71.38  -176.03
I   C   23    -63.02  -169.45    46.02    76.76  -142.82   -84.08  -152.18
I   U   24    -51.36   156.56    52.26    77.42  -134.20   -76.33  -163.41
I   C   25    -63.83   160.12    56.76    76.69  -147.79   -57.24  -173.35
I   G   26    -75.28  -168.33    57.89    82.45  -128.73   -90.56  -171.40
I   U   27    -51.56   161.12    45.48    79.87  -149.30   -71.61  -169.70
I   C   28    -58.35   178.38    49.71    77.99  -131.16   -86.73  -154.84
I   G   29    -61.43   153.64    60.90    77.64  -130.94   -83.44  -175.62
I   G   30    -66.10   161.03    60.97    77.61  -149.21   -74.64  -172.57
I   G   31    -67.81   179.69    60.03    80.27  -133.96   -76.52  -168.57
I 5MC   32    -63.38   169.28    53.90    80.68  -130.19   -75.26  -144.10
I   U   33    -56.61   147.16    79.95    79.41  -108.89   -64.59  -163.56
I   C   34   -173.05   133.28    29.37    84.62  -100.92   -58.17   179.94
I   A   35   -105.82   101.56   117.81    81.71  -123.66  -101.95  -178.55
I   U   36    -24.77   136.37    44.36    81.79  -112.59   -48.02  -157.19
I   A   37   -115.41   104.28   134.66    81.69  -116.29   -78.23  -177.81
I   A   38    -59.48   152.16    53.37    79.77  -134.36   -69.66  -174.33
I   C   39    -46.81   169.90    47.92    76.70  -126.06   -88.94  -162.70
I   C   40    -41.61   156.41    41.83    78.06  -154.85   -78.09  -153.00
I   C   41    -66.80  -172.72    43.86    79.45  -148.42   -71.82  -170.22
I   G   42    -63.09   163.51    67.85    79.54  -149.44   -67.61  -176.13
I   A   43    -63.74   172.99    58.25    76.51  -145.15   -97.80  -158.10
I   A   44    -62.82   154.69    62.41    85.15  -115.34   -89.58  -158.24
I   G   45    -41.61   139.87    53.03    82.81   -99.72  -115.18  -159.86
I   G   46   -100.88  -164.91    66.66    79.26  -140.76  -126.50  -116.35
I   U   47     50.05  -151.62  -179.89    79.80  -166.25    30.07  -148.01
I   C   48   -131.33  -179.19   149.46   145.27  -153.72   112.16  -134.57
I   G   49     44.47  -177.54    51.76    80.19  -145.18   -87.69  -173.86
I   U   50    -43.75   153.84    59.27    83.03  -110.49   -95.97  -169.03
I   C   51    -67.22   138.07    66.38    77.76  -138.22   -84.71  -161.39
I   G   52    -63.17   159.09    55.83    79.15  -146.57   -70.18  -171.70
I   G   53    -68.09   173.18    63.60    78.82  -166.57   -77.39  -175.83
I 5MU   54    -87.81  -158.33    64.83    79.45  -140.31   -52.87  -159.55
I PSU   55    -73.29   179.51    61.63    77.02  -134.65   -89.53 -9999.99
I   C   56    162.87  -176.85    56.47    79.24  -123.88   -81.32  -150.16
I   A   57    -70.05   156.83    61.99    81.29  -122.00  -115.49  -176.68
I   A   58     -4.97   125.14    77.89    87.87  -112.48   -87.10  -148.79
I   A   59    168.79   157.84    36.20    80.77  -126.47   -57.92   173.95
I   U   60    -57.92  -168.42    54.35   145.87   -91.68  -106.89  -139.46
I   C   61     34.28   124.12   -33.84    84.12  -179.08   -82.46  -166.84
I   C   62    156.77  -150.53   171.44    80.63  -115.47   -84.85  -172.59
I   G   63    -83.69   176.76    56.42    78.44  -144.13   -87.42  -163.12
I   G   64    -43.59   154.63    49.09    81.75  -135.95   -86.50  -168.20
I   C   65    -38.42   155.98    40.99    78.37  -153.73   -81.08  -164.72
I   C   66    -51.43   174.33    48.72    79.01  -133.15   -81.29  -166.88
I   C   67    -47.33   155.56    54.07    77.66  -152.72   -81.54  -140.04
I   C   68    -65.64   175.37    47.05    77.30  -154.97   -70.38  -164.45
I   C   69    -64.24   167.37    61.95    82.27  -147.80   -66.31  -171.18
I   G   70    -59.79   167.50    57.78    74.23  -144.25   -80.86   178.85
I   C   71    -40.38   176.47    33.96    76.46  -140.09   -79.59  -161.90
I   A   72    -55.97   160.07    57.50    78.30  -150.87   -69.59  -164.72
I   A   73    -79.73   163.69    79.23    72.12  -145.72   -75.26  -167.58
I   C   74    -54.43   174.77    50.83    76.21  -144.82   -70.58  -161.10
I   C   75    -60.78   161.58    65.84    81.98  -107.76   156.23  -159.68
I   A   76    -83.14   150.80    38.50    87.53 -9999.99 -9999.99  -159.58
