The backbone torsional angle for nucleic acid 

 
Note: alpha:   O3'(i-1)-P-O5'-C5'
      beta:    P-O5'-C5'-C4'
      gamma:   O5'-C5'-C4'-C3'
      delta:   C5'-C4'-C3'-O3'
      epsilon: C4'-C3'-O3'-P(i+1)
      zeta:    C3'-O3'-P(i+1)-O5'(i+1)

      chi for pyrimidines(Y): O4'-C1'-N1-C2
          chi for purines(R): O4'-C1'-N9-C4

    (The number -9999.99 means that the angle can not be calculated) 

Ch Res  Num    alpha    beta     gamma    delta  epsilon    zeta     chi
B PSU  901  -9999.99   129.27    45.56    87.41  -152.48   -76.09 -9999.99
B   U  902    -70.68  -178.28    50.97    84.13  -156.26   -72.83  -165.17
B   C  903    -68.92   174.24    56.40    83.25  -157.49   -73.72  -160.40
B   C  904    -66.91   177.55    56.26    83.16  -154.11   -69.94  -161.06
B   U  905    -60.69   173.23    49.95    84.04  -160.53   -73.86  -156.43
B   C  906    -79.94   177.91    62.52    87.86  -150.37   -81.91  -160.41
B   G  907    -42.76   167.05    57.43   143.83   -91.21   -53.98  -132.69
B   U  908    -59.34  -167.42    52.57    83.33  -132.12  -127.14  -155.56
B 1MG  909    -80.68  -151.29    56.56   145.67   -95.11   -68.23   -74.19
B 2MG  910   -179.24   147.86    55.32    86.66  -132.09   -79.51   172.64
B   C  911    -68.94  -179.29    48.67    84.08  -153.13   -73.97  -168.65
B   C  912    -76.05  -170.26    54.06    81.78  -148.94   -62.87  -161.99
B   C  913    -67.27   169.58    64.95    84.80  -174.13   -81.93  -163.73
B   A  914    -63.49  -170.32    57.37    85.78  -155.20   -66.03  -163.22
B   A  915    -64.01   179.99    60.73   143.99  -103.20   -48.04  -126.71
B H2U  916    -70.41  -135.99   163.07   149.03  -123.52   -26.81  -105.92
B   G  917   -125.83   175.87   -75.65   140.80  -144.58   -97.01  -114.66
B   G  918    -71.30  -158.06    41.12   144.41   -85.13   145.39   -76.34
B H2U  919    -52.53   177.60    49.77   149.12  -101.90  -102.86   -98.62
B   C  920     58.52  -152.24  -176.71    83.98  -163.77    97.69   147.49
B   A  921   -107.11  -127.33    61.77    86.79  -176.92  -114.42  -154.82
B   C  922    -54.46  -169.27    40.55    82.40  -167.69   -62.90  -151.51
B   G  923    144.85  -174.68   178.94    85.27  -144.96   -73.21  -175.39
B   G  924    -58.76   169.44    55.72    80.36  -146.55   -65.31  -174.44
B   C  925    -63.20  -179.36    53.58    81.06  -145.73   -64.17  -173.21
B M2G  926    -60.88   178.62    41.79    80.07  -147.24   -61.86  -160.59
B PSU  927    -60.74  -179.82    47.07    86.55  -150.11   -73.48 -9999.99
B   C  928    -69.27  -175.00    47.54    79.56  -157.52   -65.96  -155.87
B   U  929    -61.71  -168.06    37.74    81.22  -169.00   -77.77  -155.54
B   G  930    153.33  -162.20   174.52    81.66  -129.17   -87.09  -175.10
B   G  931    -38.71   162.44    42.37    78.00  -137.60   -76.39  -164.24
B   C  932   -170.75   159.22   178.82    86.41  -132.97  -157.29  -159.05
B   U  933     56.86  -137.30    56.37   146.44  -106.41   172.23  -115.62
B   I  934    -55.79  -159.56    60.17    84.19  -147.17   -84.61  -161.92
B   C  935    -57.60  -152.07    41.98    80.32   175.44    51.75  -102.93
B   G  936     68.21   136.39    58.36   148.83  -115.69  -164.92   -94.91
B   A  937     58.43  -166.34    53.06   147.36  -103.78   120.13  -129.94
B   A  938     52.34   164.57    61.00   147.88  -101.10   -29.20  -110.06
B   C  939    -62.96  -173.76    60.03    84.70  -155.87   -73.87  -170.91
B   C  940    -59.64   170.01    60.45    83.48  -152.34   -73.82  -170.85
B   A  941    -69.79  -176.28    48.89    83.88  -147.25   -68.15  -164.97
B   G  942    -67.87   170.25    56.32    77.61  -160.72   -69.10  -170.91
B   A  943    -57.81  -176.69    51.47    81.41  -149.78   -77.12  -165.35
B   A  944    -64.27   170.19    54.33    83.94  -145.86   -67.27  -154.44
B   G  945    -62.81   173.60    52.30    81.55  -126.53   -75.09  -158.12
B   A  946    -51.88  -134.03    44.94   143.39  -113.20  -171.67   -53.38
B H2U  947    102.15  -107.91  -155.76   131.70    73.78  -132.25  -168.45
B   U  948     48.75   170.39    51.76   142.02  -144.78    69.92  -127.61
B 5MC  949     73.68   137.78    34.24    82.84  -151.48   -77.04  -167.20
B   C  950    -62.97  -174.89    47.62    85.97  -158.37   -68.68  -162.04
B   A  951    -67.02  -168.67    41.83    82.48  -162.69   -74.23  -146.45
B   G  952    142.62  -155.84  -179.69    82.32  -140.61   -79.27  -175.70
B   G  953    -53.08   159.55    57.52    84.81  -150.50   -73.16   179.09
B 5MU  954    -69.58  -170.78    47.18    82.44  -149.12   -56.98  -153.43
B PSU  955    -74.80  -174.29    50.22    88.54  -146.20   -68.22 -9999.99
B   C  956    168.75   161.84    50.66    84.94  -133.90   -69.55  -165.33
B   A  957    -57.55   169.82    51.14    84.14  -141.30   -71.81  -160.75
B 1MA  958    -60.90  -140.08    59.57   149.94   -99.11  -176.42   -72.42
B   G  959     82.93  -151.14    68.36    89.17  -147.50   -55.13  -168.53
B   U  960    -62.72  -178.60    55.75   138.86  -103.71   -68.15  -127.88
B   C  961    -87.49  -173.12    42.47    84.92  -155.02   -68.90  -169.43
B   C  962    -68.65  -166.10    44.60    82.17  -151.28   -77.53  -160.25
B   U  963    -58.65   175.92    47.21    79.73  -149.25   -70.75  -155.39
B   G  964    -63.43   168.54    52.27    79.12  -159.59   -69.85  -167.39
B   G  965    -64.26  -176.62    53.39    82.74  -151.03   -70.05  -161.76
B   C  966    -55.37   173.15    43.29    82.17  -148.66   -72.77  -158.39
B   G  967    -62.55   174.14    46.46    81.65  -158.33   -75.52  -161.04
B   G  968    -66.50   178.12    48.96    80.21  -154.05   -67.36  -162.72
B   G  969    -64.97   175.15    53.47    80.58  -150.90   -73.72  -168.16
B   G  970    -58.86   170.21    55.73    79.29  -147.89   -78.47  -168.26
B   A  971    -56.51   161.27    59.28    81.98  -149.88   -73.55  -168.37
B   A  972    -67.63   174.84    60.24    84.39  -150.57   -70.15  -157.95
B   G  973    -59.65   164.46    56.29    85.88 -9999.99 -9999.99  -152.23
