The backbone torsional angle for nucleic acid 

 
Note: alpha:   O3'(i-1)-P-O5'-C5'
      beta:    P-O5'-C5'-C4'
      gamma:   O5'-C5'-C4'-C3'
      delta:   C5'-C4'-C3'-O3'
      epsilon: C4'-C3'-O3'-P(i+1)
      zeta:    C3'-O3'-P(i+1)-O5'(i+1)

      chi for pyrimidines(Y): O4'-C1'-N1-C2
          chi for purines(R): O4'-C1'-N9-C4

    (The number -9999.99 means that the angle can not be calculated) 

Ch Res  Num    alpha    beta     gamma    delta  epsilon    zeta     chi
C   A    1  -9999.99   124.91    36.97    85.36  -157.44   -84.90  -158.54
C   G    2    -57.00   174.66    41.87    79.71  -142.31   -82.50  -166.61
C   C    3    -50.65   164.86    47.42    78.40  -139.84   -80.60  -167.83
C   A    4    -54.30   162.00    47.18    76.79  -126.78   -91.79  -169.03
C   G    5    -61.92   145.93    74.50    74.98  -143.86   -88.19  -175.01
C   A    6    -54.83   159.10    58.75    82.96  -166.45   -93.89  -173.09
C   G    7    163.60  -142.97   179.06   143.18  -132.53    20.95  -164.24
C   U    8   -118.11  -149.75    51.25    78.48  -156.27   -77.91  -140.56
C   G    9   -158.04   106.69  -170.00   147.96   -84.04   -41.76  -118.05
C   G   10   -178.02   160.75    66.33    82.36  -141.13   -64.80   169.77
C   C   11    -87.67  -164.65    60.14    81.75  -148.89   -70.08  -163.96
C   G   12    -75.76   170.91    64.28    81.65  -142.26   -62.33  -165.51
C   C   13    -73.42   166.38    65.39    82.08  -169.81   -91.92  -160.67
C   A   14    -61.02   172.71    60.35    78.73  -137.70   -57.04  -171.18
C   G   15    -73.77   166.12    64.89    78.37  -131.89  -164.03  -171.67
C   C   16    -92.82   127.13    61.44    80.26  -117.31   -68.77  -110.54
C   G   17   -177.04  -154.05   -74.08   147.03  -120.29  -164.15  -114.42
C   G   18    136.67  -150.57  -177.98   148.23   -94.33    93.32  -114.25
C   A   19   -139.04   167.68    70.72    80.38  -106.67  -147.45   -74.92
C   A   20    -86.68    78.92   153.27    81.71  -137.97  -128.63  -168.56
C   G   21    -67.98   152.10    59.82    79.23  -149.87   -81.89  -170.04
C   C   22    -55.27   168.53    54.50    80.92  -145.86   -80.60  -163.79
C   G   23    -58.01   165.26    53.45    81.30  -154.11   -73.22  -170.17
C   U   24    163.71  -157.07   161.53    80.99  -113.88   -90.68  -172.73
C   G   25    -50.78   152.40    48.81    81.57  -137.32   -71.40   175.59
C   C   26    -60.61   179.48    50.87    81.11  -148.93   -72.78  -168.95
C   U   27    -62.18   171.16    52.24    80.35  -158.59   -86.42  -161.05
C   G   28    150.10  -151.49   171.23    81.00  -127.46   -98.09   178.20
C   G   29    -37.75   150.00    43.24    79.76  -136.60   -83.03  -174.68
C   G   30    -57.83   154.92    64.82    80.99  -136.84   -65.41  -177.44
C   C   31    -64.48   171.85    57.91    88.26   -80.07  -140.52  -160.58
C   C   32     82.99  -102.85  -174.04    80.38  -125.56   -44.04  -160.42
C   C   33    124.75   146.17    92.27    79.58   162.85    34.09   177.17
C   A   34    154.58   125.91   132.07    82.79  -123.23   -75.10   179.65
C   U   35    -48.96   159.44    52.45    76.84  -170.76   -87.80  -164.73
C   A   36    169.49  -139.26   152.62    79.87  -114.40   -70.55   175.16
C   A   37    -61.28   153.68    54.94    79.52  -135.07   -74.33  -172.61
C   C   38    -54.89   160.04    59.02    78.74  -136.98  -106.78  -172.54
C   C   39    -11.11   138.22    34.50    84.22  -150.15   -88.91  -161.46
C   C   40    132.72  -151.21  -174.61    79.87  -129.08   -89.43  -177.02
C   A   41    -46.09   155.01    48.48    78.00  -139.98   -87.78  -172.53
C   G   42    -54.99   154.25    60.99    80.97  -136.22   -86.67  -173.68
C   A   43    -51.89   154.09    55.98    83.15  -137.32   -67.61  -171.83
C   G   44    -62.92   167.84    55.97    79.73  -113.08  -116.77  -162.24
C   G   45     66.60   158.70   -44.28   147.78  -127.97  -138.62   -65.22
C   U   46    162.03   131.91    59.97    79.76  -115.28   -46.34  -128.78
C   C   47    -78.41   177.00   162.71   149.25  -145.13    80.39  -136.66
C   G   48     43.72  -179.56    45.33    81.39  -136.82   -85.17  -172.42
C   A   49    -58.17   154.78    64.95    83.68  -140.06   -80.70  -175.51
C   U   50    -55.34   170.44    47.12    81.69  -145.94   -77.70  -162.68
C   G   51    -56.52   164.77    50.09    78.85  -157.79   -83.06  -162.95
C   G   52    132.64  -149.28  -161.83    83.30  -131.68   -84.71  -178.64
C   A   53    -50.89   176.54    34.66    82.83  -119.21   -78.99  -175.21
C   U   54    -48.25   151.22    53.21    81.14  -124.81   -61.64  -161.69
C   C   55   -178.29   151.38    38.95    82.74  -130.04   -73.51  -173.64
C   G   56    -74.44   153.71    71.48    81.70  -146.69  -126.29  -177.06
C   A   57     54.72   127.93    14.35    83.24  -155.57   -81.67  -116.75
C   A   58   -105.96   166.41    -2.07    82.68  -151.19   -62.34   179.41
C   A   59    -74.68   176.68    73.37   143.79  -139.70   -33.87  -141.11
C   C   60   -123.38  -147.41    40.48    82.22  -148.02   -77.10  -171.11
C   C   61    -58.36   172.43    52.09    80.58  -155.47  -103.95  -168.57
C   A   62    158.10  -129.82   155.14    82.01  -133.36   -85.43   177.57
C   U   63    -60.91   171.66    43.53    80.07  -134.45   -88.68  -165.43
C   C   64    -51.24   150.29    59.00    79.92  -146.01   -65.88  -169.04
C   C   65    -66.86   170.30    62.06    78.04  -150.72   -69.36  -167.57
C   U   66    -71.76   173.47    54.95    77.22  -153.70   -77.28  -165.90
C   C   67    -59.12   174.77    47.91    77.61  -141.84   -83.41  -163.67
C   U   68    -50.89   162.02    47.89    78.75  -137.09   -90.61  -161.62
C   G   69    -55.99   158.89    48.04    80.77  -145.10   -82.21  -157.86
C   C   70    -60.86   164.55    52.95    81.25  -151.63   -77.11  -150.23
C   U   71    -73.53   162.33    67.89    80.61  -148.69   -71.52  -156.27
C   A   72   -122.78  -118.76    58.63    81.66  -104.03  -139.28  -144.29
C   C   73     54.34  -123.92   -32.78    83.96  -151.13   -74.12  -168.87
C   C   74    -66.15  -176.54    53.55    88.04  -142.42   -83.39  -139.48
C   A   75    -51.85   162.09    46.97    83.04 -9999.99 -9999.99  -123.16
