BEGIN_base-pair
     7_65, C:     7 G-C    65 C: +/+ cis         XIX
     8_14, C:     8 U-A    14 C: W/H tran        XXIV
    10_24, C:    10 G-U    24 C: W/W cis         XXVIII
    11_23, C:    11 C-G    23 C: +/+ cis         XIX
7_65_8_14_10_24_11_23_0,  select this line to see above pattern
0_0, ------
    12_22, C:    12 G-C    22 C: +/+ cis         XIX
    13_21, C:    13 C-G    21 C: W/W cis         n/a
    15_47, C:    15 G-C    47 C: W/W tran        XXII
    17_19, C:    17 G-A    19 C: S/W cis      syn  n/a
    18_55, C:    18 G-C    55 C: +/+ cis         XIX
12_22_13_21_15_47_17_19_18_55_0,  select this line to see above pattern
0_0, ------
    18_55, C:    18 G-C    55 C: +/+ cis         XIX
    19_56, C:    19 A-G    56 C: W/S tran   syn    X
    21_45, C:    21 G-G    45 C: H/W tran     syn  VII
    25_43, C:    25 G-A    43 C: W/W cis         VIII
    26_42, C:    26 C-G    42 C: +/+ cis         XIX
18_55_19_56_21_45_25_43_26_42_0,  select this line to see above pattern
0_0, ------
END_base-pair
