The backbone torsional angle for nucleic acid 

 
Note: alpha:   O3'(i-1)-P-O5'-C5'
      beta:    P-O5'-C5'-C4'
      gamma:   O5'-C5'-C4'-C3'
      delta:   C5'-C4'-C3'-O3'
      epsilon: C4'-C3'-O3'-P(i+1)
      zeta:    C3'-O3'-P(i+1)-O5'(i+1)

      chi for pyrimidines(Y): O4'-C1'-N1-C2
          chi for purines(R): O4'-C1'-N9-C4

    (The number -9999.99 means that the angle can not be calculated) 

Ch Res  Num    alpha    beta     gamma    delta  epsilon    zeta     chi
C   G    5  -9999.99   168.78    63.78    80.34  -155.73   -66.10  -166.64
C   G    5    -80.17   179.27    63.45    74.81  -152.36   -65.96  -168.12
C   A    5    -74.85   179.49    59.63    77.74  -147.55   -68.69  -165.99
C   U    6    -70.07   176.13    55.58    71.91    72.63    79.92  -163.80
C   G    7   -160.81  -173.18    69.77   148.64   -93.98   -59.84  -106.89
C   A    8    155.70   159.70    65.43   147.76  -147.34  -162.73  -112.40
C   U    9    -86.90  -177.25    91.52   136.74  -143.60    55.33  -132.71
C   C   10     70.13   145.18    41.43    86.13  -151.48   -63.31  -174.33
C   C   11    -80.27  -178.56    61.22    79.56  -149.75   -58.49  -166.99
C   U   12    -73.58   175.08    56.20    75.81  -151.84   -77.77  -162.02
C   C   13    -78.97   174.04    61.23    76.55  -155.52   -67.91  -157.15
C   A   14    -70.32   170.81    61.34    77.26  -151.76   -71.03  -169.25
C   G   15    -67.51   169.93    63.33    77.41  -146.27   -82.68  -175.24
C   U   16    -43.99   167.15    38.38    92.07  -172.16  -101.03  -167.38
C   G   18    149.04  -118.71   -81.29   154.47  -137.35   -97.27  -130.51
C   G   19    -74.12  -136.15    36.12   142.17    48.30   -69.63   -76.09
C   U   20    -60.68  -152.26    71.40   144.57   -80.95    83.74  -127.19
C   C   20   -146.09   101.10  -170.67    84.40  -154.36   -67.81  -168.54
C   U   21    -77.11  -171.85    56.24    79.98  -149.43   -78.61  -164.91
C   G   22    -57.03   166.75    49.34    79.54  -151.31   -81.74  -165.12
C   G   23    -63.07   170.43    52.70    77.62  -145.35   -70.80  -170.87
C   G   24    -62.61   174.36    48.71    78.88  -147.47   -70.66  -166.76
C   G   25    -66.77   170.99    59.10    77.77  -151.32   -69.44  -173.85
C   U   26    -69.22  -179.42    55.47    77.87  -155.79   -72.25  -164.37
C   G   27    -65.14   179.74    54.45    77.92  -147.45   -73.50  -169.64
C   C   28    -63.24   167.41    56.15    78.46  -144.29   -87.36  -160.88
C   A   29    -57.40   167.95    51.91    81.11 -9999.99 -9999.99  -163.23
C   A   44  -9999.99   155.00    66.37   144.59   -67.19  -133.75  -136.96
C   G   45    -68.99   155.27    49.43    82.15  -139.22   -78.19  -178.08
C   C   46    -60.33   178.63    52.58    79.16  -146.41   -78.75  -161.40
C   U   47    -56.99   172.33    53.26    76.90  -145.63   -69.06  -162.37
C   G   47    -64.16   166.63    63.29    78.79  -153.35   -72.00  -165.83
C   U   47    -76.49   171.39    62.08    73.74  -149.45   -74.30  -168.24
C   C   47    -65.74   170.06    59.05    85.31  -133.22   -77.46  -160.98
C   U   47    -56.76  -179.68    31.91    80.61  -140.76   -62.53  -156.57
C   A   47    165.63   147.12    59.19    85.33  -120.76   -90.26  -173.29
C   G   47    -61.05   149.56    58.95    87.02  -145.98   -72.72  -164.05
C   C   47    -68.60   170.03    63.58    87.92  -119.83   -52.41  -160.04
C   G   47    -71.16   146.34    92.45    77.70  -158.67   -73.30  -154.15
C   A   47    -71.21   172.05    65.42    82.22  -149.96   -70.56  -163.08
C   C   47    -70.08   172.23    57.17    82.78  -156.82   -73.70  -161.81
C   A   47    -68.78   175.81    57.84    82.13  -145.43   -72.82  -171.26
C   G   47    -71.06   168.65    68.84    77.62  -121.97   -88.31  -164.01
C   A   48    -80.18   170.14    81.07   141.56  -107.74   145.88  -124.97
C   G   50    -42.46  -115.63    68.39    86.09  -155.61   -69.00  -176.37
C   U   51    -72.43   177.74    62.85    82.51  -153.59   -64.54  -168.50
C   G   52    176.95  -172.88   150.29    82.15  -146.68   -71.18  -177.20
C   G   53    -65.22   171.17    63.67    79.87  -142.58   -82.82  -167.26
C   U   54    -49.50   165.65    36.75    74.55  -131.51   -69.57  -163.98
C   U   55    -48.90   160.03    49.88    74.64  -134.09   -32.75  -161.41
C   C   56    155.11   112.64    72.54    74.06  -120.60   -54.26  -167.44
C   A   57    -57.44   171.16    47.27    76.17  -128.89   -81.36  -162.66
C   A   58    -48.49  -155.19    69.16   147.47  -120.33   172.30   -78.10
C   U   59    116.12  -155.79    64.18    81.15  -146.16   -65.42  -170.60
C   U   60    -78.61   178.63    78.32   148.28  -124.51   -51.82  -131.68
C   C   61    -92.12  -173.35    28.62    78.76  -153.71   -73.85  -166.02
C   C   62    -63.54   169.89    57.84    77.79  -152.45   -73.22  -161.45
C   A   63    -62.31   177.62    45.29    75.79  -138.87   -68.52  -168.61
C   C   64    -49.28   169.25    42.34    72.37  -147.77   -95.53  -155.76
C   C   66    -28.75   152.40    30.15    61.15    85.51    72.93  -162.32
C   U   67   -147.77   152.63    77.70    79.51  -113.30  -100.58  -160.37
C   U   67    -55.17   148.29    42.56    80.03  -138.07   -75.89  -152.57
C   U   67    -54.74   158.66    56.41    82.45 -9999.99 -9999.99  -156.05
