PDB data file name: tRNA_dataset/4rqf_chain_C.pdb_new
-----------------------------------------------------------
CRITERIA USED TO GENERATE BASE-PAIR: 
  3.40 --> upper H-bond length limits (ON..ON).
 26.00 --> max. distance between paired base origins.
  2.50 --> max. vertical distance between paired base origins.
 65.00 --> max. angle between paired bases [0-90].
  5.40 --> min. distance between RN9/YN1 atoms.
  8.00 --> max. distance criterion for helix break[0-12]
-----------------------------------------------------------
BASE-PAIR INSTRUCTIONS: 
Column 1 is rnaview assigned base numbers n1_n2, start from 1.
Column 2 & 3 are chain ID & residue number in input PDB file.
Column 4 is for base pair. The left & right are the bases as 
         identified by column 2 & 3 and 5 & 6.
Column 5 & 6 are residue number & chain ID in input PDB file.
Column 7 is for base pair annotation. The standard Watson-Crick
         (W.C.) pairs are annotated as -/- (AU,AT) or +/+ (GC).
         Other pairs are annotated as Leontis_Westhof Classification.
         The three edges: W(Watson-Crick); H(Hoogsteen); S(suger).
         e.g. W/H means the pair is edge of Watson-Crick & Hoogsteen.
Column 8 is glycosidic bond orientation (either cis or trans).
         e.g. 'W/H cis' means the pair is interaction on Watson-Crick
         and Hoogsteen side, glycosidic bond orientation is 'cis'.
Column 9 corresponds to Saenger Classification.

Other columns: 
        Syn sugar-base conformations are annotated as (syn).
        Stacked base pairs are annotated as (stack).
        Non-identified edges are annotated as (.) or (?)
        Tertiary interactions are marked by (!) in the line.
Reference:
Yang et al (2003) Nucleic Acids Research, Vol31,No13,p3450-3461.
-----------------------------------------------------------
BEGIN_base-pair
     2_63, C:     5 G-U    67 C: W/W cis         XXVIII
     3_62, C:     5 A-U    67 C: -/- cis         XX
     4_61, C:     6 U-U    67 C: W/W cis         XVI
     5_60, C:     7 G-C    66 C: +/+ cis         XIX
     8_23, C:    10 C-G    25 C: +/+ cis         XIX
     9_22, C:    11 C-G    24 C: +/+ cis         XIX
    10_21, C:    12 U-G    23 C: W/W cis         XXVIII
    11_20, C:    13 C-G    22 C: +/+ cis         XIX
    12_19, C:    14 A-U    21 C: -/- cis         XX
    13_18, C:    15 G-C    20 C: +/+ cis         XIX
    14_54, C:    16 U-U    59 C: W/W tran        XII,XIII
    15_50, C:    18 G-U    55 C: W/S tran        n/a
    16_17, C:    19 G-U    20 C: S/H cis    syn    n/a
    16_51, C:    19 G-C    56 C: W/W cis    syn    n/a
    18_54, C:    20 C-U    59 C:      stacked
    24_28, C:    26 U-A    44 C: -/- cis         XX
    29_44, C:    45 G-A    48 C: W/W cis         VIII
    30_43, C:    46 C-G    47 C: +/+ cis         XIX
    31_42, C:    47 U-A    47 C: -/- cis         XX
    32_41, C:    47 G-C    47 C: +/+ cis         XIX
    33_34, C:    47 U-C    47 C:      stacked
    33_40, C:    47 U-A    47 C: -/- cis         XX
    34_39, C:    47 C-G    47 C: +/+ cis         XIX
    35_38, C:    47 U-C    47 C: S/H tran        n/a
    45_59, C:    50 G-C    64 C: +/+ cis         XIX
    46_47, C:    51 U-G    52 C:      stacked
    46_58, C:    51 U-A    63 C: -/- cis         XX
    47_57, C:    52 G-C    62 C: +/+ cis         XIX
    48_56, C:    53 G-C    61 C: +/+ cis         XIX
    49_50, C:    54 U-U    55 C:      stacked
    49_53, C:    54 U-A    58 C: W/H tran     syn  XXIV
    48_53, C:    53 G-A    58 C: W/S tran     syn  !(s_s)
END_base-pair
  The total base pairs =  27 (from   63 bases)
------------------------------------------------
 Standard  WW--cis  WW-tran  HH--cis  HH-tran  SS--cis  SS-tran
       17        5        1        0        0        0        0
  WH--cis  WH-tran  WS--cis  WS-tran  HS--cis  HS-tran
        0        1        0        1        1        1
------------------------------------------------
