PDB data file name: ./Datasets/pdb_select_tRNA_NoCopie/8b2l_i.pdb_new
-----------------------------------------------------------
CRITERIA USED TO GENERATE BASE-PAIR: 
  3.40 --> upper H-bond length limits (ON..ON).
 26.00 --> max. distance between paired base origins.
  2.50 --> max. vertical distance between paired base origins.
 65.00 --> max. angle between paired bases [0-90].
  5.40 --> min. distance between RN9/YN1 atoms.
  8.00 --> max. distance criterion for helix break[0-12]
-----------------------------------------------------------
BASE-PAIR INSTRUCTIONS: 
Column 1 is rnaview assigned base numbers n1_n2, start from 1.
Column 2 & 3 are chain ID & residue number in input PDB file.
Column 4 is for base pair. The left & right are the bases as 
         identified by column 2 & 3 and 5 & 6.
Column 5 & 6 are residue number & chain ID in input PDB file.
Column 7 is for base pair annotation. The standard Watson-Crick
         (W.C.) pairs are annotated as -/- (AU,AT) or +/+ (GC).
         Other pairs are annotated as Leontis_Westhof Classification.
         The three edges: W(Watson-Crick); H(Hoogsteen); S(suger).
         e.g. W/H means the pair is edge of Watson-Crick & Hoogsteen.
Column 8 is glycosidic bond orientation (either cis or trans).
         e.g. 'W/H cis' means the pair is interaction on Watson-Crick
         and Hoogsteen side, glycosidic bond orientation is 'cis'.
Column 9 corresponds to Saenger Classification.

Other columns: 
        Syn sugar-base conformations are annotated as (syn).
        Stacked base pairs are annotated as (stack).
        Non-identified edges are annotated as (.) or (?)
        Tertiary interactions are marked by (!) in the line.
Reference:
Yang et al (2003) Nucleic Acids Research, Vol31,No13,p3450-3461.
-----------------------------------------------------------
BEGIN_base-pair
     1_72, I:     1 G-C    72 I: +/+ cis         XIX
     2_71, I:     2 C-G    71 I: +/+ cis         XIX
     3_70, I:     3 G-C    70 I: +/+ cis         XIX
     4_69, I:     4 G-C    69 I: +/+ cis         XIX
     5_68, I:     5 G-A    68 I: W/W cis         VIII
     6_67, I:     6 G-C    67 I: +/+ cis         XIX
     7_66, I:     7 A-U    66 I: -/- cis         XX
     8_14, I:     8 U-A    14 I: W/H tran        XXIV
     8_15, I:     8 U-G    15 I:      stacked
     9_23, I:     9 A-A    23 I: H/H tran   syn    II
    10_25, I:    10 G-C    25 I: +/+ cis         XIX
    10_45, I:    10 G-G    45 I: H/S cis         n/a
    11_24, I:    11 C-G    24 I: +/+ cis         XIX
    11_25, I:    11 C-C    25 I:      stacked
    12_23, I:    12 U-A    23 I: -/- cis         XX
    12_24, I:    12 U-G    24 I:      stacked
    13_22, I:    13 C-G    22 I: +/+ cis         XIX
    15_48, I:    15 G-C    48 I: W/W tran        XXII
    16_59, I:    16 U-U    59 I: W/W tran        XII,XIII
    18_55, I:    18 G-U    55 I: W/S tran        n/a
    19_56, I:    19 G-C    56 I: +/+ cis    syn    XIX
    20_59, I:    20 G-U    59 I: W/W tran        XXVII
    22_46, I:    22 G-G    46 I: H/W tran     syn  VII
    26_44, I:    26 G-A    44 I: W/W cis         VIII
    27_43, I:    27 U-A    43 I: -/- cis         XX
    28_42, I:    28 C-G    42 I: +/+ cis         XIX
    29_41, I:    29 A-U    41 I: -/- cis         XX
    30_40, I:    30 G-C    40 I: +/+ cis         XIX
    31_39, I:    31 A-U    39 I: -/- cis         XX
    49_65, I:    49 G-C    65 I: +/+ cis         XIX
    50_51, I:    50 C-G    51 I:      stacked
    50_64, I:    50 C-G    64 I: +/+ cis         XIX
    51_63, I:    51 G-C    63 I: +/+ cis         XIX
    52_62, I:    52 U-A    62 I: -/- cis         XX
    53_61, I:    53 G-C    61 I: +/+ cis         XIX
    54_58, I:    54 U-A    58 I: W/H tran     syn  XXIV
    70_71, I:    70 C-G    71 I:      stacked
    75_76, I:    75 C-A    76 I:      stacked
    15_20, I:    15 G-G    20 I: S/H cis         !1H(b_b)
    25_45, I:    25 C-G    45 I: W/W cis         !1H(b_b)
     8_21, I:     8 U-A    21 I: S/W tran        !(s_s)
     9_11, I:     9 A-C    11 I: S/H cis    syn    !(s_s)
    17_18, I:    17 U-G    18 I: S/S tran        !(s_s)
    33_35, I:    33 U-A    35 I: S/S tran        !(s_s)
    33_36, I:    33 U-A    36 I: W/H tran        !(s_s)
    46_47, I:    46 G-U    47 I: S/. tran   syn    !(s_s)
END_base-pair

Summary of triplets and higher multiplets
BEGIN_multiplets
9_12_23_| [1 3]  I: 9 A  +  I: 12 U  +  I: 23 A
10_25_45_| [2 3]  I: 10 G  +  I: 25 C  +  I: 45 G
13_22_46_| [3 3]  I: 13 C  +  I: 22 G  +  I: 46 G
16_20_59_| [4 3]  I: 16 U  +  I: 20 G  +  I: 59 U
END_multiplets

  The total base pairs =  32 (from   76 bases)
------------------------------------------------
 Standard  WW--cis  WW-tran  HH--cis  HH-tran  SS--cis  SS-tran
       21        2        3        0        1        0        0
  WH--cis  WH-tran  WS--cis  WS-tran  HS--cis  HS-tran
        0        3        0        1        1        0
------------------------------------------------
