The backbone torsional angle for nucleic acid 

 
Note: alpha:   O3'(i-1)-P-O5'-C5'
      beta:    P-O5'-C5'-C4'
      gamma:   O5'-C5'-C4'-C3'
      delta:   C5'-C4'-C3'-O3'
      epsilon: C4'-C3'-O3'-P(i+1)
      zeta:    C3'-O3'-P(i+1)-O5'(i+1)

      chi for pyrimidines(Y): O4'-C1'-N1-C2
          chi for purines(R): O4'-C1'-N9-C4

    (The number -9999.99 means that the angle can not be calculated) 

Ch Res  Num    alpha    beta     gamma    delta  epsilon    zeta     chi
C   G    1  -9999.99   127.27   -51.90    90.71  -169.71   -57.83  -162.60
C   G    2    -82.47   165.98    73.02    84.76  -152.43   -68.93  -174.20
C   C    3    -71.80   176.74    62.91    81.28  -149.73   -36.75  -163.41
C   C    4   -139.85   104.61   159.81    93.36  -141.84   -34.56  -172.62
C   A    5   -156.68   119.18   152.89    93.86  -115.47   -74.67  -179.95
C   G    6    -63.21   152.61    60.83    74.74  -152.55   -80.30  -172.26
C   G    7    -60.21   163.84    75.41   132.90  -101.08   -79.53  -152.45
C   U    8     76.45   126.39   -37.01    97.45  -129.12  -129.99  -138.86
C   A    9     57.12  -161.60   -83.49   135.55   -86.83   -52.61  -115.39
C   G   10   -179.73   160.63    63.86    93.25  -119.11   -85.10  -175.17
C   C   11    -76.68   157.85    61.83    86.18  -137.92   -82.05  -150.61
C   U   12    -76.90   173.90    54.00    82.77  -141.41   -67.89  -158.47
C   C   13    -68.81   160.87    71.17    78.40  -164.61   -87.99  -158.48
C   A   14     95.94  -168.46  -109.79    91.57  -125.07   -61.70  -169.05
C   G   15    -68.62   160.16    64.37    88.82 -9999.99 -9999.99  -150.62
C   G   18  -9999.99  -125.01    60.96   135.88  -114.82  -113.41  -100.84
C   G   19   -124.96    85.85   164.55   143.07 -9999.99 -9999.99  -127.54
C   A   21  -9999.99   -95.05  -168.66    86.43  -140.53   -59.74  -158.67
C   G   22   -148.20   100.14   157.24    92.22  -147.22   -70.48  -173.61
C   A   23    172.03   168.10   155.40    91.92  -132.43   -70.53  -174.62
C   G   24    -71.54   171.96    51.37    79.91  -146.28   -75.77  -163.48
C   C   25    -70.65   164.06    62.13    80.73  -139.60   -51.22  -160.55
C   A   26    -72.95   161.79    72.69    85.66  -121.27   -97.70  -163.91
C   C   27    -60.83   155.03    56.15    83.18  -148.15   -80.33  -157.12
C   U   28    -68.24   165.12    59.20    82.92  -141.08   -35.02  -149.21
C   G   29   -140.01    95.53   147.08    91.58  -108.97   -96.68   178.75
C   G   30    -63.98   158.80    48.25    81.12  -144.53   -76.91  -168.82
C   A   31    -61.54   174.82    56.83    86.57  -127.23  -124.25  -173.35
C   U   32     29.53    94.99    37.44   119.01  -143.06   -65.09  -122.70
C   A   33   -153.50    93.46   171.43    85.25  -165.36  -117.66  -161.47
C   U   34    163.20  -146.12    65.16   100.11  -100.52   -98.86  -177.81
C   G   35    -91.85  -137.62    63.67    87.35  -139.97   -68.09  -167.52
C   G   36    -70.68   163.52    68.81    77.96  -154.84   -80.62  -171.52
C   G   37    -69.08  -171.54    44.56    84.99  -154.06    60.67  -157.49
C   C   38    -77.11   -79.04  -150.87    72.86  -140.14   -65.18  -126.80
C   A   39    101.33   178.09   155.55    78.99  -164.47   -84.28  -165.68
C   C   40    170.35  -152.04   153.47    89.31  -141.17   -61.12  -163.24
C   C   41    159.87  -165.33   155.85    81.45  -116.61   -59.29  -156.55
C   C   42    -67.38   159.12    56.73    77.60  -132.98   -74.16  -154.36
C   C   43    -63.99   154.81    71.87    76.40  -155.32   -80.04  -154.47
C   C   44    -65.95   173.23    57.81    81.33  -144.41   -73.55  -161.25
C   U   45    -65.54   169.34    58.37    83.09  -153.47   -79.07  -151.84
C   A   46    164.03  -158.44   178.43   129.29   -88.47   162.21  -142.98
C   A   47   -172.28  -168.51    71.32    89.69  -141.64   -62.61  -153.85
C   G   48    123.20  -155.13  -165.54    91.49  -115.29   -85.05  -168.86
C   U   49    -60.97   144.67    64.62    86.64  -153.57   -19.61  -146.53
C   C   50   -161.06    99.85   159.00   103.36  -104.23   -87.28  -159.14
C   C   51     85.82  -136.65  -152.64    86.08  -140.51   -78.43  -159.53
C   A   52    -67.63   170.58    50.34    77.34  -110.02   -75.70  -168.31
C   G   53    -88.93   103.85   128.47    88.04  -150.41   -76.83  -177.06
C   G   54    -61.25   166.41    61.14    87.60  -115.74   -55.29  -169.45
C   U   55    -65.30  -166.58    38.91   129.51  -111.52  -161.99   -99.34
C   G   56    -57.83   146.20    57.40   133.54 -9999.99 -9999.99   -95.86
C   C   58  -9999.99  -118.74    96.84   119.63    65.92  -130.10  -117.12
C   G   59     72.15  -142.68    72.97    86.67  -154.62   -79.29  -176.04
C   G   60    167.07  -174.37   162.09    92.44  -126.27   -77.72  -176.69
C   C   61    -61.40   163.53    49.59    76.90  -154.99   -85.56  -158.75
C   G   62    153.28  -164.63   172.92    89.79  -132.60   -73.00  -176.21
C   G   63    -63.99   169.72    54.53    80.88  -148.13   -77.52  -169.58
C   U   64    -66.41   169.79    57.67    83.33  -124.15   -68.11  -155.71
C   U   65    -64.03   167.78    49.24    76.43  -135.21   -52.13    43.19
C   C   66    166.76   146.23    56.72    89.30  -145.23   -66.16  -148.43
C   G   67    164.53   177.90   159.49    98.69   -75.89  -140.26  -178.29
C   A   68    100.43  -101.11  -144.96   131.71   -63.55  -138.06  -152.53
C   U   69     90.33  -143.52    71.13    85.94  -151.86   -32.17  -160.84
C   U   70   -149.72   142.43   145.85   134.41   -98.27   -40.43  -133.69
C   C   71    -74.32   179.19    39.88    79.56  -143.47   -72.42  -167.97
C   C   72    -68.01   179.74    46.07    81.45  -158.48   -82.57  -159.43
C   G   73    138.95  -165.62  -173.61    93.16  -110.04   -73.06  -174.50
C   C   74    -93.74   136.28    94.42    76.93  -145.79   -77.31  -159.81
C   C   75    -66.42   167.79    58.40    86.00  -145.92   -74.51  -156.02
C   C   76    -65.89   170.43    52.84    75.31  -147.77   -75.82  -166.15
C   C   77    -64.41   163.55    59.85    80.42  -146.71   -76.98  -157.72
C   U   78    -62.48   170.86    53.04    78.39  -150.79   -88.88  -159.58
C   G   79    140.60  -162.32  -176.91    87.50  -125.43   -85.35  -175.59
C   G   80    -57.22   148.50    64.74    79.61  -148.07   -77.46  -172.39
C   C   81    -63.22   175.48    50.64    80.45  -141.14   -84.39  -158.07
C   C   82    -56.30   166.04    69.21   134.08  -113.18   -81.84  -147.31
C   A   83    -66.64  -172.86    46.74    83.31   -92.04  -128.04   169.43
C   C   84     70.21  -109.09  -149.42    92.26  -122.64   -58.25   155.86
C   C   85    -65.24  -169.18    46.11    73.24  -139.69   -69.80  -162.82
C   A   86    -64.12   156.24    65.67    81.04 -9999.99 -9999.99    31.61
