BEGIN_base-pair
     7_72, C:     7 G-C    76 C: +/+ cis         XIX
     8_14, C:     8 U-A    14 C: W/H tran        XXIV
     9_20, C:     9 A-A    23 C: H/H tran        II
    10_22, C:    10 G-C    25 C: +/+ cis         XIX
    10_22,-
7_72_8_14_9_20_10_22_0, click this line to see above pattern
0_0,---------
    28_46, C:    31 A-U    49 C: -/- cis         XX
    29_45, C:    32 U-G    48 C: W/W cis         XXVIII
    30_42, C:    33 A-U    45 C: H/W tran        XXIV
    32_41, C:    35 G-C    44 C: +/+ cis         XIX
    32_41,-
28_46_29_45_30_42_32_41_0, click this line to see above pattern
0_0,---------
    13_19, C:    13 C-G    22 C: +/+ cis         XIX
    14_18, C:    14 A-A    21 C: W/S cis         n/a
    15_54, C:    15 G-C    58 C: W/W tran        XXII
    17_62, C:    19 G-C    66 C: W/W cis         n/a
    23_51, C:    26 A-G    54 C: W/W cis         VIII
    24_50, C:    27 C-G    53 C: +/+ cis         XIX
    24_50,-
13_19_14_18_15_54_17_62_23_51_24_50_0, click this line to see above pattern
0_0,---------
END_base-pair
