PDB data file name: tRNA_dataset/3q1q_chain_C.pdb_new
-----------------------------------------------------------
CRITERIA USED TO GENERATE BASE-PAIR: 
  3.40 --> upper H-bond length limits (ON..ON).
 26.00 --> max. distance between paired base origins.
  2.50 --> max. vertical distance between paired base origins.
 65.00 --> max. angle between paired bases [0-90].
  5.40 --> min. distance between RN9/YN1 atoms.
  8.00 --> max. distance criterion for helix break[0-12]
-----------------------------------------------------------
BASE-PAIR INSTRUCTIONS: 
Column 1 is rnaview assigned base numbers n1_n2, start from 1.
Column 2 & 3 are chain ID & residue number in input PDB file.
Column 4 is for base pair. The left & right are the bases as 
         identified by column 2 & 3 and 5 & 6.
Column 5 & 6 are residue number & chain ID in input PDB file.
Column 7 is for base pair annotation. The standard Watson-Crick
         (W.C.) pairs are annotated as -/- (AU,AT) or +/+ (GC).
         Other pairs are annotated as Leontis_Westhof Classification.
         The three edges: W(Watson-Crick); H(Hoogsteen); S(suger).
         e.g. W/H means the pair is edge of Watson-Crick & Hoogsteen.
Column 8 is glycosidic bond orientation (either cis or trans).
         e.g. 'W/H cis' means the pair is interaction on Watson-Crick
         and Hoogsteen side, glycosidic bond orientation is 'cis'.
Column 9 corresponds to Saenger Classification.

Other columns: 
        Syn sugar-base conformations are annotated as (syn).
        Stacked base pairs are annotated as (stack).
        Non-identified edges are annotated as (.) or (?)
        Tertiary interactions are marked by (!) in the line.
Reference:
Yang et al (2003) Nucleic Acids Research, Vol31,No13,p3450-3461.
-----------------------------------------------------------
BEGIN_base-pair
     5_74, C:     5 A-U    78 C: -/- cis         XX
    28_46, C:    31 A-U    49 C: -/- cis         XX
     3_76, C:     3 C-G    80 C: +/+ cis         XIX
     4_75, C:     4 C-G    79 C: +/+ cis         XIX
    11_21, C:    11 C-G    24 C: +/+ cis         XIX
    13_19, C:    13 C-G    22 C: +/+ cis         XIX
    24_50, C:    27 C-G    53 C: +/+ cis         XIX
    57_69, C:    61 C-G    73 C: +/+ cis         XIX
     1_78, C:     1 G-C    82 C: +/+ cis         XIX
     2_77, C:     2 G-C    81 C: +/+ cis         XIX
     6_73, C:     6 G-C    77 C: +/+ cis         XIX
     7_72, C:     7 G-C    76 C: +/+ cis         XIX
    10_22, C:    10 G-C    25 C: +/+ cis         XIX
    26_48, C:    29 G-C    51 C: +/+ cis         XIX
    27_47, C:    30 G-C    50 C: +/+ cis         XIX
    32_41, C:    35 G-C    44 C: +/+ cis         XIX
    33_40, C:    36 G-C    43 C: +/+ cis         XIX
    34_39, C:    37 G-C    42 C: +/+ cis         XIX
    55_71, C:    59 G-C    75 C: +/+ cis         XIX
    56_70, C:    60 G-C    74 C: +/+ cis         XIX
    58_68, C:    62 G-C    72 C: +/+ cis         XIX
    59_67, C:    63 G-C    71 C: +/+ cis         XIX
    12_20, C:    12 U-A    23 C: -/- cis         XX
    25_49, C:    28 U-A    52 C: -/- cis         XX
    23_51, C:    26 A-G    54 C: W/W cis         VIII
    17_62, C:    19 G-C    66 C: W/W cis         n/a
    29_45, C:    32 U-G    48 C: W/W cis         XXVIII
    15_54, C:    15 G-C    58 C: W/W tran        XXII
    35_38, C:    38 C-C    41 C: W/H tran        n/a
     8_14, C:     8 U-A    14 C: W/H tran        XXIV
    60_64, C:    64 U-A    68 C: W/H tran        XXIV
    14_18, C:    14 A-A    21 C: W/S cis         n/a
    30_42, C:    33 A-U    45 C: H/W tran        XXIV
     9_20, C:     9 A-A    23 C: H/H tran        II
END_base-pair

Summary of triplets and higher multiplets
BEGIN_multiplets
8_14_18_| [1 3]  C: 8 U  +  C: 14 A  +  C: 21 A
9_12_20_| [2 3]  C: 9 A  +  C: 12 U  +  C: 23 A
END_multiplets

  The total base pairs =  34 (from   82 bases)
------------------------------------------------
 Standard  WW--cis  WW-tran  HH--cis  HH-tran  SS--cis  SS-tran
       24        3        1        0        1        0        0
  WH--cis  WH-tran  WS--cis  WS-tran  HS--cis  HS-tran
        0        4        1        0        0        0
------------------------------------------------
