The backbone torsional angle for nucleic acid 

 
Note: alpha:   O3'(i-1)-P-O5'-C5'
      beta:    P-O5'-C5'-C4'
      gamma:   O5'-C5'-C4'-C3'
      delta:   C5'-C4'-C3'-O3'
      epsilon: C4'-C3'-O3'-P(i+1)
      zeta:    C3'-O3'-P(i+1)-O5'(i+1)

      chi for pyrimidines(Y): O4'-C1'-N1-C2
          chi for purines(R): O4'-C1'-N9-C4

    (The number -9999.99 means that the angle can not be calculated) 

Ch Res  Num    alpha    beta     gamma    delta  epsilon    zeta     chi
D   G  501  -9999.99  -172.03    45.60    87.60  -148.37   -75.96  -168.48
D   G  502    -72.61  -177.11    47.28    85.35  -149.06   -69.56  -163.86
D   C  503    -72.82   172.08    55.79    84.45  -148.22   -75.38  -157.79
D   C  504    -54.95   171.69    42.91    81.43  -152.60   -78.85  -158.01
D   C  505    -60.91   170.11    54.80    79.62  -150.57   -70.81  -166.29
D   C  506    -63.32   169.53    59.02    84.17  -160.69   -75.46  -160.52
D   A  507    -42.19  -171.49    39.78    98.86    69.66   139.75  -115.39
D   U  508    -74.19  -173.43    44.31    84.22  -134.84   -94.57  -154.09
D   C  509   -160.56   158.96   163.70   107.22   -69.93   -66.56  -131.40
D   G  510   -166.60   177.32    48.11    88.09  -154.00   -63.51  -172.85
D   U  511    -66.57  -176.21    47.62    82.44  -152.02   -71.83  -165.90
D   C  512    -68.61  -174.26    48.64    81.65  -154.67   -69.34  -158.59
D   U  513    144.91  -154.07  -169.63    84.58  -149.19   -81.20  -174.10
D   A  514    -54.72  -176.85    43.71    78.38  -142.71   -62.52  -168.58
D   G  515    -48.99   168.79    61.39   126.30  -133.50   -92.67  -121.36
D   C  516    152.51  -109.02  -179.46    83.42  -116.01   133.37  -153.67
D   G  518     76.50  -149.34   -60.17   106.25    75.85    64.69  -111.98
D   G  519   -132.71  -130.73    46.59   113.88    82.72   139.09   -59.74
D   U  520    -50.76   141.65    37.14    83.67  -123.68   -88.79  -114.45
D   U  520    145.80  -171.03    55.86    87.59  -129.94   -74.48  -148.38
D   A  521    102.13   137.44    71.29    79.67  -142.66  -157.79  -166.28
D   G  522    -56.34   143.12    42.40    81.17  -148.68   -79.83  -172.04
D   G  523    -53.37   170.54    53.20    80.76  -152.68   -70.85  -169.59
D   A  524    -72.60   178.90    53.58    81.13  -150.76   -76.80  -169.12
D   C  525    -58.29   175.20    53.04    83.47  -144.53   -58.77  -167.05
D   G  526    -70.76   176.44    50.96    81.34  -153.59   -61.32  -161.91
D   C  527    -74.01  -177.06    53.20    81.16  -141.58   -81.62  -161.28
D   G  528    -59.62   172.48    45.35    78.34  -150.29   -73.91  -167.88
D   G  529    -56.54   172.31    51.32    80.46  -157.42   -68.93  -165.98
D   C  530    -70.81   175.43    58.68    84.49  -154.45   -70.55  -163.97
D   C  531    -63.65   175.32    54.63    83.29  -145.27   -67.46  -162.43
D   C  532    -63.36   167.37    52.48    85.81  -119.80   -69.46  -157.09
D   U  533    -67.83   162.03    55.84    86.36  -164.60   -80.03  -143.93
D   C  534    159.95   162.18    48.71    85.80  -149.11   -97.84  -162.87
D   U  535    -59.43   172.55    54.09    84.92  -137.64   -77.76  -166.08
D   C  536    -49.55   158.79    48.00    82.14  -161.95   -72.44  -153.41
D   A  537    143.14  -158.17  -179.68    83.55  -133.77   -68.40  -175.64
D   A  538    -59.12   164.43    53.75    85.38  -139.04   -60.88  -169.45
D   G  539    -67.73   173.95    49.86    79.91  -153.51   -73.61  -161.25
D   G  540    -60.52   173.46    48.55    79.89  -151.62   -72.87  -168.58
D   C  541    -63.38   177.58    50.77    82.35  -155.75   -67.83  -157.48
D   C  542    -67.36   171.67    59.13    79.39  -153.65   -70.31  -167.54
D   G  543    -59.17   174.42    55.11    81.36  -152.51   -80.57  -164.13
D   A  544    -65.76   170.34    54.61    79.66  -139.78   -57.47  -155.44
D   A  545    -69.80   177.25    50.14    78.87  -127.26  -117.97  -154.94
D   A  546    -44.23   171.90    52.79    84.04  -142.36   -69.12  -127.14
D   C  548    -85.36   109.01   170.82   132.14  -144.61    69.65  -126.91
D   G  549     57.39   147.12    33.30    82.13  -147.31   -73.44  -168.06
D   G  550    -60.45   179.17    46.66    80.60  -154.56   -70.19  -167.02
D   G  551    -58.35   177.21    45.92    82.32  -162.08   -89.14  -161.38
D   G  552    156.94  -149.75   166.71    85.45  -103.10   -52.77   175.54
D   G  553   -101.25    90.61   151.40    88.20  -111.04   -74.47   160.11
D   U  554    -68.12   176.75    44.85    84.19  -126.00   -77.35  -160.45
D   U  555    -52.67   157.21    50.18    81.70  -137.29   -65.99  -152.30
D   C  556    166.68   162.84    52.69    83.00  -139.81   -61.46  -154.34
D   G  557    -66.11   175.74    48.51    83.67  -131.95  -159.04  -151.39
D   A  558    140.51   -96.38  -179.20    81.53    82.42    84.36  -148.76
D   U  559     84.60   179.83    49.81    84.04  -143.52   -68.99  -168.70
D   U  560    -49.30   169.47    55.96   128.22  -111.26   -69.94  -126.79
D   C  561   -116.78  -145.76    56.52    86.08  -160.24   -72.04  -172.59
D   C  562    -75.18  -174.53    54.30    83.30  -156.17   -73.42  -167.18
D   C  563    -73.17  -177.18    53.82    83.00  -157.27   -74.49  -161.61
D   C  564    -64.05   174.55    51.30    81.74  -157.36   -67.12  -171.39
D   C  565    -62.90   176.13    57.22    85.22  -161.06   -55.47  -168.43
D   U  566    -77.42  -171.18    52.07    82.38  -160.52   -60.47  -160.04
D   G  567    -73.43  -177.50    49.03    83.52  -154.89   -71.60  -159.90
D   G  568    -63.05   171.03    47.32    77.19  -150.96   -77.43  -171.99
D   G  569    -54.29   169.16    49.59    81.12  -156.80   -73.49  -169.44
D   G  570    -56.05   171.21    54.60    85.21  -143.82   -72.19  -169.44
D   U  571    -63.12   170.96    52.54    86.42  -168.32   -90.12  -156.20
D   C  572    157.45  -150.85   163.63    85.50  -100.75   103.31  -162.54
D   A  573   -118.20  -103.31  -112.32   115.02    75.42   113.70  -142.23
D   C  574     -2.74  -146.12    43.37   111.63    88.21   170.38  -111.46
D   C  575     22.28   147.75   -87.00    80.12  -167.61   -92.53  -144.09
D   A  576    148.01  -128.79   163.97    80.46 -9999.99 -9999.99  -159.52
