The backbone torsional angle for nucleic acid 

 
Note: alpha:   O3'(i-1)-P-O5'-C5'
      beta:    P-O5'-C5'-C4'
      gamma:   O5'-C5'-C4'-C3'
      delta:   C5'-C4'-C3'-O3'
      epsilon: C4'-C3'-O3'-P(i+1)
      zeta:    C3'-O3'-P(i+1)-O5'(i+1)

      chi for pyrimidines(Y): O4'-C1'-N1-C2
          chi for purines(R): O4'-C1'-N9-C4

    (The number -9999.99 means that the angle can not be calculated) 

Ch Res  Num    alpha    beta     gamma    delta  epsilon    zeta     chi
C   U    1  -9999.99   170.46    68.20    80.05  -150.11   -79.89  -168.75
C   C    2    -57.82   173.81    53.35    79.12  -143.09   -80.28  -165.11
C   C    3    -56.87   165.70    52.45    79.73  -142.82   -74.34  -162.48
C   G    4    -61.75   165.90    48.80    74.88  -146.61   -86.74  -166.80
C   A    5    -49.96   159.98    53.62    79.44  -136.62   -82.66  -174.11
C   U    6    -49.20   164.79    47.29    78.64  -151.15   -89.01  -165.10
C   A    7    -48.53   157.48    72.83   141.31  -115.87   -18.36  -144.19
C   U    8   -103.69  -147.54    51.52    77.78  -126.74  -140.72  -158.02
C   A    9     72.08  -170.68   -84.48   148.27   -93.18  -103.00   -82.17
C   G   10    168.48  -130.97    54.27    82.39  -132.63  -119.30  -170.27
C   C   11      3.82   127.83    21.53    77.26  -148.29   -74.97  -162.18
C   G   12    -67.59   163.51    61.30    80.40  -135.06   -73.55  -165.13
C   U   13    -56.22   160.20    60.58    79.96  -150.25   -89.64  -159.87
C   A   14    -48.38   168.29    36.65    76.12  -150.90   -83.05  -174.26
C   A   15    -54.64   156.81    80.96   145.04  -140.28   -14.00  -155.61
C   C   16    139.70   107.49    25.66   146.37  -119.25  -134.00  -153.12
C   G   17     12.90   121.26  -157.63   149.41  -148.41  -104.61  -113.85
C   G   18   -113.68  -130.90    58.30   144.75  -107.28   102.34   -61.46
C   C   19    -91.81  -126.88   171.49   147.66  -148.02  -166.68   -91.91
C   U   20     42.08   104.42   171.97    82.68  -151.18  -173.27  -155.84
C   A   21    -70.57   138.63    22.39    84.71  -110.44  -166.78   166.38
C   U   22    -51.18   140.21    50.02    83.14  -172.03   -85.16  -154.91
C   C   23    175.27  -131.29   137.40    79.84   -96.92  -114.28  -159.61
C   A   24    -69.20   135.81    59.48    84.87  -152.74   -73.69  -150.75
C   C   25    -67.57   164.76    58.58    79.94  -120.33   -85.33  -149.88
C   A   26    -66.33   166.00    50.04    79.60  -150.18   -59.96   169.71
C   U   27    -80.34  -156.28    64.27   145.14  -156.86  -105.83  -128.89
C   C   28   -114.99  -163.98    46.26    76.93  -155.70   -74.55  -163.21
C   A   29    -73.00   169.70    65.17    81.51  -150.02   -80.36  -168.71
C   C   30    -61.83   168.48    61.46    85.98  -165.26   -90.44  -156.50
C   G   31    179.75  -128.57   138.45    82.43  -116.24   -97.04  -155.25
C   C   32     98.26  -103.14  -127.70    77.56  -163.58    98.61  -161.29
C   U   33    -74.67  -105.38   176.73    86.02  -117.92   -54.65  -156.61
C   U   34   -177.12   149.84    45.09    79.50   -97.45  -128.06    50.32
C   U   35    -43.69   133.75    54.02   131.98    62.31    77.40  -107.93
C   C   36   -140.22  -166.12     1.92    73.89  -163.80    73.40  -149.87
C   A   37    -88.23   -88.99   -93.09   154.06   -91.79  -178.17   -58.84
C   C   38     31.38  -108.76  -154.68    77.83  -167.34    20.90  -154.12
C   C   39   -120.74  -167.63    50.64    78.33  -144.77   -87.52  -153.00
C   G   40    -74.55   152.89    72.79    79.70  -154.55   -76.60  -165.88
C   U   41    -63.21   170.70    55.36    80.90  -150.74  -113.45  -158.60
C   G   42    148.53  -125.09   164.70    83.41  -109.90   -44.90   174.58
C   G   43   -172.63   123.45   157.63    83.61  -150.47   -73.75  -157.10
C   A   44    -65.96   165.95    58.29    84.47  -103.85   -42.44  -152.98
C   G   45   -101.22    79.34   170.63    79.10   171.07   150.69  -168.96
C   A   46    -54.33   -93.39  -155.94    82.07  -148.54   -66.92  -120.81
C   C   47    -99.09   135.78   161.82   147.78  -156.22    90.40  -122.89
C   C   48    130.54   136.21   -24.74    79.54  -148.62   -82.52  -159.01
C   G   49    -56.84   165.12    53.74    79.24  -141.80   -82.36  -168.80
C   G   50    -58.46   163.13    52.09    78.61  -174.93   -88.59  -171.65
C   G   51   -164.97  -132.43   123.64    78.49  -128.42   -87.67  -178.52
C   G   52    -55.05   154.62    56.19    79.60  -152.35   -76.00  -174.09
C   U   53    -67.27  -179.53    55.55    82.40  -111.53   -97.83  -161.67
C   U   54    -42.85   137.17    54.18    82.84  -113.44   -89.00  -154.08
C   C   55    173.94   173.00    35.02    83.14  -137.71   -55.33  -177.99
C   G   56    -78.05  -178.44    58.38    83.84  -118.35  -112.38  -165.46
C   A   57    -44.46   173.67    76.24   146.41   -90.93  -168.88   -92.26
C   C   58    114.04  -164.02    47.88    79.75  -130.15   -44.30  -159.37
C   U   59    -80.80   175.76    84.87   141.39  -105.55   -51.48  -118.33
C   C   60    -89.58  -169.58    27.24    78.66  -153.90   -76.39  -167.48
C   C   61    -75.92   171.81    70.40    82.91  -151.77   -68.91  -172.09
C   C   62    -75.33  -175.37    53.04    82.84  -147.25   -71.02  -162.45
C   C   63    -67.59   169.14    57.10    77.82  -149.55   -75.69  -164.25
C   G   64    -62.82   164.42    60.85    80.92  -150.36   -76.46  -169.14
C   U   65    -62.15   175.61    48.55    77.00  -133.17   -88.24  -158.41
C   A   66    -44.48   155.81    43.85    79.16  -147.09   -86.51  -173.23
C   U   67    -50.89   171.37    45.07    81.24  -145.83   -75.48  -164.77
C   C   68    -60.72   168.33    53.58    76.39  -150.37   -84.96  -165.72
C   G   69    -50.97   163.69    48.70    78.47  -132.23   -88.44  -166.78
C   G   70    -47.96   153.68    47.66    78.34  -169.46   -86.60  -165.61
C   A   71    160.87  -134.11   166.45    84.35   -92.68  -120.00   174.43
C   G   72     91.69  -116.84  -163.12    80.15  -118.70   -90.64   174.40
C   C   73    -32.02   163.14    49.72   137.53   -83.39  -136.67  -130.44
C   C   74     63.47   162.65    58.40    84.11  -129.33   -80.40  -147.68
C   A   75    -68.07   140.58   166.51    80.43 -9999.99 -9999.99  -180.00
