The backbone torsional angle for nucleic acid 

 
Note: alpha:   O3'(i-1)-P-O5'-C5'
      beta:    P-O5'-C5'-C4'
      gamma:   O5'-C5'-C4'-C3'
      delta:   C5'-C4'-C3'-O3'
      epsilon: C4'-C3'-O3'-P(i+1)
      zeta:    C3'-O3'-P(i+1)-O5'(i+1)

      chi for pyrimidines(Y): O4'-C1'-N1-C2
          chi for purines(R): O4'-C1'-N9-C4

    (The number -9999.99 means that the angle can not be calculated) 

Ch Res  Num    alpha    beta     gamma    delta  epsilon    zeta     chi
D   G    2  -9999.99  -165.68   150.01    89.16   -98.89  -105.38   172.62
D   C    3     55.38  -141.24  -107.59    94.00  -105.96   -56.02  -171.63
D   G    4    -88.33   111.53   139.45    84.19  -107.04   -89.39   151.72
D   G    5      4.44   147.77   -10.73    78.96  -135.56   -82.97  -157.60
D   G    6    -78.94   145.04    86.16    84.96  -108.97   -85.29  -163.94
D   G    7    -85.82   126.29   106.14   148.55   -87.35   -34.50  -166.25
D 4SU    8   -122.52  -150.41    81.34    81.90   -72.61  -137.60  -157.19
D   G    9     -8.75  -112.86   -84.30   146.67   -87.89   -69.26  -101.37
D   G   10    169.61  -164.89    70.39    79.70  -140.19   -88.85  -178.61
D   A   11    -37.70   157.01    38.26    80.88  -125.57  -112.84  -172.14
D   G   12    -16.55   140.44    28.79    83.40  -121.59   -36.18  -170.24
D   C   13   -120.71   104.07   160.08    86.50  -146.73   -54.35  -165.39
D   A   14   -151.52   126.19   150.64    83.88  -108.43   -65.60   178.88
D   G   15    -52.68   164.16    55.05    86.91  -101.82   -69.95  -147.24
D   C   16    -66.68  -169.42    46.78   142.83   -79.15   -93.11  -155.69
D   C   17    -13.26   147.57    31.97    78.70  -154.58    40.89    14.61
D   U   17    135.55   145.99    66.74   155.03   -95.34   -43.29  -172.75
D   G   18    -82.77  -103.91   101.12   140.71  -133.56   -87.25  -126.08
D   G   19    -70.81  -139.18    15.46   141.29   -62.57  -145.15   -58.51
D H2U   20   -177.82    72.68  -175.75   132.06  -134.71    17.02     5.87
D   A   21    120.22   157.72   -18.45   147.43  -152.39  -171.69   -95.63
D   G   22    103.35  -156.36   174.27    83.14  -143.31   -86.74  -168.00
D   C   23    -55.36   153.85    65.43    78.81  -108.19  -112.48  -174.33
D   U   24    -34.37   125.83    52.17    81.99  -112.40  -112.61  -150.52
D   C   25     99.53  -125.96  -161.92    84.41  -106.57   -96.58   179.23
D   G   26    -44.23   137.81    50.36    76.80  -119.75   -90.53  -172.47
D   U   27    -46.80   155.57    55.41    82.54  -125.09   -93.10  -173.83
D   C   28    -25.46   148.49    27.25    82.94  -146.79   -76.70  -155.04
D   G   29    -73.62   160.70    62.40    78.43  -134.65   -87.66  -165.34
D   G   30    -69.38   145.44    59.54    71.30  -146.17  -105.44   179.01
D   G   31    -14.39   135.33    43.55    79.98  -119.86  -107.23   174.10
D OMC   32    -19.79   146.70    25.38    80.18  -176.71   -69.80  -162.74
D   U   33   -162.14  -110.34   100.61    70.93  -125.49   -61.15  -158.53
D   C   34   -149.85   128.14    35.14    78.94  -137.34   -88.71  -165.19
D   A   35    -59.12   166.21    49.81    86.11  -138.95   -37.60  -153.27
D   U   36   -133.63   120.30   165.63    79.97  -106.23   -21.16  -175.98
D   A   37   -175.06   111.97   -45.72   158.17  -158.68   140.60   -53.88
D   A   38     38.45  -157.33   149.06    87.99   -94.62  -105.54   145.68
D   C   39    -43.35   147.47    59.01    92.04  -161.04   -57.40  -158.29
D   C   40    -91.86  -165.45    44.53    73.25  -147.93   -83.91  -155.01
D   C   41    -44.44   160.78    41.75    76.67  -139.90   -91.18  -166.76
D   G   42    -61.98   153.37    64.25    79.02  -130.17  -114.50  -178.43
D   A   43    -26.39   140.62    48.03    82.86  -137.33  -104.36  -169.11
D   A   44     -7.13   135.88    24.72    82.43  -120.50  -113.90  -161.78
D   G   45     -8.15   127.10    21.30    75.86  -143.91  -103.28  -150.51
D   A   46    -37.61  -162.35    37.20    81.11   -95.69  -112.22  -102.86
D   U   47     82.48  -175.38    51.63    79.72   165.45   163.86   -96.07
D   C   48    -68.29  -164.66    30.52   145.45  -156.77   124.14  -117.50
D   G   49    -84.88  -170.70   143.82    77.91   -97.53   -88.37   154.00
D   U   50    -29.07   156.18    27.42    78.98  -154.06   -84.06  -148.28
D   C   51    -47.26   161.02    41.76    80.01  -137.87   -59.48  -154.02
D   G   52   -109.62   142.91   110.84    72.10  -131.94   -96.79  -179.75
D   G   53    -51.93   155.75    60.20    82.38  -143.99   -71.15   177.70
D 5MU   54    -55.28  -176.82    43.46    82.12  -130.21   -73.08  -174.12
D PSU   55    -47.17   152.92    47.62    78.65  -107.80   -50.11 -9999.99
D   C   56   -151.40   107.53    36.18    71.80  -134.23   -68.27   173.48
D   A   57    -58.14   166.50    60.70    77.25  -156.98   -43.21  -164.68
D   A   58    -87.22  -106.20    58.64   147.03  -139.98  -124.58   -73.97
D   A   59   -141.41   135.81     3.52    91.56  -159.26   -43.59  -167.60
D   U   60   -127.29   175.20   111.07   139.34   -96.48   -52.95  -164.82
D   C   61    -85.16  -177.49    34.12    81.15  -151.73   -63.50  -138.06
D   C   62    -77.69  -173.70    54.70    76.47  -123.41  -106.38  -166.36
D   G   63    -44.97   150.62    37.99    79.22   161.88   -86.49  -164.39
D   G   64   -161.03  -130.77   124.96    81.70  -130.70   -70.08   172.93
D   C   65    -57.47  -174.60    39.31    86.82  -154.70   -46.11  -160.34
D   C   66   -132.71   129.74   152.70    77.95  -152.53   -43.84  -178.48
D   C   67   -111.20  -134.31    48.97    81.25  -175.75   -81.38  -150.41
D   C   68    177.40  -165.06   152.30    86.33  -140.06   -70.74   176.21
D   C   69    -68.60   171.93    59.13    80.65  -153.33   -88.67  -165.45
D   G   70    175.89  -165.60   148.27    82.61  -116.44  -102.45   164.64
D   C   71      1.18   148.04    22.77    83.63  -147.79   -56.68  -161.04
D   A   72    -76.81   174.46    64.13    90.25  -176.15   -66.58   175.88
D   A   73   -161.63  -117.39   111.94   116.16   172.88  -118.16  -165.53
D   C   74    -42.27  -122.05    16.95   156.90   -12.45   -39.15   -93.60
D   C   75    -84.16  -154.82    45.82    86.60   -78.36    88.07  -102.63
D   A   76   -152.81  -138.71   115.60   133.51 -9999.99 -9999.99  -162.33
