BEGIN_base-pair
     7_65, U:     7 G-C    65 U: +/+ cis         XIX
     8_14, U:     8 U-A    14 U: W/H tran        XXIV
     9_22, U:     9 G-C    22 U: H/H tran        n/a
    10_24, U:    10 G-U    24 U: W/W cis         XXVIII
    11_23, U:    11 C-G    23 U: +/+ cis         XIX
    11_23,-
7_65_8_14_9_22_10_24_11_23_0, click this line to see above pattern
0_0,---------
    12_22, U:    12 G-C    22 U: +/+ cis         XIX
    13_21, U:    13 C-G    21 U: W/W cis         n/a
    15_47, U:    15 G-C    47 U: W/W tran        XXII
    17_54, U:    17 G-U    54 U: W/S tran        n/a
    18_55, U:    18 G-C    55 U: W/W cis         n/a
    21_45, U:    21 G-G    45 U: H/W tran        VII
    25_43, U:    25 G-A    43 U: W/W cis         VIII
    26_42, U:    26 C-G    42 U: +/+ cis         XIX
    26_42,-
12_22_13_21_15_47_17_54_18_55_21_45_25_43_26_42_0, click this line to see above pattern
0_0,---------
END_base-pair
