PDB data file name: Dataset/3jce_9.pdb_new
-----------------------------------------------------------
CRITERIA USED TO GENERATE BASE-PAIR: 
  3.40 --> upper H-bond length limits (ON..ON).
 26.00 --> max. distance between paired base origins.
  2.50 --> max. vertical distance between paired base origins.
 65.00 --> max. angle between paired bases [0-90].
  5.40 --> min. distance between RN9/YN1 atoms.
  8.00 --> max. distance criterion for helix break[0-12]
-----------------------------------------------------------
BASE-PAIR INSTRUCTIONS: 
Column 1 is rnaview assigned base numbers n1_n2, start from 1.
Column 2 & 3 are chain ID & residue number in input PDB file.
Column 4 is for base pair. The left & right are the bases as 
         identified by column 2 & 3 and 5 & 6.
Column 5 & 6 are residue number & chain ID in input PDB file.
Column 7 is for base pair annotation. The standard Watson-Crick
         (W.C.) pairs are annotated as -/- (AU,AT) or +/+ (GC).
         Other pairs are annotated as Leontis_Westhof Classification.
         The three edges: W(Watson-Crick); H(Hoogsteen); S(suger).
         e.g. W/H means the pair is edge of Watson-Crick & Hoogsteen.
Column 8 is glycosidic bond orientation (either cis or trans).
         e.g. 'W/H cis' means the pair is interaction on Watson-Crick
         and Hoogsteen side, glycosidic bond orientation is 'cis'.
Column 9 corresponds to Saenger Classification.

Other columns: 
        Syn sugar-base conformations are annotated as (syn).
        Stacked base pairs are annotated as (stack).
        Non-identified edges are annotated as (.) or (?)
        Tertiary interactions are marked by (!) in the line.
Reference:
Yang et al (2003) Nucleic Acids Research, Vol31,No13,p3450-3461.
-----------------------------------------------------------
BEGIN_base-pair
     3_71, 9:     3 C-G    71 9: +/+ cis         XIX
     4_69, 9:     4 C-G    69 9: +/+ cis         XIX
    13_22, 9:    13 C-G    22 9: +/+ cis         XIX
     5_68, 9:     5 G-C    68 9: +/+ cis         XIX
    10_25, 9:    10 G-C    25 9: +/+ cis         XIX
    28_42, 9:    28 G-C    42 9: +/+ cis         XIX
    29_41, 9:    29 G-C    41 9: +/+ cis         XIX
    30_40, 9:    30 G-C    40 9: +/+ cis         XIX
    53_61, 9:    53 G-C    61 9: +/+ cis         XIX
    12_23, 9:    12 U-A    23 9: -/- cis         XX
    50_64, 9:    50 U-A    64 9: -/- cis         XX
     7_66, 9:     7 A-U    66 9: W/W cis         n/a
     2_72, 9:     2 C-C    72 9: W/W cis         n/a
    11_24, 9:    11 C-G    24 9: W/W cis         n/a
    19_56, 9:    19 G-C    56 9: W/W cis    syn    n/a
    51_63, 9:    51 U-G    63 9: W/W cis         XXVIII
     4_70, 9:     4 C-G    70 9: W/W tran        XXII
    15_48, 9:    15 G-C    48 9: W/W tran        XXII
    53_58, 9:    53 G-A    58 9: W/H tran     syn  n/a
     8_14, 9:     8 U-A    14 9: W/H tran        XXIV
    54_58, 9:    54 U-A    58 9: W/H tran     syn  XXIV
     6_67, 9:     6 G-C    67 9: W/S cis         n/a
END_base-pair
  The total base pairs =  22 (from   76 bases)
------------------------------------------------
 Standard  WW--cis  WW-tran  HH--cis  HH-tran  SS--cis  SS-tran
       11        5        2        0        0        0        0
  WH--cis  WH-tran  WS--cis  WS-tran  HS--cis  HS-tran
        0        3        1        0        0        0
------------------------------------------------
