BEGIN_base-pair
     7_66, B:     7 A-U    66 B: -/- cis         XX
     7_67, B:     7 A-C    67 B: W/W cis         n/a
     8_14, B:     8 U-A    14 B: W/H tran        XXIV
    10_25, B:    10 G-C    25 B: +/+ cis         XIX
    10_25,-
7_66_7_67_8_14_10_25_0, click this line to see above pattern
0_0,---------
    49_65, B:    49 C-G    65 B: +/+ cis         XIX
    50_64, B:    50 U-A    64 B: W/W cis         n/a
    51_63, B:    51 U-G    63 B: W/W cis         XXVIII
    52_62, B:    52 G-C    62 B: W/W cis         n/a
    53_61, B:    53 G-C    61 B: +/+ cis         XIX
    53_61,-
49_65_50_64_51_63_52_62_53_61_0, click this line to see above pattern
0_0,---------
    13_22, B:    13 C-G    22 B: +/+ cis         XIX
    15_48, B:    15 G-C    48 B: W/W tran        XXII
    16_59, B:    16 U-U    59 B: W/W tran        XII,XIII
    18_55, B:    18 G-U    55 B: W/S tran        n/a
    22_46, B:    22 G-G    46 B: H/W tran     syn  VII
    26_44, B:    26 A-G    44 B: W/W cis         VIII
    27_43, B:    27 G-C    43 B: +/+ cis         XIX
    27_43,-
13_22_15_48_16_59_18_55_22_46_26_44_27_43_0, click this line to see above pattern
0_0,---------
END_base-pair
