The backbone torsional angle for nucleic acid 

 
Note: alpha:   O3'(i-1)-P-O5'-C5'
      beta:    P-O5'-C5'-C4'
      gamma:   O5'-C5'-C4'-C3'
      delta:   C5'-C4'-C3'-O3'
      epsilon: C4'-C3'-O3'-P(i+1)
      zeta:    C3'-O3'-P(i+1)-O5'(i+1)

      chi for pyrimidines(Y): O4'-C1'-N1-C2
          chi for purines(R): O4'-C1'-N9-C4

    (The number -9999.99 means that the angle can not be calculated) 

Ch Res  Num    alpha    beta     gamma    delta  epsilon    zeta     chi
Y   C  501  -9999.99  -173.99    43.62    82.94  -144.36   -72.28  -160.81
Y   U  502    -70.26  -175.89    50.25    83.32  -149.40   -68.74  -165.26
Y   C  503    -78.43   167.68    68.04    80.26  -150.15   -68.62  -163.76
Y   U  504    -67.68   168.01    58.73    80.89  -140.01   -91.72  -158.07
Y   C  505    -56.63   149.65    62.94    78.99  -152.36   -80.46  -162.19
Y   G  506    117.58  -161.98  -151.55    92.21  -144.19   -71.45  -173.76
Y   G  507    -64.05   176.23    67.48   134.83  -110.62   -42.34  -140.06
Y   U  508    -86.12  -145.95    53.53    81.61  -101.15  -146.15  -164.19
Y   A  509     75.91  -177.71  -109.29   132.92   -82.93   -98.45   -95.53
Y 2MG  510   -177.64  -158.99    63.20    88.01  -139.22   -75.27  -178.88
Y   C  511    -69.67   169.90    59.09    81.83  -148.99   -66.27  -166.79
Y   C  512    -76.41  -173.70    53.89    78.93  -153.81    -7.32  -165.89
Y   A  513   -145.19   105.44   164.87    94.97  -142.67   -87.75  -171.14
Y   A  514    -82.22  -177.01    56.64    79.26  -145.93   -56.31  -166.06
Y   G  515    -76.51   166.16    71.64    82.43 -9999.99 -9999.99  -158.98
Y OMG  518  -9999.99   149.01    58.74   140.56   -86.74  -156.48  -105.54
Y   G  519    -62.19   162.76    36.93   139.56 -9999.99 -9999.99   -76.82
Y   A  521  -9999.99  -138.60   142.91    82.04  -127.08  -170.55   156.89
Y   A  522     -8.14   157.50    24.52    73.80  -149.92   -78.20  -159.18
Y   G  523    137.83  -144.79  -178.59    92.93  -115.97   -79.81  -178.49
Y   G  524    -61.34   163.09    47.91    75.47  -147.82   -69.34  -171.34
Y   C  525    -67.46   172.43    59.81    76.84  -139.65   -65.59  -166.39
Y M2G  526    -70.52   166.59    63.33    81.15  -141.28   -70.92  -174.60
Y   C  527    -58.43   172.22    49.00    79.91  -172.13   -71.47  -164.71
Y   A  528   -135.06  -105.63    76.75   126.67   156.81   -85.31  -126.02
Y   A  529    -80.08  -142.31    58.72   140.32   156.43   -88.03  -121.69
Y   G  530   -162.10  -103.59    90.15   118.65 -9999.99 -9999.99   -99.32
Y   G  534  -9999.99   133.39    40.24    88.51  -140.28   -66.90  -157.72
Y PSU  535    -80.02  -154.32    72.97    81.53  -146.84   -62.42 -9999.99
Y   A  536    -77.70   168.28    66.20    74.97  -148.94   -67.81  -163.44
Y 6IA  537    -66.31   161.60    68.73    80.84  -132.97   -71.52  -174.02
Y   A  538    -67.42   163.50    57.83    78.71 -9999.99 -9999.99  -167.98
Y   U  542  -9999.99   129.74    64.56    82.32  -147.48   -71.54  -164.75
Y   G  543    -91.37   167.34    79.75    76.78  -154.28   -78.19  -164.91
Y   A  544    -70.18   165.07    65.86    82.19  -146.35   -58.05  -167.92
Y   G  545    -74.26   172.10    60.71    82.04 -9999.99 -9999.99  -158.69
Y   U  547  -9999.99    93.13    49.60   120.51  -144.47   -92.08  -143.09
Y 5MC  548   -132.91   160.61   137.96   141.37  -148.57    69.91  -131.31
Y   G  549     58.45   167.66    36.23    83.34  -144.43   -70.78  -179.70
Y   G  550    -68.79   176.54    58.26    77.59  -141.31   -77.29  -168.27
Y   G  551    -65.33   160.03    66.49    77.78  -149.27   -71.24  -166.75
Y   C  552    -66.14   171.72    53.11    78.73  -140.96   -92.01  -159.79
Y   G  553    105.81  -146.57  -138.75    96.79  -142.86   -68.22  -178.41
Y 5MU  554    -67.64   177.28    51.57    81.74  -142.99   -71.69  -164.91
Y PSU  555    168.88  -149.81   154.60    79.37  -122.62   -53.54 -9999.99
Y   C  556   -176.33   137.15    44.06    88.18  -146.53   -63.87  -157.25
Y   G  557    -85.62  -178.40    60.47    85.19  -145.26   -65.26  -163.12
Y 1MA  558    -66.25  -136.07    65.38   143.37  -110.25   179.57   -74.62
Y   C  559     96.09  -145.34    65.63    84.28  -151.83   -57.93  -160.31
Y   U  560    -74.44   172.85    74.73   133.64  -100.87   -61.75  -127.85
Y   C  561    -84.86  -176.41    35.50    81.58  -154.63   -71.58  -169.37
Y   G  562    -72.59  -171.02    46.66    80.85  -142.49   -78.99  -167.45
Y   C  563    -62.04   163.83    61.34    80.52  -144.76   -77.51  -158.35
Y   C  564    -66.31   167.62    52.22    78.78  -147.15   -72.34  -164.12
Y   C  565    -66.02   163.25    70.45    78.84  -145.84   -76.85  -171.12
Y   C  566    -62.20   175.19    46.92    81.70  -146.57   -76.17  -160.92
Y   C  567    -65.85   170.06    56.12    80.21  -144.98   -83.36  -162.21
Y   G  568    -65.65   168.27    55.38    73.30  -155.08   -74.83  -172.05
Y   G  569    -60.20   171.72    56.06    77.39  -144.69   -74.72  -172.17
Y   G  570    -61.44   171.01    50.49    79.81  -137.83   -80.26  -165.96
Y   A  571    -59.26   152.18    65.03    78.22  -151.80   -70.60  -169.96
Y   G  572    -60.56   166.53    59.39    82.21  -145.89   -61.66  -168.04
Y   A  573    -63.24   174.16    46.77    87.58  -104.35  -150.32  -149.20
Y   C  574    -93.61  -138.20    71.77    84.84  -133.01   -61.05  -174.59
Y   C  575    -71.03   175.09    45.93    67.19    77.74    76.61  -158.24
Y   A  576     61.55  -152.35  -178.88    95.32 -9999.99 -9999.99  -165.11
