The backbone torsional angle for nucleic acid 

 
Note: alpha:   O3'(i-1)-P-O5'-C5'
      beta:    P-O5'-C5'-C4'
      gamma:   O5'-C5'-C4'-C3'
      delta:   C5'-C4'-C3'-O3'
      epsilon: C4'-C3'-O3'-P(i+1)
      zeta:    C3'-O3'-P(i+1)-O5'(i+1)

      chi for pyrimidines(Y): O4'-C1'-N1-C2
          chi for purines(R): O4'-C1'-N9-C4

    (The number -9999.99 means that the angle can not be calculated) 

Ch Res  Num    alpha    beta     gamma    delta  epsilon    zeta     chi
A   U    1  -9999.99  -112.12   -62.04    77.40   132.16     9.62  -137.40
A   C    2   -118.94   176.47    53.62    78.07  -160.03   -74.32  -168.65
A   C    3    -91.67  -149.35    63.29    80.26  -162.14   -95.09  -157.43
A   G    4    -13.04   143.32    33.45    80.98   179.48   -50.84  -168.60
A   U    5   -122.27  -140.38    77.25    77.93  -175.00   -62.71  -153.39
A   G    6   -107.75   167.01    93.41    78.04  -123.46   -95.39  -173.72
A   A    7    -40.18   165.55    56.68   151.12   -64.82   -85.89  -122.21
A   U    8    -65.62   161.22    79.89    76.59   -87.71  -153.53   178.55
A   A    9     90.56  -159.14  -124.67   145.54   -85.42   -67.10   -92.27
A   G   10    176.29   179.98    64.96    81.88  -146.21   -73.25   172.35
A   U   11    -67.93  -174.07    52.87    79.75   173.25   -48.05  -155.50
A   U   12   -113.55  -144.76    65.15    80.02   174.71   -66.67  -154.21
A PSU   13    146.92  -141.64  -175.76    77.23  -155.67   -81.85 -9999.99
A   A   14    179.22  -171.80   157.49    75.66   -93.86   -96.06  -178.13
A   A   15    -69.76   139.05    77.13    80.84  -115.81  -118.39  -156.51
A H2U   16    160.54   136.76    79.89   142.58  -138.94   -62.23   165.19
A   G   17     78.28   151.29    71.97   151.29  -149.78  -148.98  -103.61
A   G   18   -174.47    84.98   169.04   149.76  -132.63   -78.30  -117.32
A H2U   19   -109.66   160.81  -111.85   144.40  -145.30   -26.91   113.39
A   C   20    149.54   113.22   118.89   146.10  -125.44   -35.42   141.78
A   A   21     93.81   132.83    14.24    77.66   161.12   -92.88  -143.29
A   G   22    -84.33  -172.02    68.67    80.24  -148.19   -60.60  -167.27
A   A   23   -113.26   153.11   118.80    76.51  -113.38  -109.13  -177.17
A   A   24    -29.28   143.81    32.08    78.84  -169.53   -57.29  -160.29
A   U   25    -86.93  -158.65    57.68    79.06  -178.10   -51.17  -155.53
A   G   26   -118.09  -154.85    75.60    78.99  -164.03   -61.21  -158.65
A   G   27    -87.52   179.96    75.18    78.67  -125.90   -90.35   175.91
A   G   28    -43.09   176.24    39.20    81.45  -163.47   -52.54  -159.01
A   C   29    -77.10  -175.05    60.19    78.39  -170.27   -70.62  -164.32
A   G   30   -169.32  -171.05   146.03    78.98  -137.75  -102.11  -171.90
A   C   31     -5.35   136.18    17.62    77.24  -135.16   -87.95  -170.62
A PSU   32    -28.03   152.24    30.53    78.40  -119.89  -106.38 -9999.99
A   U   33    -20.75   142.63    18.08    77.69  -154.99   -34.72  -164.27
A   G   34    152.58   135.30    50.38    78.28   -99.45  -108.66   160.97
A   U   35    -40.53   149.03    37.75    75.77   157.26   -37.43  -156.11
A   C   36   -127.18  -146.19    65.08    79.90  -166.61   -64.04  -153.94
A 1MG   37    -93.58   169.59    87.31    79.32  -170.95   -47.06   170.40
A   C   38   -108.26  -111.99    48.18    79.01   148.69    -1.39  -150.42
A   G   39   -115.83   168.93    84.14    82.72   -99.93  -114.24   166.33
A   U   40    -37.79   134.11    38.31    77.43  -151.93   -81.65  -167.41
A   G   41    -74.92   173.66    68.55    79.55  -162.49   -77.44  -165.15
A   C   42    -68.64  -176.44    54.50    81.81   166.81   -38.57  -159.19
A   C   43   -107.41  -148.63    67.45    78.51  -170.49   -58.56  -150.31
A   A   44    -83.73   175.64    64.45    76.73  -127.76   -91.77  -155.99
A   G   45    -38.12   143.43    45.93    77.28  -122.02  -108.56  -156.39
A   A   46   -131.15  -177.70   122.11    78.94  -109.49   -88.09  -150.57
A   U   47    -91.92   116.16   166.26   149.18  -151.83   117.46  -134.38
A 5MC   48    -50.91  -145.60   100.05    80.49  -121.48  -105.27   178.77
A   G   49    -29.49   159.46    17.89    78.24  -167.89   -79.96  -157.46
A   G   50    178.28  -154.73   152.15    80.53  -113.96   -86.57   175.51
A   G   51    -51.72   160.02    34.46    75.10   178.48   -77.32  -164.36
A   G   52    175.37  -140.22   150.51    76.04  -115.15  -101.45   166.81
A 5MU   53    -34.87   159.08    35.43    78.25  -135.27   -97.24  -152.75
A PSU   54      1.37   146.95    18.61    78.07  -147.66   -82.04 -9999.99
A   C   55    173.46  -177.23    45.38    77.34  -114.74   -98.57  -179.93
A   A   56    -22.37   146.06    29.46    78.93  -167.86   -37.33  -167.60
A   A   57    -68.42  -133.03    58.01   149.86  -141.08  -158.87   -74.38
A   U   58    105.62  -178.27    82.43    78.27  -105.90   -75.21   173.52
A   U   59    -56.36   157.24    67.15   142.12   -83.30   -70.54  -132.14
A   C   60    -86.50  -173.63    43.55    77.54  -171.10   -54.29  -178.16
A   C   61   -105.30   173.78    88.53    74.85  -109.29   -91.85   168.75
A   C   62    -73.45   155.89    75.99    79.53  -134.22  -106.22  -176.39
A   C   63    -26.52   150.77    30.38    78.87  -171.18   -65.01  -159.56
A   G   64    -83.79  -157.62    63.81    80.82   170.18   -53.09  -153.88
A   U   65    -89.28  -147.78    51.44    81.97  -177.28   -61.17  -142.28
A   C   66    -80.25  -175.80    57.15    79.00  -165.16   -69.06  -163.49
A   G   67    -82.62  -167.10    50.90    79.96   160.31   -26.69  -170.24
A   C   68   -102.36  -154.06    57.09    78.52  -148.08   -90.06  -155.49
A   G   69    -42.16   162.59    32.10    77.99   171.42   -53.01  -161.85
A   G   70   -109.33  -156.80    76.70    77.78   174.80   -59.54  -170.68
A   A   71   -103.12  -147.54    69.59    79.95  -175.62   -63.04  -165.63
A   G   72    -68.03  -176.81    61.50    78.54  -145.57   -68.34  -167.66
A   C   73    -78.99   175.98    70.99    81.82  -143.58   -59.77  -174.22
A   C   74    -69.06   178.90    54.15    87.92  -149.65   -64.34  -169.55
A   A   75    -67.96   175.72    58.65    86.91 -9999.99 -9999.99  -161.39
