PDB data file name: ./Datasets/pdb_select_tRNA/5d8b_E(CD).pdb_new
-----------------------------------------------------------
CRITERIA USED TO GENERATE BASE-PAIR: 
  3.40 --> upper H-bond length limits (ON..ON).
 26.00 --> max. distance between paired base origins.
  2.50 --> max. vertical distance between paired base origins.
 65.00 --> max. angle between paired bases [0-90].
  5.40 --> min. distance between RN9/YN1 atoms.
  8.00 --> max. distance criterion for helix break[0-12]
-----------------------------------------------------------
BASE-PAIR INSTRUCTIONS: 
Column 1 is rnaview assigned base numbers n1_n2, start from 1.
Column 2 & 3 are chain ID & residue number in input PDB file.
Column 4 is for base pair. The left & right are the bases as 
         identified by column 2 & 3 and 5 & 6.
Column 5 & 6 are residue number & chain ID in input PDB file.
Column 7 is for base pair annotation. The standard Watson-Crick
         (W.C.) pairs are annotated as -/- (AU,AT) or +/+ (GC).
         Other pairs are annotated as Leontis_Westhof Classification.
         The three edges: W(Watson-Crick); H(Hoogsteen); S(suger).
         e.g. W/H means the pair is edge of Watson-Crick & Hoogsteen.
Column 8 is glycosidic bond orientation (either cis or trans).
         e.g. 'W/H cis' means the pair is interaction on Watson-Crick
         and Hoogsteen side, glycosidic bond orientation is 'cis'.
Column 9 corresponds to Saenger Classification.

Other columns: 
        Syn sugar-base conformations are annotated as (syn).
        Stacked base pairs are annotated as (stack).
        Non-identified edges are annotated as (.) or (?)
        Tertiary interactions are marked by (!) in the line.
Reference:
Yang et al (2003) Nucleic Acids Research, Vol31,No13,p3450-3461.
-----------------------------------------------------------
BEGIN_base-pair
    11_25, E:    11 A-U    24 E: -/- cis         XX
     3_71, E:     3 C-G    70 E: +/+ cis         XIX
    13_23, E:    13 C-G    22 E: +/+ cis         XIX
    29_43, E:    28 C-G    42 E: +/+ cis         XIX
    52_64, E:    51 C-G    63 E: +/+ cis         XIX
     2_72, E:     2 G-C    71 E: +/+ cis         XIX
     4_70, E:     4 G-C    69 E: +/+ cis         XIX
     5_69, E:     5 G-C    68 E: +/+ cis         XIX
     6_68, E:     6 G-C    67 E: +/+ cis         XIX
     7_67, E:     7 G-C    66 E: +/+ cis         XIX
    10_26, E:    10 G-C    25 E: +/+ cis         XIX
    12_24, E:    12 G-C    23 E: +/+ cis         XIX
    30_42, E:    29 G-C    41 E: +/+ cis         XIX
    31_41, E:    30 G-C    40 E: +/+ cis         XIX
    32_40, E:    31 G-C    39 E: +/+ cis         XIX
    50_66, E:    49 G-C    65 E: +/+ cis         XIX
    53_63, E:    52 G-C    62 E: +/+ cis         XIX
    54_62, E:    53 G-C    61 E: +/+ cis         XIX
    28_44, E:    27 U-A    43 E: -/- cis         XX
    20_57, E:    19 G-C    56 E: W/W cis         n/a
    51_65, E:    50 U-G    64 E: W/W cis         XXVIII
    15_49, E:    15 G-C    48 E: W/W tran        XXII
     8_14, E:     8 U-A    14 E: W/H tran        XXIV
    55_59, E:    54 U-A    58 E: W/H tran        XXIV
    19_56, E:    18 G-U    55 E: W/S tran        n/a
    23_47, E:    22 G-G    46 E: H/W tran        VII
END_base-pair

Summary of triplets and higher multiplets
BEGIN_multiplets
13_23_47_| [1 3]  E: 13 C  +  E: 22 G  +  E: 46 G
END_multiplets

  The total base pairs =  26 (from   77 bases)
------------------------------------------------
 Standard  WW--cis  WW-tran  HH--cis  HH-tran  SS--cis  SS-tran
       19        2        1        0        0        0        0
  WH--cis  WH-tran  WS--cis  WS-tran  HS--cis  HS-tran
        0        3        0        1        0        0
------------------------------------------------
