The backbone torsional angle for nucleic acid 

 
Note: alpha:   O3'(i-1)-P-O5'-C5'
      beta:    P-O5'-C5'-C4'
      gamma:   O5'-C5'-C4'-C3'
      delta:   C5'-C4'-C3'-O3'
      epsilon: C4'-C3'-O3'-P(i+1)
      zeta:    C3'-O3'-P(i+1)-O5'(i+1)

      chi for pyrimidines(Y): O4'-C1'-N1-C2
          chi for purines(R): O4'-C1'-N9-C4

    (The number -9999.99 means that the angle can not be calculated) 

Ch Res  Num    alpha    beta     gamma    delta  epsilon    zeta     chi
E   C    1  -9999.99 -9999.99   179.56    81.45  -137.08   -81.85  -160.52
E   G    2    -52.20   173.95    49.07    80.93  -126.24   -89.43  -171.94
E   C    3    -57.65   152.36    60.06    79.17  -130.46   -92.47  -156.75
E   G    4    -61.43   159.35    54.08    80.27  -145.14   -83.23  -163.74
E   G    5    -63.54   162.73    60.65    81.08  -145.21   -69.99  -176.75
E   G    6    -69.25   170.42    64.95    80.61  -152.42   -82.93  -169.48
E   G    7    -51.36   177.09    66.02   145.26  -125.98   -13.67  -128.68
E   U    8   -101.99  -136.29    48.34    79.64  -150.38   -80.33  -146.71
E   G    9   -162.80    99.97  -168.76   145.31   -90.44   -61.25  -112.95
E   G   10    175.06  -176.66    77.66    82.30  -140.73   -70.62  -175.07
E   A   11    -72.28  -174.05    49.38    81.16  -144.48   -74.59  -162.51
E   G   12    -62.35   170.86    49.94    79.69  -150.59   -86.18  -154.03
E   C   13    143.37  -150.71  -176.38    80.41  -165.05   -70.62  -166.54
E   A   14    177.67  -178.64   169.63    81.96  -115.82   -60.76   171.14
E   G   15    -60.33   165.95    60.63    83.61  -105.10   -70.24  -157.19
E   C   16    -71.29  -173.55    58.58   145.15  -103.30   -73.16  -124.69
E   C   17    -75.64   163.09    58.97    82.61  -155.43    48.10  -144.49
E   U   17    159.17   162.08    48.59   144.89   -88.44   -96.31  -144.62
E   G   18    -68.92   170.16   146.30   148.63  -130.18   -95.25  -153.13
E   G   19    156.07  -174.03  -178.63   148.03   -69.06  -112.39  -105.58
E   U   20    147.36  -119.01   148.17    79.68  -102.33   -97.72  -116.17
E   A   21     61.50   139.31    42.70    78.59  -135.97  -148.53  -156.84
E   G   22    -68.33   128.68    63.40    78.97  -156.34   -77.17  -160.80
E   C   23    -60.89   175.50    49.64    78.05  -133.49   -86.15  -159.84
E   U   24    -57.69   159.40    53.30    81.23  -144.57   -73.33  -163.51
E   C   25    -68.70   166.48    60.85    80.44  -144.24   -64.90  -164.58
E   G   26    -68.52   166.14    65.44    80.35  -141.31   -68.39  -164.49
E   U   27    -62.56   171.97    55.10    81.15  -138.88   -79.32  -155.85
E   C   28    -55.33   165.06    47.09    79.46  -147.66   -71.89  -161.00
E   G   29    -65.24   178.29    44.07    78.54  -149.00   -76.65  -169.36
E   G   30    -58.35   165.74    58.09    79.51  -141.79   -66.27  -172.64
E   G   31   -109.89   157.46   111.00    80.97  -146.59   -63.59  -179.65
E   C   32    -94.68  -157.75    60.46    83.53  -144.17   -53.48  -162.50
E   U   33    -76.58   179.93    55.92    77.83  -128.75   -61.02  -155.26
E   C   34    175.39   156.11    41.83    80.68  -126.99   -71.33  -166.70
E   A   35    -62.65   161.77    58.32    80.68  -145.32   -83.23  -163.00
E   U   36    -68.64   172.08    57.40    79.97  -143.47   -64.89  -163.38
E   A   37    -69.74   171.05    57.96    81.29  -143.84   -71.69  -174.96
E   A   38    -60.99   168.99    56.63    81.75  -125.96   -71.18  -159.31
E   C   39    -57.76   156.91    55.98    80.64  -145.52   -72.70  -156.54
E   C   40    -62.00   175.39    49.84    80.37  -140.24   -81.04  -163.45
E   C   41    -68.23   174.25    54.89    80.00  -148.00   -66.92  -165.16
E   G   42    -81.66   175.39    68.74    78.67  -158.38   -75.60  -168.07
E   A   43    -67.86   166.12    73.17    80.73  -153.94   -78.17  -168.54
E   A   44    -64.79   165.81    65.30    85.14  -142.07   -66.00  -155.26
E   G   45    -64.54   167.66    59.57    80.65  -125.15   -93.38  -140.50
E   G   46    -49.58   176.73    59.11    80.72  -110.24   -74.37  -121.88
E   U   47    -67.02  -100.91   177.04    81.23  -150.74    66.92  -124.72
E   C   48    -88.76  -147.15    71.44   145.79  -155.29    94.50  -130.90
E   G   49     36.46   172.65    51.69    84.79  -136.85   -76.61  -168.52
E   U   50    -65.92   166.23    56.33    80.36  -146.56   -74.41  -156.00
E   C   51    -70.23   170.44    56.92    79.51  -149.38   -65.75  -160.19
E   G   52    -70.75   168.40    61.38    78.82  -152.90   -74.76  -169.83
E   G   53    -64.24   166.90    64.33    79.60  -154.87   -69.80  -173.08
E   U   54    -69.10  -175.16    50.01    80.07  -131.15   -70.11  -160.56
E   U   55    -60.67   166.24    55.00    80.67  -130.73   -57.90  -148.38
E   C   56   -172.05   140.23    44.09    81.15  -129.94   -69.36  -163.09
E   A   57    -64.51   174.36    48.96    81.04  -146.27   -80.06  -152.12
E   A   58    -54.01  -164.66    76.45   151.68   -71.85  -160.81   -97.70
E   A   59     53.08  -156.35    85.36    80.58  -138.69   -43.17   178.77
E   U   60    -76.76  -173.05    63.07   143.57   -99.35   -72.41  -128.99
E   C   61    -80.03   176.01    37.56    79.07  -139.83   -83.49  -161.49
E   C   62    -65.24   171.21    54.59    82.46  -147.15   -80.53  -165.16
E   G   63    -75.26   172.51    61.28    82.54  -152.30   -76.33  -167.51
E   G   64    -78.23  -175.23    57.18    80.63  -147.90   -77.60  -164.70
E   C   65    -69.37   163.14    64.68    82.04  -150.13   -69.76  -161.89
E   C   66    -65.74   178.64    57.91    80.26  -143.38   -71.99  -159.52
E   C   67    -69.84   169.31    58.42    78.27  -148.66   -76.83  -158.61
E   C   68    -71.07   175.89    53.92    78.69  -150.01   -72.66  -162.24
E   C   69    -63.88   170.94    60.10    77.41  -140.54   -81.50  -159.63
E   G   70    -67.38   168.84    58.23    80.13  -148.02   -77.33  -166.16
E   C   71    -63.67   160.94    66.63    80.07  -141.41   -66.02  -158.60
E   A   72    -71.11   178.00    57.30    79.34  -150.63   -70.56  -159.81
E   A   73    -68.08   172.66    55.85    80.26  -151.37   131.09  -160.54
E   C   74    -71.41   133.80    48.15    81.73  -152.04   -75.19  -156.28
E   C   75   -115.54  -145.15    72.84    84.57  -104.53   -50.05  -136.29
E   A   76   -108.90    86.56   157.70    81.00 -9999.99 -9999.99  -116.43
