The backbone torsional angle for nucleic acid 

 
Note: alpha:   O3'(i-1)-P-O5'-C5'
      beta:    P-O5'-C5'-C4'
      gamma:   O5'-C5'-C4'-C3'
      delta:   C5'-C4'-C3'-O3'
      epsilon: C4'-C3'-O3'-P(i+1)
      zeta:    C3'-O3'-P(i+1)-O5'(i+1)

      chi for pyrimidines(Y): O4'-C1'-N1-C2
          chi for purines(R): O4'-C1'-N9-C4

    (The number -9999.99 means that the angle can not be calculated) 

Ch Res  Num    alpha    beta     gamma    delta  epsilon    zeta     chi
1   A    1  -9999.99 -9999.99   170.72    81.78  -144.45   -75.96  -135.90
1   G    2    -63.66   175.06    53.46    80.61  -150.49   -78.12  -171.13
1   C    3    -62.64   170.73    55.67    80.61  -142.48   -73.42  -160.00
1   A    4    -65.14   168.14    51.88    79.64  -147.82   -75.41  -166.32
1   G    5    -64.08   168.36    54.68    79.29  -145.78   -74.97  -168.27
1   A    6    -64.39   166.73    61.05    80.63  -152.75   -78.12  -170.01
1   G    7    -59.34   162.01    81.30   143.82   -90.09   -41.96  -146.09
1   U    8    -85.77  -156.02    58.10    79.72  -152.03  -109.70  -155.24
1   A    9    -81.48  -122.85    39.91   144.51   -75.56  -135.56   -57.28
1   G   10    153.56  -149.08    75.22    83.54  -143.09   -64.12  -176.44
1   C   11    -73.95   174.34    59.67    79.14  -162.62   -84.21  -165.71
1   G   12   -172.29  -153.13   136.29    81.92  -117.50   -88.04  -174.72
1   C   13    103.35  -138.00  -133.97    82.57  -153.71   -74.88  -171.12
1   A   14    -67.70   177.85    58.26    77.85  -142.16   -55.02  -170.27
1   G   15    -76.52   171.49    62.38    77.37  -110.57   167.72  -162.41
1   C   16     88.05   102.52   140.22   148.65   -76.49   -24.46  -107.34
1   G   18    -97.52  -138.47  -162.12   147.41  -131.30  -129.36  -124.40
1   G   19    -93.96  -160.77    73.58   149.61   -99.47    43.38   -83.90
1   A   20    101.56   176.75  -166.96   142.90  -108.42  -151.25    58.52
1   A   21    -93.51  -134.90    45.58   142.50  -140.76   136.93   -63.08
1   G   22     66.16  -123.26  -167.05    82.59  -152.67   -78.87  -175.73
1   C   23    -65.54   178.76    54.13    79.40  -148.59   -70.04  -162.96
1   G   24    -83.67   177.65    59.46    79.64  -142.56   -65.17  -167.25
1   U   25    -73.43   165.44    70.37    79.28  -142.31   -69.99  -162.40
1   G   26    -68.40   164.30    67.70    75.61  -146.72   -66.52  -176.99
1   C   27    -72.22   179.97    58.56    80.39  -145.86   -69.43  -168.80
1   U   28    -69.89   178.71    51.71    78.39  -142.74   -73.65  -160.98
1   G   29    -66.84   166.79    54.16    72.72  -150.11   -73.01  -165.18
1   G   30    -71.35   162.61    76.09    77.27  -144.44   -70.06  -174.75
1   G   31    -64.92   169.43    67.37    78.42  -134.81   -78.74  -176.78
1   C   32    -55.98   167.77    49.68    82.81  -127.80   -68.43  -174.24
1   C   33    -75.40   174.55    56.67    81.98  -129.86   -61.35  -158.58
1   C   34   -179.94   157.15    38.77    81.74  -154.50   -79.96  -169.82
1   A   35    165.08  -142.62   151.17    80.34  -119.36   -93.97   178.19
1   U   36    -35.23   156.47    35.78    77.38  -148.34   -71.20    17.07
1   A   37    -70.58   167.91    63.77    80.88  -140.01   -67.84  -170.16
1   A   38    -69.44   165.98    60.18    82.87  -138.00   -59.42  -168.38
1   C   39    -73.26   167.81    67.53    79.18  -145.81   -76.79  -163.44
1   C   40    -61.51   179.64    48.94    78.73  -151.02   -77.77  -164.92
1   C   41    -61.66   169.47    61.01    78.80  -148.62   -76.63  -165.45
1   A   42    -63.83   165.05    61.02    80.60  -145.28   -76.06  -169.49
1   G   43    -62.76   165.29    60.19    79.01  -138.40   -93.98  -163.60
1   A   44    -50.68   151.19    57.53    83.22  -139.39   -69.06  -159.72
1   G   45    -63.37   166.26    56.54    80.42  -112.24   -84.96  -148.16
1   G   46    -42.81  -157.21    40.27   140.61   -94.03  -121.79   -67.21
1   U   47     49.55  -177.92    63.59    84.32  -138.42   -39.53  -159.36
1   C   48   -150.84   -93.14  -170.04   144.27  -139.18   122.75  -150.51
1   G   49    -24.84  -140.21    85.32    80.82  -148.45   -77.96  -174.17
1   A   50    -63.69   175.89    51.68    82.52  -144.74   -74.38  -169.12
1   U   51    -60.68   167.91    58.29    80.77  -138.79  -103.30  -162.49
1   G   52    133.04  -141.92   179.08    81.59  -133.14   -79.68  -178.71
1   G   53    -53.08   167.09    46.77    79.08  -147.88   -89.03  -170.44
1   A   54    -46.63   162.31    49.93    80.75  -120.71   -86.01  -171.45
1   U   55    -40.35   150.24    47.23    82.49  -109.92   -51.85  -152.98
1   C   56   -171.31   134.06    42.16    83.49  -138.31   -90.90  -157.18
1   G   57    133.44  -141.59  -177.28    81.58  -128.21  -122.08   179.47
1   A   58     55.88   129.40    19.09   138.90  -147.28   -79.45  -101.99
1   A   59   -158.37   114.88    36.61    83.36  -146.11   -63.25  -175.20
1   A   60    -74.50   172.07    73.94   143.95  -120.98   -47.73  -130.94
1   C   61   -102.12  -162.47    40.79    82.99  -149.06   -72.59  -169.98
1   C   62    -66.85   177.46    52.96    80.20  -142.28   -78.84  -162.60
1   A   63    -61.79   171.27    48.15    81.12  -147.56   -79.46  -169.27
1   U   64    -62.58   170.77    53.85    80.65  -147.41   -71.82  -163.21
1   C   65    -67.50   166.37    62.58    79.99  -151.21   -74.54  -164.84
1   C   66    -63.18   169.00    58.64    80.05  -146.21   -80.59  -164.25
1   U   67    -53.97   165.06    51.44    80.93  -155.35   -97.56  -155.61
1   C   68    160.18  -147.40   162.80    81.90  -118.96   -93.75  -178.22
1   U   69    -48.50   154.43    46.29    80.73  -143.41   -88.32  -160.03
1   G   70    -60.90   170.00    50.00    84.13  -147.29   -75.32  -155.08
1   C   71    -65.86   164.67    57.62    81.45  -149.67  -114.13  -148.98
1   U   72    158.65  -135.75   151.92    80.67  -137.76   -67.87  -163.76
1   A   73    -65.15   174.38    69.52   136.50  -152.42    -8.33    92.27
1   C   74   -158.55   112.14   131.22    84.29   -90.94   107.27  -156.61
1   C   75     54.49  -141.43   177.69    81.51  -133.46   135.76  -147.15
1   A   76    171.07  -163.15   159.21   146.98 -9999.99 -9999.99   -96.03
