PDB data file name: tRNA_dataset/2nre_chain_F.pdb_new
-----------------------------------------------------------
CRITERIA USED TO GENERATE BASE-PAIR: 
  3.40 --> upper H-bond length limits (ON..ON).
 26.00 --> max. distance between paired base origins.
  2.50 --> max. vertical distance between paired base origins.
 65.00 --> max. angle between paired bases [0-90].
  5.40 --> min. distance between RN9/YN1 atoms.
  8.00 --> max. distance criterion for helix break[0-12]
-----------------------------------------------------------
BASE-PAIR INSTRUCTIONS: 
Column 1 is rnaview assigned base numbers n1_n2, start from 1.
Column 2 & 3 are chain ID & residue number in input PDB file.
Column 4 is for base pair. The left & right are the bases as 
         identified by column 2 & 3 and 5 & 6.
Column 5 & 6 are residue number & chain ID in input PDB file.
Column 7 is for base pair annotation. The standard Watson-Crick
         (W.C.) pairs are annotated as -/- (AU,AT) or +/+ (GC).
         Other pairs are annotated as Leontis_Westhof Classification.
         The three edges: W(Watson-Crick); H(Hoogsteen); S(suger).
         e.g. W/H means the pair is edge of Watson-Crick & Hoogsteen.
Column 8 is glycosidic bond orientation (either cis or trans).
         e.g. 'W/H cis' means the pair is interaction on Watson-Crick
         and Hoogsteen side, glycosidic bond orientation is 'cis'.
Column 9 corresponds to Saenger Classification.

Other columns: 
        Syn sugar-base conformations are annotated as (syn).
        Stacked base pairs are annotated as (stack).
        Non-identified edges are annotated as (.) or (?)
        Tertiary interactions are marked by (!) in the line.
Reference:
Yang et al (2003) Nucleic Acids Research, Vol31,No13,p3450-3461.
-----------------------------------------------------------
BEGIN_base-pair
     2_54, F:     6 G-C    67 F: +/+ cis         XIX
     3_54, F:     7 G-C    67 F:      stacked
     6_22, F:    10 G-C    25 F: W/W cis         n/a
     7_22, F:    11 U-C    25 F: W/W cis         XVIII
    11_35, F:    15 A-U    48 F: W/W tran        XXI
    25_32, F:    28 U-A    42 F: -/- cis         XX
    26_27, F:    29 A-C    30 F:      stacked
    26_31, F:    29 A-U    41 F: -/- cis         XX
    27_28, F:    30 C-C    31 F:      stacked
    27_30, F:    30 C-G    40 F: +/+ cis         XIX
    28_29, F:    31 C-G    39 F: W/W cis         n/a
    30_31, F:    40 G-U    41 F:      stacked
    33_34, F:    43 G-U    44 F:      stacked
    36_52, F:    49 A-U    65 F: -/- cis         XX
    37_51, F:    50 C-G    64 F: +/+ cis         XIX
    38_50, F:    51 G-C    63 F: +/+ cis         XIX
    39_49, F:    52 G-C    62 F: +/+ cis         XIX
    40_48, F:    53 G-C    61 F: +/+ cis         XIX
    41_45, F:    54 U-A    58 F: W/H tran        XXIV
    50_51, F:    63 C-G    64 F:      stacked
    53_54, F:    66 C-C    67 F:      stacked
    23_34, F:    26 G-U    44 F: W/S cis         !1H(b_b)
     9_18, F:    13 G-G    21 F: W/S cis         !(b_s)
     9_19, F:    13 G-A    22 F: S/W tran        !(b_s)
    10_17, F:    14 A-A    20 F: W/S cis         !(b_s)
    10_18, F:    14 A-G    21 F: W/S cis         !(b_s)
    11_12, F:    15 A-U    16 F: S/? tran        !(s_s)
    12_46, F:    16 U-G    59 F: ?/W tran        !(s_s)
    15_16, F:    19 G-U    20 F: S/S cis         !(s_s)
    42_44, F:    55 U-A    57 F: S/S tran        !(s_s)
END_base-pair
  The total base pairs =  14 (from   56 bases)
------------------------------------------------
 Standard  WW--cis  WW-tran  HH--cis  HH-tran  SS--cis  SS-tran
        9        3        1        0        0        0        0
  WH--cis  WH-tran  WS--cis  WS-tran  HS--cis  HS-tran
        0        1        0        0        0        0
------------------------------------------------
