The backbone torsional angle for nucleic acid 

 
Note: alpha:   O3'(i-1)-P-O5'-C5'
      beta:    P-O5'-C5'-C4'
      gamma:   O5'-C5'-C4'-C3'
      delta:   C5'-C4'-C3'-O3'
      epsilon: C4'-C3'-O3'-P(i+1)
      zeta:    C3'-O3'-P(i+1)-O5'(i+1)

      chi for pyrimidines(Y): O4'-C1'-N1-C2
          chi for purines(R): O4'-C1'-N9-C4

    (The number -9999.99 means that the angle can not be calculated) 

Ch Res  Num    alpha    beta     gamma    delta  epsilon    zeta     chi
F   A    5  -9999.99   100.12   153.34   100.45  -167.00  -105.06  -166.91
F   G    6    155.91  -119.59   159.42    81.27  -143.48  -130.02   173.33
F   G    7     12.43   116.52    42.56   132.01  -162.78    98.44  -155.15
F   U    8   -179.10    54.98   163.83   110.11   -80.07  -103.04  -176.79
F   G    9   -177.21   163.29   145.32    99.64   -94.26   -87.67  -140.44
F   G   10   -174.18  -129.24    32.41    82.77  -158.37   -84.04   177.87
F   U   11   -132.27  -174.70   115.12    84.56  -153.26   -69.87   179.52
F   G   12    -67.97   172.24    62.10    83.34  -168.89   -20.16   175.55
F   G   13   -112.57  -161.53    73.49   101.78  -151.66   -40.43  -134.80
F   A   14   -126.32    79.69  -179.97    82.36  -179.35    10.80   143.75
F   A   15    169.02   112.75   156.55   104.25  -137.89  -175.83  -144.99
F   U   16    -73.55  -160.90    42.21    85.78   -90.90  -169.36  -169.44
F   U   17    177.35     5.66  -139.39    74.87   179.30  -115.25  -104.84
F   G   18    -89.11  -157.50  -142.62   103.00   -98.08   -99.27   178.34
F   G   19   -104.32   151.27   103.90   120.31  -175.73  -106.00  -122.26
F   U   20    173.86   115.46   -42.02    79.93   164.56    39.97  -127.79
F   A   20     58.87   132.13    65.33    79.74  -157.02   -74.20  -168.00
F   G   21    -78.88   154.42    87.58    76.73  -136.34   126.09  -172.54
F   A   22    -64.07   137.45    49.31    98.99  -142.79   -57.23  -159.90
F   C   23    129.85  -167.70   167.09    89.46  -105.88   -38.35  -168.15
F   A   24   -112.83    69.90   155.83   109.45  -156.34    56.26   167.26
F   C   25    -84.16   -43.16  -119.87    96.78  -158.77  -106.44  -146.03
F   G   26    175.30  -141.95   168.24    77.07  -103.79  -143.61  -177.75
F   C   27     97.02  -104.52   178.04    86.79  -136.38   -63.69   174.13
F   U   28   -115.45  -139.84    65.17    72.32  -175.50   -86.02  -159.51
F   A   29    161.13  -121.94   176.24    79.26  -116.44   -81.21   173.34
F   C   30    -42.54   140.17    48.82    78.34  -152.74  -111.50  -154.41
F   C   31   -147.09  -153.63    95.80    87.50 -9999.99 -9999.99  -160.89
F   G   39  -9999.99  -130.86   149.84    90.67   -87.59  -106.80  -175.70
F   G   40     39.45  -102.21  -135.70    86.33  -111.18  -118.50   177.15
F   U   41    -36.16   135.62    32.55    83.98  -167.55   -97.06  -139.93
F   A   42    161.68  -138.03   145.98    88.04  -104.47  -132.11  -178.18
F   G   43    -13.34   104.30    61.86    87.74  -164.41   -73.00   175.44
F   U   44   -138.34  -138.08    92.78    98.07 -9999.99 -9999.99  -108.92
F   U   48  -9999.99   159.38   179.80   130.07  -163.13   132.94  -123.83
F   A   49    -12.47  -161.95    82.16    92.09  -128.66   -80.13   166.67
F   C   50    -78.01   162.01    67.02    80.93  -132.52   -74.82  -177.69
F   G   51    -55.57   174.99    39.78    83.20  -148.39   -82.78  -148.45
F   G   52    103.15  -152.11  -149.67    90.66  -148.40   -66.54  -175.73
F   G   53    -58.11   178.43    43.65    86.68  -149.26   -88.08  -168.12
F   U   54    -44.78   170.55    42.89    88.45  -148.00   -54.31  -167.99
F   U   55    -73.09  -168.29    42.51    85.59  -151.63   -66.56  -157.34
F   C   56    131.59   167.60    85.61    84.59  -130.78   -62.95  -179.98
F   A   57    -65.60  -163.27    33.78    95.36  -150.79  -136.55  -157.70
F   A   58     39.43   106.50    45.52    79.62    45.54    87.04  -126.48
F   G   59    100.48   161.00    48.42    84.13  -113.85   -74.12   169.25
F   U   60    -68.18   135.03    90.37   107.51  -115.35   -42.66  -169.48
F   C   61   -130.32  -128.54    60.70    90.49  -160.24   -83.85  -169.77
F   C   62   -151.69  -176.43   115.98    81.98  -133.18   -92.89  -177.57
F   C   63    -38.55   171.94    30.20    84.09  -142.09  -105.14   179.18
F   G   64    136.95  -123.73   179.80    84.96   -99.03  -106.18   173.45
F   U   65    -78.61   138.52    73.72    83.65  -120.46  -112.20  -177.65
F   C   66     11.79   120.51    14.55    73.68   160.56    14.65  -162.59
F   C   67   -176.10    87.80   174.22   103.26  -132.62   -58.94  -167.80
F   U   68    -54.85   172.11    30.63    79.69  -176.39  -106.54  -146.03
F   C   69   -134.50  -148.52    93.26    86.80 -9999.99 -9999.99   -75.15
