The backbone torsional angle for nucleic acid 

 
Note: alpha:   O3'(i-1)-P-O5'-C5'
      beta:    P-O5'-C5'-C4'
      gamma:   O5'-C5'-C4'-C3'
      delta:   C5'-C4'-C3'-O3'
      epsilon: C4'-C3'-O3'-P(i+1)
      zeta:    C3'-O3'-P(i+1)-O5'(i+1)

      chi for pyrimidines(Y): O4'-C1'-N1-C2
          chi for purines(R): O4'-C1'-N9-C4

    (The number -9999.99 means that the angle can not be calculated) 

Ch Res  Num    alpha    beta     gamma    delta  epsilon    zeta     chi
B   G    1  -9999.99   154.31    58.92    82.14  -141.22   -72.91  -177.06
B   C    2    -69.62   179.14    50.96    80.00  -150.63   -71.10  -163.30
B   G    3    -64.63   174.19    50.77    79.22  -152.17   -72.71  -164.61
B   G    4    -63.59   172.69    54.65    80.60  -149.41   -71.26  -168.11
B   A    5    -69.78   175.57    54.69    79.58  -149.62   -75.77  -167.53
B   A    6    -63.69   158.02    73.68    82.93  -147.14   -73.31  -164.65
B   G    7    -59.19   169.18    70.28   143.33  -107.29   -37.86  -133.47
B   U    8    -75.56  -152.04    43.45    82.65  -129.50  -125.30  -161.28
B   A    9    -41.67  -157.88    29.67   142.27  -106.21   -89.92   -86.93
B   G   10    179.44  -169.99    59.74    83.36  -145.76   -70.96  -176.40
B   U   11    -59.46   173.08    50.24    82.31  -143.39   -81.10  -162.11
B   U   12    -52.21   166.79    47.39    80.40  -154.84   -67.09  -159.92
B   C   13    130.00  -156.22  -156.41    79.78  -165.19   -78.00  -163.90
B   A   14    155.90  -176.69  -175.62    81.20  -132.76   -89.36  -176.46
B   G   15    144.77  -119.40   171.20    82.27  -158.48   133.70   176.65
B   U   16    -65.17  -163.16    43.34   145.49  -120.76   -76.83  -131.41
B   G   17    168.65  -125.77   -65.63   146.22  -113.49  -154.81  -117.40
B   G   18    -66.50   161.61    62.17   148.29   -89.73   149.60  -102.35
B   U   19     54.08   124.66    10.82   145.27  -155.93   -40.07   -84.39
B   A   20   -153.89  -161.23  -147.49    83.60  -176.60   -85.13  -143.49
B   G   21    161.67   177.36   171.20    81.39  -151.96   -77.24  -173.44
B   A   22    -74.05   179.36    59.57    81.85  -142.58   -82.20  -163.63
B   A   23    -65.34   167.04    53.97    81.58  -139.84   -75.09  -164.67
B   C   24    -64.67   164.44    58.66    81.34  -143.91   -68.17  -162.57
B   A   25    -67.98   167.48    58.64    82.94  -138.47   -64.90  -166.55
B   C   26    -69.39   179.36    53.62    79.23  -138.85   -72.38  -155.48
B   C   27    -66.45   168.21    59.48    79.16  -146.17   -71.36  -155.48
B   A   28    -73.03   170.44    59.35    80.19  -152.81   -77.79  -164.70
B   C   29    -69.09   170.40    59.63    81.11  -152.58   -80.85  -157.15
B   C   30    -67.08   170.94    55.21    81.23 -9999.99 -9999.99  -154.92
B   G   38  -9999.99   157.89    66.11    82.97  -155.80   -78.91  -170.66
B   G   39    -67.95   169.63    64.22    83.08  -151.16   -68.33  -173.06
B   U   40    -65.88   172.92    57.82    81.88  -144.77   -71.51  -163.36
B   G   41    -65.23   168.44    55.26    79.70  -146.78   -71.07  -174.56
B   G   42    -63.03   179.01    56.71    79.93 -9999.99 -9999.99  -166.32
B   G   45  -9999.99  -170.81    50.04   133.92    56.83    75.93   -55.33
B   U   46    152.48  -118.06  -176.28    79.35  -154.83    91.63  -157.29
B   C   47    -67.33  -171.06    65.56   145.03  -145.22    87.30  -138.31
B   G   48     34.76  -179.95    44.80    85.06  -144.25   -66.61  -175.09
B   C   49    -67.00   176.87    51.74    80.50  -147.34   -68.40  -164.51
B   G   50    -66.09   178.89    49.35    78.00  -164.64   -78.00  -166.65
B   G   51    153.62  -160.36   179.06    81.00  -136.99   -77.77   179.31
B   G   52    -47.72   166.30    48.79    79.88  -144.04   -78.34  -172.16
B   U   53    -49.50   169.80    47.28    81.33  -144.52   -58.07  -156.43
B   U   54    179.84   179.35   153.01    80.17  -115.76   -82.11  -162.88
B   C   55    158.82  -171.10    53.23    80.40  -140.16   -62.85  -164.38
B   G   56    -67.80   163.69    69.63    78.89  -138.70   -61.10   179.03
B   A   57    -65.86  -127.97    64.06   148.61   -85.31  -174.41   -74.56
B   G   58     74.63  -160.58    67.66    84.40  -123.37   -69.15  -176.71
B   U   59    -48.86   160.55    61.82   144.24   -96.29   -66.71  -119.26
B   C   60    -84.35   177.60    37.22    80.23  -153.08   -73.33  -169.04
B   C   61    -66.69   179.65    48.97    81.94  -149.65   -72.95  -162.72
B   C   62    -60.24   179.55    47.36    79.81  -149.43   -80.15  -160.97
B   G   63    -53.21   167.57    48.42    80.73  -143.01   -66.57  -168.10
B   U   64    -66.43   171.73    56.91    79.25  -157.92   -79.01  -163.25
B   C   65    -64.25   168.28    58.00    80.22  -141.60   -78.33  -161.50
B   U   66    -64.00   166.72    55.87    82.60  -146.79   -74.55  -162.19
B   U   67    -63.07   168.94    53.70    80.53  -144.88   -82.60  -159.89
B   C   68    -63.70   163.80    56.88    81.48  -154.71   -67.85  -159.10
B   C   69    -72.09  -177.13    51.82    79.76  -142.60   -72.31  -165.38
B   G   70    -70.91   166.80    63.13    77.46  -150.22   -76.99  -171.47
B   C   71    -70.38   171.15    65.50    81.75  -132.64  -124.59  -165.65
B   U   72    -44.20   166.01   -51.21   147.65 -9999.99 -9999.99  -116.04
