PDB data file name: Dataset/4v5m_V.pdb_new
-----------------------------------------------------------
CRITERIA USED TO GENERATE BASE-PAIR: 
  3.40 --> upper H-bond length limits (ON..ON).
 26.00 --> max. distance between paired base origins.
  2.50 --> max. vertical distance between paired base origins.
 65.00 --> max. angle between paired bases [0-90].
  5.40 --> min. distance between RN9/YN1 atoms.
  8.00 --> max. distance criterion for helix break[0-12]
-----------------------------------------------------------
BASE-PAIR INSTRUCTIONS: 
Column 1 is rnaview assigned base numbers n1_n2, start from 1.
Column 2 & 3 are chain ID & residue number in input PDB file.
Column 4 is for base pair. The left & right are the bases as 
         identified by column 2 & 3 and 5 & 6.
Column 5 & 6 are residue number & chain ID in input PDB file.
Column 7 is for base pair annotation. The standard Watson-Crick
         (W.C.) pairs are annotated as -/- (AU,AT) or +/+ (GC).
         Other pairs are annotated as Leontis_Westhof Classification.
         The three edges: W(Watson-Crick); H(Hoogsteen); S(suger).
         e.g. W/H means the pair is edge of Watson-Crick & Hoogsteen.
Column 8 is glycosidic bond orientation (either cis or trans).
         e.g. 'W/H cis' means the pair is interaction on Watson-Crick
         and Hoogsteen side, glycosidic bond orientation is 'cis'.
Column 9 corresponds to Saenger Classification.

Other columns: 
        Syn sugar-base conformations are annotated as (syn).
        Stacked base pairs are annotated as (stack).
        Non-identified edges are annotated as (.) or (?)
        Tertiary interactions are marked by (!) in the line.
Reference:
Yang et al (2003) Nucleic Acids Research, Vol31,No13,p3450-3461.
-----------------------------------------------------------
BEGIN_base-pair
    11_25, V:    11 A-U    24 V: -/- cis         XX
     3_71, V:     3 C-G    70 V: +/+ cis         XIX
    13_23, V:    13 C-G    22 V: +/+ cis         XIX
    29_43, V:    28 C-G    42 V: +/+ cis         XIX
    52_64, V:    51 C-G    63 V: +/+ cis         XIX
     4_70, V:     4 G-C    69 V: +/+ cis         XIX
     5_69, V:     5 G-C    68 V: +/+ cis         XIX
     6_68, V:     6 G-C    67 V: +/+ cis         XIX
     7_67, V:     7 G-C    66 V: +/+ cis         XIX
    10_26, V:    10 G-C    25 V: +/+ cis         XIX
    12_24, V:    12 G-C    23 V: +/+ cis         XIX
    30_42, V:    29 G-C    41 V: +/+ cis         XIX
    31_41, V:    30 G-C    40 V: +/+ cis         XIX
    32_40, V:    31 G-C    39 V: +/+ cis         XIX
    50_66, V:    49 G-C    65 V: +/+ cis         XIX
    53_63, V:    52 G-C    62 V: +/+ cis         XIX
    54_62, V:    53 G-C    61 V: +/+ cis         XIX
    28_44, V:    27 U-A    43 V: -/- cis         XX
    27_45, V:    26 G-A    44 V: W/W cis         VIII
     2_72, V:     2 G-C    71 V: W/W cis         n/a
    20_57, V:    19 G-C    56 V: W/W cis         n/a
    51_65, V:    50 U-G    64 V: W/W cis         XXVIII
    15_49, V:    15 G-C    48 V: W/W tran        XXII
     8_14, V:     8 U-A    14 V: W/H tran        XXIV
    55_59, V:    54 U-A    58 V: W/H tran     syn  XXIV
    19_56, V:    18 G-U    55 V: W/S tran        n/a
END_base-pair
  The total base pairs =  26 (from   77 bases)
------------------------------------------------
 Standard  WW--cis  WW-tran  HH--cis  HH-tran  SS--cis  SS-tran
       18        4        1        0        0        0        0
  WH--cis  WH-tran  WS--cis  WS-tran  HS--cis  HS-tran
        0        2        0        1        0        0
------------------------------------------------
