PDB data file name: ./Datasets/pdb_select_tRNA/7n31_D.pdb_new
uncommon residue 4SU    8  on chain D [#8] assigned to: u
uncommon residue H2U   16  on chain D [#16] assigned to: u
uncommon residue PSU   32  on chain D [#32] assigned to: P
uncommon residue MIA   37  on chain D [#37] assigned to: a
uncommon residue PSU   39  on chain D [#39] assigned to: P
uncommon residue 7MG   46  on chain D [#46] assigned to: g
uncommon residue 3AU   47  on chain D [#47] assigned to: u
uncommon residue PSU   55  on chain D [#55] assigned to: P
-----------------------------------------------------------
CRITERIA USED TO GENERATE BASE-PAIR: 
  3.40 --> upper H-bond length limits (ON..ON).
 26.00 --> max. distance between paired base origins.
  2.50 --> max. vertical distance between paired base origins.
 65.00 --> max. angle between paired bases [0-90].
  5.40 --> min. distance between RN9/YN1 atoms.
  8.00 --> max. distance criterion for helix break[0-12]
-----------------------------------------------------------
BASE-PAIR INSTRUCTIONS: 
Column 1 is rnaview assigned base numbers n1_n2, start from 1.
Column 2 & 3 are chain ID & residue number in input PDB file.
Column 4 is for base pair. The left & right are the bases as 
         identified by column 2 & 3 and 5 & 6.
Column 5 & 6 are residue number & chain ID in input PDB file.
Column 7 is for base pair annotation. The standard Watson-Crick
         (W.C.) pairs are annotated as -/- (AU,AT) or +/+ (GC).
         Other pairs are annotated as Leontis_Westhof Classification.
         The three edges: W(Watson-Crick); H(Hoogsteen); S(suger).
         e.g. W/H means the pair is edge of Watson-Crick & Hoogsteen.
Column 8 is glycosidic bond orientation (either cis or trans).
         e.g. 'W/H cis' means the pair is interaction on Watson-Crick
         and Hoogsteen side, glycosidic bond orientation is 'cis'.
Column 9 corresponds to Saenger Classification.

Other columns: 
        Syn sugar-base conformations are annotated as (syn).
        Stacked base pairs are annotated as (stack).
        Non-identified edges are annotated as (.) or (?)
        Tertiary interactions are marked by (!) in the line.
Reference:
Yang et al (2003) Nucleic Acids Research, Vol31,No13,p3450-3461.
-----------------------------------------------------------
BEGIN_base-pair
     1_72, D:     1 G-C    72 D: +/+ cis         XIX
      2_3, D:     2 C-C     3 D:      stacked
     2_71, D:     2 C-G    71 D: +/+ cis         XIX
     3_70, D:     3 C-G    70 D: +/+ cis         XIX
     3_71, D:     3 C-G    71 D:      stacked
     4_69, D:     4 C-G    69 D: +/+ cis         XIX
     5_68, D:     5 G-C    68 D: +/+ cis         XIX
     6_67, D:     6 G-C    67 D: +/+ cis         XIX
     7_66, D:     7 A-U    66 D: -/- cis         XX
     8_14, D:     8 u-A    14 D: W/H tran        XXIV
     8_15, D:     8 u-G    15 D: W/W tran        XXVII
     9_23, D:     9 A-A    23 D: H/H tran   syn    II
    10_25, D:    10 G-C    25 D: +/+ cis         XIX
    11_24, D:    11 C-G    24 D: +/+ cis         XIX
    12_23, D:    12 U-A    23 D: -/- cis         XX
    13_22, D:    13 C-G    22 D: +/+ cis         XIX
    14_21, D:    14 A-A    21 D: W/S tran        n/a
    15_48, D:    15 G-C    48 D: W/W tran        XXII
    17_58, D:    17 C-A    58 D: W/W cis    syn    n/a
    18_55, D:    18 G-P    55 D: W/S tran        n/a
    19_56, D:    19 G-C    56 D: +/+ cis    syn    XIX
    22_46, D:    22 G-g    46 D: H/W tran        VII
    26_44, D:    26 A-G    44 D: W/W cis         VIII
    27_43, D:    27 G-C    43 D: +/+ cis         XIX
    28_42, D:    28 G-C    42 D: +/+ cis         XIX
    29_41, D:    29 G-C    41 D: +/+ cis         XIX
    30_40, D:    30 G-C    40 D: +/+ cis         XIX
    31_39, D:    31 A-P    39 D: W/W cis         n/a
    48_59, D:    48 C-U    59 D:      stacked
    49_65, D:    49 C-G    65 D: +/+ cis         XIX
    49_66, D:    49 C-U    66 D:      stacked
    50_64, D:    50 U-A    64 D: -/- cis         XX
    51_63, D:    51 U-G    63 D: W/W cis         XXVIII
    52_62, D:    52 G-C    62 D: +/+ cis         XIX
    53_61, D:    53 G-C    61 D: +/+ cis         XIX
    54_58, D:    54 U-A    58 D: W/H tran        XXIV
    32_38, D:    32 P-A    38 D: S/W cis         !1H(b_b)
     8_21, D:     8 u-A    21 D: S/W tran        !(b_s)
     9_11, D:     9 A-C    11 D: S/H cis    syn    !(b_s)
    17_60, D:    17 C-U    60 D: S/S cis    syn syn  !(b_s)
    17_61, D:    17 C-C    61 D: W/S tran   syn    !(b_s)
    16_17, D:    16 u-C    17 D: S/S cis      syn  !(s_s)
    33_36, D:    33 U-A    36 D: S/H tran        !(s_s)
    58_60, D:    58 A-U    60 D: S/S tran     syn  !(s_s)
    75_76, D:    75 C-A    76 D: S/? tran        !(s_s)
END_base-pair

Summary of triplets and higher multiplets
BEGIN_multiplets
8_14_21_| [1 3]  D: 8 u  +  D: 14 A  +  D: 21 A
9_12_23_| [2 3]  D: 9 A  +  D: 12 U  +  D: 23 A
13_22_46_| [3 3]  D: 13 C  +  D: 22 G  +  D: 46 g
8_15_48_| [4 3]  D: 8 u  +  D: 15 G  +  D: 48 C
17_54_58_| [5 3]  D: 17 C  +  D: 54 U  +  D: 58 A
END_multiplets

  The total base pairs =  32 (from   76 bases)
------------------------------------------------
 Standard  WW--cis  WW-tran  HH--cis  HH-tran  SS--cis  SS-tran
       20        4        2        0        1        0        0
  WH--cis  WH-tran  WS--cis  WS-tran  HS--cis  HS-tran
        0        3        0        2        0        0
------------------------------------------------
