The backbone torsional angle for nucleic acid 

 
Note: alpha:   O3'(i-1)-P-O5'-C5'
      beta:    P-O5'-C5'-C4'
      gamma:   O5'-C5'-C4'-C3'
      delta:   C5'-C4'-C3'-O3'
      epsilon: C4'-C3'-O3'-P(i+1)
      zeta:    C3'-O3'-P(i+1)-O5'(i+1)

      chi for pyrimidines(Y): O4'-C1'-N1-C2
          chi for purines(R): O4'-C1'-N9-C4

    (The number -9999.99 means that the angle can not be calculated) 

Ch Res  Num    alpha    beta     gamma    delta  epsilon    zeta     chi
C GTP    1  -9999.99 -9999.99    -2.76   108.17  -127.70   -74.04  -158.38
C   C    2    -77.61   161.22    57.29    78.95  -148.49   -76.56  -155.14
C   G    3    -60.33   165.33    50.38    78.86  -146.91   -75.30  -169.06
C   C    4    -66.95   178.78    51.32    79.88  -137.50   -92.09  -155.91
C   C    5    -61.08   149.66    64.95    79.10  -162.33   -75.74  -149.01
C   G    6    153.19  -147.13   178.25    82.20  -119.14  -109.78   178.77
C   C    7    -35.43   140.38    66.12   146.65  -116.26   -43.31  -134.19
C   U    8    -91.59  -138.62    55.93    80.85  -102.38  -152.35  -162.66
C   G    9     61.93  -131.49   -95.67   140.01  -104.14   -46.52  -107.51
C   G   10   -179.66   174.16    63.77    82.71  -127.12   -78.43   175.30
C   U   11    -56.69   170.24    48.26    79.38  -143.02   -74.90  -159.47
C   G   12    -59.10   170.73    48.41    76.26  -157.84   -69.12  -165.65
C   U   13    159.61  -161.96   179.97    82.82  -155.16   -75.49  -168.82
C   A   14    -61.59  -176.68    49.56    76.61  -139.66   -67.92  -169.20
C   G   15    -56.27   166.19    52.28    80.76  -160.65   -87.65  -164.25
C   U   16    -55.25   169.77    46.87    81.18  -165.85   -91.37  -150.78
C   G   18    146.65  -156.11   -46.60   148.95   -84.46   170.96  -106.02
C   G   19    147.98  -164.02   158.18   153.38  -108.62    95.76  -105.87
C   U   20   -101.43  -137.47    43.78   145.08  -101.04    82.33    42.34
C   A   21    168.74  -123.57   105.40    80.37   165.68   -97.58  -154.73
C   U   22    -54.47  -167.63    46.71    80.87  -145.99   -71.56  -160.61
C   C   23    -67.03   166.48    55.73    77.05  -150.97   -73.48  -167.57
C   A   24    -60.96   169.09    58.82    78.48  -139.34   -70.97  -166.40
C   U   25    -67.80   155.48    74.54    81.28  -129.58   -87.25  -164.20
C   G   26    -32.27   148.55    38.84    80.48  -140.81   -84.11  -162.32
C   C   27    -51.90   158.73    44.55    77.81  -150.04   -66.34  -153.52
C   A   28    -69.50  -170.04    51.55    81.02  -152.79   -76.02  -163.66
C   A   29    -57.28   169.87    46.21    76.80  -137.99   -87.27  -165.93
C   G   30    -41.35   166.48    41.11    80.55  -163.55   -87.17  -150.52
C   A   31    143.61  -134.35   175.44    80.43  -120.36   -73.66  -179.65
C   U   32    -47.54   164.19    47.31    77.30  -136.89   -21.83  -162.11
C   U   33   -126.71    95.02   176.46    82.26  -102.44   -62.17    -3.26
C   C   34    -60.54   163.87    72.57   147.97   -99.69   145.28  -119.94
C   C   35    -53.55  -164.99    46.22   143.03   -88.83   147.90  -124.92
C   C   36    -64.52   156.14    33.95   139.61   -92.26   117.55  -140.22
C   A   37     68.65   150.86   -60.33   147.98   -71.64   -53.97   -93.04
C   U   38    -73.03  -131.46   125.60    83.16  -117.43   -95.85  -175.02
C   U   39    -41.75   144.25    45.19    77.69  -142.60   -94.00  -163.49
C   C   40    -38.07   165.59    28.96    76.55  -154.05   -72.30  -158.89
C   U   41    -62.22   162.21    61.46    77.09  -138.34   -67.90  -168.35
C   U   42    -69.13   174.81    60.69    78.96  -151.60   -73.20  -159.27
C   G   43    -59.44   167.73    58.52    79.86  -152.18   -75.59  -170.92
C   C   44    -54.13   174.35    48.44    82.57  -135.09   -84.65  -163.70
C   G   45    -46.63   155.51    44.85    83.14  -152.02   -90.85  -139.93
C   A   46    -65.44  -166.59    65.33    84.82  -163.72   -62.24  -117.14
C   C   48   -120.26   150.13   172.36   144.76  -135.62    50.68  -117.84
C   C   49     80.19   141.47    31.56    80.09  -146.07   -71.15  -166.22
C   C   50    -67.36   169.78    63.22    78.83  -123.96   -74.87  -164.59
C   G   51    -91.78   138.37    94.36    76.80  -139.45   -83.50  -173.50
C   G   52    -64.97   163.24    58.00    82.20  -147.12   -75.82  -174.20
C   G   53    -55.08   174.17    48.76    82.10  -128.60   -95.03  -160.49
C   U   54    -46.37   142.66    52.68    77.26  -121.92   -69.85  -159.85
C   U   55    -49.96   167.25    48.92    72.85  -133.20   -94.15  -147.62
C   C   56    153.28  -162.67    64.51    86.51  -134.70   -68.29  -171.88
C   G   57    -58.59   159.24    51.66    77.01  -142.75   -72.60  -161.35
C   A   58    -49.90  -155.52    48.76   144.37  -109.42  -177.27    97.78
C   U   59     94.04  -146.28    78.03    80.38  -131.34   -97.33  -169.18
C   U   60    -18.39   148.94    42.93   140.54   -95.78   -71.02  -121.97
C   C   61    -79.47   167.48    40.93    78.52  -130.40   -87.25  -172.08
C   C   62    -61.09   157.03    60.57    80.37  -155.75   -68.35  -172.27
C   C   63    -88.39  -170.03    58.58    80.22  -150.84   -74.10  -159.55
C   G   64    -57.47   168.83    51.68    79.78  -172.76   -90.25  -166.51
C   G   65   -179.94  -133.18   143.41    77.80  -131.71   -87.05  -176.98
C   G   66    -40.72   158.56    43.02    78.31  -128.65   -85.04  -170.65
C   C   67    -50.88   149.76    54.57    76.70  -145.85   -87.71  -165.86
C   G   68    -51.10   162.59    52.79    83.05  -158.35   -71.82  -167.23
C   G   69    -74.98  -177.65    51.21    79.61  -118.57   -62.59  -170.59
C   C   70   -100.59   120.34   122.36    81.22  -135.31   -85.34  -177.73
C   G   71   -143.11  -165.85   104.43    78.43   -95.25  -108.39  -174.74
C   C   72    -73.79   141.29    64.52    83.01 -9999.99 -9999.99  -163.93
