PDB data file name: ./Datasets/pdb_select_tRNA_NoCopie/6boh_I(IA).pdb_new
uncommon residue 4SU    8  on chain I [#8] assigned to: u
uncommon residue 5MC   32  on chain I [#33] assigned to: c
uncommon residue 5MU   54  on chain I [#55] assigned to: u
uncommon residue PSU   55  on chain I [#56] assigned to: P
uncommon residue 4SU    8  on chain I [#85] assigned to: u
uncommon residue 5MC   32  on chain I [#110] assigned to: c
uncommon residue 5MU   54  on chain I [#132] assigned to: u
uncommon residue PSU   55  on chain I [#133] assigned to: P
-----------------------------------------------------------
CRITERIA USED TO GENERATE BASE-PAIR: 
  3.40 --> upper H-bond length limits (ON..ON).
 26.00 --> max. distance between paired base origins.
  2.50 --> max. vertical distance between paired base origins.
 65.00 --> max. angle between paired bases [0-90].
  5.40 --> min. distance between RN9/YN1 atoms.
  8.00 --> max. distance criterion for helix break[0-12]
-----------------------------------------------------------
BASE-PAIR INSTRUCTIONS: 
Column 1 is rnaview assigned base numbers n1_n2, start from 1.
Column 2 & 3 are chain ID & residue number in input PDB file.
Column 4 is for base pair. The left & right are the bases as 
         identified by column 2 & 3 and 5 & 6.
Column 5 & 6 are residue number & chain ID in input PDB file.
Column 7 is for base pair annotation. The standard Watson-Crick
         (W.C.) pairs are annotated as -/- (AU,AT) or +/+ (GC).
         Other pairs are annotated as Leontis_Westhof Classification.
         The three edges: W(Watson-Crick); H(Hoogsteen); S(suger).
         e.g. W/H means the pair is edge of Watson-Crick & Hoogsteen.
Column 8 is glycosidic bond orientation (either cis or trans).
         e.g. 'W/H cis' means the pair is interaction on Watson-Crick
         and Hoogsteen side, glycosidic bond orientation is 'cis'.
Column 9 corresponds to Saenger Classification.

Other columns: 
        Syn sugar-base conformations are annotated as (syn).
        Stacked base pairs are annotated as (stack).
        Non-identified edges are annotated as (.) or (?)
        Tertiary interactions are marked by (!) in the line.
Reference:
Yang et al (2003) Nucleic Acids Research, Vol31,No13,p3450-3461.
-----------------------------------------------------------
BEGIN_base-pair
    11_25, I:    11 A-U    24 I: -/- cis         XX
     3_71, I:     3 C-G    70 I: +/+ cis         XIX
    13_23, I:    13 C-G    22 I: +/+ cis         XIX
    29_43, I:    28 C-G    42 I: +/+ cis         XIX
   80_148, I:     3 C-G    70 I: +/+ cis         XIX
   90_100, I:    13 C-G    22 I: +/+ cis         XIX
  106_120, I:    28 C-G    42 I: +/+ cis         XIX
  129_141, I:    51 C-G    63 I: +/+ cis         XIX
     2_72, I:     2 G-C    71 I: +/+ cis         XIX
     4_70, I:     4 G-C    69 I: +/+ cis         XIX
     5_69, I:     5 G-C    68 I: +/+ cis         XIX
     6_68, I:     6 G-C    67 I: +/+ cis         XIX
    10_26, I:    10 G-C    25 I: +/+ cis         XIX
    12_24, I:    12 G-C    23 I: +/+ cis         XIX
    30_42, I:    29 G-C    41 I: +/+ cis         XIX
    31_41, I:    30 G-C    40 I: +/+ cis         XIX
    50_66, I:    49 G-C    65 I: +/+ cis         XIX
    54_62, I:    53 G-C    61 I: +/+ cis         XIX
  108_118, I:    30 G-C    40 I: +/+ cis         XIX
    28_44, I:    27 U-A    43 I: -/- cis         XX
  105_121, I:    27 U-A    43 I: -/- cis         XX
   88_102, I:    11 A-U    24 I: W/W cis         n/a
   78_150, I:     1 C-A    72 I: W/W cis         n/a
    52_64, I:    51 C-G    63 I: W/W cis         n/a
    27_45, I:    26 G-A    44 I: W/W cis         VIII
  104_122, I:    26 G-A    44 I: W/W cis         VIII
     7_67, I:     7 G-C    66 I: W/W cis         n/a
    20_57, I:    19 G-C    56 I: W/W cis    syn    n/a
    32_40, I:    31 G-C    39 I: W/W cis         n/a
    53_63, I:    52 G-C    62 I: W/W cis         n/a
   81_147, I:     4 G-C    69 I: W/W cis         n/a
   82_146, I:     5 G-C    68 I: W/W cis         n/a
   89_101, I:    12 G-C    23 I: W/W cis         n/a
   97_134, I:    19 G-C    56 I: W/W cis         n/a
  108_119, I:    30 G-C    41 I: W/W cis         n/a
  109_117, I:    31 G-C    39 I: W/W cis         n/a
  130_140, I:    52 G-C    62 I: W/W cis         n/a
  131_139, I:    53 G-C    61 I: W/W cis         n/a
  128_143, I:    50 U-C    65 I: W/W cis         XVIII
    51_65, I:    50 U-G    64 I: W/W cis         XXVIII
    15_49, I:    15 G-C    48 I: W/W tran        XXII
   92_126, I:    15 G-C    48 I: W/W tran        XXII
   83_142, I:     6 G-G    64 I: W/W tran        III
    14_22, I:    14 A-A    21 I: W/S cis         n/a
  109_118, I:    31 G-C    40 I: W/S cis         n/a
  100_124, I:    22 G-G    46 I: H/W tran     syn  VII
  136_139, I:    58 A-C    61 I: H/H tran        n/a
    54_63, I:    53 G-C    62 I: S/W cis         n/a
END_base-pair

Summary of triplets and higher multiplets
BEGIN_multiplets
90_100_124_| [1 3]  I: 13 C  +  I: 22 G  +  I: 46 G
108_109_118_| [2 3]  I: 30 G  +  I: 31 G  +  I: 40 C
131_136_139_| [3 3]  I: 53 G  +  I: 58 A  +  I: 61 C
END_multiplets

  The total base pairs =  54 (from  154 bases)
------------------------------------------------
 Standard  WW--cis  WW-tran  HH--cis  HH-tran  SS--cis  SS-tran
       21       19        4        0        1        1        1
  WH--cis  WH-tran  WS--cis  WS-tran  HS--cis  HS-tran
        0        2        3        1        0        0
Single-bond  Bifurcated 
        0        1
------------------------------------------------
