PDB data file name: ./Datasets/pdb_select_tRNA_NoCopie/6boh_I(IA).pdb_new
uncommon residue 4SU    8  on chain I [#8] assigned to: u
uncommon residue 5MC   32  on chain I [#33] assigned to: c
uncommon residue 5MU   54  on chain I [#55] assigned to: u
uncommon residue PSU   55  on chain I [#56] assigned to: P
uncommon residue 4SU    8  on chain I [#85] assigned to: u
uncommon residue 5MC   32  on chain I [#110] assigned to: c
uncommon residue 5MU   54  on chain I [#132] assigned to: u
uncommon residue PSU   55  on chain I [#133] assigned to: P
-----------------------------------------------------------
CRITERIA USED TO GENERATE BASE-PAIR: 
  3.40 --> upper H-bond length limits (ON..ON).
 26.00 --> max. distance between paired base origins.
  2.50 --> max. vertical distance between paired base origins.
 65.00 --> max. angle between paired bases [0-90].
  5.40 --> min. distance between RN9/YN1 atoms.
  8.00 --> max. distance criterion for helix break[0-12]
-----------------------------------------------------------
BASE-PAIR INSTRUCTIONS: 
Column 1 is rnaview assigned base numbers n1_n2, start from 1.
Column 2 & 3 are chain ID & residue number in input PDB file.
Column 4 is for base pair. The left & right are the bases as 
         identified by column 2 & 3 and 5 & 6.
Column 5 & 6 are residue number & chain ID in input PDB file.
Column 7 is for base pair annotation. The standard Watson-Crick
         (W.C.) pairs are annotated as -/- (AU,AT) or +/+ (GC).
         Other pairs are annotated as Leontis_Westhof Classification.
         The three edges: W(Watson-Crick); H(Hoogsteen); S(suger).
         e.g. W/H means the pair is edge of Watson-Crick & Hoogsteen.
Column 8 is glycosidic bond orientation (either cis or trans).
         e.g. 'W/H cis' means the pair is interaction on Watson-Crick
         and Hoogsteen side, glycosidic bond orientation is 'cis'.
Column 9 corresponds to Saenger Classification.

Other columns: 
        Syn sugar-base conformations are annotated as (syn).
        Stacked base pairs are annotated as (stack).
        Non-identified edges are annotated as (.) or (?)
        Tertiary interactions are marked by (!) in the line.
Reference:
Yang et al (2003) Nucleic Acids Research, Vol31,No13,p3450-3461.
-----------------------------------------------------------
BEGIN_base-pair
      2_3, I:     2 G-C     3 I:      stacked
     2_72, I:     2 G-C    71 I: +/+ cis         XIX
     3_71, I:     3 C-G    70 I: +/+ cis         XIX
     4_70, I:     4 G-C    69 I: +/+ cis         XIX
     5_69, I:     5 G-C    68 I: +/+ cis         XIX
     6_68, I:     6 G-C    67 I: +/+ cis         XIX
     7_67, I:     7 G-C    66 I: W/W cis         n/a
     8_47, I:     8 u-G    46 I: s/S cis         n/a
    10_26, I:    10 G-C    25 I: +/+ cis         XIX
    11_25, I:    11 A-U    24 I: -/- cis         XX
    12_24, I:    12 G-C    23 I: +/+ cis         XIX
    13_23, I:    13 C-G    22 I: +/+ cis         XIX
    14_22, I:    14 A-A    21 I: W/S cis         n/a
    15_49, I:    15 G-C    48 I: W/W tran        XXII
    19_56, I:    18 G-P    55 I: W/S tran        n/a
    20_57, I:    19 G-C    56 I: W/W cis    syn    n/a
    25_26, I:    24 U-C    25 I:      stacked
    27_45, I:    26 G-A    44 I: W/W cis         VIII
    28_44, I:    27 U-A    43 I: -/- cis         XX
    29_43, I:    28 C-G    42 I: +/+ cis         XIX
    30_42, I:    29 G-C    41 I: +/+ cis         XIX
    31_41, I:    30 G-C    40 I: +/+ cis         XIX
    32_40, I:    31 G-C    39 I: W/W cis         n/a
    33_39, I:    32 c-A    38 I: W/W tran        XXVI
    42_43, I:    41 C-G    42 I:      stacked
    50_66, I:    49 G-C    65 I: +/+ cis         XIX
    50_67, I:    49 G-C    66 I:      stacked
    51_65, I:    50 U-G    64 I: W/W cis         XXVIII
    52_53, I:    51 C-G    52 I:      stacked
    52_64, I:    51 C-G    63 I: W/W cis         n/a
    53_63, I:    52 G-C    62 I: W/W cis         n/a
    54_62, I:    53 G-C    61 I: +/+ cis         XIX
    54_63, I:    53 G-C    62 I: S/W cis         n/a
    55_59, I:    54 u-A    58 I: W/H tran        XXIV
    60_61, I:    59 A-U    60 I:      stacked
   78_150, I:     1 C-A    72 I: W/W cis         n/a
   80_148, I:     3 C-G    70 I: +/+ cis         XIX
    81_82, I:     4 G-G     5 I:      stacked
   81_147, I:     4 G-C    69 I: W/W cis         n/a
    82_84, I:     5 G-G     7 I:      stacked
   82_146, I:     5 G-C    68 I: W/W cis         n/a
   83_142, I:     6 G-G    64 I: W/W tran        III
   84_146, I:     7 G-C    68 I:      stacked
    85_91, I:     8 u-A    14 I: ./H tran        n/a
    85_92, I:     8 u-G    15 I:      stacked
   86_124, I:     9 G-G    46 I:   syn  stacked
    88_89, I:    11 A-G    12 I:      stacked
   88_102, I:    11 A-U    24 I: W/W cis         n/a
   88_103, I:    11 A-C    25 I:      stacked
   89_101, I:    12 G-C    23 I: W/W cis         n/a
   90_100, I:    13 C-G    22 I: +/+ cis         XIX
   92_126, I:    15 G-C    48 I: W/W tran        XXII
    94_95, I:    17 C-U    17 I:      stacked
   97_134, I:    19 G-C    56 I: W/W cis         n/a
  100_124, I:    22 G-G    46 I: H/W tran     syn  VII
  104_122, I:    26 G-A    44 I: W/W cis         VIII
  105_121, I:    27 U-A    43 I: -/- cis         XX
  106_120, I:    28 C-G    42 I: +/+ cis         XIX
  108_109, I:    30 G-G    31 I:      stacked
  108_118, I:    30 G-C    40 I: +/+ cis         XIX
  108_119, I:    30 G-C    41 I: W/W cis         n/a
  109_117, I:    31 G-C    39 I: W/W cis         n/a
  109_118, I:    31 G-C    40 I: W/S cis         n/a
  128_143, I:    50 U-C    65 I: W/W cis         XVIII
  129_141, I:    51 C-G    63 I: +/+ cis         XIX
  130_140, I:    52 G-C    62 I: W/W cis         n/a
  131_139, I:    53 G-C    61 I: W/W cis         n/a
  133_135, I:    55 P-A    57 I: S/S tran        n/a
  136_139, I:    58 A-C    61 I: H/H tran        n/a
  144_145, I:    66 C-C    67 I:      stacked
     8_13, I:     8 u-C    13 I: W/H tran        !1H(b_b).
    10_46, I:    10 G-G    45 I: H/S cis         !1H(b_b)
    50_65, I:    49 G-G    64 I: W/W cis         !1H(b_b)
   87_103, I:    10 G-C    25 I: W/W cis         !1H(b_b).
   87_123, I:    10 G-G    45 I: H/S cis         !1H(b_b)
  128_142, I:    50 U-G    64 I: W/W cis         !1H(b_b).
  129_142, I:    51 C-G    64 I: W/W cis         !1H(b_b).
  132_139, I:    54 u-C    61 I: S/W cis         !1H(b_b)
    59_61, I:    58 A-U    60 I: S/H tran        !(b_s)
   84_145, I:     7 G-C    67 I: W/S cis         !(b_s)
   85_126, I:     8 u-C    48 I: S/S cis         !(b_s)
   99_124, I:    21 A-G    46 I: S/H cis      syn  !(b_s)
  111_115, I:    33 U-A    37 I: S/H tran        !(b_s)
    18_19, I:    17 U-G    18 I: S/? tran        !(s_s)
    34_36, I:    33 U-A    35 I: S/S tran        !(s_s)
    34_37, I:    33 U-U    36 I: S/H tran        !(s_s)
    48_49, I:    47 U-C    48 I: S/S tran        !(s_s)
    75_76, I:    74 C-C    75 I: S/H tran        !(s_s)
    86_88, I:     9 G-A    11 I: S/H cis         !(s_s)
   86_101, I:     9 G-C    23 I: H/H tran        !(s_s)
   99_100, I:    21 A-G    22 I: S/? tran        !(s_s)
   99_126, I:    21 A-C    48 I: S/W cis         !(s_s)
  100_137, I:    22 G-A    59 I: ?/W tran        !(s_s)
  125_128, I:    47 U-U    50 I: S/. tran        !(s_s)
  138_139, I:    60 U-C    61 I: S/H cis         !(s_s)
  145_146, I:    67 C-C    68 I: S/S cis         !(s_s)
END_base-pair

Summary of triplets and higher multiplets
BEGIN_multiplets
90_100_124_| [1 3]  I: 13 C  +  I: 22 G  +  I: 46 G
108_109_118_| [2 3]  I: 30 G  +  I: 31 G  +  I: 40 C
131_136_139_| [3 3]  I: 53 G  +  I: 58 A  +  I: 61 C
END_multiplets

  The total base pairs =  54 (from  154 bases)
------------------------------------------------
 Standard  WW--cis  WW-tran  HH--cis  HH-tran  SS--cis  SS-tran
       21       19        4        0        1        1        1
  WH--cis  WH-tran  WS--cis  WS-tran  HS--cis  HS-tran
        0        2        3        1        0        0
Single-bond  Bifurcated 
        0        1
------------------------------------------------
