PDB data file name: tRNA_dataset/1j2b_chain_D.pdb_new
-----------------------------------------------------------
CRITERIA USED TO GENERATE BASE-PAIR: 
  3.40 --> upper H-bond length limits (ON..ON).
 26.00 --> max. distance between paired base origins.
  2.50 --> max. vertical distance between paired base origins.
 65.00 --> max. angle between paired bases [0-90].
  5.40 --> min. distance between RN9/YN1 atoms.
  8.00 --> max. distance criterion for helix break[0-12]
-----------------------------------------------------------
BASE-PAIR INSTRUCTIONS: 
Column 1 is rnaview assigned base numbers n1_n2, start from 1.
Column 2 & 3 are chain ID & residue number in input PDB file.
Column 4 is for base pair. The left & right are the bases as 
         identified by column 2 & 3 and 5 & 6.
Column 5 & 6 are residue number & chain ID in input PDB file.
Column 7 is for base pair annotation. The standard Watson-Crick
         (W.C.) pairs are annotated as -/- (AU,AT) or +/+ (GC).
         Other pairs are annotated as Leontis_Westhof Classification.
         The three edges: W(Watson-Crick); H(Hoogsteen); S(suger).
         e.g. W/H means the pair is edge of Watson-Crick & Hoogsteen.
Column 8 is glycosidic bond orientation (either cis or trans).
         e.g. 'W/H cis' means the pair is interaction on Watson-Crick
         and Hoogsteen side, glycosidic bond orientation is 'cis'.
Column 9 corresponds to Saenger Classification.

Other columns: 
        Syn sugar-base conformations are annotated as (syn).
        Stacked base pairs are annotated as (stack).
        Non-identified edges are annotated as (.) or (?)
        Tertiary interactions are marked by (!) in the line.
Reference:
Yang et al (2003) Nucleic Acids Research, Vol31,No13,p3450-3461.
-----------------------------------------------------------
BEGIN_base-pair
     4_64, D:   904 C-G   970 D: +/+ cis         XIX
     5_63, D:   905 C-G   969 D: +/+ cis         XIX
     6_62, D:   906 C-G   968 D: +/+ cis         XIX
    20_41, D:   926 C-G   947 D: +/+ cis         XIX
    23_37, D:   929 C-G   943 D: +/+ cis         XIX
    25_35, D:   931 C-G   941 D: +/+ cis         XIX
    26_34, D:   932 C-G   940 D: +/+ cis         XIX
    44_60, D:   950 C-G   966 D: +/+ cis         XIX
     1_67, D:   901 G-C   973 D: +/+ cis         XIX
     2_66, D:   902 G-C   972 D: +/+ cis         XIX
     3_65, D:   903 G-C   971 D: +/+ cis         XIX
     7_61, D:   907 G-C   967 D: +/+ cis         XIX
    18_43, D:   924 G-C   949 D: +/+ cis         XIX
    24_36, D:   930 G-C   942 D: +/+ cis         XIX
    48_56, D:   954 G-C   962 D: +/+ cis         XIX
    48_57, D:   954 G-C   963 D: +/+ cis         XIX
    27_33, D:   933 C-A   939 D: W/W cis         n/a
    49_53, D:   955 U-A   959 D: W/H tran        XXIV
END_base-pair
  The total base pairs =  18 (from   71 bases)
------------------------------------------------
 Standard  WW--cis  WW-tran  HH--cis  HH-tran  SS--cis  SS-tran
       16        1        0        0        0        0        0
  WH--cis  WH-tran  WS--cis  WS-tran  HS--cis  HS-tran
        0        1        0        0        0        0
------------------------------------------------
