The backbone torsional angle for nucleic acid 

 
Note: alpha:   O3'(i-1)-P-O5'-C5'
      beta:    P-O5'-C5'-C4'
      gamma:   O5'-C5'-C4'-C3'
      delta:   C5'-C4'-C3'-O3'
      epsilon: C4'-C3'-O3'-P(i+1)
      zeta:    C3'-O3'-P(i+1)-O5'(i+1)

      chi for pyrimidines(Y): O4'-C1'-N1-C2
          chi for purines(R): O4'-C1'-N9-C4

    (The number -9999.99 means that the angle can not be calculated) 

Ch Res  Num    alpha    beta     gamma    delta  epsilon    zeta     chi
B   G    1  -9999.99  -108.04    88.57    77.74  -153.48   -76.45  -173.51
B   C    2    -62.60   163.11    58.09    75.86  -148.65   -79.11  -171.25
B   C    3    -61.52   168.45    54.30    78.46  -154.24   -77.89  -168.43
B   C    4    -68.83   176.62    58.13    75.20  -150.61   -74.30  -165.84
B   G    5    -75.59   177.96    68.22    82.57  -148.96   -74.63  -167.09
B   G    5    -76.04   175.79    63.82    74.08  -150.77   -65.67  -166.84
B   A    5    -74.42   165.40    64.22    76.60  -146.74   -61.44  -171.04
B   U    6    -66.30   176.34    58.77    87.33  -155.97   -87.11  -159.21
B   G    7    -65.92  -171.96    66.84   149.18   -98.12   -56.78  -101.83
B   A    8    175.05   169.94    42.27   143.21  -103.86   178.73  -106.55
B   U    9    141.70   174.35  -179.65   153.15  -139.58    64.19  -136.45
B   C   10     66.16   152.82    33.39    88.87  -140.67   -82.86  -167.71
B   C   11    -58.48   168.08    49.17    79.38  -140.84   -68.79  -162.88
B   U   12    -73.37   170.88    57.88    80.80  -156.20   -81.10  -160.04
B   C   13    -68.47   176.51    58.63    86.15  -153.38   -63.75  -154.06
B   A   14    -91.00   168.25    80.60    71.61  -164.04   -67.38  -172.32
B   G   15    -72.89  -179.90    61.36    82.22  -146.89   -71.65  -165.69
B   U   16    -55.58   164.72    48.83    74.15  -153.19   -82.67  -155.16
B   G   18    141.98  -173.62   -39.40   143.88   -86.08  -165.13  -107.18
B   G   19    -34.37   156.15     5.16   111.84    51.27   -82.49   -72.76
B   U   20   -115.55  -142.89   108.36   138.69   -84.99    82.60  -140.40
B   C   20   -153.03   102.44  -177.58    87.54  -161.80   -68.05  -166.23
B   U   21    -87.74  -172.95    66.95    80.77  -152.39   -78.55  -167.95
B   G   22    -67.98   169.14    58.73    77.08  -158.63   -73.11  -166.15
B   G   23    -73.09  -176.35    61.66    76.96  -151.51   -68.60  -173.48
B   G   24    -78.97  -172.93    56.33    80.22  -150.68   -72.98  -169.12
B   G   25    -61.84  -179.75    49.10    78.50  -150.89   -68.02  -159.64
B   U   26    -68.74   168.09    59.00    77.48  -154.91   -78.08  -163.95
B   G   27    -69.79   168.60    60.45    80.28  -152.89   -68.95  -164.93
B   C   28    -61.73   170.37    46.91    88.25  -146.19   -82.80  -156.73
B   A   29    -75.25   171.55    57.64    75.35  -149.54   -73.09  -162.75
B   G   30    -59.80   166.29    56.54    81.71  -158.63   -66.89  -158.92
B   G   31    148.85  -174.34  -175.72    87.58  -142.65   -70.10  -174.90
B   C   32    -56.01   171.41    53.29    85.37  -146.94   -74.31  -153.09
B   U   33    -59.29   173.37    54.19   143.07  -101.61   -65.60  -108.56
B   U   34    -52.31   147.40   179.26   153.65   -79.87   -77.19  -119.64
B   C   35    -83.88   176.21    38.90    87.10  -158.46   -68.64  -161.20
B   A   36    153.75  -163.78  -179.67    85.82  -142.22   -64.35  -176.44
B   A   37    -66.98   167.89    51.22    82.89  -140.92   -74.33  -153.41
B   A   38    133.12  -120.52   177.90    92.93  -136.79   -72.32  -171.28
B   C   39    -66.86   160.67    59.53    82.57  -154.06   -79.58  -159.95
B   C   40    -51.76   172.88    48.40    82.87  -149.94   -79.83  -153.59
B   U   41    -71.24   161.99    56.26    77.01  -147.53   -72.12  -163.80
B   G   42    -78.93   173.23    66.76    82.11  -146.01   -74.04  -167.38
B   U   43    -51.80   166.35    50.39    86.03  -157.14   -82.41  -159.91
B   A   44    -55.54   175.53    63.09   154.09   -80.13  -121.36  -123.27
B   G   45    -80.75   170.52    52.56    83.14  -153.94   -66.77  -174.34
B   C   46    -66.13  -173.55    51.65    83.06  -143.67   -75.44  -164.11
B   U   47    -67.72   176.04    45.98    78.18  -145.69   -68.31  -156.22
B   G   47    -69.63   173.44    48.73    75.14  -145.17   -79.02  -164.86
B   U   47    -45.58   164.15    49.98    81.44  -143.21   -78.54  -162.14
B   U   47    -51.10   167.80    48.73    80.22  -161.83   -61.03  -159.45
B   U   47    -74.61  -179.67    60.26    77.58  -140.93   -55.07  -154.48
B   A   47    158.02   143.46    50.77    84.72  -135.42   -68.94  -176.42
B   G   47    -62.39   158.60    59.28    85.43  -148.63   -73.75  -161.98
B   C   47    -64.58   163.79    51.64    78.68  -159.77   -68.89  -152.28
B   G   47    147.18  -122.01   170.10    85.48  -153.54   -57.43  -174.56
B   A   47    -81.95  -175.95    62.67    84.64  -141.61   -77.37  -157.51
B   C   47    -63.40   170.79    47.16    84.10  -147.34   -78.96  -153.33
B   A   47    -64.47   177.53    44.73    83.84  -156.61   -73.44  -153.32
B   G   47    -67.06   172.42    50.26    85.18  -137.12   -87.09  -147.92
B   A   48    -72.68  -175.19    70.51   154.47  -124.93    79.22  -108.92
B   G   50     67.95   157.80    32.15    89.86  -148.85   -79.06  -177.10
B   U   51    -70.22   172.92    58.73    81.70  -148.13   -67.34  -171.14
B   G   52    -87.39   159.17    84.85    75.70  -154.33   -70.13  -177.49
B   G   53    -77.42   170.84    75.10    74.07  -138.09   -91.09  -173.46
B   U   54    -39.66   156.76    41.41    80.39  -130.16   -69.72  -160.27
B   U   55    -64.14   163.05    55.48    76.24  -139.32   -57.41  -151.09
B   C   56    180.00   146.65    45.09    85.37  -136.18   -70.04  -169.99
B   A   57    -73.32   176.43    57.60    81.71  -148.71   -66.39  -154.30
B   A   58    -70.30  -141.12    71.78   143.65  -103.05   177.49   -73.88
B   U   59     99.98  -149.94    57.28    85.30  -159.08   -53.95  -175.30
B   U   60    -80.76  -177.97    73.73   140.95  -103.38   -70.29  -127.39
B   C   61    -82.43   179.03    33.14    83.69  -152.91   -73.25  -174.87
B   C   62    -68.11   177.26    52.00    81.07  -153.74   -78.17  -165.88
B   A   63    -61.35   176.45    46.69    81.29  -156.79   -70.11  -160.47
B   C   64    -71.71   169.60    60.53    85.15  -159.13   -77.05  -160.30
B   C   66    -75.85   177.25    63.73    80.43  -142.80   -79.98  -167.92
B   U   67    -60.64   174.76    50.45    82.90  -141.97   -78.59  -166.31
B   U   67    -74.02   163.56    59.99    84.46  -135.34   -89.97  -164.13
B   U   67    -52.05   148.60    61.86    78.35  -144.47  -136.99  -169.22
B   C   68     23.91   106.08    19.34    71.94  -161.77   -63.00  -156.74
B   G   69    -79.87   177.89    63.27    74.33  -156.43   -67.59  -165.11
B   G   70    -68.32   173.51    63.87    79.85  -147.33   -59.97  -167.98
B   G   71    -88.48   158.62    90.10    70.69  -162.24   -65.15  -178.55
B   C   72    -93.41  -171.45    80.70    87.63 -9999.99 -9999.99  -160.38
