BEGIN_base-pair
    17_22, B:    15 G-C    20 B: +/+ cis         XIX
    18_72, B:    16 U-U    59 B: W/W tran        XII,XIII
    19_68, B:    18 G-U    55 B: W/S tran        n/a
    20_69, B:    19 G-C    56 B: +/+ cis    syn    XIX
    20_69,-
17_22_18_72_19_68_20_69_0, click this line to see above pattern
0_0,---------
    33_41, B:    31 G-C    39 B: +/+ cis         XIX
    34_40, B:    32 C-A    38 B: W/W cis         n/a
    47_62, B:    45 G-A    48 B: W/W cis         VIII
    48_61, B:    46 C-G    47 B: +/+ cis         XIX
    48_61,-
33_41_34_40_47_62_48_61_0, click this line to see above pattern
0_0,---------
    51_58, B:    47 U-A    47 B: -/- cis         XX
    52_57, B:    47 U-G    47 B: W/W cis         XXVIII
    53_56, B:    47 U-C    47 B: S/H tran        n/a
    63_77, B:    50 G-C    64 B: +/+ cis         XIX
    63_77,-
51_58_52_57_53_56_63_77_0, click this line to see above pattern
0_0,---------
END_base-pair
