PDB data file name: ./Datasets/pdb_select_tRNA_NoCopie/5mrc_b.pdb_new
-----------------------------------------------------------
CRITERIA USED TO GENERATE BASE-PAIR: 
  3.40 --> upper H-bond length limits (ON..ON).
 26.00 --> max. distance between paired base origins.
  2.50 --> max. vertical distance between paired base origins.
 65.00 --> max. angle between paired bases [0-90].
  5.40 --> min. distance between RN9/YN1 atoms.
  8.00 --> max. distance criterion for helix break[0-12]
-----------------------------------------------------------
BASE-PAIR INSTRUCTIONS: 
Column 1 is rnaview assigned base numbers n1_n2, start from 1.
Column 2 & 3 are chain ID & residue number in input PDB file.
Column 4 is for base pair. The left & right are the bases as 
         identified by column 2 & 3 and 5 & 6.
Column 5 & 6 are residue number & chain ID in input PDB file.
Column 7 is for base pair annotation. The standard Watson-Crick
         (W.C.) pairs are annotated as -/- (AU,AT) or +/+ (GC).
         Other pairs are annotated as Leontis_Westhof Classification.
         The three edges: W(Watson-Crick); H(Hoogsteen); S(suger).
         e.g. W/H means the pair is edge of Watson-Crick & Hoogsteen.
Column 8 is glycosidic bond orientation (either cis or trans).
         e.g. 'W/H cis' means the pair is interaction on Watson-Crick
         and Hoogsteen side, glycosidic bond orientation is 'cis'.
Column 9 corresponds to Saenger Classification.

Other columns: 
        Syn sugar-base conformations are annotated as (syn).
        Stacked base pairs are annotated as (stack).
        Non-identified edges are annotated as (.) or (?)
        Tertiary interactions are marked by (!) in the line.
Reference:
Yang et al (2003) Nucleic Acids Research, Vol31,No13,p3450-3461.
-----------------------------------------------------------
BEGIN_base-pair
    28_42, B:    28 A-U    42 B: -/- cis         XX
    31_39, B:    31 A-U    39 B: -/- cis         XX
     3_70, B:     3 C-G    70 B: +/+ cis         XIX
     6_67, B:     6 C-G    67 B: +/+ cis         XIX
    11_24, B:    11 C-G    24 B: +/+ cis         XIX
    30_40, B:    30 C-G    40 B: +/+ cis         XIX
    50_64, B:    50 C-G    64 B: +/+ cis         XIX
     1_72, B:     1 G-C    72 B: +/+ cis         XIX
     2_71, B:     2 G-C    71 B: +/+ cis         XIX
    52_62, B:    52 G-C    62 B: +/+ cis         XIX
    53_61, B:    53 G-C    61 B: +/+ cis         XIX
     4_69, B:     4 U-A    69 B: -/- cis         XX
    12_23, B:    12 U-A    23 B: -/- cis         XX
    29_41, B:    29 U-A    41 B: -/- cis         XX
    49_66, B:    49 A-C    66 B: W/W cis         n/a
    26_44, B:    26 A-G    44 B: W/W cis         VIII
    13_23, B:    13 C-A    23 B: W/W cis         n/a
    27_44, B:    27 C-G    44 B: W/W cis         n/a
    54_58, B:    54 U-A    58 B: W/H tran        XXIV
    22_46, B:    22 G-G    46 B: H/W tran        VII
     9_23, B:     9 A-A    23 B: H/H tran   syn    II
END_base-pair

Summary of triplets and higher multiplets
BEGIN_multiplets
9_12_23_| [1 3]  B: 9 A  +  B: 12 U  +  B: 23 A
9_13_23_| [2 3]  B: 9 A  +  B: 13 C  +  B: 23 A
END_multiplets

  The total base pairs =  21 (from   76 bases)
------------------------------------------------
 Standard  WW--cis  WW-tran  HH--cis  HH-tran  SS--cis  SS-tran
       14        4        0        0        1        0        0
  WH--cis  WH-tran  WS--cis  WS-tran  HS--cis  HS-tran
        0        2        0        0        0        0
------------------------------------------------
