The backbone torsional angle for nucleic acid 

 
Note: alpha:   O3'(i-1)-P-O5'-C5'
      beta:    P-O5'-C5'-C4'
      gamma:   O5'-C5'-C4'-C3'
      delta:   C5'-C4'-C3'-O3'
      epsilon: C4'-C3'-O3'-P(i+1)
      zeta:    C3'-O3'-P(i+1)-O5'(i+1)

      chi for pyrimidines(Y): O4'-C1'-N1-C2
          chi for purines(R): O4'-C1'-N9-C4

    (The number -9999.99 means that the angle can not be calculated) 

Ch Res  Num    alpha    beta     gamma    delta  epsilon    zeta     chi
C   G    1  -9999.99 -9999.99    67.15    84.85  -135.76   -72.67  -162.86
C   G    2    -79.45  -179.66    62.43    79.45  -173.69   -96.17  -147.11
C   G    3   -171.67  -141.72   152.29    87.24  -135.51   -56.54  -146.91
C   U    4   -107.82   173.69    74.70    74.12  -143.61   -71.14  -140.57
C   G    5    -94.75   157.53    91.67    80.96  -161.69   -75.55  -171.67
C   A    6    161.83  -171.71   173.91    79.49  -150.17   -69.61  -178.68
C   U    7    -66.36   177.91    85.64   146.22  -149.59    38.26  -160.11
C   U    8   -109.93  -177.05    63.83    77.95  -100.65  -159.67  -158.46
C   A    9     69.68   169.27   -56.76   147.64  -139.17   -55.29  -111.73
C   G   10    173.73   173.77    48.08    80.08  -120.46  -105.61   156.16
C   C   11    -50.92   166.99    74.41    77.97  -150.98   -45.40  -164.96
C   U   12    -77.45   166.41    66.41    83.81  -171.45   -82.42  -151.84
C   C   13    157.99  -149.80   164.32    80.07  -141.75   -64.17  -170.55
C   A   14    178.42   136.99   162.05    80.71  -166.85   -76.44  -146.38
C   G   15    168.63  -132.00   161.93    82.25  -139.51    -7.74   151.23
C   C   16    -90.48  -110.84    47.18   140.83  -100.36   -71.11  -155.81
C   U   17    -78.82    82.46  -171.77   142.73  -142.41   133.73  -110.90
C   G   18    143.54   115.40   -65.76   148.32  -110.14  -177.22  -121.04
C   G   19    -63.81  -137.39    70.67   145.82   -84.28   -82.05  -150.59
C   G   20   -122.27    87.22   143.07    79.66   162.22   130.74   -90.96
C   A   21    170.89   130.03   165.76    78.06  -174.69   -77.36  -153.69
C   G   22   -179.31  -179.85  -166.79    84.14  -173.07   -80.04  -145.63
C   A   23    175.14  -172.88   149.64    85.72  -159.28   -80.42  -154.55
C   G   24   -121.86  -167.44    72.98    75.97  -160.52   -57.80  -167.16
C   C   25    138.65  -159.81  -143.77    82.18  -119.03   -65.68   176.96
C   A   26    144.80  -143.65   171.02    83.18  -162.81   -70.76  -154.55
C   C   27    -81.51  -163.57    45.96    79.06  -131.19   -67.37  -165.83
C   C   28   -101.75   174.79    84.19    78.84  -144.82   -70.39  -177.01
C   U   29    -76.00   159.34    86.04    80.16  -139.40  -102.30   169.59
C   C   30    -99.29  -143.03    65.80    78.54  -158.46   -55.01  -151.30
C   C   31    157.56  -168.80  -172.49    83.04  -129.71  -120.17  -163.53
C   C   32    -40.49   127.27    55.17    87.19  -101.44   -55.55  -124.66
C   U   33    -61.94   155.69    63.74    76.38  -129.72   -75.12  -151.28
C   U   34    149.66   161.39    62.29    78.62  -106.61   -77.25   -30.81
C   A   35    -70.02   148.11    66.18    89.51  -155.51   -67.60  -167.30
C   C   36    -79.99   169.55    71.07    88.41  -103.64  -108.98  -162.57
C   A   37    -83.81   130.70    70.01    83.44  -159.04   -64.87  -144.35
C   A   38    -68.17   165.93    63.06    85.02   -97.39   -78.56  -151.55
C   G   39    -50.27   130.59    69.52    78.80  -125.38   -92.81  -167.80
C   G   40    -79.04   140.53    80.48    77.20  -140.40   -62.98   175.49
C   A   41    170.22   174.27   158.92    82.60   164.68    35.34   173.20
C   G   42    152.66    91.52   172.43    83.25  -130.24   -61.03  -177.17
C   G   43   -179.35  -167.48   161.48    82.66   173.87   -91.38  -151.23
C   G   44   -105.14   152.41   109.62    75.89  -161.15    31.72   165.21
C   G   45   -101.25   175.94    53.39    74.20  -128.60   -94.80  -111.87
C   G   46    -31.53   177.87    44.36    78.90  -108.09   -59.01  -123.47
C   U   47    -59.90  -133.55  -177.74    81.98  -140.19    37.93  -178.89
C   C   48   -132.49  -132.88   160.87   149.06  -155.63    32.83   -59.20
C   G   49     85.51   154.51    58.53    77.98  -167.98  -132.25  -173.60
C   G   50     11.74   164.58   -23.18    81.68  -135.83   -45.98  -167.97
C   C   51    -70.00   173.97    76.24    81.83  -124.71   -43.29  -160.25
C   G   52   -126.02   114.64   158.71   142.11  -132.51   -73.72  -128.88
C   G   53   -131.25   159.51    75.37    77.33   163.69   -93.55  -120.19
C   U   54    -91.86   179.12    59.10    79.21  -124.67   -36.40  -146.09
C   U   55    -79.86  -178.88    65.27    73.75  -170.26    39.43   -87.81
C   C   56     83.78   115.13    43.21    81.64  -144.90   -10.95   173.60
C   G   57    -94.99  -178.14    78.05    75.40  -134.71   -56.69  -120.20
C   A   58     98.07   177.95   -77.76   144.75  -124.26   -91.58   -91.69
C   U   59    -60.24  -130.54   158.30    88.09   -97.60   -56.84  -160.71
C   C   60   -102.78  -148.39    91.29   144.03  -136.98   -53.64   -19.12
C   C   61   -153.35   177.63    95.74    77.66  -147.95   -59.66  -164.27
C   C   62    -87.87  -175.24    66.10    79.50  -132.45  -109.33  -137.99
C   G   63    -89.55   154.86    63.36    78.09  -152.56  -124.98  -160.37
C   U   64    120.61  -121.84  -163.00    82.85  -131.13   -11.75   168.41
C   C   65    123.40   163.53  -168.78    80.27  -101.83  -128.47  -172.56
C   A   66    -65.28   138.32    49.85    78.92  -126.95   -86.06  -173.06
C   U   67    -57.71   166.36    55.50    80.16  -135.01   -70.17  -169.72
C   C   68     90.68  -140.88   -99.12    83.67  -109.12  -108.61  -174.38
C   A   69    -79.63  -177.13    40.72    84.00  -151.49   -73.63  -157.85
C   C   70    -57.89   176.34    52.32    81.31  -140.46   -86.86  -160.18
C   C   71    -38.12   159.76    53.62    79.73  -131.11   -62.65  -156.86
C   C   72     76.53  -177.46   -90.36    70.48  -101.25   157.48  -142.34
C   A   73    142.83  -132.33   147.97   151.44  -104.38  -155.40   -98.75
C   C   74    -45.76    75.25   137.04    87.30   172.06   -48.91  -162.38
C   C   75    175.31  -149.93   163.89   133.67  -127.86    51.77  -142.90
C   A   76    -61.32  -113.17    56.10   152.26 -9999.99 -9999.99   -71.45
