PDB data file name: tRNA_dataset/4mgn_chain_C.pdb_new
uncommon residue GTP   10  on chain C [#1] assigned to: g
-----------------------------------------------------------
CRITERIA USED TO GENERATE BASE-PAIR: 
  3.40 --> upper H-bond length limits (ON..ON).
 26.00 --> max. distance between paired base origins.
  2.50 --> max. vertical distance between paired base origins.
 65.00 --> max. angle between paired bases [0-90].
  5.40 --> min. distance between RN9/YN1 atoms.
  8.00 --> max. distance criterion for helix break[0-12]
-----------------------------------------------------------
BASE-PAIR INSTRUCTIONS: 
Column 1 is rnaview assigned base numbers n1_n2, start from 1.
Column 2 & 3 are chain ID & residue number in input PDB file.
Column 4 is for base pair. The left & right are the bases as 
         identified by column 2 & 3 and 5 & 6.
Column 5 & 6 are residue number & chain ID in input PDB file.
Column 7 is for base pair annotation. The standard Watson-Crick
         (W.C.) pairs are annotated as -/- (AU,AT) or +/+ (GC).
         Other pairs are annotated as Leontis_Westhof Classification.
         The three edges: W(Watson-Crick); H(Hoogsteen); S(suger).
         e.g. W/H means the pair is edge of Watson-Crick & Hoogsteen.
Column 8 is glycosidic bond orientation (either cis or trans).
         e.g. 'W/H cis' means the pair is interaction on Watson-Crick
         and Hoogsteen side, glycosidic bond orientation is 'cis'.
Column 9 corresponds to Saenger Classification.

Other columns: 
        Syn sugar-base conformations are annotated as (syn).
        Stacked base pairs are annotated as (stack).
        Non-identified edges are annotated as (.) or (?)
        Tertiary interactions are marked by (!) in the line.
Reference:
Yang et al (2003) Nucleic Acids Research, Vol31,No13,p3450-3461.
-----------------------------------------------------------
BEGIN_base-pair
     3_84, C:    12 A-U    93 C: -/- cis         XX
     4_83, C:    13 A-U    92 C: -/- cis         XX
    17_69, C:    26 A-U    78 C: -/- cis         XX
    18_68, C:    27 A-U    77 C: -/- cis         XX
    19_67, C:    28 C-G    76 C: +/+ cis         XIX
    20_66, C:    29 C-G    75 C: +/+ cis         XIX
    25_63, C:    34 C-G    72 C: +/+ cis         XIX
    28_60, C:    37 C-G    69 C: +/+ cis         XIX
    34_53, C:    43 C-G    62 C: +/+ cis      syn  XIX
    38_58, C:    47 C-G    67 C: +/+ cis         XIX
    39_57, C:    48 C-G    66 C: +/+ cis         XIX
     2_85, C:    11 G-C    94 C: +/+ cis         XIX
    40_56, C:    49 G-C    65 C: +/+ cis         XIX
    41_55, C:    50 G-C    64 C: +/+ cis         XIX
    42_54, C:    51 G-C    63 C: +/+ cis         XIX
    15_71, C:    24 U-A    80 C: -/- cis         XX
    16_70, C:    25 U-A    79 C: -/- cis         XX
    24_64, C:    33 U-A    73 C: -/- cis         XX
    26_62, C:    35 U-A    71 C: -/- cis         XX
    27_61, C:    36 U-A    70 C: -/- cis         XX
    14_72, C:    23 G-U    81 C: W/W cis         XXVIII
    37_59, C:    46 G-U    68 C: W/W cis         XXVIII
    35_47, C:    44 G-G    56 C: W/W tran        III
    12_74, C:    21 U-A    83 C: W/H tran        XXIV
    48_52, C:    57 U-A    61 C: W/H tran     syn  XXIV
    36_49, C:    45 A-G    58 C: W/S tran   syn    X
    10_75, C:    19 A-A    84 C: H/H tran        II
    13_73, C:    22 A-G    82 C: H/S tran        XI
    33_52, C:    42 G-A    61 C: S/W tran     syn  X
END_base-pair

Summary of triplets and higher multiplets
BEGIN_multiplets
33_48_52_| [1 3]  C: 42 G  +  C: 57 U  +  C: 61 A
END_multiplets

  The total base pairs =  30 (from   86 bases)
------------------------------------------------
 Standard  WW--cis  WW-tran  HH--cis  HH-tran  SS--cis  SS-tran
       21        2        1        0        1        0        0
  WH--cis  WH-tran  WS--cis  WS-tran  HS--cis  HS-tran
        0        2        0        2        0        1
------------------------------------------------
