The backbone torsional angle for nucleic acid 

 
Note: alpha:   O3'(i-1)-P-O5'-C5'
      beta:    P-O5'-C5'-C4'
      gamma:   O5'-C5'-C4'-C3'
      delta:   C5'-C4'-C3'-O3'
      epsilon: C4'-C3'-O3'-P(i+1)
      zeta:    C3'-O3'-P(i+1)-O5'(i+1)

      chi for pyrimidines(Y): O4'-C1'-N1-C2
          chi for purines(R): O4'-C1'-N9-C4

    (The number -9999.99 means that the angle can not be calculated) 

Ch Res  Num    alpha    beta     gamma    delta  epsilon    zeta     chi
C GTP   10  -9999.99 -9999.99   170.58    81.60  -147.24   -82.31  -175.44
C   G   11    -62.21   170.43    56.45    79.54  -151.55   -72.84  -164.74
C   A   12    -61.24   171.25    55.25    79.92  -134.20   -77.53  -163.91
C   A   13     92.47  -142.22  -111.96    80.30  -151.36   -69.38  -166.39
C   U   14    -69.42  -177.07    47.20    79.65  -100.14   -94.97  -158.57
C   C   15     72.90   -99.90  -103.33    95.60  -102.16   -98.29  -153.00
C   A   16    -65.81   147.86    54.27    79.19  -160.82   -89.90  -168.54
C   A   17    -53.04   168.19    58.53    80.26  -147.96   -72.78  -158.63
C   U   18    -64.43   174.13    52.56    81.23  -143.29   130.46  -152.93
C   A   19    -56.16  -141.30   176.94   149.90  -138.72  -157.25  -144.11
C   G   20    -71.60    82.97   178.76   147.54  -110.03   151.23   -97.99
C   U   21    168.19   169.08    98.20    80.21  -147.83   -64.90  -161.86
C   A   22    -72.81   178.90    61.89    81.34  -129.24   -62.15  -175.95
C   G   23    -61.67   164.96    54.02    81.73  -149.05   -71.99  -165.46
C   U   24    -64.40   171.99    53.69    81.75  -144.17   -71.80  -157.61
C   U   25    -65.17  -177.89    49.26    80.23  -153.37   -73.20  -161.58
C   A   26    -65.51   173.88    53.89    79.45  -162.78   -71.67  -161.93
C   A   27    174.11  -172.46   158.94    82.37  -146.47   -75.42  -163.48
C   C   28    -57.97   168.89    54.84    81.00  -155.47   -63.32  -161.13
C   C   29    172.00  -179.36   167.02    81.85  -155.61   -87.17  -161.71
C   C   30    -48.23   156.86    73.12   102.39   174.40  -101.99  -149.86
C   U   31   -107.73  -158.24    32.82    78.70  -147.70   -71.86  -164.83
C   C   32    -59.80   164.74    57.67    80.83  -151.64   -64.68  -159.98
C   U   33    -68.52  -179.21    52.81    80.30  -157.47   -62.46  -162.25
C   C   34    164.30  -174.30   167.20    81.78  -152.99   -69.97  -161.65
C   U   35    -66.05  -175.88    46.66    81.14  -142.60   -78.45  -163.90
C   U   36    -55.67   162.63    53.24    80.27  -154.44   -64.70  -162.03
C   C   37    -70.17  -166.82    62.12   146.80  -100.46  -175.71  -133.58
C   C   38     82.90   112.22   -81.95    79.31  -147.14   -90.28  -155.06
C   G   39    -85.27   173.72    69.72    81.99  -143.19   -74.75  -173.69
C   A   40    -57.06   169.27    55.13    82.10  -137.93   -68.75  -166.46
C   A   41    -63.60   171.92    52.67    81.41  -133.51   -57.54  -162.20
C   G   42    -66.91   177.39    49.62    80.08  -137.24   -62.69  -153.21
C   C   43    167.47   151.95    56.08    83.94  -139.83   -68.61  -170.83
C   G   44    -62.84   167.73    56.01    84.47  -139.75   -75.99  -161.93
C   A   45    -54.40  -145.92    59.94   146.08   -81.79  -123.09   -82.90
C   G   46     59.41  -148.84    50.88    81.35  -151.37   -62.13  -166.34
C   C   47    151.92  -172.76   176.82    80.13  -144.25   -71.22  -164.13
C   C   48    -60.99  -179.68    45.28    79.27  -153.53   -76.59  -159.52
C   G   49    -60.51   177.59    45.71    79.63  -145.12   -75.67  -162.93
C   G   50    -61.62   174.30    46.30    80.26  -146.53   -74.55  -166.36
C   G   51    -61.11   169.54    53.82    79.53  -148.64   -66.76  -172.23
C   G   52    -65.23   173.31    57.44    81.27  -142.38   -67.03  -171.04
C   G   53    -63.72   171.25    51.55    81.92  -146.47   -72.10  -166.93
C   C   54    -62.79   178.81    50.55    80.96  -142.32  -149.43  -158.48
C   G   55     62.41  -149.14   176.29    80.71  -136.39   -61.35  -172.35
C   G   56    -68.33   177.28    47.79    80.94  -146.65   -68.56  -162.81
C   U   57    -66.66   179.77    50.05    79.74  -139.32   -64.89  -149.84
C   G   58    -64.19   170.43    54.65    78.80  -135.96   -68.36  -145.98
C   G   59    162.54   168.08    54.79    83.39  -159.70   -80.43  -170.80
C   G   60    165.29  -133.95   153.94    81.37  -107.34   -69.39  -173.42
C   A   61    -55.20  -152.82    53.13   145.47   -88.97   179.75   -83.16
C   G   62    -66.04   155.08    45.57   145.00   -94.14   -64.97   -85.94
C   C   63    -70.25   171.81    44.74    80.87  -151.04   -73.97  -161.61
C   C   64    -64.26  -177.43    47.62    81.40  -146.70   -74.39  -161.58
C   C   65    -64.98   177.39    49.36    80.99  -148.02   -74.25  -160.87
C   G   66    -65.01   168.61    54.53    78.86  -153.50   -72.31  -166.66
C   G   67    -64.36   175.66    54.70    80.13  -152.05   -71.34  -167.26
C   U   68    -64.63   173.90    54.05    80.48  -168.63   -88.57  -158.83
C   G   69    -60.00  -176.76    51.11    80.63  -148.91   -75.77  -168.80
C   A   70    -61.59   173.48    51.68    80.83  -148.03   -76.07  -162.47
C   A   71    -61.36   164.74    55.11    80.37  -147.97   -70.46  -167.86
C   G   72    -64.73   166.58    61.87    79.44  -153.44   -79.23  -168.13
C   A   73    -58.32   175.43    68.64   145.72  -105.18  -143.29  -127.62
C   C   74    -80.29   146.66   -79.64   147.31   -99.22   -98.05  -130.95
C   G   75    -58.46  -157.60    56.75    82.32  -148.74   -69.16  -167.68
C   G   76    -62.94   176.10    52.33    80.78  -148.04   -71.18  -165.93
C   U   77    -64.23   177.77    50.21    79.83  -151.32   -71.93  -158.49
C   U   78    -67.66  -178.90    51.54    79.24  -165.44   -70.40  -157.90
C   A   79    172.11  -170.23   158.68    82.95  -148.91   -70.29  -162.26
C   A   80    -63.96   175.65    50.88    81.39  -124.35   -82.89  -168.76
C   U   81    -59.34   153.81    57.61    80.02  -140.31   -72.48  -163.62
C   G   82    -61.17   160.42    61.48    81.75  -172.14  -118.96  -160.50
C   A   83     85.55  -175.79   -96.72    81.08  -152.01   -73.68  -163.40
C   A   84    -62.19   162.17    60.80    82.85  -152.47   -73.03  -162.70
C   A   85    -64.01   166.20    61.86    83.52  -133.12   162.55  -157.97
C   C   86    -57.11   156.36    57.73    79.99  -134.92   -60.01  -161.51
C   G   87    -65.22   164.03    64.43    80.65  -152.15   -69.68  -171.37
C   G   88    -66.95   174.73    58.53    80.74  -156.24   -77.11  -169.42
C   C   89    -61.41   171.80    57.51    81.15  -146.55   -64.60  -161.54
C   A   90    -70.42   176.60    53.26    81.55  -138.52   -64.62  -170.08
C   G   91    -67.58   172.99    53.24    81.38  -145.18   -70.41  -166.65
C   U   92    -66.39   173.98    53.35    81.00  -149.29   -71.02  -160.08
C   U   93    -68.05  -178.75    49.95    79.84  -146.66   -75.43  -159.48
C   C   94    -60.80   168.56    54.16    80.39  -146.79   -79.28  -159.54
C   C   95    -64.73   172.52    55.30    81.03 -9999.99 -9999.99  -158.10
