PDB data file name: ./Datasets/pdb_select_tRNA/6o9k_y.pdb_new
-----------------------------------------------------------
CRITERIA USED TO GENERATE BASE-PAIR: 
  3.40 --> upper H-bond length limits (ON..ON).
 26.00 --> max. distance between paired base origins.
  2.50 --> max. vertical distance between paired base origins.
 65.00 --> max. angle between paired bases [0-90].
  5.40 --> min. distance between RN9/YN1 atoms.
  8.00 --> max. distance criterion for helix break[0-12]
-----------------------------------------------------------
BASE-PAIR INSTRUCTIONS: 
Column 1 is rnaview assigned base numbers n1_n2, start from 1.
Column 2 & 3 are chain ID & residue number in input PDB file.
Column 4 is for base pair. The left & right are the bases as 
         identified by column 2 & 3 and 5 & 6.
Column 5 & 6 are residue number & chain ID in input PDB file.
Column 7 is for base pair annotation. The standard Watson-Crick
         (W.C.) pairs are annotated as -/- (AU,AT) or +/+ (GC).
         Other pairs are annotated as Leontis_Westhof Classification.
         The three edges: W(Watson-Crick); H(Hoogsteen); S(suger).
         e.g. W/H means the pair is edge of Watson-Crick & Hoogsteen.
Column 8 is glycosidic bond orientation (either cis or trans).
         e.g. 'W/H cis' means the pair is interaction on Watson-Crick
         and Hoogsteen side, glycosidic bond orientation is 'cis'.
Column 9 corresponds to Saenger Classification.

Other columns: 
        Syn sugar-base conformations are annotated as (syn).
        Stacked base pairs are annotated as (stack).
        Non-identified edges are annotated as (.) or (?)
        Tertiary interactions are marked by (!) in the line.
Reference:
Yang et al (2003) Nucleic Acids Research, Vol31,No13,p3450-3461.
-----------------------------------------------------------
BEGIN_base-pair
     3_72, Y:     3 C-C    72 Y: W/W cis         n/a
     3_73, Y:     3 C-A    73 Y:      stacked
     4_70, Y:     4 G-C    70 Y: W/W cis         n/a
     5_69, Y:     5 G-C    69 Y: +/+ cis         XIX
      6_7, Y:     6 G-G     7 Y:      stacked
     6_68, Y:     6 G-C    68 Y: +/+ cis         XIX
     6_69, Y:     6 G-C    69 Y:      stacked
     7_67, Y:     7 G-C    67 Y: +/+ cis         XIX
     7_68, Y:     7 G-C    68 Y:      stacked
     9_24, Y:     9 G-C    24 Y: H/H tran   syn    n/a
    10_26, Y:    10 G-C    26 Y: +/+ cis         XIX
    11_25, Y:    11 A-U    25 Y: -/- cis         XX
    12_24, Y:    12 G-C    24 Y: +/+ cis         XIX
    13_23, Y:    13 C-G    23 Y: +/+ cis         XIX
    13_24, Y:    13 C-C    24 Y:      stacked
    15_49, Y:    15 G-C    49 Y: W/W tran        XXII
    23_47, Y:    23 G-A    47 Y: H/W tran     syn  n/a
    27_45, Y:    27 G-A    45 Y: W/W cis         VIII
    28_44, Y:    28 U-A    44 Y: W/W cis         n/a
    29_30, Y:    29 C-G    30 Y:      stacked
    29_43, Y:    29 C-G    43 Y: +/+ cis         XIX
    30_42, Y:    30 G-C    42 Y: +/+ cis         XIX
    31_41, Y:    31 G-C    41 Y: +/+ cis         XIX
    32_40, Y:    32 G-C    40 Y: +/+ cis         XIX
    33_39, Y:    33 C-A    39 Y: W/W cis         n/a
    40_41, Y:    40 C-C    41 Y:      stacked
    45_46, Y:    45 A-G    46 Y:      stacked
    50_66, Y:    50 G-C    66 Y: +/+ cis         XIX
    51_52, Y:    51 U-C    52 Y:      stacked
    51_65, Y:    51 U-G    65 Y: W/W cis         XXVIII
    52_53, Y:    52 C-G    53 Y:      stacked
    52_64, Y:    52 C-G    64 Y: +/+ cis         XIX
    53_54, Y:    53 G-G    54 Y:      stacked
    53_63, Y:    53 G-C    63 Y: +/+ cis         XIX
    54_55, Y:    54 G-U    55 Y:   syn  stacked
    54_62, Y:    54 G-C    62 Y: +/+ cis         XIX
    55_62, Y:    55 U-C    62 Y: syn    stacked
    63_64, Y:    63 C-G    64 Y:      stacked
    64_65, Y:    64 G-G    65 Y:      stacked
    67_68, Y:    67 C-C    68 Y:      stacked
    71_72, Y:    71 G-C    72 Y:      stacked
     2_71, Y:     2 G-G    71 Y: S/W cis         !1H(b_b)
    10_45, Y:    10 G-A    45 Y: H/W cis         !1H(b_b).
    10_46, Y:    10 G-G    46 Y: H/S cis         !1H(b_b)
    15_22, Y:    15 G-A    22 Y: W/W cis         !1H(b_b).
    25_46, Y:    25 U-G    46 Y: H/W tran        !1H(b_b)
    27_44, Y:    27 G-A    44 Y: W/W cis         !1H(b_b)
    55_59, Y:    55 U-A    59 Y: S/H tran   syn    !(b_s)
      2_3, Y:     2 G-C     3 Y: S/H cis         !(s_s)
    16_61, Y:    16 C-U    61 Y: ./S cis      syn  !(s_s)
    34_36, Y:    34 U-A    36 Y: S/S tran        !(s_s)
    34_37, Y:    34 U-U    37 Y: S/H tran        !(s_s)
    49_60, Y:    49 C-A    60 Y: S/? cis      syn  !(s_s)
    55_56, Y:    55 U-U    56 Y: S/S cis    syn    !(s_s)
    60_61, Y:    60 A-U    61 Y: S/S cis    syn syn  !(s_s)
END_base-pair

Summary of triplets and higher multiplets
BEGIN_multiplets
9_12_24_| [1 3]  Y: 9 G  +  Y: 12 G  +  Y: 24 C
13_23_47_| [2 3]  Y: 13 C  +  Y: 23 G  +  Y: 47 A
END_multiplets

  The total base pairs =  24 (from   77 bases)
------------------------------------------------
 Standard  WW--cis  WW-tran  HH--cis  HH-tran  SS--cis  SS-tran
       15        6        1        0        1        0        0
  WH--cis  WH-tran  WS--cis  WS-tran  HS--cis  HS-tran
        0        1        0        0        0        0
------------------------------------------------
