The backbone torsional angle for nucleic acid 

 
Note: alpha:   O3'(i-1)-P-O5'-C5'
      beta:    P-O5'-C5'-C4'
      gamma:   O5'-C5'-C4'-C3'
      delta:   C5'-C4'-C3'-O3'
      epsilon: C4'-C3'-O3'-P(i+1)
      zeta:    C3'-O3'-P(i+1)-O5'(i+1)

      chi for pyrimidines(Y): O4'-C1'-N1-C2
          chi for purines(R): O4'-C1'-N9-C4

    (The number -9999.99 means that the angle can not be calculated) 

Ch Res  Num    alpha    beta     gamma    delta  epsilon    zeta     chi
Y   C    1  -9999.99 -9999.99    62.20    69.33    44.00   133.01  -164.00
Y   G    2    161.85   134.97    21.42   147.93  -164.71   171.36  -137.40
Y   C    3    -72.89   144.04    44.62    82.12  -135.74   -73.56  -157.84
Y   G    4    -56.32  -174.29    50.97    80.55  -143.83   -78.10  -168.13
Y   G    5    -55.00   157.07    59.46    82.27  -172.61   -67.86  -157.97
Y   G    6    164.17  -165.73   164.75    82.76  -157.98   -66.23  -174.27
Y   G    7    -56.49  -167.88    62.00   149.03   -92.28  -105.40  -114.09
Y   U    8     59.93   134.83   -49.60    62.05    72.50    44.47   -88.63
Y   G    9   -136.28  -114.09    50.30   146.79  -107.29   -99.11   -73.33
Y   G   10   -178.45  -168.65    60.53    80.57  -133.27   -78.70  -175.30
Y   A   11    -68.81   173.96    49.46    81.90  -145.69   -75.89  -166.25
Y   G   12    -62.85   165.77    55.59    80.54  -164.43   -51.18  -165.01
Y   C   13    172.81   174.83   174.32    79.99  -151.84   -71.31  -159.36
Y   A   14    -67.51  -175.84    45.08    83.21  -148.50   -65.64  -171.53
Y   G   15    -51.54   163.75    59.98    84.43  -142.05    30.56  -158.22
Y   C   16   -107.19  -128.05    50.84    80.08  -157.28  -110.53  -160.51
Y   C   17    -80.59  -128.08    57.36   136.27  -169.12    20.02  -127.80
Y   U   18    164.81  -164.86    48.51    81.17   -96.90  -149.55  -157.08
Y   G   19     61.92   171.38    56.56    80.24  -169.99  -117.47  -152.62
Y   G   20     98.55   108.20    21.10   141.90   -93.53   166.57   -88.13
Y   U   21    176.11   175.08   176.00    82.98   -20.83   -91.49  -124.37
Y   A   22     48.97  -145.82    76.77   110.12   -99.92  -170.74   -91.54
Y   G   23     70.87  -134.05  -170.35   113.91  -179.43   -91.54  -126.94
Y   C   24    -52.34   174.44    33.47   112.15  -165.78   -97.36  -160.05
Y   U   25    148.50  -178.59   172.13    83.73  -147.40   -73.57  -167.38
Y   C   26    -61.38   175.80    48.83    80.89  -161.65   -69.87  -163.28
Y   G   27    163.12  -156.18   162.22    80.35  -134.48   -52.50   176.51
Y   U   28    -64.46  -167.38    35.49    80.12  -144.27   -72.71  -165.45
Y   C   29    -59.15   172.71    49.41    81.09  -169.53   -60.27  -157.91
Y   G   30    160.18  -173.69   170.02    81.20  -135.93   -74.07  -176.80
Y   G   31    -62.42   167.26    53.40    80.53  -145.64   -75.86  -173.22
Y   G   32    -59.24   168.32    58.89    82.72  -140.17   -74.05  -177.27
Y   C   33    -63.99   172.72    54.69    82.16  -129.95   -67.67  -156.87
Y   U   34    -66.89  -176.99    46.54    81.59  -136.82   -69.22  -160.69
Y   C   35    171.03   172.85    46.11    83.81  -131.19   -72.01  -167.33
Y   A   36    -66.46   166.75    53.63    82.22  -148.03   -73.98  -168.82
Y   U   37    -67.96   174.43    53.49    80.43  -157.92   -68.33  -159.15
Y   A   38    -76.04   164.20    73.25    79.97  -128.91   -55.08  -171.89
Y   A   39    -67.96   168.55    54.43    81.01  -141.60   -66.82  -172.15
Y   C   40    -60.36   164.83    58.50    82.10  -143.82   -74.60  -164.83
Y   C   41    -67.76   172.98    58.20    80.98  -154.74   -76.58  -156.12
Y   C   42    -63.29   177.71    55.79    81.92  -135.55   -66.09  -161.26
Y   G   43     67.16  -148.07   -83.71    81.85  -168.65   -64.98  -158.15
Y   A   44    161.56  -161.91   168.17    80.72  -160.92   -61.59  -161.85
Y   A   45    162.80  -169.14   167.91    80.01  -111.50   -60.12  -178.27
Y   G   46    -56.39   162.33    56.10    74.42  -115.68  -120.14  -141.67
Y   A   47    -57.96  -171.02    61.59   147.98  -118.52  -124.01   -70.52
Y   U   48     26.46  -169.57    86.58    87.36  -115.03   -71.81  -166.26
Y   C   49    152.79   136.05    55.67   148.80  -127.09    35.24  -117.08
Y   G   50     59.89   142.87    49.59    83.93  -134.71   -68.75  -163.37
Y   U   51    -57.37   162.41    54.48    80.68  -151.61   -66.49  -160.77
Y   C   52    166.32   174.17   163.18    79.53  -144.59   -85.21  -162.34
Y   G   53    -58.33   154.33    54.66    78.88  -165.77   -79.73  -160.85
Y   G   54    157.74  -143.43   173.46   103.36  -166.97   -37.70  -159.20
Y   U   55    -95.25  -178.80    64.42   104.11  -137.32   -60.10    41.62
Y   U   56    123.94   177.76  -177.57   104.81   173.74   -58.85   -96.39
Y   C   57   -157.68   117.29    23.97    66.26   121.39    52.87  -163.86
Y   A   58   -150.44   163.78    68.38    74.14   115.30    68.57  -140.85
Y   A   59   -140.04  -174.37    68.23   101.00    51.68   152.01  -100.00
Y   A   60    -61.58  -131.35    84.72    71.53  -179.89    47.26    50.45
Y   U   61   -108.11   175.83    58.43   118.66   -89.67   -39.94   -70.44
Y   C   62    -86.35   176.58    29.66    73.25  -170.77   -57.56  -160.66
Y   C   63    165.31   160.75   164.62    80.99  -150.24   -70.91  -164.84
Y   G   64    -63.15   162.06    56.90    81.90  -168.23   -65.14  -156.36
Y   G   65    165.73  -175.92   166.03    80.98  -136.38   -72.88  -164.41
Y   C   66    -61.12   171.87    46.50    80.61  -139.44   -61.08  -164.88
Y   C   67    -60.61   174.67    47.35    80.86  -162.30   -79.24  -156.77
Y   C   68    -61.97   170.23    52.35    81.12  -151.66   -85.37  -158.29
Y   C   69    -63.87   164.57    53.63    81.68  -134.92   -90.96  -154.75
Y   C   70    -60.04   146.61    61.51    82.14  -145.99   -70.94  -157.79
Y   G   71    -65.18   176.62    53.30    81.70   -83.80  -149.77   176.55
Y   C   72     98.72   -95.99   165.00    81.06  -146.06   -64.75  -164.15
Y   A   73    -81.89   167.74    63.13    75.40  -176.01    43.02  -173.11
Y   A   74   -119.03  -179.41    25.41    75.66  -172.22   174.28  -103.40
Y   C   75    -34.89   115.33    56.88    75.81   166.12    38.10  -165.89
Y   C   76   -117.23   158.31    69.89    87.44  -102.09   125.64  -148.49
Y   A   77    -37.42   156.71    43.28   151.33 -9999.99 -9999.99  -157.16
