The backbone torsional angle for nucleic acid 

 
Note: alpha:   O3'(i-1)-P-O5'-C5'
      beta:    P-O5'-C5'-C4'
      gamma:   O5'-C5'-C4'-C3'
      delta:   C5'-C4'-C3'-O3'
      epsilon: C4'-C3'-O3'-P(i+1)
      zeta:    C3'-O3'-P(i+1)-O5'(i+1)

      chi for pyrimidines(Y): O4'-C1'-N1-C2
          chi for purines(R): O4'-C1'-N9-C4

    (The number -9999.99 means that the angle can not be calculated) 

Ch Res  Num    alpha    beta     gamma    delta  epsilon    zeta     chi
B   U    1  -9999.99   171.92    46.49    79.71  -141.62   -77.13  -165.73
B   C    2    -57.91   171.86    50.89    79.46  -148.35   -78.97  -170.42
B   C    3    -54.76   174.37    45.16    78.19  -141.08   -75.03  -165.11
B   G    4    -59.51   164.66    55.20    76.70  -149.90   -77.10  -164.86
B   C    5    -62.34   169.61    55.73    77.24  -147.97   -66.36  -164.38
B   G    6    -67.46   169.64    67.38    77.85  -152.47   -86.77  -167.28
B   A    7    -52.26   172.05    66.62   145.50  -109.78   -48.68  -127.94
B   U    8    -84.07  -139.78    48.80    80.22  -155.14  -103.84  -170.85
B   A    9    -62.65  -132.63    47.86   145.05  -104.87   -85.60   -74.10
B   G   10    171.97   171.40    65.56    85.06  -140.55   -71.41   179.07
B   C   11    -67.77  -178.55    51.10    81.23  -146.03   -73.75  -162.32
B   U   12    -63.13   178.87    46.49    79.66  -152.84   -68.28  -159.64
B   C   13    147.97  -154.61  -175.03    81.43  -161.21   -79.59  -157.14
B   A   14    -65.75  -176.32    54.26    76.66  -143.50   -52.59  -167.55
B   G   15    -76.61   170.55    65.40    79.22  -158.41   150.23  -176.03
B   U   16    -48.73   138.09    37.07   142.75  -114.48   -67.02   -91.05
B   C   17   -179.35   174.03    55.52   146.20   -96.23  -102.81  -136.35
B   G   18     68.81  -156.92    71.72   146.99  -124.11  -130.45  -107.65
B   G   19    -64.38  -177.25    39.92   145.93  -114.64   123.19   -81.97
B   U   20    -87.36   170.41    35.25   143.15  -117.40    90.05    47.68
B   A   21    -75.91  -142.50    53.98   145.58  -163.92  -116.09  -100.71
B   G   22   -158.48   113.09   125.45    80.94  -155.05   -90.39  -171.97
B   A   23    -48.75   163.96    51.84    81.16  -132.69   -84.87  -171.85
B   G   24    -59.76   159.59    53.46    81.10  -135.66   -72.50  -169.66
B   C   25    -61.45   162.93    58.20    79.92  -143.51   -66.92  -163.26
B   A   26    -67.17   168.43    59.72    81.55  -136.02   -79.59  -167.83
B   A   27    -56.27   159.38    57.42    81.91  -129.22   -83.06  -166.99
B   A   28    -62.90   168.20    46.14    80.82  -141.29   -76.29  -167.75
B   U   29    -59.62   166.73    52.49    77.82  -145.33   -72.21  -160.64
B   G   30    -60.03   177.85    49.74    79.09  -146.39   -79.97  -161.43
B   A   31    -59.01   171.72    46.18    80.05  -131.75   -89.18  -164.42
B   C   32    -60.13   150.41    63.99    81.67  -128.32   -97.67  -157.24
B   U   33     73.23  -175.10    51.53   142.39  -148.39   160.90  -133.22
B   G   34     21.76   131.64   -42.23   149.29   -86.66   117.89  -118.54
B   U   35   -130.41   125.91    91.54    79.58  -143.78   -50.83  -161.75
B   U   36    -78.95   175.11    67.63    81.93  -147.76   172.72  -153.49
B   A   37     34.46  -119.59    52.88   147.40  -111.81   -72.55  -108.68
B   A   38    -75.31   160.81   178.66    80.72  -145.04   -67.14  -169.63
B   U   39    -64.77   173.14    54.95    81.03  -136.68   -80.30  -159.39
B   C   40    -53.57   163.37    47.29    81.81  -136.40   -93.75  -158.10
B   A   41    -52.12   153.09    55.04    80.07  -145.90   -83.21  -169.64
B   U   42    -56.90   168.34    48.90    80.26  -139.45   -79.44  -160.09
B   U   43    -54.54   161.18    57.26    79.31  -152.56   -81.39  -165.63
B   G   44    -58.37   163.55    59.96    80.59  -139.56   -69.51  -175.81
B   G   45    -58.36   168.89    58.09    81.74  -128.07   -91.26  -155.85
B   G   46    -42.35  -151.12    54.93   142.46   -89.59  -139.41   -62.75
B   U   47     53.71  -162.61    45.99   144.42   -92.62   -76.09  -138.06
B   C   48    -87.22  -174.21   158.10   146.10  -138.04    81.08  -137.35
B   C   49     40.44   171.44    51.47    81.89  -145.07   -71.90  -166.95
B   C   50    -60.23   177.29    51.69    80.14  -140.78   -77.21  -165.85
B   U   51    -52.14   162.99    54.21    79.09  -138.15   -57.12  -158.42
B   G   52   -117.26   136.70   118.68    79.30  -137.60   -78.67  -175.98
B   G   53    -53.72   170.31    47.40    78.28  -148.70   -74.81  -167.33
B   U   54    -54.12   177.49    49.14    80.24  -140.31   -88.74  -157.83
B   U   55    142.24  -139.00   179.21    82.68   -98.54   -45.54  -169.78
B   C   56   -162.35   128.80    34.29    80.46  -154.91   -71.49  -161.24
B   G   57    158.82  -152.31   167.88    82.62  -110.91   -72.79   178.74
B   A   58    -52.63  -138.78    49.66   147.60   -84.01   174.67   -71.49
B   G   59     68.56  -155.65    74.15    81.99  -125.68   -66.82  -176.68
B   U   60    -53.50   169.54    59.98   142.91   -97.87   -65.59  -114.70
B   C   61    -77.57   175.14    35.79    79.66  -147.47   -80.68  -162.47
B   C   62    -59.61   174.40    47.30    80.03  -146.39   -75.66  -160.80
B   A   63    -59.51   169.80    49.62    78.58  -145.84   -80.25  -162.70
B   G   64    -61.05   161.74    57.30    78.29  -146.59   -69.64  -167.29
B   G   65    -65.35   169.26    61.23    78.53  -153.02   -75.16  -170.96
B   U   66    -58.88   176.54    51.66    77.04  -141.69   -76.16  -163.62
B   C   67    -57.69   160.93    60.09    78.62  -144.03   -77.79  -162.95
B   G   68    -65.42   173.78    50.82    79.02  -150.51   -74.47  -170.35
B   C   69    -71.06  -179.47    57.25    77.22  -153.81   -74.58  -165.33
B   G   70    -69.43   179.85    54.83    79.36  -141.13   -72.01  -165.48
B   G   71    -66.96   159.47    71.78    76.00  -153.35   -71.36  -175.59
B   A   72    -70.51  -176.74    54.65    80.61  -139.34   -65.50  -169.35
B   G   73    -67.88   168.94    58.74    79.95  -123.09   -58.23  -162.56
B   C   74    -63.08   159.66    61.06    80.49  -140.71   -62.45  -159.87
B   C   75    -69.71   176.14    55.13    79.05  -162.81   119.88  -163.46
B   A   76    -48.87  -171.95    78.07   144.70 -9999.99 -9999.99    84.78
