The backbone torsional angle for nucleic acid 

 
Note: alpha:   O3'(i-1)-P-O5'-C5'
      beta:    P-O5'-C5'-C4'
      gamma:   O5'-C5'-C4'-C3'
      delta:   C5'-C4'-C3'-O3'
      epsilon: C4'-C3'-O3'-P(i+1)
      zeta:    C3'-O3'-P(i+1)-O5'(i+1)

      chi for pyrimidines(Y): O4'-C1'-N1-C2
          chi for purines(R): O4'-C1'-N9-C4

    (The number -9999.99 means that the angle can not be calculated) 

Ch Res  Num    alpha    beta     gamma    delta  epsilon    zeta     chi
F   C    2  -9999.99   169.65    53.22    87.18  -101.92  -147.22  -126.34
F   U    3    -58.25   130.08    52.57    84.45  -166.05   -62.79  -166.42
F   C    4    158.03  -176.07   175.43    84.89  -141.66   -89.91  -174.63
F   G    5    157.14  -141.06   166.58    85.21  -115.46   -82.71   175.98
F   U    6    -65.39   159.19    52.17    82.38  -145.78  -133.68  -151.50
F   A    7    115.61   -88.08  -168.00    90.40  -162.91    94.99   176.92
F   U    8   -130.78  -169.27    46.66    81.24  -135.00  -174.93  -152.34
F   G    9    149.23  -134.57   176.84    88.89   -77.91  -120.75  -142.61
F   G   10   -163.87  -114.92    60.50    86.95  -155.64   -74.61  -168.30
F   C   11    -73.60  -179.99    49.89    81.30  -148.05   -74.00  -160.71
F   G   12    -49.08   173.21    47.32    81.14  -154.34   -76.99  -163.89
F   C   13    154.94  -157.57   173.40    83.39  -156.70   -51.14  -168.72
F   A   14   -152.49   136.39   161.28    81.31  -115.26   -68.64   177.30
F   G   15    -49.11   154.82    55.36    84.44  -141.76  -121.58  -159.59
F   U   16    -80.49   164.48    50.65    83.46  -132.60   -78.99  -142.83
F   G   18    -47.89   128.12  -173.39   100.01    76.00    62.64  -133.97
F   G   19   -141.33  -155.81    56.20    86.37   159.35  -103.35  -113.85
F   U   20    -83.49   105.20   174.33    84.81  -132.00   126.09  -171.15
F   A   21    152.59  -107.56   174.52    87.23  -123.42   -65.19  -163.74
F   G   22   -119.92    88.48   154.49    84.01  -114.51   -88.86   173.15
F   C   23    -79.12   165.75    55.02    78.93  -152.74   -73.35  -151.30
F   G   24    -50.55   173.51    48.70    82.32  -157.62   -94.24  -160.95
F   C   25    148.15  -138.76   168.66    80.28   -91.98  -107.73   179.47
F   A   26    100.06  -116.71  -156.41    84.80  -130.14   -61.30   174.67
F   G   27    -65.17  -178.61    49.03    86.23  -143.67   -70.23  -173.91
F   C   28    -58.69   175.35    40.19    78.89  -147.15   -82.62  -162.14
F   A   29    -46.81   164.04    50.07    85.29  -151.54   -83.49  -171.28
F   G   30    -73.67   168.55    60.17    80.23  -146.78   -73.86  -177.27
F   A   31    -50.61   172.66    53.88    82.72  -150.05   -71.85  -166.46
F   U   32    -45.63   175.71    50.08   100.39    77.65   122.93  -116.35
F   U   33     14.71   156.40   -56.52   117.56    92.56  -157.09  -121.64
F   G   34    -29.93   153.18   173.65   102.33    49.43    98.58  -136.74
F   C   35   -120.52  -154.46    63.42   130.90   -78.89   -91.30  -128.51
F   A   36    -76.02   173.24    55.09   137.78   -78.80    85.97  -159.42
F   A   37     80.77   158.82    40.86   114.63    64.96   168.41  -126.77
F   A   38     45.13   -89.81  -161.41    84.29  -100.51   -76.46   156.64
F   U   39    -53.66   160.44    48.74    83.59  -152.52   -82.64  -168.99
F   C   40    -58.98   169.29    51.73    81.28  -150.71   -69.60  -156.95
F   U   41    -58.16   173.32    48.62    80.29  -145.68   -91.28  -166.94
F   G   42    -62.79   158.24    59.41    82.13  -149.00   -70.32  -179.28
F   U   43    -60.00   171.21    62.96    83.98  -163.99  -100.34  -169.77
F   U   44    -51.76   163.16    64.13    87.27  -122.89   -84.52  -170.98
F   G   45     85.72  -131.56  -119.63    89.46  -114.70   -66.93     6.32
F   G   46    -61.38  -170.09    60.47    86.04   167.16    55.05  -113.33
F   U   47   -159.43    81.61  -157.20    83.94   164.60  -106.29  -158.15
F   C   48    -40.72  -169.15    44.92   126.38  -141.93    68.99  -123.34
F   C   49     53.58   129.14    48.45    83.62  -124.25   -92.48  -176.16
F   U   50    -78.87   172.49    55.33    85.37  -158.47   -68.02  -164.09
F   U   51    -67.81   174.42    57.16    84.94  -164.85   -68.05  -170.74
F   A   52    -75.20  -166.01    47.73    84.37  -173.47   -70.43  -159.79
F   G   53    154.79  -161.36   177.64    83.99  -133.18   -76.32   177.27
F   U   54    -41.92   160.81    38.78    81.98  -102.42  -133.68  -159.95
F   U   55    115.41  -102.45   169.78    84.48  -121.00   -53.01  -157.67
F   C   56    162.66   152.62    49.16    84.34  -141.21   -68.20  -147.57
F   G   57    -61.20   169.01    53.73    85.45  -125.96  -108.32  -151.85
F   A   58    -44.37   155.85    65.53    78.11    73.68    75.89  -131.38
F   U   59     83.79   168.14    58.45    85.69  -137.57   -74.33  -169.10
F   C   60    -51.70   154.48    64.12    93.17  -130.95   -44.92  -144.76
F   C   61   -129.99  -111.28    59.51    84.92  -163.17   -70.94  -172.50
F   U   62    -73.96  -166.55    52.74    82.33  -152.57   -65.53  -168.14
F   G   63    -68.70  -173.62    45.45    81.37  -168.57   -91.39  -152.90
F   A   64    141.00  -146.41  -174.83    84.55  -124.69   -73.93   174.91
F   G   65    -76.02   175.37    53.69    84.02  -153.21   -73.95  -175.38
F   U   66    -57.90   175.79    54.01    84.74  -140.21   -73.16  -166.04
F   G   67    -82.94   175.87    59.22    87.10  -152.33   -82.14  -170.21
F   C   68    -73.42   168.53    61.21    85.97  -159.64   -68.92  -162.14
F   G   69    -89.67  -165.19    59.06    85.65  -156.40   -72.29  -164.65
F   A   70    -73.35   177.15    56.14    84.60  -157.11  -104.88  -163.36
F   G   71   -113.85  -144.38    54.79    78.71 -9999.99 -9999.99   163.84
