The backbone torsional angle for nucleic acid 

 
Note: alpha:   O3'(i-1)-P-O5'-C5'
      beta:    P-O5'-C5'-C4'
      gamma:   O5'-C5'-C4'-C3'
      delta:   C5'-C4'-C3'-O3'
      epsilon: C4'-C3'-O3'-P(i+1)
      zeta:    C3'-O3'-P(i+1)-O5'(i+1)

      chi for pyrimidines(Y): O4'-C1'-N1-C2
          chi for purines(R): O4'-C1'-N9-C4

    (The number -9999.99 means that the angle can not be calculated) 

Ch Res  Num    alpha    beta     gamma    delta  epsilon    zeta     chi
E   G    1  -9999.99   166.60    25.88    92.49  -133.31   -91.75  -176.80
E   C    2    -37.39   150.76    42.40    80.64  -128.98   -93.55  -165.35
E   C    3    -67.88   156.80    59.25    74.73  -126.50   -89.54  -171.10
E   C    4    -60.81   168.06    56.15    80.99  -133.31  -107.44  -177.85
E   G    5    -21.28   128.69    49.10    71.96  -159.18   -74.69   178.87
E   G    6    -60.60  -166.24    44.80    94.96  -173.95   -77.50  -163.42
E   A    7    -86.09  -175.45    90.05   148.03  -103.10   -42.78  -139.83
E   U    8    -48.36  -150.34    34.26    90.31  -131.25   -66.00  -164.29
E   G    9   -166.69    97.50  -165.36   145.62  -126.12   -48.73    61.11
E   G   10   -176.49  -150.55    24.09    81.13  -163.37   -60.39   175.89
E   U   11    -85.86  -155.13    57.27    84.26  -157.52   -72.94  -151.84
E   G   12    -75.18   172.08    65.76    67.81  -130.61   -52.38  -170.01
E   G   13    -83.79   159.72    96.50    84.53  -171.63   -66.73  -163.76
E   A   14    -84.49  -159.99    62.22    80.97  -161.52   -52.53  -160.64
E   A   15   -103.04  -168.42    70.40    80.53  -149.61    71.30  -141.97
E   U   16   -167.87  -118.28    83.30   139.92   -89.85   -92.95  -138.24
E   C   17    178.47  -131.75    72.67    85.17  -166.98  -110.39    36.22
E   G   18    176.66  -100.68   -23.22   157.03  -152.82  -178.39   -82.94
E   G   19    -13.29   169.92    43.70   162.94   -70.83  -168.55   -73.53
E   U   20    -71.59  -175.45    54.10   133.79   -95.69   -63.67  -126.36
E   A   20    -63.57   147.76   176.92    87.63  -129.12   -94.16  -152.65
E   G   21    -46.47   150.07    54.29    86.90   180.00   157.89  -135.26
E   A   22    -54.58   127.19    50.27    82.79  -134.23   -46.01   173.19
E   C   23    -78.71  -179.60    50.01    85.90  -131.09   -92.99  -153.24
E   A   24     83.25  -147.20  -133.59    98.67  -140.94   -70.48  -173.86
E   C   25    -67.05   171.27    60.03    79.88  -137.65   -72.33  -168.58
E   A   26    -61.56   168.33    55.46    74.24  -144.28   -68.53  -167.47
E   A   27    -65.62   161.76    63.07    81.41  -123.28  -102.04  -173.50
E   G   28    -53.73   157.79    42.47    81.80  -148.13   -74.57  -173.20
E   G   29    -70.02   169.74    64.20    84.14  -137.11   -80.77  -176.98
E   G   30    -65.77   176.44    47.96    86.13  -164.08  -108.76  -176.57
E   A   31    171.22  -146.70   151.70    89.92  -149.41   -70.60   163.23
E   U   32   -125.16  -114.21    94.86   128.86 -9999.99 -9999.99  -153.73
E   U   39  -9999.99  -157.93    74.65    97.01  -155.47   -90.15  -167.74
E   C   40    -69.86  -175.63    57.66    95.04  -143.57   -89.53   161.98
E   C   41    -67.36   155.65    64.17    73.70  -149.94   -85.40  -155.42
E   C   42    -60.26   172.15    52.54    81.10  -144.01   -69.53   173.05
E   U   43    -67.90   176.99    65.26    79.43  -123.83   -88.95  -157.15
E   C   44    -57.52   146.26    60.55    76.20  -162.92  -108.23  -137.43
E   G   45    -27.84  -148.80   131.99    84.49  -126.04  -126.72   170.93
E   G   46     28.39   123.81     0.06    79.93  -143.12   -76.39  -169.27
E   C   47    -64.72   165.95    66.48    90.82  -153.18   -72.71  -161.62
E   G   47    -86.61  -173.70    65.45    89.88 -9999.99 -9999.99  -138.48
E   C   47  -9999.99   137.51    49.81   136.72  -162.98   141.67    23.31
E   G   47     23.77  -129.00    78.91   139.36   -14.04  -167.76   -98.92
E   C   47    104.70   -99.27   171.63    80.85  -117.00   -95.18  -176.17
E   G   47     61.46  -147.16  -100.15    94.93  -117.83   -82.70   179.89
E   C   47    -37.25   142.61    56.03    81.49  -146.97   -71.91  -171.34
E   U   47    -67.80   159.97    66.23    80.62  -149.94   -72.55  -156.92
E   G   47    -57.98   175.39    39.64    79.88   172.65   -82.25  -148.78
E   U   48   -112.03  -124.23   114.01   118.31  -113.14   111.67  -155.53
E   G   49    -77.29  -115.59   101.69    85.42  -145.25   -74.00  -178.11
E   C   50    -75.53  -177.65    59.38    81.67  -152.99   -68.31  -153.44
E   G   51    -84.82  -174.01    63.66    74.97  -117.43  -113.10  -163.14
E   G   52     82.67  -123.05  -143.91    83.25  -127.80   -65.79   179.65
E   G   53    -73.13   174.76    69.49    79.39  -151.37   -82.96  -175.96
E   U   54    -61.03   177.55    56.42    73.71  -130.54   -50.69  -155.17
E   U   55    -83.58  -164.43    70.26    75.69  -134.48   -46.58  -150.94
E   C   56   -149.80   114.33    39.19    81.67  -145.47   -75.07  -171.05
E   A   57    -69.34  -176.41    42.44    87.52  -138.25   -73.23  -156.09
E   A   58    -44.58  -144.52    56.80   152.41   -87.22  -157.02   -74.24
E   G   59     34.81  -142.31    96.22    85.64  -156.14   -44.03  -171.00
E   U   60    -81.36  -163.88    64.33   138.65  -135.28   -66.80  -123.96
E   C   61   -144.99  -123.71    68.54    83.38  -159.57   -77.25  -159.03
E   C   62    -82.75  -174.85    59.39    80.00  -149.31   -79.58  -159.50
E   C   63    -74.83  -177.71    48.14    77.46  -149.60   -78.65  -161.48
E   G   64    -65.81   170.81    66.77    79.29  -144.97   -76.97  -176.58
E   C   65    -62.46   179.82    58.21    83.49  -143.52   -81.97  -169.69
E   U   66    -52.99   170.97    44.57    79.62  -146.78   -78.49  -156.62
E   C   67    -53.63   157.09    56.58    78.36  -143.51   -72.43  -165.77
E   C   68    -49.72   168.18    58.99    78.95  -146.81   -94.62  -164.73
E   G   69    127.39  -157.47  -169.84    87.10  -155.88   -62.82  -177.05
E   G   70    -70.44  -166.03    40.82    80.65  -148.28   -72.88  -161.70
E   G   71    -62.06   167.51    58.27    77.40  -144.34   -66.85  -171.43
E   U   72    -68.32   166.77    63.74    74.43  -139.09   128.85  -163.96
E   A   73    -57.28   130.79    47.22   140.22  -131.34    52.59  -141.64
E   C   74     77.49   145.35    58.76   142.24   -81.95   112.64  -124.61
E   C   75     51.96   138.13    68.66    93.82  -118.79   -87.55  -153.36
E   A   76    -57.92   131.72    72.34    89.15 -9999.99 -9999.99  -151.19
