The backbone torsional angle for nucleic acid 

 
Note: alpha:   O3'(i-1)-P-O5'-C5'
      beta:    P-O5'-C5'-C4'
      gamma:   O5'-C5'-C4'-C3'
      delta:   C5'-C4'-C3'-O3'
      epsilon: C4'-C3'-O3'-P(i+1)
      zeta:    C3'-O3'-P(i+1)-O5'(i+1)

      chi for pyrimidines(Y): O4'-C1'-N1-C2
          chi for purines(R): O4'-C1'-N9-C4

    (The number -9999.99 means that the angle can not be calculated) 

Ch Res  Num    alpha    beta     gamma    delta  epsilon    zeta     chi
A ILA 1862  -9999.99 -9999.99 -9999.99   150.28 -9999.99 -9999.99  -123.84
A ILA 1863  -9999.99 -9999.99 -9999.99   127.29 -9999.99 -9999.99  -172.83
B   G    1  -9999.99  -179.09    22.57    91.40  -169.63   -52.00  -161.62
B   C    2   -103.23  -169.26    70.28    78.34  -147.44   -71.13  -152.76
B   C    3    -69.05  -179.16    47.62    78.36  -156.27   -65.80  -163.39
B   C    4    -54.83  -169.60    37.23    85.61  -155.24   -93.42  -155.97
B   G    5    116.52  -145.14  -156.17    87.34  -137.49   -64.41   178.13
B   G    6    -66.26   173.61    53.89    85.88  -153.89   -84.64  -167.48
B   A    7    -47.06   170.30    63.60   148.49  -109.87   -45.29  -123.61
B   U    8    -77.26  -153.07    71.90    80.97  -123.09   -76.22  -155.79
B   G    9   -169.63   103.23  -177.90   148.09  -117.39   -38.41    71.54
B   G   10   -167.40  -173.40    22.93    79.75  -140.56  -100.91   176.67
B   U   11      2.24   155.75     8.07    84.89  -163.79   -64.04  -158.46
B   G   12    -85.19  -172.83    64.10    78.84  -150.97   -80.81  -162.37
B   G   13    133.85  -139.48  -170.78   100.15  -161.46   -59.84  -178.90
B   A   14    -84.56  -148.49    50.11    80.10  -172.27   -50.80  -152.48
B   A   15   -118.03  -158.16    81.53    80.44  -157.15    89.36  -149.91
B   U   16   -142.21  -136.35    61.52   132.11   -39.28  -147.99  -126.47
B   C   17    148.15  -128.57    70.45   113.01   -73.43  -120.71    80.01
B   G   18   -104.05   130.04   -53.88   154.49  -101.74   136.06   -74.96
B   G   19     29.09   155.29   -23.30   172.55  -104.64  -157.33   -65.18
B   U   20    -46.50  -171.98    49.40   142.97   -97.94   -79.80  -127.84
B   A   20    -48.58   136.79   151.40    83.98  -149.21   -83.29   179.09
B   G   21    -38.23   157.52    44.23    97.39  -161.16   139.84  -136.76
B   A   22    -43.95   141.23    21.85    94.52  -135.70   -58.97  -171.90
B   C   23    -69.63   177.96    46.91    83.00  -156.05   -69.92  -153.59
B   A   24    123.36  -165.54  -156.27    85.76  -153.52   -61.00  -165.13
B   C   25    -74.14  -173.78    56.70    82.64  -153.55   -59.17  -163.93
B   A   26    -73.41   179.84    58.64    80.29  -147.15   -66.81  -165.26
B   A   27    -60.19   175.20    52.09    79.22  -148.79   -77.15  -162.57
B   G   28    -55.30   167.41    48.64    74.76  -154.65   -64.03  -170.05
B   G   29    -74.67  -177.70    59.62    83.46  -154.76   -68.54  -166.24
B   G   30    -76.18   171.14    69.96    73.93  -168.99   -60.74  -176.52
B   A   31    -93.22  -147.21    58.33    85.48  -172.00   -75.41  -152.45
B   U   32    157.36  -146.86   169.58    74.81  -109.98   -18.19  -177.87
B   U   33   -161.30    83.03  -151.38   133.00 -9999.99 -9999.99   -45.29
B   A   37  -9999.99   -60.36  -144.49   125.52  -130.37   -41.28   145.27
B   A   38   -126.85  -171.45    75.52    84.50  -148.36   -70.87  -166.67
B   U   39    -65.46   176.88    53.80    77.89  -144.36   -78.89  -179.15
B   C   40    -31.14   166.50    38.53    68.88  -164.32   -79.02  -154.12
B   C   41     95.36  -177.43  -117.91   103.81  -127.59   -80.01  -166.67
B   C   42    -39.45   164.93    33.60    82.27  -167.08   -57.72  -154.58
B   U   43    -89.91  -173.53    64.97    76.97  -128.22   -98.08  -170.03
B   C   44    -27.60   139.20    44.89    75.54  -141.22  -142.73  -154.37
B   G   45     74.68  -168.04    42.47    83.50  -160.95   -59.74  -169.29
B   G   46    -83.00  -169.87    66.71    77.16  -139.23  -108.43  -164.06
B   C   47      3.09   127.29    29.40    85.90  -154.26   -84.15  -147.91
B   G   47    166.92  -165.39   153.27    78.67 -9999.99 -9999.99  -164.51
B   C   47  -9999.99   112.06    47.32   127.39  -153.41   104.45    -8.02
B   G   47     66.51  -149.75    57.03   145.90   -49.85  -144.63  -103.42
B   C   47    141.11  -109.29   173.95    81.71  -139.13   -79.35  -172.08
B   G   47    -64.28   168.52    45.20    77.41  -149.93   -78.73  -164.54
B   C   47    -59.20   157.61    60.80    73.94  -156.55   -55.30  -154.69
B   U   47    -64.93  -174.55    45.49    77.08  -172.35   -52.61  -147.39
B   G   47    -90.01  -171.73    71.00    89.43  -132.92  -112.15  -164.24
B   U   48    -37.01  -160.77    43.50   145.27  -145.56    74.25  -126.27
B   G   49     72.70   137.29    35.72    82.29  -135.55   -85.48   174.76
B   C   50    -49.93   174.72    42.39    76.44  -151.74   -70.17  -170.20
B   G   51    -58.36   176.35    40.39    71.02  -160.42   -88.04  -165.59
B   G   52    144.06  -153.29   177.09    90.02  -117.18   -80.73   174.21
B   G   53    -42.17   163.03    50.98    76.54  -165.40   -70.54  -165.06
B   U   54    -65.45  -176.26    51.18    83.05  -147.01   -60.83  -154.92
B   U   55    -88.89  -177.58    67.85    78.90  -131.80   -94.56  -147.51
B   C   56    165.23  -166.20    55.10    81.29  -138.04   -71.92  -164.46
B   A   57    -62.34   168.25    60.98    86.30  -149.36   -60.40  -158.01
B   A   58    -70.16  -128.83    56.11   137.88   -97.61  -169.44   -73.40
B   G   59     73.93  -153.43    69.27    88.50  -130.35   -67.35  -170.39
B   U   60    -36.18   173.74    39.57   144.03  -113.55   -65.54  -110.78
B   C   61    -93.18  -160.44    33.29    83.89  -165.07   -67.97  -165.77
B   C   62    -64.30  -178.59    47.06    82.65  -149.29   -71.21  -165.91
B   C   63    -82.83  -174.80    57.98    72.60  -144.58   -83.69  -168.11
B   G   64    -37.96   161.09    41.92    73.37  -161.32   -53.91  -163.75
B   C   65    167.53   177.45   175.73    76.36   179.65   -45.23  -175.81
B   U   66   -118.81  -151.49    77.23    80.48  -148.65   -73.76  -163.74
B   C   67    -58.39   163.34    48.67    74.89  -166.13   -56.96  -156.74
B   C   68    -85.52  -178.09    68.37    69.25  -146.73   -79.68  -158.45
B   G   69    -66.18   177.25    64.96    80.04  -172.34   -54.84  -161.05
B   G   70    -94.75  -162.19    63.11    74.15  -154.66   -59.57  -160.24
B   G   71    -83.11  -179.11    64.86    78.70  -153.39   -54.18  -160.14
B   U   72    -76.68   176.08    54.35    73.40  -157.40   141.15  -160.12
B   A   73    -48.66   121.42    51.49   137.91  -132.47    63.29  -149.37
B   C   74     81.84   157.45    48.32   151.46   -78.32   107.05  -113.05
B   C   75     76.73   131.32    54.98   100.19  -138.55   -76.54  -154.32
B   A   76    -78.67   154.87    67.05    92.53 -9999.99 -9999.99  -149.60
D ILA 1862  -9999.99 -9999.99 -9999.99   143.39 -9999.99 -9999.99  -115.03
D ILA 1863  -9999.99 -9999.99 -9999.99   136.09 -9999.99 -9999.99  -172.85
E   G    1  -9999.99   166.60    25.88    92.49  -133.31   -91.75  -176.80
E   C    2    -37.39   150.76    42.40    80.64  -128.98   -93.55  -165.35
E   C    3    -67.88   156.80    59.25    74.73  -126.50   -89.54  -171.10
E   C    4    -60.81   168.06    56.15    80.99  -133.31  -107.44  -177.85
E   G    5    -21.28   128.69    49.10    71.96  -159.18   -74.69   178.87
E   G    6    -60.60  -166.24    44.80    94.96  -173.95   -77.50  -163.42
E   A    7    -86.09  -175.45    90.05   148.03  -103.10   -42.78  -139.83
E   U    8    -48.36  -150.34    34.26    90.31  -131.25   -66.00  -164.29
E   G    9   -166.69    97.50  -165.36   145.62  -126.12   -48.73    61.11
E   G   10   -176.49  -150.55    24.09    81.13  -163.37   -60.39   175.89
E   U   11    -85.86  -155.13    57.27    84.26  -157.52   -72.94  -151.84
E   G   12    -75.18   172.08    65.76    67.81  -130.61   -52.38  -170.01
E   G   13    -83.79   159.72    96.50    84.53  -171.63   -66.73  -163.76
E   A   14    -84.49  -159.99    62.22    80.97  -161.52   -52.53  -160.64
E   A   15   -103.04  -168.42    70.40    80.53  -149.61    71.30  -141.97
E   U   16   -167.87  -118.28    83.30   139.92   -89.85   -92.95  -138.24
E   C   17    178.47  -131.75    72.67    85.17  -166.98  -110.39    36.22
E   G   18    176.66  -100.68   -23.22   157.03  -152.82  -178.39   -82.94
E   G   19    -13.29   169.92    43.70   162.94   -70.83  -168.55   -73.53
E   U   20    -71.59  -175.45    54.10   133.79   -95.69   -63.67  -126.36
E   A   20    -63.57   147.76   176.92    87.63  -129.12   -94.16  -152.65
E   G   21    -46.47   150.07    54.29    86.90   180.00   157.89  -135.26
E   A   22    -54.58   127.19    50.27    82.79  -134.23   -46.01   173.19
E   C   23    -78.71  -179.60    50.01    85.90  -131.09   -92.99  -153.24
E   A   24     83.25  -147.20  -133.59    98.67  -140.94   -70.48  -173.86
E   C   25    -67.05   171.27    60.03    79.88  -137.65   -72.33  -168.58
E   A   26    -61.56   168.33    55.46    74.24  -144.28   -68.53  -167.47
E   A   27    -65.62   161.76    63.07    81.41  -123.28  -102.04  -173.50
E   G   28    -53.73   157.79    42.47    81.80  -148.13   -74.57  -173.20
E   G   29    -70.02   169.74    64.20    84.14  -137.11   -80.77  -176.98
E   G   30    -65.77   176.44    47.96    86.13  -164.08  -108.76  -176.57
E   A   31    171.22  -146.70   151.70    89.92  -149.41   -70.60   163.23
E   U   32   -125.16  -114.21    94.86   128.86 -9999.99 -9999.99  -153.73
E   U   39  -9999.99  -157.93    74.65    97.01  -155.47   -90.15  -167.74
E   C   40    -69.86  -175.63    57.66    95.04  -143.57   -89.53   161.98
E   C   41    -67.36   155.65    64.17    73.70  -149.94   -85.40  -155.42
E   C   42    -60.26   172.15    52.54    81.10  -144.01   -69.53   173.05
E   U   43    -67.90   176.99    65.26    79.43  -123.83   -88.95  -157.15
E   C   44    -57.52   146.26    60.55    76.20  -162.92  -108.23  -137.43
E   G   45    -27.84  -148.80   131.99    84.49  -126.04  -126.72   170.93
E   G   46     28.39   123.81     0.06    79.93  -143.12   -76.39  -169.27
E   C   47    -64.72   165.95    66.48    90.82  -153.18   -72.71  -161.62
E   G   47    -86.61  -173.70    65.45    89.88 -9999.99 -9999.99  -138.48
E   C   47  -9999.99   137.51    49.81   136.72  -162.98   141.67    23.31
E   G   47     23.77  -129.00    78.91   139.36   -14.04  -167.76   -98.92
E   C   47    104.70   -99.27   171.63    80.85  -117.00   -95.18  -176.17
E   G   47     61.46  -147.16  -100.15    94.93  -117.83   -82.70   179.89
E   C   47    -37.25   142.61    56.03    81.49  -146.97   -71.91  -171.34
E   U   47    -67.80   159.97    66.23    80.62  -149.94   -72.55  -156.92
E   G   47    -57.98   175.39    39.64    79.88   172.65   -82.25  -148.78
E   U   48   -112.03  -124.23   114.01   118.31  -113.14   111.67  -155.53
E   G   49    -77.29  -115.59   101.69    85.42  -145.25   -74.00  -178.11
E   C   50    -75.53  -177.65    59.38    81.67  -152.99   -68.31  -153.44
E   G   51    -84.82  -174.01    63.66    74.97  -117.43  -113.10  -163.14
E   G   52     82.67  -123.05  -143.91    83.25  -127.80   -65.79   179.65
E   G   53    -73.13   174.76    69.49    79.39  -151.37   -82.96  -175.96
E   U   54    -61.03   177.55    56.42    73.71  -130.54   -50.69  -155.17
E   U   55    -83.58  -164.43    70.26    75.69  -134.48   -46.58  -150.94
E   C   56   -149.80   114.33    39.19    81.67  -145.47   -75.07  -171.05
E   A   57    -69.34  -176.41    42.44    87.52  -138.25   -73.23  -156.09
E   A   58    -44.58  -144.52    56.80   152.41   -87.22  -157.02   -74.24
E   G   59     34.81  -142.31    96.22    85.64  -156.14   -44.03  -171.00
E   U   60    -81.36  -163.88    64.33   138.65  -135.28   -66.80  -123.96
E   C   61   -144.99  -123.71    68.54    83.38  -159.57   -77.25  -159.03
E   C   62    -82.75  -174.85    59.39    80.00  -149.31   -79.58  -159.50
E   C   63    -74.83  -177.71    48.14    77.46  -149.60   -78.65  -161.48
E   G   64    -65.81   170.81    66.77    79.29  -144.97   -76.97  -176.58
E   C   65    -62.46   179.82    58.21    83.49  -143.52   -81.97  -169.69
E   U   66    -52.99   170.97    44.57    79.62  -146.78   -78.49  -156.62
E   C   67    -53.63   157.09    56.58    78.36  -143.51   -72.43  -165.77
E   C   68    -49.72   168.18    58.99    78.95  -146.81   -94.62  -164.73
E   G   69    127.39  -157.47  -169.84    87.10  -155.88   -62.82  -177.05
E   G   70    -70.44  -166.03    40.82    80.65  -148.28   -72.88  -161.70
E   G   71    -62.06   167.51    58.27    77.40  -144.34   -66.85  -171.43
E   U   72    -68.32   166.77    63.74    74.43  -139.09   128.85  -163.96
E   A   73    -57.28   130.79    47.22   140.22  -131.34    52.59  -141.64
E   C   74     77.49   145.35    58.76   142.24   -81.95   112.64  -124.61
E   C   75     51.96   138.13    68.66    93.82  -118.79   -87.55  -153.36
E   A   76    -57.92   131.72    72.34    89.15 -9999.99 -9999.99  -151.19
