BEGIN_base-pair
    14_26, B:    12 G-C    23 B: +/+ cis         XIX
    15_24, B:    13 G-G    21 B: W/S cis         n/a
    15_25, B:    13 G-A    22 B: S/H tran        XI
    16_23, B:    14 A-A    20 B: W/S cis         n/a
    17_56, B:    15 A-U    48 B: W/W tran        XXI
    20_63, B:    18 G-U    55 B: W/S tran   syn    n/a
    21_64, B:    19 G-C    56 B: +/+ cis    syn    XIX
    21_64,-
14_26_15_24_15_25_16_23_17_56_20_63_21_64_0, click this line to see above pattern
0_0,---------
   98_110, E:    12 G-C    23 E: +/+ cis         XIX
   99_108, E:    13 G-G    21 E: W/S cis         n/a
   99_109, E:    13 G-A    22 E: S/H tran        XI
  101_137, E:    15 A-U    48 E: W/W tran        XXI
  104_144, E:    18 G-U    55 E: W/S tran   syn    n/a
  105_145, E:    19 G-C    56 E: +/+ cis    syn    XIX
  105_145,-
98_110_99_108_99_109_101_137_104_144_105_145_0, click this line to see above pattern
0_0,---------
     9_74, B:     7 A-U    66 B: -/- cis         XX
    10_16, B:     8 U-A    14 B: W/H tran        XXIV
    11_14, B:     9 G-G    12 B: W/H cis    syn    VI
    12_28, B:    10 G-C    25 B: +/+ cis         XIX
    12_28,-
9_74_10_16_11_14_12_28_0, click this line to see above pattern
0_0,---------
    61_69, B:    53 G-C    61 B: +/+ cis         XIX
    62_66, B:    54 U-A    58 B: W/H tran     syn  XXIV
   87_161, E:     1 G-U    72 E: W/W cis         XXVIII
   88_160, E:     2 C-G    71 E: +/+ cis         XIX
   88_160,-
61_69_62_66_87_161_88_160_0, click this line to see above pattern
0_0,---------
   93_155, E:     7 A-U    66 E: -/- cis         XX
   94_100, E:     8 U-A    14 E: W/H tran        XXIV
    95_98, E:     9 G-G    12 E: W/H cis    syn    VI
   96_112, E:    10 G-C    25 E: +/+ cis         XIX
   96_112,-
93_155_94_100_95_98_96_112_0, click this line to see above pattern
0_0,---------
END_base-pair
