PDB data file name: tRNA_dataset/4cqn_chain_E.pdb_new
-----------------------------------------------------------
CRITERIA USED TO GENERATE BASE-PAIR: 
  3.40 --> upper H-bond length limits (ON..ON).
 26.00 --> max. distance between paired base origins.
  2.50 --> max. vertical distance between paired base origins.
 65.00 --> max. angle between paired bases [0-90].
  5.40 --> min. distance between RN9/YN1 atoms.
  8.00 --> max. distance criterion for helix break[0-12]
-----------------------------------------------------------
BASE-PAIR INSTRUCTIONS: 
Column 1 is rnaview assigned base numbers n1_n2, start from 1.
Column 2 & 3 are chain ID & residue number in input PDB file.
Column 4 is for base pair. The left & right are the bases as 
         identified by column 2 & 3 and 5 & 6.
Column 5 & 6 are residue number & chain ID in input PDB file.
Column 7 is for base pair annotation. The standard Watson-Crick
         (W.C.) pairs are annotated as -/- (AU,AT) or +/+ (GC).
         Other pairs are annotated as Leontis_Westhof Classification.
         The three edges: W(Watson-Crick); H(Hoogsteen); S(suger).
         e.g. W/H means the pair is edge of Watson-Crick & Hoogsteen.
Column 8 is glycosidic bond orientation (either cis or trans).
         e.g. 'W/H cis' means the pair is interaction on Watson-Crick
         and Hoogsteen side, glycosidic bond orientation is 'cis'.
Column 9 corresponds to Saenger Classification.

Other columns: 
        Syn sugar-base conformations are annotated as (syn).
        Stacked base pairs are annotated as (stack).
        Non-identified edges are annotated as (.) or (?)
        Tertiary interactions are marked by (!) in the line.
Reference:
Yang et al (2003) Nucleic Acids Research, Vol31,No13,p3450-3461.
-----------------------------------------------------------
BEGIN_base-pair
     7_69, E:     7 A-U    66 E: -/- cis         XX
    28_38, E:    27 A-U    43 E: -/- cis         XX
     2_74, E:     2 C-G    71 E: +/+ cis         XIX
     3_73, E:     3 C-G    70 E: +/+ cis         XIX
     4_72, E:     4 C-G    69 E: +/+ cis         XIX
    42_47, E:    47 C-G    47 E: +/+ cis         XIX
    53_67, E:    50 C-G    64 E: +/+ cis         XIX
     5_71, E:     5 G-C    68 E: +/+ cis         XIX
     6_70, E:     6 G-C    67 E: +/+ cis         XIX
    10_26, E:    10 G-C    25 E: +/+ cis         XIX
    12_24, E:    12 G-C    23 E: +/+ cis         XIX
    19_59, E:    19 G-C    56 E: +/+ cis    syn    XIX
    29_37, E:    28 G-C    42 E: +/+ cis         XIX
    30_36, E:    29 G-C    41 E: +/+ cis         XIX
    31_35, E:    30 G-C    40 E: +/+ cis         XIX
    41_48, E:    46 G-C    47 E: +/+ cis         XIX
    43_46, E:    47 G-C    47 E: +/+ cis         XIX
    52_68, E:    49 G-C    65 E: +/+ cis         XIX
    54_66, E:    51 G-C    63 E: +/+ cis         XIX
    55_65, E:    52 G-C    62 E: +/+ cis         XIX
    56_64, E:    53 G-C    61 E: +/+ cis         XIX
    11_25, E:    11 U-A    24 E: -/- cis         XX
    27_39, E:    26 A-C    44 E: W/W cis         n/a
     1_75, E:     1 G-U    72 E: W/W cis         XXVIII
    40_49, E:    45 G-U    47 E: W/W cis         XXVIII
    15_51, E:    15 A-U    48 E: W/W tran        XXI
     9_12, E:     9 G-G    12 E: W/H cis    syn    VI
     8_14, E:     8 U-A    14 E: W/H tran        XXIV
    13_22, E:    13 G-G    21 E: W/S cis         n/a
    18_58, E:    18 G-U    55 E: W/S tran   syn    n/a
    13_23, E:    13 G-A    22 E: S/H tran        XI
END_base-pair

Summary of triplets and higher multiplets
BEGIN_multiplets
9_12_24_| [1 3]  E: 9 G  +  E: 12 G  +  E: 23 C
13_22_23_| [2 3]  E: 13 G  +  E: 21 G  +  E: 22 A
END_multiplets

  The total base pairs =  31 (from   79 bases)
------------------------------------------------
 Standard  WW--cis  WW-tran  HH--cis  HH-tran  SS--cis  SS-tran
       22        3        1        0        0        0        0
  WH--cis  WH-tran  WS--cis  WS-tran  HS--cis  HS-tran
        1        1        1        1        0        1
------------------------------------------------
