The backbone torsional angle for nucleic acid 

 
Note: alpha:   O3'(i-1)-P-O5'-C5'
      beta:    P-O5'-C5'-C4'
      gamma:   O5'-C5'-C4'-C3'
      delta:   C5'-C4'-C3'-O3'
      epsilon: C4'-C3'-O3'-P(i+1)
      zeta:    C3'-O3'-P(i+1)-O5'(i+1)

      chi for pyrimidines(Y): O4'-C1'-N1-C2
          chi for purines(R): O4'-C1'-N9-C4

    (The number -9999.99 means that the angle can not be calculated) 

Ch Res  Num    alpha    beta     gamma    delta  epsilon    zeta     chi
F   C    2  -9999.99   124.71    43.25    86.22   -83.26  -160.76  -160.97
F   U    3    -86.67   134.16    58.08    84.69  -164.96   -76.94  -161.26
F   C    4    161.85  -157.13   169.16    86.44  -131.27  -125.79  -171.71
F   G    5    142.80  -115.89   165.84    84.37  -114.11   -74.53   170.67
F   U    6    -45.28   141.87    57.02    85.02  -126.10  -168.00  -159.89
F   A    7    108.56   -89.79   172.07    86.73  -160.33    70.92  -169.92
F   U    8   -147.79  -141.60    49.64    80.97  -150.82  -174.31  -149.88
F   G    9    162.12  -128.15   178.56    90.10   -75.84  -120.46  -140.02
F   G   10   -163.90  -116.09    61.46    87.25  -145.37   -79.26  -172.97
F   C   11    -65.58   168.56    55.24    82.03  -159.31   -61.14  -160.36
F   G   12    -74.79  -166.29    48.62    81.69  -161.18   -76.11  -155.33
F   C   13    154.37  -154.83   177.24    84.17  -140.72   -44.67  -168.05
F   A   14   -131.25   103.71   163.44    82.52  -120.79   -65.00  -177.82
F   G   15    -57.69   160.39    58.15    86.48  -161.25  -127.23  -158.17
F   U   16   -136.96  -146.01    87.81    85.50  -141.98   -72.44  -150.34
F   G   18    -52.16   141.38  -169.37   107.99    73.44    75.17  -134.03
F   G   19   -142.59  -158.50    66.01    89.27   176.54  -152.60   -95.52
F   U   20   -101.20   109.85   154.55    84.60  -116.79   128.08  -136.08
F   A   21    139.97  -116.17   167.41    83.74  -107.28   -61.60  -162.82
F   G   22   -108.81    70.28   162.25    84.70  -124.19   -86.31   176.83
F   C   23    -75.54   172.58    47.98    78.79  -152.75   -73.22  -146.76
F   G   24    -55.91  -178.91    44.97    79.47  -169.72   -77.51  -156.09
F   C   25    158.53  -142.65   166.37    83.57   -92.65  -100.03   179.35
F   A   26     92.02  -120.68  -149.89    86.83  -134.54   -53.85  -178.77
F   G   27    -66.43  -179.11    44.62    84.44  -146.96   -67.93  -169.34
F   C   28    -60.61   175.22    44.38    77.44  -144.28   -78.24  -166.75
F   A   29    -50.24   168.17    49.72    84.24  -155.26   -84.22  -170.25
F   G   30    -65.94   171.63    50.89    81.26  -156.39   -67.41  -172.00
F   A   31    -61.13  -179.92    58.14    84.21  -150.12   -66.17  -165.07
F   U   32    -48.17  -179.38    46.62   104.24    67.29   136.84  -114.52
F   U   33    -18.94   169.15   -26.68   116.01    98.98  -165.14  -118.44
F   G   34    -29.47   137.26   171.25    89.63    80.95    77.56  -155.16
F   C   35   -117.67  -141.75    71.38   133.39   -89.09   -85.58  -125.97
F   A   36    -65.33   177.11    51.96   140.37  -132.04   127.04  -157.21
F   A   37     63.43  -155.64    54.78   113.20    74.41   125.03  -113.74
F   A   38     76.88  -111.26   174.05    80.46  -114.56   -75.19   168.17
F   U   39    -46.69   165.59    39.72    80.95  -152.90   -82.43  -162.68
F   C   40    -53.02   166.82    50.26    82.24  -144.03   -75.10  -166.09
F   U   41    -53.84   168.34    49.72    81.45  -151.08   -86.78  -168.53
F   G   42    -60.68   162.83    52.06    84.76  -155.52   -68.69  -175.38
F   U   43    -72.03   170.83    70.73    86.89  -164.57   -97.27  -170.31
F   U   44    -54.36   167.86    65.10    88.03  -117.47   -76.92  -170.95
F   G   45     71.76  -124.54  -103.76    87.92  -118.01  -105.72     4.02
F   G   46    167.18  -134.52   171.12    87.68  -166.35    60.26  -141.99
F   U   47   -146.06    83.96  -149.27    82.85  -117.91  -165.53  -174.76
F   C   48    -54.87   152.88    45.72   127.12  -145.44    75.34  -130.97
F   C   49     42.88   125.36    61.19    86.33  -120.04   -78.53  -164.53
F   U   50    -78.17   171.71    46.24    79.95  -155.12   -66.93  -164.31
F   U   51    -56.41   170.07    54.36    83.53  -161.32   -82.31  -161.46
F   A   52    -67.80   178.74    49.28    82.55  -169.07   -83.73  -161.17
F   G   53    160.40  -139.30   163.58    85.62  -159.14   -63.34  -175.29
F   U   54    -74.70  -169.80    52.62    85.12  -128.77  -102.02  -162.01
F   U   55    152.72  -131.21   159.21    83.32  -122.08   -57.21  -152.47
F   C   56    164.08   153.65    51.00    86.66  -141.69   -61.05  -164.22
F   G   57    -73.62   175.85    56.03    84.17  -131.57  -118.61  -145.14
F   A   58    -24.79   129.65    71.05    90.93  -143.66   -77.82  -151.78
F   U   59    172.73   158.71    63.34    83.01  -133.04   -75.09  -166.69
F   C   60    -60.71   156.13    66.87    95.69   -98.76   -65.12  -142.02
F   C   61    -89.74  -146.79    53.98    83.63  -148.07   -63.08  -178.48
F   U   62    -72.45  -166.05    51.23    85.38  -172.06   -65.67  -159.94
F   G   63    -82.95  -160.48    44.67    81.88  -176.41   -81.59  -155.54
F   A   64    156.12  -151.01   175.06    85.64  -125.67   -77.79   177.74
F   G   65    -75.65   164.24    57.06    83.81  -152.72   -62.78   179.74
F   U   66    -64.82  -168.23    48.96    83.34  -154.71   -60.47  -150.70
F   G   67    -71.48  -178.18    50.02    84.41  -142.59   -99.16  -162.00
F   C   68    -64.74   154.13    55.15    83.39  -149.50   -71.40  -152.89
F   G   69    -70.13   165.76    61.23    86.17  -158.48   -62.89  -168.45
F   A   70    -86.98  -169.43    57.07    84.23  -158.47   -76.52  -176.26
F   G   71    -74.21  -140.55    40.19    78.65 -9999.99 -9999.99  -173.84
