PDB data file name: ./Datasets/pdb_select_tRNA/3epj_F.pdb_new
-----------------------------------------------------------
CRITERIA USED TO GENERATE BASE-PAIR: 
  3.40 --> upper H-bond length limits (ON..ON).
 26.00 --> max. distance between paired base origins.
  2.50 --> max. vertical distance between paired base origins.
 65.00 --> max. angle between paired bases [0-90].
  5.40 --> min. distance between RN9/YN1 atoms.
  8.00 --> max. distance criterion for helix break[0-12]
-----------------------------------------------------------
BASE-PAIR INSTRUCTIONS: 
Column 1 is rnaview assigned base numbers n1_n2, start from 1.
Column 2 & 3 are chain ID & residue number in input PDB file.
Column 4 is for base pair. The left & right are the bases as 
         identified by column 2 & 3 and 5 & 6.
Column 5 & 6 are residue number & chain ID in input PDB file.
Column 7 is for base pair annotation. The standard Watson-Crick
         (W.C.) pairs are annotated as -/- (AU,AT) or +/+ (GC).
         Other pairs are annotated as Leontis_Westhof Classification.
         The three edges: W(Watson-Crick); H(Hoogsteen); S(suger).
         e.g. W/H means the pair is edge of Watson-Crick & Hoogsteen.
Column 8 is glycosidic bond orientation (either cis or trans).
         e.g. 'W/H cis' means the pair is interaction on Watson-Crick
         and Hoogsteen side, glycosidic bond orientation is 'cis'.
Column 9 corresponds to Saenger Classification.

Other columns: 
        Syn sugar-base conformations are annotated as (syn).
        Stacked base pairs are annotated as (stack).
        Non-identified edges are annotated as (.) or (?)
        Tertiary interactions are marked by (!) in the line.
Reference:
Yang et al (2003) Nucleic Acids Research, Vol31,No13,p3450-3461.
-----------------------------------------------------------
BEGIN_base-pair
    27_39, F:    29 A-U    41 F: -/- cis         XX
    29_37, F:    31 A-U    39 F: -/- cis         XX
    50_60, F:    52 A-U    62 F: -/- cis         XX
     3_67, F:     4 C-G    69 F: +/+ cis         XIX
    10_22, F:    11 C-G    24 F: +/+ cis         XIX
    12_20, F:    13 C-G    22 F: +/+ cis         XIX
    26_40, F:    28 C-G    42 F: +/+ cis         XIX
     4_66, F:     5 G-C    68 F: +/+ cis         XIX
     9_23, F:    10 G-C    25 F: +/+ cis         XIX
    11_21, F:    12 G-C    23 F: +/+ cis         XIX
    28_38, F:    30 G-C    40 F: +/+ cis         XIX
     2_68, F:     3 U-A    70 F: -/- cis         XX
    48_62, F:    50 U-A    64 F: -/- cis         XX
     6_64, F:     7 A-U    66 F: W/W cis         n/a
     4_65, F:     5 G-G    67 F: W/W cis         n/a
    25_41, F:    27 G-U    43 F: W/W cis         XXVIII
    49_61, F:    51 U-G    63 F: W/W cis         XXVIII
    14_46, F:    15 G-C    48 F: W/W tran        XXII
    15_57, F:    16 U-U    59 F: W/W tran        XII,XIII
     7_13, F:     8 U-A    14 F: W/H tran        XXIV
    52_56, F:    54 U-A    58 F: W/H tran        XXIV
    20_44, F:    22 G-G    46 F: H/W tran        VII
     5_65, F:     6 U-G    67 F: S/W cis         n/a
END_base-pair

Summary of triplets and higher multiplets
BEGIN_multiplets
12_20_44_| [1 3]  F: 13 C  +  F: 22 G  +  F: 46 G
END_multiplets

  The total base pairs =  23 (from   69 bases)
------------------------------------------------
 Standard  WW--cis  WW-tran  HH--cis  HH-tran  SS--cis  SS-tran
       13        4        2        0        0        0        0
  WH--cis  WH-tran  WS--cis  WS-tran  HS--cis  HS-tran
        0        3        1        0        0        0
------------------------------------------------
