
Number of the total bases = 75

=====Table of overall statistics =====
Distributions from total number of pairs (31):
The Standard W.C pairs =    20(64.5%)

    WW--cis    WW-tran    HH--cis    HH-tran    SS--cis    SS-tran
   3( 9.7%)   1( 3.2%)   0( 0.0%)   1( 3.2%)   0( 0.0%)   0( 0.0%)

    WH--cis    WH-tran    WS--cis    WS-tran    HS--cis    HS-tran
   1( 3.2%)   3( 9.7%)   1( 3.2%)   1( 3.2%)   0( 0.0%)   0( 0.0%)

std -> the standard W.C. base pairs


=====Table of the pair and edge type statistics =====
     A-A  A-C  C-A  A-G  G-A  A-U  U-A  C-C  C-G  G-C  C-U  U-C  G-G  G-U  U-G  U-U  SUM    %
std    0    0    0    0    0    3    3    0    5    9    0    0    0    0    0    0   20 64.5
WWc    0    0    1    1    0    0    0    0    0    0    0    0    0    0    0    1    3  9.7
WHc    0    0    0    0    0    0    0    0    0    0    0    0    0    0    0    0    0  0.0
HWc    0    0    0    0    0    0    0    0    0    0    0    0    1    0    0    0    1  3.2
WSc    1    0    0    0    0    0    0    0    0    0    0    0    0    0    0    0    1  3.2
SWc    0    0    0    0    0    0    0    0    0    0    0    0    0    0    0    0    0  0.0
HHc    0    0    0    0    0    0    0    0    0    0    0    0    0    0    0    0    0  0.0
HSc    0    0    0    0    0    0    0    0    0    0    0    0    0    0    0    0    0  0.0
SHc    0    0    0    0    0    0    0    0    0    0    0    0    0    0    0    0    0  0.0
SSc    0    0    0    0    0    0    0    0    0    0    0    0    0    0    0    0    0  0.0
WWt    0    1    0    0    0    0    0    0    0    0    0    0    0    0    0    0    1  3.2
WHt    0    0    0    0    0    0    3    0    0    0    0    0    0    0    0    0    3  9.7
HWt    0    0    0    0    0    0    0    0    0    0    0    0    0    0    0    0    0  0.0
WSt    0    0    0    0    0    0    0    0    0    0    0    0    0    1    0    0    1  3.2
SWt    0    0    0    0    0    0    0    0    0    0    0    0    0    0    0    0    0  0.0
HHt    0    1    0    0    0    0    0    0    0    0    0    0    0    0    0    0    1  3.2
HSt    0    0    0    0    0    0    0    0    0    0    0    0    0    0    0    0    0  0.0
SHt    0    0    0    0    0    0    0    0    0    0    0    0    0    0    0    0    0  0.0
SSt    0    0    0    0    0    0    0    0    0    0    0    0    0    0    0    0    0  0.0
W.c    0    0    0    0    0    0    0    0    0    0    0    0    0    0    0    0    0  0.0
.Wc    0    0    0    0    0    0    0    0    0    0    0    0    0    0    0    0    0  0.0
H.c    0    0    0    0    0    0    0    0    0    0    0    0    0    0    0    0    0  0.0
.Hc    0    0    0    0    0    0    0    0    0    0    0    0    0    0    0    0    0  0.0
S.c    0    0    0    0    0    0    0    0    0    0    0    0    0    0    0    0    0  0.0
.Sc    0    0    0    0    0    0    0    0    0    0    0    0    0    0    0    0    0  0.0
..c    0    0    0    0    0    0    0    0    0    0    0    0    0    0    0    0    0  0.0
W.t    0    0    0    0    0    0    0    0    0    0    0    0    0    0    0    0    0  0.0
.Wt    0    0    0    0    0    0    0    0    0    0    0    0    0    0    0    0    0  0.0
H.t    0    0    0    0    0    0    0    0    0    0    0    0    0    0    0    0    0  0.0
.Ht    0    0    0    0    0    0    0    0    0    0    0    0    0    0    0    0    0  0.0
S.t    0    0    0    0    0    0    0    0    0    0    0    0    0    0    0    0    0  0.0
.St    0    0    0    0    0    0    0    0    0    0    0    0    0    0    0    0    0  0.0
..t    0    0    0    0    0    0    0    0    0    0    0    0    0    0    0    0    0  0.0
SUM    1    2    1    1    0    3    6    0    5    9    0    0    1    1    0    1
  %  3.2  6.5  3.2  3.2  0.0  9.7 19.4  0.0 16.1 29.0  0.0  0.0  3.2  3.2  0.0  3.2


NEW Table! (combine standard with W edge)

     A-A  A-C  C-A  A-G  G-A  A-U  U-A  C-C  C-G  G-C  C-U  U-C  G-G  G-U  U-G  U-U  SUM    %
WWc    0    0    1    1    0    3    3    0    5    9    0    0    0    0    0    1   23 74.2
     0.0  0.0  3.2  3.2  0.0  9.7  9.7  0.0 16.1 29.0  0.0  0.0  0.0  0.0  0.0  3.2
WHc    0    0    0    0    0    0    0    0    0    0    0    0    0    0    0    0    0  0.0
     0.0  0.0  0.0  0.0  0.0  0.0  0.0  0.0  0.0  0.0  0.0  0.0  0.0  0.0  0.0  0.0
HWc    0    0    0    0    0    0    0    0    0    0    0    0    1    0    0    0    1  3.2
     0.0  0.0  0.0  0.0  0.0  0.0  0.0  0.0  0.0  0.0  0.0  0.0  3.2  0.0  0.0  0.0
WSc    1    0    0    0    0    0    0    0    0    0    0    0    0    0    0    0    1  3.2
     3.2  0.0  0.0  0.0  0.0  0.0  0.0  0.0  0.0  0.0  0.0  0.0  0.0  0.0  0.0  0.0
SWc    0    0    0    0    0    0    0    0    0    0    0    0    0    0    0    0    0  0.0
     0.0  0.0  0.0  0.0  0.0  0.0  0.0  0.0  0.0  0.0  0.0  0.0  0.0  0.0  0.0  0.0
HHc    0    0    0    0    0    0    0    0    0    0    0    0    0    0    0    0    0  0.0
     0.0  0.0  0.0  0.0  0.0  0.0  0.0  0.0  0.0  0.0  0.0  0.0  0.0  0.0  0.0  0.0
HSc    0    0    0    0    0    0    0    0    0    0    0    0    0    0    0    0    0  0.0
     0.0  0.0  0.0  0.0  0.0  0.0  0.0  0.0  0.0  0.0  0.0  0.0  0.0  0.0  0.0  0.0
SHc    0    0    0    0    0    0    0    0    0    0    0    0    0    0    0    0    0  0.0
     0.0  0.0  0.0  0.0  0.0  0.0  0.0  0.0  0.0  0.0  0.0  0.0  0.0  0.0  0.0  0.0
SSc    0    0    0    0    0    0    0    0    0    0    0    0    0    0    0    0    0  0.0
     0.0  0.0  0.0  0.0  0.0  0.0  0.0  0.0  0.0  0.0  0.0  0.0  0.0  0.0  0.0  0.0
WWt    0    1    0    0    0    0    0    0    0    0    0    0    0    0    0    0    1  3.2
     0.0  3.2  0.0  0.0  0.0  0.0  0.0  0.0  0.0  0.0  0.0  0.0  0.0  0.0  0.0  0.0
WHt    0    0    0    0    0    0    3    0    0    0    0    0    0    0    0    0    3  9.7
     0.0  0.0  0.0  0.0  0.0  0.0  9.7  0.0  0.0  0.0  0.0  0.0  0.0  0.0  0.0  0.0
HWt    0    0    0    0    0    0    0    0    0    0    0    0    0    0    0    0    0  0.0
     0.0  0.0  0.0  0.0  0.0  0.0  0.0  0.0  0.0  0.0  0.0  0.0  0.0  0.0  0.0  0.0
WSt    0    0    0    0    0    0    0    0    0    0    0    0    0    1    0    0    1  3.2
     0.0  0.0  0.0  0.0  0.0  0.0  0.0  0.0  0.0  0.0  0.0  0.0  0.0  3.2  0.0  0.0
SWt    0    0    0    0    0    0    0    0    0    0    0    0    0    0    0    0    0  0.0
     0.0  0.0  0.0  0.0  0.0  0.0  0.0  0.0  0.0  0.0  0.0  0.0  0.0  0.0  0.0  0.0
HHt    0    1    0    0    0    0    0    0    0    0    0    0    0    0    0    0    1  3.2
     0.0  3.2  0.0  0.0  0.0  0.0  0.0  0.0  0.0  0.0  0.0  0.0  0.0  0.0  0.0  0.0
HSt    0    0    0    0    0    0    0    0    0    0    0    0    0    0    0    0    0  0.0
     0.0  0.0  0.0  0.0  0.0  0.0  0.0  0.0  0.0  0.0  0.0  0.0  0.0  0.0  0.0  0.0
SHt    0    0    0    0    0    0    0    0    0    0    0    0    0    0    0    0    0  0.0
     0.0  0.0  0.0  0.0  0.0  0.0  0.0  0.0  0.0  0.0  0.0  0.0  0.0  0.0  0.0  0.0
SSt    0    0    0    0    0    0    0    0    0    0    0    0    0    0    0    0    0  0.0
     0.0  0.0  0.0  0.0  0.0  0.0  0.0  0.0  0.0  0.0  0.0  0.0  0.0  0.0  0.0  0.0
W.c    0    0    0    0    0    0    0    0    0    0    0    0    0    0    0    0    0  0.0
     0.0  0.0  0.0  0.0  0.0  0.0  0.0  0.0  0.0  0.0  0.0  0.0  0.0  0.0  0.0  0.0
.Wc    0    0    0    0    0    0    0    0    0    0    0    0    0    0    0    0    0  0.0
     0.0  0.0  0.0  0.0  0.0  0.0  0.0  0.0  0.0  0.0  0.0  0.0  0.0  0.0  0.0  0.0
H.c    0    0    0    0    0    0    0    0    0    0    0    0    0    0    0    0    0  0.0
     0.0  0.0  0.0  0.0  0.0  0.0  0.0  0.0  0.0  0.0  0.0  0.0  0.0  0.0  0.0  0.0
.Hc    0    0    0    0    0    0    0    0    0    0    0    0    0    0    0    0    0  0.0
     0.0  0.0  0.0  0.0  0.0  0.0  0.0  0.0  0.0  0.0  0.0  0.0  0.0  0.0  0.0  0.0
S.c    0    0    0    0    0    0    0    0    0    0    0    0    0    0    0    0    0  0.0
     0.0  0.0  0.0  0.0  0.0  0.0  0.0  0.0  0.0  0.0  0.0  0.0  0.0  0.0  0.0  0.0
.Sc    0    0    0    0    0    0    0    0    0    0    0    0    0    0    0    0    0  0.0
     0.0  0.0  0.0  0.0  0.0  0.0  0.0  0.0  0.0  0.0  0.0  0.0  0.0  0.0  0.0  0.0
..c    0    0    0    0    0    0    0    0    0    0    0    0    0    0    0    0    0  0.0
     0.0  0.0  0.0  0.0  0.0  0.0  0.0  0.0  0.0  0.0  0.0  0.0  0.0  0.0  0.0  0.0
W.t    0    0    0    0    0    0    0    0    0    0    0    0    0    0    0    0    0  0.0
     0.0  0.0  0.0  0.0  0.0  0.0  0.0  0.0  0.0  0.0  0.0  0.0  0.0  0.0  0.0  0.0
.Wt    0    0    0    0    0    0    0    0    0    0    0    0    0    0    0    0    0  0.0
     0.0  0.0  0.0  0.0  0.0  0.0  0.0  0.0  0.0  0.0  0.0  0.0  0.0  0.0  0.0  0.0
H.t    0    0    0    0    0    0    0    0    0    0    0    0    0    0    0    0    0  0.0
     0.0  0.0  0.0  0.0  0.0  0.0  0.0  0.0  0.0  0.0  0.0  0.0  0.0  0.0  0.0  0.0
.Ht    0    0    0    0    0    0    0    0    0    0    0    0    0    0    0    0    0  0.0
     0.0  0.0  0.0  0.0  0.0  0.0  0.0  0.0  0.0  0.0  0.0  0.0  0.0  0.0  0.0  0.0
S.t    0    0    0    0    0    0    0    0    0    0    0    0    0    0    0    0    0  0.0
     0.0  0.0  0.0  0.0  0.0  0.0  0.0  0.0  0.0  0.0  0.0  0.0  0.0  0.0  0.0  0.0
.St    0    0    0    0    0    0    0    0    0    0    0    0    0    0    0    0    0  0.0
     0.0  0.0  0.0  0.0  0.0  0.0  0.0  0.0  0.0  0.0  0.0  0.0  0.0  0.0  0.0  0.0
..t    0    0    0    0    0    0    0    0    0    0    0    0    0    0    0    0    0  0.0
     0.0  0.0  0.0  0.0  0.0  0.0  0.0  0.0  0.0  0.0  0.0  0.0  0.0  0.0  0.0  0.0
SUM    1    2    1    1    0    3    6    0    5    9    0    0    1    1    0    1
  %  3.2  6.5  3.2  3.2  0.0  9.7 19.4  0.0 16.1 29.0  0.0  0.0  3.2  3.2  0.0  3.2


=======The table of 12 base pair family=======
    WWc      A          C          G          U
     A     0( 0.0)    0( 0.0)    1( 3.2)    3( 9.7)
     C     1( 3.2)    0( 0.0)    5(16.1)    0( 0.0)
     G     0( 0.0)    9(29.0)    0( 0.0)    0( 0.0)
     U     3( 9.7)    0( 0.0)    0( 0.0)    1( 3.2)

 WHc+HWc      A          C          G          U
     A     0( 0.0)    0( 0.0)    0( 0.0)    0( 0.0)
     C     0( 0.0)    0( 0.0)    0( 0.0)    0( 0.0)
     G     0( 0.0)    0( 0.0)    1( 3.2)    0( 0.0)
     U     0( 0.0)    0( 0.0)    0( 0.0)    0( 0.0)

 WSc+SWc      A          C          G          U
     A     1( 3.2)    0( 0.0)    0( 0.0)    0( 0.0)
     C     0( 0.0)    0( 0.0)    0( 0.0)    0( 0.0)
     G     0( 0.0)    0( 0.0)    0( 0.0)    0( 0.0)
     U     0( 0.0)    0( 0.0)    0( 0.0)    0( 0.0)

    HHc      A          C          G          U
     A     0( 0.0)    0( 0.0)    0( 0.0)    0( 0.0)
     C     0( 0.0)    0( 0.0)    0( 0.0)    0( 0.0)
     G     0( 0.0)    0( 0.0)    0( 0.0)    0( 0.0)
     U     0( 0.0)    0( 0.0)    0( 0.0)    0( 0.0)

 HSc+SHc      A          C          G          U
     A     0( 0.0)    0( 0.0)    0( 0.0)    0( 0.0)
     C     0( 0.0)    0( 0.0)    0( 0.0)    0( 0.0)
     G     0( 0.0)    0( 0.0)    0( 0.0)    0( 0.0)
     U     0( 0.0)    0( 0.0)    0( 0.0)    0( 0.0)

    SSc      A          C          G          U
     A     0( 0.0)    0( 0.0)    0( 0.0)    0( 0.0)
     C     0( 0.0)    0( 0.0)    0( 0.0)    0( 0.0)
     G     0( 0.0)    0( 0.0)    0( 0.0)    0( 0.0)
     U     0( 0.0)    0( 0.0)    0( 0.0)    0( 0.0)

    WWt      A          C          G          U
     A     0( 0.0)    1( 3.2)    0( 0.0)    0( 0.0)
     C     0( 0.0)    0( 0.0)    0( 0.0)    0( 0.0)
     G     0( 0.0)    0( 0.0)    0( 0.0)    0( 0.0)
     U     0( 0.0)    0( 0.0)    0( 0.0)    0( 0.0)

 WHt+HWt      A          C          G          U
     A     0( 0.0)    0( 0.0)    0( 0.0)    0( 0.0)
     C     0( 0.0)    0( 0.0)    0( 0.0)    0( 0.0)
     G     0( 0.0)    0( 0.0)    0( 0.0)    0( 0.0)
     U     3( 9.7)    0( 0.0)    0( 0.0)    0( 0.0)

 WSt+SWt      A          C          G          U
     A     0( 0.0)    0( 0.0)    0( 0.0)    0( 0.0)
     C     0( 0.0)    0( 0.0)    0( 0.0)    0( 0.0)
     G     0( 0.0)    0( 0.0)    0( 0.0)    1( 3.2)
     U     0( 0.0)    0( 0.0)    0( 0.0)    0( 0.0)

    HHt      A          C          G          U
     A     0( 0.0)    1( 3.2)    0( 0.0)    0( 0.0)
     C     0( 0.0)    0( 0.0)    0( 0.0)    0( 0.0)
     G     0( 0.0)    0( 0.0)    0( 0.0)    0( 0.0)
     U     0( 0.0)    0( 0.0)    0( 0.0)    0( 0.0)

 HSt+SHt      A          C          G          U
     A     0( 0.0)    0( 0.0)    0( 0.0)    0( 0.0)
     C     0( 0.0)    0( 0.0)    0( 0.0)    0( 0.0)
     G     0( 0.0)    0( 0.0)    0( 0.0)    0( 0.0)
     U     0( 0.0)    0( 0.0)    0( 0.0)    0( 0.0)

    SSt      A          C          G          U
     A     0( 0.0)    0( 0.0)    0( 0.0)    0( 0.0)
     C     0( 0.0)    0( 0.0)    0( 0.0)    0( 0.0)
     G     0( 0.0)    0( 0.0)    0( 0.0)    0( 0.0)
     U     0( 0.0)    0( 0.0)    0( 0.0)    0( 0.0)


=====Table of the three edge statistics =====

Statistics for each edge(total(A+U+G+C+T+P+I)=62.0)
Percentage (in parentheses) is with respect to total edge.
base    edge(W.C.)    edge(Hoog)    edge(Sugar) 
   A      10( 16.1)     4(  6.5)     1(  1.6)
   G      17( 27.4)     1(  1.6)     0(  0.0)
   U      11( 17.7)     0(  0.0)     1(  1.6)
   C      16( 25.8)     1(  1.6)     0(  0.0)
   T       0(  0.0)     0(  0.0)     0(  0.0)
   P       0(  0.0)     0(  0.0)     0(  0.0)
   T       0(  0.0)     0(  0.0)     0(  0.0)

   R      27( 43.5)     5(  8.1)     1(  1.6)
   Y      27( 43.5)     1(  1.6)     1(  1.6)

Statistics for each edge for (A, G, C U)(total 62.0)
Percentage (in parentheses) is with respect to three edges.
base    edge(W.C.)    edge(Hoog)    edge(Sugar) 
   A      10( 66.7)     4( 26.7)     1(  6.7)
   G      17( 94.4)     1(  5.6)     0(  0.0)
   U      11( 91.7)     0(  0.0)     1(  8.3)
   C      16( 94.1)     1(  5.9)     0(  0.0)

   R      27( 81.8)     5( 15.2)     1(  3.0)
   Y      27( 93.1)     1(  3.4)     1(  3.4)
