The backbone torsional angle for nucleic acid 

 
Note: alpha:   O3'(i-1)-P-O5'-C5'
      beta:    P-O5'-C5'-C4'
      gamma:   O5'-C5'-C4'-C3'
      delta:   C5'-C4'-C3'-O3'
      epsilon: C4'-C3'-O3'-P(i+1)
      zeta:    C3'-O3'-P(i+1)-O5'(i+1)

      chi for pyrimidines(Y): O4'-C1'-N1-C2
          chi for purines(R): O4'-C1'-N9-C4

    (The number -9999.99 means that the angle can not be calculated) 

Ch Res  Num    alpha    beta     gamma    delta  epsilon    zeta     chi
V   C    1  -9999.99 -9999.99    55.74    70.60   175.24    52.46   -75.25
V   G    2     56.77   159.68    28.49   142.96   -93.82   -92.59    54.79
V   C    3    -72.03   145.89    45.64    81.25  -135.34   -73.30  -156.55
V   G    4    -56.34  -173.79    50.38    80.20  -143.42   -79.22  -167.93
V   G    5    -56.93   157.66    56.67    80.39  -168.69   -64.89  -158.22
V   G    6    165.11  -165.11   167.11    81.51  -156.30   -65.20  -172.93
V   G    7    -56.84  -168.05    60.86   146.50   -89.43  -104.59  -113.27
V   U    8     60.32   130.71   -50.57    65.17    66.04    37.04  -102.27
V   G    9   -136.53  -115.60    47.10   145.81  -107.02   -99.04   -73.41
V   G   10   -179.42  -169.27    59.90    81.19  -133.42   -78.22  -174.72
V   A   11    -68.37   174.26    49.46    80.79  -146.57   -76.39  -166.44
V   G   12    -61.71   165.95    56.86    81.55  -164.17   -51.48  -164.16
V   C   13    171.34   175.69   171.01    81.22  -150.11   -67.31  -157.17
V   A   14    -66.44  -177.96    45.69    82.27  -148.99   -67.01  -168.81
V   G   15    -52.00   163.75    59.22    81.77  -143.08    30.94  -159.64
V   C   16   -106.76  -130.16    50.98    81.92  -156.67  -109.59  -157.39
V   C   17    -90.52  -159.70    17.37   153.43  -114.31    -8.99  -142.54
V   U   18    164.96  -163.78    48.16    81.39   -93.47  -146.68  -156.31
V   G   19     62.44   167.93    56.67    81.27  -170.64  -119.71  -151.81
V   G   20     66.39   144.95    60.04   144.28   -89.22  -111.10  -130.02
V   U   21   -103.82  -167.96    64.40    80.64  -103.44   -93.99  -152.21
V   A   22     49.62  -147.20    77.67   108.20   -98.31  -168.52   -89.73
V   G   23     71.15  -135.33  -171.79   113.24   179.21   -92.82  -127.09
V   C   24    -52.94   174.82    33.54   106.21  -164.26   -95.62  -158.43
V   U   25    147.98  -177.55   171.29    84.98  -146.96   -73.27  -168.79
V   C   26    -62.08   174.75    48.32    81.02  -161.33   -68.02  -164.05
V   G   27    164.81  -154.72   164.18    81.46  -135.31   -54.01   174.81
V   U   28    -63.39  -164.75    36.04    80.95  -142.58   -70.93  -165.88
V   C   29    -59.26   171.99    49.03    79.71  -170.34   -61.29  -156.12
V   G   30    159.50  -173.85   169.71    80.74  -135.69   -74.43  -176.54
V   G   31    -62.07   167.80    53.71    80.23  -144.81   -75.08  -172.99
V   G   32    -59.42   167.64    58.18    81.67  -140.34   -73.70  -176.60
V   C   33    -63.34   172.16    55.07    81.79  -130.56   -67.61  -156.31
V   U   34    -65.92  -175.79    47.55    82.28  -135.63   -67.62  -160.51
V   C   35    170.26   172.87    45.80    83.31  -130.57   -70.87  -166.87
V   A   36    -66.77   165.65    53.67    82.71  -148.78   -72.87  -169.32
V   U   37    -66.52   175.48    54.13    80.03  -155.98   -67.56  -159.09
V   A   38    -79.03   165.96    68.80    79.89  -136.19   -61.05  -167.94
V   A   39    -67.15   169.36    55.48    82.04  -141.84   -65.90  -172.78
V   C   40    -59.88   164.56    59.66    83.33  -143.99   -74.81  -164.41
V   C   41    -69.29   172.58    56.60    80.58  -153.20   -74.79  -155.67
V   C   42    -62.17   178.76    56.18    80.39  -136.16   -68.59  -161.46
V   G   43     65.72  -147.97   -85.43    82.32  -168.39   -65.25  -157.33
V   A   44    160.50  -162.10   166.73    81.01  -160.76   -61.13  -162.26
V   A   45    163.38  -168.57   168.58    81.81  -113.07   -62.45   179.51
V   G   46    -78.61   161.65    60.18    78.29  -112.52  -124.08  -158.57
V   A   47    -56.56  -169.57    61.81   145.91  -117.37  -123.26   -70.97
V   U   48     65.39  -171.11    53.47    91.05  -113.48   -75.79  -157.11
V   C   49    152.76   137.41    55.09   147.68  -127.49    34.97  -118.16
V   G   50     58.43   141.36    49.09    84.26  -134.73   -68.69  -163.19
V   U   51    -57.23   161.66    54.94    82.29  -151.33   -63.99  -160.78
V   C   52    166.84   176.66   163.68    81.69  -143.79   -82.44  -162.02
V   G   53    -58.27   152.09    55.45    81.32  -165.43   -74.18  -161.83
V   G   54    -70.97   173.54    65.90    73.65   150.53    34.30  -170.31
V   U   55     58.03  -157.43  -134.03   143.74  -129.57   -48.76    51.46
V   U   56    123.73   179.38  -178.88   109.16   170.79   -59.29   -94.93
V   C   57    147.38   139.72    37.88    78.04   162.72    32.40  -161.61
V   A   58   -141.24  -174.69    58.58    83.88  -173.73   -66.86  -121.29
V   A   59    109.60  -170.15   -98.34   145.38  -103.16   170.02  -111.16
V   A   60    -47.42   123.69   -80.96   133.72  -156.15   162.26   -78.07
V   U   61     15.57    83.01    31.34    75.28  -179.86    44.46  -102.55
V   C   62   -122.78  -162.89    54.06    77.11  -153.91   -31.13  -162.30
V   C   63    163.56   159.62   163.20    79.53  -149.41   -70.92  -163.89
V   G   64    -62.58   162.91    56.70    80.62  -168.96   -66.56  -156.64
V   G   65    166.03  -176.17   165.10    82.32  -135.83   -71.21  -164.54
V   C   66    -60.99   170.79    46.21    81.75  -138.32   -59.41  -164.87
V   C   67    -60.12   175.61    47.64    79.52  -161.20   -78.08  -155.79
V   C   68    -62.31   170.54    51.29    78.52  -152.05   -85.18  -158.53
V   C   69    -63.67   165.19    53.66    80.57  -134.29   -89.90  -155.32
V   C   70    -60.31   146.55    60.98    80.76  -146.57   -71.90  -158.15
V   G   71    -64.64   177.95    53.56    81.52   -83.62  -149.81   176.90
V   C   72     98.44   -95.97   166.14    80.41  -146.50   -67.11  -163.50
V   A   73    -91.77   171.72    66.15    74.82   163.26    32.93  -162.61
V   A   74   -128.66   173.25    68.00    82.16  -175.30   -83.19  -131.26
V   C   75   -130.58  -170.60    63.67    79.86  -112.78   -27.06  -127.54
V   C   76     96.90   157.38  -101.69    72.63   171.92   165.53  -161.91
V   A   77    -60.72  -110.15    29.73    73.61 -9999.99 -9999.99   -84.55
