The backbone torsional angle for nucleic acid 

 
Note: alpha:   O3'(i-1)-P-O5'-C5'
      beta:    P-O5'-C5'-C4'
      gamma:   O5'-C5'-C4'-C3'
      delta:   C5'-C4'-C3'-O3'
      epsilon: C4'-C3'-O3'-P(i+1)
      zeta:    C3'-O3'-P(i+1)-O5'(i+1)

      chi for pyrimidines(Y): O4'-C1'-N1-C2
          chi for purines(R): O4'-C1'-N9-C4

    (The number -9999.99 means that the angle can not be calculated) 

Ch Res  Num    alpha    beta     gamma    delta  epsilon    zeta     chi
A   U    1  -9999.99  -110.65    21.88    86.47   172.07   -55.56  -144.53
A   C    2    -83.31   178.96    55.39    86.55  -161.57   -79.60  -163.14
A   C    3   -109.34  -167.76    76.54    86.38  -146.20   -92.02  -162.51
A   G    4    -45.90   170.61    45.76    90.00  -160.46   -62.82  -160.69
A   U    5    -66.53  -166.76    49.66    85.08  -150.23   -83.70  -157.29
A   G    6    -41.07   164.96    40.87    83.13  -154.79   -80.73  -155.31
A   A    7    -92.62   174.16    95.53   149.96   -92.93   -58.89  -134.71
A   U    8   -102.07  -169.01   103.66    80.17   -83.02  -152.29  -177.73
A   A    9     96.39  -166.73  -130.28   142.66   -88.57   -68.07   -95.39
A   G   10    167.21  -169.62    68.43    83.61  -172.96   -53.70   178.68
A   U   11    -99.11  -157.59    63.60    83.56  -175.96   -61.81  -161.81
A   U   12    -98.57  -157.16    63.65    88.79   174.00   -40.37  -162.65
A PSU   13    159.45  -178.40   176.30    86.59  -145.02   -83.08 -9999.99
A   A   14    171.51   177.66   167.32    81.50   -97.45   -90.52  -176.78
A   A   15    -72.53   138.08    74.65    83.52   -76.11  -123.38  -167.88
A H2U   16   -158.30  -134.64  -131.17    80.50  -106.54   145.52   162.30
A   G   17     49.01   172.72   -21.72   146.53  -139.58  -101.88  -107.10
A   G   18   -176.06   147.71   165.28   146.44   -54.76   153.80   -82.70
A H2U   19    112.46   155.24   160.74   145.06   -66.40    44.83  -154.27
A   C   20   -178.58  -145.15   115.17    81.99   -98.57   143.06  -173.48
A   A   21    -34.51   138.69    45.00    81.90  -152.77  -135.26  -143.87
A   G   22    -45.55   152.65    47.33    82.08  -142.82   -58.37  -165.34
A   A   23   -121.91   154.07   128.41    79.24  -117.83  -104.97  -172.76
A   A   24    -28.98   149.18    28.41    84.04  -161.29   -66.53  -160.66
A   U   25    -73.73  -169.49    51.70    84.61  -169.18   -57.92  -157.69
A   G   26   -100.39  -168.22    77.85    82.14  -148.92   -72.26  -163.97
A   G   27    -65.69   168.92    66.69    82.38  -133.36   -84.85   175.77
A   G   28    -59.42  -177.75    46.41    86.23  -163.00   -63.35  -157.83
A   C   29    -69.70   178.43    59.02    84.59  -158.37   -74.69  -165.05
A   G   30   -125.70   164.44   117.93    85.01  -129.97   -94.45  -179.26
A   C   31    -33.61   154.48    37.81    78.77  -133.41   -83.15  -164.14
A PSU   32    -28.28   158.85    26.32    79.88  -127.10  -102.74 -9999.99
A   U   33    -31.87   146.60    45.69    82.75  -133.35   -42.34  -141.91
A   G   34    168.31   128.27    42.00    85.19  -125.01   -92.31   169.87
A   U   35    -68.68  -175.68    44.11    80.70  -179.47   -55.36  -159.69
A   C   36    -81.73  -158.66    49.35    84.84  -157.73   -70.79  -158.21
A 1MG   37    -59.57  -179.75    57.69    82.06  -177.51   -51.22  -173.04
A   C   38    -98.26  -131.61    56.70    88.22  -176.18   -29.19  -141.86
A   G   39    -94.67  -173.03    71.99    83.97  -132.95   -81.87  -172.20
A   U   40    -48.04   166.67    45.90    86.18  -146.64   -74.08  -167.88
A   G   41    -90.32   176.36    80.59    85.23  -160.33   -88.91  -169.12
A   C   42    -67.49  -179.83    55.38    87.60  -167.30   -61.36  -160.06
A   C   43    -72.42  -160.27    61.94    83.66  -154.88   -76.47  -153.71
A   A   44    -47.26   173.34    44.20    81.95  -175.87   -37.95  -152.24
A   G   45   -133.37  -174.36    98.27    76.76   -97.53  -113.71  -158.40
A   A   46    -97.33   144.98    96.30    81.63  -110.43   -84.98  -152.04
A   U   47    -98.70   118.24   170.41   139.83  -165.15   111.76  -143.93
A 5MC   48     -6.59  -169.96    82.97    83.36  -130.20   -98.14  -178.23
A   G   49    -41.21   171.18    23.33    85.09  -163.19   -70.70  -157.79
A   G   50   -113.77  -170.87    93.35    84.96  -155.63   -73.80  -170.03
A   G   51    -75.07  -170.57    55.09    85.34  -173.89   -66.67  -167.33
A   G   52   -149.53  -172.18   135.48    83.19  -127.13  -104.52   168.83
A 5MU   53    -64.42   163.42    54.52    87.69  -131.02   -98.06  -175.66
A PSU   54    -42.75   172.33    43.03    87.62  -143.21   -60.33 -9999.99
A   C   55   -175.38   144.89    48.42    75.62  -126.91  -102.88  -173.57
A   A   56     -6.61   141.27    26.42    82.96  -139.54  -107.42  -155.19
A   A   57     38.57   144.45    16.60   143.38  -144.46  -145.14   -84.95
A   U   58    177.25  -178.95    14.23    87.11  -143.35   -52.50  -178.82
A   U   59    -57.74   174.11    63.61   141.05  -114.78   -66.91   -99.46
A   C   60    -94.99  -146.53    44.67    80.31  -178.20   -42.80  -176.38
A   C   61   -151.78   175.36   131.33    74.21  -100.69   -87.89   164.19
A   C   62    -65.56   159.77    59.80    79.71  -163.07   -63.53  -154.94
A   C   63    -68.38  -171.21    45.40    85.26  -164.66   -77.21  -158.22
A   G   64    -69.02  -169.88    62.53    85.57  -151.99   -84.23  -165.91
A   U   65    -38.15   173.70    39.54    83.70  -145.92   -70.41  -153.99
A   C   66    -86.86   172.11    65.26    81.75  -178.78   -59.26  -167.04
A   G   67    -91.61  -149.71    57.86    87.76   167.83   -45.32  -164.90
A   C   68    -95.91  -148.43    52.21    84.02  -168.00   -84.05  -153.69
A   G   69    -45.97  -179.97    37.49    87.07  -171.95   -84.32  -167.96
A   G   70    -81.03  -168.62    73.74    86.32  -167.43   -69.61  -172.99
A   A   71    -83.15  -158.25    64.02    83.80  -164.67   -99.31  -169.95
A   G   72    -30.90  -173.66    28.67   144.36  -158.12  -119.81  -117.81
A   C   73   -101.94   176.28    83.75    83.90 -9999.99 -9999.99  -155.80
