PDB data file name: tRNA_dataset/2tra_chain_A.pdb_new
uncommon residue PSU   13  on chain A [#13] assigned to: P
uncommon residue H2U   16  on chain A [#16] assigned to: u
uncommon residue H2U   19  on chain A [#19] assigned to: u
uncommon residue PSU   32  on chain A [#32] assigned to: P
uncommon residue 1MG   37  on chain A [#37] assigned to: g
uncommon residue 5MC   48  on chain A [#48] assigned to: c
uncommon residue 5MU   53  on chain A [#53] assigned to: u
uncommon residue PSU   54  on chain A [#54] assigned to: P
-----------------------------------------------------------
CRITERIA USED TO GENERATE BASE-PAIR: 
  3.40 --> upper H-bond length limits (ON..ON).
 26.00 --> max. distance between paired base origins.
  2.50 --> max. vertical distance between paired base origins.
 65.00 --> max. angle between paired bases [0-90].
  5.40 --> min. distance between RN9/YN1 atoms.
  8.00 --> max. distance criterion for helix break[0-12]
-----------------------------------------------------------
BASE-PAIR INSTRUCTIONS: 
Column 1 is rnaview assigned base numbers n1_n2, start from 1.
Column 2 & 3 are chain ID & residue number in input PDB file.
Column 4 is for base pair. The left & right are the bases as 
         identified by column 2 & 3 and 5 & 6.
Column 5 & 6 are residue number & chain ID in input PDB file.
Column 7 is for base pair annotation. The standard Watson-Crick
         (W.C.) pairs are annotated as -/- (AU,AT) or +/+ (GC).
         Other pairs are annotated as Leontis_Westhof Classification.
         The three edges: W(Watson-Crick); H(Hoogsteen); S(suger).
         e.g. W/H means the pair is edge of Watson-Crick & Hoogsteen.
Column 8 is glycosidic bond orientation (either cis or trans).
         e.g. 'W/H cis' means the pair is interaction on Watson-Crick
         and Hoogsteen side, glycosidic bond orientation is 'cis'.
Column 9 corresponds to Saenger Classification.

Other columns: 
        Syn sugar-base conformations are annotated as (syn).
        Stacked base pairs are annotated as (stack).
        Non-identified edges are annotated as (.) or (?)
        Tertiary interactions are marked by (!) in the line.
Reference:
Yang et al (2003) Nucleic Acids Research, Vol31,No13,p3450-3461.
-----------------------------------------------------------
BEGIN_base-pair
     1_71, A:     1 U-A    71 A: -/- cis         XX
     2_70, A:     2 C-G    70 A: +/+ cis         XIX
     3_69, A:     3 C-G    69 A: +/+ cis         XIX
     4_68, A:     4 G-C    68 A: +/+ cis         XIX
     5_67, A:     5 U-G    67 A: W/W cis         XXVIII
     6_66, A:     6 G-C    66 A: +/+ cis         XIX
     7_65, A:     7 A-U    65 A: -/- cis         XX
     8_14, A:     8 U-A    14 A: W/H tran        XXIV
     9_23, A:     9 A-A    23 A: H/H tran        II
    10_25, A:    10 G-U    25 A: W/W cis         XXVIII
    10_45, A:    10 G-G    45 A: H/S cis         n/a
    11_24, A:    11 U-A    24 A: -/- cis         XX
    12_23, A:    12 U-A    23 A: -/- cis         XX
    13_22, A:    13 P-G    22 A: W/W cis         n/a
    14_21, A:    14 A-A    21 A: W/S cis         n/a
    15_47, A:    15 A-U    47 A: W/W tran        XXI
    18_55, A:    18 G-C    55 A: +/+ cis    syn    XIX
    22_46, A:    22 G-A    46 A: H/W tran        n/a
    26_44, A:    26 G-A    44 A: W/W cis         VIII
    27_43, A:    27 G-C    43 A: +/+ cis         XIX
    28_42, A:    28 G-C    42 A: +/+ cis         XIX
    29_41, A:    29 C-G    41 A: +/+ cis         XIX
    30_40, A:    30 G-U    40 A: W/W cis         XXVIII
    31_39, A:    31 C-G    39 A: +/+ cis         XIX
    48_64, A:    48 c-G    64 A: +/+ cis         XIX
    49_63, A:    49 G-C    63 A: +/+ cis         XIX
    50_62, A:    50 G-C    62 A: +/+ cis         XIX
    51_61, A:    51 G-C    61 A: +/+ cis         XIX
    52_60, A:    52 G-C    60 A: +/+ cis         XIX
    53_57, A:    53 u-A    57 A: W/H tran     syn  XXIV
    58_59, A:    58 U-U    59 A:      stacked
     7_64, A:     7 A-G    64 A: W/W cis         !1H(b_b)
    17_54, A:    17 G-P    54 A: W/S tran        !1H(b_b).
    33_36, A:    33 U-C    36 A: S/H tran        !(s_s)
    54_56, A:    54 P-A    56 A: S/S tran        !(s_s)
    59_60, A:    59 U-C    60 A: S/H cis         !(s_s)
    71_72, A:    71 A-G    72 A: S/H cis         !(s_s)
END_base-pair

Summary of triplets and higher multiplets
BEGIN_multiplets
8_14_21_| [1 3]  A: 8 U  +  A: 14 A  +  A: 21 A
9_12_23_| [2 3]  A: 9 A  +  A: 12 U  +  A: 23 A
10_25_45_| [3 3]  A: 10 G  +  A: 25 U  +  A: 45 G
13_22_46_| [4 3]  A: 13 P  +  A: 22 G  +  A: 46 A
END_multiplets

  The total base pairs =  30 (from   73 bases)
------------------------------------------------
 Standard  WW--cis  WW-tran  HH--cis  HH-tran  SS--cis  SS-tran
       18        5        1        0        1        0        0
  WH--cis  WH-tran  WS--cis  WS-tran  HS--cis  HS-tran
        0        3        1        0        1        0
------------------------------------------------
