The backbone torsional angle for nucleic acid 

 
Note: alpha:   O3'(i-1)-P-O5'-C5'
      beta:    P-O5'-C5'-C4'
      gamma:   O5'-C5'-C4'-C3'
      delta:   C5'-C4'-C3'-O3'
      epsilon: C4'-C3'-O3'-P(i+1)
      zeta:    C3'-O3'-P(i+1)-O5'(i+1)

      chi for pyrimidines(Y): O4'-C1'-N1-C2
          chi for purines(R): O4'-C1'-N9-C4

    (The number -9999.99 means that the angle can not be calculated) 

Ch Res  Num    alpha    beta     gamma    delta  epsilon    zeta     chi
C   G    1  -9999.99  -171.22  -163.41    75.97  -164.62   -60.50  -171.69
C   G    2    -74.71  -164.94    58.97    76.20  -158.04   -50.93  -174.79
C   G    3    -78.75  -162.18    58.14    73.69  -162.78   -83.49  -160.57
C   U    4    158.90  -156.95   171.89    77.56  -157.23   -62.59  -155.76
C   G    5    -73.53  -166.20    39.33    76.60  -140.56   -82.42  -169.27
C   C    6    -49.21   161.60    59.43    85.19  -159.35   -64.28  -153.10
C   G    7    -79.21  -171.59    52.80    80.98  -132.01  -144.58  -161.00
C   A    8     42.19  -174.41   -67.87   134.43   -94.09    70.56    38.50
C   U    9     57.92   153.60    59.87   144.23   -70.57   -27.90  -138.20
C   G   10    -95.84  -113.71    57.43   153.68  -109.02   126.71   -79.97
C   A   11   -116.76  -173.52    54.66    82.77  -130.23   -75.05  -163.22
C   G   12    -47.05   150.06    49.89    80.97  -160.41   -67.89  -165.63
C   A   13    -83.72  -179.05    70.58    78.93  -135.02   -79.30  -177.46
C   A   14    -43.96   158.36    45.53    72.74  -149.30   -81.04  -164.60
C   G   15    -52.81   163.61    55.22    82.80  -146.97   -82.67  -166.65
C   A   16    -37.26   152.92    40.15    81.86  -103.78   -66.81  -173.08
C   A   17    -91.22    89.46   147.73    84.24  -123.62   -31.48   -19.84
C   G   18    -87.72   171.51    62.30    84.99  -125.66    29.33  -160.12
C   A   19    165.87   136.36    68.06   145.75   -84.52   120.69  -127.14
C   G   20     47.78  -105.18   -96.14   148.87  -159.16   146.92  -114.18
C   U   21    -88.37   149.63    52.21    87.25  -150.34   -65.23  -161.52
C   A   22    -88.54  -172.33    59.79    79.51  -139.20   -48.31  -176.80
C   U   23    -73.11   170.65    72.40    78.99  -156.23   -75.07  -164.77
C   U   24    -63.11  -169.71    40.66    76.35  -157.92   -81.84  -161.70
C   A   25    139.34  -131.22  -171.15    77.92  -138.04   -74.48   170.89
C   A   26   -138.11  -157.06    92.90    83.29  -112.37   -40.55  -164.65
C   G   27   -111.96    80.32   158.66    80.43  -125.98   -93.52  -178.31
C   G   28    -37.30   147.95    49.69    84.73  -123.28   -79.58   176.31
C   A   29    -59.09   155.96    58.52    86.39  -104.71   -99.24  -165.32
C   U   30    -53.68   136.24    77.86   146.57  -165.18   109.97  -129.22
C   U   31    121.29  -107.86   155.55    82.60   160.96    33.51  -172.72
C   U   32    155.51   111.58   139.80    83.10  -101.30  -134.80  -176.39
C   A   33    109.70   -95.65   171.14    78.53  -109.60  -114.17   174.44
C   C   34    -36.62   131.17    43.13    74.97   -89.38  -119.86  -159.99
C   U   35    -53.57   131.08    62.72    84.26  -154.90   -85.83  -163.33
C   A   36    -40.76   159.68    36.86    79.16  -131.39   -89.29  -168.69
C   U   37    -68.42   158.00    58.68    77.97  -145.26   -78.69  -158.91
C   G   38    -65.58  -164.63    56.87   149.74  -100.83   114.23    66.21
C   A   39    -71.16  -144.79    62.21    91.05  -152.12   -52.55  -172.18
C   U   40    -72.21  -178.73    59.93    86.24  -138.82   -76.21  -154.96
C   U   41    -39.79   154.43    35.22    78.53  -144.64   -94.23  -157.40
C   A   42     74.21  -167.78   -95.20    79.24  -108.67   -72.90     5.49
C   G   43    -14.70   135.68    39.02    80.59  -128.44   -60.82  -164.68
C   C   44   -178.40   136.36    41.21    89.72  -151.21   -58.63  -172.52
C   G   45    -84.77   176.54    67.23    84.96  -151.44   -65.31  -163.48
C   A   46    -81.45  -120.43    64.39   149.48   -69.60  -152.88   -72.51
C   C   47     37.49  -168.23    59.63    81.35  -143.01   -68.94  -145.58
C   U   48    -59.39   175.20    42.46    82.70  -163.90   -65.71  -144.84
C   C   49    -82.31   175.75    61.28    78.49  -154.07   -74.85  -155.44
C   U   50    -73.32   173.89    56.29    75.34  -132.90  -121.96  -152.20
C   A   51     -0.11   125.25    23.41    75.55  -121.04  -129.26  -157.97
C   G   52     98.29  -104.17  -168.92    83.06   -91.09  -129.75   174.21
C   G   53    100.83   -91.11  -178.96    86.77   -91.83  -130.78   159.46
C   A   54     28.31   106.65    12.01   137.54  -158.43  -132.76  -119.10
C   U   55      4.91   162.02   -37.52    81.49   154.77   -80.38  -137.26
C   A   56   -173.49   147.28    99.95    78.15  -147.36   -82.30  -157.58
C   G   57    -63.63   164.60    59.89    83.15  -139.25   -69.97  -164.38
C   U   58    -61.83   161.19    67.75    70.86  -118.06   -78.03  -164.15
C   G   59     98.54  -149.25  -138.23    80.99  -122.79  -107.08  -163.60
C   A   60    161.53  -159.18    53.68    84.80  -123.48   -82.99  -167.36
C   A   61    -76.35   128.07    94.61    80.69  -102.09   -63.68  -178.16
C   A   62   -163.45   150.49  -179.47   142.89  -130.55  -124.96  -112.46
C   G   63    -45.37   174.26    36.83   142.19  -111.01   -57.31   -92.25
C   C   64    -65.00  -162.22    35.76    82.35  -139.34   -77.07  -168.57
C   U   65    -44.23   160.54    49.51    75.01  -140.61   -74.62  -157.28
C   A   66    -59.99  -179.24    47.24    79.50  -169.18   -82.74  -143.34
C   G   67    136.16  -151.23  -175.66    78.70  -128.75   -87.69  -176.73
C   A   68    -34.40   153.98    35.56    73.16  -144.00   -89.56  -163.52
C   G   69    -36.01   158.54    46.10    86.60  -155.78   -80.97  -178.55
C   G   70   -167.06  -179.92   145.48    82.58   -92.51  -161.21   174.34
C   A   71     93.02  -101.32   171.73    77.90  -123.09   -77.11   166.01
C   U   72    -65.21  -162.91    48.17    79.82  -141.50  -128.09  -163.09
C   A   73    132.53  -100.49   166.88    79.55  -120.61   -86.98   166.36
C   G   74    -47.25   166.75    37.89    81.75  -148.06   -98.27  -159.34
C   U   75    128.67  -129.94  -160.42    83.57   -80.56  -148.15  -156.90
C   A   76     93.51   -94.95   167.64    80.28  -115.90   -75.30  -177.69
C   A   77    -83.10   175.96    63.16    77.48  -140.70   -78.11  -152.25
C   C   78    -65.10  -167.45    52.89    78.84  -146.47   -74.81  -159.50
C   C   79    135.22  -156.35  -162.43    82.41  -110.19   -88.82   174.87
C   U   80    -33.41   160.92    29.75    78.96  -151.22   -78.60  -171.40
C   U   81    -50.67   156.77    46.86    72.55  -129.79   -97.21  -162.72
C   A   82    -43.74   152.71    38.38    77.93  -163.95   -95.65  -167.26
C   A   83    164.27  -125.31   153.46    80.87  -111.36   -88.02  -179.85
C   G   84    -32.32   150.72    34.48    78.75  -118.41  -103.32  -169.37
C   A   85   -105.96    60.94   152.68    81.47  -107.99  -123.57  -169.75
C   A   86    -19.09   116.51    50.88    85.88  -116.11  -129.34  -171.46
C   G   87    -45.00   145.70    39.67    73.30  -152.80   -66.30  -168.62
C   G   88    -79.71   179.27    57.00    72.55  -157.30   -78.37  -160.23
C   C   89    -54.09   168.54    44.00    76.24  -126.53   -85.48  -154.49
C   A   90    -34.28   146.15    37.66    73.37  -132.60   -77.48  -171.59
C   C   91    -62.90  -165.07    55.32    84.92  -150.21  -117.26  -162.75
C   U   92     43.83    98.47    -3.61    69.62  -163.99  -114.67  -153.29
C   U   93    176.98  -135.30   150.02    83.95  -138.13   -80.36  -175.01
C   C   94    -58.53   159.82    54.12    79.20  -121.62   -53.37  -178.27
C   G   95    -59.20  -179.34    59.75   139.14   -89.33  -179.41  -118.00
C   A   96   -104.97   170.34    39.73   146.55   -81.98    98.39  -130.46
C   G   97     87.66  -101.08  -168.53    82.73  -162.31   -76.27  -163.03
C   C   98    -59.48   178.73    44.66    77.30  -137.89   -78.12  -162.85
C   A   99    -44.73   158.53    46.34    78.84  -129.68   -96.49  -171.20
C   C  100    -66.40   162.67    60.20    88.54  -141.27   -70.71  -164.12
C   C  101    -76.56   170.38    70.44    81.13  -154.52   -78.45  -171.61
C   C  102   -128.97  -165.49   113.57   144.54 -9999.99 -9999.99  -110.94
