The backbone torsional angle for nucleic acid 

 
Note: alpha:   O3'(i-1)-P-O5'-C5'
      beta:    P-O5'-C5'-C4'
      gamma:   O5'-C5'-C4'-C3'
      delta:   C5'-C4'-C3'-O3'
      epsilon: C4'-C3'-O3'-P(i+1)
      zeta:    C3'-O3'-P(i+1)-O5'(i+1)

      chi for pyrimidines(Y): O4'-C1'-N1-C2
          chi for purines(R): O4'-C1'-N9-C4

    (The number -9999.99 means that the angle can not be calculated) 

Ch Res  Num    alpha    beta     gamma    delta  epsilon    zeta     chi
D   G  501  -9999.99   -89.39    86.60    84.99  -172.48    75.55   160.57
D   A  502    167.70    49.80   168.65    84.33  -158.25   -80.46   -92.55
D   C  503    141.28  -171.94   174.20    83.70  -133.46  -133.67  -148.26
D   C  504    144.34  -127.58   161.92    85.48  -125.81   -70.45  -142.13
D   U  505     52.86  -144.02   -87.27    90.31  -136.08   -68.56  -166.37
D   C  506    -67.69   160.03    60.02    83.35  -159.40   -71.44  -169.57
D   G  507    -55.93   175.03    57.79    85.83   153.30   115.02  -156.12
D   U  508   -139.19   179.79    50.92    80.09  -113.47   -81.84  -146.23
D   G  509   -133.76    73.10   179.95    96.74  -161.83    94.17  -126.27
D   G  510    137.39   129.99    51.23    87.37  -134.48   -75.04   168.21
D   C  511    -73.06  -178.92    51.02    85.14  -163.56   -64.79  -170.03
D   G  512    -74.45  -168.08    49.86    83.26  -166.07   -56.91  -157.48
D   C  513    152.70  -170.92  -177.68    80.55  -170.23   -65.49  -173.09
D   A  514    175.72  -176.20   171.46    84.46  -127.89   -73.52   177.85
D   A  515    -60.62   160.37    48.72    83.97  -111.81  -169.88  -160.60
D   U  516    176.11  -140.29    54.10    80.64   137.77    36.97  -162.73
D   G  518   -147.02  -109.06  -146.70    87.50   -41.24  -173.22  -171.16
D   G  519    -53.53   127.28    45.43    95.51  -113.67   139.52  -111.63
D   U  520     54.94   -96.16  -177.93    89.91   -99.01   122.60  -126.04
D   A  521    -71.21   163.86    52.45    83.37  -134.32  -164.05  -157.06
D   G  522     96.78  -114.20  -173.59    85.38  -148.17   -80.07  -173.15
D   C  523    -58.63   177.02    42.29    82.25  -157.90   -70.46  -150.44
D   G  524    -66.61  -175.01    42.94    85.13  -160.09   -60.76  -162.06
D   C  525    -74.92  -173.93    51.02    84.38  -145.77   -66.23  -157.74
D   G  526    -63.22   172.55    51.18    81.70  -155.30   -62.06  -169.03
D   U  527    -68.96  -171.99    48.59    84.22  -155.88   -70.64  -160.89
D   C  528    -62.76   179.54    47.29    84.44  -160.41   -68.94  -159.30
D   U  529    -69.34   178.49    49.01    83.02  -156.71   -68.58  -164.99
D   G  530    -67.23   171.45    59.77    80.63  -150.96   -74.77  -167.62
D   A  531    -62.35   165.10    57.46    81.18  -141.67   -65.69  -167.29
D   C  532    -66.89   177.90    52.43    81.54  -142.05   -63.58  -160.50
D   U  533    -62.87   178.47    48.50    82.65  -133.12   -59.23  -155.22
D   C  534    170.40   160.25    40.91    83.86  -136.70   -67.42  -153.15
D   C  535    -70.09   174.92    59.41    77.30  -156.82   -57.06  -170.67
D   A  536    -96.35   167.83    70.40    78.18  -142.97   -70.37  -174.64
D   G  537    -70.40   165.86    65.51    88.07  -129.26   -78.46  -175.41
D   A  538    -59.05   154.48    54.66    84.48  -149.49   -54.96  -169.38
D   U  539    -66.15  -171.84    42.58    79.89  -172.17   -79.90  -153.32
D   C  540    154.25  -158.06   169.92    85.23  -111.93   -87.76  -177.26
D   A  541    -49.04   151.93    47.65    77.12  -144.49   -78.69  -163.80
D   G  542    -58.23   166.54    52.93    78.63  -139.52   -82.37  -166.35
D   A  543    -49.25   152.87    61.75    80.89  -165.48   -72.31  -165.38
D   A  544    -77.79  -168.81    55.23    87.13  -137.80   -76.61  -149.89
D   G  545    -56.55   153.20    55.69    86.09  -112.15   -83.84  -155.75
D   G  546    -62.42  -166.09    64.89    89.80  -124.44   -57.82   -96.34
D   U  547    -48.46  -127.87   161.20    81.65  -157.98    82.12  -134.99
D   U  548    -86.99  -126.62    67.54    83.59    94.07  -156.48  -145.92
D   G  549     66.03  -157.21    44.42    81.54  -152.67   -63.10   175.24
D   C  550    -68.61  -172.77    50.93    84.45  -168.43   -58.28  -167.80
D   G  551    -82.53  -159.14    50.34    85.35  -160.72  -114.51  -162.28
D   U  552    143.10  -128.67   168.03    83.04  -158.29   -55.27   178.28
D   G  553    -83.47  -151.41    49.92    89.13  -149.78   -67.47  -166.87
D   U  554    -61.91   177.40    45.77    78.63  -132.76   -72.94  -155.43
D   U  555    -58.40   164.62    50.06    78.22  -141.52   -78.69  -143.65
D   C  556    162.06   178.92    58.79    84.64  -142.77   -66.39  -169.73
D   G  557    -82.03   173.56    60.57    84.28  -141.16  -150.44  -169.71
D   A  558     56.81    97.21    50.93    91.63    11.70   124.16  -120.54
D   A  559     61.16  -169.56    61.13    89.07  -102.04   -62.43  -167.65
D   U  560    -85.60   105.00   130.36    90.16   168.35    85.90  -174.93
D   C  561   -166.23  -176.22    47.63    82.05  -154.10   -67.95  -159.18
D   A  562    -62.26  -176.15    42.71    81.15  -152.49   -80.58  -161.94
D   C  563    -57.65   172.01    46.39    79.88  -159.68   -82.26  -160.89
D   G  564    152.80  -154.46   175.04    85.89  -146.35   -53.39   174.32
D   U  565    -77.75  -163.77    49.50    83.92  -132.58  -141.36  -166.11
D   C  566    117.01  -110.00   177.03    88.00  -132.80   -59.54  -171.07
D   G  567    -77.96   179.13    49.41    81.68  -151.83   -89.98  -164.73
D   G  568    -80.72  -177.64    53.00    83.92  -159.85   -62.03  -152.84
D   G  569    -64.21   177.29    53.64    82.95  -140.88   -84.96  -176.64
D   G  570    -60.46   151.17    65.86    81.02  -161.37   -81.79   174.24
D   U  571   -146.50  -176.37    53.85    89.54   -63.96  -171.82  -166.80
D   C  572    -15.12   163.75    56.99    84.36  -142.37  -133.05  -151.28
D   A  573    -96.68  -130.34    65.04    85.76 -9999.99 -9999.99   -94.60
