The backbone torsional angle for nucleic acid 

 
Note: alpha:   O3'(i-1)-P-O5'-C5'
      beta:    P-O5'-C5'-C4'
      gamma:   O5'-C5'-C4'-C3'
      delta:   C5'-C4'-C3'-O3'
      epsilon: C4'-C3'-O3'-P(i+1)
      zeta:    C3'-O3'-P(i+1)-O5'(i+1)

      chi for pyrimidines(Y): O4'-C1'-N1-C2
          chi for purines(R): O4'-C1'-N9-C4

    (The number -9999.99 means that the angle can not be calculated) 

Ch Res  Num    alpha    beta     gamma    delta  epsilon    zeta     chi
A   G    1  -9999.99   160.61    67.23    80.58  -149.38   -74.92  -170.84
A   G    2    -69.34  -179.88    52.83    79.94  -145.46   -77.93  -164.03
A   C    3    -59.74   167.90    56.32    79.98  -147.72   -71.31  -160.47
A   C    4    -57.76   173.19    47.05    76.51  -147.57   -84.16  -157.13
A   A    5    -43.71   164.07    46.45    81.44  -160.47   -91.00  -157.69
A   G    6    150.32  -142.64   172.36    81.55  -131.15   -74.54  -176.04
A   G    7    -46.47   175.98    56.63   141.27   -96.98   -49.68  -132.31
A   U    8    -65.65  -157.93    42.52    77.82  -143.73  -117.57  -162.81
A   A    9    -67.00  -144.99    52.84   145.39  -101.08   -80.15   -68.54
A   G   10   -178.59   161.98    58.92    84.33  -141.88   -79.29   178.94
A   C   11    -62.33   173.28    53.51    83.91  -137.63   -63.92  -164.83
A   U   12    -68.17   170.65    60.37    77.97  -159.24   -64.89  -161.58
A   C   13    155.74   177.37   175.39    79.64  -173.87   -86.03  -163.74
A   A   14    166.30  -165.61   174.21    81.60  -110.55   -73.37   177.68
A   G   15    -57.68   164.54    44.38    80.34 -9999.99 -9999.99  -171.62
A   G   18  -9999.99  -143.41   170.82   149.41  -130.09  -161.45  -124.49
A   G   19     38.31   135.24     3.61   146.74   -67.75  -104.16   -62.86
A   U   20   -114.50   102.88    88.75    82.15  -144.17    40.76  -144.02
A   A   21   -111.13  -102.86    64.43   143.30   -93.61  -144.57  -109.59
A   G   22      3.46  -116.74  -149.25    79.32  -162.87   -86.63  -170.29
A   A   23    -61.54   171.69    59.79    84.60  -144.02   -71.32  -163.61
A   G   24    -70.62   176.60    50.49    81.63  -152.26   -81.39  -160.72
A   C   25    -56.28   164.10    56.19    79.46  -134.44   -61.41  -165.39
A   A   26    -62.40   162.87    58.39    80.81  -138.60   -67.97  -172.27
A   C   27    -64.35   175.46    50.66    79.61  -148.04   -71.83  -161.71
A   U   28    -69.09  -173.86    45.08    78.16  -149.42   -74.73  -162.18
A   G   29    -64.35   166.77    56.11    78.81  -147.97   -70.59  -166.89
A   G   30    -63.94   170.14    62.53    79.46  -153.69   -77.70  -168.36
A   A   31    -61.67   171.73    58.17    81.77  -144.24   -73.33  -151.84
A   C   32    -69.83  -175.01    50.05    82.08  -148.05   -44.91  -159.90
A   U   33    171.63  -174.31   154.13    83.01   -85.12  -131.53  -157.18
A   G   34    135.30  -147.93    55.58    84.81  -132.16   -65.82  -173.89
A   A   35    -70.57   167.31    55.87    80.47  -142.42   -79.76  -163.02
A   A   36    -61.21   154.45    63.83    82.44  -150.67   -84.56  -162.05
A   A   37    -46.23   156.95    52.34    82.44  -114.50   -87.17  -154.55
A   A   38    -48.65   156.41    38.45    91.05  -165.21   -61.30  -158.18
A   U   39    -69.37   176.07    64.80    82.10  -157.41   -84.94  -157.44
A   C   40    172.03  -147.59   148.36    80.51  -127.34   -83.27  -159.50
A   C   41    -69.24   175.81    46.12    78.95  -149.91   -76.72  -153.64
A   A   42    -61.43   175.22    51.69    79.49  -147.77   -71.14  -172.86
A   G   43    -65.45   178.98    55.94    80.53  -132.71   -69.25  -158.22
A   G   44    -58.82  -124.48    35.43   143.50   -71.01  -152.81   -69.64
A   U   45    169.10   119.14    -1.75   145.97   -95.26   -65.43  -147.78
A   G   46    -59.44  -132.68    64.67   147.48  -110.48   -87.23  -102.60
A   U   47    156.40  -123.01   -75.71    80.39  -178.59   125.06  -154.92
A   C   48   -146.48   170.34  -174.31   146.57  -155.01    94.53  -138.14
A   G   49     47.90   175.74    49.21    80.92  -145.82   -74.26  -177.43
A   G   50    -59.20  -177.34    45.93    79.50  -151.81   -79.88  -161.25
A   C   51    -55.79   171.94    47.71    77.84  -160.60   -75.05  -161.43
A   G   52    160.85  -161.11   170.93    81.59  -132.50   -71.73   176.14
A   G   53    -60.70   175.76    53.34    83.22  -151.75   -70.84  -168.78
A   U   54    -75.19  -168.57    49.11    81.11  -141.93   -62.24  -163.25
A   U   55    -66.65   174.67    53.67    79.22  -127.89   -53.57  -159.67
A   C   56    171.31   141.85    54.93    79.42  -133.25   -60.54  -154.59
A   G   57    -64.54   176.41    53.03    80.08  -132.48   -76.66  -166.91
A   A   58    -50.97  -143.88    62.21   147.29   -89.08  -176.28   -84.50
A   U   59     71.93  -154.51    74.62    82.91  -134.34   -65.39  -166.75
A   U   60    -60.74   176.59    63.29   142.53   -91.58  -108.96  -105.77
A   C   61     13.69   136.67   -25.67    82.97  -157.16   -67.94  -158.69
A   C   62    -68.17  -178.23    50.93    82.22  -148.16   -75.51  -163.70
A   G   63    -58.45   177.27    44.88    80.79  -150.31   -75.66  -168.68
A   C   64    -56.77   172.04    51.01    79.60  -164.25   -75.96  -162.89
A   C   65    164.42  -158.43   167.35    82.55  -139.92   -75.17  -173.78
A   C   66    -53.90   178.61    41.93    81.21  -144.73   -77.17  -168.16
A   C   67    -56.14   165.58    49.68    78.01  -147.75   -75.52  -160.85
A   U   68    -61.00   177.67    45.77    78.22  -146.96   -76.28  -162.04
A   G   69    -62.62   163.75    59.35    77.55  -147.53   -76.28  -166.49
A   G   70    -63.42   175.12    48.75    79.57  -142.36   -78.67  -170.64
A   C   71    -58.48   171.00    53.73    80.60  -143.60   -73.99  -164.73
A   C   72    -62.25   159.61    75.49    83.97   -82.73  -140.20  -160.75
A   A   73     40.89   145.86    47.58    82.66  -142.42   -57.59  -170.14
A   C   74    -73.26   175.38    60.36    81.48 -9999.99 -9999.99  -165.99
