PDB data file name: ./Datasets/pdb_select_tRNA_NoCopie/6zmo_C(FC).pdb_new
-----------------------------------------------------------
CRITERIA USED TO GENERATE BASE-PAIR: 
  3.40 --> upper H-bond length limits (ON..ON).
 26.00 --> max. distance between paired base origins.
  2.50 --> max. vertical distance between paired base origins.
 65.00 --> max. angle between paired bases [0-90].
  5.40 --> min. distance between RN9/YN1 atoms.
  8.00 --> max. distance criterion for helix break[0-12]
-----------------------------------------------------------
BASE-PAIR INSTRUCTIONS: 
Column 1 is rnaview assigned base numbers n1_n2, start from 1.
Column 2 & 3 are chain ID & residue number in input PDB file.
Column 4 is for base pair. The left & right are the bases as 
         identified by column 2 & 3 and 5 & 6.
Column 5 & 6 are residue number & chain ID in input PDB file.
Column 7 is for base pair annotation. The standard Watson-Crick
         (W.C.) pairs are annotated as -/- (AU,AT) or +/+ (GC).
         Other pairs are annotated as Leontis_Westhof Classification.
         The three edges: W(Watson-Crick); H(Hoogsteen); S(suger).
         e.g. W/H means the pair is edge of Watson-Crick & Hoogsteen.
Column 8 is glycosidic bond orientation (either cis or trans).
         e.g. 'W/H cis' means the pair is interaction on Watson-Crick
         and Hoogsteen side, glycosidic bond orientation is 'cis'.
Column 9 corresponds to Saenger Classification.

Other columns: 
        Syn sugar-base conformations are annotated as (syn).
        Stacked base pairs are annotated as (stack).
        Non-identified edges are annotated as (.) or (?)
        Tertiary interactions are marked by (!) in the line.
Reference:
Yang et al (2003) Nucleic Acids Research, Vol31,No13,p3450-3461.
-----------------------------------------------------------
BEGIN_base-pair
     4_80, C:     4 A-U    80 C: -/- cis         XX
     7_77, C:     7 A-U    77 C: -/- cis         XX
    30_42, C:    30 A-U    42 C: -/- cis         XX
    32_40, C:    32 A-U    40 C: -/- cis         XX
     3_81, C:     3 C-G    81 C: +/+ cis         XIX
    11_25, C:    11 C-G    25 C: +/+ cis         XIX
    12_24, C:    12 C-G    24 C: +/+ cis         XIX
    28_44, C:    28 C-G    44 C: +/+ cis         XIX
    29_43, C:    29 C-G    43 C: +/+ cis         XIX
    46_57, C:    46 C-G    57 C: +/+ cis         XIX
    48_55, C:    48 C-G    55 C: +/+ cis         XIX
    49_54, C:    49 C-G    54 C: +/+ cis         XIX
     1_83, C:     1 G-C    83 C: +/+ cis         XIX
     5_79, C:     5 G-C    79 C: +/+ cis         XIX
    10_26, C:    10 G-C    26 C: +/+ cis         XIX
    31_41, C:    31 G-C    41 C: +/+ cis         XIX
    60_76, C:    60 G-C    76 C: +/+ cis         XIX
    62_74, C:    62 G-C    74 C: +/+ cis         XIX
    63_73, C:    63 G-C    73 C: +/+ cis         XIX
    64_72, C:    64 G-C    72 C: +/+ cis         XIX
     2_82, C:     2 U-A    82 C: -/- cis         XX
    47_56, C:    47 U-A    56 C: -/- cis         XX
    61_75, C:    61 U-A    75 C: -/- cis         XX
    49_55, C:    49 C-G    55 C: W/W cis         n/a
     6_78, C:     6 G-U    78 C: W/W cis         XXVIII
    19_67, C:    19 U-C    67 C: W/W cis         XVIII
    15_59, C:    15 G-C    59 C: W/W tran        XXII
     9_13, C:     9 G-G    13 C: W/W tran   syn    III
    27_45, C:    27 G-U    45 C: W/W tran   syn    XXVII
     8_14, C:     8 U-A    14 C: W/H tran        XXIV
    66_69, C:    66 U-A    69 C: W/H tran     syn  XXIV
    13_23, C:    13 G-A    23 C: S/H tran        XI
END_base-pair

Summary of triplets and higher multiplets
BEGIN_multiplets
9_13_23_| [1 3]  C: 9 G  +  C: 13 G  +  C: 23 A
END_multiplets

  The total base pairs =  32 (from   87 bases)
------------------------------------------------
 Standard  WW--cis  WW-tran  HH--cis  HH-tran  SS--cis  SS-tran
       23        3        3        0        0        0        0
  WH--cis  WH-tran  WS--cis  WS-tran  HS--cis  HS-tran
        0        2        0        0        0        1
------------------------------------------------
