The backbone torsional angle for nucleic acid 

 
Note: alpha:   O3'(i-1)-P-O5'-C5'
      beta:    P-O5'-C5'-C4'
      gamma:   O5'-C5'-C4'-C3'
      delta:   C5'-C4'-C3'-O3'
      epsilon: C4'-C3'-O3'-P(i+1)
      zeta:    C3'-O3'-P(i+1)-O5'(i+1)

      chi for pyrimidines(Y): O4'-C1'-N1-C2
          chi for purines(R): O4'-C1'-N9-C4

    (The number -9999.99 means that the angle can not be calculated) 

Ch Res  Num    alpha    beta     gamma    delta  epsilon    zeta     chi
A   A    2  -9999.99 -9999.99    36.60    78.85  -133.63   -83.86   167.27
A   G    3    -58.00   165.32    63.44    84.91  -123.62   -86.53  -165.86
A   C    4    -69.45   151.21    62.25    80.97  -154.32   -70.52  -154.65
A   A    5    -76.52   178.43    49.05    76.83  -158.20   -74.64  -154.64
A   G    6    -65.64   159.25    78.25    73.15  -127.03  -101.71  -164.78
A   A    7    -48.44   137.90    61.53    76.47  -111.07   -98.39  -155.66
A   G    8     -5.40   166.71    25.98   137.80  -147.24   -93.67  -110.54
A   U    9   -122.15   -88.16    67.87    78.35  -161.11  -105.70   171.51
A   G   10    -24.52  -167.76    36.48   145.53   -82.45   -44.23   -81.15
A   G   11   -156.07   116.43    52.15    81.11   -97.27  -150.35   169.75
A   C   12    112.95  -101.23   161.57    78.06  -127.76   -79.80   178.34
A   G   13    -39.99   145.41    57.97    91.17   -97.95   -84.57   176.69
A   C   14     80.54  -119.80  -120.46    76.51  -161.79   -78.29   176.41
A   A   15    -50.42  -175.01    31.56    72.23  -130.84   -77.20  -162.97
A   G   16    -40.89   147.33    74.25    77.38  -102.81  -120.08  -152.38
A   C   17    -21.46   134.66    80.81   139.61  -111.27   168.91  -137.26
A   G   18     62.09  -154.13   -57.32   142.35  -119.18  -119.69  -114.49
A   G   19    -76.56  -157.76    62.48   142.95  -146.95     9.25   -68.38
A   A   20    -96.08  -134.40     3.66    72.84  -153.48   -61.59  -154.66
A   A   21    101.43  -177.52   -27.22   141.83  -156.65   -89.95  -120.68
A   G   22    -72.41     8.55  -160.26    78.98   -91.01  -162.68   161.17
A   C   23     95.23   -99.73   177.29    92.36  -101.76   -62.21   178.40
A   G   24   -106.47   147.10    80.32    82.08   -94.76  -127.76   174.67
A   U   25    -78.24   129.77    63.53    82.26  -154.61   -54.18  -159.38
A   G   26   -103.67  -143.68    52.26    80.72  -139.08   -65.21   170.70
A   C   27    -83.06  -146.91    58.24    79.43  -130.54   -55.26   -90.84
A   U   28    -94.59   105.67   149.70    83.54  -170.68     3.15   151.72
A   G   29   -149.00  -155.73   100.02    80.19  -147.08  -133.11  -156.38
A   G   30   -172.85  -147.74    84.53    79.63  -176.32   -88.96   177.63
A   G   31    172.52  -105.71   166.55    86.91   -93.18   -95.57  -145.99
A   C   32     83.58   -82.17  -114.97    68.75  -120.40    39.07  -157.15
A   C   33   -164.74    73.61   177.01   136.26     7.81   175.73  -137.70
A   C   34     27.90   -88.65   -50.98   151.83    36.00  -171.10  -156.37
A   A   35     52.78  -123.89   114.28   142.23  -151.06  -115.02  -143.67
A   U   36    -19.64   159.16    -4.59    77.63  -135.82   -61.92  -123.61
A   A   37   -115.72   118.92   139.70    88.00   -96.62   -38.55  -104.18
A   A   38    -81.80   123.67   112.18    83.70   -94.94   -31.52   168.19
A   C   39   -137.58  -155.92    79.98    76.18  -172.87   -61.89   150.22
A   C   40   -142.22   111.78   144.43    79.95  -152.32   -14.85   169.87
A   C   41   -100.07  -168.56    66.17    80.22  -124.66  -111.05  -151.70
A   A   42    -68.87   158.11    30.51    84.28  -110.06  -114.01   115.25
A   G   43    -39.24   121.15    84.55    79.58  -131.78   -70.44   178.43
A   A   44    -48.91  -177.62    32.21    77.45  -100.72   -63.65   179.43
A   G   45    -82.30    89.09   146.10    86.14   -84.00  -166.51  -177.86
A   G   46     55.72    96.56    34.48   141.29   -16.73  -164.04   -50.40
A   U   47    -67.29    95.37   166.64    81.39  -108.62   103.80  -159.61
A   C   48   -117.75  -100.53    69.21   136.83  -141.15    55.09   -90.64
A   G   49     66.56   146.25    37.64    77.43  -126.73   -79.78  -175.08
A   A   50    -67.87   148.94    64.52    86.09  -160.23   -58.92   175.73
A   U   51   -162.10  -123.49    93.63    83.27  -169.20   -83.17  -158.84
A   G   52    -79.42   150.00    84.38    85.73   162.67   -92.49  -160.13
A   G   53    -76.13  -159.83    52.08    86.50  -111.50  -116.76   154.89
A   A   54    -22.98   138.88    42.39    90.93  -109.75   -69.00   175.05
A   U   55    -57.04   151.01    59.52    71.26  -114.36   -72.19  -156.62
A   C   56   -120.86    97.15    18.23    84.95  -111.41   -86.41  -109.94
A   G   57    -95.13    49.40   162.83    81.99   -70.18  -136.70    71.93
A   A   58     29.48   101.58    67.14   150.15   -99.73  -116.02   -94.62
A   A   59      5.86  -137.40   133.59    88.89  -121.06   -69.49  -176.92
A   A   60    -39.47   148.80    56.01   133.17   -99.47   -60.26  -151.23
A   C   61    -78.97   165.36    41.50    84.92  -112.18  -118.27  -167.89
A   C   62    -45.72   115.11    68.63    83.11  -156.07   -25.65  -170.98
A   A   63    162.96   119.28   161.17    83.30  -113.89   -85.01  -156.07
A   U   64    -76.75   126.47    91.02    87.84   -85.88  -112.80  -171.19
A   C   65    -53.67   119.39    54.70    87.38   174.07   -72.31  -117.96
A   C   66    -98.82  -152.40    68.56    89.46  -154.63   -63.90  -167.66
A   U   67    -74.31  -172.14    39.66    85.37   -86.93  -121.03  -129.53
A   C   68    -85.21    95.80    90.44    79.92  -157.12   -58.37  -161.99
A   U   69    -73.09  -169.27    56.72    77.73  -149.49   -77.18  -166.99
A   G   70    -69.30   157.33    61.44    77.63  -124.16  -100.13  -163.50
A   C   71    -52.84   139.40    59.46    72.86  -132.90   -82.70  -157.33
A   U   72    -49.34   156.77    60.36    76.63  -153.42   -66.64  -142.48
A   A   73    -68.93   176.87    64.47    77.52  -153.06   -54.61  -143.41
A   C   74    -80.30   162.02    96.53   100.82   -94.94  -126.33  -159.06
A   C   75     62.69   147.24    86.19    84.16  -128.91   -67.50  -162.87
A   A   76   -131.37  -179.37  -108.53   112.56 -9999.99 -9999.99   -97.91
