The backbone torsional angle for nucleic acid 

 
Note: alpha:   O3'(i-1)-P-O5'-C5'
      beta:    P-O5'-C5'-C4'
      gamma:   O5'-C5'-C4'-C3'
      delta:   C5'-C4'-C3'-O3'
      epsilon: C4'-C3'-O3'-P(i+1)
      zeta:    C3'-O3'-P(i+1)-O5'(i+1)

      chi for pyrimidines(Y): O4'-C1'-N1-C2
          chi for purines(R): O4'-C1'-N9-C4

    (The number -9999.99 means that the angle can not be calculated) 

Ch Res  Num    alpha    beta     gamma    delta  epsilon    zeta     chi
T   G    1  -9999.99 -9999.99   -59.65    87.59  -179.29  -144.88   -72.75
T   C    2    -92.67   170.44    56.68    84.57  -163.69   -83.10  -170.12
T   C    3    -66.08   178.18    60.61    88.83  -145.67   -54.20  -167.34
T   G    4    -80.70   176.70    61.04    80.53  -160.82   -81.77  -161.11
T   A    5    -65.89   171.53    56.51    80.22  -158.74   -71.89  -163.75
T   G    6    -78.45  -178.48    58.86    79.42  -161.80   -70.31  -168.55
T   G    7    -55.73   162.95    67.36    88.25   165.50   136.07  -177.33
T   U    8   -147.68   161.91    67.83    79.51  -134.98  -109.76  -161.70
T   A    9   -178.60   142.32   168.06    90.11   -94.62   -75.18  -134.47
T   G   10    175.15   106.38   -86.86     5.83   -69.59     7.13    38.63
T   C   11    157.60  -166.19   159.48    88.40  -158.97   -64.03  -145.78
T   U   12   -125.63  -147.99    61.37    80.66  -149.67   -67.19  -155.32
T   C   13    -57.61   164.62    65.64    82.59   178.87  -101.76  -169.51
T   A   14    -48.23   169.18    56.83    82.98  -162.54   -76.41  -150.65
T   G   15    145.58  -118.90   168.84    87.83   -21.28   167.17  -167.07
T   U   16     71.84  -100.95   169.01    92.78  -128.65  -178.86  -132.75
T   U   17   -101.41   174.97   -63.14    83.44  -166.74    21.96  -168.57
T   G   18    120.82    81.87    23.80    70.51   162.01  -105.94  -139.05
T   G   19    177.56  -135.52   166.86    96.36   -26.82    79.24  -139.85
T   U   20     37.56   168.95   165.05    83.23  -154.47   -64.49  -132.38
T   A   21    111.82  -167.66   -70.09    75.08  -108.93   148.93   155.93
T   G   22    -54.73   104.24    60.27    81.28  -140.44   -99.66  -161.62
T   A   23    -60.23   162.52    57.20    85.99  -153.65   -59.80  -157.10
T   G   24    -90.37  -168.20    50.23    84.98  -140.73   -75.31  -153.07
T   C   25   -161.50  -170.41   -74.50  -109.66   -38.62   -59.21   151.70
T   A   26    -96.09  -162.53    66.13    79.87  -165.03   -57.11  -175.21
T   U   27    -64.91  -174.51    52.96    81.56  -159.32   -96.90  -159.55
T   G   28    157.42  -155.06   166.47    86.16   -97.81   -89.41   170.83
T   C   29   -166.91  -169.62   -76.48  -102.95   -30.92   -52.32   148.68
T   G   30    170.17   132.27   -45.90   -61.22   -42.72   -34.26   117.34
T   A   31   -139.63   167.77   101.55    75.32  -166.80   -64.99  -153.30
T   C   32    -72.46  -148.02    47.13    78.72  -134.81   -43.29  -146.51
T   U   33    -96.86  -128.55    51.05    91.45  -134.34   -85.20  -165.98
T   G   34     48.23  -164.59   161.47    88.61  -135.00   -41.43  -178.42
T   A   35    -80.54  -174.07    40.82    74.00  -154.91   -39.87  -159.40
T   A   36   -175.11   149.09   170.76    85.75  -152.92   -53.52  -168.56
T   A   37    -67.17  -179.05    50.72    81.10  -158.95   -69.71  -164.54
T   A   38    -82.66  -168.94    52.95    82.15  -145.87   -55.61  -159.64
T   U   39    174.65  -146.58   170.38    85.65   -96.51  -130.88  -177.72
T   C   40    108.59  -126.86   170.79    87.81   -86.98  -102.23  -165.81
T   G   41     86.28  -150.45    35.06  -114.76   -40.65   -64.26   145.81
T   C   42    -79.64  -169.18    59.30    80.33  -160.99   -43.68  -143.20
T   A   43    155.35   166.10  -179.40    85.58  -151.51   -92.81  -153.26
T   G   44    -37.31   155.90    68.65    79.43    71.16    59.22  -107.00
T   U   45    109.08   128.47   156.67    95.07   -61.61   -67.50  -170.90
T   G   46     61.34  -133.45   -82.78    79.02    70.43   101.87  -144.68
T   U   47     -4.43    68.99   152.91    87.03   -75.95   -51.04   -93.38
T   C   48    122.81   121.45    48.68    86.67  -117.01   162.73  -138.95
T   C   49    -48.34  -157.26    46.69    88.53  -122.40   -76.20   175.32
T   G   50    -82.66   169.78    54.11    79.30  -166.83   -68.53  -158.21
T   C   51    -66.93   179.40    52.15    86.64  -144.78   -60.10  -161.08
T   G   52    133.43   169.67  -179.38    82.90  -133.11   -86.03  -163.14
T   G   53     43.99  -158.97   -83.75    86.27  -134.09   -89.87  -179.49
T   U   54    -31.56   142.22    61.63    92.34   -89.96  -117.42  -169.42
T   U   55    -61.83   165.73    58.26    83.58  -150.54   -27.84  -132.85
T   C   56    139.17   137.00    73.65    86.81  -128.28  -130.55   154.83
T   G   57    172.20  -146.64   154.84    81.65  -167.17    17.74   169.70
T   A   58     65.15   120.34   -73.76    86.50  -166.09  -111.17   -95.40
T   U   59     66.59  -159.57   179.83    83.67  -124.54  -106.18  -169.97
T   U   60      3.52   116.73    40.98    76.98  -168.16   142.86  -145.66
T   C   61   -145.34   -12.03  -113.36    40.60   -82.51    -4.25   111.14
T   C   62    -56.70   165.75    19.76    65.73  -159.62   -78.02  -157.54
T   G   63    -65.43  -168.80    46.99    83.63  -139.46   -83.00  -160.50
T   C   64    -76.46   165.54    59.26    80.76  -165.34   -69.42  -144.94
T   G   65    -65.86   164.96    62.25    88.52  -163.05   -59.67  -166.98
T   C   66    163.57   172.28   169.35    91.04  -140.32   -79.19  -174.33
T   C   67    -89.47  -163.08    51.22    81.39  -155.97   -47.04  -172.59
T   U   68    -72.24  -154.79    38.90    74.14  -156.66   -79.26  -161.83
T   C   69    -50.89   173.34    46.75    80.09  -166.05   -80.06  -158.13
T   G   70    -52.39  -172.61    39.88    82.59  -145.99   -72.46  -159.53
T   G   71    -49.88   158.69    56.14    83.71  -142.00   -60.09  -166.80
T   C   72    -49.71   169.38    49.03    80.42  -148.17   -58.93  -165.35
T   A   73   -121.14   178.71    81.79    83.48  -147.33   -45.44  -162.28
T   C   74   -157.17   167.15   -60.88  -102.43    -0.27   -40.81   134.47
T   C   75   -123.88   131.86  -171.46    79.92  -174.33   -44.17   178.54
T   A   76    170.19   109.55  -178.23    76.91 -9999.99 -9999.99   -68.10
