The backbone torsional angle for nucleic acid 

 
Note: alpha:   O3'(i-1)-P-O5'-C5'
      beta:    P-O5'-C5'-C4'
      gamma:   O5'-C5'-C4'-C3'
      delta:   C5'-C4'-C3'-O3'
      epsilon: C4'-C3'-O3'-P(i+1)
      zeta:    C3'-O3'-P(i+1)-O5'(i+1)

      chi for pyrimidines(Y): O4'-C1'-N1-C2
          chi for purines(R): O4'-C1'-N9-C4

    (The number -9999.99 means that the angle can not be calculated) 

Ch Res  Num    alpha    beta     gamma    delta  epsilon    zeta     chi
9   G    1  -9999.99   142.42    31.12    82.82  -128.28  -105.42   172.15
9   C    2    -10.88   137.31    34.80    81.88  -152.51   -72.26  -165.19
9   C    3    -59.38   171.46    46.59    77.90  -137.43   -98.88  -151.08
9   C    4    -40.61   149.98    38.86    77.16  -148.29   -84.17  -146.44
9   G    5    -49.48   154.80    56.71    80.28  -137.56  -102.65  -169.49
9   G    6    -28.20   141.09    39.89    82.41  -133.14   -72.90  -154.49
9   A    7    -50.31  -161.29    43.55   142.74   -94.12   -89.53  -104.33
9   U    8     78.36   174.59   -67.33    88.53  -130.69   -92.14  -177.65
9   A    9    -55.09  -153.60    35.04   141.68   -88.47   -91.44   -98.44
9   G   10    144.15  -149.60    66.24    84.28  -138.28   -87.61  -161.50
9   C   11    -51.98   153.59    52.94    80.44  -144.94   -92.98  -150.69
9   U   12    -40.01   163.99    40.45    80.70  -118.44   -16.87  -169.08
9   C   13   -130.85   111.38   164.68    82.12  -152.37   -59.02  -179.33
9   A   14    -69.02  -148.42    36.02    78.22  -134.48   -81.46  -153.81
9   G   15    -36.95   154.96    44.37    79.61  -100.50  -110.76  -135.33
9   U   16    -72.66    90.35   117.66    81.40  -105.41  -125.01  -125.30
9   C   17     55.14  -142.02    52.94    81.04  -166.83  -132.59  -167.10
9   G   18     37.70  -121.05   -89.34   146.30   -66.67  -132.07  -119.36
9   G   19     66.26  -107.70  -167.21    84.02   -81.36  -159.72  -128.99
9   U   20    -34.38   174.98    61.06    79.69  -133.15    69.33  -173.37
9   A   21    -94.67  -109.14    71.22    83.93  -147.20  -151.93  -172.72
9   G   22    142.49  -135.43   166.77    82.42  -154.77   -74.52  -172.33
9   A   23    -71.38   170.33    65.66    80.95  -150.19   -61.10  -177.52
9   G   24    -99.02  -166.41    67.76    80.46  -152.02   -39.01  -157.10
9   C   25    -39.91  -119.05   -29.70    93.36   163.71    50.16   -88.89
9   A   26   -131.36    59.16  -149.23    85.71   -84.10   -50.70  -137.89
9   G   27    -43.90   152.56    23.65    85.59  -162.43   -79.30  -135.35
9   G   28    -59.45   174.03    53.78    80.52  -131.08   -90.35  -179.23
9   G   29    -69.75   164.66    52.80    81.83  -149.65   -80.69  -157.94
9   G   30    -68.36   169.04    58.82    80.91  -156.01   -29.32  -169.17
9   A   31   -105.12  -156.49    48.90    85.55   -86.29  -159.05  -136.56
9   U   32    -56.90   108.57    66.39    81.74  -148.98   -22.79  -161.70
9   U   33   -138.03   134.57   154.48    81.86  -147.75  -102.08  -172.20
9   G   34   -144.13   -89.68   -56.19    83.92  -107.84   -98.77  -148.79
9   A   35     52.55    91.13    30.97    78.16  -136.14   -66.73   -70.20
9   A   36   -118.44    98.46   120.68    82.75  -155.15   -68.86  -134.24
9   A   37    178.12  -151.73   136.40    82.63  -135.60   -51.85  -167.04
9   A   38    -74.26   160.83    67.60    80.77   170.86    43.09  -171.44
9   U   39   -107.32  -149.47   -28.40    79.90  -127.20  -135.32   102.96
9   C   40    -38.99   115.67    63.82    83.47  -160.79   -75.62  -148.66
9   C   41    113.94  -159.13  -149.77    82.81  -121.49   -76.96  -172.53
9   C   42    -49.08   149.22    51.57    77.59  -127.57   -86.67  -164.06
9   C   43     70.55  -171.04   -99.34    85.00   -86.70  -126.19  -159.82
9   G   44    -49.39   119.38    84.52   147.61   -78.91   143.36  -156.44
9   U   45    109.15  -115.57    71.66    83.44  -101.14  -142.33  -178.36
9   G   46    -69.06  -149.00    93.15   155.15   -96.32   -97.43   -74.39
9   U   47    -60.99   135.42   166.96    79.90  -142.30   114.49  -135.05
9   C   48    -58.58   173.45    73.39   147.84  -153.58    69.78  -145.35
9   C   49     78.00   135.54    63.13    83.90  -114.01   -66.26  -160.93
9   U   50   -128.37   114.02   130.83    83.10  -116.63  -100.27  -163.08
9   U   51    -65.01   157.87    51.50    82.71  -158.36   -79.25  -171.50
9   G   52    162.44  -156.04   163.20    81.38  -137.21   -66.60   168.92
9   G   53    -58.83  -169.32    50.82    79.26  -104.63   -95.91  -171.08
9   U   54    -79.19   121.72    86.14    79.49  -142.33   -75.65  -157.60
9   U   55    -56.02   164.95    51.70    80.40  -113.26   -38.06  -162.70
9   C   56   -158.75   109.77    46.16    81.03   -96.15  -109.81  -145.86
9   G   57    -99.65   130.46    78.10    80.94  -156.27  -102.95  -175.30
9   A   58     83.28   104.60    25.47   145.53  -149.38   167.72   -81.32
9   U   59   -177.85  -134.67    28.63    79.66  -157.43   -67.19  -163.93
9   U   60    165.45  -141.71   164.30   145.17  -164.64     8.75  -144.25
9   C   61    176.91  -173.26    62.07    76.40  -156.61   -80.46  -148.32
9   C   62    -67.33   178.24    54.63    81.20  -145.61   -79.18  -165.14
9   G   63    -60.87   170.23    52.72    78.69  -146.13   -56.75  -174.95
9   A   64   -120.97   113.38   151.96    80.29  -105.93   -37.14   170.00
9   G   65    -87.74   179.57    69.45    80.14  -163.25   -90.86  -159.90
9   U   66    -54.46   177.30    39.63    77.95  -148.09   -61.74  -162.18
9   C   67    155.07  -167.27  -175.78    81.57  -107.52  -119.67  -170.62
9   C   68    -51.97   123.71    68.32    81.13  -139.62   -75.10  -170.90
9   G   69    -73.12   174.78    54.20    81.25  -156.48   -77.19  -137.53
9   G   70    -55.94   168.77    44.51    78.86  -137.65   -84.61  -147.01
9   G   71    -49.14   154.66    40.69    71.69   100.31    65.97  -157.20
9   C   72    176.18   144.91   102.38    81.01  -140.02   -72.81  -154.46
9   A   73    -61.32   169.13    47.85    79.62  -150.57   -35.30   172.05
9   C   74    166.33    72.68   178.02   144.12   -80.19  -167.92  -161.31
9   C   75    -71.56   148.11   152.17   147.16   -87.53  -167.73   -45.78
9   A   76   -117.01    86.76  -100.31   149.82 -9999.99 -9999.99   163.46
