PDB data file name: ./Datasets/pdb_select_tRNA/3jcd_9.pdb_new
-----------------------------------------------------------
CRITERIA USED TO GENERATE BASE-PAIR: 
  3.40 --> upper H-bond length limits (ON..ON).
 26.00 --> max. distance between paired base origins.
  2.50 --> max. vertical distance between paired base origins.
 65.00 --> max. angle between paired bases [0-90].
  5.40 --> min. distance between RN9/YN1 atoms.
  8.00 --> max. distance criterion for helix break[0-12]
-----------------------------------------------------------
BASE-PAIR INSTRUCTIONS: 
Column 1 is rnaview assigned base numbers n1_n2, start from 1.
Column 2 & 3 are chain ID & residue number in input PDB file.
Column 4 is for base pair. The left & right are the bases as 
         identified by column 2 & 3 and 5 & 6.
Column 5 & 6 are residue number & chain ID in input PDB file.
Column 7 is for base pair annotation. The standard Watson-Crick
         (W.C.) pairs are annotated as -/- (AU,AT) or +/+ (GC).
         Other pairs are annotated as Leontis_Westhof Classification.
         The three edges: W(Watson-Crick); H(Hoogsteen); S(suger).
         e.g. W/H means the pair is edge of Watson-Crick & Hoogsteen.
Column 8 is glycosidic bond orientation (either cis or trans).
         e.g. 'W/H cis' means the pair is interaction on Watson-Crick
         and Hoogsteen side, glycosidic bond orientation is 'cis'.
Column 9 corresponds to Saenger Classification.

Other columns: 
        Syn sugar-base conformations are annotated as (syn).
        Stacked base pairs are annotated as (stack).
        Non-identified edges are annotated as (.) or (?)
        Tertiary interactions are marked by (!) in the line.
Reference:
Yang et al (2003) Nucleic Acids Research, Vol31,No13,p3450-3461.
-----------------------------------------------------------
BEGIN_base-pair
     1_72, 9:     1 G-C    72 9: W/W cis         n/a
      2_3, 9:     2 C-C     3 9:      stacked
     2_71, 9:     2 C-G    71 9: +/+ cis         XIX
     3_70, 9:     3 C-G    70 9: +/+ cis         XIX
     3_71, 9:     3 C-G    71 9: W/W cis         n/a
     4_69, 9:     4 C-G    69 9: +/+ cis         XIX
     4_70, 9:     4 C-G    70 9:      stacked
     5_68, 9:     5 G-C    68 9: +/+ cis         XIX
     6_67, 9:     6 G-C    67 9: +/+ cis         XIX
     7_66, 9:     7 A-U    66 9: -/- cis         XX
     7_67, 9:     7 A-C    67 9:      stacked
     8_13, 9:     8 U-C    13 9:      stacked
     9_23, 9:     9 A-A    23 9: H/H tran        II
     9_46, 9:     9 A-G    46 9:   syn  stacked
    10_11, 9:    10 G-C    11 9:      stacked
    10_25, 9:    10 G-C    25 9:   syn  stacked
    11_24, 9:    11 C-G    24 9: +/+ cis         XIX
    11_25, 9:    11 C-C    25 9: W/W cis      syn  n/a
    12_23, 9:    12 U-A    23 9: -/- cis         XX
    13_22, 9:    13 C-G    22 9: +/+ cis         XIX
    13_23, 9:    13 C-A    23 9:      stacked
    14_21, 9:    14 A-A    21 9: W/S cis         n/a
    15_48, 9:    15 G-C    48 9: W/W tran        XXII
    16_59, 9:    16 U-U    59 9: W/W tran        XII,XIII
    18_55, 9:    18 G-U    55 9: W/S tran        n/a
    28_42, 9:    28 G-C    42 9: +/+ cis         XIX
    29_30, 9:    29 G-G    30 9:      stacked
    29_41, 9:    29 G-C    41 9: +/+ cis         XIX
    30_40, 9:    30 G-C    40 9: +/+ cis         XIX
    30_41, 9:    30 G-C    41 9:      stacked
    31_39, 9:    31 A-U    39 9:      stacked
    32_38, 9:    32 U-A    38 9: W/W cis         n/a
    41_42, 9:    41 C-C    42 9:      stacked
    49_65, 9:    49 C-G    65 9: W/W cis         n/a
    51_63, 9:    51 U-G    63 9: W/W cis         XXVIII
    52_62, 9:    52 G-C    62 9: +/+ cis         XIX
    53_54, 9:    53 G-U    54 9:      stacked
    53_61, 9:    53 G-C    61 9: W/W cis         n/a
    54_58, 9:    54 U-A    58 9: W/H tran     syn  XXIV
    64_65, 9:    64 A-G    65 9:      stacked
    68_69, 9:    68 C-G    69 9:      stacked
    71_72, 9:    71 G-C    72 9:      stacked
     8_22, 9:     8 U-G    22 9: W/W tran        !1H(b_b)
     8_46, 9:     8 U-G    46 9: S/S cis      syn  !1H(b_b)
    22_46, 9:    22 G-G    46 9: H/W tran     syn  !1H(b_b)
    26_45, 9:    26 A-U    45 9: H/S tran        !1H(b_b)
    28_41, 9:    28 G-C    41 9: W/W cis         !1H(b_b)
    50_64, 9:    50 U-A    64 9: S/H tran        !1H(b_b).
    33_35, 9:    33 U-A    35 9: S/H tran     syn  !(b_s)
    17_18, 9:    17 C-G    18 9: S/S cis         !(s_s)
    19_20, 9:    19 G-U    20 9: S/. cis         !(s_s)
    21_22, 9:    21 A-G    22 9: S/H cis         !(s_s)
    33_36, 9:    33 U-A    36 9: W/? tran        !(s_s)
    75_76, 9:    75 C-A    76 9: S/S tran   syn    !(s_s)
END_base-pair

Summary of triplets and higher multiplets
BEGIN_multiplets
9_12_23_| [1 3]  9: 9 A  +  9: 12 U  +  9: 23 A
11_24_25_| [2 3]  9: 11 C  +  9: 24 G  +  9: 25 C
END_multiplets

  The total base pairs =  26 (from   76 bases)
------------------------------------------------
 Standard  WW--cis  WW-tran  HH--cis  HH-tran  SS--cis  SS-tran
       13        7        2        0        1        0        0
  WH--cis  WH-tran  WS--cis  WS-tran  HS--cis  HS-tran
        0        1        1        1        0        0
------------------------------------------------
