PDB data file name: ./Datasets/pdb_select_tRNA/6frk_2.pdb_new
-----------------------------------------------------------
CRITERIA USED TO GENERATE BASE-PAIR: 
  3.40 --> upper H-bond length limits (ON..ON).
 26.00 --> max. distance between paired base origins.
  2.50 --> max. vertical distance between paired base origins.
 65.00 --> max. angle between paired bases [0-90].
  5.40 --> min. distance between RN9/YN1 atoms.
  8.00 --> max. distance criterion for helix break[0-12]
-----------------------------------------------------------
BASE-PAIR INSTRUCTIONS: 
Column 1 is rnaview assigned base numbers n1_n2, start from 1.
Column 2 & 3 are chain ID & residue number in input PDB file.
Column 4 is for base pair. The left & right are the bases as 
         identified by column 2 & 3 and 5 & 6.
Column 5 & 6 are residue number & chain ID in input PDB file.
Column 7 is for base pair annotation. The standard Watson-Crick
         (W.C.) pairs are annotated as -/- (AU,AT) or +/+ (GC).
         Other pairs are annotated as Leontis_Westhof Classification.
         The three edges: W(Watson-Crick); H(Hoogsteen); S(suger).
         e.g. W/H means the pair is edge of Watson-Crick & Hoogsteen.
Column 8 is glycosidic bond orientation (either cis or trans).
         e.g. 'W/H cis' means the pair is interaction on Watson-Crick
         and Hoogsteen side, glycosidic bond orientation is 'cis'.
Column 9 corresponds to Saenger Classification.

Other columns: 
        Syn sugar-base conformations are annotated as (syn).
        Stacked base pairs are annotated as (stack).
        Non-identified edges are annotated as (.) or (?)
        Tertiary interactions are marked by (!) in the line.
Reference:
Yang et al (2003) Nucleic Acids Research, Vol31,No13,p3450-3461.
-----------------------------------------------------------
BEGIN_base-pair
     1_72, 2:     1 G-C    72 2: +/+ cis         XIX
     2_71, 2:     2 U-A    71 2: -/- cis         XX
     3_70, 2:     3 U-A    70 2: -/- cis         XX
     4_69, 2:     4 U-A    69 2: -/- cis         XX
     5_68, 2:     5 C-G    68 2: +/+ cis         XIX
     6_67, 2:     6 C-G    67 2: +/+ cis         XIX
     8_14, 2:     8 U-A    14 2: W/H tran        XXIV
    10_25, 2:    10 G-C    25 2: +/+ cis         XIX
    10_45, 2:    10 G-G    45 2: H/S cis         n/a
    11_24, 2:    11 U-A    24 2: -/- cis         XX
    12_23, 2:    12 G-C    23 2: +/+ cis         XIX
    14_21, 2:    14 A-A    21 2: W/S tran        n/a
    16_59, 2:    16 U-A    59 2: W/W tran        XXI
    16_60, 2:    16 U-A    60 2:      stacked
    18_55, 2:    18 G-U    55 2: W/S tran   syn    n/a
    22_23, 2:    22 U-C    23 2:      stacked
    26_44, 2:    26 G-A    44 2: W/W cis         VIII
    27_43, 2:    27 U-A    43 2: -/- cis         XX
    28_42, 2:    28 U-A    42 2: -/- cis         XX
    29_41, 2:    29 C-G    41 2: +/+ cis         XIX
    30_40, 2:    30 G-C    40 2: +/+ cis         XIX
    31_39, 2:    31 C-G    39 2: +/+ cis         XIX
    48_59, 2:    48 C-A    59 2:      stacked
    49_65, 2:    49 C-G    65 2: +/+ cis         XIX
    50_64, 2:    50 C-G    64 2: +/+ cis         XIX
    51_52, 2:    51 C-G    52 2:      stacked
    51_63, 2:    51 C-G    63 2: +/+ cis         XIX
    52_62, 2:    52 G-C    62 2: +/+ cis         XIX
    53_61, 2:    53 G-C    61 2: +/+ cis         XIX
    54_55, 2:    54 U-U    55 2:      stacked
    54_58, 2:    54 U-A    58 2: W/H tran     syn  XXIV
    61_62, 2:    61 C-C    62 2:      stacked
    65_66, 2:    65 G-C    66 2:      stacked
    71_72, 2:    71 A-C    72 2:      stacked
    75_76, 2:    75 C-A    76 2:      stacked
    13_22, 2:    13 U-U    22 2: W/W cis         !1H(b_b)
    26_43, 2:    26 G-A    43 2: W/W cis         !1H(b_b)
    32_38, 2:    32 C-C    38 2: W/W cis         !1H(b_b)
    51_62, 2:    51 C-C    62 2: W/. cis         !1H(b_b)
     8_21, 2:     8 U-A    21 2: S/W tran        !(b_s)
     8_46, 2:     8 U-G    46 2: S/S cis         !(b_s)
     9_11, 2:     9 A-U    11 2: S/H cis    syn    !(b_s)
    33_36, 2:    33 U-C    36 2: S/H tran        !(s_s)
    73_74, 2:    73 A-C    74 2: S/H cis    syn    !(s_s)
END_base-pair

Summary of triplets and higher multiplets
BEGIN_multiplets
8_14_21_| [1 3]  2: 8 U  +  2: 14 A  +  2: 21 A
10_25_45_| [2 3]  2: 10 G  +  2: 25 C  +  2: 45 G
END_multiplets

  The total base pairs =  26 (from   76 bases)
------------------------------------------------
 Standard  WW--cis  WW-tran  HH--cis  HH-tran  SS--cis  SS-tran
       19        1        1        0        0        0        0
  WH--cis  WH-tran  WS--cis  WS-tran  HS--cis  HS-tran
        0        2        0        2        1        0
------------------------------------------------
