PDB data file name: ./Datasets/pdb_select_tRNA/3j0q_W.pdb_new
-----------------------------------------------------------
CRITERIA USED TO GENERATE BASE-PAIR: 
  3.40 --> upper H-bond length limits (ON..ON).
 26.00 --> max. distance between paired base origins.
  2.50 --> max. vertical distance between paired base origins.
 65.00 --> max. angle between paired bases [0-90].
  5.40 --> min. distance between RN9/YN1 atoms.
  8.00 --> max. distance criterion for helix break[0-12]
-----------------------------------------------------------
BASE-PAIR INSTRUCTIONS: 
Column 1 is rnaview assigned base numbers n1_n2, start from 1.
Column 2 & 3 are chain ID & residue number in input PDB file.
Column 4 is for base pair. The left & right are the bases as 
         identified by column 2 & 3 and 5 & 6.
Column 5 & 6 are residue number & chain ID in input PDB file.
Column 7 is for base pair annotation. The standard Watson-Crick
         (W.C.) pairs are annotated as -/- (AU,AT) or +/+ (GC).
         Other pairs are annotated as Leontis_Westhof Classification.
         The three edges: W(Watson-Crick); H(Hoogsteen); S(suger).
         e.g. W/H means the pair is edge of Watson-Crick & Hoogsteen.
Column 8 is glycosidic bond orientation (either cis or trans).
         e.g. 'W/H cis' means the pair is interaction on Watson-Crick
         and Hoogsteen side, glycosidic bond orientation is 'cis'.
Column 9 corresponds to Saenger Classification.

Other columns: 
        Syn sugar-base conformations are annotated as (syn).
        Stacked base pairs are annotated as (stack).
        Non-identified edges are annotated as (.) or (?)
        Tertiary interactions are marked by (!) in the line.
Reference:
Yang et al (2003) Nucleic Acids Research, Vol31,No13,p3450-3461.
-----------------------------------------------------------
BEGIN_base-pair
     2_72, W:     2 G-C    71 W: W/W cis         n/a
      3_4, W:     3 C-G     4 W:      stacked
     3_71, W:     3 C-G    70 W: +/+ cis         XIX
     4_70, W:     4 G-C    69 W: +/+ cis         XIX
     5_69, W:     5 G-C    68 W: +/+ cis         XIX
     6_68, W:     6 G-C    67 W: +/+ cis         XIX
     7_67, W:     7 G-C    66 W: +/+ cis         XIX
     8_14, W:     8 U-A    14 W: W/H tran        XXIV
    10_26, W:    10 G-C    25 W: +/+ cis         XIX
    11_25, W:    11 A-U    24 W: -/- cis         XX
    12_24, W:    12 G-C    23 W: +/+ cis         XIX
    13_23, W:    13 C-G    22 W: +/+ cis         XIX
    15_49, W:    15 G-C    48 W: W/W tran        XXII
    19_56, W:    18 G-U    55 W: W/S tran        n/a
    20_57, W:    19 G-C    56 W: W/W cis         n/a
    27_45, W:    26 G-A    44 W: W/W cis         VIII
    28_44, W:    27 U-A    43 W: -/- cis         XX
    29_43, W:    28 C-G    42 W: +/+ cis         XIX
    30_42, W:    29 G-C    41 W: +/+ cis         XIX
    31_41, W:    30 G-C    40 W: +/+ cis         XIX
    32_40, W:    31 G-C    39 W: +/+ cis         XIX
    50_66, W:    49 G-C    65 W: +/+ cis         XIX
    51_65, W:    50 U-G    64 W: W/W cis         XXVIII
    52_64, W:    51 C-G    63 W: +/+ cis         XIX
    53_63, W:    52 G-C    62 W: +/+ cis         XIX
    54_62, W:    53 G-C    61 W: +/+ cis         XIX
    55_59, W:    54 U-A    58 W: W/H tran     syn  XXIV
    72_73, W:    71 C-A    72 W:      stacked
    10_46, W:    10 G-G    45 W: H/S cis         !1H(b_b)
    33_39, W:    32 C-A    38 W: W/W cis         !1H(b_b)
    51_66, W:    50 U-C    65 W: W/W cis         !1H(b_b)
    14_22, W:    14 A-A    21 W: W/S cis         !(b_s)
     7_16, W:     7 G-C    16 W: ?/W tran        !(s_s)
    17_18, W:    17 C-U    17 W: S/S cis         !(s_s)
    20_21, W:    19 G-U    20 W: S/W cis      syn  !(s_s)
    21_22, W:    20 U-A    21 W: S/. tran   syn    !(s_s)
    23_47, W:    22 G-G    46 W: H/W tran        !(s_s)
    34_36, W:    33 U-A    35 W: S/S tran        !(s_s)
    34_37, W:    33 U-U    36 W: W/H tran        !(s_s)
    61_62, W:    60 U-C    61 W: S/H cis         !(s_s)
END_base-pair
  The total base pairs =  26 (from   77 bases)
------------------------------------------------
 Standard  WW--cis  WW-tran  HH--cis  HH-tran  SS--cis  SS-tran
       18        4        1        0        0        0        0
  WH--cis  WH-tran  WS--cis  WS-tran  HS--cis  HS-tran
        0        2        0        1        0        0
------------------------------------------------
