The backbone torsional angle for nucleic acid 

 
Note: alpha:   O3'(i-1)-P-O5'-C5'
      beta:    P-O5'-C5'-C4'
      gamma:   O5'-C5'-C4'-C3'
      delta:   C5'-C4'-C3'-O3'
      epsilon: C4'-C3'-O3'-P(i+1)
      zeta:    C3'-O3'-P(i+1)-O5'(i+1)

      chi for pyrimidines(Y): O4'-C1'-N1-C2
          chi for purines(R): O4'-C1'-N9-C4

    (The number -9999.99 means that the angle can not be calculated) 

Ch Res  Num    alpha    beta     gamma    delta  epsilon    zeta     chi
F   C    1  -9999.99 -9999.99   179.80    81.43  -136.99   -81.59  -160.30
F   G    2    -52.15   173.85    48.91    80.70  -126.29   -89.26  -172.04
F   C    3    -57.91   152.35    60.32    79.20  -130.31   -92.35  -156.77
F   G    4    -61.43   159.45    53.94    80.48  -145.19   -83.32  -163.58
F   G    5    -63.40   162.72    60.43    81.19  -145.13   -70.11  -176.75
F   G    6    -69.05   170.46    64.64    80.55  -152.52   -82.91  -169.58
F   G    7    -51.40   177.21    65.98   145.30  -126.00   -13.61  -128.75
F   U    8   -101.75  -136.40    48.23    79.49  -150.36   -80.02  -146.69
F   G    9   -162.75    99.84  -168.65   145.36   -90.46   -61.27  -112.78
F   G   10    174.93  -176.69    77.88    82.16  -140.86   -70.45  -175.28
F   A   11    -72.70  -173.66    49.65    81.32  -144.35   -74.56  -162.44
F   G   12    -62.48   171.17    50.13    79.80  -150.25   -86.25  -153.89
F   C   13    143.46  -150.69  -176.48    80.23  -164.96   -70.35  -166.46
F   A   14    177.67  -178.76   169.68    81.96  -115.70   -60.84   171.43
F   G   15    -60.25   166.27    60.46    83.69  -105.12   -70.15  -157.11
F   C   16    -71.40  -173.43    58.42   145.12  -103.03   -73.31  -124.69
F   C   17    -75.68   163.09    58.99    82.56  -155.49    48.52  -144.54
F   U   17    159.07   161.86    48.48   144.85   -88.36   -96.43  -144.83
F   G   18    -68.78   170.21   146.12   148.42  -130.40   -95.22  -153.11
F   G   19    156.50  -174.00  -178.91   147.92   -69.03  -112.54  -105.51
F   U   20    147.20  -118.58   148.29    79.46  -102.29   -97.78  -116.10
F   A   21     61.55   139.37    42.50    78.67  -135.86  -148.62  -157.00
F   G   22    -68.16   128.65    63.40    78.97  -156.19   -77.33  -160.90
F   C   23    -60.94   175.62    49.70    78.51  -133.77   -86.03  -159.65
F   U   24    -58.16   159.46    53.56    81.29  -144.89   -73.25  -163.57
F   C   25    -68.99   166.48    61.14    80.66  -144.14   -64.85  -164.51
F   G   26    -68.88   166.26    65.55    80.46  -141.25   -68.68  -164.08
F   U   27    -62.52   171.95    55.25    81.26  -138.76   -79.20  -155.85
F   C   28    -55.36   165.23    47.11    79.37  -147.43   -72.31  -161.00
F   G   29    -64.40   177.97    43.56    78.76  -149.12   -76.75  -169.26
F   G   30    -58.51   165.76    58.24    79.68  -141.95   -66.23  -172.41
F   G   31   -110.02   157.93   109.86    79.18  -145.18   -63.90   179.98
F   C   32    -91.48  -157.74    61.04    83.55  -144.12   -53.84  -162.59
F   U   33    -76.71  -179.97    56.12    77.86  -128.78   -61.14  -155.08
F   C   34    175.70   156.08    41.64    80.33  -127.21   -71.36  -166.98
F   A   35    -62.83   161.86    58.57    80.79  -145.22   -83.33  -162.98
F   U   36    -68.53   171.85    57.37    79.83  -143.80   -64.59  -163.16
F   A   37    -69.88   171.29    57.96    81.32  -143.86   -71.52  -174.87
F   A   38    -61.08   169.00    56.19    81.83  -129.80   -69.12  -159.57
F   C   39    -60.90   160.81    57.21    80.83  -145.21   -72.85  -156.25
F   C   40    -61.95   175.33    49.91    80.31  -140.22   -80.92  -163.37
F   C   41    -68.07   174.27    54.51    80.34  -147.81   -67.03  -164.98
F   G   42    -82.28   175.45    69.45    78.72  -158.39   -75.57  -168.16
F   A   43    -68.00   166.17    73.16    80.59  -153.89   -78.16  -168.52
F   A   44    -64.37   165.79    64.87    85.07  -141.89   -66.43  -155.15
F   G   45    -64.10   167.48    59.59    80.52  -125.05   -93.05  -140.32
F   G   46    -49.53   176.80    59.18    80.93  -110.54   -74.11  -121.95
F   U   47    -67.17  -100.78   176.97    81.51  -150.77    66.69  -124.75
F   C   48    -88.80  -147.13    71.51   145.93  -155.46    94.76  -130.56
F   G   49     36.03   173.05    51.80    84.90  -136.95   -76.46  -168.65
F   U   50    -66.27   166.60    56.49    80.34  -146.61   -74.34  -155.87
F   C   51    -70.43   170.62    57.02    79.33  -149.32   -65.63  -160.38
F   G   52    -70.59   168.27    61.22    78.40  -153.02   -74.63  -170.06
F   G   53    -63.85   166.73    63.83    79.54  -155.03   -69.86  -172.92
F   U   54    -69.04  -174.99    50.13    79.95  -131.14   -70.10  -160.61
F   U   55    -60.31   165.91    54.96    80.33  -130.67   -57.91  -148.38
F   C   56   -172.00   140.08    44.41    80.86  -129.79   -69.44  -163.19
F   A   57    -64.20   174.03    49.03    80.86  -146.38   -79.96  -152.09
F   A   58    -53.80  -164.86    76.26   151.62   -71.84  -160.55   -97.50
F   A   59     52.81  -156.27    85.61    80.50  -138.87   -42.97   178.69
F   U   60    -76.59  -172.78    62.64   143.51   -99.14   -72.83  -129.25
F   C   61    -80.10   176.13    37.52    79.17  -139.81   -83.64  -161.41
F   C   62    -64.84   170.93    54.28    82.36  -147.35   -80.46  -165.08
F   G   63    -75.45   172.55    61.41    82.45  -152.18   -76.40  -167.56
F   G   64    -77.80  -175.53    57.03    80.55  -148.03   -77.48  -164.50
F   C   65    -69.22   163.02    64.65    82.08  -150.13   -69.88  -161.78
F   C   66    -66.03   178.91    58.07    80.52  -143.44   -72.29  -159.30
F   C   67    -69.92   169.42    58.59    78.21  -148.60   -76.94  -158.88
F   C   68    -70.91   175.72    53.78    78.79  -150.22   -72.77  -162.14
F   C   69    -64.01   170.89    60.21    77.53  -140.49   -81.50  -159.72
F   G   70    -67.22   168.98    58.10    80.09  -147.98   -77.23  -166.14
F   C   71    -63.77   161.20    66.55    80.25  -141.48   -66.04  -158.46
F   A   72    -71.00   178.17    56.54    78.36  -151.43   -71.29  -159.73
F   A   73    -65.44   172.43    55.47    80.08  -151.33   130.88  -160.66
F   C   74    -71.60   133.60    48.40    81.56  -152.11   -75.39  -156.60
F   C   75   -115.28  -145.20    72.69    84.45  -104.44   -50.02  -136.18
F   A   76   -108.95    86.37   157.63    81.05 -9999.99 -9999.99  -116.64
