The backbone torsional angle for nucleic acid 

 
Note: alpha:   O3'(i-1)-P-O5'-C5'
      beta:    P-O5'-C5'-C4'
      gamma:   O5'-C5'-C4'-C3'
      delta:   C5'-C4'-C3'-O3'
      epsilon: C4'-C3'-O3'-P(i+1)
      zeta:    C3'-O3'-P(i+1)-O5'(i+1)

      chi for pyrimidines(Y): O4'-C1'-N1-C2
          chi for purines(R): O4'-C1'-N9-C4

    (The number -9999.99 means that the angle can not be calculated) 

Ch Res  Num    alpha    beta     gamma    delta  epsilon    zeta     chi
D   G    1  -9999.99  -163.42   171.08    89.69  -119.05   -82.49   170.70
D   C    2    -71.08   163.07    53.20    83.99  -171.82   -52.29  -161.28
D   C    3    -82.59  -140.92    38.76    83.10  -179.18   -79.35  -136.24
D   G    4    146.13  -156.32   176.27    88.22   -95.26  -123.11   166.39
D   G    5    108.13  -117.00  -170.04    86.60  -109.89   -81.32   166.82
D   G    6    -45.82   147.22    61.97    75.03  -139.90   -99.45  -179.33
D   G    7    -30.81   145.39    66.26    96.74  -124.81    -4.57  -162.38
D   U    8   -102.44  -117.63    52.04    86.63  -136.58   -71.09  -142.26
D   A    9   -143.11    71.26   170.06   144.96  -161.56    40.75  -140.69
D   G   10    150.04   164.37    37.90    81.84  -165.49   -80.52  -175.91
D   U   11   -178.92  -155.83   150.28    83.62  -123.48   -85.41   166.84
D   C   12     47.30  -179.92   -68.33    97.77  -165.18   -44.09  -148.39
D   U   13    -79.66   174.49    60.10    81.52  -172.63   -68.74  -154.00
D   A   14    -71.14  -171.82    56.01    76.62  -165.91   -50.34  -160.92
D   G   15    -75.42  -173.14    46.90    82.41  -157.38  -113.18  -141.06
D   G   16     60.57   124.08    51.21   145.24  -154.26   137.52   -15.67
D   G   18     81.99  -153.20   -51.34   145.41  -114.94  -141.76  -102.35
D   G   19    -54.86   143.20    65.02   100.90  -102.24   -52.57  -123.56
D   C   20    -55.59  -147.79    44.83   144.81  -160.39    42.19  -164.16
D   U   21    -78.18   -51.77  -136.82   145.23  -170.12  -100.53   133.39
D   A   22   -116.99   135.85   167.27    88.66  -131.37   -94.19  -179.26
D   G   23    -58.75   161.57    52.24    86.94  -147.66   -78.70  -162.00
D   G   24     68.44   178.34   -90.20    91.69  -169.34   -65.14  -159.64
D   C   25    159.30  -156.95   162.50    81.48  -125.35   -73.65   176.47
D   A   26    -57.66   160.50    55.37    82.66  -146.57   -54.30  -177.21
D   G   27    -67.50  -168.40    42.66    83.42  -162.66   -74.46  -163.73
D   C   28    156.88  -165.02   171.20    81.25  -113.31   -85.34  -168.20
D   G   29    -41.66   155.07    46.96    75.45  -150.35   -39.98  -167.59
D   G   30   -148.12   131.01   151.62    82.85  -127.03  -108.84  -175.54
D   A   31    132.47  -130.33  -178.59    85.16  -118.19   -77.61   174.47
D   C   32    -51.39   156.77    52.76    79.57  -121.21   -90.03  -167.35
D   U   33   -171.49   148.54    58.26    83.03   150.36   -87.25  -158.90
D   G   34    135.89  -171.88  -178.85    83.98   -95.77   -63.69   136.53
D   C   35    -85.44  -160.75    44.36    80.58  -135.44   -84.80  -159.76
D   A   36    -33.00   148.96    60.00   145.13  -131.08   -74.59  -122.07
D   G   37     99.35   130.76   -17.32   145.08  -151.31   105.97  -127.82
D   A   38    -15.70  -109.53   -83.06    86.01  -149.02   -56.51  -169.03
D   U   39    -79.05   178.35    60.02    84.24  -151.13   -70.68  -160.45
D   C   40    -79.72   178.22    61.61    81.93  -139.26   -90.96  -159.04
D   C   41    -65.89   167.43    56.92    84.89  -147.27   -78.87  -157.54
D   G   42    -56.84   168.79    48.09    76.12  -151.49   -59.10  -163.42
D   C   43   -112.58   146.01   122.77    82.30   -86.38  -125.45  -177.11
D   C   44     90.14   -97.27  -174.33    88.14  -116.73   117.76   175.47
D   U   45    114.37    83.27  -179.73    85.39  -108.84  -160.75  -168.19
D   U   46     74.39   -57.37  -168.71    82.52   166.29   172.73   117.53
D   A   47    166.09  -138.50   160.38    85.40   -84.01  -140.74  -178.55
D   C   48     74.78   -92.88  -151.77   145.11  -140.77    86.40  -149.88
D   G   49     48.74   168.83    47.19    83.69  -149.77   -78.72  -172.80
D   U   50    -63.36  -179.84    49.40    85.02  -147.50   -74.93  -162.97
D   G   51    -58.90   179.76    46.88    80.98  -154.06   -67.72  -160.92
D   G   52    -80.71   168.03    69.20    79.44  -153.92   -65.14  -176.26
D   G   53    -62.47  -178.47    55.73    80.75  -163.53   -89.55  -170.40
D   U   54    155.87  -150.47   170.11    83.21   -94.28  -108.67   179.21
D   U   55    101.81  -129.90  -157.91    90.76   -96.89   -83.13  -165.58
D   C   56    128.87  -167.62    76.23    91.07  -145.08   -61.72  -165.16
D   A   57    -61.79  -179.49    42.92    84.68  -154.02  -113.45  -156.04
D   A   58     70.42   130.25     4.76   145.38  -128.28  -179.87   -72.06
D   A   59    119.11  -150.29    59.72    82.23  -158.94   -63.00   179.41
D   U   60    175.22  -165.89   160.76   145.01   -94.53   -55.63  -150.63
D   C   61    -80.68   176.01    41.53    82.83  -144.00   -79.43  -176.70
D   C   62    -51.26   176.14    45.40    81.87  -152.69   -68.36  -163.04
D   C   63    -68.85  -173.45    47.43    82.26  -168.68   -63.95  -157.19
D   A   64    152.44  -170.37  -179.26    84.64  -115.82   -68.32  -178.77
D   C   65    -92.61   128.69   105.85    78.22  -129.62   -94.23   169.39
D   C   66    -55.18   158.33    50.69    76.69  -132.52   -90.20  -175.04
D   C   67    -58.07   152.58    61.72    80.18  -154.89   -74.19  -170.85
D   C   68    -60.97  -167.26    42.31    81.80  -171.72   -77.10  -148.06
D   C   69    159.49  -158.66   169.54    86.62   -85.80   -44.06  -169.96
D   G   70    -93.40    63.50   166.13    90.22  -129.56   -65.24   177.89
D   G   71    149.40  -178.55   172.59    86.64  -141.61   -70.47  -179.66
D   C   72    -63.34  -177.67    44.09    72.50 -9999.99 -9999.99  -157.58
