PDB data file name: tRNA_dataset/2zzn_chain_D.pdb_new
-----------------------------------------------------------
CRITERIA USED TO GENERATE BASE-PAIR: 
  3.40 --> upper H-bond length limits (ON..ON).
 26.00 --> max. distance between paired base origins.
  2.50 --> max. vertical distance between paired base origins.
 65.00 --> max. angle between paired bases [0-90].
  5.40 --> min. distance between RN9/YN1 atoms.
  8.00 --> max. distance criterion for helix break[0-12]
-----------------------------------------------------------
BASE-PAIR INSTRUCTIONS: 
Column 1 is rnaview assigned base numbers n1_n2, start from 1.
Column 2 & 3 are chain ID & residue number in input PDB file.
Column 4 is for base pair. The left & right are the bases as 
         identified by column 2 & 3 and 5 & 6.
Column 5 & 6 are residue number & chain ID in input PDB file.
Column 7 is for base pair annotation. The standard Watson-Crick
         (W.C.) pairs are annotated as -/- (AU,AT) or +/+ (GC).
         Other pairs are annotated as Leontis_Westhof Classification.
         The three edges: W(Watson-Crick); H(Hoogsteen); S(suger).
         e.g. W/H means the pair is edge of Watson-Crick & Hoogsteen.
Column 8 is glycosidic bond orientation (either cis or trans).
         e.g. 'W/H cis' means the pair is interaction on Watson-Crick
         and Hoogsteen side, glycosidic bond orientation is 'cis'.
Column 9 corresponds to Saenger Classification.

Other columns: 
        Syn sugar-base conformations are annotated as (syn).
        Stacked base pairs are annotated as (stack).
        Non-identified edges are annotated as (.) or (?)
        Tertiary interactions are marked by (!) in the line.
Reference:
Yang et al (2003) Nucleic Acids Research, Vol31,No13,p3450-3461.
-----------------------------------------------------------
BEGIN_base-pair
      1_2, D:     1 G-C     2 D:      stacked
     1_71, D:     1 G-C    72 D: +/+ cis         XIX
     2_70, D:     2 C-G    71 D: +/+ cis         XIX
     3_69, D:     3 C-G    70 D: +/+ cis         XIX
     4_68, D:     4 G-C    69 D: +/+ cis         XIX
     5_67, D:     5 G-C    68 D: +/+ cis         XIX
     6_66, D:     6 G-C    67 D: +/+ cis         XIX
     7_65, D:     7 G-C    66 D: +/+ cis         XIX
     8_14, D:     8 U-A    14 D: W/H tran        XXIV
    10_24, D:    10 G-C    25 D: +/+ cis         XIX
    11_12, D:    11 U-C    12 D:      stacked
    11_23, D:    11 U-G    24 D: W/W cis         XXVIII
    12_22, D:    12 C-G    23 D: +/+ cis         XIX
    13_21, D:    13 U-A    22 D: -/- cis         XX
    15_47, D:    15 G-C    48 D: W/W tran        XXII
    17_54, D:    18 G-U    55 D: W/S tran        n/a
    18_55, D:    19 G-C    56 D: +/+ cis         XIX
    19_20, D:    20 C-U    21 D:      stacked
    26_42, D:    27 G-C    43 D: +/+ cis         XIX
    27_41, D:    28 C-G    42 D: +/+ cis         XIX
    28_40, D:    29 G-C    41 D: +/+ cis         XIX
    29_39, D:    30 G-C    40 D: +/+ cis         XIX
    30_38, D:    31 A-U    39 D: -/- cis         XX
    31_37, D:    32 C-A    38 D: W/W cis         n/a
    48_64, D:    49 G-C    65 D: +/+ cis         XIX
    49_63, D:    50 U-A    64 D: -/- cis         XX
    50_62, D:    51 G-C    63 D: +/+ cis         XIX
    51_61, D:    52 G-C    62 D: +/+ cis         XIX
    52_60, D:    53 G-C    61 D: +/+ cis         XIX
    53_57, D:    54 U-A    58 D: W/H tran     syn  XXIV
    14_46, D:    14 A-A    47 D: W/W tran        !1H(b_b).
    20_58, D:    21 U-A    59 D: W/W cis         !1H(b_b).
     8_46, D:     8 U-A    47 D: s/S cis         !(s_s)
    15_16, D:    15 G-G    16 D: S/S cis      syn  !(s_s)
    16_17, D:    16 G-G    18 D: S/? cis    syn    !(s_s)
    18_19, D:    19 G-C    20 D: S/H cis         !(s_s)
    32_33, D:    33 U-G    34 D: S/H cis         !(s_s)
    36_37, D:    37 G-A    38 D: S/. cis         !(s_s)
END_base-pair
  The total base pairs =  27 (from   71 bases)
------------------------------------------------
 Standard  WW--cis  WW-tran  HH--cis  HH-tran  SS--cis  SS-tran
       21        2        1        0        0        0        0
  WH--cis  WH-tran  WS--cis  WS-tran  HS--cis  HS-tran
        0        2        0        1        0        0
------------------------------------------------
