The backbone torsional angle for nucleic acid 

 
Note: alpha:   O3'(i-1)-P-O5'-C5'
      beta:    P-O5'-C5'-C4'
      gamma:   O5'-C5'-C4'-C3'
      delta:   C5'-C4'-C3'-O3'
      epsilon: C4'-C3'-O3'-P(i+1)
      zeta:    C3'-O3'-P(i+1)-O5'(i+1)

      chi for pyrimidines(Y): O4'-C1'-N1-C2
          chi for purines(R): O4'-C1'-N9-C4

    (The number -9999.99 means that the angle can not be calculated) 

Ch Res  Num    alpha    beta     gamma    delta  epsilon    zeta     chi
A   G    1  -9999.99  -126.93    86.52    90.78  -155.15   -81.85  -174.40
A   C    2    -65.70   172.17    52.21    84.83  -130.83   -86.90  -166.23
A   G    3    -77.43   151.26    67.60    74.11  -144.80   -75.06  -162.40
A   G    4    -69.76   164.85    67.96    83.73  -138.81   -73.42  -173.92
A   A    5    -77.04   178.24    60.84    88.23  -151.03   -64.28  -158.02
A   U    6    -78.17   159.35    77.52    76.87  -149.77   -73.71  -167.23
A   U    7    -62.15  -175.57    64.19   152.14  -102.23   -61.04  -115.17
A   U    8    -94.07  -142.42    67.72    82.65  -140.14  -131.83  -161.86
A   A    9    -59.22  -155.00    54.24   142.91  -107.38   -76.52   -74.44
A 2MG   10   -169.16   155.41    50.66    90.59  -138.02   -81.93   177.29
A   C   11    -74.27   175.23    66.57    95.38  -147.06   -66.71  -176.14
A   U   12    -95.75  -179.96    61.71    89.84  -157.79   -54.04  -156.16
A   C   13   -130.46   157.77   128.25    73.77  -159.28   -75.71  -172.44
A   A   14    -78.62   175.75    74.40    71.18  -120.79   -71.36  -177.92
A   G   15    -62.25   155.97    59.67    79.17  -139.92   173.81  -166.14
A H2U   16     55.21   132.58    50.05   144.28   -57.23   139.74   -83.02
A H2U   17     31.26  -159.40    57.31   147.60  -105.23   -77.51   -87.20
A   G   18   -131.85   139.60   -53.79   175.54  -102.52  -174.75   -87.73
A   G   19   -127.67  -176.47   103.26   156.51   -80.82   -74.97   -98.41
A   G   20    -71.75  -167.49    55.03    82.39  -126.17   -72.19   176.12
A   A   21    110.09  -150.01   -40.74   152.81  -168.77  -129.41  -104.06
A   G   22   -116.09   147.26   103.06    75.67  -167.32   -66.11  -178.05
A   A   23    -90.80   176.46    59.53    78.65  -140.00   -75.40  -160.68
A   G   24    -59.46   164.39    45.01    90.01  -135.89   -70.70  -165.15
A   C   25    -78.70   163.59    67.09    86.91  -144.16   -65.89  -169.78
A M2G   26    -74.21   169.03    64.92    88.32  -141.40   -73.73  -162.88
A   C   27    -79.53   167.41    64.02    78.09  -139.56   -72.80  -166.45
A   C   28    -70.04  -179.05    60.54    88.10  -137.49   -76.50  -159.80
A   A   29    -76.34   160.65    67.90    81.86  -164.82   -72.59  -171.87
A   G   30    -73.36   178.69    71.92    83.07  -139.63   -64.31  -169.54
A   A   31    -70.79   161.47    69.85    72.13  -126.63   -65.18  -168.03
A OMC   32    -59.04   158.49    64.59    71.34  -135.25   -64.86  -169.36
A   U   33    -74.46   165.55    61.23    77.98  -147.92   -54.77  -141.60
A OMG   34    130.61   145.96    85.27    96.17  -114.45   -66.73   172.25
A   A   35    -77.01   155.11    60.06    70.22  -123.00   -97.36  -163.99
A   A   36    -69.71   121.33    85.96    77.30  -140.69   -63.12  -166.83
A  YG   37    105.77   171.64  -139.31   100.63  -112.59   -83.79  -169.34
A   A   38    -58.91   146.51    59.25    83.21  -150.06   -58.48  -173.10
A PSU   39    -72.50  -165.61    46.71   102.10  -159.96   -74.58 -9999.99
A 5MC   40    -96.12   174.84    77.36    78.10  -159.22   -56.51  -168.58
A   U   41    -78.54  -177.12    66.93    75.73  -139.76   -76.24  -153.94
A   G   42    -69.46   162.77    61.41    73.76  -151.33   -76.39  -164.49
A   G   43    -68.39   171.86    65.21    83.68  -155.34   -79.76  -162.78
A   A   44    -66.01   170.46    65.01    90.94  -146.24   -51.73  -155.37
A   G   45    -84.96   170.33    69.20    84.52  -115.76  -125.87  -159.85
A 7MG   46     57.56   159.01   -27.74   164.03   -88.60  -132.23   -55.20
A   U   47    -54.65   164.46   161.24    97.56   176.29    86.27  -176.05
A   C   48    -54.62   176.93    84.44   141.84  -136.62    95.84  -138.05
A 5MC   49    -44.51  -143.46   100.87    77.31  -135.81   -82.21  -178.05
A   U   50    -54.14   178.81    42.90    95.39  -162.79   -74.78  -156.05
A   G   51    -78.40  -177.17    62.78    80.26  -146.26   -75.78  -164.90
A   U   52    -68.33   167.80    60.78    86.70  -149.52   -70.82  -167.29
A   G   53    -77.70   167.16    75.45    76.89  -143.48   -71.34   179.88
A 5MU   54    -69.65  -175.21    50.76    77.81  -144.54   -58.41  -153.33
A PSU   55    -71.32   168.79    56.22    74.00  -138.59   -74.68 -9999.99
A   C   56    171.06   173.02    53.64    83.75  -135.48   -62.14  -169.01
A   G   57    -99.28   162.42    91.25    80.94  -119.17   -77.01   179.30
A 1MA   58    -53.54  -157.35    62.19   146.53   -59.82  -177.59   -88.22
A   U   59     43.26  -172.67    90.61    84.94  -114.40   -74.67  -179.64
A   C   60    -59.28   163.00    62.85   144.51   -80.86   -69.27  -116.71
A   C   61    -85.67   173.86    43.89    88.08  -130.68   -80.57  -165.28
A   A   62    -71.49   169.47    60.45    80.37  -133.03   -81.00  -173.06
A   C   63    -62.64   160.04    55.62    74.45  -138.89   -73.59  -162.80
A   A   64    -68.36   178.04    51.07    84.76  -160.14   -67.46  -158.14
A   G   65    -72.73  -174.23    59.91    77.75  -161.51   -73.04  -171.95
A   A   66    -85.77  -178.18    79.27    83.31  -140.15   -80.30  -168.71
A   A   67    -62.64   164.08    59.67    81.80  -147.99   -73.56  -166.47
A   U   68    -71.17   169.08    60.92    80.45  -158.92   -71.67  -166.08
A   U   69    -79.67  -178.06    62.11    86.01  -162.65   -73.46  -156.90
A   C   70    -74.53   179.73    52.16    84.47  -163.98   -67.91  -150.39
A   G   71    -95.10   171.43    75.32    81.03  -148.64   -67.38  -167.66
A   C   72    -74.94  -171.34    71.33    82.71  -159.19   -64.45  -163.43
A   A   73    -80.66   178.20    63.00    69.94  -151.70   -55.99  -161.37
A   C   74    -71.15  -168.83    60.19    87.90  -129.78   -85.99  -158.81
A   C   75    -61.52   152.50    60.46    82.57  -158.43  -163.74   165.34
A   A   76     68.15   147.65   126.37   155.40 -9999.99 -9999.99  -141.45
