The backbone torsional angle for nucleic acid 

 
Note: alpha:   O3'(i-1)-P-O5'-C5'
      beta:    P-O5'-C5'-C4'
      gamma:   O5'-C5'-C4'-C3'
      delta:   C5'-C4'-C3'-O3'
      epsilon: C4'-C3'-O3'-P(i+1)
      zeta:    C3'-O3'-P(i+1)-O5'(i+1)

      chi for pyrimidines(Y): O4'-C1'-N1-C2
          chi for purines(R): O4'-C1'-N9-C4

    (The number -9999.99 means that the angle can not be calculated) 

Ch Res  Num    alpha    beta     gamma    delta  epsilon    zeta     chi
F   G    2  -9999.99   165.07    58.19    81.06  -149.39   -73.55  -168.75
F   C    3    -52.86   175.20    44.14    80.28  -164.41   -91.09  -157.06
F   G    4    150.23  -134.48   171.89    79.70  -123.06   -85.90   175.64
F   G    5    -45.58   167.34    36.51    79.15  -163.69   -56.34  -159.21
F   G    6    -89.31   173.39    79.99    77.24  -175.14   -55.59  -172.16
F   G    7    -90.86  -152.84    74.18   139.73   -96.26   -56.78  -131.47
F   U    8    -69.35  -152.85    55.41    82.79  -136.99   -98.85  -154.77
F   G    9   -171.35   120.64  -172.93   145.07   -92.99   -64.56  -106.65
F   G   10    174.01  -165.35    67.66    84.24  -151.99   -73.35  -178.19
F   A   11    -72.50  -168.18    51.10    81.94  -152.91   -68.02  -159.19
F   G   12    -62.25   174.91    46.84    78.29  -146.05   -64.99  -160.13
F   C   13    -66.59   165.66    67.22    74.72  -165.87   -54.60  -167.76
F   A   14   -172.94   156.55   169.37    82.43  -121.66   -71.38   178.68
F   G   15    -44.21   156.10    50.27    82.47  -101.95   -73.11  -166.10
F   C   16    -64.18  -174.60    57.49   146.78  -104.85   -58.17  -112.12
F   C   17   -103.02   155.91    81.76    85.47   -80.30   -35.76  -155.67
F   U   17   -179.64  -170.62    65.72   145.20   -76.82  -123.76  -138.15
F   G   18     37.80  -176.96    49.78   148.61  -138.37  -106.93  -110.49
F   G   19    -46.24  -158.93    21.08   148.38   -66.58   -91.04   -69.95
F   U   20    -71.43   172.98    41.39   136.57  -110.55   -76.63   -36.80
F   A   21   -122.23   153.47   167.61    80.24  -107.97  -172.00  -173.81
F   G   22    -65.49   136.51    44.65    81.75  -143.73   -85.12  -174.22
F   C   23    -53.80   167.42    53.55    80.64  -142.94   -78.25  -168.32
F   U   24    -71.15   169.64    55.98    78.14  -146.27   -67.78  -163.70
F   C   25    -68.92   167.12    61.54    78.81  -148.43   -63.97  -169.65
F   G   26    -62.60   172.59    56.64    80.04  -146.44   -65.27   177.86
F   U   27    -69.55  -178.14    56.27    81.04  -143.10   -73.82  -176.60
F   C   28    -62.00   173.94    50.76    82.07  -153.31   -69.73  -166.49
F   G   29    -72.07  -177.85    51.74    78.52  -153.70   -69.56  -166.27
F   G   30    -64.11   174.90    50.50    78.11  -147.34   -66.73  -168.58
F   G   31    -65.72   166.33    71.76    76.87  -142.47   -65.41  -178.16
F   C   32    -82.19  -173.77    57.49    83.91  -136.75   -65.50  -174.53
F   U   33    -67.15  -175.85    44.82    79.34  -134.75   -60.40  -156.92
F   C   34   -171.58   146.37    40.69    84.00  -125.15   -83.55  -175.28
F   A   35    -60.06   161.04    50.60    79.09  -159.22   -67.65  -164.49
F   U   36    -78.79  -177.96    59.00    78.84  -152.55   -63.67  -160.56
F   A   37    -65.20   175.04    56.05    78.44  -144.30   -63.46  -169.08
F   A   38    -63.71   172.15    53.16    83.68  -143.16   -56.00  -170.14
F   C   39    -65.52   176.26    54.99    81.23  -155.57   -69.84  -166.62
F   C   40    -67.35  -176.28    48.77    82.66  -156.67   -67.22  -163.62
F   C   41    -71.31  -179.16    53.49    79.97  -156.25   -59.40  -161.27
F   G   42    -72.35  -178.04    56.04    76.92  -174.51   -50.19  -158.44
F   A   43   -106.39   178.13    94.98    77.03  -149.15   -85.28  -169.24
F   A   44    -55.05   165.13    56.35    83.23  -158.57   -55.00  -155.80
F   G   45    -85.57   176.13    68.12    82.60  -118.47  -102.96  -155.90
F   G   46    -53.31  -170.77    49.24    81.44  -151.50   -74.96  -110.52
F   U   47    130.92    86.39    67.09    79.81  -137.96    79.40  -102.24
F   C   48   -127.08  -142.99    82.24   145.62  -138.70    74.30  -133.99
F   G   49     55.15   149.12    54.67    83.65  -124.60   -87.83   177.29
F   U   50    -44.08   156.59    43.42    80.65  -174.33   -59.22  -159.81
F   C   51    170.94   178.84   161.80    84.47  -140.05   -74.61  -174.69
F   G   52    150.24  -169.47   172.72    80.62  -143.23   -66.55  -175.15
F   G   53    -57.52   174.76    53.10    77.58  -146.18   -79.64  -171.34
F   U   54    -51.50   174.10    41.77    80.57  -152.28   -45.03  -159.63
F   U   55    -81.42  -164.60    50.70    79.73  -134.50   -87.70  -148.18
F   C   56    148.48  -167.96    65.05    85.42  -143.15   -61.41  -170.27
F   A   57    -73.41   178.26    53.70    80.84  -147.43  -122.03  -157.07
F   A   58     55.36   130.30    26.31   150.41   -77.92  -177.06   -77.43
F   A   59     78.91  -157.35    55.00    85.93  -138.06   -62.00  -172.86
F   U   60    -53.13   167.19    62.71   146.81   -96.70   -65.44  -128.54
F   C   61    -69.01   178.58    22.37    82.47  -156.02   -63.71  -174.94
F   C   62    -83.29  -167.01    57.75    79.38  -158.97   -68.67  -166.25
F   G   63    -65.70   178.89    54.89    78.78  -166.81   -60.64  -164.60
F   G   64   -170.16   170.73   150.17    84.64  -149.57   -56.74   177.05
F   C   65    -84.55  -158.20    41.16    82.52  -157.72   -63.76  -162.08
F   C   66    -64.32   174.10    59.29    78.05  -139.35   -83.33  -170.78
F   C   67    -50.72   159.02    50.09    76.89  -145.00   -77.13  -169.85
F   C   68    -72.97   166.34    65.68    79.73  -141.08   -83.43  -171.85
F   C   69    -54.86   165.53    51.35    80.18  -137.29   -89.80  -165.91
F   G   70    -45.44   153.15    50.04    77.35  -138.55   -85.31  -167.14
F   C   71    -54.82   154.96    56.96    77.61  -144.13   -67.55  -166.51
F   A   72    -66.73   174.98    56.58    78.47  -139.26   -76.77  -166.68
F   A   73    -55.44   163.79    51.25    80.12  -150.36   128.63  -164.52
F   C   74    -65.86   136.96    40.30    85.05  -157.09   -65.82  -162.61
F   C   75    -93.12  -153.34    47.94    78.90  -108.29  -154.22  -123.28
F   A   76     85.67   -73.24  -160.36   136.89 -9999.99 -9999.99  -123.84
