The backbone torsional angle for nucleic acid 

 
Note: alpha:   O3'(i-1)-P-O5'-C5'
      beta:    P-O5'-C5'-C4'
      gamma:   O5'-C5'-C4'-C3'
      delta:   C5'-C4'-C3'-O3'
      epsilon: C4'-C3'-O3'-P(i+1)
      zeta:    C3'-O3'-P(i+1)-O5'(i+1)

      chi for pyrimidines(Y): O4'-C1'-N1-C2
          chi for purines(R): O4'-C1'-N9-C4

    (The number -9999.99 means that the angle can not be calculated) 

Ch Res  Num    alpha    beta     gamma    delta  epsilon    zeta     chi
B   G    1  -9999.99   158.35    65.24    81.33  -149.04   -78.85  -175.25
B   G    2    -76.48  -174.59    52.16    80.60  -148.51   -68.80  -163.54
B   C    3    -61.10   165.24    57.11    75.94  -147.56   -85.77  -161.96
B   C    4    -46.34   156.80    56.83    79.57  -111.23   -46.57  -164.34
B   A    5   -106.29    83.29   164.07    82.79  -124.86   -84.69  -177.98
B   G    6    133.10  -138.22   171.95    79.18  -110.22   -74.04   177.25
B   G    7    -37.76  -173.37    34.96   140.96   -78.29   -73.33  -119.18
B   U    8    -78.04  -166.98    50.55    79.21  -111.16   178.75  -143.82
B   A    9    -47.05   136.33    56.87   141.62  -117.07   -14.20  -102.77
B   G   10    172.21   134.77    53.90    85.06  -151.10   -70.45  -178.97
B   C   11    -72.90  -179.40    58.11    82.73  -146.11   -69.75  -165.62
B   U   12    -71.23   169.38    61.52    79.83  -167.41     2.05  -161.36
B   C   13    172.91   112.99   163.80    82.57  -165.28   -80.61  -158.65
B   A   14    177.93  -177.33   163.88    81.93  -136.41   -52.53  -169.68
B   G   15    -72.21   179.14    60.75    82.41  -130.12  -140.18  -177.77
B   U   16     69.27   134.62    63.64   149.52   -70.01  -154.86  -136.52
B   U   17     61.36   -88.94   -54.11    82.27  -160.55   115.05  -162.52
B   G   18    -64.65  -165.27   173.10   146.73   -97.97  -148.47  -128.22
B   G   19     35.90   119.65   -49.75   146.01    14.96   -82.05   -63.30
B   U   20    125.70    95.43    33.68   142.71  -104.95   -97.48   -99.23
B   A   21   -171.76   -86.37  -162.44    81.73   167.52    30.04  -150.20
B   G   22    160.64    76.96   160.26    81.96  -153.06   -77.95  -175.11
B   A   23    -64.20  -169.36    52.21    80.30  -146.52   -76.21  -153.87
B   G   24    -58.29   171.88    46.61    81.01  -144.88   -98.29  -158.75
B   C   25    164.05  -136.44   150.97    81.73  -133.38  -105.38  -161.50
B   A   26    149.00  -145.79   175.85    79.93   167.44    26.64    26.18
B   C   27   -132.17  -136.80    27.34    78.83  -157.21   -88.16  -160.98
B   U   28    -52.28   156.19    57.89    81.08  -138.05   -67.97  -154.56
B   G   29    -65.10   175.78    46.64    79.59  -138.58   -88.21  -166.94
B   G   30    -63.74   151.28    67.42    79.63  -154.89   -75.26  -164.07
B   A   31    -61.67   179.96    42.52    79.10  -123.63   -65.44  -169.22
B   C   32    -57.71   171.92    48.90    80.70  -114.66   -90.30  -157.46
B   U   33    -49.14   163.43    54.39    80.20  -142.72   -47.70  -157.97
B   G   34   -177.52   130.05    42.94    83.09  -124.87   -76.13  -178.58
B   A   35    -76.79   157.75    69.08    79.37  -142.59   -65.64  -163.12
B   A   36    -80.64   166.57    72.43    82.36  -142.00   -71.36  -158.46
B   A   37    -80.20   162.65    77.33    80.32  -150.98   -67.02  -159.30
B   A   38    -68.06   167.17    60.87    80.70  -132.02   -69.85  -160.57
B   U   39    -57.94   157.06    58.09    80.72  -152.10   -74.86  -157.33
B   C   40    -60.51  -178.27    38.56    77.07  -149.42   -80.72  -154.18
B   C   41    -51.41   161.37    51.94    79.52   -96.56  -120.33  -156.15
B   A   42     89.79   -84.46  -149.54    83.73   -88.52   -59.83  -172.36
B   G   43   -102.22    94.68   121.69    81.49  -127.51  -105.97  -172.46
B   G   44     56.87  -179.82   -79.38    79.96   -99.92   -23.94  -170.10
B   U   45    -94.66   101.64  -154.20   137.89   -86.23   -94.43  -148.34
B   G   46    154.80  -136.70   172.51   147.02  -106.27  -119.27   -79.06
B   U   47    128.66  -110.95   -81.72    81.99  -160.39   116.84  -158.67
B   C   48   -175.88  -142.54   167.90    83.69   -97.68   117.03  -165.01
B   G   49      8.33   161.92    51.82    83.27  -145.13   -63.58   179.19
B   G   50    -71.25  -175.87    45.29    78.68  -144.84   -74.13  -165.11
B   C   51    -57.91   165.05    58.37    78.43  -159.84   -83.59  -155.49
B   G   52    153.74  -157.04   170.17    81.52  -134.53   -78.84  -169.57
B   G   53    -56.28   156.09    59.81    82.41  -140.30   -79.94  -170.98
B   U   54    -68.69   176.07    51.24    80.83  -136.57   -63.91  -163.57
B   U   55    -63.70   171.78    53.37    79.37  -130.70   -63.56  -156.72
B   C   56    164.90   164.58    49.24    81.26  -128.31   -74.30  -160.72
B   G   57    -60.27   162.75    56.78    82.21  -135.08   -74.32  -160.35
B   A   58    -56.91  -148.27    69.07   149.19   -83.00  -177.39   -76.25
B   U   59     78.48  -158.43    71.50    80.56  -128.77   -65.28  -161.89
B   U   60    -61.38   178.62    63.89   145.05  -101.41  -117.04  -118.96
B   C   61     30.46   122.18   -31.51    83.52  -146.30   -72.55  -160.87
B   C   62    -66.54   166.01    62.57    80.70  -151.85   -70.39  -162.43
B   G   63    -70.00  -178.45    52.46    79.69  -151.82   -76.34  -161.40
B   C   64    -60.30   166.19    55.27    79.51  -160.13   -78.46  -159.95
B   C   65    165.91  -155.08   161.67    81.77  -143.01   -72.95  -168.03
B   C   66    -58.49  -178.89    44.70    78.26  -137.50   -81.38  -162.58
B   C   67    -61.36   167.28    57.97    81.99  -148.18   -78.01  -159.25
B   U   68    -65.65   165.97    58.26    80.32  -146.44   -75.60  -156.94
B   G   69    -72.35   167.92    56.26    73.42    68.70    75.43  -158.62
B   G   70     60.73  -163.54   176.41    82.00  -151.15   -80.59  -161.40
B   C   71    -73.60   160.66    77.09    81.76  -155.78   -54.76  -164.07
B   C   72    153.18  -166.20   176.65    80.87   -99.98  -123.98  -156.09
B   A   73     89.48  -116.85  -160.40    81.60  -124.83   -63.32  -170.38
B   C   74     94.18  -133.40   -88.33    79.79  -101.90  -123.24  -150.46
B   C   75     52.61   137.31    43.10    82.89  -104.13  -115.73  -167.00
B   A   76    114.28  -106.14  -168.20    81.53 -9999.99 -9999.99  -179.12
