PDB data file name: ./Datasets/pdb_select_tRNA/6k0b_V.pdb_new
-----------------------------------------------------------
CRITERIA USED TO GENERATE BASE-PAIR: 
  3.40 --> upper H-bond length limits (ON..ON).
 26.00 --> max. distance between paired base origins.
  2.50 --> max. vertical distance between paired base origins.
 65.00 --> max. angle between paired bases [0-90].
  5.40 --> min. distance between RN9/YN1 atoms.
  8.00 --> max. distance criterion for helix break[0-12]
-----------------------------------------------------------
BASE-PAIR INSTRUCTIONS: 
Column 1 is rnaview assigned base numbers n1_n2, start from 1.
Column 2 & 3 are chain ID & residue number in input PDB file.
Column 4 is for base pair. The left & right are the bases as 
         identified by column 2 & 3 and 5 & 6.
Column 5 & 6 are residue number & chain ID in input PDB file.
Column 7 is for base pair annotation. The standard Watson-Crick
         (W.C.) pairs are annotated as -/- (AU,AT) or +/+ (GC).
         Other pairs are annotated as Leontis_Westhof Classification.
         The three edges: W(Watson-Crick); H(Hoogsteen); S(suger).
         e.g. W/H means the pair is edge of Watson-Crick & Hoogsteen.
Column 8 is glycosidic bond orientation (either cis or trans).
         e.g. 'W/H cis' means the pair is interaction on Watson-Crick
         and Hoogsteen side, glycosidic bond orientation is 'cis'.
Column 9 corresponds to Saenger Classification.

Other columns: 
        Syn sugar-base conformations are annotated as (syn).
        Stacked base pairs are annotated as (stack).
        Non-identified edges are annotated as (.) or (?)
        Tertiary interactions are marked by (!) in the line.
Reference:
Yang et al (2003) Nucleic Acids Research, Vol31,No13,p3450-3461.
-----------------------------------------------------------
BEGIN_base-pair
     1_81, V:     1 G-C    81 V: +/+ cis         XIX
     2_80, V:     2 G-C    80 V: +/+ cis         XIX
      3_4, V:     3 U-G     4 V:      stacked
     3_79, V:     3 U-A    79 V: -/- cis         XX
     4_78, V:     4 G-C    78 V: +/+ cis         XIX
     5_77, V:     5 G-C    77 V: +/+ cis         XIX
     6_76, V:     6 G-C    76 V: +/+ cis         XIX
     7_75, V:     7 G-C    75 V: +/+ cis         XIX
     8_14, V:     8 U-A    14 V: W/H tran        XXIV
    10_26, V:    10 C-G    26 V: +/+ cis         XIX
    11_25, V:    11 C-G    25 V: +/+ cis         XIX
    11_26, V:    11 C-G    26 V:      stacked
    12_24, V:    12 C-G    24 V: +/+ cis         XIX
    13_23, V:    13 G-A    23 V: S/H tran        XI
    14_22, V:    14 A-A    22 V: W/S cis         n/a
    15_21, V:    15 G-A    21 V: S/W cis         n/a
    15_57, V:    15 G-C    57 V: W/W tran        XXII
    17_64, V:    17 G-U    64 V: W/S tran        n/a
    18_65, V:    18 G-C    65 V: +/+ cis    syn    XIX
    28_44, V:    28 G-C    44 V: +/+ cis         XIX
    29_43, V:    29 C-G    43 V: +/+ cis         XIX
    30_42, V:    30 A-U    42 V: -/- cis         XX
    31_41, V:    31 G-C    41 V: +/+ cis         XIX
    32_40, V:    32 A-U    40 V: W/W cis         n/a
    46_54, V:    46 G-C    54 V: +/+ cis         XIX
    46_55, V:    46 G-U    55 V:      stacked
    47_53, V:    47 U-A    53 V: W/W cis         n/a
    47_54, V:    47 U-C    54 V: W/W cis         XVIII
    48_52, V:    48 C-G    52 V: +/+ cis         XIX
    48_53, V:    48 C-A    53 V:      stacked
    58_74, V:    58 G-C    74 V: +/+ cis         XIX
    59_73, V:    59 A-U    73 V: -/- cis         XX
    60_72, V:    60 A-U    72 V: -/- cis         XX
    60_73, V:    60 A-U    73 V:      stacked
    61_71, V:    61 G-C    71 V: +/+ cis         XIX
    62_70, V:    62 G-C    70 V: +/+ cis         XIX
    63_67, V:    63 U-A    67 V: W/H tran        XXIV
    68_69, V:    68 A-U    69 V:      stacked
    33_39, V:    33 C-A    39 V: S/. tran        !1H(b_b)
     8_22, V:     8 U-A    22 V: S/W tran        !(b_s)
    20_55, V:    20 C-U    55 V: S/H tran        !(b_s)
     9_46, V:     9 U-G    46 V: S/. cis         !(s_s)
    34_37, V:    34 U-A    37 V: S/H tran        !(s_s)
    45_47, V:    45 C-U    47 V: S/H cis         !(s_s)
    45_48, V:    45 C-C    48 V: ?/W cis         !(s_s)
    64_66, V:    64 U-G    66 V: S/H tran        !(s_s)
    69_70, V:    69 U-C    70 V: S/H cis         !(s_s)
END_base-pair

Summary of triplets and higher multiplets
BEGIN_multiplets
8_14_22_| [1 3]  V: 8 U  +  V: 14 A  +  V: 22 A
15_21_57_| [2 3]  V: 15 G  +  V: 21 A  +  V: 57 C
END_multiplets

  The total base pairs =  32 (from   83 bases)
------------------------------------------------
 Standard  WW--cis  WW-tran  HH--cis  HH-tran  SS--cis  SS-tran
       22        3        1        0        0        0        0
  WH--cis  WH-tran  WS--cis  WS-tran  HS--cis  HS-tran
        0        2        2        1        0        1
------------------------------------------------
