The backbone torsional angle for nucleic acid 

 
Note: alpha:   O3'(i-1)-P-O5'-C5'
      beta:    P-O5'-C5'-C4'
      gamma:   O5'-C5'-C4'-C3'
      delta:   C5'-C4'-C3'-O3'
      epsilon: C4'-C3'-O3'-P(i+1)
      zeta:    C3'-O3'-P(i+1)-O5'(i+1)

      chi for pyrimidines(Y): O4'-C1'-N1-C2
          chi for purines(R): O4'-C1'-N9-C4

    (The number -9999.99 means that the angle can not be calculated) 

Ch Res  Num    alpha    beta     gamma    delta  epsilon    zeta     chi
V   G    1  -9999.99   157.58    58.58    83.53  -148.13   -69.11  -168.59
V   G    2    -71.53   179.22    63.48    79.88  -138.47  -100.90  -163.34
V   U    3    -53.68   151.30    64.16    80.81  -147.31   -76.79  -161.84
V   G    4    -76.60  -179.05    51.08    80.95  -155.98   -80.26  -158.40
V   G    5    137.53  -143.59  -162.06    81.39  -139.06   -81.18   177.28
V   G    6    -83.70   169.98    71.88    85.45  -156.14   -76.32  -175.15
V   G    7    -67.48   177.62    77.04   147.18  -103.21   -35.80  -140.55
V   U    8    -89.67  -152.49    62.13    81.13  -141.14  -114.42  -152.68
V   U    9    -84.72  -135.85    51.93   143.11   -97.94   -90.37   -91.88
V   C   10   -169.89   160.77    51.81    84.36  -136.21   -81.55  -176.56
V   C   11    -74.51   175.74    59.84    84.92  -169.95   -88.52  -161.98
V   C   12   -175.95  -136.86   136.79    81.56  -146.00   -65.55  -168.25
V   G   13    160.41  -161.73   169.15    82.93  -129.11  -113.82  -177.03
V   A   14     74.04  -138.16  -116.27    85.48  -150.20   -71.86  -172.48
V   G   15    161.74  -133.75   151.82    81.60  -125.40  -124.92  -178.57
V   C   16   -175.00    98.31   140.32    81.34  -131.09    36.96  -152.00
V   G   17    151.00   128.05   -25.54   148.96  -118.72   155.46   -93.46
V   G   18     25.75   115.96     2.46   149.42   -90.83  -167.10   -77.93
V   C   19    -65.28   166.45    57.97    81.37  -173.73   112.00  -158.63
V   C   20     69.08   165.03    32.51    81.98  -103.40   -35.71  -155.77
V   A   21    133.11   130.84    35.32    80.88  -107.12   -58.04  -175.76
V   A   22    110.80  -129.37   -86.26    85.61  -106.69  -150.69   163.20
V   A   23     35.42  -174.11   -59.78    86.56  -120.04     0.35  -155.43
V   G   24   -125.84    88.66   170.56    83.19  -128.73   -89.83   178.81
V   G   25    -46.41   159.42    42.11    80.07  -133.25   -80.59  -174.62
V   G   26    -59.86   158.39    56.96    78.93  -138.48   -60.36   179.80
V   A   27    -72.72   179.49    64.33    81.80  -140.94   -74.58  -177.71
V   G   28    -63.33   177.99    46.45    83.10  -144.68   -74.83  -163.06
V   C   29    -62.77   165.45    53.71    79.48  -138.95   -80.46  -154.07
V   A   30    -58.77   161.16    53.72    78.52  -150.25   -76.39  -171.12
V   G   31    -64.13   164.73    66.52    80.96  -141.55   -67.03  -172.68
V   A   32    -69.63   169.11    57.57    83.22  -133.85   -72.96  -169.35
V   C   33    -58.51   162.76    50.62    80.65  -128.85   -88.73  -156.64
V   U   34    -53.20   158.90    46.29    77.79  -135.16   -71.25  -155.51
V   C   35    171.02   168.25    42.26    85.16  -142.77   -67.27  -172.96
V   U   36    -72.61   177.21    53.07    80.12  -140.46   -70.44  -159.98
V   A   37    -68.03   165.60    58.32    80.10  -150.89   -79.80  -167.99
V   A   38    -59.19   166.78    58.29    79.98  -128.92   -74.25   177.19
V   A   39    -60.27   164.74    56.13    82.65  -140.01   -69.50  -178.38
V   U   40    -67.19   176.37    55.28    82.08  -144.37   -70.24  -168.25
V   C   41    -67.52   170.09    59.72    80.74  -150.21   -73.48  -164.82
V   U   42    -68.94   174.41    57.60    80.36  -135.26   -86.32  -160.72
V   G   43    -80.84   160.33    71.33    83.63  -153.00   -73.04  -163.86
V   C   44    -68.06   174.66    56.62    82.48  -133.34   -37.98  -147.98
V   C   45    -87.24   148.86   107.99    82.72   176.50   151.26  -155.44
V   G   46     71.25  -145.15    90.89    84.21  -152.05   -75.96  -160.77
V   U   47    -63.62   170.54    55.53    80.30  -123.02   -98.35  -158.52
V   C   48    -54.20   151.29    54.66    77.44  -138.66     4.79  -162.04
V   A   49   -134.72   174.56   127.59    83.64  -124.45  -136.81  -155.20
V   U   50    -40.31  -111.18   176.94    82.56  -136.04   -70.36  -156.68
V   C   51    179.03  -178.49   151.32    83.84  -143.97   -29.16  -159.49
V   G   52    -99.27   168.23    81.21    83.99  -149.13   -73.48  -154.40
V   A   53    -72.79   165.70    66.34    82.48  -148.48   -77.79  -163.85
V   C   54    -81.05   167.45    71.05    82.68  -148.86   -72.20  -159.49
V   U   55    -79.49  -175.90    62.50    83.29  -151.88   -76.46  -158.48
V   U   56    -64.04   171.92    53.50    81.36  -105.91  -113.05  -149.82
V   C   57     79.04  -128.29   -99.14   148.92  -152.28   108.34  -161.26
V   G   58     47.50   179.46    51.56    83.30  -147.63   -70.87  -178.00
V   A   59    -79.05  -176.29    54.44    81.20  -152.25   -77.89  -164.35
V   A   60    -62.97   168.28    56.20    80.39  -147.28   -76.59  -168.02
V   G   61    -66.56   166.32    59.24    79.98  -143.51   -73.15  -171.92
V   G   62    -66.40   165.46    62.44    82.37  -151.09   -75.76  -173.68
V   U   63    -64.89   178.74    55.37    81.70  -129.23   -73.27  -163.81
V   U   64    -58.12   159.19    58.32    81.65  -126.15   -59.03  -158.52
V   C   65   -161.19   150.45    25.69    84.68  -139.39   -75.18  -170.82
V   G   66    -72.55   164.04    62.91    80.49  -155.05  -125.19  -171.99
V   A   67    174.91  -108.25  -173.28   151.24  -145.81   -82.38  -120.26
V   A   68    148.29   134.87    55.26    81.83  -123.05   -64.66  -174.66
V   U   69    -63.23   166.34    69.15   142.47  -109.97   -59.00  -111.59
V   C   70    -90.57  -173.75    28.96    80.76  -151.99   -75.62  -171.22
V   C   71    -66.96  -179.34    53.11    81.35  -148.73   -73.67  -164.78
V   U   72    -66.66   172.64    55.08    80.31  -148.57   -73.68  -161.58
V   U   73    -65.32   166.70    58.46    80.03  -149.13   -77.32  -160.91
V   C   74    -60.49   165.16    59.25    81.15  -122.49   -91.96  -159.93
V   C   75     91.53  -137.28  -131.25    81.19  -124.56   -89.42  -170.33
V   C   76    -56.01   144.45    69.67    82.29  -149.28   -68.90  -170.89
V   C   77    -68.53   173.53    60.99    83.91  -139.33   -89.45  -164.05
V   C   78     94.78  -152.65  -129.75    83.47  -116.45   -93.01  -168.08
V   A   79    -39.88   152.18    35.34    78.92  -124.02  -107.36  -165.59
V   C   80    -32.72   137.50    51.98    81.27  -146.38  -104.71  -155.49
V   C   81    118.74  -137.03  -154.88    80.78  -116.08  -120.49  -164.14
V   A   82     57.36   120.26    60.91    83.71   -99.18   -51.52  -173.09
V   C   83    -70.81   177.28    68.34    81.28 -9999.99 -9999.99  -162.57
