The backbone torsional angle for nucleic acid 

 
Note: alpha:   O3'(i-1)-P-O5'-C5'
      beta:    P-O5'-C5'-C4'
      gamma:   O5'-C5'-C4'-C3'
      delta:   C5'-C4'-C3'-O3'
      epsilon: C4'-C3'-O3'-P(i+1)
      zeta:    C3'-O3'-P(i+1)-O5'(i+1)

      chi for pyrimidines(Y): O4'-C1'-N1-C2
          chi for purines(R): O4'-C1'-N9-C4

    (The number -9999.99 means that the angle can not be calculated) 

Ch Res  Num    alpha    beta     gamma    delta  epsilon    zeta     chi
C   G  501  -9999.99   175.24    50.80    88.25  -145.56   -79.90  -174.33
C   G  502    -76.49  -177.61    54.76    86.20  -146.28   -69.60  -162.59
C   C  503    -68.64   171.90    52.48    81.63  -151.45   -69.28  -159.74
C   C  504    -67.43   170.75    58.14    80.73  -153.81   -80.63  -165.89
C   C  505    -55.52   168.00    50.00    81.54  -152.47   -72.29  -158.36
C   C  506    -60.58   168.94    58.27    85.49  -164.33   -70.93  -165.44
C   A  507    -56.53  -166.95    51.66   113.78    22.56   158.66  -119.40
C   U  508    -39.84   168.16    35.42    82.42  -136.46   -78.14  -150.91
C   C  509   -164.77   121.63   177.78   129.40   -77.35   -63.78  -107.49
C   G  510   -175.04   174.52    56.03    88.24  -143.12   -71.99   179.81
C   U  511    -63.73   179.83    45.32    81.45  -152.97   -72.50  -172.58
C   C  512    -61.03  -175.71    42.63    81.24  -154.40   -61.46  -155.99
C   U  513    153.83  -165.18  -175.18    84.07  -151.23   -76.11  -174.33
C   A  514    -57.55  -173.70    44.45    80.05  -144.29   -59.10  -164.47
C   G  515    -50.95   164.14    61.96   128.74  -136.99   -61.90  -121.04
C   C  516    171.04  -159.60  -178.75   107.96  -127.45   113.03  -142.22
C   G  518     79.47  -153.46   -63.50   103.08    76.99    60.11  -110.67
C   G  519   -125.01  -137.49    53.17   112.64    88.46   121.22   -63.63
C   U  520    -41.70   138.32    29.04    85.38  -127.22   -72.94  -112.21
C   U  520    157.54   172.12    55.70    86.08  -130.28   -71.02  -155.10
C   A  521    102.20   135.04    69.52    78.94  -139.28  -155.73  -164.39
C   G  522    -64.26   143.84    45.53    79.52  -148.32   -80.63  -171.96
C   G  523    -49.16   167.59    51.45    80.05  -151.75   -71.83  -167.30
C   A  524    -65.36   175.51    49.51    80.94  -151.18   -76.61  -167.27
C   C  525    -58.74   175.47    52.27    84.29  -144.69   -61.42  -166.99
C   G  526    -65.10   168.58    48.60    83.28  -147.59   -67.75  -162.64
C   C  527    -64.61   176.49    49.83    79.97  -144.87   -75.13  -156.77
C   G  528    -66.37   177.95    47.74    79.45  -151.36   -77.57  -167.30
C   G  529    -57.80   171.26    52.37    81.93  -157.02   -68.48  -169.02
C   C  530    -71.21   178.74    57.14    84.05  -157.24   -70.41  -162.19
C   C  531    -66.04   174.42    55.99    82.64  -138.14   -73.27  -165.03
C   C  532    -55.63   164.13    50.88    85.48  -117.40   -77.48  -161.86
C   U  533    -62.03   155.39    56.11    86.58  -160.79   -86.15  -145.58
C   C  534    156.66   165.00    50.27    87.41  -146.06  -101.31  -167.35
C   U  535    -61.49   166.00    58.04    83.29  -130.85   -81.98  -172.61
C   C  536    -47.54   157.79    47.09    82.12  -158.51   -76.95  -154.10
C   A  537    133.26  -154.49  -171.08    86.54  -138.38   -64.84  -175.56
C   A  538    -58.17   167.49    49.64    86.48  -141.92   -61.65  -168.19
C   G  539    -66.11   172.88    50.17    82.28  -153.04   -74.99  -163.83
C   G  540    -58.03   175.00    47.47    80.17  -149.87   -69.22  -163.41
C   C  541    -63.26   170.74    52.98    80.89  -152.66   -71.64  -163.64
C   C  542    -67.35   170.68    57.19    80.32  -154.96   -70.63  -163.38
C   G  543    -55.56   172.72    51.81    80.07  -157.94   -78.19  -162.71
C   A  544    -67.58   174.83    52.34    81.18  -137.72   -63.05  -155.89
C   A  545    -63.73   173.51    49.46    78.40  -124.37  -116.35  -151.33
C   A  546    -48.14   171.33    58.24    85.11  -137.28   -71.22  -125.54
C   C  548    -85.15   105.50   173.00   130.94  -145.92    62.50  -125.39
C   G  549     49.99   148.08    43.45    85.06  -147.66   -71.84   177.84
C   G  550    -66.70  -174.83    51.81    82.14  -161.86   -61.43  -167.16
C   G  551    -70.66  -171.74    49.67    80.31  -174.34   -78.64  -160.36
C   G  552    165.15  -152.99   163.81    85.38  -105.37   -43.99   179.72
C   G  553   -107.42    85.54   158.34    88.00  -127.71   -62.11   167.46
C   U  554    -61.37  -175.03    33.77    80.97  -121.32   -76.09  -160.40
C   U  555    -49.88   150.36    56.16    80.72  -139.69   -59.73  -152.42
C   C  556    164.07   153.68    52.57    84.79  -134.68   -65.03  -165.58
C   G  557    -71.78   175.81    51.70    83.91  -126.95  -159.65  -147.31
C   A  558    127.57  -106.25  -160.56   100.36    86.23    88.86  -129.00
C   U  559     77.47   179.17    47.66    88.90  -162.25   -59.27  -165.48
C   U  560    164.46  -171.97   171.66   130.77   -83.86   -59.97  -150.80
C   C  561    -92.32  -166.07    44.20    82.08  -150.58   -80.73  -175.90
C   C  562    -68.27  -178.39    49.94    84.38  -165.28   -65.77  -160.76
C   C  563    -71.61  -168.40    47.42    84.90  -152.90   -78.43  -160.39
C   C  564    -58.26   164.00    55.16    82.64  -147.28   -75.13  -163.85
C   C  565    -60.90   163.54    55.11    83.03  -152.52   -66.15  -162.08
C   U  566    -65.75   176.99    49.48    82.80  -151.86   -68.30  -159.45
C   G  567    -61.00   174.30    48.93    79.99  -147.44   -75.30  -166.26
C   G  568    -56.92   168.86    48.94    78.53  -156.23   -68.80  -168.21
C   G  569    -55.46   173.01    49.38    81.98  -159.56   -71.58  -169.47
C   G  570    -58.69   171.42    53.13    82.37  -152.10   -67.92  -167.71
C   U  571    -60.14   171.07    52.49    84.07  -163.44   -91.49  -154.93
C   C  572    162.09  -151.88   159.78    92.41  -134.00   112.53  -158.45
C   A  573   -121.09  -138.41   -71.34   114.15    70.91    87.14  -123.16
C   C  574    148.09   170.83   -65.88   139.01  -177.17    99.62  -117.28
C   C  575     59.29   108.70  -163.00    83.89  -162.35   -78.59  -143.95
C   A  576    158.21  -145.12   152.37    82.23 -9999.99 -9999.99  -155.19
