The backbone torsional angle for nucleic acid 

 
Note: alpha:   O3'(i-1)-P-O5'-C5'
      beta:    P-O5'-C5'-C4'
      gamma:   O5'-C5'-C4'-C3'
      delta:   C5'-C4'-C3'-O3'
      epsilon: C4'-C3'-O3'-P(i+1)
      zeta:    C3'-O3'-P(i+1)-O5'(i+1)

      chi for pyrimidines(Y): O4'-C1'-N1-C2
          chi for purines(R): O4'-C1'-N9-C4

    (The number -9999.99 means that the angle can not be calculated) 

Ch Res  Num    alpha    beta     gamma    delta  epsilon    zeta     chi
B   G    1  -9999.99   169.21    22.55    80.09  -138.86   -83.12  -172.51
B   G    2    -66.02   169.43    53.27    79.38  -151.29   -68.17  -174.59
B   G    3    -62.83   177.58    53.48    79.30  -151.60   -75.79  -167.78
B   A    4    -74.67   171.75    65.72    82.26  -156.70   -68.36  -160.06
B   G    5    -67.08   179.44    59.40    81.50  -157.93   -59.85  -163.35
B   A    5    -68.61  -165.42    41.85    76.34  -161.23   -52.26  -150.71
B   G    6    -86.76   165.25    94.03    77.58  -164.69   -58.10  -163.02
B   G    7    -85.65  -160.31    69.23   134.13   -96.79   -67.56  -126.94
B   U    8    -52.30  -127.20    54.34   145.52  -158.15  -112.82  -128.33
B   U    9    157.69   170.57    71.37   150.62  -121.37    52.56  -132.31
B   G   10     78.63   127.81    43.87    81.65  -141.15   -64.72   178.22
B   G   11    -54.01  -160.30    45.93   148.95  -116.02   -48.11  -124.03
B   C   11    -96.08  -154.78  -173.15    81.32  -117.89    41.60  -134.00
B   C   12    105.46   118.57   -73.56    85.44  -139.19   -68.40  -166.81
B   G   13    -90.96   178.85    69.54    80.12  -160.52   -58.66  -164.11
B   G   14    -88.43  -176.40    69.62    75.32  -153.47   -75.81  -165.04
B   C   15    -37.53   176.26    34.29    80.71  -165.87   -57.88  -154.01
B   U   16    -70.90  -178.38    51.62    77.78  -147.74  -100.49  -153.50
B   G   18    149.29  -161.35   -39.28   141.12   -92.67  -158.21  -106.90
B   G   19   -100.77   173.07    63.62   141.88   -63.57    93.01   -97.26
B   U   20   -143.31  -140.63    52.84   149.26   -98.87    68.35  -137.59
B   G   20   -143.94    93.43  -172.62    85.26  -171.65   -61.52  -174.71
B   C   21   -125.65  -170.16   102.97    79.27  -143.40   -77.97  -169.74
B   C   22    -52.91  -173.81    33.93    80.60  -154.26   -73.32  -159.98
B   G   23    -53.87   176.41    43.71    80.54  -146.03   -72.53  -154.63
B   C   24    -53.34   172.39    43.30    82.27  -145.50   -77.11  -156.52
B   C   25    -57.18   164.27    53.57    79.83  -149.77   -72.08  -159.00
B   C   26    -58.43   179.28    42.46    78.64  -150.71   -72.41  -165.01
B   C   27    -51.62   172.84    46.97    79.53  -141.06   -77.08  -152.14
B   G   28    -53.03   163.65    48.47    76.17  -147.05   -68.87  -159.91
B   G   29    -63.73   168.23    57.99    75.75  -157.29   -62.26  -166.33
B   G   30    -83.25   178.56    69.86    76.06  -160.39   -68.72  -168.52
B   A   31    -61.63  -169.29    43.52    80.32  -156.10   -61.46  -151.15
B   C   32    -70.24   176.28    59.09    79.98  -138.58   -47.58  -159.99
B   U   33    -64.99  -159.35    56.91   146.46  -150.45  -104.43   -77.07
B   U   34    123.63   168.84    40.58    80.66  -144.75   -58.43  -164.57
B   C   35    -76.26  -175.24    51.50    82.28  -151.45   -63.43  -158.15
B   A   36    -70.26   171.94    54.91    81.26  -126.78   -85.59  -168.34
B   A   37    -57.96   150.61    57.03    80.87  -144.30   -74.74  -171.52
B   A   38    -48.26   158.61    52.16    82.13  -125.43   -73.69   177.24
B   U   39    -61.40   168.12    55.82    80.25  -133.97   -90.54  -163.45
B   C   40    -48.58   155.84    48.52    80.01  -144.08   -87.94  -166.05
B   C   41    -38.46   165.55    41.42    79.37  -159.78   -60.04  -160.65
B   C   42    -74.17  -170.16    52.78    77.60  -141.73  -101.59  -154.08
B   G   43      9.85   146.94    14.93   134.38  -135.50   138.04  -118.71
B   U   43    116.59  -130.17    73.21    82.92   -82.76  -133.73  -174.54
B   G   44     39.36   176.51    13.83   147.17   -99.37  -103.16  -122.09
B   G   45    -65.24   178.71    44.42    80.95  -140.08   -79.33  -174.51
B   G   46    -45.53   164.31    50.73    79.74  -147.60   -67.54  -173.26
B   A   47    -61.23  -175.44    39.51    81.73  -157.32   -70.85  -157.90
B   G   47    -53.43  -179.83    37.90    82.41  -176.49   -77.31  -151.63
B   G   47    142.83  -167.48  -170.28    79.89  -162.61   -46.17     9.51
B   U   47   -121.39  -153.19    85.31    79.01  -136.48   -85.44  -171.91
B   C   47    -53.87   156.94    51.89    74.32  -147.74   -78.25  -164.89
B   C   47    -61.28   170.86    56.94    79.47  -147.44   -69.15  -171.74
B   C   47    -68.00   174.89    57.93    76.95  -133.90   -81.32  -165.86
B   G   47    -53.68   162.44    48.25    75.36  -122.79   -81.41  -163.28
B   C   47    137.14   169.02    72.88    84.43  -135.41   -59.84  -148.28
B   A   47    -72.08   160.65    71.37    86.24  -131.46   -89.45  -149.81
B   A   47    -67.98   155.01    61.95    82.66  -120.88   -27.89  -135.98
B   G   47    -98.23   146.64   120.63    80.72  -148.86   -74.22  -173.23
B   G   47    -68.14   174.75    56.50    76.95  -148.17   -72.10  -176.38
B   G   47    -67.20   177.89    56.96    75.81  -165.68   -64.14  -163.86
B   A   47    -71.39  -174.53    56.05    81.55  -134.41   -81.85  -164.74
B   G   47    -53.41   154.53    58.05    81.08  -147.65   -91.51  -165.82
B   C   47    -36.25   160.10    40.96    80.99  -152.56   -78.31  -159.86
B   U   47    -75.81   168.63    65.10    78.74  -141.32   -79.79  -160.26
B   C   47    -53.97   167.10    49.44    78.72  -149.33   -65.37  -170.40
B   C   47    -81.37   177.73    77.91    79.93  -132.04   -61.56  -169.86
B   G   48    -62.24  -122.24    54.22   153.20  -140.76    79.77  -130.68
B   G   49     46.52   159.94    49.10    83.36  -127.27   -76.11   174.27
B   A   50    -69.38  -175.22    44.97    84.26  -155.94   -63.26  -166.44
B   G   51    -92.23   174.34    75.66    78.51  -156.09   -64.20  -169.77
B   G   52    -95.12   179.20    74.99    75.32  -160.65   -72.36  -174.92
B   G   53    -53.12   179.05    54.81    79.35  -144.66   -71.00  -168.49
B   U   54    -58.89   176.62    50.21    80.17  -131.99   -69.30  -158.46
B   U   55    -59.09   167.98    51.50    78.29  -135.91   -77.91  -151.89
B   C   56    163.67   179.49    51.39    85.19  -140.22   -65.96  -162.90
B   G   57    -72.92   170.89    60.97    78.16  -116.29   -94.58  -170.60
B   A   58    -22.48  -161.92    43.11   149.06  -117.08   167.32   -86.04
B   U   59    114.70  -139.94    57.76    81.55  -159.45   -52.68  -159.97
B   U   60    -73.15  -166.94    59.13   144.93  -101.65   -75.43  -111.07
B   C   61    -81.55   179.87    34.23    83.75  -143.82   -88.73  -166.48
B   C   62    -39.94   167.13    33.78    82.20  -148.22   -77.21  -160.50
B   C   63    -54.51   177.49    45.80    79.55  -158.72   -63.41  -155.05
B   U   64    -79.88  -167.76    52.52    81.39  -148.63   -76.98  -153.16
B   C   65    -69.62   163.18    64.93    80.48  -150.97   -69.61  -164.67
B   C   66    -51.33   178.09    45.53    79.97  -141.19   -72.51  -159.46
B   C   67    -58.79   167.57    47.36    80.02  -155.89   -89.60  -167.32
B   U   67    -51.84   165.69    53.10    83.19  -144.98   -69.93  -161.74
B   C   68    -63.79   170.47    52.57    78.02  -143.15   -77.19  -157.38
B   U   69   -101.47   172.90    86.30    80.24  -157.71   -64.43  -153.19
B   C   70    -67.83  -174.75    53.07    78.68  -152.10   -77.71  -144.53
B   C   71    -52.77   168.97    48.88    80.43  -143.56   -71.64  -144.18
B   C   72    -56.45   169.64    49.51    81.06  -138.89   -78.45  -148.09
B   G   73    -61.00   163.56    52.25    79.04  -150.55   -71.97  -162.86
B   C   74    -60.10   170.52    54.66    78.44  -149.84   -46.34  -162.13
B   C   75    -86.25  -138.75    80.00    83.11 -9999.99 -9999.99  -166.65
