The backbone torsional angle for nucleic acid 

 
Note: alpha:   O3'(i-1)-P-O5'-C5'
      beta:    P-O5'-C5'-C4'
      gamma:   O5'-C5'-C4'-C3'
      delta:   C5'-C4'-C3'-O3'
      epsilon: C4'-C3'-O3'-P(i+1)
      zeta:    C3'-O3'-P(i+1)-O5'(i+1)

      chi for pyrimidines(Y): O4'-C1'-N1-C2
          chi for purines(R): O4'-C1'-N9-C4

    (The number -9999.99 means that the angle can not be calculated) 

Ch Res  Num    alpha    beta     gamma    delta  epsilon    zeta     chi
A   G    1  -9999.99  -134.68    85.92    93.32  -161.26   -70.51  -175.04
A   C    2    -79.37  -177.47    57.08    88.23  -127.16   -85.34  -162.92
A   G    3    -75.44   161.16    57.85    72.38  -168.85   -72.88  -157.52
A   G    4    -64.29   169.81    58.48    84.80  -149.40   -74.88  -169.80
A   A    5    -77.85   177.26    62.34    87.35  -165.41   -66.79  -161.45
A   U    6    -76.55   178.78    60.35    79.72  -165.50   -72.55  -152.61
A   U    7    -67.95  -178.76    69.02   143.15   -86.93   -71.54  -124.30
A   U    8    -77.72  -165.94    67.17    73.52  -135.54  -131.50  -173.71
A   A    9    -68.30  -153.02    58.88   143.73   -94.00   -92.79   -74.39
A 2MG   10   -179.06   160.50    57.66    86.01  -140.25   -84.00   178.11
A   C   11    -68.78   175.38    58.44    91.44  -162.50   -66.41  -165.53
A   U   12    -99.06  -174.12    64.57    89.17  -152.26   -61.01  -151.18
A   C   13    -94.58   157.81    99.22    75.92  -175.04   -71.67  -169.86
A   A   14    -74.16   179.51    63.77    70.96  -144.51   -64.79  -173.29
A   G   15    -72.59   161.52    63.64    79.61  -159.58  -172.55  -164.12
A H2U   16     56.39   143.19    47.10   156.65   -74.44   150.73   -85.86
A H2U   17     41.25  -159.64    53.30   141.60   -88.05   -91.87   -92.72
A   G   18   -114.98   133.39   -58.26   178.66  -112.69  -171.01   -73.30
A   G   19    -87.63   174.72    75.22   146.41   -82.22   -75.60   -95.14
A   G   20    -89.25  -154.44    61.96    90.36  -138.83   -63.66   174.20
A   A   21     96.87  -147.52   -39.83   163.21  -154.06  -144.75   -95.37
A   G   22    -99.28   144.25    81.58    68.99  -167.18   -83.45  -177.96
A   A   23    -78.90  -177.63    61.27    80.17  -152.66   -79.19  -157.18
A   G   24    -65.52   167.80    48.98    87.36  -151.45   -68.52  -156.25
A   C   25    -82.55   168.13    66.97    88.73  -157.65   -60.61  -159.83
A M2G   26    -77.38   167.98    71.62    82.04  -143.85   -70.19  -167.25
A   C   27    -81.70   173.55    60.01    78.54  -150.59   -70.70  -165.72
A   C   28    -76.77  -174.28    59.08    82.29  -151.91   -77.68  -152.51
A   A   29    -80.41   164.10    65.80    85.42  -173.95   -68.56  -173.97
A   G   30    -80.36  -175.79    73.17    87.36  -141.53   -64.63  -166.67
A   A   31    -71.81   166.73    67.47    77.87  -148.93   -61.46  -168.49
A OMC   32    -76.55   169.30    62.48    81.70  -154.77   -69.99  -155.67
A   U   33    -76.27   176.06    48.68    81.61  -156.56   -62.62  -157.37
A OMG   34    155.02   151.21    62.25    93.48  -118.57   -77.53   170.96
A   A   35    -70.88   153.14    58.59    75.63  -131.61   -86.95  -154.95
A   A   36    -72.96   128.04    77.93    84.88  -148.48   -60.59  -168.57
A  YG   37    153.34   155.90  -174.07    94.76  -116.07   -78.39  -171.06
A   A   38    -63.66   152.80    62.19    88.91  -157.10   -61.96  -171.99
A PSU   39    -74.67  -178.60    51.01    91.97  -155.15   -67.95 -9999.99
A 5MC   40    -94.05   176.34    68.45    85.44  -161.95   -61.95  -158.70
A   U   41    -75.99  -179.91    61.36    77.50  -147.95   -71.57  -167.85
A   G   42    -69.76   172.41    50.46    75.75  -164.49   -78.84  -161.89
A   G   43    -74.45   174.06    70.37    83.09  -161.17   -76.10  -164.16
A   A   44    -70.57   165.51    65.42    88.26  -141.70   -55.40  -160.98
A   G   45    -78.87   175.04    66.07    84.34  -118.56  -125.43  -149.22
A 7MG   46     58.56   163.57   -42.19   165.72   -78.75  -143.85   -57.94
A   U   47    -49.35   154.27   151.77    94.84   174.06    86.06   164.87
A   C   48    -28.34   161.80    68.28   141.41  -148.63   100.02  -138.49
A 5MC   49    -27.75  -147.37    83.43    80.04  -153.91   -72.62  -167.82
A   U   50    -68.84   179.87    54.22    86.93  -158.98   -72.41  -175.04
A   G   51    -79.43   179.78    60.56    85.64  -156.73   -75.78  -164.31
A   U   52    -76.74   167.42    72.26    83.47  -158.56   -66.23  -165.86
A   G   53    -85.84   169.93    80.12    80.25  -157.36   -69.67   178.90
A 5MU   54    -77.33  -165.51    53.07    88.52  -146.48   -64.75  -147.63
A PSU   55    -66.89   171.16    52.42    80.31  -142.43   -88.55 -9999.99
A   C   56    165.76  -172.74    50.92    91.74  -150.17   -56.37  -157.52
A   G   57   -115.15   166.88    96.29    89.80  -118.86  -106.61  -172.69
A 1MA   58     55.16   174.75   -34.16   173.33   -62.97   176.53   -70.79
A   U   59     49.49  -164.57    79.83    87.14  -128.85   -66.05   178.32
A   C   60    -68.12   177.48    64.64   149.90   -91.61   -69.11  -115.22
A   C   61    -87.98   173.88    39.00    85.13  -145.90   -80.40  -170.95
A   A   62    -67.65   172.27    52.34    84.28  -149.90   -78.77  -169.30
A   C   63    -71.49   166.07    60.88    83.06  -152.11   -75.37  -164.82
A   A   64    -71.65   177.40    53.98    84.82  -169.75   -59.85  -162.36
A   G   65    -79.21  -179.36    55.79    81.84  -171.26   -76.56  -167.56
A   A   66    -92.07   176.29    79.49    79.90  -151.90   -77.89  -178.70
A   A   67    -73.71  -179.62    62.73    86.71  -162.49   -73.65  -163.20
A   U   68    -81.19   176.57    67.30    79.78  -162.41   -64.95  -160.60
A   U   69    -81.30  -178.16    61.63    82.44  -158.49   -75.80  -157.38
A   C   70    -72.04   167.58    61.13    78.95  -168.56   -61.97  -160.61
A   G   71    -99.92   177.82    75.04    84.56  -150.43   -71.35  -175.41
A   C   72    -78.19   179.29    68.36    82.19  -164.34   -68.83  -163.34
A   A   73    -70.87   175.66    57.17    84.52  -158.92   -57.08  -164.52
A   C   74    -82.75  -164.62    57.32    77.57  -151.37   -83.88  -157.83
A   C   75    -65.18   158.42    64.71    94.54  -163.89  -164.10   177.32
A   A   76     86.27   164.64    95.64   148.44 -9999.99 -9999.99  -137.55
