The backbone torsional angle for nucleic acid 

 
Note: alpha:   O3'(i-1)-P-O5'-C5'
      beta:    P-O5'-C5'-C4'
      gamma:   O5'-C5'-C4'-C3'
      delta:   C5'-C4'-C3'-O3'
      epsilon: C4'-C3'-O3'-P(i+1)
      zeta:    C3'-O3'-P(i+1)-O5'(i+1)

      chi for pyrimidines(Y): O4'-C1'-N1-C2
          chi for purines(R): O4'-C1'-N9-C4

    (The number -9999.99 means that the angle can not be calculated) 

Ch Res  Num    alpha    beta     gamma    delta  epsilon    zeta     chi
T   U    1  -9999.99  -120.14    55.16    81.80  -150.73   -72.92  -173.46
T   U    2    -61.44   177.91    51.34    81.47  -145.65   -76.53  -169.60
T   C    3    -57.36   169.57    48.16    79.83  -146.76   -74.37  -166.49
T   C    4    -60.11   165.03    57.68    79.18  -151.86   -70.49  -169.35
T   U    5    -63.77   174.38    54.21    80.06  -150.88   -74.11  -164.54
T   C    6    -63.06   168.03    56.30    81.13  -155.84   -77.36  -160.98
T   G    7    -58.05   173.25    68.08   148.78   -87.85   -51.03  -136.19
T   U    8    -70.31  -167.74    65.18    82.44  -118.27  -161.87  -152.20
T   G    9     45.58   154.67   -34.89   149.57  -107.86  -114.19   -64.57
T   G   10    164.81  -135.60    58.71    83.30  -147.70   -73.44  -172.96
T   C   11    -65.77   178.89    49.59    80.35  -151.30   -72.38  -163.97
T   C   12    -64.54   169.95    58.20    80.10  -142.70   -59.23  -168.22
T   C   13    -74.07   176.79    61.36    80.15  -167.70   -87.82  -161.84
T   A   14    -63.72   165.90    63.73    78.72  -144.29   -62.41  -171.70
T   A   15    -65.51   172.06    61.04    80.82  -122.85  -108.56  -161.76
T   U   16    164.72  -100.89  -158.13    81.04  -106.10  -171.80  -152.09
T   G   17     66.42  -135.06   -50.06   149.29  -146.71  -108.09  -108.46
T   G   18    -91.55  -147.15    54.73   148.04    -3.07   -56.66   -68.73
T   U   19    -61.45  -117.53  -117.08   149.96   -92.71  -116.58  -122.04
T   C   20     50.65  -133.88    41.12   144.13  -142.63   134.79  -127.68
T   A   21   -106.95   134.21    58.28    81.79  -153.28  -161.39  -173.65
T   C   22      8.09   134.55    23.17    80.59  -158.35   -74.41  -160.50
T   G   23    161.61  -155.55   161.75    82.21  -126.65   -93.29   177.34
T   G   24    -58.86   158.82    51.69    80.73  -145.20   -77.34  -170.17
T   C   25    -63.14   167.27    54.67    79.55  -141.70   -58.27  -166.04
T   G   26    -69.02  -178.20    54.51    78.81  -137.19   -72.11   172.95
T   U   27    -67.47   178.97    53.36    81.92  -154.27   -68.57  -170.34
T   C   28    -73.05  -174.43    52.09    82.19  -151.43   -72.22  -164.87
T   U   29    -61.85   168.05    57.44    80.47  -147.07   -76.98  -167.30
T   G   30    -61.44   169.09    52.07    81.11  -152.83   -71.65  -172.48
T   G   31    -63.35   174.75    55.49    81.03  -139.60   -69.45  -174.51
T   C   32    -64.11  -179.32    47.07    82.51  -139.50   -64.26  -170.48
T   U   33    -67.89  -179.63    55.14    80.54  -132.86   -72.53  -156.33
T   A   34    175.03   168.69    43.06    85.37  -128.45   -83.28  -173.42
T   C   35    -61.36   160.89    52.95    79.83  -145.33   -57.88  -165.57
T   G   36   -106.58   148.12   105.58    82.03  -128.57   -83.50   172.90
T   A   37    -64.92   164.47    57.71    83.45  -132.39   -72.82  -176.83
T   A   38    -66.00   158.58    59.22    82.94  -143.38   -58.77  -173.69
T   C   39    -68.42  -178.87    53.38    80.34  -145.28   -82.01  -160.52
T   C   40    -48.35   160.36    50.95    80.54  -162.12   -88.14  -158.30
T   A   41    171.84  -144.60   149.51    82.58   -88.91  -127.81   178.74
T   G   42     80.95   -99.35  -155.87    83.57  -136.64  -102.58   171.56
T   A   43    167.49  -132.79   149.89    81.48  -116.67  -107.16  -177.82
T   A   44    -34.58   134.86    44.84    80.34  -139.45   -76.97  -163.65
T   G   45    -49.11   161.57    49.46    80.71   -95.90  -111.49  -156.78
T   A   46     55.97   167.61   -63.05   145.73   -86.25  -177.04   -63.45
T   U   47     23.57   103.51    94.62   145.21   -80.75    -5.62  -115.72
T   U   48   -109.03   178.88   159.72   146.45  -155.03   110.93  -162.98
T   C   49     54.69   172.41    51.41    82.12  -138.64   -78.19  -171.50
T   C   50    -66.82   177.08    49.81    82.42  -153.29   -73.56  -162.57
T   A   51    -64.75  -179.54    45.18    81.14  -170.81   -83.68  -161.99
T   G   52    171.04  -145.85   154.61    81.46  -123.74   -86.17   176.42
T   G   53    -49.86   161.81    50.69    80.41  -155.10   -75.50  -169.13
T   U   54    -66.01  -175.19    46.03    84.06  -125.56   -84.52  -154.96
T   U   55    -46.12   154.11    50.42    80.16  -123.10   -63.68  -147.96
T   C   56   -171.82   149.58    41.13    82.71  -136.59   -66.63  -166.66
T   A   57    -63.67   174.97    51.12    79.39  -141.42   -74.38  -168.76
T   A   58    -54.99  -144.14    65.82   146.94   -95.75  -166.68   -77.81
T   G   59     54.63  -143.92    89.93    85.06  -145.41   -60.95  -177.23
T   U   60    -70.95  -179.37    66.27   145.58  -105.02   -59.46  -123.79
T   C   61    -95.70  -175.92    39.97    81.28  -146.48   -75.08  -171.94
T   C   62    -67.41   177.22    56.83    80.82  -140.92   -78.26  -163.18
T   U   63    -69.59   176.23    53.97    79.41  -152.48   -79.12  -157.92
T   G   64    -59.80   163.33    58.55    81.01  -143.67   -72.67  -167.22
T   G   65    -66.20   178.81    50.13    81.25  -151.27   -72.79  -162.11
T   C   66    -61.32   170.37    55.34    80.14  -141.40   -77.87  -158.73
T   G   67    -61.11   162.34    51.14    78.92  -150.46   -74.80  -162.85
T   G   68    -61.78   173.77    51.79    78.90  -151.50   -76.38  -174.63
T   G   69    -67.32   174.47    55.11    82.26  -148.96   -78.32  -171.19
T   G   70    -63.06   166.92    58.06    81.29  -147.54   -77.67  -172.48
T   A   71    -66.34   168.27    57.27    82.51  -153.84   -64.30  -170.44
T   A   72    -68.97  -172.62    46.19    80.73  -177.39   -89.30  -153.13
T   G   73    169.37  -135.66   149.30    80.21   -96.33   118.45  -175.52
T   C   74    130.59   -89.58  -149.05    84.80  -119.21   -61.04  -176.52
T   C   75    -46.50   156.84    45.83    81.86  -125.94  -110.75    37.56
T   A   76    -52.47   128.28    62.31    81.07 -9999.99 -9999.99  -149.22
