PDB data file name: ./Datasets/pdb_select_tRNA/7zrs_6.pdb_new
-----------------------------------------------------------
CRITERIA USED TO GENERATE BASE-PAIR: 
  3.40 --> upper H-bond length limits (ON..ON).
 26.00 --> max. distance between paired base origins.
  2.50 --> max. vertical distance between paired base origins.
 65.00 --> max. angle between paired bases [0-90].
  5.40 --> min. distance between RN9/YN1 atoms.
  8.00 --> max. distance criterion for helix break[0-12]
-----------------------------------------------------------
BASE-PAIR INSTRUCTIONS: 
Column 1 is rnaview assigned base numbers n1_n2, start from 1.
Column 2 & 3 are chain ID & residue number in input PDB file.
Column 4 is for base pair. The left & right are the bases as 
         identified by column 2 & 3 and 5 & 6.
Column 5 & 6 are residue number & chain ID in input PDB file.
Column 7 is for base pair annotation. The standard Watson-Crick
         (W.C.) pairs are annotated as -/- (AU,AT) or +/+ (GC).
         Other pairs are annotated as Leontis_Westhof Classification.
         The three edges: W(Watson-Crick); H(Hoogsteen); S(suger).
         e.g. W/H means the pair is edge of Watson-Crick & Hoogsteen.
Column 8 is glycosidic bond orientation (either cis or trans).
         e.g. 'W/H cis' means the pair is interaction on Watson-Crick
         and Hoogsteen side, glycosidic bond orientation is 'cis'.
Column 9 corresponds to Saenger Classification.

Other columns: 
        Syn sugar-base conformations are annotated as (syn).
        Stacked base pairs are annotated as (stack).
        Non-identified edges are annotated as (.) or (?)
        Tertiary interactions are marked by (!) in the line.
Reference:
Yang et al (2003) Nucleic Acids Research, Vol31,No13,p3450-3461.
-----------------------------------------------------------
BEGIN_base-pair
     5_67, 6:     5 A-U    67 6: -/- cis         XX
     7_65, 6:     7 A-U    65 6: -/- cis         XX
    29_41, 6:    29 A-U    41 6: -/- cis         XX
     2_70, 6:     2 C-G    70 6: +/+ cis         XIX
     3_69, 6:     3 C-G    69 6: +/+ cis         XIX
    28_42, 6:    28 C-G    42 6: +/+ cis         XIX
    30_40, 6:    30 C-G    40 6: +/+ cis         XIX
    48_64, 6:    48 C-G    64 6: +/+ cis         XIX
     4_68, 6:     4 G-C    68 6: +/+ cis         XIX
    10_25, 6:    10 G-C    25 6: +/+ cis         XIX
    12_23, 6:    12 G-C    23 6: +/+ cis         XIX
    18_55, 6:    18 G-C    55 6: +/+ cis    syn    XIX
    31_39, 6:    31 G-C    39 6: +/+ cis         XIX
    49_63, 6:    49 G-C    63 6: +/+ cis         XIX
    50_62, 6:    50 G-C    62 6: +/+ cis         XIX
    51_61, 6:    51 G-C    61 6: +/+ cis         XIX
    52_60, 6:    52 G-C    60 6: +/+ cis         XIX
     1_71, 6:     1 U-A    71 6: -/- cis         XX
     6_66, 6:     6 U-A    66 6: -/- cis         XX
    26_45, 6:    26 A-G    45 6: W/W cis         VIII
    11_24, 6:    11 C-A    24 6: W/W cis         n/a
    11_25, 6:    11 C-C    25 6: W/W cis         n/a
    27_44, 6:    27 U-A    44 6: W/W cis         n/a
    27_43, 6:    27 U-G    43 6: W/W cis         XXVIII
     8_14, 6:     8 U-A    14 6: W/H tran        XXIV
    53_57, 6:    53 U-A    57 6: W/H tran        XXIV
    15_21, 6:    15 A-A    21 6: W/S cis         n/a
    17_54, 6:    17 G-U    54 6: W/S tran   syn    n/a
    10_45, 6:    10 G-G    45 6: H/W cis         VI
     9_23, 6:     9 A-C    23 6: H/H tran   syn    n/a
     8_21, 6:     8 U-A    21 6: S/W tran        n/a
END_base-pair

Summary of triplets and higher multiplets
BEGIN_multiplets
9_12_23_| [1 3]  6: 9 A  +  6: 12 G  +  6: 23 C
10_25_45_| [2 3]  6: 10 G  +  6: 25 C  +  6: 45 G
END_multiplets

  The total base pairs =  31 (from   75 bases)
------------------------------------------------
 Standard  WW--cis  WW-tran  HH--cis  HH-tran  SS--cis  SS-tran
       19        5        0        0        1        0        0
  WH--cis  WH-tran  WS--cis  WS-tran  HS--cis  HS-tran
        1        2        1        2        0        0
------------------------------------------------
