The backbone torsional angle for nucleic acid 

 
Note: alpha:   O3'(i-1)-P-O5'-C5'
      beta:    P-O5'-C5'-C4'
      gamma:   O5'-C5'-C4'-C3'
      delta:   C5'-C4'-C3'-O3'
      epsilon: C4'-C3'-O3'-P(i+1)
      zeta:    C3'-O3'-P(i+1)-O5'(i+1)

      chi for pyrimidines(Y): O4'-C1'-N1-C2
          chi for purines(R): O4'-C1'-N9-C4

    (The number -9999.99 means that the angle can not be calculated) 

Ch Res  Num    alpha    beta     gamma    delta  epsilon    zeta     chi
F   C    2  -9999.99   145.51    48.02    86.96   -82.57  -160.66  -169.54
F   U    3    -72.03   134.34    49.51    84.28  -165.46   -74.76  -175.51
F   C    4    168.10  -166.06   166.98    85.76  -143.51   -98.44   178.71
F   G    5    154.98  -128.55   165.60    84.94  -110.50   -81.74   167.51
F   U    6    -61.30   153.21    54.48    84.55  -145.89  -148.12  -154.65
F   A    7    113.38   -85.67  -178.07    89.56  -157.54    78.75  -173.90
F   U    8   -136.35  -149.19    45.58    79.87  -151.02  -172.47  -146.32
F   G    9    156.59  -125.08   179.54    87.63   -76.13  -125.30  -144.95
F   G   10   -166.56  -117.36    67.61    88.34  -139.77   -83.30  -178.68
F   C   11    -66.94   165.82    56.06    82.73  -146.04   -70.14  -163.36
F   G   12    -61.02   177.55    44.95    82.34  -165.16   -75.47  -156.39
F   C   13    157.73  -163.29   169.50    82.34  -158.45   -56.48  -167.55
F   A   14   -151.39   143.50   160.10    81.86  -117.52   -65.84   179.11
F   G   15    -49.77   152.99    61.03    86.86  -135.07  -123.90  -162.56
F   U   16   -108.28   175.23    60.93    86.01  -142.04   -75.06  -143.28
F   G   18    -50.19   137.43  -176.82   102.10    64.10    67.27  -132.03
F   G   19   -145.43  -159.78    66.59    86.72   161.24  -103.30  -110.06
F   U   20    -84.69   107.36   179.83    83.60  -114.20   130.45  -152.21
F   A   21    169.12  -119.96   161.47    85.11  -151.24   -54.10  -150.20
F   G   22   -141.79   103.12   158.98    83.33  -127.69   -85.41  -179.49
F   C   23    -66.05   169.47    45.49    77.91  -152.98   -75.80  -147.70
F   G   24    -48.11   175.16    41.14    81.01  -149.97   -94.40  -159.85
F   C   25    140.40  -134.35   178.37    83.90   -90.61  -117.94   174.62
F   A   26     98.31  -110.57  -164.08    84.44  -114.53   -68.79   171.13
F   G   27    -44.97   163.13    40.85    85.46  -138.89   -79.95  -171.56
F   C   28    -52.55   167.94    35.31    79.51  -155.21   -74.70  -158.36
F   A   29    -58.59   175.17    53.01    84.20  -154.82   -80.62  -171.45
F   G   30    -68.71   173.32    54.20    78.23  -157.71   -60.94  -170.88
F   A   31    -65.22  -173.84    59.81    86.31  -152.02   -68.85  -168.00
F   U   32    -47.62  -176.85    43.75   110.65    71.33   132.68  -113.33
F   U   33     -3.43   163.74   -48.02   118.58    86.01  -150.47  -117.64
F   G   34    -28.91   155.89   174.59    90.23    67.33    83.83  -136.06
F   C   35   -124.13  -137.85    63.26   133.78   -67.08  -105.42  -149.88
F   A   36    -67.87   161.24    49.80   138.37   -78.41    86.29  -158.63
F   A   37     90.07   160.43    36.20   108.36    69.31   135.74  -119.69
F   A   38     74.44  -104.06   176.10    78.87  -102.68   -83.69   160.26
F   U   39    -51.94   154.20    52.39    82.80  -151.65   -85.52  -170.38
F   C   40    -55.11   168.84    49.91    79.08  -144.47   -73.97  -151.98
F   U   41    -52.92   170.28    48.85    82.52  -149.84   -86.82  -161.47
F   G   42    -63.06   158.61    60.21    83.41  -146.81   -74.79  -174.42
F   U   43    -58.74   162.23    63.34    85.42  -168.07   -99.90  -168.52
F   U   44    -51.06   174.79    55.75    85.15  -136.48   -79.74  -166.45
F   G   45     84.44  -142.62  -111.46    88.11  -122.85   -52.87     9.34
F   G   46    -70.61  -153.60    57.99    86.53   163.53    22.66  -112.78
F   U   47   -164.48   147.69  -177.50    85.99  -108.43   170.24  -179.71
F   C   48    -80.24   147.10    58.52   130.37  -137.88    72.01  -121.15
F   C   49     60.44   136.27    43.82    82.37  -129.63   -86.80  -168.98
F   U   50    -61.01   164.71    49.12    82.81  -151.80   -69.53  -166.53
F   U   51    -57.21   165.15    56.14    84.00  -168.24   -68.47  -168.79
F   A   52    -79.86  -150.21    36.32    81.56  -169.72   -87.29  -159.74
F   G   53    151.44  -128.70   170.81    85.93  -169.54   -53.64  -179.26
F   U   54    -90.29  -149.82    52.44    85.13  -121.63  -122.37  -154.08
F   U   55    130.99  -115.44   164.73    83.41  -113.86   -46.03  -155.17
F   C   56    172.83   133.59    52.95    85.60  -129.04   -74.71  -153.88
F   G   57    -67.23   162.77    55.67    86.85  -113.64  -138.68  -149.41
F   A   58    -41.67   105.24    84.42    84.51   152.86    37.01  -163.87
F   U   59    104.12   118.42    64.93    83.84  -135.07   -61.10  -173.20
F   C   60    -57.99   165.08    60.28    94.28   -96.21   -65.11  -150.25
F   C   61    -89.49  -145.72    52.67    86.00  -160.25   -67.76  -170.70
F   U   62    -78.46  -165.23    51.55    82.95  -157.00   -68.30  -169.71
F   G   63    -63.09  -175.72    45.27    81.74  -172.21   -77.83  -163.16
F   A   64    161.90  -162.30   173.71    84.85  -130.41   -70.30   177.82
F   G   65    -73.24   169.73    57.79    85.24  -159.61   -66.00  -173.85
F   U   66    -71.94  -165.67    49.05    82.95  -153.97   -63.17  -154.16
F   G   67    -70.85  -178.97    49.76    83.82  -151.46   -82.26  -165.84
F   C   68    -66.46   161.51    60.85    84.43  -147.62   -73.60  -165.43
F   G   69    -75.89   169.87    62.87    86.17  -163.84   -60.58  -167.33
F   A   70    -84.80  -165.30    53.59    83.48  -156.67   -85.54  -167.80
F   G   71    -84.89  -149.25    45.54    77.84 -9999.99 -9999.99  -172.57
