The backbone torsional angle for nucleic acid 

 
Note: alpha:   O3'(i-1)-P-O5'-C5'
      beta:    P-O5'-C5'-C4'
      gamma:   O5'-C5'-C4'-C3'
      delta:   C5'-C4'-C3'-O3'
      epsilon: C4'-C3'-O3'-P(i+1)
      zeta:    C3'-O3'-P(i+1)-O5'(i+1)

      chi for pyrimidines(Y): O4'-C1'-N1-C2
          chi for purines(R): O4'-C1'-N9-C4

    (The number -9999.99 means that the angle can not be calculated) 

Ch Res  Num    alpha    beta     gamma    delta  epsilon    zeta     chi
C   G 1601  -9999.99   176.53    61.29    83.71  -156.77   -71.30  -172.16
C   G 1602    -67.84  -178.74    55.71    82.36  -160.24   -45.31  -165.94
C   G 1603   -153.23   141.84   144.78    80.71  -114.41   -88.33   177.55
C   C 1604    -51.96   144.36    63.32    76.31  -139.11   -82.91  -170.77
C   U 1605    -41.63   169.02    39.42    78.83  -146.13   -81.67  -168.44
C   C 1606    -47.77   161.21    52.10    81.19  -169.53   -74.24  -164.03
C   G 1607   -174.77  -171.17   165.97   147.71   -84.18   -34.82  -151.30
C   U 1608    -77.73  -148.30    49.08    78.33  -140.87  -154.30  -159.36
C   A 1609     53.06   150.52   -27.62   151.37   -98.69   -89.12   -63.04
C   G 1610    172.39   176.86    62.64    86.54  -139.14   -79.37  -178.94
C   C 1611    -49.63   168.97    43.70    82.44  -147.04   -71.03  -162.07
C   U 1612    -60.76   175.43    43.21    77.41  -143.75   -29.69  -162.61
C   C 1613   -143.71   121.11   156.45    79.96  -155.74   -72.87  -172.63
C   A 1614    -54.33   177.69    55.67    75.81  -152.47   -70.64  -164.37
C   G 1615    136.67  -149.82  -165.64    96.64   -76.16   -67.57  -168.44
C   C 1616    -58.57   171.80    58.76   144.68  -143.10   135.79  -108.71
C   G 1618    -72.46   116.97   176.97   150.59  -146.36  -102.88  -122.06
C   G 1619    173.85   163.73   171.48   152.99  -108.57    29.16  -105.43
C   G 1620    167.92    26.64  -170.84   145.04  -122.44   -54.98  -109.90
C   A 1621    122.73  -144.01   -74.05    97.86   164.28   -84.85  -128.79
C   G 1622   -154.13  -174.21   123.55    76.08  -154.73   -85.98  -168.23
C   A 1623    -71.16   173.53    63.85    81.41  -146.62   -79.65  -165.57
C   G 1624    -66.74   172.99    52.39    84.32  -137.61   -74.63  -166.15
C   C 1625    -58.76   166.01    46.62    77.42  -148.77   -66.28  -159.77
C   G 1626    -63.43   173.34    55.17    77.41  -137.29   -70.31  -175.70
C   C 1627    -57.45   179.43    50.11    80.96  -145.84   -71.77  -164.80
C   C 1628    -69.47  -177.77    48.88    81.53  -150.45   -71.51  -165.18
C   G 1629    -68.77   176.88    59.69    79.86  -155.57   -71.88  -155.32
C   C 1630    -63.75   166.24    55.93    77.69  -147.42   -83.77  -155.87
C   C 1631    -47.70   161.67    47.77    78.71  -140.15   -83.82  -162.51
C   U 1632    -48.35   158.60    52.23    76.92  -137.49   -68.52  -169.39
C   U 1633    -56.48   154.87    78.73    75.40  -119.73   -90.58  -156.62
C   U 1634     63.76  -161.18   -75.98   146.15   -44.27    99.63  -122.24
C   G 1635     69.06   177.37    65.92   144.45   -72.41  -141.70    26.80
C   C 1636    152.06  -172.99  -178.85   150.83    35.03   -58.34  -145.14
C   G 1637   -113.17  -137.23    88.43    90.85  -170.94   -31.79  -122.47
C   A 1638   -113.47   138.09   138.44    79.69  -153.63   -72.30  -159.20
C   G 1639    -71.39   167.28    55.14    77.80  -145.38   -80.81  -168.32
C   G 1640    -60.34   173.90    50.20    81.91  -141.55   -78.96  -171.04
C   C 1641    -58.44   166.29    52.77    79.79  -157.66   -37.79  -166.16
C   G 1642   -156.29   139.41   151.49    82.14  -133.61   -79.95  -177.71
C   G 1643    -53.07   166.18    47.44    81.08  -142.42   -97.11  -171.39
C   A 1644    -41.86   149.67    53.36    82.57  -132.91   -69.69  -169.79
C   G 1645    -52.31   162.20    53.17    83.41  -116.18   -75.02  -149.36
C   G 1646    -43.48  -138.13    23.11   142.92  -112.02  -116.43   -59.14
C   C 1647    -43.04   144.11   168.51    84.01   174.06   130.20   179.12
C   C 1648    -37.00  -165.15    59.09   143.09  -133.50   106.01  -122.43
C   G 1649    -71.50  -123.85    96.19    79.37  -147.12   -70.21  -179.97
C   C 1650    -79.64  -175.57    57.51    78.20  -156.95   -64.83  -169.38
C   G 1651    -72.06  -174.61    53.38    77.60  -141.33   -64.94  -165.72
C   G 1652    -95.56   154.99   100.50    76.71  -138.07   -98.32  -176.74
C   G 1653    -23.98   150.15    32.56    79.77  -148.54   -67.66  -169.96
C   U 1654    -64.06   175.45    61.08    77.75  -115.45   -83.13  -159.88
C   U 1655    -57.02   154.75    55.98    76.99  -135.10   -82.51  -150.80
C   C 1656    147.36  -175.54    70.76    83.18  -131.68   -71.62  -163.71
C   A 1657    -55.91   164.90    51.03    79.50  -139.13   -78.63  -165.69
C   A 1658    -60.15  -144.49    66.41   149.89   -81.24   175.90   -79.47
C   A 1659     58.97  -156.00    81.07    81.35  -120.86   -96.42   179.65
C   U 1660    -16.33   138.57    45.80   139.80   -94.27   -64.25  -131.35
C   C 1661    -79.54   179.69    30.72    79.20  -156.13   -70.81  -166.29
C   C 1662    -68.58   178.87    55.84    82.26  -140.10   -79.30  -163.43
C   C 1663    -64.07   169.55    53.27    76.90  -154.04   -65.91  -163.17
C   G 1664    -75.49   176.75    58.90    74.78  -153.37   -69.03  -171.29
C   C 1665    -66.90   171.20    67.43    80.45  -143.11   -71.30  -169.08
C   C 1666    -61.92   171.41    50.70    77.16  -139.80   -75.12  -166.34
C   G 1667    -52.38   162.16    53.95    76.04  -145.17   -80.69  -168.73
C   A 1668    -51.16   161.11    53.12    77.77  -161.78   -71.22  -165.39
C   G 1669    149.14  -162.99  -171.38    81.48  -120.20   -83.93   175.67
C   U 1670    -47.82   158.17    44.93    74.80  -155.28   -89.74  -163.77
C   C 1671    -60.39   156.12    64.28    80.77  -150.41   -74.73  -158.53
C   C 1672    -60.43   160.77    60.25    80.95  -155.04   -59.17  -169.51
C   A 1673    -67.43  -172.94    48.59    76.80  -108.25   -75.75  -156.59
C   C 1674    -38.77   -56.18  -146.21   150.78  -116.46    67.04  -111.77
C   C 1675    150.04    78.34   149.32   152.57  -164.50   113.83  -169.34
C   A 1676   -124.45   -81.99   -83.94   154.85 -9999.99 -9999.99  -171.27
