PDB data file name: tRNA_dataset/3wqy_chain_C.pdb_new
-----------------------------------------------------------
CRITERIA USED TO GENERATE BASE-PAIR: 
  3.40 --> upper H-bond length limits (ON..ON).
 26.00 --> max. distance between paired base origins.
  2.50 --> max. vertical distance between paired base origins.
 65.00 --> max. angle between paired bases [0-90].
  5.40 --> min. distance between RN9/YN1 atoms.
  8.00 --> max. distance criterion for helix break[0-12]
-----------------------------------------------------------
BASE-PAIR INSTRUCTIONS: 
Column 1 is rnaview assigned base numbers n1_n2, start from 1.
Column 2 & 3 are chain ID & residue number in input PDB file.
Column 4 is for base pair. The left & right are the bases as 
         identified by column 2 & 3 and 5 & 6.
Column 5 & 6 are residue number & chain ID in input PDB file.
Column 7 is for base pair annotation. The standard Watson-Crick
         (W.C.) pairs are annotated as -/- (AU,AT) or +/+ (GC).
         Other pairs are annotated as Leontis_Westhof Classification.
         The three edges: W(Watson-Crick); H(Hoogsteen); S(suger).
         e.g. W/H means the pair is edge of Watson-Crick & Hoogsteen.
Column 8 is glycosidic bond orientation (either cis or trans).
         e.g. 'W/H cis' means the pair is interaction on Watson-Crick
         and Hoogsteen side, glycosidic bond orientation is 'cis'.
Column 9 corresponds to Saenger Classification.

Other columns: 
        Syn sugar-base conformations are annotated as (syn).
        Stacked base pairs are annotated as (stack).
        Non-identified edges are annotated as (.) or (?)
        Tertiary interactions are marked by (!) in the line.
Reference:
Yang et al (2003) Nucleic Acids Research, Vol31,No13,p3450-3461.
-----------------------------------------------------------
BEGIN_base-pair
     4_68, C:  1604 C-G  1669 C: +/+ cis         XIX
     6_66, C:  1606 C-G  1667 C: +/+ cis         XIX
    11_23, C:  1611 C-G  1624 C: +/+ cis         XIX
    13_21, C:  1613 C-G  1622 C: +/+ cis         XIX
    26_42, C:  1627 C-G  1643 C: +/+ cis         XIX
    27_41, C:  1628 C-G  1642 C: +/+ cis         XIX
    29_39, C:  1630 C-G  1640 C: +/+ cis         XIX
    30_38, C:  1631 C-G  1639 C: +/+ cis         XIX
    49_63, C:  1650 C-G  1664 C: +/+ cis         XIX
     1_71, C:  1601 G-C  1672 C: +/+ cis         XIX
     2_70, C:  1602 G-C  1671 C: +/+ cis         XIX
     7_65, C:  1607 G-C  1666 C: +/+ cis         XIX
    10_24, C:  1610 G-C  1625 C: +/+ cis         XIX
    18_55, C:  1619 G-C  1656 C: +/+ cis         XIX
    28_40, C:  1629 G-C  1641 C: +/+ cis         XIX
    48_64, C:  1649 G-C  1665 C: +/+ cis         XIX
    50_62, C:  1651 G-C  1663 C: +/+ cis         XIX
    51_61, C:  1652 G-C  1662 C: +/+ cis         XIX
    52_60, C:  1653 G-C  1661 C: +/+ cis         XIX
     5_67, C:  1605 U-A  1668 C: -/- cis         XX
    12_22, C:  1612 U-A  1623 C: -/- cis         XX
    31_37, C:  1632 U-A  1638 C: -/- cis         XX
    25_43, C:  1626 G-A  1644 C: W/W cis         VIII
     3_69, C:  1603 G-U  1670 C: W/W cis         XXVIII
    15_47, C:  1615 G-C  1648 C: W/W tran        XXII
     8_14, C:  1608 U-A  1614 C: W/H tran        XXIV
    53_57, C:  1654 U-A  1658 C: W/H tran     syn  XXIV
    17_54, C:  1618 G-U  1655 C: W/S tran        n/a
    21_45, C:  1622 G-G  1646 C: H/W tran     syn  VII
     9_22, C:  1609 A-A  1623 C: H/H tran   syn    II
END_base-pair

Summary of triplets and higher multiplets
BEGIN_multiplets
9_12_22_| [1 3]  C: 1609 A  +  C: 1612 U  +  C: 1623 A
13_21_45_| [2 3]  C: 1613 C  +  C: 1622 G  +  C: 1646 G
END_multiplets

  The total base pairs =  30 (from   75 bases)
------------------------------------------------
 Standard  WW--cis  WW-tran  HH--cis  HH-tran  SS--cis  SS-tran
       22        2        1        0        1        0        0
  WH--cis  WH-tran  WS--cis  WS-tran  HS--cis  HS-tran
        0        3        0        1        0        0
------------------------------------------------
