PDB data file name: ./Datasets/pdb_select_tRNA/6b4v_M(MC).pdb_new
uncommon residue 4SU    8  on chain M [#8] assigned to: u
uncommon residue 5MC   32  on chain M [#33] assigned to: c
uncommon residue 5MU   54  on chain M [#55] assigned to: u
uncommon residue PSU   55  on chain M [#56] assigned to: P
-----------------------------------------------------------
CRITERIA USED TO GENERATE BASE-PAIR: 
  3.40 --> upper H-bond length limits (ON..ON).
 26.00 --> max. distance between paired base origins.
  2.50 --> max. vertical distance between paired base origins.
 65.00 --> max. angle between paired bases [0-90].
  5.40 --> min. distance between RN9/YN1 atoms.
  8.00 --> max. distance criterion for helix break[0-12]
-----------------------------------------------------------
BASE-PAIR INSTRUCTIONS: 
Column 1 is rnaview assigned base numbers n1_n2, start from 1.
Column 2 & 3 are chain ID & residue number in input PDB file.
Column 4 is for base pair. The left & right are the bases as 
         identified by column 2 & 3 and 5 & 6.
Column 5 & 6 are residue number & chain ID in input PDB file.
Column 7 is for base pair annotation. The standard Watson-Crick
         (W.C.) pairs are annotated as -/- (AU,AT) or +/+ (GC).
         Other pairs are annotated as Leontis_Westhof Classification.
         The three edges: W(Watson-Crick); H(Hoogsteen); S(suger).
         e.g. W/H means the pair is edge of Watson-Crick & Hoogsteen.
Column 8 is glycosidic bond orientation (either cis or trans).
         e.g. 'W/H cis' means the pair is interaction on Watson-Crick
         and Hoogsteen side, glycosidic bond orientation is 'cis'.
Column 9 corresponds to Saenger Classification.

Other columns: 
        Syn sugar-base conformations are annotated as (syn).
        Stacked base pairs are annotated as (stack).
        Non-identified edges are annotated as (.) or (?)
        Tertiary interactions are marked by (!) in the line.
Reference:
Yang et al (2003) Nucleic Acids Research, Vol31,No13,p3450-3461.
-----------------------------------------------------------
BEGIN_base-pair
     2_72, M:     2 G-C    71 M: W/S cis         n/a
     3_71, M:     3 C-G    70 M: +/+ cis         XIX
     4_70, M:     4 G-C    69 M: +/+ cis         XIX
     5_69, M:     5 G-C    68 M: +/+ cis         XIX
     6_68, M:     6 G-C    67 M: +/+ cis         XIX
     7_67, M:     7 G-C    66 M: +/+ cis         XIX
     8_13, M:     8 u-C    13 M:      stacked
    10_26, M:    10 G-C    25 M: +/+ cis         XIX
    11_25, M:    11 A-U    24 M: -/- cis         XX
    11_26, M:    11 A-C    25 M:      stacked
    12_24, M:    12 G-C    23 M: +/+ cis         XIX
    13_23, M:    13 C-G    22 M: +/+ cis         XIX
    15_49, M:    15 G-C    48 M: W/W tran        XXII
    19_58, M:    18 G-A    57 M: S/W cis         n/a
    20_57, M:    19 G-C    56 M: W/W cis         n/a
    27_45, M:    26 G-A    44 M: W/W cis         VIII
    28_29, M:    27 U-C    28 M:      stacked
    28_44, M:    27 U-A    43 M: -/- cis         XX
    29_43, M:    28 C-G    42 M: +/+ cis         XIX
    29_44, M:    28 C-A    43 M:      stacked
    30_42, M:    29 G-C    41 M: +/+ cis         XIX
    31_32, M:    30 G-G    31 M:      stacked
    31_41, M:    30 G-C    40 M: +/+ cis         XIX
    32_40, M:    31 G-C    39 M: +/+ cis         XIX
    32_41, M:    31 G-C    40 M:      stacked
    50_51, M:    49 G-U    50 M:      stacked
    50_66, M:    49 G-C    65 M: W/W cis         n/a
    51_52, M:    50 U-C    51 M:      stacked
    51_65, M:    50 U-G    64 M: W/W cis         XXVIII
    52_64, M:    51 C-G    63 M: +/+ cis         XIX
    52_65, M:    51 C-G    64 M:      stacked
    53_63, M:    52 G-C    62 M: +/+ cis         XIX
    54_55, M:    53 G-u    54 M:      stacked
    54_62, M:    53 G-C    61 M: W/W cis         n/a
    55_59, M:    54 u-A    58 M: W/H tran        XXIV
    57_58, M:    56 C-A    57 M:      stacked
    59_62, M:    58 A-C    61 M:      stacked
    60_61, M:    59 A-U    60 M:      stacked
    69_70, M:    68 C-C    69 M:      stacked
    70_71, M:    69 C-G    70 M:      stacked
     1_73, M:     1 C-A    72 M: H/. cis         !1H(b_b).
     3_72, M:     3 C-C    71 M: W/S cis         !1H(b_b)
     8_14, M:     8 u-A    14 M: W/H tran        !1H(b_b)
    10_46, M:    10 G-G    45 M: H/W cis         !1H(b_b)
    33_39, M:    32 c-A    38 M: S/W tran        !1H(b_b)
     8_22, M:     8 u-A    21 M: S/W tran        !(b_s)
    13_14, M:    13 C-A    14 M: S/H cis         !(s_s)
    17_61, M:    17 C-U    60 M: ?/S cis         !(s_s)
    22_23, M:    21 A-G    22 M: S/H cis         !(s_s)
    34_36, M:    33 U-A    35 M: S/S tran        !(s_s)
    34_37, M:    33 U-U    36 M: W/H tran        !(s_s)
    47_48, M:    46 G-U    47 M: S/? cis         !(s_s)
    75_76, M:    74 C-C    75 M: S/S cis         !(s_s)
END_base-pair
  The total base pairs =  25 (from   77 bases)
------------------------------------------------
 Standard  WW--cis  WW-tran  HH--cis  HH-tran  SS--cis  SS-tran
       16        5        1        0        0        0        0
  WH--cis  WH-tran  WS--cis  WS-tran  HS--cis  HS-tran
        0        1        2        0        0        0
------------------------------------------------
