PDB data file name: tRNA_dataset/3wc2_chain_Q.pdb_new
-----------------------------------------------------------
CRITERIA USED TO GENERATE BASE-PAIR: 
  3.40 --> upper H-bond length limits (ON..ON).
 26.00 --> max. distance between paired base origins.
  2.50 --> max. vertical distance between paired base origins.
 65.00 --> max. angle between paired bases [0-90].
  5.40 --> min. distance between RN9/YN1 atoms.
  8.00 --> max. distance criterion for helix break[0-12]
-----------------------------------------------------------
BASE-PAIR INSTRUCTIONS: 
Column 1 is rnaview assigned base numbers n1_n2, start from 1.
Column 2 & 3 are chain ID & residue number in input PDB file.
Column 4 is for base pair. The left & right are the bases as 
         identified by column 2 & 3 and 5 & 6.
Column 5 & 6 are residue number & chain ID in input PDB file.
Column 7 is for base pair annotation. The standard Watson-Crick
         (W.C.) pairs are annotated as -/- (AU,AT) or +/+ (GC).
         Other pairs are annotated as Leontis_Westhof Classification.
         The three edges: W(Watson-Crick); H(Hoogsteen); S(suger).
         e.g. W/H means the pair is edge of Watson-Crick & Hoogsteen.
Column 8 is glycosidic bond orientation (either cis or trans).
         e.g. 'W/H cis' means the pair is interaction on Watson-Crick
         and Hoogsteen side, glycosidic bond orientation is 'cis'.
Column 9 corresponds to Saenger Classification.

Other columns: 
        Syn sugar-base conformations are annotated as (syn).
        Stacked base pairs are annotated as (stack).
        Non-identified edges are annotated as (.) or (?)
        Tertiary interactions are marked by (!) in the line.
Reference:
Yang et al (2003) Nucleic Acids Research, Vol31,No13,p3450-3461.
-----------------------------------------------------------
BEGIN_base-pair
     1_72, Q:     1 G-C    72 Q: W/W cis         n/a
     2_71, Q:     2 C-G    71 Q: W/W cis         n/a
     2_72, Q:     2 C-C    72 Q: W/W cis         n/a
     3_70, Q:     3 G-C    70 Q: +/+ cis         XIX
     4_69, Q:     4 G-U    69 Q: W/W cis         XXVIII
     5_68, Q:     5 A-U    68 Q: -/- cis         XX
     6_67, Q:     6 U-A    67 Q: -/- cis         XX
     7_66, Q:     7 U-A    66 Q: -/- cis         XX
     8_21, Q:     8 U-A    21 Q: S/W tran        n/a
    10_25, Q:    10 G-C    25 Q: W/W cis         n/a
    11_24, Q:    11 C-G    24 Q: +/+ cis         XIX
    12_23, Q:    12 U-A    23 Q: -/- cis         XX
    13_22, Q:    13 C-G    22 Q: +/+ cis         XIX
    15_48, Q:    15 G-C    48 Q: W/W tran        XXII
    16_59, Q:    16 U-U    59 Q: W/W tran        XII,XIII
    19_56, Q:    19 G-C    56 Q: W/W cis         n/a
    22_46, Q:    22 G-G    46 Q: H/W tran        VII
    24_25, Q:    24 G-C    25 Q:      stacked
    26_44, Q:    26 G-A    44 Q: W/W cis         VIII
    27_28, Q:    27 C-C    28 Q:      stacked
    28_42, Q:    28 C-G    42 Q: +/+ cis         XIX
    29_41, Q:    29 A-U    41 Q: -/- cis         XX
    30_31, Q:    30 G-A    31 Q:      stacked
    30_40, Q:    30 G-C    40 Q: +/+ cis         XIX
    32_33, Q:    32 C-U    33 Q:      stacked
    34_35, Q:    34 G-U    35 Q: S/H cis      syn  n/a
    41_42, Q:    41 U-G    42 Q:      stacked
    49_65, Q:    49 C-G    65 Q: +/+ cis         XIX
    50_64, Q:    50 U-A    64 Q: -/- cis         XX
    51_63, Q:    51 G-C    63 Q: W/W cis         n/a
    52_62, Q:    52 U-A    62 Q: -/- cis         XX
    53_61, Q:    53 G-C    61 Q: +/+ cis         XIX
    15_59, Q:    15 G-U    59 Q: S/S tran        !1H(b_b)
    18_55, Q:    18 G-U    55 Q: W/S tran        !1H(b_b).
    33_38, Q:    33 U-A    38 Q: S/W cis         !1H(b_b)
     7_49, Q:     7 U-C    49 Q: S/H cis         !(b_s)
    10_45, Q:    10 G-G    45 Q: H/S cis         !(b_s)
    48_59, Q:    48 C-U    59 Q: S/s cis         !(b_s)
    55_57, Q:    55 U-G    57 Q: S/S tran        !(b_s)
     9_10, Q:     9 A-G    10 Q: S/H cis         !(s_s)
    17_19, Q:    17 U-G    19 Q: W/H tran        !(s_s)
    20_59, Q:    20 G-U    59 Q: ?/H cis         !(s_s)
    48_49, Q:    48 C-C    49 Q: S/S cis         !(s_s)
END_base-pair

Summary of triplets and higher multiplets
BEGIN_multiplets
13_22_46_| [1 3]  Q: 13 C  +  Q: 22 G  +  Q: 46 G
END_multiplets

  The total base pairs =  27 (from   73 bases)
------------------------------------------------
 Standard  WW--cis  WW-tran  HH--cis  HH-tran  SS--cis  SS-tran
       14        8        2        0        0        0        0
  WH--cis  WH-tran  WS--cis  WS-tran  HS--cis  HS-tran
        0        1        0        1        1        0
------------------------------------------------
