PDB data file name: tRNA_dataset/1qtq_chain_B.pdb_new
-----------------------------------------------------------
CRITERIA USED TO GENERATE BASE-PAIR: 
  3.40 --> upper H-bond length limits (ON..ON).
 26.00 --> max. distance between paired base origins.
  2.50 --> max. vertical distance between paired base origins.
 65.00 --> max. angle between paired bases [0-90].
  5.40 --> min. distance between RN9/YN1 atoms.
  8.00 --> max. distance criterion for helix break[0-12]
-----------------------------------------------------------
BASE-PAIR INSTRUCTIONS: 
Column 1 is rnaview assigned base numbers n1_n2, start from 1.
Column 2 & 3 are chain ID & residue number in input PDB file.
Column 4 is for base pair. The left & right are the bases as 
         identified by column 2 & 3 and 5 & 6.
Column 5 & 6 are residue number & chain ID in input PDB file.
Column 7 is for base pair annotation. The standard Watson-Crick
         (W.C.) pairs are annotated as -/- (AU,AT) or +/+ (GC).
         Other pairs are annotated as Leontis_Westhof Classification.
         The three edges: W(Watson-Crick); H(Hoogsteen); S(suger).
         e.g. W/H means the pair is edge of Watson-Crick & Hoogsteen.
Column 8 is glycosidic bond orientation (either cis or trans).
         e.g. 'W/H cis' means the pair is interaction on Watson-Crick
         and Hoogsteen side, glycosidic bond orientation is 'cis'.
Column 9 corresponds to Saenger Classification.

Other columns: 
        Syn sugar-base conformations are annotated as (syn).
        Stacked base pairs are annotated as (stack).
        Non-identified edges are annotated as (.) or (?)
        Tertiary interactions are marked by (!) in the line.
Reference:
Yang et al (2003) Nucleic Acids Research, Vol31,No13,p3450-3461.
-----------------------------------------------------------
BEGIN_base-pair
     6_64, B:   907 A-U   966 B: -/- cis         XX
    29_37, B:   931 A-U   939 B: -/- cis         XX
    49_61, B:   951 A-U   963 B: -/- cis         XX
    10_22, B:   911 C-G   924 B: +/+ cis         XIX
    11_21, B:   912 C-G   923 B: +/+ cis         XIX
    25_41, B:   927 C-G   943 B: +/+ cis         XIX
    26_40, B:   928 C-G   942 B: +/+ cis         XIX
    47_63, B:   949 C-G   965 B: +/+ cis         XIX
     1_69, B:   902 G-C   971 B: +/+ cis         XIX
     2_68, B:   903 G-C   970 B: +/+ cis         XIX
     3_67, B:   904 G-C   969 B: +/+ cis         XIX
     4_66, B:   905 G-C   968 B: +/+ cis         XIX
     9_23, B:   910 G-C   925 B: +/+ cis         XIX
    17_54, B:   919 G-C   956 B: +/+ cis         XIX
    27_39, B:   929 G-C   941 B: +/+ cis         XIX
    48_62, B:   950 G-C   964 B: +/+ cis         XIX
    50_60, B:   952 G-C   962 B: +/+ cis         XIX
    51_59, B:   953 G-C   961 B: +/+ cis         XIX
     5_65, B:   906 U-A   967 B: -/- cis         XX
    24_42, B:   926 A-C   944 B: W/W cis         n/a
    28_38, B:   930 G-C   940 B: W/W cis         n/a
    14_46, B:   915 G-C   948 B: W/W tran        XXII
     7_13, B:   908 U-A   914 B: W/H tran        XXIV
    52_56, B:   954 U-A   958 B: W/H tran     syn  XXIV
    13_19, B:   914 A-A   921 B: W/S cis         n/a
    16_53, B:   918 G-U   955 B: W/S tran        n/a
     8_21, B:   909 C-G   923 B: H/H tran   syn    n/a
    17_18, B:   919 G-U   920 B: S/H cis         n/a
    12_20, B:   913 A-A   922 B: S/H tran        n/a
    31_35, B:   933 U-A   937 B: S/H tran        n/a
END_base-pair

Summary of triplets and higher multiplets
BEGIN_multiplets
7_13_19_| [1 3]  B: 908 U  +  B: 914 A  +  B: 921 A
8_11_21_| [2 3]  B: 909 C  +  B: 912 C  +  B: 923 G
17_18_54_| [3 3]  B: 919 G  +  B: 920 U  +  B: 956 C
END_multiplets

  The total base pairs =  30 (from   74 bases)
------------------------------------------------
 Standard  WW--cis  WW-tran  HH--cis  HH-tran  SS--cis  SS-tran
       19        2        1        0        1        0        0
  WH--cis  WH-tran  WS--cis  WS-tran  HS--cis  HS-tran
        0        2        1        1        1        2
------------------------------------------------
