The backbone torsional angle for nucleic acid 

 
Note: alpha:   O3'(i-1)-P-O5'-C5'
      beta:    P-O5'-C5'-C4'
      gamma:   O5'-C5'-C4'-C3'
      delta:   C5'-C4'-C3'-O3'
      epsilon: C4'-C3'-O3'-P(i+1)
      zeta:    C3'-O3'-P(i+1)-O5'(i+1)

      chi for pyrimidines(Y): O4'-C1'-N1-C2
          chi for purines(R): O4'-C1'-N9-C4

    (The number -9999.99 means that the angle can not be calculated) 

Ch Res  Num    alpha    beta     gamma    delta  epsilon    zeta     chi
I   C    1  -9999.99 -9999.99   176.83    79.39  -148.51   -66.98  -161.08
I   G    2    -64.17  -172.16    46.90    76.77  -124.22  -125.39  -179.21
I   C    3    146.39  -116.18   160.80    76.84  -126.35   -97.18  -163.53
I   G    4    -30.48   156.28    34.19    81.00  -132.07   -88.89  -166.28
I   G    5    -67.38   155.16    62.39    78.63  -151.43   -68.59  -170.33
I   G    6    -68.11   169.40    72.22    79.14  -150.27   -72.76  -177.05
I   G    7    -57.02  -174.28    58.51   141.60  -113.37   -48.50  -120.17
I 4SU    8    -87.98  -136.98    49.14    79.76  -152.29  -136.27   153.54
I   G    9     81.05   169.13   -71.10   140.06   -82.42   -83.76   -74.79
I   G   10   -157.88   166.12    60.58    86.52  -132.72   -88.69  -175.87
I   A   11    -44.90   169.70    26.36    75.08  -134.99  -105.24  -165.88
I   G   12     -5.10   136.18    36.52    79.24  -166.05   -59.83  -153.48
I   C   13    124.61   175.88  -153.49    87.31  -167.87   -71.96  -169.77
I   A   14    157.71  -162.88  -177.80    79.27  -127.15   -46.72   174.88
I   G   15    -64.25   175.25    57.60    74.81  -118.67   -67.98  -154.56
I   C   16    -88.09  -153.19    64.83   146.51   -84.77   -88.34  -128.34
I   C   17    -63.99   146.05    61.22    84.78   -81.60   -49.30  -107.12
I   U   17   -168.89  -163.09    52.79   144.11   -87.88   -81.71  -168.69
I   G   18    -41.42  -140.13   101.96   152.44  -168.41   -79.57  -125.86
I   G   19    -99.18  -118.51    47.00   146.35   -98.87   -58.80   -62.78
I   U   20    -65.42   173.32    37.71    81.70   -77.13  -121.14   -83.35
I   A   21    -63.12   128.34   135.49    83.33  -148.85  -121.37  -155.55
I   G   22    -87.97   138.65    87.59    79.62  -150.57   -70.59  -178.55
I   C   23    -80.83  -158.89    48.39    78.77  -151.18   -76.48  -158.21
I   U   24    -51.55   164.30    53.94    80.33  -136.82   -63.56  -173.73
I   C   25    -97.85   150.05    98.70    79.65  -109.26   -88.60  -168.60
I   G   26    -51.10   130.58    70.46    76.10  -132.18   -83.31  -174.45
I   U   27    -44.19   166.25    36.77    79.89  -127.42  -103.01  -168.42
I   C   28    -49.23   146.56    50.12    75.33  -150.49   -65.11  -171.27
I   G   29    -74.29  -153.94    44.33    83.88  -151.34   -65.57  -164.77
I   G   30    -69.22   162.95    72.25    73.00  -138.02   -65.80   179.66
I   G   31   -109.55   154.21   111.80    78.57   -97.63   -99.84   175.18
I 5MC   32    -51.83   138.03    70.96    80.20  -122.20   -57.61  -175.31
I   U   33    -56.45   175.77    35.87    77.62  -138.63   -74.90  -156.84
I   C   34    150.04   175.76    60.47    86.31  -121.62   -79.59  -162.73
I   A   35    -61.63   150.57    64.36    76.43  -141.83   -80.19  -167.58
I   U   36    -64.53   177.17    40.17    79.99  -153.90   -69.03  -161.29
I   A   37    -80.12   172.94    73.23    80.68  -139.95   -59.05  -165.99
I   A   38    -67.29   173.69    58.91    81.19  -118.02   -87.11  -171.08
I   C   39    -32.57   145.23    41.05    79.70  -149.55   -76.21  -148.57
I   C   40    -60.26   174.43    51.41    76.06  -147.66   -63.71   175.98
I   C   41    -65.62  -163.43    51.31    81.04  -158.70   -70.64  -173.03
I   G   42    121.14  -165.33  -149.18    79.54  -167.04   -80.21  -166.06
I   A   43    171.39  -126.66   149.72    77.76  -144.71   -85.32  -167.79
I   A   44    -48.43   156.62    51.14    80.09  -120.79   -87.60  -159.73
I   G   45    -50.88   148.47    60.24    79.68  -122.17  -103.83  -149.03
I   G   46    -92.03  -178.89    97.33    85.21  -133.42   -99.85  -113.99
I   U   47     82.08   122.70    44.16    78.12  -136.01   124.31  -133.15
I   C   48    -37.79   156.40   -19.83   142.29  -152.89    81.03  -125.50
I   G   49     52.34   145.13    60.10    83.53  -122.27   -85.23   179.25
I   U   50    -36.75   142.78    46.93    77.72  -144.68  -114.05  -158.93
I   C   51    130.08  -112.31  -176.78    77.38  -121.33   -45.51  -161.62
I   G   52   -132.03   100.01   146.66    80.14  -125.51   -67.83  -169.84
I   G   53    -46.58   154.01    56.51    82.95  -158.37   -83.86  -145.26
I 5MU   54    -58.22  -179.53    38.86    78.49  -128.66   -81.30  -150.45
I PSU   55    -53.66   156.37    48.52    76.78  -116.67   -96.60 -9999.99
I   C   56     93.85  -161.50   133.17    85.79   -94.54   -87.62  -157.66
I   A   57    -69.65   136.96    64.85    80.13  -137.02  -102.61  -159.64
I   A   58    -35.51   154.56    81.05   146.60  -101.61  -123.33  -119.32
I   A   59     39.88  -173.37   128.15    82.82  -120.07   -42.63  -177.73
I   U   60    -66.38  -176.42    55.50   138.57  -108.74   -67.45  -111.05
I   C   61    -81.11  -176.18    32.51    80.72  -137.30   -87.37  -160.51
I   C   62    -52.94   154.24    57.11    84.59  -124.62   -92.70  -122.45
I   G   63    -82.22   155.05    69.47    83.25  -149.95   -95.16  -164.31
I   G   64    -48.99   164.26    41.39    77.10  -144.88   -74.39  -155.62
I   C   65    -62.35   167.55    57.44    81.45  -150.16   -78.00  -158.38
I   C   66    -62.17   174.05    52.70    76.77  -129.99   -77.72  -145.98
I   C   67    -59.17   161.11    64.08    78.27  -156.60   -75.52  -163.12
I   C   68    -65.17  -169.07    44.28    78.94  -137.38   -77.78  -169.64
I   C   69    -54.53   154.33    61.84    72.99  -150.22   -73.36  -158.14
I   G   70    -60.23  -171.75    42.38    79.46  -147.87   -78.35  -158.09
I   C   71    -83.03   157.99    83.76    79.79  -137.78   -51.30  -169.37
I   A   72   -138.41   149.12   138.07    83.85  -161.93   -58.71  -179.68
I   A   73   -140.82  -118.59    65.75    79.06  -146.88   127.69  -147.68
I   C   74   -124.24   146.85    69.64    84.34  -102.00   -66.46  -152.49
I   C   75     77.17   110.75    -8.95    78.31  -153.49   179.59   171.88
I   A   76   -133.20   136.77    47.03    87.05 -9999.99 -9999.99  -165.71
I   C    1  -9999.99 -9999.99  -173.33    78.20  -138.25   -71.31  -156.32
I   G    2    -69.93   167.40    64.04    77.49  -154.98   -74.66  -176.94
I   C    3   -174.63  -168.00   150.26    82.14  -148.57   -59.18  -175.68
I   G    4    170.23  -171.83   162.50    79.03  -133.17   -46.50   172.09
I   G    5    -79.40  -134.80    40.74   143.19  -167.90  -151.65  -105.59
I   G    6    112.19  -102.99  -151.03    76.68  -159.51   -75.95   -91.26
I   G    7    -58.13  -173.94    24.25   136.66  -111.85    45.17  -109.09
I 4SU    8    176.59    70.01  -168.83    83.64  -113.23  -141.44  -161.54
I   G    9    -28.57   159.44    49.27   144.47   -95.55   -62.59  -103.03
I   G   10     88.22  -174.55   140.26    77.64  -145.56   -59.27   177.73
I   A   11    -94.66  -158.69    62.89    79.99  -152.80   -23.81  -170.34
I   G   12   -163.23   108.15   164.26    81.08  -130.64   -81.10  -179.03
I   C   13    174.50  -141.36   153.02    84.25  -162.32   -89.82  -174.18
I   A   14    -73.16   169.07    67.69    81.56  -176.48    16.31   177.84
I   G   15    171.92   139.99  -179.01    79.85  -147.57    96.39  -147.55
I   C   16    -47.53   -76.94  -119.34   144.67  -110.73   -83.47   -97.17
I   C   17    171.60   179.87  -177.13    78.72  -154.91    85.38  -138.90
I   U   17     33.54  -165.89   140.54   143.28   -91.91  -104.45  -139.50
I   G   18    125.74   149.97    34.80   141.37  -163.76  -117.66   -54.25
I   G   19    146.91  -155.00  -167.28   147.99  -169.08    50.29   -93.14
I   U   20    172.12  -137.37    48.12    79.65  -125.77  -119.57  -155.94
I   A   21     99.30  -175.83    70.45    82.86  -114.95  -153.72   -98.93
I   G   22    140.07   109.22   136.98    79.18  -166.44   -94.54   174.82
I   C   23   -167.95  -148.07   146.12    82.54  -133.60   -90.80  -169.81
I   U   24    174.41  -164.16   143.98    78.61  -127.71   -83.53  -170.10
I   C   25    -45.43   157.70    48.55    81.10  -117.90  -110.28  -166.78
I   G   26     20.64   124.21    12.77    83.42  -138.49   -70.49  -155.37
I   U   27    -65.11   175.06    44.16    79.82  -137.31  -109.16  -172.39
I   C   28    -47.96   141.09    61.10    79.72  -119.43   -87.51  -162.80
I   G   29    -68.63   156.85    62.10    79.77  -146.15   -68.45  -176.56
I   G   30    -67.88   172.40    59.88    79.86  -136.90   -99.65  -173.11
I   G   31    -60.48   167.07    50.02    81.84  -133.54   -68.04  -156.85
I 5MC   32    -59.40   161.90    62.19    74.27  -144.96   -70.52  -151.12
I   U   33    -53.63   171.68    58.62    85.33   -96.60   -75.01  -143.21
I   C   34     69.58  -150.30    99.30    89.65   162.61    44.63  -167.06
I   A   35   -174.71   103.39   141.89    80.25   -98.32  -107.98  -144.70
I   U   36    -63.97   143.22    48.31    76.44  -149.24   -28.30  -163.08
I   A   37    158.42   178.89  -177.61    81.73  -119.84   -91.46  -170.47
I   A   38    -83.48   151.47    67.52    82.55  -135.01   -70.31  -157.51
I   C   39    -47.72   164.76    45.99    75.34  -116.98  -105.88  -152.66
I   C   40    -24.32   133.81    42.39    78.56  -119.00  -118.60  -161.67
I   C   41    -58.63   139.67    56.58    79.96  -134.86   -79.82  -148.24
I   G   42    -93.18   179.39    64.00    82.28  -145.68   -87.47   176.72
I   A   43    -41.63   148.42    69.19    82.65  -121.82  -115.02  -145.98
I   A   44    -61.78   153.07    55.17    88.08  -136.88   -51.53  -158.09
I   G   45    -75.13  -166.02    46.51    80.73  -132.07  -106.52  -136.07
I   G   46    -67.68  -169.38    52.69    80.31  -146.98  -168.71   -85.43
I   U   47     95.79  -133.18    87.59    80.92  -106.70   -83.26  -167.21
I   C   48   -107.82  -141.25   153.13   149.45  -112.78    71.62  -144.39
I   G   49     56.20   168.64    46.96    82.05  -138.57   -85.86  -173.82
I   U   50    -58.28   156.86    71.03    82.01  -150.37   -60.25  -147.05
I   C   51    -76.23   170.90    58.06    76.82  -137.84   -70.67  -157.25
I   G   52    -76.11   168.62    50.44    75.71  -146.85   -64.05  -170.75
I   G   53    -94.40   142.16   126.10    82.49  -153.28   -50.31  -178.08
I 5MU   54    -91.15  -150.62    52.34    80.08  -117.81   -31.83  -145.33
I PSU   55   -132.85    98.55   166.94    82.44  -147.60   -51.94 -9999.99
I   C   56    167.55  -165.41    47.28    79.45  -156.97   -94.30  -162.26
I   A   57    160.74  -170.64   165.40    80.17  -113.58   -42.32   178.69
I   A   58    -99.94   110.04   173.14    79.51  -126.67   -68.42  -174.34
I   A   59   -172.55  -175.22    52.69    78.82  -153.12   -92.34  -110.19
I   U   60    173.47   174.74   159.29   148.62   -96.35   -36.78  -148.68
I   C   61   -122.84  -150.79    54.39    81.27  -162.08  -110.59  -161.21
I   C   62    171.40  -117.09   166.98    78.95  -120.50   -89.19  -158.88
I   G   63    -79.41   176.59    35.46    76.54  -123.66  -101.77   174.01
I   G   64    -15.45   120.74    68.62    82.61  -161.81   -99.78  -132.88
I   C   65    -47.85   145.87    57.83    81.09  -158.10   -54.87  -139.52
I   C   66    177.69  -132.43   132.97    82.28   -90.24  -111.61  -155.50
I   C   67    -48.63   106.41    76.35    86.58  -174.15  -120.46  -135.76
I   C   68    -80.87   158.81    55.60    79.17  -157.86   -74.16  -122.61
I   C   69    -58.16   173.42    42.91    75.05  -136.65   -82.19  -156.84
I   G   70    -40.39   161.91    42.75    74.54  -123.06  -123.35   176.48
I   C   71    -13.27   131.36    37.09    79.48  -147.57   -73.61  -154.90
I   A   72    -58.17   164.78    52.72    79.66  -124.92  -113.52  -177.12
I   A   73    -32.65   133.05    52.19    76.15  -150.39   -82.06  -157.24
I   C   74    -66.55   169.84    61.16    80.90  -139.10   -82.36  -159.94
I   C   75    -51.83   157.07    57.71    83.12  -105.77   159.54  -115.20
I   A   76    -89.72   144.97    38.35    81.04 -9999.99 -9999.99  -175.98
